latexml (LaTeXML version 0.8.8) processing main.tex
(Digesting TeX main...
(Loading /usr/share/perl5/LaTeXML/Package/TeX.pool.ltxml...
(Loading /usr/share/perl5/LaTeXML/Package/eTeX.pool.ltxml... 0.00 sec)
(Loading /usr/share/perl5/LaTeXML/Package/pdfTeX.pool.ltxml... 0.00 sec) 0.09 sec)
(Processing content /home/miri/Documents/university/DataLit/arXiv_src_fetcher/ICLR_2023_first100/-tYCaP0phY_/main.tex...
(Loading /usr/share/perl5/LaTeXML/Package/LaTeX.pool.ltxml...
(Loading /usr/share/perl5/LaTeXML/Package/textcomp.sty.ltxml...
(Processing definitions /usr/share/texlive/texmf-dist/tex/latex/base/ts1enc.dfu... 0.01 sec) 0.19 sec) 0.33 sec)
(Loading /usr/share/perl5/LaTeXML/Package/article.cls.ltxml... 0.01 sec)
(Processing content /home/miri/Documents/university/DataLit/arXiv_src_fetcher/ICLR_2023_first100/-tYCaP0phY_/math_commands.tex...
(Loading /usr/share/perl5/LaTeXML/Package/amsmath.sty.ltxml...
(Loading /usr/share/perl5/LaTeXML/Package/amsbsy.sty.ltxml...
(Loading /usr/share/perl5/LaTeXML/Package/amsgen.sty.ltxml... 0.00 sec) 0.01 sec)
(Loading /usr/share/perl5/LaTeXML/Package/amstext.sty.ltxml... 0.00 sec)
(Loading /usr/share/perl5/LaTeXML/Package/amsopn.sty.ltxml... 0.00 sec) 0.04 sec)
(Loading /usr/share/perl5/LaTeXML/Package/amsfonts.sty.ltxml... 0.00 sec)
(Loading /usr/share/perl5/LaTeXML/Package/bm.sty.ltxml... 0.00 sec) 0.11 sec)
(Loading /usr/share/perl5/LaTeXML/Package/microtype.sty.ltxml... 0.00 sec)
(Loading /usr/share/perl5/LaTeXML/Package/graphicx.sty.ltxml...
(Loading /usr/share/perl5/LaTeXML/Package/graphics.sty.ltxml... 0.00 sec) 0.02 sec)
(Loading /usr/share/perl5/LaTeXML/Package/subfigure.sty.ltxml... 0.01 sec)
(Loading /usr/share/perl5/LaTeXML/Package/booktabs.sty.ltxml... 0.00 sec)
(Loading /usr/share/perl5/LaTeXML/Package/hyperref.sty.ltxml...
(Loading /usr/share/perl5/LaTeXML/Package/ltxcmds.sty.ltxml...
(Processing definitions /usr/share/texlive/texmf-dist/tex/generic/ltxcmds/ltxcmds.sty... 0.05 sec) 0.06 sec)
(Loading /usr/share/perl5/LaTeXML/Package/keyval.sty.ltxml...
(Processing definitions /usr/share/texlive/texmf-dist/tex/latex/graphics/keyval.sty... 0.01 sec) 0.01 sec)
(Loading /usr/share/perl5/LaTeXML/Package/kvsetkeys.sty.ltxml...
(Processing definitions /usr/share/texlive/texmf-dist/tex/latex/kvsetkeys/kvsetkeys.sty... 0.04 sec) 0.04 sec)
(Loading /usr/share/perl5/LaTeXML/Package/kvdefinekeys.sty.ltxml...
(Processing definitions /usr/share/texlive/texmf-dist/tex/generic/kvdefinekeys/kvdefinekeys.sty... 0.02 sec) 0.02 sec)
(Loading /usr/share/perl5/LaTeXML/Package/kvoptions.sty.ltxml...
(Processing definitions /usr/share/texlive/texmf-dist/tex/latex/kvoptions/kvoptions.sty... 0.09 sec) 0.09 sec)
(Loading /usr/share/perl5/LaTeXML/Package/nameref.sty.ltxml...
(Loading /usr/share/perl5/LaTeXML/Package/refcount.sty.ltxml...
(Processing definitions /usr/share/texlive/texmf-dist/tex/latex/refcount/refcount.sty...
(Loading /usr/share/perl5/LaTeXML/Package/infwarerr.sty.ltxml...
(Processing definitions /usr/share/texlive/texmf-dist/tex/generic/infwarerr/infwarerr.sty... 0.03 sec) 0.03 sec) 0.07 sec) 0.07 sec)
(Loading /usr/share/perl5/LaTeXML/Package/gettitlestring.sty.ltxml...
(Processing definitions /usr/share/texlive/texmf-dist/tex/generic/gettitlestring/gettitlestring.sty... 0.08 sec) 0.08 sec) 0.16 sec)
(Loading /usr/share/perl5/LaTeXML/Package/url.sty.ltxml... 0.00 sec)
(Loading /usr/share/perl5/LaTeXML/Package/bitset.sty.ltxml...
(Processing definitions /usr/share/texlive/texmf-dist/tex/generic/bitset/bitset.sty...
(Loading /usr/share/perl5/LaTeXML/Package/intcalc.sty.ltxml...
(Processing definitions /usr/share/texlive/texmf-dist/tex/generic/intcalc/intcalc.sty... 0.03 sec) 0.03 sec)
(Loading /usr/share/perl5/LaTeXML/Package/bigintcalc.sty.ltxml...
(Processing definitions /usr/share/texlive/texmf-dist/tex/generic/bigintcalc/bigintcalc.sty...
(Loading /usr/share/perl5/LaTeXML/Package/pdftexcmds.sty.ltxml...
(Loading /usr/share/perl5/LaTeXML/Package/iftex.sty.ltxml... 0.00 sec) 0.01 sec) 0.11 sec) 0.11 sec) 0.25 sec) 0.25 sec) 0.67 sec)
Info:fallback:icml2023.sty Interpreted 2023 as a versioned package/class name, falling back to generic icml.sty
	at main.tex; line 28 col 0 - line 28 col 1
(Loading /usr/share/perl5/LaTeXML/Package/icml.sty.ltxml...
(Loading /usr/share/perl5/LaTeXML/Package/icml_support.sty.ltxml...
(Loading /usr/share/perl5/LaTeXML/Package/times.sty.ltxml... 0.00 sec)
(Loading /usr/share/perl5/LaTeXML/Package/fancyhdr.sty.ltxml... 0.00 sec)
(Loading /usr/share/perl5/LaTeXML/Package/color.sty.ltxml... 0.01 sec)
(Loading /usr/share/perl5/LaTeXML/Package/algorithm.sty.ltxml...
(Processing definitions /home/miri/Documents/university/DataLit/arXiv_src_fetcher/ICLR_2023_first100/-tYCaP0phY_/algorithm.sty...
Document Style `algorithm' - floating environment
(Loading /usr/share/perl5/LaTeXML/Package/float.sty.ltxml... 0.00 sec)
(Loading /usr/share/perl5/LaTeXML/Package/ifthen.sty.ltxml...
(Processing definitions /usr/share/texlive/texmf-dist/tex/latex/base/ifthen.sty... 0.01 sec) 0.01 sec) 0.03 sec) 0.04 sec)
(Loading /usr/share/perl5/LaTeXML/Package/algorithmic.sty.ltxml...
(Processing definitions /home/miri/Documents/university/DataLit/arXiv_src_fetcher/ICLR_2023_first100/-tYCaP0phY_/algorithmic.sty...
Document Style `algorithmic' - environment
(Loading /usr/share/perl5/LaTeXML/Package/calc.sty.ltxml... 0.00 sec) 0.03 sec) 0.03 sec)
(Loading /usr/share/perl5/LaTeXML/Package/natbib.sty.ltxml... 0.01 sec) 0.11 sec) 0.11 sec)
(Loading /usr/share/perl5/LaTeXML/Package/amssymb.sty.ltxml... 0.01 sec)
(Loading /usr/share/perl5/LaTeXML/Package/mathtools.sty.ltxml... 0.03 sec)
(Loading /usr/share/perl5/LaTeXML/Package/amsthm.sty.ltxml... 0.01 sec)
(Loading /usr/share/perl5/LaTeXML/Package/makecell.sty.ltxml...
(Processing definitions /usr/share/texlive/texmf-dist/tex/latex/makecell/makecell.sty...
(Loading /usr/share/perl5/LaTeXML/Package/array.sty.ltxml... 0.00 sec) 0.04 sec) 0.05 sec)
(Loading /usr/share/perl5/LaTeXML/Package/cleveref.sty.ltxml...
(Processing definitions /usr/share/texlive/texmf-dist/tex/latex/cleveref/cleveref.sty...
Info:latex:(cleveref)  Package cleveref Info: `hyperref' support loaded        
	at cleveref.sty; line 2370 col 1 - line 2370 col 1
Info:latex:(cleveref)  Package cleveref Info: `amsthm' support loaded        
	at cleveref.sty; line 3026 col 3 - line 3026 col 3
Info:latex:(cleveref)  Package cleveref Info: always capitalise cross-reference names        
	at cleveref.sty; line 7852 col 22 - line 7852 col 22
Info:latex:(cleveref)  Package cleveref Info: no abbreviation of names        
	at cleveref.sty; line 7852 col 22 - line 7852 col 22
 0.84 sec) 0.85 sec)
(Loading /usr/share/perl5/LaTeXML/Package/todonotes.sty.ltxml...
(Loading /usr/share/perl5/LaTeXML/Package/xkeyval.sty.ltxml... 0.01 sec)
(Loading /usr/share/perl5/LaTeXML/Package/xcolor.sty.ltxml... 0.03 sec)
(Loading /usr/share/perl5/LaTeXML/Package/tikz.sty.ltxml...
(Processing definitions /usr/share/texlive/texmf-dist/tex/latex/pgf/frontendlayer/tikz.sty...
(Loading /usr/share/perl5/LaTeXML/Package/pgf.sty.ltxml...
(Processing definitions /usr/share/texlive/texmf-dist/tex/latex/pgf/basiclayer/pgf.sty...
(Processing definitions /usr/share/texlive/texmf-dist/tex/latex/pgf/utilities/pgfrcs.sty...
(Loading /usr/share/perl5/LaTeXML/Package/pgfutil-common.tex.ltxml...
(Processing definitions /usr/share/texlive/texmf-dist/tex/generic/pgf/utilities/pgfutil-common.tex... 0.06 sec) 0.06 sec)
(Processing definitions /usr/share/texlive/texmf-dist/tex/generic/pgf/utilities/pgfutil-latex.def...
(Processing definitions /usr/share/texlive/texmf-dist/tex/latex/everyshi/everyshi.sty...
(Processing definitions /usr/share/texlive/texmf-dist/tex/latex/everyshi/everyshi-2001-05-15.sty... 0.01 sec) 0.03 sec) 0.05 sec)
(Processing definitions /usr/share/texlive/texmf-dist/tex/generic/pgf/utilities/pgfrcs.code.tex...
(Processing definitions /usr/share/texlive/texmf-dist/tex/generic/pgf/pgf.revision.tex... 0.00 sec) 0.01 sec) 0.14 sec)
(Processing definitions /usr/share/texlive/texmf-dist/tex/latex/pgf/basiclayer/pgfcore.sty...
(Processing definitions /usr/share/texlive/texmf-dist/tex/latex/pgf/systemlayer/pgfsys.sty...
(Processing definitions /usr/share/texlive/texmf-dist/tex/generic/pgf/systemlayer/pgfsys.code.tex...
(Loading /usr/share/perl5/LaTeXML/Package/pgfkeys.code.tex.ltxml...
(Processing definitions /usr/share/texlive/texmf-dist/tex/generic/pgf/utilities/pgfkeys.code.tex...
(Processing definitions /usr/share/texlive/texmf-dist/tex/generic/pgf/utilities/pgfkeyslibraryfiltered.code.tex... 0.20 sec) 0.57 sec) 0.57 sec)
(Processing definitions /usr/share/texlive/texmf-dist/tex/generic/pgf/systemlayer/pgf.cfg... 0.00 sec)
Driver file for pgf: pgfsys-latexml.def
(Loading /usr/share/perl5/LaTeXML/Package/pgfsys-latexml.def.ltxml... 0.01 sec) 0.74 sec)
(Processing definitions /usr/share/texlive/texmf-dist/tex/generic/pgf/systemlayer/pgfsyssoftpath.code.tex... 0.01 sec)
(Processing definitions /usr/share/texlive/texmf-dist/tex/generic/pgf/systemlayer/pgfsysprotocol.code.tex... 0.00 sec) 0.77 sec)
(Processing definitions /usr/share/texlive/texmf-dist/tex/generic/pgf/basiclayer/pgfcore.code.tex...
(Loading /usr/share/perl5/LaTeXML/Package/pgfmath.code.tex.ltxml...
(Processing definitions /usr/share/texlive/texmf-dist/tex/generic/pgf/math/pgfmath.code.tex...
(Processing definitions /usr/share/texlive/texmf-dist/tex/generic/pgf/math/pgfmathutil.code.tex... 0.04 sec)
(Processing definitions /usr/share/texlive/texmf-dist/tex/generic/pgf/math/pgfmathparser.code.tex... 0.14 sec)
(Processing definitions /usr/share/texlive/texmf-dist/tex/generic/pgf/math/pgfmathfunctions.code.tex... 0.08 sec)
(Processing definitions /usr/share/texlive/texmf-dist/tex/generic/pgf/math/pgfmathfunctions.basic.code.tex... 0.16 sec)
(Processing definitions /usr/share/texlive/texmf-dist/tex/generic/pgf/math/pgfmathfunctions.trigonometric.code.tex... 0.59 sec)
(Processing definitions /usr/share/texlive/texmf-dist/tex/generic/pgf/math/pgfmathfunctions.random.code.tex... 0.02 sec)
(Processing definitions /usr/share/texlive/texmf-dist/tex/generic/pgf/math/pgfmathfunctions.comparison.code.tex... 0.11 sec)
(Processing definitions /usr/share/texlive/texmf-dist/tex/generic/pgf/math/pgfmathfunctions.base.code.tex... 0.06 sec)
(Processing definitions /usr/share/texlive/texmf-dist/tex/generic/pgf/math/pgfmathfunctions.round.code.tex... 0.03 sec)
(Processing definitions /usr/share/texlive/texmf-dist/tex/generic/pgf/math/pgfmathfunctions.misc.code.tex... 0.07 sec)
(Processing definitions /usr/share/texlive/texmf-dist/tex/generic/pgf/math/pgfmathfunctions.integerarithmetics.code.tex... 0.02 sec)
(Loading /usr/share/perl5/LaTeXML/Package/pgfmathcalc.code.tex.ltxml...
(Processing definitions /usr/share/texlive/texmf-dist/tex/generic/pgf/math/pgfmathcalc.code.tex... 0.02 sec) 0.02 sec)
(Processing definitions /usr/share/texlive/texmf-dist/tex/generic/pgf/math/pgfmathfloat.code.tex... 0.85 sec) 2.22 sec) 2.23 sec)
(Processing definitions /usr/share/texlive/texmf-dist/tex/generic/pgf/math/pgfint.code.tex... 0.01 sec)
(Processing definitions /usr/share/texlive/texmf-dist/tex/generic/pgf/basiclayer/pgfcorepoints.code.tex... 0.08 sec)
(Processing definitions /usr/share/texlive/texmf-dist/tex/generic/pgf/basiclayer/pgfcorepathconstruct.code.tex... 0.09 sec)
(Processing definitions /usr/share/texlive/texmf-dist/tex/generic/pgf/basiclayer/pgfcorepathusage.code.tex... 0.13 sec)
(Processing definitions /usr/share/texlive/texmf-dist/tex/generic/pgf/basiclayer/pgfcorescopes.code.tex... 0.13 sec)
(Processing definitions /usr/share/texlive/texmf-dist/tex/generic/pgf/basiclayer/pgfcoregraphicstate.code.tex... 0.01 sec)
(Processing definitions /usr/share/texlive/texmf-dist/tex/generic/pgf/basiclayer/pgfcoretransformations.code.tex... 0.04 sec)
(Processing definitions /usr/share/texlive/texmf-dist/tex/generic/pgf/basiclayer/pgfcorequick.code.tex... 0.01 sec)
(Processing definitions /usr/share/texlive/texmf-dist/tex/generic/pgf/basiclayer/pgfcoreobjects.code.tex... 0.00 sec)
(Processing definitions /usr/share/texlive/texmf-dist/tex/generic/pgf/basiclayer/pgfcorepathprocessing.code.tex... 0.03 sec)
(Processing definitions /usr/share/texlive/texmf-dist/tex/generic/pgf/basiclayer/pgfcorearrows.code.tex... 0.87 sec)
(Processing definitions /usr/share/texlive/texmf-dist/tex/generic/pgf/basiclayer/pgfcoreshade.code.tex... 0.06 sec)
(Processing definitions /usr/share/texlive/texmf-dist/tex/generic/pgf/basiclayer/pgfcoreimage.code.tex... 0.09 sec)
(Processing definitions /usr/share/texlive/texmf-dist/tex/generic/pgf/basiclayer/pgfcoreexternal.code.tex... 0.08 sec)
(Processing definitions /usr/share/texlive/texmf-dist/tex/generic/pgf/basiclayer/pgfcorelayers.code.tex... 0.01 sec)
(Processing definitions /usr/share/texlive/texmf-dist/tex/generic/pgf/basiclayer/pgfcoretransparency.code.tex... 0.05 sec)
(Processing definitions /usr/share/texlive/texmf-dist/tex/generic/pgf/basiclayer/pgfcorepatterns.code.tex... 0.02 sec)
(Processing definitions /usr/share/texlive/texmf-dist/tex/generic/pgf/basiclayer/pgfcorerdf.code.tex... 0.01 sec) 3.97 sec) 4.76 sec)
(Processing definitions /usr/share/texlive/texmf-dist/tex/generic/pgf/modules/pgfmoduleshapes.code.tex... 0.18 sec)
(Processing definitions /usr/share/texlive/texmf-dist/tex/generic/pgf/modules/pgfmoduleplot.code.tex... 0.18 sec)
(Processing definitions /usr/share/texlive/texmf-dist/tex/latex/pgf/compatibility/pgfcomp-version-0-65.sty... 0.16 sec)
(Processing definitions /usr/share/texlive/texmf-dist/tex/latex/pgf/compatibility/pgfcomp-version-1-18.sty... 0.01 sec) 5.46 sec) 5.47 sec)
(Processing definitions /usr/share/texlive/texmf-dist/tex/latex/pgf/utilities/pgffor.sty...
(Processing definitions /usr/share/texlive/texmf-dist/tex/latex/pgf/utilities/pgfkeys.sty... 0.00 sec)
(Processing definitions /usr/share/texlive/texmf-dist/tex/latex/pgf/math/pgfmath.sty... 0.01 sec)
(Processing definitions /usr/share/texlive/texmf-dist/tex/generic/pgf/utilities/pgffor.code.tex... 0.13 sec) 0.16 sec)
(Processing definitions /usr/share/texlive/texmf-dist/tex/generic/pgf/frontendlayer/tikz/tikz.code.tex...
(Processing definitions /usr/share/texlive/texmf-dist/tex/generic/pgf/libraries/pgflibraryplothandlers.code.tex... 0.09 sec)
(Processing definitions /usr/share/texlive/texmf-dist/tex/generic/pgf/modules/pgfmodulematrix.code.tex... 0.04 sec)
(Processing definitions /usr/share/texlive/texmf-dist/tex/generic/pgf/frontendlayer/tikz/libraries/tikzlibrarytopaths.code.tex... 0.14 sec) 2.44 sec) 8.07 sec) 8.07 sec)
Info:unexpected:textsize=tiny Unexpected option 'textsize=tiny' passed to todonotes.sty
	at todonotes.sty.ltxml; line 46
 8.13 sec)
ABD: EveryShipout initializing macros
 17.82 sec) 17.94 sec)
(Building...
(Loading compiled schema /usr/share/perl5/LaTeXML/resources/RelaxNG/LaTeXML.model... 0.01 sec) 6.05 sec)
(Rewriting... 0.09 sec)
(Math Parsing 1649 formulae ......
Warning:not_parsed:>VERTBAR MathParser failed to match rule 'Anything'
	at main.tex; line 263 col 107 - line 263 col 120
	In "$||\cdot||_{F}$"
	> |[[VERTBAR]] |[[VERTBAR]] ⋅[[MULOP]] |[[VERTBAR]] |[[VERTBAR]] _{F}[[POSTSUBSCRIPT]]
Warning:not_parsed:RELOP.UNKNOWN.POSTSUBSCRIPT>OPEN MathParser failed to match rule 'Anything'
	at main.tex; line 265 col 121 - line 265 col 172
	In "$\widehat{{\bm{W}}}=s_{1}\Big{\lfloor}{{\bm{W}}\over s_{1}}\Big{\rceil}$"
	\widehat{{\bm{W}}}[[UNKNOWN]] =[[RELOP]] s[[UNKNOWN]] _{1}[[POSTSUBSCRIPT]]
	        > \lfloor[[OPEN]] {\bm{W}}\overs_{1}[[UNKNOWN]] \rceil[[CLOSE]]
Warning:not_parsed:UNKNOWN.POSTSUBSCRIPT>OPEN MathParser failed to match rule 'Anything'
	at main.tex; line 265 col 940 - line 265 col 988
	In "$s_{1}\Big{\lfloor}{{\bm{W}}+{\bm{V}}\over s_{1}}\Big{\rceil}$"
	s[[UNKNOWN]] _{1}[[POSTSUBSCRIPT]]
	        > \lfloor[[OPEN]] {\bm{W}}+{\bm{V}}\overs_{1}[[UNKNOWN]] \rceil[[CLOSE]]
Warning:not_parsed:RELOP.UNKNOWN.POSTSUBSCRIPT>OPEN MathParser failed to match rule 'Anything'
	at main.tex; line 282 col 12 - line 282 col 12
	In "$\displaystyle\widehat{{\bm{W}}}=s_{1}\Big{\lfloor}{{\bm{W}}\over{\bm{S}}}\Big%
	{\rceil},\@@ENDINLINEMATH"
	\widehat{{\bm{W}}}[[UNKNOWN]] =[[RELOP]] s[[UNKNOWN]] _{1}[[POSTSUBSCRIPT]]
	        > \lfloor[[OPEN]] {\bm{W}}\over{\bm{S}}[[UNKNOWN]] \rceil[[CLOSE]]
Warning:not_parsed:RELOP.UNKNOWN.POSTSUBSCRIPT>OPEN MathParser failed to match rule 'Anything'
	at main.tex; line 282 col 12 - line 283 col 11
	In "$\displaystyle\widehat{{\bm{W}}}=s_{1}\Big{\lfloor}{{\bm{W}}\over{\bm{S}}}\Big%
	{\rceil},$"
	\widehat{{\bm{W}}}[[UNKNOWN]] =[[RELOP]] s[[UNKNOWN]] _{1}[[POSTSUBSCRIPT]]
	        > \lfloor[[OPEN]] {\bm{W}}\over{\bm{S}}[[UNKNOWN]] \rceil[[CLOSE]]
Warning:not_parsed:UNKNOWN.POSTSUBSCRIPT>OPEN MathParser failed to match rule 'Anything'
	at main.tex; line 326 col 223 - line 326 col 265
	In "$s_{1}\Big{\lfloor}{{\bm{W}}\over s_{1}}\Big{\rceil}$"
	s[[UNKNOWN]] _{1}[[POSTSUBSCRIPT]]
	        > \lfloor[[OPEN]] {\bm{W}}\overs_{1}[[UNKNOWN]] \rceil[[CLOSE]]
Warning:not_parsed:ATOM.POSTSUBSCRIPT>RELOP MathParser failed to match rule 'Anything'
	at main.tex; line 433 col 140 - line 433 col 219
	In "$\overline{W}_{(i,j)}=\Big{\lfloor}{W_{(i,j)}\over{s_{1}\odot S^{\prime}_{(i,j%
	)}}}\Big{\rceil}$"
	\overline{W}[[UNKNOWN]] _{(i,j)}[[POSTSUBSCRIPT]]
	        > =[[RELOP]] \lfloor[[OPEN]] W_{(i,j)}\over{s_{1}\odotS^{\prime}_{(i,j)}}[[UNKNOWN]] \rceil[[CLOSE]]
Warning:not_parsed:RELOP.UNKNOWN.POSTSUBSCRIPT>OPEN MathParser failed to match rule 'Anything'
	at main.tex; line 470 col 0 - line 470 col 20
	In "$\widehat{{\bm{W}}}=s_{1}\lfloor{\bm{W}}/s_{1}\odot{\bm{S}}_{2}\rceil$"
	\widehat{{\bm{W}}}[[UNKNOWN]] =[[RELOP]] s[[UNKNOWN]] _{1}[[POSTSUBSCRIPT]]
	        > \lfloor[[OPEN]] W[[UNKNOWN]] /[[MULOP]] s[[UNKNOWN]] _{1}[[POSTSUBSCRIPT]] ⊙[[MULOP]] S[[UNKNOWN]] _{2}[[POSTSUBSCRIPT]] \rceil[[CLOSE]]
Warning:not_parsed:RELOP.UNKNOWN.POSTSUBSCRIPT>OPEN MathParser failed to match rule 'Anything'
	at main.tex; line 470 col 0 - line 470 col 20
	In "$\widehat{{\bm{W}}}=s_{1}\lfloor{\bm{W}}/s_{1}\odot{\bm{S}}_{2}\rceil$"
	\widehat{{\bm{W}}}[[UNKNOWN]] =[[RELOP]] s[[UNKNOWN]] _{1}[[POSTSUBSCRIPT]]
	        > \lfloor[[OPEN]] W[[UNKNOWN]] /[[MULOP]] s[[UNKNOWN]] _{1}[[POSTSUBSCRIPT]] ⊙[[MULOP]] S[[UNKNOWN]] _{2}[[POSTSUBSCRIPT]] \rceil[[CLOSE]]
Warning:not_parsed:RELOP.ATOM>OPEN MathParser failed to match rule 'Anything'
	at main.tex; line 1057 col 6 - line 1057 col 6
	In "$\displaystyle={{\partial\over{\partial S^{\prime}_{(i,j)}}}}\Big{(}s_{1}\Big{%
	\lfloor}{W_{(i,j)}\over{s_{1}S^{\prime}_{(i,j)}}}\Big{\rceil}\Big{)}{{\partial%
	\mathcal{L}}\over{\partial\widehat{W}_{(i,j)}}}\@@ENDINLINEMATH"
	=[[RELOP]] \partial\over{\partialS^{\prime}_{(i,j)}}[[UNKNOWN]]
	        > ([[OPEN]] s[[UNKNOWN]] _{1}[[POSTSUBSCRIPT]] \lfloor[[OPEN]] W_{(i,j)}\over{s_{1}S^{\prime}_{(i,j)}}[[UNKNOWN]] \rceil[[CLOSE]] )[[CLOSE]] {\partial\mathcal{L}}\over{\partial\widehat{W}_{(i,j)}}[[UNKNOWN]]
Warning:not_parsed:RELOP.ATOM>OPEN MathParser failed to match rule 'Anything'
	at main.tex; line 1057 col 6 - line 1057 col 188
	In "$\displaystyle={{\partial\over{\partial S^{\prime}_{(i,j)}}}}\Big{(}s_{1}\Big{%
	\lfloor}{W_{(i,j)}\over{s_{1}S^{\prime}_{(i,j)}}}\Big{\rceil}\Big{)}{{\partial%
	\mathcal{L}}\over{\partial\widehat{W}_{(i,j)}}}$"
	=[[RELOP]] \partial\over{\partialS^{\prime}_{(i,j)}}[[UNKNOWN]]
	        > ([[OPEN]] s[[UNKNOWN]] _{1}[[POSTSUBSCRIPT]] \lfloor[[OPEN]] W_{(i,j)}\over{s_{1}S^{\prime}_{(i,j)}}[[UNKNOWN]] \rceil[[CLOSE]] )[[CLOSE]] {\partial\mathcal{L}}\over{\partial\widehat{W}_{(i,j)}}[[UNKNOWN]]
Warning:not_parsed:UNKNOWN.POSTSUBSCRIPT.ATOM>OPEN MathParser failed to match rule 'Anything'
	at main.tex; line 1058 col 6 - line 1058 col 6
	In "$\displaystyle=s_{1}{{\partial\over{\partial S^{\prime}_{(i,j)}}}}\Big{(}\Big{%
	\lfloor}{W_{(i,j)}\over{s_{1}S^{\prime}_{(i,j)}}}\Big{\rceil}\Big{)}{{\partial%
	\mathcal{L}}\over{\partial\widehat{W}_{(i,j)}}}\@@ENDINLINEMATH"
	=[[RELOP]] s[[UNKNOWN]] _{1}[[POSTSUBSCRIPT]] \partial\over{\partialS^{\prime}_{(i,j)}}[[UNKNOWN]]
	        > ([[OPEN]] \lfloor[[OPEN]] W_{(i,j)}\over{s_{1}S^{\prime}_{(i,j)}}[[UNKNOWN]] \rceil[[CLOSE]] )[[CLOSE]] {\partial\mathcal{L}}\over{\partial\widehat{W}_{(i,j)}}[[UNKNOWN]]
Warning:not_parsed:UNKNOWN.POSTSUBSCRIPT.ATOM>OPEN MathParser failed to match rule 'Anything'
	at main.tex; line 1058 col 6 - line 1058 col 188
	In "$\displaystyle=s_{1}{{\partial\over{\partial S^{\prime}_{(i,j)}}}}\Big{(}\Big{%
	\lfloor}{W_{(i,j)}\over{s_{1}S^{\prime}_{(i,j)}}}\Big{\rceil}\Big{)}{{\partial%
	\mathcal{L}}\over{\partial\widehat{W}_{(i,j)}}}$"
	=[[RELOP]] s[[UNKNOWN]] _{1}[[POSTSUBSCRIPT]] \partial\over{\partialS^{\prime}_{(i,j)}}[[UNKNOWN]]
	        > ([[OPEN]] \lfloor[[OPEN]] W_{(i,j)}\over{s_{1}S^{\prime}_{(i,j)}}[[UNKNOWN]] \rceil[[CLOSE]] )[[CLOSE]] {\partial\mathcal{L}}\over{\partial\widehat{W}_{(i,j)}}[[UNKNOWN]]
Warning:not_parsed:ATOM.CLOSE.ATOM>PUNCT MathParser failed to match rule 'Anything'
	at main.tex; line 1059 col 6 - line 1059 col 6
	In "$\displaystyle=s_{1}{{\partial\over{\partial S^{\prime}_{(i,j)}}}}\Big{(}{W_{(%
	i,j)}\over{s_{1}S^{\prime}_{(i,j)}}}\Big{)}{{\partial\mathcal{L}}\over{%
	\partial\widehat{W}_{(i,j)}}}\quad(\because\text{Straight-Through Estimator})\@@ENDINLINEMATH"
	=[[RELOP]] s[[UNKNOWN]] _{1}[[POSTSUBSCRIPT]] \partial\over{\partialS^{\prime}_{(i,j)}}[[UNKNOWN]] ([[OPEN]] W_{(i,j)}\over{s_{1}S^{\prime}_{(i,j)}}[[UNKNOWN]] )[[CLOSE]] {\partial\mathcal{L}}\over{\partial\widehat{W}_{(i,j)}}[[UNKNOWN]]
	        > $\displaystyle=s_{1}{{\partial\over{\partialS^{\prime}_{(i,j)}}}}\Big{(}{W_{(i,j)}\over{s_{1}S^{\prime}_{(i,j)}}}\Big{)}{{\partial\mathcal{L}}\over{\partial\widehat{W}_{(i,j)}}}\quad(\because\text{Straight-Through Estimator})\@@ENDINLINEMATH[[PUNCT]] ([[OPEN]] ∵[[METARELOP]] \text{Straight-Through Estimator}[[UNKNOWN]] )[[CLOSE]]
Warning:not_parsed:ATOM.CLOSE.ATOM>PUNCT MathParser failed to match rule 'Anything'
	at main.tex; line 1059 col 6 - line 1059 col 218
	In "$\displaystyle=s_{1}{{\partial\over{\partial S^{\prime}_{(i,j)}}}}\Big{(}{W_{(%
	i,j)}\over{s_{1}S^{\prime}_{(i,j)}}}\Big{)}{{\partial\mathcal{L}}\over{%
	\partial\widehat{W}_{(i,j)}}}\quad(\because\text{Straight-Through Estimator})$"
	=[[RELOP]] s[[UNKNOWN]] _{1}[[POSTSUBSCRIPT]] \partial\over{\partialS^{\prime}_{(i,j)}}[[UNKNOWN]] ([[OPEN]] W_{(i,j)}\over{s_{1}S^{\prime}_{(i,j)}}[[UNKNOWN]] )[[CLOSE]] {\partial\mathcal{L}}\over{\partial\widehat{W}_{(i,j)}}[[UNKNOWN]]
	        > $\displaystyle=s_{1}{{\partial\over{\partialS^{\prime}_{(i,j)}}}}\Big{(}{W_{(i,j)}\over{s_{1}S^{\prime}_{(i,j)}}}\Big{)}{{\partial\mathcal{L}}\over{\partial\widehat{W}_{(i,j)}}}\quad(\because\text{Straight-Through Estimator})$[[PUNCT]] ([[OPEN]] ∵[[METARELOP]] \text{Straight-Through Estimator}[[UNKNOWN]] )[[CLOSE]]
 2.95 sec)
Math parsing succeeded:
   ltx:XMArg: 568/570
   ltx:XMath: 1634/1649
   ltx:XMWrap: 0/1
Symbols assumed as simple identifiers (with # of occurences):
   'A{italic}' (2), 'C{italic}' (7), 'H{italic}' (1), 'K{italic}' (1), 'L{caligraphic}' (23), 'R{blackboard}' (6), 'S{bold italic}' (46), 'S{italic}' (36), 'V{bold italic}' (2), 'W{bold italic}' (11), 'W{italic}' (30), 'X{bold italic}' (3), 'h{italic}' (2), 'i{italic}' (89), 'j{italic}' (86), 'k{italic}' (10), 'l{italic}' (8), 'n{italic}' (3), 'o{italic}' (4), 's{bold italic}' (51), 's{italic}' (96), 't{italic}' (4), 'u{italic}' (4)
Set MATHPARSER_SPECULATE to speculate on possible notations.
(Finalizing... 0.57 sec)
Conversion complete: 15 warnings (See parsed.log) (reqd. 28.01s)
