latexml (LaTeXML version 0.8.8) processing icml2023_conference.tex
(Digesting TeX icml2023_conference...
(Loading /usr/share/perl5/LaTeXML/Package/TeX.pool.ltxml...
(Loading /usr/share/perl5/LaTeXML/Package/eTeX.pool.ltxml... 0.00 sec)
(Loading /usr/share/perl5/LaTeXML/Package/pdfTeX.pool.ltxml... 0.01 sec) 0.15 sec)
(Processing content /home/miri/Documents/DataLit/arXiv_src_fetcher/ICLR_2023_first100/-SBZ8c356Oc/icml2023_conference.tex...
(Loading /usr/share/perl5/LaTeXML/Package/LaTeX.pool.ltxml...
(Loading /usr/share/perl5/LaTeXML/Package/textcomp.sty.ltxml...
(Processing definitions /usr/share/texlive/texmf-dist/tex/latex/base/ts1enc.dfu... 0.02 sec) 0.07 sec) 0.30 sec)
(Loading /usr/share/perl5/LaTeXML/Package/article.cls.ltxml... 0.01 sec)
(Loading /usr/share/perl5/LaTeXML/Package/microtype.sty.ltxml... 0.00 sec)
(Loading /usr/share/perl5/LaTeXML/Package/graphicx.sty.ltxml...
(Loading /usr/share/perl5/LaTeXML/Package/graphics.sty.ltxml... 0.01 sec) 0.03 sec)
(Loading /usr/share/perl5/LaTeXML/Package/subfigure.sty.ltxml... 0.02 sec)
(Loading /usr/share/perl5/LaTeXML/Package/booktabs.sty.ltxml... 0.01 sec)
(Loading /usr/share/perl5/LaTeXML/Package/hyperref.sty.ltxml...
(Loading /usr/share/perl5/LaTeXML/Package/ltxcmds.sty.ltxml...
(Processing definitions /usr/share/texlive/texmf-dist/tex/generic/ltxcmds/ltxcmds.sty... 0.09 sec) 0.09 sec)
(Loading /usr/share/perl5/LaTeXML/Package/keyval.sty.ltxml...
(Processing definitions /usr/share/texlive/texmf-dist/tex/latex/graphics/keyval.sty... 0.01 sec) 0.01 sec)
(Loading /usr/share/perl5/LaTeXML/Package/kvsetkeys.sty.ltxml...
(Processing definitions /usr/share/texlive/texmf-dist/tex/latex/kvsetkeys/kvsetkeys.sty... 0.06 sec) 0.07 sec)
(Loading /usr/share/perl5/LaTeXML/Package/kvdefinekeys.sty.ltxml...
(Processing definitions /usr/share/texlive/texmf-dist/tex/generic/kvdefinekeys/kvdefinekeys.sty... 0.03 sec) 0.03 sec)
(Loading /usr/share/perl5/LaTeXML/Package/kvoptions.sty.ltxml...
(Processing definitions /usr/share/texlive/texmf-dist/tex/latex/kvoptions/kvoptions.sty... 0.14 sec) 0.14 sec)
(Loading /usr/share/perl5/LaTeXML/Package/nameref.sty.ltxml...
(Loading /usr/share/perl5/LaTeXML/Package/refcount.sty.ltxml...
(Processing definitions /usr/share/texlive/texmf-dist/tex/latex/refcount/refcount.sty...
(Loading /usr/share/perl5/LaTeXML/Package/infwarerr.sty.ltxml...
(Processing definitions /usr/share/texlive/texmf-dist/tex/generic/infwarerr/infwarerr.sty... 0.05 sec) 0.05 sec) 0.11 sec) 0.11 sec)
(Loading /usr/share/perl5/LaTeXML/Package/gettitlestring.sty.ltxml...
(Processing definitions /usr/share/texlive/texmf-dist/tex/generic/gettitlestring/gettitlestring.sty... 0.10 sec) 0.11 sec) 0.24 sec)
(Loading /usr/share/perl5/LaTeXML/Package/url.sty.ltxml... 0.00 sec)
(Loading /usr/share/perl5/LaTeXML/Package/bitset.sty.ltxml...
(Processing definitions /usr/share/texlive/texmf-dist/tex/generic/bitset/bitset.sty...
(Loading /usr/share/perl5/LaTeXML/Package/intcalc.sty.ltxml...
(Processing definitions /usr/share/texlive/texmf-dist/tex/generic/intcalc/intcalc.sty... 0.03 sec) 0.03 sec)
(Loading /usr/share/perl5/LaTeXML/Package/bigintcalc.sty.ltxml...
(Processing definitions /usr/share/texlive/texmf-dist/tex/generic/bigintcalc/bigintcalc.sty...
(Loading /usr/share/perl5/LaTeXML/Package/pdftexcmds.sty.ltxml...
(Loading /usr/share/perl5/LaTeXML/Package/iftex.sty.ltxml... 0.00 sec) 0.01 sec) 0.10 sec) 0.10 sec) 0.24 sec) 0.24 sec) 0.88 sec)
Info:fallback:icml2023.sty Interpreted 2023 as a versioned package/class name, falling back to generic icml.sty
	at icml2023_conference.tex; line 26 col 0 - line 26 col 1
(Loading /usr/share/perl5/LaTeXML/Package/icml.sty.ltxml...
(Loading /usr/share/perl5/LaTeXML/Package/icml_support.sty.ltxml...
(Loading /usr/share/perl5/LaTeXML/Package/times.sty.ltxml... 0.00 sec)
(Loading /usr/share/perl5/LaTeXML/Package/fancyhdr.sty.ltxml... 0.00 sec)
(Loading /usr/share/perl5/LaTeXML/Package/color.sty.ltxml... 0.01 sec)
(Loading /usr/share/perl5/LaTeXML/Package/algorithm.sty.ltxml...
(Processing definitions /home/miri/Documents/DataLit/arXiv_src_fetcher/ICLR_2023_first100/-SBZ8c356Oc/algorithm.sty...
Document Style `algorithm' - floating environment
(Loading /usr/share/perl5/LaTeXML/Package/float.sty.ltxml... 0.00 sec)
(Loading /usr/share/perl5/LaTeXML/Package/ifthen.sty.ltxml...
(Processing definitions /usr/share/texlive/texmf-dist/tex/latex/base/ifthen.sty... 0.01 sec) 0.01 sec) 0.04 sec) 0.04 sec)
(Loading /usr/share/perl5/LaTeXML/Package/algorithmic.sty.ltxml...
(Processing definitions /home/miri/Documents/DataLit/arXiv_src_fetcher/ICLR_2023_first100/-SBZ8c356Oc/algorithmic.sty...
Document Style `algorithmic' - environment
(Loading /usr/share/perl5/LaTeXML/Package/calc.sty.ltxml... 0.00 sec) 0.03 sec) 0.04 sec)
(Loading /usr/share/perl5/LaTeXML/Package/natbib.sty.ltxml... 0.02 sec) 0.14 sec) 0.14 sec)
(Loading /usr/share/perl5/LaTeXML/Package/amsmath.sty.ltxml...
(Loading /usr/share/perl5/LaTeXML/Package/amsbsy.sty.ltxml...
(Loading /usr/share/perl5/LaTeXML/Package/amsgen.sty.ltxml... 0.00 sec) 0.01 sec)
(Loading /usr/share/perl5/LaTeXML/Package/amstext.sty.ltxml... 0.01 sec)
(Loading /usr/share/perl5/LaTeXML/Package/amsopn.sty.ltxml... 0.01 sec) 0.06 sec)
(Loading /usr/share/perl5/LaTeXML/Package/amssymb.sty.ltxml...
(Loading /usr/share/perl5/LaTeXML/Package/amsfonts.sty.ltxml... 0.00 sec) 0.02 sec)
(Loading /usr/share/perl5/LaTeXML/Package/mathtools.sty.ltxml... 0.03 sec)
(Loading /usr/share/perl5/LaTeXML/Package/amsthm.sty.ltxml... 0.01 sec)
(Loading /usr/share/perl5/LaTeXML/Package/bbm.sty.ltxml... 0.00 sec)
(Loading /usr/share/perl5/LaTeXML/Package/bm.sty.ltxml... 0.00 sec)
(Loading /usr/share/perl5/LaTeXML/Package/xcolor.sty.ltxml... 0.03 sec)
(Loading /usr/share/perl5/LaTeXML/Package/multirow.sty.ltxml... 0.00 sec)
(Loading /usr/share/perl5/LaTeXML/Package/thmtools.sty.ltxml... 0.00 sec)
(Loading /usr/share/perl5/LaTeXML/Package/thm-restate.sty.ltxml... 0.00 sec)
(Loading /usr/share/perl5/LaTeXML/Package/cleveref.sty.ltxml...
Warning:missing_file:cleveref Can't find package cleveref
	at cleveref.sty.ltxml; line 26
	Anticipate undefined macros or environments
	search paths are /home/miri/Documents/DataLit/arXiv_src_fetcher/ICLR_2023_first100/-SBZ8c356Oc
	In Core::Gullet[@0x5b863787fbc0] /usr/share/perl5/LaTeXML/Package/cleveref.sty.ltxml; line 26
 0.01 sec)
(Loading /usr/share/perl5/LaTeXML/Package/todonotes.sty.ltxml...
(Loading /usr/share/perl5/LaTeXML/Package/xkeyval.sty.ltxml... 0.01 sec)
(Loading /usr/share/perl5/LaTeXML/Package/tikz.sty.ltxml...
Warning:missing_file:tikz Can't find package tikz
	at tikz.sty.ltxml; line 24
	Anticipate undefined macros or environments
	In Core::Gullet[@0x5b863787fbc0] /usr/share/perl5/LaTeXML/Package/tikz.sty.ltxml; line 24
 0.01 sec)
Info:unexpected:textsize=tiny Unexpected option 'textsize=tiny' passed to todonotes.sty
	at todonotes.sty.ltxml; line 46
 0.05 sec)
Info:unexpected:options Unused global options: nohyperref
	at icml2023_conference.tex; line 65 col 0 - line 65 col 16
 7.09 sec) 7.30 sec)
(Building...
(Loading compiled schema /usr/share/perl5/LaTeXML/resources/RelaxNG/LaTeXML.model... 0.01 sec) 3.84 sec)
(Rewriting... 0.21 sec)
(Math Parsing 419 formulae ......
Warning:not_parsed:UNKNOWN.POSTSUBSCRIPT>OPEN MathParser failed to match rule 'Anything'
	at icml2023_conference.tex; line 188 col 227 - line 188 col 308
	In "$\mathbf{p}_{\bm{\theta}}(\cdot|\bm{x})=\operatorname{softmax}(f_{\bm{\theta}}%
	(\bm{x}))$"
	p[[UNKNOWN]] _{\bm{\theta}}[[POSTSUBSCRIPT]]
	        > ([[OPEN]] ⋅[[MULOP]] |[[VERTBAR]] x[[UNKNOWN]] )[[CLOSE]] =[[RELOP]] softmax[[OPFUNCTION]] ([[OPEN]] f[[UNKNOWN]] _{\bm{\theta}}[[POSTSUBSCRIPT]] ([[OPEN]] x[[UNKNOWN]] )[[CLOSE]] )[[CLOSE]]
Warning:not_parsed:UNKNOWN.POSTSUBSCRIPT.NUMBER>OPEN MathParser failed to match rule 'Anything'
	at icml2023_conference.tex; line 275 col 12 - line 275 col 12
	In "$\displaystyle\mathcal{R}_{\text{bdy}}(\bm{\theta})=\mathbb{E}_{(\mathbf{X},Y)%
	}\mathbbm{1}\{\exists\mathbf{X}^{\prime}\in\mathcal{B}_{p}(\mathbf{X},%
	\varepsilon)\@@ENDINLINEMATH"
	R[[UNKNOWN]] _{\text{bdy}}[[POSTSUBSCRIPT]] ([[OPEN]] θ[[UNKNOWN]] )[[CLOSE]] =[[RELOP]] E[[UNKNOWN]] _{(\mathbf{X},Y)}[[POSTSUBSCRIPT]] 1[[NUMBER]]
	        > \{[[OPEN]] ∃[[BIGOP]] X[[UNKNOWN]] ^{\prime}[[POSTSUPERSCRIPT]] ∈[[RELOP]] B[[UNKNOWN]] _{p}[[POSTSUBSCRIPT]] ([[OPEN]] X[[UNKNOWN]] ,[[PUNCT]] ε[[UNKNOWN]] )[[CLOSE]]
Warning:not_parsed:UNKNOWN.POSTSUBSCRIPT.NUMBER>OPEN MathParser failed to match rule 'Anything'
	at icml2023_conference.tex; line 275 col 44 - line 275 col 152
	In "$\displaystyle=\mathbb{E}_{(\mathbf{X},Y)}\mathbbm{1}\{\exists\mathbf{X}^{%
	\prime}\in\mathcal{B}_{p}(\mathbf{X},\varepsilon)$"
	=[[RELOP]] E[[UNKNOWN]] _{(\mathbf{X},Y)}[[POSTSUBSCRIPT]] 1[[NUMBER]]
	        > \{[[OPEN]] ∃[[BIGOP]] X[[UNKNOWN]] ^{\prime}[[POSTSUPERSCRIPT]] ∈[[RELOP]] B[[UNKNOWN]] _{p}[[POSTSUBSCRIPT]] ([[OPEN]] X[[UNKNOWN]] ,[[PUNCT]] ε[[UNKNOWN]] )[[CLOSE]]
Warning:not_parsed:CLOSE.RELOP.UNKNOWN>CLOSE MathParser failed to match rule 'Anything'
	at icml2023_conference.tex; line 276 col 12 - line 276 col 12
	In "$\displaystyle\qquad\qquad\;:F_{\bm{\theta}}(\mathbf{X})\neq F_{\bm{\theta}}(%
	\mathbf{X}^{\prime}),F_{\bm{\theta}}(\mathbf{X})=Y\}.\@@ENDINLINEMATH"
	:[[METARELOP]] F[[UNKNOWN]] _{\bm{\theta}}[[POSTSUBSCRIPT]] ([[OPEN]] X[[UNKNOWN]] )[[CLOSE]] ≠[[RELOP]] F[[UNKNOWN]] _{\bm{\theta}}[[POSTSUBSCRIPT]] ([[OPEN]] X[[UNKNOWN]] ^{\prime}[[POSTSUPERSCRIPT]] )[[CLOSE]] ,[[PUNCT]] F[[UNKNOWN]] _{\bm{\theta}}[[POSTSUBSCRIPT]] ([[OPEN]] X[[UNKNOWN]] )[[CLOSE]] =[[RELOP]] Y[[UNKNOWN]]
	        > \}[[CLOSE]]
Warning:not_parsed:CLOSE.RELOP.UNKNOWN>CLOSE MathParser failed to match rule 'Anything'
	at icml2023_conference.tex; line 276 col 12 - line 277 col 12
	In "$\displaystyle\qquad\qquad\;:F_{\bm{\theta}}(\mathbf{X})\neq F_{\bm{\theta}}(%
	\mathbf{X}^{\prime}),F_{\bm{\theta}}(\mathbf{X})=Y\}.$"
	:[[METARELOP]] F[[UNKNOWN]] _{\bm{\theta}}[[POSTSUBSCRIPT]] ([[OPEN]] X[[UNKNOWN]] )[[CLOSE]] ≠[[RELOP]] F[[UNKNOWN]] _{\bm{\theta}}[[POSTSUBSCRIPT]] ([[OPEN]] X[[UNKNOWN]] ^{\prime}[[POSTSUPERSCRIPT]] )[[CLOSE]] ,[[PUNCT]] F[[UNKNOWN]] _{\bm{\theta}}[[POSTSUBSCRIPT]] ([[OPEN]] X[[UNKNOWN]] )[[CLOSE]] =[[RELOP]] Y[[UNKNOWN]]
	        > \}[[CLOSE]]
Warning:not_parsed:SUMOP.POSTSUBSCRIPT.POSTSUPERSCRIPT>OPEN MathParser failed to match rule 'Anything'
	at icml2023_conference.tex; line 287 col 0 - line 290 col 15
	In "\begin{equation*}\sum\limits_{i=1}^{n}\left\{\ell_{\text{ce}}(f_{\theta}(\bm{x%
	}_{i}),y_{i})+\lambda\cdot\operatorname{KL}(\mathbf{p}_{\theta}(\cdot|\bm{x}_{%
	i})\lVert\mathbf{p}_{\theta}(\cdot|\widehat{\bm{x}}^{\text{pgd}}_{i}))\right\},\end{equation*}"
	∑[[SUMOP]] _{i=1}[[POSTSUBSCRIPT]] ^{n}[[POSTSUPERSCRIPT]]
	        > \left\{[[OPEN]] ℓ[[UNKNOWN]] _{\text{ce}}[[POSTSUBSCRIPT]] ([[OPEN]] f[[UNKNOWN]] _{\theta}[[POSTSUBSCRIPT]] ([[OPEN]] x[[UNKNOWN]] _{i}[[POSTSUBSCRIPT]] )[[CLOSE]] ,[[PUNCT]] y[[UNKNOWN]] _{i}[[POSTSUBSCRIPT]] )[[CLOSE]] +[[ADDOP]] λ[[UNKNOWN]] ⋅[[MULOP]] KL[[OPFUNCTION]] ([[OPEN]] p[[UNKNOWN]] _{\theta}[[POSTSUBSCRIPT]] ([[OPEN]] ⋅[[MULOP]] |[[VERTBAR]] x[[UNKNOWN]] _{i}[[POSTSUBSCRIPT]] )[[CLOSE]] \lVert[[OPEN]] p[[UNKNOWN]] _{\theta}[[POSTSUBSCRIPT]] ([[OPEN]] ⋅[[MULOP]] |[[VERTBAR]] \widehat{\bm{x}}[[UNKNOWN]] ^{\text{pgd}}[[POSTSUPERSCRIPT]] _{i}[[POSTSUBSCRIPT]] )[[CLOSE]] )[[CLOSE]] \right\}[[CLOSE]]
Warning:not_parsed:SUMOP.POSTSUBSCRIPT.POSTSUPERSCRIPT>OPEN MathParser failed to match rule 'Anything'
	at icml2023_conference.tex; line 297 col 7 - line 297 col 7
	In "$\displaystyle\sum_{i=1}^{n}\Bigg{\{}\ell_{\text{ce}}\left(f_{\bm{\theta}}%
	\left(\bm{x}_{i}\right),y_{i}\right)+\lambda\cdot\operatorname{KL}\left(%
	\mathbf{p}_{\theta}\left(\cdot|\bm{x}_{i}\right)\|\mathbf{p}_{\theta}(\cdot|%
	\widehat{\bm{x}}^{\text{pgd}}_{i})\right)\@@ENDINLINEMATH"
	∑[[SUMOP]] _{i=1}[[POSTSUBSCRIPT]] ^{n}[[POSTSUPERSCRIPT]]
	        > \{[[OPEN]] ℓ[[UNKNOWN]] _{\text{ce}}[[POSTSUBSCRIPT]] \left([[OPEN]] f[[UNKNOWN]] _{\bm{\theta}}[[POSTSUBSCRIPT]] \left([[OPEN]] x[[UNKNOWN]] _{i}[[POSTSUBSCRIPT]] \right)[[CLOSE]] ,[[PUNCT]] y[[UNKNOWN]] _{i}[[POSTSUBSCRIPT]] \right)[[CLOSE]] +[[ADDOP]] λ[[UNKNOWN]] ⋅[[MULOP]] KL[[OPFUNCTION]] \left([[OPEN]] p[[UNKNOWN]] _{\theta}[[POSTSUBSCRIPT]] \left([[OPEN]] ⋅[[MULOP]] |[[VERTBAR]] x[[UNKNOWN]] _{i}[[POSTSUBSCRIPT]] \right)[[CLOSE]] ∥[[VERTBAR]] p[[UNKNOWN]] _{\theta}[[POSTSUBSCRIPT]] ([[OPEN]] ⋅[[MULOP]] |[[VERTBAR]] \widehat{\bm{x}}[[UNKNOWN]] ^{\text{pgd}}[[POSTSUPERSCRIPT]] _{i}[[POSTSUBSCRIPT]] )[[CLOSE]] \right)[[CLOSE]]
Warning:not_parsed:SUMOP.POSTSUBSCRIPT.POSTSUPERSCRIPT>OPEN MathParser failed to match rule 'Anything'
	at icml2023_conference.tex; line 297 col 7 - line 297 col 27
	In "$\displaystyle\sum_{i=1}^{n}\Bigg{\{}$"
	∑[[SUMOP]] _{i=1}[[POSTSUBSCRIPT]] ^{n}[[POSTSUPERSCRIPT]]
	        > \{[[OPEN]]
Warning:not_parsed:UNKNOWN.MULOP.OPFUNCTION>OPEN MathParser failed to match rule 'Anything'
	at icml2023_conference.tex; line 297 col 32 - line 297 col 279
	In "$\displaystyle\ell_{\text{ce}}\left(f_{\bm{\theta}}\left(\bm{x}_{i}\right),y_{%
	i}\right)+\lambda\cdot\operatorname{KL}\left(\mathbf{p}_{\theta}\left(\cdot|%
	\bm{x}_{i}\right)\|\mathbf{p}_{\theta}(\cdot|\widehat{\bm{x}}^{\text{pgd}}_{i}%
	)\right)$"
	ℓ[[UNKNOWN]] _{\text{ce}}[[POSTSUBSCRIPT]] \left([[OPEN]] f[[UNKNOWN]] _{\bm{\theta}}[[POSTSUBSCRIPT]] \left([[OPEN]] x[[UNKNOWN]] _{i}[[POSTSUBSCRIPT]] \right)[[CLOSE]] ,[[PUNCT]] y[[UNKNOWN]] _{i}[[POSTSUBSCRIPT]] \right)[[CLOSE]] +[[ADDOP]] λ[[UNKNOWN]] ⋅[[MULOP]] KL[[OPFUNCTION]]
	        > \left([[OPEN]] p[[UNKNOWN]] _{\theta}[[POSTSUBSCRIPT]] \left([[OPEN]] ⋅[[MULOP]] |[[VERTBAR]] x[[UNKNOWN]] _{i}[[POSTSUBSCRIPT]] \right)[[CLOSE]] ∥[[VERTBAR]] p[[UNKNOWN]] _{\theta}[[POSTSUBSCRIPT]] ([[OPEN]] ⋅[[MULOP]] |[[VERTBAR]] \widehat{\bm{x}}[[UNKNOWN]] ^{\text{pgd}}[[POSTSUPERSCRIPT]] _{i}[[POSTSUBSCRIPT]] )[[CLOSE]] \right)[[CLOSE]]
Warning:not_parsed:POSTSUBSCRIPT.CLOSE.CLOSE>CLOSE MathParser failed to match rule 'Anything'
	at icml2023_conference.tex; line 298 col 6 - line 298 col 6
	In "$\displaystyle+\gamma\ell_{\text{ce}}\left(f_{\bm{\theta}}(\bm{x}_{i}^{\text{%
	helper}}),F_{\bm{\theta}_{\text{pre}}}(\widehat{\bm{x}}^{\text{pgd}}_{i})%
	\right)\Bigg{\}},\@@ENDINLINEMATH"
	+[[ADDOP]] γ[[UNKNOWN]] ℓ[[UNKNOWN]] _{\text{ce}}[[POSTSUBSCRIPT]] \left([[OPEN]] f[[UNKNOWN]] _{\bm{\theta}}[[POSTSUBSCRIPT]] ([[OPEN]] x[[UNKNOWN]] _{i}[[POSTSUBSCRIPT]] ^{\text{helper}}[[POSTSUPERSCRIPT]] )[[CLOSE]] ,[[PUNCT]] F[[UNKNOWN]] _{\bm{\theta}_{\text{pre}}}[[POSTSUBSCRIPT]] ([[OPEN]] \widehat{\bm{x}}[[UNKNOWN]] ^{\text{pgd}}[[POSTSUPERSCRIPT]] _{i}[[POSTSUBSCRIPT]] )[[CLOSE]] \right)[[CLOSE]]
	        > \}[[CLOSE]]
Warning:not_parsed:POSTSUBSCRIPT.CLOSE.CLOSE>CLOSE MathParser failed to match rule 'Anything'
	at icml2023_conference.tex; line 298 col 6 - line 300 col 11
	In "$\displaystyle+\gamma\ell_{\text{ce}}\left(f_{\bm{\theta}}(\bm{x}_{i}^{\text{%
	helper}}),F_{\bm{\theta}_{\text{pre}}}(\widehat{\bm{x}}^{\text{pgd}}_{i})%
	\right)\Bigg{\}},$"
	+[[ADDOP]] γ[[UNKNOWN]] ℓ[[UNKNOWN]] _{\text{ce}}[[POSTSUBSCRIPT]] \left([[OPEN]] f[[UNKNOWN]] _{\bm{\theta}}[[POSTSUBSCRIPT]] ([[OPEN]] x[[UNKNOWN]] _{i}[[POSTSUBSCRIPT]] ^{\text{helper}}[[POSTSUPERSCRIPT]] )[[CLOSE]] ,[[PUNCT]] F[[UNKNOWN]] _{\bm{\theta}_{\text{pre}}}[[POSTSUBSCRIPT]] ([[OPEN]] \widehat{\bm{x}}[[UNKNOWN]] ^{\text{pgd}}[[POSTSUPERSCRIPT]] _{i}[[POSTSUBSCRIPT]] )[[CLOSE]] \right)[[CLOSE]]
	        > \}[[CLOSE]]
Warning:not_parsed:SUMOP.POSTSUBSCRIPT.POSTSUPERSCRIPT>OPEN MathParser failed to match rule 'Anything'
	at icml2023_conference.tex; line 307 col 8 - line 307 col 8
	In "$\displaystyle\sum\limits_{i=1}^{n}\bigg{\{}\ell_{\text{margin}}(f_{\bm{\theta%
	}}(\widehat{\bm{x}}^{\text{pgd}}_{i}),y_{i})\@@ENDINLINEMATH"
	∑[[SUMOP]] _{i=1}[[POSTSUBSCRIPT]] ^{n}[[POSTSUPERSCRIPT]]
	        > \{[[OPEN]] ℓ[[UNKNOWN]] _{\text{margin}}[[POSTSUBSCRIPT]] ([[OPEN]] f[[UNKNOWN]] _{\bm{\theta}}[[POSTSUBSCRIPT]] ([[OPEN]] \widehat{\bm{x}}[[UNKNOWN]] ^{\text{pgd}}[[POSTSUPERSCRIPT]] _{i}[[POSTSUBSCRIPT]] )[[CLOSE]] ,[[PUNCT]] y[[UNKNOWN]] _{i}[[POSTSUBSCRIPT]] )[[CLOSE]]
Warning:not_parsed:SUMOP.POSTSUBSCRIPT.POSTSUPERSCRIPT>OPEN MathParser failed to match rule 'Anything'
	at icml2023_conference.tex; line 307 col 8 - line 307 col 33
	In "$\displaystyle\sum\limits_{i=1}^{n}\bigg{\{}$"
	∑[[SUMOP]] _{i=1}[[POSTSUBSCRIPT]] ^{n}[[POSTSUPERSCRIPT]]
	        > \{[[OPEN]]
Warning:not_parsed:UNKNOWN.MULOP.OPFUNCTION>OPEN MathParser failed to match rule 'Anything'
	at icml2023_conference.tex; line 308 col 7 - line 308 col 7
	In "$\displaystyle+\lambda\cdot\operatorname{KL}(\mathbf{p}_{\bm{\theta}}(\cdot|%
	\bm{x}_{i})\lVert\mathbf{p}_{\bm{\theta}}(\cdot|\bm{\widehat{x}}^{\text{pgd}}_%
	{i}))(1-p_{\bm{\theta}}(y_{i}|\bm{x}_{i}))\bigg{\}},\@@ENDINLINEMATH"
	+[[ADDOP]] λ[[UNKNOWN]] ⋅[[MULOP]] KL[[OPFUNCTION]]
	        > ([[OPEN]] p[[UNKNOWN]] _{\bm{\theta}}[[POSTSUBSCRIPT]] ([[OPEN]] ⋅[[MULOP]] |[[VERTBAR]] x[[UNKNOWN]] _{i}[[POSTSUBSCRIPT]] )[[CLOSE]] \lVert[[OPEN]] p[[UNKNOWN]] _{\bm{\theta}}[[POSTSUBSCRIPT]] ([[OPEN]] ⋅[[MULOP]] |[[VERTBAR]] \widehat{x}[[UNKNOWN]] ^{\text{pgd}}[[POSTSUPERSCRIPT]] _{i}[[POSTSUBSCRIPT]] )[[CLOSE]] )[[CLOSE]] ([[OPEN]] 1[[NUMBER]] -[[ADDOP]] p[[UNKNOWN]] _{\bm{\theta}}[[POSTSUBSCRIPT]] ([[OPEN]] y[[UNKNOWN]] _{i}[[POSTSUBSCRIPT]] |[[VERTBAR]] x[[UNKNOWN]] _{i}[[POSTSUBSCRIPT]] )[[CLOSE]] )[[CLOSE]] \}[[CLOSE]]
Warning:not_parsed:UNKNOWN.MULOP.OPFUNCTION>OPEN MathParser failed to match rule 'Anything'
	at icml2023_conference.tex; line 308 col 7 - line 309 col 11
	In "$\displaystyle+\lambda\cdot\operatorname{KL}(\mathbf{p}_{\bm{\theta}}(\cdot|%
	\bm{x}_{i})\lVert\mathbf{p}_{\bm{\theta}}(\cdot|\bm{\widehat{x}}^{\text{pgd}}_%
	{i}))(1-p_{\bm{\theta}}(y_{i}|\bm{x}_{i}))\bigg{\}},$"
	+[[ADDOP]] λ[[UNKNOWN]] ⋅[[MULOP]] KL[[OPFUNCTION]]
	        > ([[OPEN]] p[[UNKNOWN]] _{\bm{\theta}}[[POSTSUBSCRIPT]] ([[OPEN]] ⋅[[MULOP]] |[[VERTBAR]] x[[UNKNOWN]] _{i}[[POSTSUBSCRIPT]] )[[CLOSE]] \lVert[[OPEN]] p[[UNKNOWN]] _{\bm{\theta}}[[POSTSUBSCRIPT]] ([[OPEN]] ⋅[[MULOP]] |[[VERTBAR]] \widehat{x}[[UNKNOWN]] ^{\text{pgd}}[[POSTSUPERSCRIPT]] _{i}[[POSTSUBSCRIPT]] )[[CLOSE]] )[[CLOSE]] ([[OPEN]] 1[[NUMBER]] -[[ADDOP]] p[[UNKNOWN]] _{\bm{\theta}}[[POSTSUBSCRIPT]] ([[OPEN]] y[[UNKNOWN]] _{i}[[POSTSUBSCRIPT]] |[[VERTBAR]] x[[UNKNOWN]] _{i}[[POSTSUBSCRIPT]] )[[CLOSE]] )[[CLOSE]] \}[[CLOSE]]
Warning:not_parsed:NUMBER>OPEN MathParser failed to match rule 'Anything'
	at icml2023_conference.tex; line 356 col 9 - line 356 col 24
	In "$\mathbbm{1}(\cdot<0).$"
	1[[NUMBER]]
	        > ([[OPEN]] ⋅[[MULOP]] <[[RELOP]] 0[[NUMBER]] )[[CLOSE]]
Warning:not_parsed:NUMBER>OPEN MathParser failed to match rule 'Anything'
	at icml2023_conference.tex; line 359 col 25 - line 359 col 39
	In "$\mathbbm{1}(\cdot<0)$"
	1[[NUMBER]]
	        > ([[OPEN]] ⋅[[MULOP]] <[[RELOP]] 0[[NUMBER]] )[[CLOSE]]
Warning:not_parsed:OPFUNCTION.UNKNOWN.POSTSUBSCRIPT>OPEN MathParser failed to match rule 'Anything'
	at icml2023_conference.tex; line 415 col 6 - line 415 col 127
	In "$\ell^{\text{LS}}(f_{\bm{\theta}}(\bm{x}),y)=-{\bm{y}_{\alpha}^{\text{LS}}}^{%
	\top}\log\mathbf{p}_{\theta}(\cdot|\bm{x})$"
	ℓ[[UNKNOWN]] ^{\text{LS}}[[POSTSUPERSCRIPT]] ([[OPEN]] f[[UNKNOWN]] _{\bm{\theta}}[[POSTSUBSCRIPT]] ([[OPEN]] x[[UNKNOWN]] )[[CLOSE]] ,[[PUNCT]] y[[UNKNOWN]] )[[CLOSE]] =[[RELOP]] -[[ADDOP]] y[[UNKNOWN]] _{\alpha}[[POSTSUBSCRIPT]] ^{\text{LS}}[[POSTSUPERSCRIPT]] ^{\top}[[POSTSUPERSCRIPT]] log[[OPFUNCTION]] p[[UNKNOWN]] _{\theta}[[POSTSUBSCRIPT]]
	        > ([[OPEN]] ⋅[[MULOP]] |[[VERTBAR]] x[[UNKNOWN]] )[[CLOSE]]
Warning:not_parsed:UNKNOWN.MULOP.OPFUNCTION>OPEN MathParser failed to match rule 'Anything'
	at icml2023_conference.tex; line 420 col 2 - line 420 col 147
	In "$\lambda\cdot\operatorname{KL}(\mathbf{p}_{\bm{\theta}}(\cdot|\mathbf{X})||%
	\mathbf{p}_{\bm{\theta}}(\cdot|\widehat{\mathbf{X}}^{\text{pgd}}))$"
	λ[[UNKNOWN]] ⋅[[MULOP]] KL[[OPFUNCTION]]
	        > ([[OPEN]] p[[UNKNOWN]] _{\bm{\theta}}[[POSTSUBSCRIPT]] ([[OPEN]] ⋅[[MULOP]] |[[VERTBAR]] X[[UNKNOWN]] )[[CLOSE]] |[[VERTBAR]] |[[VERTBAR]] p[[UNKNOWN]] _{\bm{\theta}}[[POSTSUBSCRIPT]] ([[OPEN]] ⋅[[MULOP]] |[[VERTBAR]] \widehat{\mathbf{X}}[[UNKNOWN]] ^{\text{pgd}}[[POSTSUPERSCRIPT]] )[[CLOSE]] )[[CLOSE]]
Warning:not_parsed:SUMOP.POSTSUBSCRIPT.POSTSUPERSCRIPT>OPEN MathParser failed to match rule 'Anything'
	at icml2023_conference.tex; line 430 col 6 - line 430 col 6
	In "$\displaystyle:=\sum\limits_{i=1}^{n}\bigg{\{}\ell^{\text{LS}}(f_{\bm{\theta}}%
	(\bm{x}_{i}),y_{i})\@@ENDINLINEMATH"
	:=[[RELOP]] ∑[[SUMOP]] _{i=1}[[POSTSUBSCRIPT]] ^{n}[[POSTSUPERSCRIPT]]
	        > \{[[OPEN]] ℓ[[UNKNOWN]] ^{\text{LS}}[[POSTSUPERSCRIPT]] ([[OPEN]] f[[UNKNOWN]] _{\bm{\theta}}[[POSTSUBSCRIPT]] ([[OPEN]] x[[UNKNOWN]] _{i}[[POSTSUBSCRIPT]] )[[CLOSE]] ,[[PUNCT]] y[[UNKNOWN]] _{i}[[POSTSUBSCRIPT]] )[[CLOSE]]
Warning:not_parsed:SUMOP.POSTSUBSCRIPT.POSTSUPERSCRIPT>OPEN MathParser failed to match rule 'Anything'
	at icml2023_conference.tex; line 430 col 6 - line 431 col 17
	In "$\displaystyle:=\sum\limits_{i=1}^{n}\bigg{\{}\ell^{\text{LS}}(f_{\bm{\theta}}%
	(\bm{x}_{i}),y_{i})$"
	:=[[RELOP]] ∑[[SUMOP]] _{i=1}[[POSTSUBSCRIPT]] ^{n}[[POSTSUPERSCRIPT]]
	        > \{[[OPEN]] ℓ[[UNKNOWN]] ^{\text{LS}}[[POSTSUPERSCRIPT]] ([[OPEN]] f[[UNKNOWN]] _{\bm{\theta}}[[POSTSUBSCRIPT]] ([[OPEN]] x[[UNKNOWN]] _{i}[[POSTSUBSCRIPT]] )[[CLOSE]] ,[[PUNCT]] y[[UNKNOWN]] _{i}[[POSTSUBSCRIPT]] )[[CLOSE]]
Warning:not_parsed:UNKNOWN.MULOP.OPFUNCTION>OPEN MathParser failed to match rule 'Anything'
	at icml2023_conference.tex; line 432 col 7 - line 432 col 7
	In "$\displaystyle+2\lambda\cdot\operatorname{KL}(\mathbf{p}_{\bm{\theta}}(\cdot|%
	\bm{x}_{i})||\mathbf{p}_{\bm{\theta}}(\cdot|\widehat{\bm{x}}^{\text{pgd}}_{i})%
	)\cdot(1-p_{\bm{\theta}}(y_{i}|\widehat{\bm{x}}^{\text{pgd}}_{i}))\bigg{\}}.\@@ENDINLINEMATH"
	+[[ADDOP]] 2[[NUMBER]] λ[[UNKNOWN]] ⋅[[MULOP]] KL[[OPFUNCTION]]
	        > ([[OPEN]] p[[UNKNOWN]] _{\bm{\theta}}[[POSTSUBSCRIPT]] ([[OPEN]] ⋅[[MULOP]] |[[VERTBAR]] x[[UNKNOWN]] _{i}[[POSTSUBSCRIPT]] )[[CLOSE]] |[[VERTBAR]] |[[VERTBAR]] p[[UNKNOWN]] _{\bm{\theta}}[[POSTSUBSCRIPT]] ([[OPEN]] ⋅[[MULOP]] |[[VERTBAR]] \widehat{\bm{x}}[[UNKNOWN]] ^{\text{pgd}}[[POSTSUPERSCRIPT]] _{i}[[POSTSUBSCRIPT]] )[[CLOSE]] )[[CLOSE]] ⋅[[MULOP]] ([[OPEN]] 1[[NUMBER]] -[[ADDOP]] p[[UNKNOWN]] _{\bm{\theta}}[[POSTSUBSCRIPT]] ([[OPEN]] y[[UNKNOWN]] _{i}[[POSTSUBSCRIPT]] |[[VERTBAR]] \widehat{\bm{x}}[[UNKNOWN]] ^{\text{pgd}}[[POSTSUPERSCRIPT]] _{i}[[POSTSUBSCRIPT]] )[[CLOSE]] )[[CLOSE]] \}[[CLOSE]]
Warning:not_parsed:UNKNOWN.MULOP.OPFUNCTION>OPEN MathParser failed to match rule 'Anything'
	at icml2023_conference.tex; line 432 col 7 - line 434 col 11
	In "$\displaystyle+2\lambda\cdot\operatorname{KL}(\mathbf{p}_{\bm{\theta}}(\cdot|%
	\bm{x}_{i})||\mathbf{p}_{\bm{\theta}}(\cdot|\widehat{\bm{x}}^{\text{pgd}}_{i})%
	)\cdot(1-p_{\bm{\theta}}(y_{i}|\widehat{\bm{x}}^{\text{pgd}}_{i}))\bigg{\}}.$"
	+[[ADDOP]] 2[[NUMBER]] λ[[UNKNOWN]] ⋅[[MULOP]] KL[[OPFUNCTION]]
	        > ([[OPEN]] p[[UNKNOWN]] _{\bm{\theta}}[[POSTSUBSCRIPT]] ([[OPEN]] ⋅[[MULOP]] |[[VERTBAR]] x[[UNKNOWN]] _{i}[[POSTSUBSCRIPT]] )[[CLOSE]] |[[VERTBAR]] |[[VERTBAR]] p[[UNKNOWN]] _{\bm{\theta}}[[POSTSUBSCRIPT]] ([[OPEN]] ⋅[[MULOP]] |[[VERTBAR]] \widehat{\bm{x}}[[UNKNOWN]] ^{\text{pgd}}[[POSTSUPERSCRIPT]] _{i}[[POSTSUBSCRIPT]] )[[CLOSE]] )[[CLOSE]] ⋅[[MULOP]] ([[OPEN]] 1[[NUMBER]] -[[ADDOP]] p[[UNKNOWN]] _{\bm{\theta}}[[POSTSUBSCRIPT]] ([[OPEN]] y[[UNKNOWN]] _{i}[[POSTSUBSCRIPT]] |[[VERTBAR]] \widehat{\bm{x}}[[UNKNOWN]] ^{\text{pgd}}[[POSTSUPERSCRIPT]] _{i}[[POSTSUBSCRIPT]] )[[CLOSE]] )[[CLOSE]] \}[[CLOSE]]
Warning:not_parsed:UNKNOWN.POSTSUBSCRIPT>OPEN MathParser failed to match rule 'Anything'
	at icml2023_conference.tex; line 442 col 56 - line 442 col 81
	In "$\mathbf{p}_{\theta}(\cdot|\bm{x})$"
	p[[UNKNOWN]] _{\theta}[[POSTSUBSCRIPT]]
	        > ([[OPEN]] ⋅[[MULOP]] |[[VERTBAR]] x[[UNKNOWN]] )[[CLOSE]]
Warning:not_parsed:UNKNOWN.POSTSUBSCRIPT>OPEN MathParser failed to match rule 'Anything'
	at icml2023_conference.tex; line 443 col 35 - line 443 col 67
	In "$\mathbf{p}_{\bm{\theta}}(\cdot|\bm{x})$"
	p[[UNKNOWN]] _{\bm{\theta}}[[POSTSUBSCRIPT]]
	        > ([[OPEN]] ⋅[[MULOP]] |[[VERTBAR]] x[[UNKNOWN]] )[[CLOSE]]
Warning:not_parsed:CLOSE.CLOSE.CLOSE>CLOSE MathParser failed to match rule 'Anything'
	at icml2023_conference.tex; line 846 col 21 - line 848 col 2
	In "$\mathbbm{1}(F_{\bm{\theta}}(\mathbf{X})\neq F_{\bm{\theta}}(z(\mathbf{X}))))$"
	1[[NUMBER]] ([[OPEN]] F[[UNKNOWN]] _{\bm{\theta}}[[POSTSUBSCRIPT]] ([[OPEN]] X[[UNKNOWN]] )[[CLOSE]] ≠[[RELOP]] F[[UNKNOWN]] _{\bm{\theta}}[[POSTSUBSCRIPT]] ([[OPEN]] z[[UNKNOWN]] ([[OPEN]] X[[UNKNOWN]] )[[CLOSE]] )[[CLOSE]] )[[CLOSE]]
	        > )[[CLOSE]]
Warning:not_parsed:OPFUNCTION>OPEN MathParser failed to match rule 'Anything'
	at icml2023_conference.tex; line 848 col 20 - line 848 col 139
	In "$\operatorname{KL}(\mathbf{p}_{\bm{\theta}}(\cdot|\mathbf{X})||\mathbf{p}_{\bm%
	{\theta}}(\cdot|\widehat{\mathbf{X}}^{\text{pgd}})).$"
	KL[[OPFUNCTION]]
	        > ([[OPEN]] p[[UNKNOWN]] _{\bm{\theta}}[[POSTSUBSCRIPT]] ([[OPEN]] ⋅[[MULOP]] |[[VERTBAR]] X[[UNKNOWN]] )[[CLOSE]] |[[VERTBAR]] |[[VERTBAR]] p[[UNKNOWN]] _{\bm{\theta}}[[POSTSUBSCRIPT]] ([[OPEN]] ⋅[[MULOP]] |[[VERTBAR]] \widehat{\mathbf{X}}[[UNKNOWN]] ^{\text{pgd}}[[POSTSUPERSCRIPT]] )[[CLOSE]] )[[CLOSE]]
Warning:not_parsed:CLOSE.CLOSE.CLOSE>OPEN MathParser failed to match rule 'Anything'
	at icml2023_conference.tex; line 937 col 6 - line 937 col 6
	In "$\displaystyle\leq\mathbb{E}_{(\mathbf{X},Y)}\mathbbm{1}\left\{F_{\bm{\theta}}%
	(\mathbf{X})\neq F_{\bm{\theta}}(z(\mathbf{X})),Y\neq F_{\bm{\theta}}(z(%
	\mathbf{X}))\right\}(\because\text{\;Lemma\;}\ref{lemma2})\@@ENDINLINEMATH"
	≤[[RELOP]] E[[UNKNOWN]] _{(\mathbf{X},Y)}[[POSTSUBSCRIPT]] 1[[NUMBER]] \left\{[[OPEN]] F[[UNKNOWN]] _{\bm{\theta}}[[POSTSUBSCRIPT]] ([[OPEN]] X[[UNKNOWN]] )[[CLOSE]] ≠[[RELOP]] F[[UNKNOWN]] _{\bm{\theta}}[[POSTSUBSCRIPT]] ([[OPEN]] z[[UNKNOWN]] ([[OPEN]] X[[UNKNOWN]] )[[CLOSE]] )[[CLOSE]] ,[[PUNCT]] Y[[UNKNOWN]] ≠[[RELOP]] F[[UNKNOWN]] _{\bm{\theta}}[[POSTSUBSCRIPT]] ([[OPEN]] z[[UNKNOWN]] ([[OPEN]] X[[UNKNOWN]] )[[CLOSE]] )[[CLOSE]] \right\}[[CLOSE]]
	        > ([[OPEN]] ∵[[METARELOP]] \text{\;Lemma\;}\ref{lemma2}[[UNKNOWN]] )[[CLOSE]]
Warning:not_parsed:CLOSE.CLOSE.CLOSE>OPEN MathParser failed to match rule 'Anything'
	at icml2023_conference.tex; line 937 col 6 - line 937 col 207
	In "$\displaystyle\leq\mathbb{E}_{(\mathbf{X},Y)}\mathbbm{1}\left\{F_{\bm{\theta}}%
	(\mathbf{X})\neq F_{\bm{\theta}}(z(\mathbf{X})),Y\neq F_{\bm{\theta}}(z(%
	\mathbf{X}))\right\}(\because\text{\;Lemma\;}\ref{lemma2})$"
	≤[[RELOP]] E[[UNKNOWN]] _{(\mathbf{X},Y)}[[POSTSUBSCRIPT]] 1[[NUMBER]] \left\{[[OPEN]] F[[UNKNOWN]] _{\bm{\theta}}[[POSTSUBSCRIPT]] ([[OPEN]] X[[UNKNOWN]] )[[CLOSE]] ≠[[RELOP]] F[[UNKNOWN]] _{\bm{\theta}}[[POSTSUBSCRIPT]] ([[OPEN]] z[[UNKNOWN]] ([[OPEN]] X[[UNKNOWN]] )[[CLOSE]] )[[CLOSE]] ,[[PUNCT]] Y[[UNKNOWN]] ≠[[RELOP]] F[[UNKNOWN]] _{\bm{\theta}}[[POSTSUBSCRIPT]] ([[OPEN]] z[[UNKNOWN]] ([[OPEN]] X[[UNKNOWN]] )[[CLOSE]] )[[CLOSE]] \right\}[[CLOSE]]
	        > ([[OPEN]] ∵[[METARELOP]] \text{\;Lemma\;}\ref{lemma2}\text{\;Lemma\;}\ref{lemma2}[[UNKNOWN]] )[[CLOSE]]
Warning:not_parsed:SUMOP.POSTSUBSCRIPT.POSTSUPERSCRIPT>OPEN MathParser failed to match rule 'Anything'
	at icml2023_conference.tex; line 978 col 12 - line 978 col 12
	In "$\displaystyle\mathcal{R}_{\text{CoW}}(\bm{\theta};\left\{(\bm{x}_{i},y_{i})%
	\right\}_{i=1}^{n},\lambda):=\sum\limits_{i=1}^{n}\bigg{\{}\ell^{\text{LS}}(f_%
	{\bm{\theta}}(\bm{x}_{i}),y_{i})+2\lambda\cdot\operatorname{KL}(\mathbf{p}_{%
	\bm{\theta}}(\cdot|\bm{x}_{i})||\mathbf{p}_{\bm{\theta}}(\cdot|\widehat{\bm{x}%
	}^{\text{pgd}}_{i}))\cdot p_{\bm{\theta}}(y_{i}|\bm{x}_{i})\bigg{\}}.\@@ENDINLINEMATH"
	R[[UNKNOWN]] _{\text{CoW}}[[POSTSUBSCRIPT]] ([[OPEN]] θ[[UNKNOWN]] ;[[PUNCT]] \left\{[[OPEN]] ([[OPEN]] x[[UNKNOWN]] _{i}[[POSTSUBSCRIPT]] ,[[PUNCT]] y[[UNKNOWN]] _{i}[[POSTSUBSCRIPT]] )[[CLOSE]] \right\}[[CLOSE]] _{i=1}[[POSTSUBSCRIPT]] ^{n}[[POSTSUPERSCRIPT]] ,[[PUNCT]] λ[[UNKNOWN]] )[[CLOSE]] :=[[RELOP]] ∑[[SUMOP]] _{i=1}[[POSTSUBSCRIPT]] ^{n}[[POSTSUPERSCRIPT]]
	        > \{[[OPEN]] ℓ[[UNKNOWN]] ^{\text{LS}}[[POSTSUPERSCRIPT]] ([[OPEN]] f[[UNKNOWN]] _{\bm{\theta}}[[POSTSUBSCRIPT]] ([[OPEN]] x[[UNKNOWN]] _{i}[[POSTSUBSCRIPT]] )[[CLOSE]] ,[[PUNCT]] y[[UNKNOWN]] _{i}[[POSTSUBSCRIPT]] )[[CLOSE]] +[[ADDOP]] 2[[NUMBER]] λ[[UNKNOWN]] ⋅[[MULOP]] KL[[OPFUNCTION]] ([[OPEN]] p[[UNKNOWN]] _{\bm{\theta}}[[POSTSUBSCRIPT]] ([[OPEN]] ⋅[[MULOP]] |[[VERTBAR]] x[[UNKNOWN]] _{i}[[POSTSUBSCRIPT]] )[[CLOSE]] |[[VERTBAR]] |[[VERTBAR]] p[[UNKNOWN]] _{\bm{\theta}}[[POSTSUBSCRIPT]] ([[OPEN]] ⋅[[MULOP]] |[[VERTBAR]] \widehat{\bm{x}}[[UNKNOWN]] ^{\text{pgd}}[[POSTSUPERSCRIPT]] _{i}[[POSTSUBSCRIPT]] )[[CLOSE]] )[[CLOSE]] ⋅[[MULOP]] p[[UNKNOWN]] _{\bm{\theta}}[[POSTSUBSCRIPT]] ([[OPEN]] y[[UNKNOWN]] _{i}[[POSTSUBSCRIPT]] |[[VERTBAR]] x[[UNKNOWN]] _{i}[[POSTSUBSCRIPT]] )[[CLOSE]] \}[[CLOSE]]
Warning:not_parsed:SUMOP.POSTSUBSCRIPT.POSTSUPERSCRIPT>OPEN MathParser failed to match rule 'Anything'
	at icml2023_conference.tex; line 978 col 12 - line 980 col 12
	In "$\displaystyle\mathcal{R}_{\text{CoW}}(\bm{\theta};\left\{(\bm{x}_{i},y_{i})%
	\right\}_{i=1}^{n},\lambda):=\sum\limits_{i=1}^{n}\bigg{\{}\ell^{\text{LS}}(f_%
	{\bm{\theta}}(\bm{x}_{i}),y_{i})+2\lambda\cdot\operatorname{KL}(\mathbf{p}_{%
	\bm{\theta}}(\cdot|\bm{x}_{i})||\mathbf{p}_{\bm{\theta}}(\cdot|\widehat{\bm{x}%
	}^{\text{pgd}}_{i}))\cdot p_{\bm{\theta}}(y_{i}|\bm{x}_{i})\bigg{\}}.$"
	R[[UNKNOWN]] _{\text{CoW}}[[POSTSUBSCRIPT]] ([[OPEN]] θ[[UNKNOWN]] ;[[PUNCT]] \left\{[[OPEN]] ([[OPEN]] x[[UNKNOWN]] _{i}[[POSTSUBSCRIPT]] ,[[PUNCT]] y[[UNKNOWN]] _{i}[[POSTSUBSCRIPT]] )[[CLOSE]] \right\}[[CLOSE]] _{i=1}[[POSTSUBSCRIPT]] ^{n}[[POSTSUPERSCRIPT]] ,[[PUNCT]] λ[[UNKNOWN]] )[[CLOSE]] :=[[RELOP]] ∑[[SUMOP]] _{i=1}[[POSTSUBSCRIPT]] ^{n}[[POSTSUPERSCRIPT]]
	        > \{[[OPEN]] ℓ[[UNKNOWN]] ^{\text{LS}}[[POSTSUPERSCRIPT]] ([[OPEN]] f[[UNKNOWN]] _{\bm{\theta}}[[POSTSUBSCRIPT]] ([[OPEN]] x[[UNKNOWN]] _{i}[[POSTSUBSCRIPT]] )[[CLOSE]] ,[[PUNCT]] y[[UNKNOWN]] _{i}[[POSTSUBSCRIPT]] )[[CLOSE]] +[[ADDOP]] 2[[NUMBER]] λ[[UNKNOWN]] ⋅[[MULOP]] KL[[OPFUNCTION]] ([[OPEN]] p[[UNKNOWN]] _{\bm{\theta}}[[POSTSUBSCRIPT]] ([[OPEN]] ⋅[[MULOP]] |[[VERTBAR]] x[[UNKNOWN]] _{i}[[POSTSUBSCRIPT]] )[[CLOSE]] |[[VERTBAR]] |[[VERTBAR]] p[[UNKNOWN]] _{\bm{\theta}}[[POSTSUBSCRIPT]] ([[OPEN]] ⋅[[MULOP]] |[[VERTBAR]] \widehat{\bm{x}}[[UNKNOWN]] ^{\text{pgd}}[[POSTSUPERSCRIPT]] _{i}[[POSTSUBSCRIPT]] )[[CLOSE]] )[[CLOSE]] ⋅[[MULOP]] p[[UNKNOWN]] _{\bm{\theta}}[[POSTSUBSCRIPT]] ([[OPEN]] y[[UNKNOWN]] _{i}[[POSTSUBSCRIPT]] |[[VERTBAR]] x[[UNKNOWN]] _{i}[[POSTSUBSCRIPT]] )[[CLOSE]] \}[[CLOSE]]
Warning:not_parsed:SUMOP.POSTSUBSCRIPT.POSTSUPERSCRIPT>OPEN MathParser failed to match rule 'Anything'
	at icml2023_conference.tex; line 1416 col 8 - line 1416 col 8
	In "$\displaystyle\min_{\bm{\theta}}\max_{\left\|\bm{\delta}_{l}\right\|\leq\gamma%
	\left\|\bm{\theta}_{l}\right\|}\frac{1}{n}\sum_{i=1}^{n}\left\{\ell_{\text{ce}%
	}(f_{\bm{\theta}+\bm{\delta}}(\bm{x}_{i}),y_{i})+\lambda\cdot\operatorname{KL}%
	(\mathbf{p}_{\bm{\theta}+\bm{\delta}}(\cdot|\bm{x}_{i})\lVert\mathbf{p}_{{\bm{%
	\theta}+\bm{\delta}}}(\cdot|\widehat{\bm{x}}^{\text{pgd}}_{i}))\right\},\@@ENDINLINEMATH"
	min[[OPFUNCTION]] _{\bm{\theta}}[[POSTSUBSCRIPT]] max[[OPFUNCTION]] _{\left\|\bm{\delta}_{l}\right\|\leq\gamma\left\|\bm{\theta}_{l}\right\|}[[POSTSUBSCRIPT]] \frac{1}{n}[[UNKNOWN]] ∑[[SUMOP]] _{i=1}[[POSTSUBSCRIPT]] ^{n}[[POSTSUPERSCRIPT]]
	        > \left\{[[OPEN]] ℓ[[UNKNOWN]] _{\text{ce}}[[POSTSUBSCRIPT]] ([[OPEN]] f[[UNKNOWN]] _{\bm{\theta}+\bm{\delta}}[[POSTSUBSCRIPT]] ([[OPEN]] x[[UNKNOWN]] _{i}[[POSTSUBSCRIPT]] )[[CLOSE]] ,[[PUNCT]] y[[UNKNOWN]] _{i}[[POSTSUBSCRIPT]] )[[CLOSE]] +[[ADDOP]] λ[[UNKNOWN]] ⋅[[MULOP]] KL[[OPFUNCTION]] ([[OPEN]] p[[UNKNOWN]] _{\bm{\theta}+\bm{\delta}}[[POSTSUBSCRIPT]] ([[OPEN]] ⋅[[MULOP]] |[[VERTBAR]] x[[UNKNOWN]] _{i}[[POSTSUBSCRIPT]] )[[CLOSE]] \lVert[[OPEN]] p[[UNKNOWN]] _{{\bm{\theta}+\bm{\delta}}}[[POSTSUBSCRIPT]] ([[OPEN]] ⋅[[MULOP]] |[[VERTBAR]] \widehat{\bm{x}}[[UNKNOWN]] ^{\text{pgd}}[[POSTSUPERSCRIPT]] _{i}[[POSTSUBSCRIPT]] )[[CLOSE]] )[[CLOSE]] \right\}[[CLOSE]]
Warning:not_parsed:SUMOP.POSTSUBSCRIPT.POSTSUPERSCRIPT>OPEN MathParser failed to match rule 'Anything'
	at icml2023_conference.tex; line 1416 col 8 - line 1417 col 12
	In "$\displaystyle\min_{\bm{\theta}}\max_{\left\|\bm{\delta}_{l}\right\|\leq\gamma%
	\left\|\bm{\theta}_{l}\right\|}\frac{1}{n}\sum_{i=1}^{n}\left\{\ell_{\text{ce}%
	}(f_{\bm{\theta}+\bm{\delta}}(\bm{x}_{i}),y_{i})+\lambda\cdot\operatorname{KL}%
	(\mathbf{p}_{\bm{\theta}+\bm{\delta}}(\cdot|\bm{x}_{i})\lVert\mathbf{p}_{{\bm{%
	\theta}+\bm{\delta}}}(\cdot|\widehat{\bm{x}}^{\text{pgd}}_{i}))\right\},$"
	min[[OPFUNCTION]] _{\bm{\theta}}[[POSTSUBSCRIPT]] max[[OPFUNCTION]] _{\left\|\bm{\delta}_{l}\right\|\leq\gamma\left\|\bm{\theta}_{l}\right\|}[[POSTSUBSCRIPT]] \frac{1}{n}[[UNKNOWN]] ∑[[SUMOP]] _{i=1}[[POSTSUBSCRIPT]] ^{n}[[POSTSUPERSCRIPT]]
	        > \left\{[[OPEN]] ℓ[[UNKNOWN]] _{\text{ce}}[[POSTSUBSCRIPT]] ([[OPEN]] f[[UNKNOWN]] _{\bm{\theta}+\bm{\delta}}[[POSTSUBSCRIPT]] ([[OPEN]] x[[UNKNOWN]] _{i}[[POSTSUBSCRIPT]] )[[CLOSE]] ,[[PUNCT]] y[[UNKNOWN]] _{i}[[POSTSUBSCRIPT]] )[[CLOSE]] +[[ADDOP]] λ[[UNKNOWN]] ⋅[[MULOP]] KL[[OPFUNCTION]] ([[OPEN]] p[[UNKNOWN]] _{\bm{\theta}+\bm{\delta}}[[POSTSUBSCRIPT]] ([[OPEN]] ⋅[[MULOP]] |[[VERTBAR]] x[[UNKNOWN]] _{i}[[POSTSUBSCRIPT]] )[[CLOSE]] \lVert[[OPEN]] p[[UNKNOWN]] _{{\bm{\theta}+\bm{\delta}}}[[POSTSUBSCRIPT]] ([[OPEN]] ⋅[[MULOP]] |[[VERTBAR]] \widehat{\bm{x}}[[UNKNOWN]] ^{\text{pgd}}[[POSTSUPERSCRIPT]] _{i}[[POSTSUBSCRIPT]] )[[CLOSE]] )[[CLOSE]] \right\}[[CLOSE]]
Warning:not_parsed:SUMOP.POSTSUBSCRIPT.POSTSUPERSCRIPT>OPEN MathParser failed to match rule 'Anything'
	at icml2023_conference.tex; line 1422 col 8 - line 1422 col 8
	In "$\displaystyle\min_{\bm{\theta}}\max_{\left\|\bm{\delta}_{l}\right\|\leq\gamma%
	\left\|\bm{\theta}_{l}\right\|}\frac{1}{n}\sum_{i=1}^{n}\Big{\{}\ell_{\text{ce%
	}}(f_{\bm{\theta}+\bm{\delta}}(\bm{x}_{i}),y_{i})\@@ENDINLINEMATH"
	min[[OPFUNCTION]] _{\bm{\theta}}[[POSTSUBSCRIPT]] max[[OPFUNCTION]] _{\left\|\bm{\delta}_{l}\right\|\leq\gamma\left\|\bm{\theta}_{l}\right\|}[[POSTSUBSCRIPT]] \frac{1}{n}[[UNKNOWN]] ∑[[SUMOP]] _{i=1}[[POSTSUBSCRIPT]] ^{n}[[POSTSUPERSCRIPT]]
	        > \{[[OPEN]] ℓ[[UNKNOWN]] _{\text{ce}}[[POSTSUBSCRIPT]] ([[OPEN]] f[[UNKNOWN]] _{\bm{\theta}+\bm{\delta}}[[POSTSUBSCRIPT]] ([[OPEN]] x[[UNKNOWN]] _{i}[[POSTSUBSCRIPT]] )[[CLOSE]] ,[[PUNCT]] y[[UNKNOWN]] _{i}[[POSTSUBSCRIPT]] )[[CLOSE]]
Warning:not_parsed:SUMOP.POSTSUBSCRIPT.POSTSUPERSCRIPT>OPEN MathParser failed to match rule 'Anything'
	at icml2023_conference.tex; line 1422 col 8 - line 1422 col 134
	In "$\displaystyle\min_{\bm{\theta}}\max_{\left\|\bm{\delta}_{l}\right\|\leq\gamma%
	\left\|\bm{\theta}_{l}\right\|}\frac{1}{n}\sum_{i=1}^{n}\Big{\{}$"
	min[[OPFUNCTION]] _{\bm{\theta}}[[POSTSUBSCRIPT]] max[[OPFUNCTION]] _{\left\|\bm{\delta}_{l}\right\|\leq\gamma\left\|\bm{\theta}_{l}\right\|}[[POSTSUBSCRIPT]] \frac{1}{n}[[UNKNOWN]] ∑[[SUMOP]] _{i=1}[[POSTSUBSCRIPT]] ^{n}[[POSTSUPERSCRIPT]]
	        > \{[[OPEN]]
Warning:not_parsed:UNKNOWN.MULOP.OPFUNCTION>OPEN MathParser failed to match rule 'Anything'
	at icml2023_conference.tex; line 1423 col 7 - line 1423 col 7
	In "$\displaystyle+2\lambda\cdot\operatorname{KL}(\mathbf{p}_{\bm{\theta}+\bm{%
	\delta}}(\cdot|\bm{x}_{i})\lVert\mathbf{p}_{{\bm{\theta}+\bm{\delta}}}(\cdot|%
	\widehat{\bm{x}}^{\text{pgd}}_{i}))\cdot(1-p_{\bm{\theta}}(y_{i}|\widehat{\bm{%
	x}}^{\text{pgd}}_{i}))\Big{\}}.\@@ENDINLINEMATH"
	+[[ADDOP]] 2[[NUMBER]] λ[[UNKNOWN]] ⋅[[MULOP]] KL[[OPFUNCTION]]
	        > ([[OPEN]] p[[UNKNOWN]] _{\bm{\theta}+\bm{\delta}}[[POSTSUBSCRIPT]] ([[OPEN]] ⋅[[MULOP]] |[[VERTBAR]] x[[UNKNOWN]] _{i}[[POSTSUBSCRIPT]] )[[CLOSE]] \lVert[[OPEN]] p[[UNKNOWN]] _{{\bm{\theta}+\bm{\delta}}}[[POSTSUBSCRIPT]] ([[OPEN]] ⋅[[MULOP]] |[[VERTBAR]] \widehat{\bm{x}}[[UNKNOWN]] ^{\text{pgd}}[[POSTSUPERSCRIPT]] _{i}[[POSTSUBSCRIPT]] )[[CLOSE]] )[[CLOSE]] ⋅[[MULOP]] ([[OPEN]] 1[[NUMBER]] -[[ADDOP]] p[[UNKNOWN]] _{\bm{\theta}}[[POSTSUBSCRIPT]] ([[OPEN]] y[[UNKNOWN]] _{i}[[POSTSUBSCRIPT]] |[[VERTBAR]] \widehat{\bm{x}}[[UNKNOWN]] ^{\text{pgd}}[[POSTSUPERSCRIPT]] _{i}[[POSTSUBSCRIPT]] )[[CLOSE]] )[[CLOSE]] \}[[CLOSE]]
Warning:not_parsed:UNKNOWN.MULOP.OPFUNCTION>OPEN MathParser failed to match rule 'Anything'
	at icml2023_conference.tex; line 1423 col 7 - line 1425 col 12
	In "$\displaystyle+2\lambda\cdot\operatorname{KL}(\mathbf{p}_{\bm{\theta}+\bm{%
	\delta}}(\cdot|\bm{x}_{i})\lVert\mathbf{p}_{{\bm{\theta}+\bm{\delta}}}(\cdot|%
	\widehat{\bm{x}}^{\text{pgd}}_{i}))\cdot(1-p_{\bm{\theta}}(y_{i}|\widehat{\bm{%
	x}}^{\text{pgd}}_{i}))\Big{\}}.$"
	+[[ADDOP]] 2[[NUMBER]] λ[[UNKNOWN]] ⋅[[MULOP]] KL[[OPFUNCTION]]
	        > ([[OPEN]] p[[UNKNOWN]] _{\bm{\theta}+\bm{\delta}}[[POSTSUBSCRIPT]] ([[OPEN]] ⋅[[MULOP]] |[[VERTBAR]] x[[UNKNOWN]] _{i}[[POSTSUBSCRIPT]] )[[CLOSE]] \lVert[[OPEN]] p[[UNKNOWN]] _{{\bm{\theta}+\bm{\delta}}}[[POSTSUBSCRIPT]] ([[OPEN]] ⋅[[MULOP]] |[[VERTBAR]] \widehat{\bm{x}}[[UNKNOWN]] ^{\text{pgd}}[[POSTSUPERSCRIPT]] _{i}[[POSTSUBSCRIPT]] )[[CLOSE]] )[[CLOSE]] ⋅[[MULOP]] ([[OPEN]] 1[[NUMBER]] -[[ADDOP]] p[[UNKNOWN]] _{\bm{\theta}}[[POSTSUBSCRIPT]] ([[OPEN]] y[[UNKNOWN]] _{i}[[POSTSUBSCRIPT]] |[[VERTBAR]] \widehat{\bm{x}}[[UNKNOWN]] ^{\text{pgd}}[[POSTSUPERSCRIPT]] _{i}[[POSTSUBSCRIPT]] )[[CLOSE]] )[[CLOSE]] \}[[CLOSE]]
Warning:not_parsed:UNKNOWN.MULOP.OPFUNCTION>OPEN MathParser failed to match rule 'Anything'
	at icml2023_conference.tex; line 1433 col 0 - line 1435 col 15
	In "\begin{equation*}\sum\limits_{i=1}^{n}\ell_{\text{ce}}(f_{\bm{\theta}}(\bm{x}_%
	{i}),y_{i})+\lambda\cdot\operatorname{KL}(\mathbf{p}_{\theta}(\cdot|\bm{x}_{i}%
	)\lVert\mathbf{p}_{\theta}(\cdot|\widehat{\bm{x}}^{(t_{i})}_{i}))\end{equation*}"
	∑[[SUMOP]] _{i=1}[[POSTSUBSCRIPT]] ^{n}[[POSTSUPERSCRIPT]] ℓ[[UNKNOWN]] _{\text{ce}}[[POSTSUBSCRIPT]] ([[OPEN]] f[[UNKNOWN]] _{\bm{\theta}}[[POSTSUBSCRIPT]] ([[OPEN]] x[[UNKNOWN]] _{i}[[POSTSUBSCRIPT]] )[[CLOSE]] ,[[PUNCT]] y[[UNKNOWN]] _{i}[[POSTSUBSCRIPT]] )[[CLOSE]] +[[ADDOP]] λ[[UNKNOWN]] ⋅[[MULOP]] KL[[OPFUNCTION]]
	        > ([[OPEN]] p[[UNKNOWN]] _{\theta}[[POSTSUBSCRIPT]] ([[OPEN]] ⋅[[MULOP]] |[[VERTBAR]] x[[UNKNOWN]] _{i}[[POSTSUBSCRIPT]] )[[CLOSE]] \lVert[[OPEN]] p[[UNKNOWN]] _{\theta}[[POSTSUBSCRIPT]] ([[OPEN]] ⋅[[MULOP]] |[[VERTBAR]] \widehat{\bm{x}}[[UNKNOWN]] ^{(t_{i})}[[POSTSUPERSCRIPT]] _{i}[[POSTSUBSCRIPT]] )[[CLOSE]] )[[CLOSE]]
Warning:not_parsed:SUMOP.POSTSUBSCRIPT.POSTSUPERSCRIPT>OPEN MathParser failed to match rule 'Anything'
	at icml2023_conference.tex; line 1440 col 0 - line 1443 col 15
	In "\begin{equation*}\sum\limits_{i=1}^{n}\left\{\ell^{\text{LS}}_{\alpha}(f_{%
	\theta}(\bm{x}_{i}),y_{i})+2\lambda\cdot\operatorname{KL}(\mathbf{p}_{\theta}(%
	\cdot|\bm{x}_{i})\lVert\mathbf{p}_{\theta}(\cdot|\widehat{\bm{x}}^{(t_{i})}_{i%
	}))\cdot(1-p_{\bm{\theta}}(y_{i}|\widehat{\bm{x}}^{(t_{i})}_{i}))\right\}.\end{equation*}"
	∑[[SUMOP]] _{i=1}[[POSTSUBSCRIPT]] ^{n}[[POSTSUPERSCRIPT]]
	        > \left\{[[OPEN]] ℓ[[UNKNOWN]] ^{\text{LS}}[[POSTSUPERSCRIPT]] _{\alpha}[[POSTSUBSCRIPT]] ([[OPEN]] f[[UNKNOWN]] _{\theta}[[POSTSUBSCRIPT]] ([[OPEN]] x[[UNKNOWN]] _{i}[[POSTSUBSCRIPT]] )[[CLOSE]] ,[[PUNCT]] y[[UNKNOWN]] _{i}[[POSTSUBSCRIPT]] )[[CLOSE]] +[[ADDOP]] 2[[NUMBER]] λ[[UNKNOWN]] ⋅[[MULOP]] KL[[OPFUNCTION]] ([[OPEN]] p[[UNKNOWN]] _{\theta}[[POSTSUBSCRIPT]] ([[OPEN]] ⋅[[MULOP]] |[[VERTBAR]] x[[UNKNOWN]] _{i}[[POSTSUBSCRIPT]] )[[CLOSE]] \lVert[[OPEN]] p[[UNKNOWN]] _{\theta}[[POSTSUBSCRIPT]] ([[OPEN]] ⋅[[MULOP]] |[[VERTBAR]] \widehat{\bm{x}}[[UNKNOWN]] ^{(t_{i})}[[POSTSUPERSCRIPT]] _{i}[[POSTSUBSCRIPT]] )[[CLOSE]] )[[CLOSE]] ⋅[[MULOP]] ([[OPEN]] 1[[NUMBER]] -[[ADDOP]] p[[UNKNOWN]] _{\bm{\theta}}[[POSTSUBSCRIPT]] ([[OPEN]] y[[UNKNOWN]] _{i}[[POSTSUBSCRIPT]] |[[VERTBAR]] \widehat{\bm{x}}[[UNKNOWN]] ...
Warning:not_parsed:SUMOP.POSTSUBSCRIPT.POSTSUPERSCRIPT>OPEN MathParser failed to match rule 'Anything'
	at icml2023_conference.tex; line 1451 col 241 - line 1451 col 241
	In "$\text{SD}=\sqrt{\dfrac{1}{C}\sum\limits_{c=1}^{C}(\text{Acc}(c)-\bar{\text{%
	Acc}}})^{2}$"
	\dfrac{1}{C}[[UNKNOWN]] ∑[[SUMOP]] _{c=1}[[POSTSUBSCRIPT]] ^{C}[[POSTSUPERSCRIPT]]
	        > ([[OPEN]] \text{Acc}[[UNKNOWN]] ([[OPEN]] c[[UNKNOWN]] )[[CLOSE]] -[[ADDOP]] \bar{\text{Acc}}[[UNKNOWN]]
Warning:not_parsed:ATOM.RELOP.ATOM>CLOSE MathParser failed to match rule 'Anything'
	at icml2023_conference.tex; line 1451 col 164 - line 1451 col 245
	\text{SD}[[UNKNOWN]] =[[RELOP]] \sqrt{\dfrac{1}{C}\sum\limits_{c=1}^{C}(\text{Acc}(c)-\bar{\text{Acc}}}[[UNKNOWN]]
	        > )[[CLOSE]] ^{2}[[POSTSUPERSCRIPT]]
Warning:not_parsed:>OPEN MathParser failed to match rule 'Anything'
	at icml2023_conference.tex; line 1484 col 73 - line 1484 col 99
	In "$(26.1\%\rightarrow 30.2\%$"
	> ([[OPEN]] 26.1[[NUMBER]] \%[[POSTFIX]] →[[ARROW]] 30.2[[NUMBER]] \%[[POSTFIX]]
 24.74 sec)
Math parsing succeeded:
   ltx:XMath: 378/419
   ltx:XMArg: 904/905
   ltx:XMWrap: 9/9
Symbols assumed as simple identifiers (with # of occurences):
   'B{caligraphic}' (22), 'B{italic}' (1), 'C{italic}' (1), 'D{caligraphic}' (1), 'E{blackboard}' (43), 'F{italic}' (153), 'K{italic}' (2), 'M{italic}' (1), 'Pi' (2), 'R{blackboard}' (4), 'R{caligraphic}' (42), 'T{italic}' (4), 'X{bold}' (173), 'X{caligraphic}' (7), 'Y{bold}' (3), 'Y{caligraphic}' (1), 'Y{italic}' (91), 'alpha' (4), 'b{italic}' (2), 'c{italic}' (5), 'delta' (16), 'ell' (41), 'eta' (4), 'e{italic}' (35), 'f{italic}' (54), 'gamma' (8), 'i{italic}' (24), 'kappa' (2), 'k{italic}' (5), 'lambda' (70), 'm{italic}' (6), 'nu' (1), 'phi' (5), 'p{bold}' (80), 'p{italic}' (42), 'theta' (73), 't{italic}' (9), 'u{bold}' (2), 'varepsilon' (28), 'w{italic}' (2), 'x{bold italic}' (206), 'y{bold italic}' (3), 'y{italic}' (84), 'z{italic}' (59)
Set MATHPARSER_SPECULATE to speculate on possible notations.
(Finalizing... 0.66 sec)
Conversion complete: 44 warnings; 2 missing files[tikz.sty, cleveref.sty] (See parsed.log) (reqd. 37.26s)
