latexml (LaTeXML version 0.8.8) processing main.tex
(Digesting TeX main...
(Loading /usr/share/perl5/LaTeXML/Package/TeX.pool.ltxml...
(Loading /usr/share/perl5/LaTeXML/Package/eTeX.pool.ltxml... 0.01 sec)
(Loading /usr/share/perl5/LaTeXML/Package/pdfTeX.pool.ltxml... 0.01 sec) 0.14 sec)
(Processing content /home/miri/Documents/university/DataLit/arXiv_src_fetcher/ICLR_2023_first100/-G1kjTFsSs/main.tex...
(Loading /usr/share/perl5/LaTeXML/Package/LaTeX.pool.ltxml...
(Loading /usr/share/perl5/LaTeXML/Package/textcomp.sty.ltxml...
(Processing definitions /usr/share/texlive/texmf-dist/tex/latex/base/ts1enc.dfu... 0.02 sec) 0.30 sec) 0.52 sec)
(Loading /usr/share/perl5/LaTeXML/Package/article.cls.ltxml... 0.01 sec)
Warning:missing_file:jmlr2e Can't find binding for package jmlr2e
	at main.tex; line 12 col 0 - line 12 col 1
	Anticipate undefined macros or environments
	search paths are /home/miri/Documents/university/DataLit/arXiv_src_fetcher/ICLR_2023_first100/-G1kjTFsSs
	In Core::Definition::Constructor[\usepac... /usr/share/perl5/LaTeXML/Package/LaTeX.pool.ltxml; line 879
Info:dependencies:dependencies Loading dependencies for /home/miri/Documents/university/DataLit/arXiv_src_fetcher/ICLR_2023_first100/-G1kjTFsSs/jmlr2e.sty: epsfig,amssymb,natbib,graphicx
	at main.tex; line 12 col 0 - line 12 col 1
(Loading /usr/share/perl5/LaTeXML/Package/epsfig.sty.ltxml...
(Loading /usr/share/perl5/LaTeXML/Package/graphicx.sty.ltxml...
(Loading /usr/share/perl5/LaTeXML/Package/graphics.sty.ltxml... 0.01 sec) 0.01 sec) 0.03 sec)
(Loading /usr/share/perl5/LaTeXML/Package/amssymb.sty.ltxml...
(Loading /usr/share/perl5/LaTeXML/Package/amsfonts.sty.ltxml... 0.00 sec) 0.01 sec)
(Loading /usr/share/perl5/LaTeXML/Package/natbib.sty.ltxml... 0.02 sec)
Error:undefined:\jmlrheading The token T_CS[\jmlrheading] is not defined.
	at main.tex; line 20 col 12 - line 20 col 12
	Defining it now as <ltx:ERROR/>
	Next token is T_BEGIN[{] ( == T_BEGIN[{])
	In Core::Gullet[@0x6244e5f267f8] /home/miri/Documents/university/DataLit/arXiv_src_fetcher/ICLR_2023_first100/-G1kjTFsSs/main.tex; from line 20 col 13 to line 20 col 13
	 <= Core::Stomach[@0x6244e61366e0] <= ...
Error:undefined:\ShortHeadings The token T_CS[\ShortHeadings] is not defined.
	at main.tex; line 24 col 14 - line 24 col 14
	Defining it now as <ltx:ERROR/>
	Next token is T_BEGIN[{] ( == T_BEGIN[{])
	In Core::Gullet[@0x6244e5f267f8] /home/miri/Documents/university/DataLit/arXiv_src_fetcher/ICLR_2023_first100/-G1kjTFsSs/main.tex; from line 24 col 15 to line 24 col 15
	 <= Core::Stomach[@0x6244e61366e0] <= ...
Error:undefined:\firstpageno The token T_CS[\firstpageno] is not defined.
	at main.tex; line 25 col 12 - line 25 col 12
	Defining it now as <ltx:ERROR/>
	Next token is T_BEGIN[{] ( == T_BEGIN[{])
	In Core::Gullet[@0x6244e5f267f8] /home/miri/Documents/university/DataLit/arXiv_src_fetcher/ICLR_2023_first100/-G1kjTFsSs/main.tex; from line 25 col 13 to line 25 col 13
	 <= Core::Stomach[@0x6244e61366e0] <= ...
(Loading /usr/share/perl5/LaTeXML/Package/inputenc.sty.ltxml...
(Loading /usr/share/perl5/LaTeXML/Package/utf8.def.ltxml... 0.00 sec) 0.01 sec)
(Loading /usr/share/perl5/LaTeXML/Package/fontenc.sty.ltxml...
(Loading /usr/share/perl5/LaTeXML/Package/t1enc.def.ltxml...
(Processing definitions /usr/share/texlive/texmf-dist/tex/latex/base/t1enc.def...
(Processing definitions /usr/share/texlive/texmf-dist/tex/latex/base/t1enc.dfu... 0.04 sec)
(Loading /usr/share/perl5/LaTeXML/Package/t1.fontmap.ltxml... 0.00 sec) 0.10 sec) 0.10 sec) 0.11 sec)
(Loading /usr/share/perl5/LaTeXML/Package/hyperref.sty.ltxml...
(Loading /usr/share/perl5/LaTeXML/Package/ltxcmds.sty.ltxml...
(Processing definitions /usr/share/texlive/texmf-dist/tex/generic/ltxcmds/ltxcmds.sty... 0.08 sec) 0.08 sec)
(Loading /usr/share/perl5/LaTeXML/Package/keyval.sty.ltxml...
(Processing definitions /usr/share/texlive/texmf-dist/tex/latex/graphics/keyval.sty... 0.01 sec) 0.01 sec)
(Loading /usr/share/perl5/LaTeXML/Package/kvsetkeys.sty.ltxml...
(Processing definitions /usr/share/texlive/texmf-dist/tex/latex/kvsetkeys/kvsetkeys.sty... 0.05 sec) 0.06 sec)
(Loading /usr/share/perl5/LaTeXML/Package/kvdefinekeys.sty.ltxml...
(Processing definitions /usr/share/texlive/texmf-dist/tex/generic/kvdefinekeys/kvdefinekeys.sty... 0.02 sec) 0.02 sec)
(Loading /usr/share/perl5/LaTeXML/Package/kvoptions.sty.ltxml...
(Processing definitions /usr/share/texlive/texmf-dist/tex/latex/kvoptions/kvoptions.sty... 0.14 sec) 0.14 sec)
(Loading /usr/share/perl5/LaTeXML/Package/nameref.sty.ltxml...
(Loading /usr/share/perl5/LaTeXML/Package/refcount.sty.ltxml...
(Processing definitions /usr/share/texlive/texmf-dist/tex/latex/refcount/refcount.sty...
(Loading /usr/share/perl5/LaTeXML/Package/infwarerr.sty.ltxml...
(Processing definitions /usr/share/texlive/texmf-dist/tex/generic/infwarerr/infwarerr.sty... 0.04 sec) 0.04 sec) 0.10 sec) 0.10 sec)
(Loading /usr/share/perl5/LaTeXML/Package/gettitlestring.sty.ltxml...
(Processing definitions /usr/share/texlive/texmf-dist/tex/generic/gettitlestring/gettitlestring.sty... 0.12 sec) 0.13 sec) 0.25 sec)
(Loading /usr/share/perl5/LaTeXML/Package/url.sty.ltxml... 0.00 sec)
(Loading /usr/share/perl5/LaTeXML/Package/bitset.sty.ltxml...
(Processing definitions /usr/share/texlive/texmf-dist/tex/generic/bitset/bitset.sty...
(Loading /usr/share/perl5/LaTeXML/Package/intcalc.sty.ltxml...
(Processing definitions /usr/share/texlive/texmf-dist/tex/generic/intcalc/intcalc.sty... 0.05 sec) 0.05 sec)
(Loading /usr/share/perl5/LaTeXML/Package/bigintcalc.sty.ltxml...
(Processing definitions /usr/share/texlive/texmf-dist/tex/generic/bigintcalc/bigintcalc.sty...
(Loading /usr/share/perl5/LaTeXML/Package/pdftexcmds.sty.ltxml...
(Loading /usr/share/perl5/LaTeXML/Package/iftex.sty.ltxml... 0.00 sec) 0.01 sec) 0.15 sec) 0.15 sec) 0.36 sec) 0.36 sec) 1.00 sec)
(Loading /usr/share/perl5/LaTeXML/Package/booktabs.sty.ltxml... 0.01 sec)
(Loading /usr/share/perl5/LaTeXML/Package/nicefrac.sty.ltxml...
(Loading /usr/share/perl5/LaTeXML/Package/ifthen.sty.ltxml...
(Processing definitions /usr/share/texlive/texmf-dist/tex/latex/base/ifthen.sty... 0.01 sec) 0.02 sec) 0.03 sec)
(Loading /usr/share/perl5/LaTeXML/Package/microtype.sty.ltxml... 0.00 sec)
(Loading /usr/share/perl5/LaTeXML/Package/algorithmic.sty.ltxml...
(Processing definitions /usr/share/texlive/texmf-dist/tex/latex/algorithms/algorithmic.sty...
Info:misdefined:UTF8 input isn't valid under encoding UTF8
	at algorithmic.sty; line 11 col 0 - line 11 col 0
 0.05 sec) 0.06 sec)
(Loading /usr/share/perl5/LaTeXML/Package/algorithm.sty.ltxml...
(Processing definitions /usr/share/texlive/texmf-dist/tex/latex/algorithms/algorithm.sty...
Info:misdefined:UTF8 input isn't valid under encoding UTF8
	at algorithm.sty; line 11 col 0 - line 11 col 0
(Loading /usr/share/perl5/LaTeXML/Package/float.sty.ltxml... 0.00 sec) 0.03 sec) 0.04 sec)
(Loading /usr/share/perl5/LaTeXML/Package/wrapfig.sty.ltxml... 0.00 sec)
(Loading /usr/share/perl5/LaTeXML/Package/amsmath.sty.ltxml...
(Loading /usr/share/perl5/LaTeXML/Package/amsbsy.sty.ltxml...
(Loading /usr/share/perl5/LaTeXML/Package/amsgen.sty.ltxml... 0.00 sec) 0.01 sec)
(Loading /usr/share/perl5/LaTeXML/Package/amstext.sty.ltxml... 0.01 sec)
(Loading /usr/share/perl5/LaTeXML/Package/amsopn.sty.ltxml... 0.01 sec) 0.07 sec)
(Loading /usr/share/perl5/LaTeXML/Package/subfigure.sty.ltxml... 0.02 sec)
(Loading /usr/share/perl5/LaTeXML/Package/multirow.sty.ltxml... 0.00 sec)
(Loading /usr/share/perl5/LaTeXML/Package/placeins.sty.ltxml... 0.00 sec)
(Loading /usr/share/perl5/LaTeXML/Package/enumitem.sty.ltxml... 0.01 sec)
Error:undefined:\name The token T_CS[\name] is not defined.
	at main.tex; line 98 col 0 - line 98 col 8
	Defining it now as <ltx:ERROR/>
	Next token is T_LETTER[C] ( == T_LETTER[C]) more: huanhao Li \emailcl5ev@virginia.edu \\
\addrDepartment of Computer Science\\
University of Virginia\\
Charlottesville, VA 22903, USA\\
\AND\nameHongning Wang \emailhw5x@virginia.edu \\
\addrDepartment of Computer Science\\
University of Virginia\\
Charlottesville, VA 22903, USA

	In Core::Gullet[@0x6244e5f267f8] /home/miri/Documents/university/DataLit/arXiv_src_fetcher/ICLR_2023_first100/-G1kjTFsSs/main.tex; from line 98 col 0 to line 98 col 8
	 <= Core::Stomach[@0x6244e61366e0] <= Core::Definition::Constructor[\@perso... <= Core::Stomach[@0x6244e61366e0] <= ...
Error:undefined:\email The token T_CS[\email] is not defined.
	at main.tex; line 98 col 0 - line 98 col 8
	Defining it now as <ltx:ERROR/>
	Next token is T_LETTER[c] ( == T_LETTER[c]) more: l5ev@virginia.edu \\
\addrDepartment of Computer Science\\
University of Virginia\\
Charlottesville, VA 22903, USA\\
\AND\nameHongning Wang \emailhw5x@virginia.edu \\
\addrDepartment of Computer Science\\
University of Virginia\\
Charlottesville, VA 22903, USA

	In Core::Gullet[@0x6244e5f267f8] /home/miri/Documents/university/DataLit/arXiv_src_fetcher/ICLR_2023_first100/-G1kjTFsSs/main.tex; from line 98 col 0 to line 98 col 8
	 <= Core::Stomach[@0x6244e61366e0] <= Core::Definition::Constructor[\@perso... <= Core::Stomach[@0x6244e61366e0] <= ...
Error:undefined:\addr The token T_CS[\addr] is not defined.
	at main.tex; line 98 col 0 - line 98 col 8
	Defining it now as <ltx:ERROR/>
	Next token is T_LETTER[D] ( == T_LETTER[D]) more: epartment of Computer Science\\
University of Virginia\\
Charlottesville, VA 22903, USA\\
\AND\nameHongning Wang \emailhw5x@virginia.edu \\
\addrDepartment of Computer Science\\
University of Virginia\\
Charlottesville, VA 22903, USA

	In Core::Gullet[@0x6244e5f267f8] /home/miri/Documents/university/DataLit/arXiv_src_fetcher/ICLR_2023_first100/-G1kjTFsSs/main.tex; from line 98 col 0 to line 98 col 8
	 <= Core::Stomach[@0x6244e61366e0] <= Core::Definition::Constructor[\@perso... <= Core::Stomach[@0x6244e61366e0] <= ...
Error:undefined:\AND The token T_CS[\AND] is not defined.
	at main.tex; line 98 col 0 - line 98 col 8
	Defining it now as <ltx:ERROR/>
	Next token is T_CS[\name] ( == Core::Definition::Constructor[\name]) more: Hongning Wang \emailhw5x@virginia.edu \\
\addrDepartment of Computer Science\\
University of Virginia\\
Charlottesville, VA 22903, USA

	In Core::Gullet[@0x6244e5f267f8] /home/miri/Documents/university/DataLit/arXiv_src_fetcher/ICLR_2023_first100/-G1kjTFsSs/main.tex; from line 98 col 0 to line 98 col 8
	 <= Core::Stomach[@0x6244e61366e0] <= Core::Definition::Constructor[\@perso... <= Core::Stomach[@0x6244e61366e0] <= ...
Error:undefined:{keywords} The environment {keywords} is not defined.
	at main.tex; line 109 col 0 - line 109 col 16
	Next token is T_SPACE[U+000a/LF] ( == T_SPACE[U+000a/LF])
	In Core::Definition::Expandable[\begin {}] /usr/share/perl5/LaTeXML/Package/LaTeX.pool.ltxml; line 182
	 <= Core::Gullet[@0x6244e5f267f8] <= Core::Stomach[@0x6244e61366e0] <= ...
(Processing content /home/miri/Documents/university/DataLit/arXiv_src_fetcher/ICLR_2023_first100/-G1kjTFsSs/intro.tex... 0.18 sec)
(Processing content /home/miri/Documents/university/DataLit/arXiv_src_fetcher/ICLR_2023_first100/-G1kjTFsSs/related_works.tex... 0.14 sec)
(Processing content /home/miri/Documents/university/DataLit/arXiv_src_fetcher/ICLR_2023_first100/-G1kjTFsSs/method.tex...
Info:ignore:\AND Ignoring redefinition (\newcommand) of '\AND'
	at method.tex; line 153 col 0 - line 153 col 24
Error:undefined:{lemma} The environment {lemma} is not defined.
	at method.tex; line 179 col 13 - line 179 col 13
	Next token is T_CS[\label] ( == Core::Definition::Constructor[\label Semiverbatim])
	In Core::Definition::Expandable[\begin {}] /usr/share/perl5/LaTeXML/Package/LaTeX.pool.ltxml; line 182
	 <= Core::Gullet[@0x6244e5f267f8] <= Core::Stomach[@0x6244e61366e0] <= ...
Info:ignore:\AND Ignoring redefinition (\newcommand) of '\AND'
	at method.tex; line 241 col 0 - line 241 col 24
Error:undefined:{theorem} The environment {theorem} is not defined.
	at method.tex; line 292 col 15 - line 292 col 15
	Next token is T_OTHER[[] ( == T_OTHER[[])
	In Core::Definition::Expandable[\begin {}] /usr/share/perl5/LaTeXML/Package/LaTeX.pool.ltxml; line 182
	 <= Core::Gullet[@0x6244e5f267f8] <= Core::Stomach[@0x6244e61366e0] <= ...
Info:ignore:\AND Ignoring redefinition (\newcommand) of '\AND'
	at method.tex; line 400 col 0 - line 400 col 24
 3.17 sec)
(Processing content /home/miri/Documents/university/DataLit/arXiv_src_fetcher/ICLR_2023_first100/-G1kjTFsSs/exp.tex... 0.70 sec)
(Processing content /home/miri/Documents/university/DataLit/arXiv_src_fetcher/ICLR_2023_first100/-G1kjTFsSs/appendix.tex...
Info:ignore:\AND Ignoring redefinition (\newcommand) of '\AND'
	at appendix.tex; line 199 col 0 - line 199 col 24
Error:undefined:{remark} The environment {remark} is not defined.
	at appendix.tex; line 364 col 0 - line 364 col 14
	Next token is T_SPACE[U+000a/LF] ( == T_SPACE[U+000a/LF])
	In Core::Definition::Expandable[\begin {}] /usr/share/perl5/LaTeXML/Package/LaTeX.pool.ltxml; line 182
	 <= Core::Gullet[@0x6244e5f267f8] <= Core::Stomach[@0x6244e61366e0] <= ...
Info:ignore:\AND Ignoring redefinition (\newcommand) of '\AND'
	at appendix.tex; line 378 col 0 - line 378 col 24
 4.23 sec) 10.63 sec) 10.84 sec)
(Building...
(Loading compiled schema /usr/share/perl5/LaTeXML/resources/RelaxNG/LaTeXML.model... 0.01 sec) 8.87 sec)
(Rewriting... 0.36 sec)
(Math Parsing 919 formulae ......
Warning:not_parsed:UNKNOWN.POSTSUBSCRIPT>RELOP MathParser failed to match rule 'Anything'
	at method.tex; line 160 col 14 - line 160 col 89
	In "$V_{g,t}\mathrel{+}=\Delta V_{i_{t},t},b_{g,t}\mathrel{+}=\Delta b_{i_{t},t}$"
	V[[UNKNOWN]] _{g,t}[[POSTSUBSCRIPT]]
	        > +[[RELOP]] =[[RELOP]] Δ[[UNKNOWN]] V[[UNKNOWN]] _{i_{t},t}[[POSTSUBSCRIPT]] ,[[PUNCT]] b[[UNKNOWN]] _{g,t}[[POSTSUBSCRIPT]] +[[RELOP]] =[[RELOP]] Δ[[UNKNOWN]] b[[UNKNOWN]] _{i_{t},t}[[POSTSUBSCRIPT]]
Warning:not_parsed:UNKNOWN.UNKNOWN.POSTSUBSCRIPT>RELOP MathParser failed to match rule 'Anything'
	at method.tex; line 160 col 98 - line 160 col 184
	In "$\Delta V_{-j,t}\mathrel{+}=\Delta V_{i_{t},t},\Delta b_{-j,t}\mathrel{+}=%
	\Delta b_{i_{t},t}$"
	Δ[[UNKNOWN]] V[[UNKNOWN]] _{-j,t}[[POSTSUBSCRIPT]]
	        > +[[RELOP]] =[[RELOP]] Δ[[UNKNOWN]] V[[UNKNOWN]] _{i_{t},t}[[POSTSUBSCRIPT]] ,[[PUNCT]] Δ[[UNKNOWN]] b[[UNKNOWN]] _{-j,t}[[POSTSUBSCRIPT]] +[[RELOP]] =[[RELOP]] Δ[[UNKNOWN]] b[[UNKNOWN]] _{i_{t},t}[[POSTSUBSCRIPT]]
Warning:not_parsed:UNKNOWN.POSTSUBSCRIPT>RELOP MathParser failed to match rule 'Anything'
	at method.tex; line 168 col 22 - line 168 col 91
	In "$V_{j,t}\mathrel{+}=\Delta V_{-j,t},b_{j,t}\mathrel{+}=\Delta b_{-j,t}$"
	V[[UNKNOWN]] _{j,t}[[POSTSUBSCRIPT]]
	        > +[[RELOP]] =[[RELOP]] Δ[[UNKNOWN]] V[[UNKNOWN]] _{-j,t}[[POSTSUBSCRIPT]] ,[[PUNCT]] b[[UNKNOWN]] _{j,t}[[POSTSUBSCRIPT]] +[[RELOP]] =[[RELOP]] Δ[[UNKNOWN]] b[[UNKNOWN]] _{-j,t}[[POSTSUBSCRIPT]]
Warning:not_parsed:UNKNOWN.POSTSUBSCRIPT>RELOP MathParser failed to match rule 'Anything'
	at method.tex; line 255 col 14 - line 255 col 59
	In "${V}_{i_{t},t}\mathrel{+}=\mathbf{x}_{t}\mathbf{x}_{t}^{T}$"
	V[[UNKNOWN]] _{i_{t},t}[[POSTSUBSCRIPT]]
	        > +[[RELOP]] =[[RELOP]] x[[UNKNOWN]] _{t}[[POSTSUBSCRIPT]] x[[UNKNOWN]] _{t}[[POSTSUBSCRIPT]] ^{T}[[POSTSUPERSCRIPT]]
Warning:not_parsed:UNKNOWN.POSTSUBSCRIPT>RELOP MathParser failed to match rule 'Anything'
	at method.tex; line 255 col 63 - line 255 col 102
	In "${b}_{i_{t},t}\mathrel{+}=\mathbf{x}_{t}y_{t}$"
	b[[UNKNOWN]] _{i_{t},t}[[POSTSUBSCRIPT]]
	        > +[[RELOP]] =[[RELOP]] x[[UNKNOWN]] _{t}[[POSTSUBSCRIPT]] y[[UNKNOWN]] _{t}[[POSTSUBSCRIPT]]
Warning:not_parsed:UNKNOWN.UNKNOWN.POSTSUBSCRIPT>RELOP MathParser failed to match rule 'Anything'
	at method.tex; line 255 col 111 - line 255 col 157
	In "$\Delta{V}_{i_{t},t}\mathrel{+}=\mathbf{x}_{t}\mathbf{x}_{t}^{T}$"
	Δ[[UNKNOWN]] V[[UNKNOWN]] _{i_{t},t}[[POSTSUBSCRIPT]]
	        > +[[RELOP]] =[[RELOP]] x[[UNKNOWN]] _{t}[[POSTSUBSCRIPT]] x[[UNKNOWN]] _{t}[[POSTSUBSCRIPT]] ^{T}[[POSTSUPERSCRIPT]]
Warning:not_parsed:UNKNOWN.POSTSUBSCRIPT>RELOP MathParser failed to match rule 'Anything'
	at method.tex; line 411 col 40 - line 411 col 102
	In "${V}_{i_{t},t}\mathrel{+}=\mathbf{x}_{t}^{(g)}{\mathbf{x}_{t}^{(g)}}^{\top}$"
	V[[UNKNOWN]] _{i_{t},t}[[POSTSUBSCRIPT]]
	        > +[[RELOP]] =[[RELOP]] x[[UNKNOWN]] _{t}[[POSTSUBSCRIPT]] ^{(g)}[[POSTSUPERSCRIPT]] x[[UNKNOWN]] _{t}[[POSTSUBSCRIPT]] ^{(g)}[[POSTSUPERSCRIPT]] ^{\top}[[POSTSUPERSCRIPT]]
Warning:not_parsed:UNKNOWN.POSTSUBSCRIPT>RELOP MathParser failed to match rule 'Anything'
	at method.tex; line 411 col 106 - line 411 col 164
	In "${b}_{i_{t},t}\mathrel{+}=\mathbf{x}^{(g)}_{t}\hat{y}^{(g)}_{t}$"
	b[[UNKNOWN]] _{i_{t},t}[[POSTSUBSCRIPT]]
	        > +[[RELOP]] =[[RELOP]] x[[UNKNOWN]] ^{(g)}[[POSTSUPERSCRIPT]] _{t}[[POSTSUBSCRIPT]] \hat{y}[[UNKNOWN]] ^{(g)}[[POSTSUPERSCRIPT]] _{t}[[POSTSUBSCRIPT]]
Warning:not_parsed:UNKNOWN.UNKNOWN.POSTSUBSCRIPT>RELOP MathParser failed to match rule 'Anything'
	at method.tex; line 411 col 173 - line 411 col 236
	In "$\Delta{V}_{i_{t},t}\mathrel{+}=\mathbf{x}_{t}^{(g)}{\mathbf{x}_{t}^{(g)}}^{%
	\top}$"
	Δ[[UNKNOWN]] V[[UNKNOWN]] _{i_{t},t}[[POSTSUBSCRIPT]]
	        > +[[RELOP]] =[[RELOP]] x[[UNKNOWN]] _{t}[[POSTSUBSCRIPT]] ^{(g)}[[POSTSUPERSCRIPT]] x[[UNKNOWN]] _{t}[[POSTSUBSCRIPT]] ^{(g)}[[POSTSUPERSCRIPT]] ^{\top}[[POSTSUPERSCRIPT]]
Warning:not_parsed:UNKNOWN.POSTSUPERSCRIPT.POSTSUBSCRIPT>RELOP MathParser failed to match rule 'Anything'
	at method.tex; line 411 col 296 - line 411 col 364
	In "${V}^{(l)}_{i_{t},t}\mathrel{+}=\mathbf{x}_{t}^{(l)}{\mathbf{x}_{t}^{(l)}}^{%
	\top}$"
	V[[UNKNOWN]] ^{(l)}[[POSTSUPERSCRIPT]] _{i_{t},t}[[POSTSUBSCRIPT]]
	        > +[[RELOP]] =[[RELOP]] x[[UNKNOWN]] _{t}[[POSTSUBSCRIPT]] ^{(l)}[[POSTSUPERSCRIPT]] x[[UNKNOWN]] _{t}[[POSTSUBSCRIPT]] ^{(l)}[[POSTSUPERSCRIPT]] ^{\top}[[POSTSUPERSCRIPT]]
Warning:not_parsed:UNKNOWN.POSTSUPERSCRIPT.POSTSUBSCRIPT>RELOP MathParser failed to match rule 'Anything'
	at method.tex; line 411 col 368 - line 411 col 432
	In "${b}^{(l)}_{i_{t},t}\mathrel{+}=\mathbf{x}^{(l)}_{t}\hat{y}^{(l)}_{t}$"
	b[[UNKNOWN]] ^{(l)}[[POSTSUPERSCRIPT]] _{i_{t},t}[[POSTSUBSCRIPT]]
	        > +[[RELOP]] =[[RELOP]] x[[UNKNOWN]] ^{(l)}[[POSTSUPERSCRIPT]] _{t}[[POSTSUBSCRIPT]] \hat{y}[[UNKNOWN]] ^{(l)}[[POSTSUPERSCRIPT]] _{t}[[POSTSUBSCRIPT]]
Warning:not_parsed:POSTSUBSCRIPT.RELOP.UNKNOWN>OPEN MathParser failed to match rule 'Anything'
	at method.tex; line 577 col 143 - line 577 col 310
	In "$$R_{T}=O\bigl{(}d_{g}\sqrt{T\log^{2}{T}}\min(\sqrt{N},\sqrt{\gamma_{D}[1+(N-1%
	)(\gamma_{U}-1)]}+\sum_{i=1}^{N}d_{i}\sqrt{|\mathcal{N}_{i}(T)|\log^{2}{|%
	\mathcal{N}_{i}(T)|}}\bigr{)}$$"
	R[[UNKNOWN]] _{T}[[POSTSUBSCRIPT]] =[[RELOP]] O[[UNKNOWN]]
	        > ([[OPEN]] d[[UNKNOWN]] _{g}[[POSTSUBSCRIPT]] \sqrt{T\log^{2}{T}}[[UNKNOWN]] min[[OPFUNCTION]] ([[OPEN]] \sqrt{N}[[UNKNOWN]] ,[[PUNCT]] \sqrt{\gamma_{D}[1+(N-1)(\gamma_{U}-1)]}[[UNKNOWN]] +[[ADDOP]] ∑[[SUMOP]] _{i=1}[[POSTSUBSCRIPT]] ^{N}[[POSTSUPERSCRIPT]] d[[UNKNOWN]] _{i}[[POSTSUBSCRIPT]] \sqrt{|\mathcal{N}_{i}(T)|\log^{2}{|\mathcal{N}_{i}(T)|}}[[UNKNOWN]] )[[CLOSE]]
Warning:not_parsed:>VERTBAR MathParser failed to match rule 'Anything'
	at appendix.tex; line 3 col 285 - line 3 col 298
	In "$||\cdot||_{p}$"
	> |[[VERTBAR]] |[[VERTBAR]] ⋅[[MULOP]] |[[VERTBAR]] |[[VERTBAR]] _{p}[[POSTSUBSCRIPT]]
Warning:not_parsed:UNKNOWN>OPEN MathParser failed to match rule 'Anything'
	at appendix.tex; line 56 col 5 - line 56 col 5
	In "$\displaystyle P(\exists t\geq 0:||Y_{t}||_{op}\geq u,\hskip 2.25pt\text{and}%
	\hskip 2.25pt\max\{||W_{col,t}||_{op},||W_{row,t}||_{op}\}\leq\omega^{2})\leq(%
	d_{1}+d_{2})\exp{\left(-\frac{u^{2}/2}{\omega^{2}+Ru/3}\right)}\@@ENDINLINEMATH"
	P[[UNKNOWN]]
	        > ([[OPEN]] ∃[[BIGOP]] t[[UNKNOWN]] ≥[[RELOP]] 0[[NUMBER]] :[[METARELOP]] |[[VERTBAR]] |[[VERTBAR]] Y[[UNKNOWN]] _{t}[[POSTSUBSCRIPT]] |[[VERTBAR]] |[[VERTBAR]] _{op}[[POSTSUBSCRIPT]] ≥[[RELOP]] u[[UNKNOWN]] ,[[PUNCT]] \text{and}[[UNKNOWN]] max[[OPFUNCTION]] \{[[OPEN]] |[[VERTBAR]] |[[VERTBAR]] W[[UNKNOWN]] _{col,t}[[POSTSUBSCRIPT]] |[[VERTBAR]] |[[VERTBAR]] _{op}[[POSTSUBSCRIPT]] ,[[PUNCT]] |[[VERTBAR]] |[[VERTBAR]] W[[UNKNOWN]] _{row,t}[[POSTSUBSCRIPT]] |[[VERTBAR]] |[[VERTBAR]] _{op}[[POSTSUBSCRIPT]] \}[[CLOSE]] ≤[[RELOP]] ω[[UNKNOWN]] ^{2}[[POSTSUPERSCRIPT]] )[[CLOSE]] ≤[[RELOP]] ([[OPEN]] d[[UNKNOWN]] _{1}[[POSTSUBSCRIPT]] +[[ADDOP]] d[[UNKNOWN]] _{2}[[POSTSUBSCRIPT]] )[[CLOSE]] exp[[OPFUNCTION]] \left([[OPEN]] -[[ADDOP]] \frac{u^{2}/2}{\omega^{2}+Ru/3}[[UNKNOWN]] ...
Warning:not_parsed:UNKNOWN>OPEN MathParser failed to match rule 'Anything'
	at appendix.tex; line 56 col 5 - line 57 col 12
	In "$\displaystyle P(\exists t\geq 0:||Y_{t}||_{op}\geq u,\hskip 2.25pt\text{and}%
	\hskip 2.25pt\max\{||W_{col,t}||_{op},||W_{row,t}||_{op}\}\leq\omega^{2})\leq(%
	d_{1}+d_{2})\exp{\left(-\frac{u^{2}/2}{\omega^{2}+Ru/3}\right)}$"
	P[[UNKNOWN]]
	        > ([[OPEN]] ∃[[BIGOP]] t[[UNKNOWN]] ≥[[RELOP]] 0[[NUMBER]] :[[METARELOP]] |[[VERTBAR]] |[[VERTBAR]] Y[[UNKNOWN]] _{t}[[POSTSUBSCRIPT]] |[[VERTBAR]] |[[VERTBAR]] _{op}[[POSTSUBSCRIPT]] ≥[[RELOP]] u[[UNKNOWN]] ,[[PUNCT]] \text{and}[[UNKNOWN]] max[[OPFUNCTION]] \{[[OPEN]] |[[VERTBAR]] |[[VERTBAR]] W[[UNKNOWN]] _{col,t}[[POSTSUBSCRIPT]] |[[VERTBAR]] |[[VERTBAR]] _{op}[[POSTSUBSCRIPT]] ,[[PUNCT]] |[[VERTBAR]] |[[VERTBAR]] W[[UNKNOWN]] _{row,t}[[POSTSUBSCRIPT]] |[[VERTBAR]] |[[VERTBAR]] _{op}[[POSTSUBSCRIPT]] \}[[CLOSE]] ≤[[RELOP]] ω[[UNKNOWN]] ^{2}[[POSTSUPERSCRIPT]] )[[CLOSE]] ≤[[RELOP]] ([[OPEN]] d[[UNKNOWN]] _{1}[[POSTSUBSCRIPT]] +[[ADDOP]] d[[UNKNOWN]] _{2}[[POSTSUBSCRIPT]] )[[CLOSE]] exp[[OPFUNCTION]] \left([[OPEN]] -[[ADDOP]] \frac{u^{2}/2}{\omega^{2}+Ru/3}[[UNKNOWN]] ...
Warning:not_parsed:RELOP.UNKNOWN.POSTSUBSCRIPT>OPEN MathParser failed to match rule 'Anything'
	at appendix.tex; line 86 col 2 - line 86 col 148
	In "$$\mathbb{E}_{s-1}((z^{\top}\mathbf{x}_{s})^{2})\geq\mathbb{E}_{s-1}(\min_{a%
	\in[K]}(z^{\top}\mathbf{x}_{s,a})^{2})\geq(\lambda_{c}-h)(1-2e^{-\frac{h^{2}}{%
	2v^{2}}})^{K}$$"
	E[[UNKNOWN]] _{s-1}[[POSTSUBSCRIPT]] ([[OPEN]] ([[OPEN]] z[[UNKNOWN]] ^{\top}[[POSTSUPERSCRIPT]] x[[UNKNOWN]] _{s}[[POSTSUBSCRIPT]] )[[CLOSE]] ^{2}[[POSTSUPERSCRIPT]] )[[CLOSE]] ≥[[RELOP]] E[[UNKNOWN]] _{s-1}[[POSTSUBSCRIPT]]
	        > ([[OPEN]] min[[OPFUNCTION]] _{a\in[K]}[[POSTSUBSCRIPT]] ([[OPEN]] z[[UNKNOWN]] ^{\top}[[POSTSUPERSCRIPT]] x[[UNKNOWN]] _{s,a}[[POSTSUBSCRIPT]] )[[CLOSE]] ^{2}[[POSTSUPERSCRIPT]] )[[CLOSE]] ≥[[RELOP]] ([[OPEN]] λ[[UNKNOWN]] _{c}[[POSTSUBSCRIPT]] -[[ADDOP]] h[[UNKNOWN]] )[[CLOSE]] ([[OPEN]] 1[[NUMBER]] -[[ADDOP]] 2[[NUMBER]] e[[UNKNOWN]] ^{-\frac{h^{2}}{2v^{2}}}[[POSTSUPERSCRIPT]] )[[CLOSE]] ^{K}[[POSTSUPERSCRIPT]]
Warning:not_parsed:UNKNOWN.POSTSUBSCRIPT>RELOP MathParser failed to match rule 'Anything'
	at appendix.tex; line 212 col 14 - line 212 col 59
	In "${V}_{i_{t},t}\mathrel{+}=\mathbf{x}_{t}\mathbf{x}_{t}^{T}$"
	V[[UNKNOWN]] _{i_{t},t}[[POSTSUBSCRIPT]]
	        > +[[RELOP]] =[[RELOP]] x[[UNKNOWN]] _{t}[[POSTSUBSCRIPT]] x[[UNKNOWN]] _{t}[[POSTSUBSCRIPT]] ^{T}[[POSTSUPERSCRIPT]]
Warning:not_parsed:UNKNOWN.POSTSUBSCRIPT>RELOP MathParser failed to match rule 'Anything'
	at appendix.tex; line 212 col 63 - line 212 col 102
	In "${b}_{i_{t},t}\mathrel{+}=\mathbf{x}_{t}y_{t}$"
	b[[UNKNOWN]] _{i_{t},t}[[POSTSUBSCRIPT]]
	        > +[[RELOP]] =[[RELOP]] x[[UNKNOWN]] _{t}[[POSTSUBSCRIPT]] y[[UNKNOWN]] _{t}[[POSTSUBSCRIPT]]
Warning:not_parsed:UNKNOWN.UNKNOWN.POSTSUBSCRIPT>RELOP MathParser failed to match rule 'Anything'
	at appendix.tex; line 212 col 111 - line 212 col 157
	In "$\Delta{V}_{i_{t},t}\mathrel{+}=\mathbf{x}_{t}\mathbf{x}_{t}^{T}$"
	Δ[[UNKNOWN]] V[[UNKNOWN]] _{i_{t},t}[[POSTSUBSCRIPT]]
	        > +[[RELOP]] =[[RELOP]] x[[UNKNOWN]] _{t}[[POSTSUBSCRIPT]] x[[UNKNOWN]] _{t}[[POSTSUBSCRIPT]] ^{T}[[POSTSUPERSCRIPT]]
Warning:not_parsed:UNKNOWN.UNKNOWN.POSTSUBSCRIPT>RELOP MathParser failed to match rule 'Anything'
	at appendix.tex; line 212 col 203 - line 212 col 231
	In "$\Delta t_{i_{t},t}\mathrel{+}=1$"
	Δ[[UNKNOWN]] t[[UNKNOWN]] _{i_{t},t}[[POSTSUBSCRIPT]]
	        > +[[RELOP]] =[[RELOP]] 1[[NUMBER]]
Warning:not_parsed:UNKNOWN.POSTSUBSCRIPT>RELOP MathParser failed to match rule 'Anything'
	at appendix.tex; line 219 col 40 - line 219 col 107
	In "$V_{g,t}\mathrel{+}=\Delta V_{i,t},b_{g,t}\mathrel{+}=\Delta b_{i,t}$"
	V[[UNKNOWN]] _{g,t}[[POSTSUBSCRIPT]]
	        > +[[RELOP]] =[[RELOP]] Δ[[UNKNOWN]] V[[UNKNOWN]] _{i,t}[[POSTSUBSCRIPT]] ,[[PUNCT]] b[[UNKNOWN]] _{g,t}[[POSTSUBSCRIPT]] +[[RELOP]] =[[RELOP]] Δ[[UNKNOWN]] b[[UNKNOWN]] _{i,t}[[POSTSUBSCRIPT]]
Warning:not_parsed:UNKNOWN.POSTSUBSCRIPT>RELOP MathParser failed to match rule 'Anything'
	at appendix.tex; line 394 col 18 - line 394 col 74
	In "${V}_{i_{t},t}\mathrel{+}={\mathbf{X}^{(g)}}^{\top}\mathbf{X}^{(g)}$"
	V[[UNKNOWN]] _{i_{t},t}[[POSTSUBSCRIPT]]
	        > +[[RELOP]] =[[RELOP]] X[[UNKNOWN]] ^{(g)}[[POSTSUPERSCRIPT]] ^{\top}[[POSTSUPERSCRIPT]] X[[UNKNOWN]] ^{(g)}[[POSTSUPERSCRIPT]]
Warning:not_parsed:UNKNOWN.POSTSUBSCRIPT>RELOP MathParser failed to match rule 'Anything'
	at appendix.tex; line 394 col 78 - line 394 col 137
	In "${b}_{i_{t},t}\mathrel{+}={\mathbf{X}^{g}}^{\top}\hat{\mathbf{y}}^{(g)}$"
	b[[UNKNOWN]] _{i_{t},t}[[POSTSUBSCRIPT]]
	        > +[[RELOP]] =[[RELOP]] X[[UNKNOWN]] ^{g}[[POSTSUPERSCRIPT]] ^{\top}[[POSTSUPERSCRIPT]] \hat{\mathbf{y}}[[UNKNOWN]] ^{(g)}[[POSTSUPERSCRIPT]]
Warning:not_parsed:UNKNOWN.POSTSUBSCRIPT>RELOP MathParser failed to match rule 'Anything'
	at appendix.tex; line 405 col 44 - line 405 col 106
	In "${V}_{i_{t},t}\mathrel{+}=\mathbf{x}_{t}^{(g)}{\mathbf{x}_{t}^{(g)}}^{\top}$"
	V[[UNKNOWN]] _{i_{t},t}[[POSTSUBSCRIPT]]
	        > +[[RELOP]] =[[RELOP]] x[[UNKNOWN]] _{t}[[POSTSUBSCRIPT]] ^{(g)}[[POSTSUPERSCRIPT]] x[[UNKNOWN]] _{t}[[POSTSUBSCRIPT]] ^{(g)}[[POSTSUPERSCRIPT]] ^{\top}[[POSTSUPERSCRIPT]]
Warning:not_parsed:UNKNOWN.POSTSUBSCRIPT>RELOP MathParser failed to match rule 'Anything'
	at appendix.tex; line 405 col 110 - line 405 col 168
	In "${b}_{i_{t},t}\mathrel{+}=\mathbf{x}^{(g)}_{t}\hat{y}^{(g)}_{t}$"
	b[[UNKNOWN]] _{i_{t},t}[[POSTSUBSCRIPT]]
	        > +[[RELOP]] =[[RELOP]] x[[UNKNOWN]] ^{(g)}[[POSTSUPERSCRIPT]] _{t}[[POSTSUBSCRIPT]] \hat{y}[[UNKNOWN]] ^{(g)}[[POSTSUPERSCRIPT]] _{t}[[POSTSUBSCRIPT]]
Warning:not_parsed:UNKNOWN.UNKNOWN.POSTSUBSCRIPT>RELOP MathParser failed to match rule 'Anything'
	at appendix.tex; line 405 col 177 - line 405 col 240
	In "$\Delta{V}_{i_{t},t}\mathrel{+}=\mathbf{x}_{t}^{(g)}{\mathbf{x}_{t}^{(g)}}^{%
	\top}$"
	Δ[[UNKNOWN]] V[[UNKNOWN]] _{i_{t},t}[[POSTSUBSCRIPT]]
	        > +[[RELOP]] =[[RELOP]] x[[UNKNOWN]] _{t}[[POSTSUBSCRIPT]] ^{(g)}[[POSTSUPERSCRIPT]] x[[UNKNOWN]] _{t}[[POSTSUBSCRIPT]] ^{(g)}[[POSTSUPERSCRIPT]] ^{\top}[[POSTSUPERSCRIPT]]
Warning:not_parsed:UNKNOWN.POSTSUPERSCRIPT.POSTSUBSCRIPT>RELOP MathParser failed to match rule 'Anything'
	at appendix.tex; line 405 col 300 - line 405 col 368
	In "${V}^{(l)}_{i_{t},t}\mathrel{+}=\mathbf{x}_{t}^{(l)}{\mathbf{x}_{t}^{(l)}}^{%
	\top}$"
	V[[UNKNOWN]] ^{(l)}[[POSTSUPERSCRIPT]] _{i_{t},t}[[POSTSUBSCRIPT]]
	        > +[[RELOP]] =[[RELOP]] x[[UNKNOWN]] _{t}[[POSTSUBSCRIPT]] ^{(l)}[[POSTSUPERSCRIPT]] x[[UNKNOWN]] _{t}[[POSTSUBSCRIPT]] ^{(l)}[[POSTSUPERSCRIPT]] ^{\top}[[POSTSUPERSCRIPT]]
Warning:not_parsed:UNKNOWN.POSTSUPERSCRIPT.POSTSUBSCRIPT>RELOP MathParser failed to match rule 'Anything'
	at appendix.tex; line 405 col 372 - line 405 col 436
	In "${b}^{(l)}_{i_{t},t}\mathrel{+}=\mathbf{x}^{(l)}_{t}\hat{y}^{(l)}_{t}$"
	b[[UNKNOWN]] ^{(l)}[[POSTSUPERSCRIPT]] _{i_{t},t}[[POSTSUBSCRIPT]]
	        > +[[RELOP]] =[[RELOP]] x[[UNKNOWN]] ^{(l)}[[POSTSUPERSCRIPT]] _{t}[[POSTSUBSCRIPT]] \hat{y}[[UNKNOWN]] ^{(l)}[[POSTSUPERSCRIPT]] _{t}[[POSTSUBSCRIPT]]
Warning:not_parsed:RELOP.UNKNOWN>OPEN MathParser failed to match rule 'Anything'
	at appendix.tex; line 451 col 7 - line 451 col 7
	In "$\displaystyle=O\bigl{(}d_{g}\sqrt{T\log^{2}{T}}\min(\sqrt{N},\sqrt{\gamma_{D}%
	[1+(N-1)(\gamma_{U}-1)]}+\sum_{i=1}^{N}d_{i}\sqrt{|\mathcal{N}_{i}(T)|\log^{2}%
	{|\mathcal{N}_{i}(T)|}}\bigr{)}\@@ENDINLINEMATH"
	=[[RELOP]] O[[UNKNOWN]]
	        > ([[OPEN]] d[[UNKNOWN]] _{g}[[POSTSUBSCRIPT]] \sqrt{T\log^{2}{T}}[[UNKNOWN]] min[[OPFUNCTION]] ([[OPEN]] \sqrt{N}[[UNKNOWN]] ,[[PUNCT]] \sqrt{\gamma_{D}[1+(N-1)(\gamma_{U}-1)]}[[UNKNOWN]] +[[ADDOP]] ∑[[SUMOP]] _{i=1}[[POSTSUBSCRIPT]] ^{N}[[POSTSUPERSCRIPT]] d[[UNKNOWN]] _{i}[[POSTSUBSCRIPT]] \sqrt{|\mathcal{N}_{i}(T)|\log^{2}{|\mathcal{N}_{i}(T)|}}[[UNKNOWN]] )[[CLOSE]]
Warning:not_parsed:RELOP.UNKNOWN>OPEN MathParser failed to match rule 'Anything'
	at appendix.tex; line 451 col 7 - line 452 col 12
	In "$\displaystyle=O\bigl{(}d_{g}\sqrt{T\log^{2}{T}}\min(\sqrt{N},\sqrt{\gamma_{D}%
	[1+(N-1)(\gamma_{U}-1)]}+\sum_{i=1}^{N}d_{i}\sqrt{|\mathcal{N}_{i}(T)|\log^{2}%
	{|\mathcal{N}_{i}(T)|}}\bigr{)}$"
	=[[RELOP]] O[[UNKNOWN]]
	        > ([[OPEN]] d[[UNKNOWN]] _{g}[[POSTSUBSCRIPT]] \sqrt{T\log^{2}{T}}[[UNKNOWN]] min[[OPFUNCTION]] ([[OPEN]] \sqrt{N}[[UNKNOWN]] ,[[PUNCT]] \sqrt{\gamma_{D}[1+(N-1)(\gamma_{U}-1)]}[[UNKNOWN]] +[[ADDOP]] ∑[[SUMOP]] _{i=1}[[POSTSUBSCRIPT]] ^{N}[[POSTSUPERSCRIPT]] d[[UNKNOWN]] _{i}[[POSTSUBSCRIPT]] \sqrt{|\mathcal{N}_{i}(T)|\log^{2}{|\mathcal{N}_{i}(T)|}}[[UNKNOWN]] )[[CLOSE]]
 26.94 sec)
Math parsing succeeded:
   ltx:XMath: 889/919
   ltx:XMWrap: 12/12
   ltx:XMArg: 3230/3230
Symbols assumed as simple identifiers (with # of occurences):
   'A{caligraphic}' (20), 'A{italic}' (16), 'B{blackboard}' (5), 'B{italic}' (7), 'C{italic}' (65), 'Delta' (148), 'D{caligraphic}' (2), 'D{italic}' (9), 'E{blackboard}' (30), 'E{caligraphic}' (6), 'E{italic}' (2), 'F{caligraphic}' (7), 'Gamma' (19), 'G{italic}' (2), 'I{caligraphic}' (5), 'I{italic}' (22), 'K{italic}' (12), 'L{italic}' (9), 'N{caligraphic}' (22), 'N{italic}' (132), 'Omega' (1), 'O{italic}' (57), 'P{caligraphic}' (3), 'P{italic}' (28), 'R{blackboard}' (22), 'R{italic}' (60), 'Sigma' (20), 'S{caligraphic}' (10), 'S{italic}' (4), 'Theta' (4), 'T{italic}' (112), 'U{caligraphic}' (2), 'V{italic}' (323), 'W{italic}' (12), 'X{bold}' (12), 'X{italic}' (13), 'Y{italic}' (12), 'Z{italic}' (13), 'alpha' (23), 'a{italic}' (30), 'b{italic}' (130), 'c{italic}' (4), 'delta' (25), 'd{italic}' (162), 'ell' (4), 'eta' (12), 'e{italic}' (41), 'f{italic}' (6), 'gamma' (105), 'g{italic}' (214), 'h{italic}' (11), 'i{italic}' (421), 'j{italic}' (87), 'lambda' (134), 'l{italic}' (122), 'm{italic}' (14), 'n{italic}' (10), 'omega' (7), 'o{italic}' (24), 'p{italic}' (14), 'r{italic}' (18), 'sigma' (11), 's{italic}' (60), 'tau' (88), 'theta' (62), 't{italic}' (580), 'u{italic}' (30), 'v{italic}' (8), 'w{italic}' (9), 'x{bold}' (406), 'x{italic}' (40), 'y{bold}' (7), 'y{italic}' (37), 'z{italic}' (20)
Set MATHPARSER_SPECULATE to speculate on possible notations.
(Finalizing... 2.24 sec)
Conversion complete: 31 warnings; 11 errors; 11 undefined macros[\email, {remark}, {theorem}, \ShortHeadings, \AND, \addr, {keywords}, \firstpageno, {lemma}, \name, \jmlrheading]; 1 missing file[jmlr2e.sty] (See parsed.log) (reqd. 50.62s)
