latexml (LaTeXML version 0.8.8) processing eng.tex
(Digesting TeX eng...
(Loading /usr/share/perl5/LaTeXML/Package/TeX.pool.ltxml...
(Loading /usr/share/perl5/LaTeXML/Package/eTeX.pool.ltxml... 0.00 sec)
(Loading /usr/share/perl5/LaTeXML/Package/pdfTeX.pool.ltxml... 0.01 sec) 0.20 sec)
(Processing content /home/miri/Documents/university/DataLit/arXiv_src_fetcher/ICLR_2023_first100/-hWhz9xfrB9/eng.tex...
(Loading /usr/share/perl5/LaTeXML/Package/LaTeX.pool.ltxml...
(Loading /usr/share/perl5/LaTeXML/Package/textcomp.sty.ltxml...
(Processing definitions /usr/share/texlive/texmf-dist/tex/latex/base/ts1enc.dfu... 0.03 sec) 0.52 sec) 0.83 sec)
(Loading /usr/share/perl5/LaTeXML/Package/article.cls.ltxml... 0.02 sec)
(Loading /usr/share/perl5/LaTeXML/Package/geometry.sty.ltxml...
(Loading /usr/share/perl5/LaTeXML/Package/keyval.sty.ltxml...
(Processing definitions /usr/share/texlive/texmf-dist/tex/latex/graphics/keyval.sty... 0.02 sec) 0.02 sec)
(Loading /usr/share/perl5/LaTeXML/Package/ifpdf.sty.ltxml... 0.00 sec)
(Loading /usr/share/perl5/LaTeXML/Package/ifvtex.sty.ltxml...
(Loading /usr/share/perl5/LaTeXML/Package/iftex.sty.ltxml... 0.00 sec) 0.01 sec)
(Loading /usr/share/perl5/LaTeXML/Package/ifxetex.sty.ltxml... 0.00 sec) 0.06 sec)
(Loading /usr/share/perl5/LaTeXML/Package/babel.sty.ltxml...
(Processing definitions /usr/share/texlive/texmf-dist/tex/generic/babel/babel.sty...
(Processing definitions /usr/share/texlive/texmf-dist/tex/generic/config/language.def... 0.01 sec)
(Loading /usr/share/perl5/LaTeXML/Package/txtbabel.def.ltxml...
(Processing definitions /usr/share/texlive/texmf-dist/tex/generic/babel/txtbabel.def... 0.02 sec)
(Loading /usr/share/perl5/LaTeXML/Package/babel_support.sty.ltxml... 0.00 sec) 0.03 sec)
Info:latex:(babel)  Package babel Info: You haven't specified a language as a class or package
	at babel.sty; line 4342 col 0 - line 4342 col 38
	option. I'll load 'nil'. Reported        
(Loading /usr/share/perl5/LaTeXML/Package/nil.ldf.ltxml...
(Processing definitions /usr/share/texlive/texmf-dist/tex/generic/babel/nil.ldf...
Language: nil 2024/01/07 v24.1 Nil language
 0.07 sec) 0.07 sec) 1.26 sec) 1.26 sec)
(Processing content /home/miri/Documents/university/DataLit/arXiv_src_fetcher/ICLR_2023_first100/-hWhz9xfrB9/header.tex...
(Loading /usr/share/perl5/LaTeXML/Package/inputenc.sty.ltxml...
(Loading /usr/share/perl5/LaTeXML/Package/utf8.def.ltxml... 0.01 sec) 0.01 sec)
(Loading /usr/share/perl5/LaTeXML/Package/fontenc.sty.ltxml...
Warning:missing_file:t2aenc Can't find definitions t2aenc
	at fontenc.sty.ltxml; line 98
	Anticipate undefined macros or environments
	search paths are /home/miri/Documents/university/DataLit/arXiv_src_fetcher/ICLR_2023_first100/-hWhz9xfrB9
	In Core::Gullet[@0x616f33348ce0] /usr/share/perl5/LaTeXML/Package/fontenc.sty.ltxml; line 98
(Loading /usr/share/perl5/LaTeXML/Package/t2a.fontmap.ltxml... 0.00 sec) 0.04 sec)
(Loading /usr/share/perl5/LaTeXML/Package/intcalc.sty.ltxml...
(Processing definitions /usr/share/texlive/texmf-dist/tex/generic/intcalc/intcalc.sty... 0.09 sec) 0.09 sec)
(Loading /usr/share/perl5/LaTeXML/Package/calc.sty.ltxml... 0.00 sec)
Warning:missing_file:fp Can't find binding for package fp
	at header.tex; line 8 col 11 - line 8 col 11
	Anticipate undefined macros or environments
	In Core::Definition::Constructor[\usepac... /usr/share/perl5/LaTeXML/Package/LaTeX.pool.ltxml; line 879
Info:dependencies:dependencies Loading dependencies for /usr/share/texlive/texmf-dist/tex/latex/fp/fp.sty: defpattern,fp-basic,fp-addons,fp-snap,fp-exp,fp-trigo,fp-pas,fp-random,fp-eqn,fp-upn,fp-eval
	at header.tex; line 8 col 11 - line 8 col 11
(Loading /usr/share/perl5/LaTeXML/Package/graphicx.sty.ltxml...
(Loading /usr/share/perl5/LaTeXML/Package/graphics.sty.ltxml... 0.01 sec) 0.03 sec)
(Loading /usr/share/perl5/LaTeXML/Package/wrapfig.sty.ltxml... 0.00 sec)
(Loading /usr/share/perl5/LaTeXML/Package/float.sty.ltxml... 0.00 sec)
(Loading /usr/share/perl5/LaTeXML/Package/tikz.sty.ltxml...
(Processing definitions /usr/share/texlive/texmf-dist/tex/latex/pgf/frontendlayer/tikz.sty...
(Loading /usr/share/perl5/LaTeXML/Package/pgf.sty.ltxml...
(Processing definitions /usr/share/texlive/texmf-dist/tex/latex/pgf/basiclayer/pgf.sty...
(Processing definitions /usr/share/texlive/texmf-dist/tex/latex/pgf/utilities/pgfrcs.sty...
(Loading /usr/share/perl5/LaTeXML/Package/pgfutil-common.tex.ltxml...
(Processing definitions /usr/share/texlive/texmf-dist/tex/generic/pgf/utilities/pgfutil-common.tex... 0.11 sec) 0.11 sec)
(Processing definitions /usr/share/texlive/texmf-dist/tex/generic/pgf/utilities/pgfutil-latex.def...
(Processing definitions /usr/share/texlive/texmf-dist/tex/latex/everyshi/everyshi.sty...
(Processing definitions /usr/share/texlive/texmf-dist/tex/latex/everyshi/everyshi-2001-05-15.sty... 0.01 sec) 0.04 sec) 0.07 sec)
(Processing definitions /usr/share/texlive/texmf-dist/tex/generic/pgf/utilities/pgfrcs.code.tex...
(Processing definitions /usr/share/texlive/texmf-dist/tex/generic/pgf/pgf.revision.tex... 0.00 sec) 0.02 sec) 0.24 sec)
(Processing definitions /usr/share/texlive/texmf-dist/tex/latex/pgf/basiclayer/pgfcore.sty...
(Processing definitions /usr/share/texlive/texmf-dist/tex/latex/pgf/systemlayer/pgfsys.sty...
(Processing definitions /usr/share/texlive/texmf-dist/tex/generic/pgf/systemlayer/pgfsys.code.tex...
(Loading /usr/share/perl5/LaTeXML/Package/pgfkeys.code.tex.ltxml...
(Processing definitions /usr/share/texlive/texmf-dist/tex/generic/pgf/utilities/pgfkeys.code.tex...
(Processing definitions /usr/share/texlive/texmf-dist/tex/generic/pgf/utilities/pgfkeyslibraryfiltered.code.tex... 0.30 sec) 0.99 sec) 0.99 sec)
(Processing definitions /usr/share/texlive/texmf-dist/tex/generic/pgf/systemlayer/pgf.cfg... 0.00 sec)
Driver file for pgf: pgfsys-latexml.def
(Loading /usr/share/perl5/LaTeXML/Package/pgfsys-latexml.def.ltxml... 0.02 sec) 1.25 sec)
(Processing definitions /usr/share/texlive/texmf-dist/tex/generic/pgf/systemlayer/pgfsyssoftpath.code.tex... 0.02 sec)
(Processing definitions /usr/share/texlive/texmf-dist/tex/generic/pgf/systemlayer/pgfsysprotocol.code.tex... 0.01 sec) 1.28 sec)
(Loading /usr/share/perl5/LaTeXML/Package/xcolor.sty.ltxml...
(Loading /usr/share/perl5/LaTeXML/Package/color.sty.ltxml... 0.01 sec) 0.06 sec)
(Processing definitions /usr/share/texlive/texmf-dist/tex/generic/pgf/basiclayer/pgfcore.code.tex...
(Loading /usr/share/perl5/LaTeXML/Package/pgfmath.code.tex.ltxml...
(Processing definitions /usr/share/texlive/texmf-dist/tex/generic/pgf/math/pgfmath.code.tex...
(Processing definitions /usr/share/texlive/texmf-dist/tex/generic/pgf/math/pgfmathutil.code.tex... 0.06 sec)
(Processing definitions /usr/share/texlive/texmf-dist/tex/generic/pgf/math/pgfmathparser.code.tex... 0.26 sec)
(Processing definitions /usr/share/texlive/texmf-dist/tex/generic/pgf/math/pgfmathfunctions.code.tex... 0.13 sec)
(Processing definitions /usr/share/texlive/texmf-dist/tex/generic/pgf/math/pgfmathfunctions.basic.code.tex... 0.26 sec)
(Processing definitions /usr/share/texlive/texmf-dist/tex/generic/pgf/math/pgfmathfunctions.trigonometric.code.tex... 1.43 sec)
(Processing definitions /usr/share/texlive/texmf-dist/tex/generic/pgf/math/pgfmathfunctions.random.code.tex... 0.07 sec)
(Processing definitions /usr/share/texlive/texmf-dist/tex/generic/pgf/math/pgfmathfunctions.comparison.code.tex... 0.23 sec)
(Processing definitions /usr/share/texlive/texmf-dist/tex/generic/pgf/math/pgfmathfunctions.base.code.tex... 0.15 sec)
(Processing definitions /usr/share/texlive/texmf-dist/tex/generic/pgf/math/pgfmathfunctions.round.code.tex... 0.08 sec)
(Processing definitions /usr/share/texlive/texmf-dist/tex/generic/pgf/math/pgfmathfunctions.misc.code.tex... 0.20 sec)
(Processing definitions /usr/share/texlive/texmf-dist/tex/generic/pgf/math/pgfmathfunctions.integerarithmetics.code.tex... 0.07 sec)
(Loading /usr/share/perl5/LaTeXML/Package/pgfmathcalc.code.tex.ltxml...
(Processing definitions /usr/share/texlive/texmf-dist/tex/generic/pgf/math/pgfmathcalc.code.tex... 0.06 sec) 0.06 sec)
(Processing definitions /usr/share/texlive/texmf-dist/tex/generic/pgf/math/pgfmathfloat.code.tex... 1.76 sec) 4.78 sec) 4.80 sec)
(Processing definitions /usr/share/texlive/texmf-dist/tex/generic/pgf/math/pgfint.code.tex... 0.02 sec)
(Processing definitions /usr/share/texlive/texmf-dist/tex/generic/pgf/basiclayer/pgfcorepoints.code.tex... 0.22 sec)
(Processing definitions /usr/share/texlive/texmf-dist/tex/generic/pgf/basiclayer/pgfcorepathconstruct.code.tex... 0.24 sec)
(Processing definitions /usr/share/texlive/texmf-dist/tex/generic/pgf/basiclayer/pgfcorepathusage.code.tex... 0.34 sec)
(Processing definitions /usr/share/texlive/texmf-dist/tex/generic/pgf/basiclayer/pgfcorescopes.code.tex... 0.33 sec)
(Processing definitions /usr/share/texlive/texmf-dist/tex/generic/pgf/basiclayer/pgfcoregraphicstate.code.tex... 0.04 sec)
(Processing definitions /usr/share/texlive/texmf-dist/tex/generic/pgf/basiclayer/pgfcoretransformations.code.tex... 0.10 sec)
(Processing definitions /usr/share/texlive/texmf-dist/tex/generic/pgf/basiclayer/pgfcorequick.code.tex... 0.02 sec)
(Processing definitions /usr/share/texlive/texmf-dist/tex/generic/pgf/basiclayer/pgfcoreobjects.code.tex... 0.01 sec)
(Processing definitions /usr/share/texlive/texmf-dist/tex/generic/pgf/basiclayer/pgfcorepathprocessing.code.tex... 0.09 sec)
(Processing definitions /usr/share/texlive/texmf-dist/tex/generic/pgf/basiclayer/pgfcorearrows.code.tex... 2.07 sec)
(Processing definitions /usr/share/texlive/texmf-dist/tex/generic/pgf/basiclayer/pgfcoreshade.code.tex... 0.15 sec)
(Processing definitions /usr/share/texlive/texmf-dist/tex/generic/pgf/basiclayer/pgfcoreimage.code.tex... 0.25 sec)
(Processing definitions /usr/share/texlive/texmf-dist/tex/generic/pgf/basiclayer/pgfcoreexternal.code.tex... 0.23 sec)
(Processing definitions /usr/share/texlive/texmf-dist