latexml (LaTeXML version 0.8.8) processing main.tex
(Digesting TeX main...
(Loading /usr/share/perl5/LaTeXML/Package/TeX.pool.ltxml...
(Loading /usr/share/perl5/LaTeXML/Package/eTeX.pool.ltxml... 0.00 sec)
(Loading /usr/share/perl5/LaTeXML/Package/pdfTeX.pool.ltxml... 0.00 sec) 0.12 sec)
(Processing content /home/miri/Documents/university/DataLit/arXiv_src_fetcher/ICLR_2023_first100/-syx4GzWdTM/main.tex...
(Loading /usr/share/perl5/LaTeXML/Package/LaTeX.pool.ltxml...
(Loading /usr/share/perl5/LaTeXML/Package/textcomp.sty.ltxml...
(Processing definitions /usr/share/texlive/texmf-dist/tex/latex/base/ts1enc.dfu... 0.01 sec) 0.24 sec) 0.40 sec)
(Loading /usr/share/perl5/LaTeXML/Package/IEEEtran.cls.ltxml...
(Loading /usr/share/perl5/LaTeXML/Package/article.cls.ltxml... 0.01 sec) 0.04 sec)
(Loading /usr/share/perl5/LaTeXML/Package/cite.sty.ltxml... 0.00 sec)
(Loading /usr/share/perl5/LaTeXML/Package/lineno.sty.ltxml... 0.00 sec)
(Loading /usr/share/perl5/LaTeXML/Package/amsmath.sty.ltxml...
(Loading /usr/share/perl5/LaTeXML/Package/amsbsy.sty.ltxml...
(Loading /usr/share/perl5/LaTeXML/Package/amsgen.sty.ltxml... 0.00 sec) 0.01 sec)
(Loading /usr/share/perl5/LaTeXML/Package/amstext.sty.ltxml... 0.00 sec)
(Loading /usr/share/perl5/LaTeXML/Package/amsopn.sty.ltxml... 0.01 sec) 0.05 sec)
(Loading /usr/share/perl5/LaTeXML/Package/amssymb.sty.ltxml...
(Loading /usr/share/perl5/LaTeXML/Package/amsfonts.sty.ltxml... 0.00 sec) 0.01 sec)
(Loading /usr/share/perl5/LaTeXML/Package/algorithmic.sty.ltxml...
(Processing definitions /usr/share/texlive/texmf-dist/tex/latex/algorithms/algorithmic.sty...
Info:misdefined:utf-8 input isn't valid under encoding utf-8
	at algorithmic.sty; line 11 col 0 - line 11 col 0
(Loading /usr/share/perl5/LaTeXML/Package/ifthen.sty.ltxml...
(Processing definitions /usr/share/texlive/texmf-dist/tex/latex/base/ifthen.sty... 0.01 sec) 0.01 sec)
(Loading /usr/share/perl5/LaTeXML/Package/keyval.sty.ltxml...
(Processing definitions /usr/share/texlive/texmf-dist/tex/latex/graphics/keyval.sty... 0.01 sec) 0.01 sec) 0.07 sec) 0.07 sec)
(Loading /usr/share/perl5/LaTeXML/Package/graphicx.sty.ltxml...
(Loading /usr/share/perl5/LaTeXML/Package/graphics.sty.ltxml... 0.01 sec) 0.02 sec)
(Loading /usr/share/perl5/LaTeXML/Package/xcolor.sty.ltxml...
(Loading /usr/share/perl5/LaTeXML/Package/color.sty.ltxml... 0.01 sec) 0.04 sec)
(Loading /usr/share/perl5/LaTeXML/Package/algorithm2e.sty.ltxml...
(Loading /usr/share/perl5/LaTeXML/Package/float.sty.ltxml... 0.00 sec)
(Processing definitions /usr/share/texlive/texmf-dist/tex/latex/algorithm2e/algorithm2e.sty...
(Processing definitions /usr/share/texlive/texmf-dist/tex/latex/ifoddpage/ifoddpage.sty... 0.01 sec)
(Loading /usr/share/perl5/LaTeXML/Package/xspace.sty.ltxml... 0.00 sec)
(Loading /usr/share/perl5/LaTeXML/Package/relsize.sty.ltxml... 0.00 sec) 0.66 sec) 0.67 sec)
(Loading /usr/share/perl5/LaTeXML/Package/makecell.sty.ltxml...
(Processing definitions /usr/share/texlive/texmf-dist/tex/latex/makecell/makecell.sty...
(Loading /usr/share/perl5/LaTeXML/Package/array.sty.ltxml... 0.00 sec) 0.06 sec) 0.06 sec)
(Loading /usr/share/perl5/LaTeXML/Package/subfigure.sty.ltxml... 0.02 sec)
(Loading /usr/share/perl5/LaTeXML/Package/mathtools.sty.ltxml...
(Loading /usr/share/perl5/LaTeXML/Package/calc.sty.ltxml... 0.00 sec) 0.04 sec)
Warning:missing_file:pbox Can't find binding for package pbox
	at main.tex; line 18 col 11 - line 18 col 11
	Anticipate undefined macros or environments
	search paths are /home/miri/Documents/university/DataLit/arXiv_src_fetcher/ICLR_2023_first100/-syx4GzWdTM
	In Core::Definition::Constructor[\usepac... /usr/share/perl5/LaTeXML/Package/LaTeX.pool.ltxml; line 879
(Loading /usr/share/perl5/LaTeXML/Package/booktabs.sty.ltxml... 0.00 sec)
(Loading /usr/share/perl5/LaTeXML/Package/microtype.sty.ltxml... 0.01 sec)
(Loading /usr/share/perl5/LaTeXML/Package/flushend.sty.ltxml... 0.00 sec)
(Loading /usr/share/perl5/LaTeXML/Package/caption.sty.ltxml... 0.01 sec)
Error:undefined:\pbox The token T_CS[\pbox] is not defined.
	at main.tex; line 696 col 24 - line 696 col 24
	Defining it now as <ltx:ERROR/>
	Next token is T_BEGIN[{] ( == T_BEGIN[{])
	In Core::Gullet[@0x5ea338866910] /home/miri/Documents/university/DataLit/arXiv_src_fetcher/ICLR_2023_first100/-syx4GzWdTM/main.tex; from line 696 col 25 to line 696 col 25
	 <= Core::Definition::Constructor[\@start... <= Core::Stomach[@0x5ea335fbdd60] <= Core::Definition::Constructor[\@@tabu... <= ...
Info:unexpected:IEEEtranS Unknown bibstyle 'IEEEtranS', it will be ignored
	at main.tex; line 1356 col 0 - line 1356 col 29
 6.79 sec) 6.97 sec)
(Building...
(Loading compiled schema /usr/share/perl5/LaTeXML/resources/RelaxNG/LaTeXML.model... 0.01 sec)
Error:malformed:ltx:listing <ltx:listing> isn't allowed in <ltx:listingline>
	at main.tex; line 337 col 24 - line 354 col 15
	Currently in ...<ltx:section _box="LaTeXML::Core::Whatsit=HASH(0x..." _font="Font[serif,medium,upright,10,r..." inlist="toc" xml:id="S5" labels="LABEL:sec:method">...<ltx:subsection _box="LaTeXML::Core::Whatsit=HASH(0x..." _font="Font[serif,medium,upright,10,r..." inlist="toc" xml:id="S5.SS1" _ID_counter_p_="2">...<ltx:float _box="LaTeXML::Core::Whatsit=HASH(0x..." _font="Font[serif,medium,upright,10,r..." class="ltx_algorithm" xml:id="alg1" labels="LABEL:alg:mult">...<ltx:listing _box="LaTeXML::Core::Whatsit=HASH(0x..." _font="Font[serif,medium,upright,10,r..." class="ltx_lst_numbers_left">...<ltx:listingline _box="LaTeXML::Core::Whatsit=HASH(0x..." _font="Font[serif,medium,upright,10,r...">...
	In Core::Document[@0x5ea338c6bc38] /home/miri/Documents/university/DataLit/arXiv_src_fetcher/ICLR_2023_first100/-syx4GzWdTM/main.tex; from line 337 col 24 to line 354 col 15
	 <= Core::Definition::Constructor[\lx@alg... <= Whatsit[\lx@algorithmic@beginlist,Cor... <= Core::Document[@0x5ea338c6bc38] <= ...
 6.22 sec)
(Rewriting... 0.06 sec)
(Math Parsing 338 formulae ......
Warning:not_parsed:UNKNOWN.POSTSUBSCRIPT.CLOSE>RELOP MathParser failed to match rule 'Anything'
	at main.tex; line 240 col 85 - line 240 col 180
	In "$\Phi(m_{1}\times m_{2})=\Phi(m_{1})\otimes\Phi(m_{2})=(g^{(r_{1}+r_{2})},(m_{%
	1}\times m_{2})h^{(r_{1}+r_{2})}$"
	Φ[[UNKNOWN]] ([[OPEN]] m[[UNKNOWN]] _{1}[[POSTSUBSCRIPT]] ×[[MULOP]] m[[UNKNOWN]] _{2}[[POSTSUBSCRIPT]] )[[CLOSE]] =[[RELOP]] Φ[[UNKNOWN]] ([[OPEN]] m[[UNKNOWN]] _{1}[[POSTSUBSCRIPT]] )[[CLOSE]] ⊗[[MULOP]] Φ[[UNKNOWN]] ([[OPEN]] m[[UNKNOWN]] _{2}[[POSTSUBSCRIPT]] )[[CLOSE]]
	        > =[[RELOP]] ([[OPEN]] g[[UNKNOWN]] ^{(r_{1}+r_{2})}[[POSTSUPERSCRIPT]] ,[[PUNCT]] ([[OPEN]] m[[UNKNOWN]] _{1}[[POSTSUBSCRIPT]] ×[[MULOP]] m[[UNKNOWN]] _{2}[[POSTSUBSCRIPT]] )[[CLOSE]] h[[UNKNOWN]] ^{(r_{1}+r_{2})}[[POSTSUPERSCRIPT]]
Warning:not_parsed:UNKNOWN>RELOP MathParser failed to match rule 'Anything'
	at main.tex; line 288 col 62 - line 288 col 115
	In "$m=[\lfloor\frac{t}{q}[c_{0}+c_{1}s]_{q}\rceil]_{t}\in R_{t}$"
	m[[UNKNOWN]]
	        > =[[RELOP]] [[[OPEN]] \lfloor[[OPEN]] \frac{t}{q}[[UNKNOWN]] [[[OPEN]] c[[UNKNOWN]] _{0}[[POSTSUBSCRIPT]] +[[ADDOP]] c[[UNKNOWN]] _{1}[[POSTSUBSCRIPT]] s[[UNKNOWN]] ][[CLOSE]] _{q}[[POSTSUBSCRIPT]] \rceil[[CLOSE]] ][[CLOSE]] _{t}[[POSTSUBSCRIPT]] ∈[[RELOP]] R[[UNKNOWN]] _{t}[[POSTSUBSCRIPT]]
Warning:not_parsed:UNKNOWN.POSTSUBSCRIPT.POSTSUPERSCRIPT>RELOP MathParser failed to match rule 'Anything'
	at main.tex; line 293 col 0 - line 295 col 15
	In "\begin{equation*}c_{0}^{\prime}=\left[\left\lfloor\frac{t}{q}[c_{0}d_{0}]%
	\right\rceil\right]_{q}\textrm{ ,\quad}c_{1}^{\prime}=\left[\left\lfloor\frac{%
	t}{q}[c_{0}d_{1}+c_{1}d_{0}]\right\rceil\right]_{q},\end{equation*}"
	c[[UNKNOWN]] _{0}[[POSTSUBSCRIPT]] ^{\prime}[[POSTSUPERSCRIPT]]
	        > =[[RELOP]] \left[[[OPEN]] \left\lfloor[[OPEN]] \frac{t}{q}[[UNKNOWN]] [[[OPEN]] c[[UNKNOWN]] _{0}[[POSTSUBSCRIPT]] d[[UNKNOWN]] _{0}[[POSTSUBSCRIPT]] ][[CLOSE]] \right\rceil[[CLOSE]] \right][[CLOSE]] _{q}[[POSTSUBSCRIPT]] \textrm{ ,\quad}[[UNKNOWN]] c[[UNKNOWN]] _{1}[[POSTSUBSCRIPT]] ^{\prime}[[POSTSUPERSCRIPT]] =[[RELOP]] \left[[[OPEN]] \left\lfloor[[OPEN]] \frac{t}{q}[[UNKNOWN]] [[[OPEN]] c[[UNKNOWN]] _{0}[[POSTSUBSCRIPT]] d[[UNKNOWN]] _{1}[[POSTSUBSCRIPT]] +[[ADDOP]] c[[UNKNOWN]] _{1}[[POSTSUBSCRIPT]] d[[UNKNOWN]] _{0}[[POSTSUBSCRIPT]] ][[CLOSE]] \right\rceil[[CLOSE]] \right][[CLOSE]] _{q}[[POSTSUBSCRIPT]]
Warning:not_parsed:UNKNOWN.POSTSUBSCRIPT.POSTSUPERSCRIPT>RELOP MathParser failed to match rule 'Anything'
	at main.tex; line 296 col 0 - line 298 col 15
	In "\begin{equation*}\textrm{ and \,}c_{2}^{\prime}=\left[\left\lfloor\frac{t}{q}[%
	c_{1}d_{1}]\right\rceil\right]_{q}.\end{equation*}"
	\textrm{ and \,}[[UNKNOWN]] c[[UNKNOWN]] _{2}[[POSTSUBSCRIPT]] ^{\prime}[[POSTSUPERSCRIPT]]
	        > =[[RELOP]] \left[[[OPEN]] \left\lfloor[[OPEN]] \frac{t}{q}[[UNKNOWN]] [[[OPEN]] c[[UNKNOWN]] _{1}[[POSTSUBSCRIPT]] d[[UNKNOWN]] _{1}[[POSTSUBSCRIPT]] ][[CLOSE]] \right\rceil[[CLOSE]] \right][[CLOSE]] _{q}[[POSTSUBSCRIPT]]
Warning:not_parsed:NUMBER>MULOP MathParser failed to match rule 'Anything'
	at main.tex; line 797 col 150 - line 797 col 159
	In "$6.4\times$"
	6.4[[NUMBER]]
	        > ×[[MULOP]]
Warning:not_parsed:NUMBER>MULOP MathParser failed to match rule 'Anything'
	at main.tex; line 797 col 331 - line 797 col 341
	In "$9.1\times$"
	9.1[[NUMBER]]
	        > ×[[MULOP]]
Warning:not_parsed:NUMBER>MULOP MathParser failed to match rule 'Anything'
	at main.tex; line 800 col 16 - line 800 col 25
	In "$6.7\times$"
	6.7[[NUMBER]]
	        > ×[[MULOP]]
Warning:not_parsed:NUMBER>MULOP MathParser failed to match rule 'Anything'
	at main.tex; line 800 col 32 - line 800 col 41
	In "$150\times$"
	150[[NUMBER]]
	        > ×[[MULOP]]
Warning:not_parsed:NUMBER>MULOP MathParser failed to match rule 'Anything'
	at main.tex; line 856 col 58 - line 856 col 69
	In "$7.7\times$"
	7.7[[NUMBER]]
	        > ×[[MULOP]]
Warning:not_parsed:NUMBER>MULOP MathParser failed to match rule 'Anything'
	at main.tex; line 856 col 73 - line 856 col 83
	In "$4.9\times$"
	4.9[[NUMBER]]
	        > ×[[MULOP]]
Warning:not_parsed:NUMBER>MULOP MathParser failed to match rule 'Anything'
	at main.tex; line 857 col 50 - line 857 col 61
	In "$3.5\times$"
	3.5[[NUMBER]]
	        > ×[[MULOP]]
Warning:not_parsed:NUMBER>MULOP MathParser failed to match rule 'Anything'
	at main.tex; line 857 col 65 - line 857 col 76
	In "$0.2\times$"
	0.2[[NUMBER]]
	        > ×[[MULOP]]
Warning:not_parsed:NUMBER>MULOP MathParser failed to match rule 'Anything'
	at main.tex; line 858 col 56 - line 858 col 66
	In "$14\times$"
	14[[NUMBER]]
	        > ×[[MULOP]]
Warning:not_parsed:NUMBER>MULOP MathParser failed to match rule 'Anything'
	at main.tex; line 858 col 70 - line 858 col 80
	In "$11\times$"
	11[[NUMBER]]
	        > ×[[MULOP]]
Warning:not_parsed:NUMBER>MULOP MathParser failed to match rule 'Anything'
	at main.tex; line 859 col 47 - line 859 col 58
	In "$3.7\times$"
	3.7[[NUMBER]]
	        > ×[[MULOP]]
Warning:not_parsed:NUMBER>MULOP MathParser failed to match rule 'Anything'
	at main.tex; line 859 col 62 - line 859 col 72
	In "$0.2\times$"
	0.2[[NUMBER]]
	        > ×[[MULOP]]
Warning:not_parsed:NUMBER>MULOP MathParser failed to match rule 'Anything'
	at main.tex; line 860 col 56 - line 860 col 65
	In "$16\times$"
	16[[NUMBER]]
	        > ×[[MULOP]]
Warning:not_parsed:NUMBER>MULOP MathParser failed to match rule 'Anything'
	at main.tex; line 860 col 69 - line 860 col 79
	In "$6.5\times$"
	6.5[[NUMBER]]
	        > ×[[MULOP]]
Warning:not_parsed:NUMBER>MULOP MathParser failed to match rule 'Anything'
	at main.tex; line 861 col 59 - line 861 col 70
	In "$6.4\times$"
	6.4[[NUMBER]]
	        > ×[[MULOP]]
Warning:not_parsed:NUMBER>MULOP MathParser failed to match rule 'Anything'
	at main.tex; line 861 col 74 - line 861 col 84
	In "$9.1\times$"
	9.1[[NUMBER]]
	        > ×[[MULOP]]
Warning:not_parsed:NUMBER>MULOP MathParser failed to match rule 'Anything'
	at main.tex; line 876 col 48 - line 876 col 56
	In "$16\times$"
	16[[NUMBER]]
	        > ×[[MULOP]]
Warning:not_parsed:NUMBER>MULOP MathParser failed to match rule 'Anything'
	at main.tex; line 876 col 63 - line 876 col 72
	In "$11\times$"
	11[[NUMBER]]
	        > ×[[MULOP]]
Warning:not_parsed:CLOSE.MULOP.ATOM>OPEN MathParser failed to match rule 'Anything'
	at main.tex; line 1152 col 8 - line 1152 col 8
	In "$\overline{\textbf{g}}_{t}(x_{i})\leftarrow\textbf{g}_{t}(x_{i})/\text{max}(1,%
	\frac{\lVert\textbf{g}_{t}(x_{i})\rVert_{2}}{C}$"
	\overline{\textbf{g}}[[UNKNOWN]] _{t}[[POSTSUBSCRIPT]] ([[OPEN]] x[[UNKNOWN]] _{i}[[POSTSUBSCRIPT]] )[[CLOSE]] ←[[ARROW]] \textbf{g}[[UNKNOWN]] _{t}[[POSTSUBSCRIPT]] ([[OPEN]] x[[UNKNOWN]] _{i}[[POSTSUBSCRIPT]] )[[CLOSE]] /[[MULOP]] \text{max}[[UNKNOWN]]
	        > ([[OPEN]] 1[[NUMBER]] ,[[PUNCT]] \frac{\lVert\textbf{g}_{t}(x_{i})\rVert_{2}}{C}[[UNKNOWN]]
Warning:not_parsed:UNKNOWN>ARROW MathParser failed to match rule 'Anything'
	at main.tex; line 1164 col 9 - line 1164 col 44
	In "$\mathcal{G}\leftarrow\{(g_{i}:c(g_{i}))\}_{i}$"
	G[[UNKNOWN]]
	        > ←[[ARROW]] \{[[OPEN]] ([[OPEN]] g[[UNKNOWN]] _{i}[[POSTSUBSCRIPT]] :[[METARELOP]] c[[UNKNOWN]] ([[OPEN]] g[[UNKNOWN]] _{i}[[POSTSUBSCRIPT]] )[[CLOSE]] )[[CLOSE]] \}[[CLOSE]] _{i}[[POSTSUBSCRIPT]]
 2.80 sec)
Math parsing succeeded:
   ltx:XMArg: 422/422
   ltx:XMath: 314/338
Symbols assumed as simple identifiers (with # of occurences):
   'B{caligraphic}' (1), 'C{italic}' (1), 'Delta' (1), 'D{italic}' (5), 'E7{bold}' (1), 'G{caligraphic}' (5), 'G{italic}' (18), 'I{caligraphic}' (1), 'K{italic}' (2), 'L{caligraphic}' (3), 'L{italic}' (3), 'M{italic}' (2), 'N{blackboard}' (1), 'N{caligraphic}' (1), 'N{italic}' (1), 'O{caligraphic}' (4), 'Phi' (8), 'P{caligraphic}' (6), 'P{italic}' (3), 'R{blackboard}' (7), 'R{italic}' (15), 'Sigma' (2), 'S{italic}' (3), 'T{bold}' (2), 'T{italic}' (1), 'W{bold}' (3), 'Z{blackboard}' (4), 'alpha' (6), 'a{italic}' (19), 'beta' (2), 'b{italic}' (8), 'chi' (2), 'c{italic}' (58), 'delta' (13), 'd{italic}' (20), 'ell' (2), 'epsilon' (3), 'eta' (2), 'e{italic}' (14), 'f{italic}' (24), 'gamma' (1), 'g{italic}' (13), 'h{italic}' (8), 'i{italic}' (16), 'j{italic}' (10), 'k{italic}' (6), 'lambda' (1), 'l{italic}' (2), 'm{italic}' (23), 'n{italic}' (29), 'p{italic}' (41), 'q{italic}' (15), 'r{italic}' (8), 'sigma' (2), 's{italic}' (9), 'theta' (8), 't{italic}' (11), 'u{italic}' (6), 'x{italic}' (97), 'z{italic}' (8), '−' (2)
Set MATHPARSER_SPECULATE to speculate on possible notations.
(Finalizing... 0.36 sec)
Conversion complete: 25 warnings; 2 errors; 1 undefined macro[\pbox]; 1 missing file[pbox.sty] (See parsed.log) (reqd. 16.74s)
