latexml (LaTeXML version 0.8.8) processing paper.tex
(Digesting TeX paper...
(Loading /usr/share/perl5/LaTeXML/Package/TeX.pool.ltxml...
(Loading /usr/share/perl5/LaTeXML/Package/eTeX.pool.ltxml... 0.00 sec)
(Loading /usr/share/perl5/LaTeXML/Package/pdfTeX.pool.ltxml... 0.00 sec) 0.09 sec)
(Processing content /home/miri/Documents/DataLit/arXiv_src_fetcher/ICLR_2023_first100/-rHOeHtdWP/paper.tex...
(Loading /usr/share/perl5/LaTeXML/Package/LaTeX.pool.ltxml...
(Loading /usr/share/perl5/LaTeXML/Package/textcomp.sty.ltxml...
(Processing definitions /usr/share/texlive/texmf-dist/tex/latex/base/ts1enc.dfu... 0.02 sec) 0.07 sec) 0.21 sec)
(Loading /usr/share/perl5/LaTeXML/Package/article.cls.ltxml... 0.01 sec)
Warning:missing_file:PRIMEarxiv Can't find binding for package PRIMEarxiv
	at paper.tex; line 4 col 0 - line 4 col 1
	Anticipate undefined macros or environments
	search paths are /home/miri/Documents/DataLit/arXiv_src_fetcher/ICLR_2023_first100/-rHOeHtdWP
	In Core::Definition::Constructor[\usepac... /usr/share/perl5/LaTeXML/Package/LaTeX.pool.ltxml; line 879
Info:dependencies:dependencies Loading dependencies for /home/miri/Documents/DataLit/arXiv_src_fetcher/ICLR_2023_first100/-rHOeHtdWP/PRIMEarxiv.sty: geometry,fancyhdr
	at paper.tex; line 4 col 0 - line 4 col 1
(Loading /usr/share/perl5/LaTeXML/Package/geometry.sty.ltxml...
(Loading /usr/share/perl5/LaTeXML/Package/keyval.sty.ltxml...
(Processing definitions /usr/share/texlive/texmf-dist/tex/latex/graphics/keyval.sty... 0.01 sec) 0.01 sec)
(Loading /usr/share/perl5/LaTeXML/Package/ifpdf.sty.ltxml... 0.00 sec)
(Loading /usr/share/perl5/LaTeXML/Package/ifvtex.sty.ltxml...
(Loading /usr/share/perl5/LaTeXML/Package/iftex.sty.ltxml... 0.00 sec) 0.01 sec)
(Loading /usr/share/perl5/LaTeXML/Package/ifxetex.sty.ltxml... 0.00 sec) 0.04 sec)
(Loading /usr/share/perl5/LaTeXML/Package/fancyhdr.sty.ltxml... 0.00 sec)
(Processing content /home/miri/Documents/DataLit/arXiv_src_fetcher/ICLR_2023_first100/-rHOeHtdWP/math_commands.tex...
(Loading /usr/share/perl5/LaTeXML/Package/amsmath.sty.ltxml...
(Loading /usr/share/perl5/LaTeXML/Package/amsbsy.sty.ltxml...
(Loading /usr/share/perl5/LaTeXML/Package/amsgen.sty.ltxml... 0.00 sec) 0.01 sec)
(Loading /usr/share/perl5/LaTeXML/Package/amstext.sty.ltxml... 0.01 sec)
(Loading /usr/share/perl5/LaTeXML/Package/amsopn.sty.ltxml... 0.01 sec) 0.07 sec)
(Loading /usr/share/perl5/LaTeXML/Package/amsfonts.sty.ltxml... 0.00 sec)
(Loading /usr/share/perl5/LaTeXML/Package/bm.sty.ltxml... 0.00 sec) 0.19 sec)
(Loading /usr/share/perl5/LaTeXML/Package/natbib.sty.ltxml... 0.02 sec)
(Loading /usr/share/perl5/LaTeXML/Package/times.sty.ltxml... 0.00 sec)
(Loading /usr/share/perl5/LaTeXML/Package/hyperref.sty.ltxml...
(Loading /usr/share/perl5/LaTeXML/Package/ltxcmds.sty.ltxml...
(Processing definitions /usr/share/texlive/texmf-dist/tex/generic/ltxcmds/ltxcmds.sty... 0.09 sec) 0.09 sec)
(Loading /usr/share/perl5/LaTeXML/Package/kvsetkeys.sty.ltxml...
(Processing definitions /usr/share/texlive/texmf-dist/tex/latex/kvsetkeys/kvsetkeys.sty... 0.07 sec) 0.07 sec)
(Loading /usr/share/perl5/LaTeXML/Package/kvdefinekeys.sty.ltxml...
(Processing definitions /usr/share/texlive/texmf-dist/tex/generic/kvdefinekeys/kvdefinekeys.sty... 0.03 sec) 0.03 sec)
(Loading /usr/share/perl5/LaTeXML/Package/kvoptions.sty.ltxml...
(Processing definitions /usr/share/texlive/texmf-dist/tex/latex/kvoptions/kvoptions.sty... 0.15 sec) 0.15 sec)
(Loading /usr/share/perl5/LaTeXML/Package/nameref.sty.ltxml...
(Loading /usr/share/perl5/LaTeXML/Package/refcount.sty.ltxml...
(Processing definitions /usr/share/texlive/texmf-dist/tex/latex/refcount/refcount.sty...
(Loading /usr/share/perl5/LaTeXML/Package/infwarerr.sty.ltxml...
(Processing definitions /usr/share/texlive/texmf-dist/tex/generic/infwarerr/infwarerr.sty... 0.05 sec) 0.05 sec) 0.12 sec) 0.12 sec)
(Loading /usr/share/perl5/LaTeXML/Package/gettitlestring.sty.ltxml...
(Processing definitions /usr/share/texlive/texmf-dist/tex/generic/gettitlestring/gettitlestring.sty... 0.11 sec) 0.11 sec) 0.25 sec)
(Loading /usr/share/perl5/LaTeXML/Package/url.sty.ltxml... 0.00 sec)
(Loading /usr/share/perl5/LaTeXML/Package/bitset.sty.ltxml...
(Processing definitions /usr/share/texlive/texmf-dist/tex/generic/bitset/bitset.sty...
(Loading /usr/share/perl5/LaTeXML/Package/intcalc.sty.ltxml...
(Processing definitions /usr/share/texlive/texmf-dist/tex/generic/intcalc/intcalc.sty... 0.06 sec) 0.06 sec)
(Loading /usr/share/perl5/LaTeXML/Package/bigintcalc.sty.ltxml...
(Processing definitions /usr/share/texlive/texmf-dist/tex/generic/bigintcalc/bigintcalc.sty...
(Loading /usr/share/perl5/LaTeXML/Package/pdftexcmds.sty.ltxml... 0.01 sec) 0.17 sec) 0.18 sec) 0.41 sec) 0.42 sec) 1.10 sec)
(Loading /usr/share/perl5/LaTeXML/Package/svg.sty.ltxml...
(Loading /usr/share/perl5/LaTeXML/Package/graphicx.sty.ltxml...
(Loading /usr/share/perl5/LaTeXML/Package/graphics.sty.ltxml... 0.01 sec) 0.04 sec)
(Loading /usr/share/perl5/LaTeXML/Package/subfig.sty.ltxml... 0.01 sec)
(Loading /usr/share/perl5/LaTeXML/Package/xcolor.sty.ltxml...
(Loading /usr/share/perl5/LaTeXML/Package/color.sty.ltxml... 0.01 sec) 0.04 sec)
(Loading /usr/share/perl5/LaTeXML/Package/transparent.sty.ltxml... 0.01 sec)
(Loading /usr/share/perl5/LaTeXML/Package/import.sty.ltxml... 0.00 sec) 0.14 sec)
(Loading /usr/share/perl5/LaTeXML/Package/caption.sty.ltxml... 0.01 sec)
(Loading /usr/share/perl5/LaTeXML/Package/subcaption.sty.ltxml... 0.01 sec)
(Loading /usr/share/perl5/LaTeXML/Package/cleveref.sty.ltxml...
Warning:missing_file:cleveref Can't find package cleveref
	at cleveref.sty.ltxml; line 26
	Anticipate undefined macros or environments
	In Core::Gullet[@0x5dbfd33b36e8] /usr/share/perl5/LaTeXML/Package/cleveref.sty.ltxml; line 26
 0.02 sec)
(Loading /usr/share/perl5/LaTeXML/Package/multirow.sty.ltxml... 0.00 sec)
(Loading /usr/share/perl5/LaTeXML/Package/placeins.sty.ltxml... 0.00 sec)
(Loading /usr/share/perl5/LaTeXML/Package/booktabs.sty.ltxml... 0.00 sec)
(Loading /usr/share/perl5/LaTeXML/Package/adjustbox.sty.ltxml...
Warning:missing_file:adjustbox Can't find package adjustbox
	at adjustbox.sty.ltxml; line 18
	Anticipate undefined macros or environments
	In Core::Gullet[@0x5dbfd33b36e8] /usr/share/perl5/LaTeXML/Package/adjustbox.sty.ltxml; line 18
 0.01 sec)
Warning:missing_file:newunicodechar Can't find binding for package newunicodechar
	at paper.tex; line 20 col 11 - line 20 col 11
	Anticipate undefined macros or environments
	In Core::Definition::Constructor[\usepac... /usr/share/perl5/LaTeXML/Package/LaTeX.pool.ltxml; line 879
Error:undefined:\newunicodechar The token T_CS[\newunicodechar] is not defined.
	at paper.tex; line 21 col 15 - line 21 col 15
	Defining it now as <ltx:ERROR/>
	Next token is T_BEGIN[{] ( == T_BEGIN[{])
	In Core::Gullet[@0x5dbfd33b36e8] /home/miri/Documents/DataLit/arXiv_src_fetcher/ICLR_2023_first100/-rHOeHtdWP/paper.tex; from line 21 col 16 to line 21 col 16
	 <= Core::Stomach[@0x5dbfd33b32c8] <= ...
Error:undefined:\AND The token T_CS[\AND] is not defined.
	at paper.tex; line 48 col 0 - line 48 col 1
	Defining it now as <ltx:ERROR/>
	Next token is T_LETTER[I] ( == T_LETTER[I]) more: lia Shumailov \\
University of Oxford \\
\texttt{ilia.shumailov@chch.ox.ac.uk}
\AndRobert D Mullins \\
University of Cambridge \\
\texttt{robert.mullins@cl.cam.ac.uk}

	In Core::Gullet[@0x5dbfd33b36e8] /home/miri/Documents/DataLit/arXiv_src_fetcher/ICLR_2023_first100/-rHOeHtdWP/paper.tex; from line 48 col 0 to line 48 col 1
	 <= Core::Stomach[@0x5dbfd33b32c8] <= Core::Definition::Constructor[\@perso... <= Core::Stomach[@0x5dbfd33b32c8] <= ...
(Processing content /home/miri/Documents/DataLit/arXiv_src_fetcher/ICLR_2023_first100/-rHOeHtdWP/sections/abstract.tex... 0.03 sec)
(Processing content /home/miri/Documents/DataLit/arXiv_src_fetcher/ICLR_2023_first100/-rHOeHtdWP/sections/introduction.tex... 0.20 sec)
(Processing content /home/miri/Documents/DataLit/arXiv_src_fetcher/ICLR_2023_first100/-rHOeHtdWP/sections/related_work.tex... 0.13 sec)
(Processing content /home/miri/Documents/DataLit/arXiv_src_fetcher/ICLR_2023_first100/-rHOeHtdWP/sections/method.tex... 0.18 sec)
(Processing content /home/miri/Documents/DataLit/arXiv_src_fetcher/ICLR_2023_first100/-rHOeHtdWP/sections/evaluation.tex...
Error:undefined:\crefpairconjunction The token T_CS[\crefpairconjunction] is not defined.
	at evaluation.tex; line 7 col 0 - line 7 col 195
	Defining it now as <ltx:ERROR/>
	Next token is T_CS[\lx@cref] ( == Core::Definition::Constructor[\lx@cref OptionalMatch:*{}Semiverbatim]) more: {refnum}{table:listops}.
	In Core::Gullet[@0x5dbfd33b36e8] /home/miri/Documents/DataLit/arXiv_src_fetcher/ICLR_2023_first100/-rHOeHtdWP/sections/evaluation.tex; from line 7 col 0 to line 7 col 195
	 <= Core::Stomach[@0x5dbfd33b32c8] <= Core::Definition::Constructor[\lx@not... <= Core::Stomach[@0x5dbfd33b32c8] <= ...
(Processing content /home/miri/Documents/DataLit/arXiv_src_fetcher/ICLR_2023_first100/-rHOeHtdWP/tables/imdb.tex...
Error:undefined:\adjustbox The token T_CS[\adjustbox] is not defined.
	at imdb.tex; line 5 col 18 - line 5 col 18
	Defining it now as <ltx:ERROR/>
	Next token is T_BEGIN[{] ( == T_BEGIN[{])
	In Core::Gullet[@0x5dbfd33b36e8] /home/miri/Documents/DataLit/arXiv_src_fetcher/ICLR_2023_first100/-rHOeHtdWP/tables/imdb.tex; from line 5 col 19 to line 5 col 19
	 <= Core::Stomach[@0x5dbfd33b32c8] <= Core::Definition::Constructor[\begin{... <= Core::Stomach[@0x5dbfd33b32c8] <= ...
 0.17 sec)
(Processing content /home/miri/Documents/DataLit/arXiv_src_fetcher/ICLR_2023_first100/-rHOeHtdWP/tables/listop_matching.tex... 0.14 sec) 0.61 sec)
(Processing content /home/miri/Documents/DataLit/arXiv_src_fetcher/ICLR_2023_first100/-rHOeHtdWP/sections/discussion.tex...
(Processing content /home/miri/Documents/DataLit/arXiv_src_fetcher/ICLR_2023_first100/-rHOeHtdWP/segments/main_discussion.tex...
(Processing content /home/miri/Documents/DataLit/arXiv_src_fetcher/ICLR_2023_first100/-rHOeHtdWP/tables/vit.tex... 0.10 sec) 0.56 sec)
(Processing content /home/miri/Documents/DataLit/arXiv_src_fetcher/ICLR_2023_first100/-rHOeHtdWP/segments/mixed_attention.tex... 0.16 sec) 0.77 sec)
(Processing content /home/miri/Documents/DataLit/arXiv_src_fetcher/ICLR_2023_first100/-rHOeHtdWP/sections/conclusion.tex... 0.07 sec)
(Processing content /home/miri/Documents/DataLit/arXiv_src_fetcher/ICLR_2023_first100/-rHOeHtdWP/sections/reproducibility.tex... 0.04 sec)
Info:expected:paper Couldn't find all bib files, using paper.bbl instead
	at paper.tex; line 69 col 0 - line 69 col 20
(Processing content /home/miri/Documents/DataLit/arXiv_src_fetcher/ICLR_2023_first100/-rHOeHtdWP/paper.bbl... 0.96 sec)
(Processing content /home/miri/Documents/DataLit/arXiv_src_fetcher/ICLR_2023_first100/-rHOeHtdWP/sections/appendix.tex...
(Processing content /home/miri/Documents/DataLit/arXiv_src_fetcher/ICLR_2023_first100/-rHOeHtdWP/segments/main_appendix.tex... 1.03 sec) 1.03 sec) 6.07 sec) 6.23 sec)
(Building...
(Loading compiled schema /usr/share/perl5/LaTeXML/resources/RelaxNG/LaTeXML.model... 0.01 sec) 5.54 sec)
(Rewriting... 0.04 sec)
(Math Parsing 249 formulae ......
Warning:not_parsed:NUMBER>MULOP MathParser failed to match rule 'Anything'
	at abstract.tex; line 9 col 93 - line 9 col 103
	In "$3.1\times$"
	3.1[[NUMBER]]
	        > ×[[MULOP]]
Warning:not_parsed:NUMBER>MULOP MathParser failed to match rule 'Anything'
	at introduction.tex; line 52 col 184 - line 52 col 194
	In "$1.4\times$"
	1.4[[NUMBER]]
	        > ×[[MULOP]]
Warning:not_parsed:NUMBER>MULOP MathParser failed to match rule 'Anything'
	at introduction.tex; line 52 col 214 - line 52 col 224
	In "$3.1\times$"
	3.1[[NUMBER]]
	        > ×[[MULOP]]
Warning:not_parsed:NUMBER>MULOP MathParser failed to match rule 'Anything'
	at introduction.tex; line 52 col 265 - line 52 col 275
	In "$1.9\times$"
	1.9[[NUMBER]]
	        > ×[[MULOP]]
Warning:not_parsed:NUMBER>MULOP MathParser failed to match rule 'Anything'
	at main_discussion.tex; line 26 col 48 - line 26 col 58
	In "$3.1\times$"
	3.1[[NUMBER]]
	        > ×[[MULOP]]
Warning:not_parsed:NUMBER>MULOP MathParser failed to match rule 'Anything'
	at main_discussion.tex; line 26 col 81 - line 26 col 91
	In "$1.9\times$"
	1.9[[NUMBER]]
	        > ×[[MULOP]]
Warning:not_parsed:NUMBER>MULOP MathParser failed to match rule 'Anything'
	at conclusion.tex; line 11 col 82 - line 11 col 92
	In "$3.1\times$"
	3.1[[NUMBER]]
	        > ×[[MULOP]]
Warning:not_parsed:NUMBER>MULOP MathParser failed to match rule 'Anything'
	at conclusion.tex; line 11 col 113 - line 11 col 123
	In "$1.9\times$"
	1.9[[NUMBER]]
	        > ×[[MULOP]]
Warning:not_parsed:NUMBER>MULOP MathParser failed to match rule 'Anything'
	at main_appendix.tex; line 114 col 104 - line 114 col 111
	In "$2\times$"
	2[[NUMBER]]
	        > ×[[MULOP]]
 1.63 sec)
Math parsing succeeded:
   ltx:XMArg: 48/48
   ltx:XMath: 240/249
Symbols assumed as simple identifiers (with # of occurences):
   'A{italic}' (7), 'E{italic}' (12), 'H{italic}' (10), 'L{italic}' (7), 'M{italic}' (6), 'R{blackboard}' (1), 'S{italic}' (1), 'X{bold italic}' (1), 'beta' (2), 'k{italic}' (12)
Set MATHPARSER_SPECULATE to speculate on possible notations.
(Finalizing... 0.21 sec)
Conversion complete: 13 warnings; 4 errors; 4 undefined macros[\adjustbox, \newunicodechar, \crefpairconjunction, \AND]; 4 missing files[newunicodechar.sty, PRIMEarxiv.sty, adjustbox.sty, cleveref.sty] (See parsed.log) (reqd. 13.98s)
