latexml (LaTeXML version 0.8.8) processing main_ICLR.tex
(Digesting TeX main_ICLR...
(Loading /usr/share/perl5/LaTeXML/Package/TeX.pool.ltxml...
(Loading /usr/share/perl5/LaTeXML/Package/eTeX.pool.ltxml... 0.00 sec)
(Loading /usr/share/perl5/LaTeXML/Package/pdfTeX.pool.ltxml... 0.01 sec) 0.14 sec)
(Processing content /home/miri/Documents/DataLit/arXiv_src_fetcher/ICLR_2023_first100/-AdWUM183OU/main_ICLR.tex...
(Loading /usr/share/perl5/LaTeXML/Package/LaTeX.pool.ltxml...
(Loading /usr/share/perl5/LaTeXML/Package/textcomp.sty.ltxml...
(Processing definitions /usr/share/texlive/texmf-dist/tex/latex/base/ts1enc.dfu... 0.01 sec) 0.05 sec) 0.27 sec)
(Loading /usr/share/perl5/LaTeXML/Package/article.cls.ltxml... 0.01 sec)
Warning:missing_file:iclr2023_conference Can't find binding for package iclr2023_conference
	at main_ICLR.tex; line 13 col 11 - line 13 col 11
	Anticipate undefined macros or environments
	search paths are /home/miri/Documents/DataLit/arXiv_src_fetcher/ICLR_2023_first100/-AdWUM183OU
	In Core::Definition::Constructor[\usepac... /usr/share/perl5/LaTeXML/Package/LaTeX.pool.ltxml; line 879
Info:dependencies:dependencies Loading dependencies for /home/miri/Documents/DataLit/arXiv_src_fetcher/ICLR_2023_first100/-AdWUM183OU/iclr2023_conference.sty: fancyhdr,natbib,eso-pic
	at main_ICLR.tex; line 13 col 11 - line 13 col 11
(Loading /usr/share/perl5/LaTeXML/Package/fancyhdr.sty.ltxml... 0.00 sec)
(Loading /usr/share/perl5/LaTeXML/Package/natbib.sty.ltxml... 0.01 sec)
(Loading /usr/share/perl5/LaTeXML/Package/times.sty.ltxml... 0.00 sec)
(Loading /usr/share/perl5/LaTeXML/Package/caption.sty.ltxml... 0.01 sec)
(Loading /usr/share/perl5/LaTeXML/Package/subcaption.sty.ltxml... 0.01 sec)
(Loading /usr/share/perl5/LaTeXML/Package/paralist.sty.ltxml... 0.01 sec)
(Loading /usr/share/perl5/LaTeXML/Package/enumitem.sty.ltxml... 0.00 sec)
(Loading /usr/share/perl5/LaTeXML/Package/sidecap.sty.ltxml...
(Loading /usr/share/perl5/LaTeXML/Package/ifthen.sty.ltxml...
(Processing definitions /usr/share/texlive/texmf-dist/tex/latex/base/ifthen.sty... 0.01 sec) 0.01 sec) 0.01 sec)
(Loading /usr/share/perl5/LaTeXML/Package/wrapfig.sty.ltxml... 0.00 sec)
(Loading /usr/share/perl5/LaTeXML/Package/amssymb.sty.ltxml...
(Loading /usr/share/perl5/LaTeXML/Package/amsfonts.sty.ltxml... 0.00 sec) 0.01 sec)
(Loading /usr/share/perl5/LaTeXML/Package/amsmath.sty.ltxml...
(Loading /usr/share/perl5/LaTeXML/Package/amsbsy.sty.ltxml...
(Loading /usr/share/perl5/LaTeXML/Package/amsgen.sty.ltxml... 0.00 sec) 0.01 sec)
(Loading /usr/share/perl5/LaTeXML/Package/amstext.sty.ltxml... 0.00 sec)
(Loading /usr/share/perl5/LaTeXML/Package/amsopn.sty.ltxml... 0.00 sec) 0.04 sec)
(Loading /usr/share/perl5/LaTeXML/Package/amsthm.sty.ltxml... 0.01 sec)
(Loading /usr/share/perl5/LaTeXML/Package/color.sty.ltxml... 0.01 sec)
(Loading /usr/share/perl5/LaTeXML/Package/xcolor.sty.ltxml... 0.03 sec)
(Loading /usr/share/perl5/LaTeXML/Package/bm.sty.ltxml... 0.00 sec)
(Loading /usr/share/perl5/LaTeXML/Package/multirow.sty.ltxml... 0.00 sec)
(Loading /usr/share/perl5/LaTeXML/Package/hyperref.sty.ltxml...
(Loading /usr/share/perl5/LaTeXML/Package/ltxcmds.sty.ltxml...
(Processing definitions /usr/share/texlive/texmf-dist/tex/generic/ltxcmds/ltxcmds.sty... 0.05 sec) 0.05 sec)
(Loading /usr/share/perl5/LaTeXML/Package/keyval.sty.ltxml...
(Processing definitions /usr/share/texlive/texmf-dist/tex/latex/graphics/keyval.sty... 0.01 sec) 0.01 sec)
(Loading /usr/share/perl5/LaTeXML/Package/kvsetkeys.sty.ltxml...
(Processing definitions /usr/share/texlive/texmf-dist/tex/latex/kvsetkeys/kvsetkeys.sty... 0.03 sec) 0.04 sec)
(Loading /usr/share/perl5/LaTeXML/Package/kvdefinekeys.sty.ltxml...
(Processing definitions /usr/share/texlive/texmf-dist/tex/generic/kvdefinekeys/kvdefinekeys.sty... 0.01 sec) 0.01 sec)
(Loading /usr/share/perl5/LaTeXML/Package/kvoptions.sty.ltxml...
(Processing definitions /usr/share/texlive/texmf-dist/tex/latex/kvoptions/kvoptions.sty... 0.08 sec) 0.08 sec)
(Loading /usr/share/perl5/LaTeXML/Package/nameref.sty.ltxml...
(Loading /usr/share/perl5/LaTeXML/Package/refcount.sty.ltxml...
(Processing definitions /usr/share/texlive/texmf-dist/tex/latex/refcount/refcount.sty...
(Loading /usr/share/perl5/LaTeXML/Package/infwarerr.sty.ltxml...
(Processing definitions /usr/share/texlive/texmf-dist/tex/generic/infwarerr/infwarerr.sty... 0.03 sec) 0.03 sec) 0.07 sec) 0.07 sec)
(Loading /usr/share/perl5/LaTeXML/Package/gettitlestring.sty.ltxml...
(Processing definitions /usr/share/texlive/texmf-dist/tex/generic/gettitlestring/gettitlestring.sty... 0.05 sec) 0.06 sec) 0.13 sec)
(Loading /usr/share/perl5/LaTeXML/Package/url.sty.ltxml... 0.00 sec)
(Loading /usr/share/perl5/LaTeXML/Package/bitset.sty.ltxml...
(Processing definitions /usr/share/texlive/texmf-dist/tex/generic/bitset/bitset.sty...
(Loading /usr/share/perl5/LaTeXML/Package/intcalc.sty.ltxml...
(Processing definitions /usr/share/texlive/texmf-dist/tex/generic/intcalc/intcalc.sty... 0.03 sec) 0.03 sec)
(Loading /usr/share/perl5/LaTeXML/Package/bigintcalc.sty.ltxml...
(Processing definitions /usr/share/texlive/texmf-dist/tex/generic/bigintcalc/bigintcalc.sty...
(Loading /usr/share/perl5/LaTeXML/Package/pdftexcmds.sty.ltxml...
(Loading /usr/share/perl5/LaTeXML/Package/iftex.sty.ltxml... 0.00 sec) 0.01 sec) 0.09 sec) 0.09 sec) 0.22 sec) 0.22 sec) 0.59 sec)
(Loading /usr/share/perl5/LaTeXML/Package/amsa.fontmap.ltxml... 0.00 sec)
(Loading /usr/share/perl5/LaTeXML/Package/algorithm2e.sty.ltxml...
(Loading /usr/share/perl5/LaTeXML/Package/float.sty.ltxml... 0.00 sec)
Warning:missing_file:algorithm2e Can't find package algorithm2e
	at algorithm2e.sty.ltxml; line 48
	Anticipate undefined macros or environments
	In Core::Gullet[@0x5cebb6bc4cc0] /usr/share/perl5/LaTeXML/Package/algorithm2e.sty.ltxml; line 48
Error:undefined:\algocf@within The token T_CS[\algocf@within] is not defined.
	at algorithm2e.sty.ltxml; line 53
	Defining it now as <ltx:ERROR/>
	Input is empty
	In Core::Gullet[@0x5cebb6bc4cc0] /usr/share/perl5/LaTeXML/Package/algorithm2e.sty.ltxml; line 53
	 <= Core::Stomach[@0x5cebb6bc4e88] <= Core::Gullet[@0x5cebb6bc4cc0] <= Core::Definition::Constructor[\usepac... <= ...
 0.02 sec)
Warning:missing_file:arydshln Can't find binding for package arydshln
	at main_ICLR.tex; line 68 col 0 - line 68 col 1
	Anticipate undefined macros or environments
	In Core::Definition::Constructor[\usepac... /usr/share/perl5/LaTeXML/Package/LaTeX.pool.ltxml; line 879
(Loading /usr/share/perl5/LaTeXML/Package/inputenc.sty.ltxml...
(Loading /usr/share/perl5/LaTeXML/Package/utf8.def.ltxml... 0.00 sec) 0.01 sec)
(Loading /usr/share/perl5/LaTeXML/Package/fontenc.sty.ltxml...
(Loading /usr/share/perl5/LaTeXML/Package/t1enc.def.ltxml...
(Processing definitions /usr/share/texlive/texmf-dist/tex/latex/base/t1enc.def...
(Processing definitions /usr/share/texlive/texmf-dist/tex/latex/base/t1enc.dfu... 0.03 sec)
(Loading /usr/share/perl5/LaTeXML/Package/t1.fontmap.ltxml... 0.00 sec) 0.06 sec) 0.06 sec) 0.07 sec)
(Loading /usr/share/perl5/LaTeXML/Package/booktabs.sty.ltxml... 0.00 sec)
(Loading /usr/share/perl5/LaTeXML/Package/nicefrac.sty.ltxml... 0.00 sec)
(Loading /usr/share/perl5/LaTeXML/Package/microtype.sty.ltxml... 0.00 sec)
(Loading /usr/share/perl5/LaTeXML/Package/graphicx.sty.ltxml...
(Loading /usr/share/perl5/LaTeXML/Package/graphics.sty.ltxml... 0.00 sec) 0.02 sec)
(Loading /usr/share/perl5/LaTeXML/Package/bbm.sty.ltxml... 0.00 sec)
Error:misdefined:# The token T_PARAM[#] should never reach Stomach!
	at main_ICLR.tex; line 355 col 9 - line 355 col 9
	In Core::Stomach[@0x5cebb6bc4e88] /home/miri/Documents/DataLit/arXiv_src_fetcher/ICLR_2023_first100/-AdWUM183OU/main_ICLR.tex; from line 355 col 9 to line 355 col 9
	 <= Core::Definition::Primitive[Begin] <= Core::Stomach[@0x5cebb6bc4e88] <= Core::Definition::Primitive[Begin] <= ...
Error:undefined:\SetKw The token T_CS[\SetKw] is not defined.
	at main_ICLR.tex; line 479 col 6 - line 479 col 6
	Defining it now as <ltx:ERROR/>
	Next token is T_BEGIN[{] ( == T_BEGIN[{])
	In Core::Gullet[@0x5cebb6bc4cc0] /home/miri/Documents/DataLit/arXiv_src_fetcher/ICLR_2023_first100/-AdWUM183OU/main_ICLR.tex; from line 479 col 7 to line 479 col 7
	 <= Core::Stomach[@0x5cebb6bc4e88] <= Core::Definition::Constructor[\begin{... <= Core::Stomach[@0x5cebb6bc4e88] <= ...
Error:undefined:\SetKwComment The token T_CS[\SetKwComment] is not defined.
	at main_ICLR.tex; line 480 col 13 - line 480 col 13
	Defining it now as <ltx:ERROR/>
	Next token is T_BEGIN[{] ( == T_BEGIN[{])
	In Core::Gullet[@0x5cebb6bc4cc0] /home/miri/Documents/DataLit/arXiv_src_fetcher/ICLR_2023_first100/-AdWUM183OU/main_ICLR.tex; from line 480 col 14 to line 480 col 14
	 <= Core::Stomach[@0x5cebb6bc4e88] <= Core::Definition::Constructor[\begin{... <= Core::Stomach[@0x5cebb6bc4e88] <= ...
Error:undefined:\algocf@within@ID The token T_CS[\algocf@within@ID] is not defined.
	at main_ICLR.tex; line 481 col 44 - line 481 col 44
	Defining it now as <ltx:ERROR/>
	Next token is T_CS[\endcsname] ( == Core::Definition::Primitive[\endcsname]) more: \@empty\else\csnamethe\algocf@within@ID\endcsname.\fialgorithm\csname@algorithm@ID\endcsname
	In Core::Gullet[@0x5cebb6bc4cc0] /home/miri/Documents/DataLit/arXiv_src_fetcher/ICLR_2023_first100/-AdWUM183OU/main_ICLR.tex; from line 481 col 44 to line 481 col 44
	 <= Core::Definition::Expandable[\csname ... <= Core::Definition::Expandable[\expanda... <= Core::Gullet[@0x5cebb6bc4cc0] <= ...
Error:unexpected:\algocf@within@ID The control sequence \algocf@within@ID should not appear between \csname and \endcsname
	at main_ICLR.tex; line 481 col 44 - line 481 col 44
	Next token is T_CS[\endcsname] ( == Core::Definition::Primitive[\endcsname]) more: \@empty\else\csnamethe\algocf@within@ID\endcsname.\fialgorithm\csname@algorithm@ID\endcsname
	In Core::Gullet[@0x5cebb6bc4cc0] /home/miri/Documents/DataLit/arXiv_src_fetcher/ICLR_2023_first100/-AdWUM183OU/main_ICLR.tex; from line 481 col 44 to line 481 col 44
	 <= Core::Definition::Expandable[\csname ... <= Core::Definition::Expandable[\expanda... <= Core::Gullet[@0x5cebb6bc4cc0] <= ...
Error:unexpected:\algocf@within@ID The control sequence \algocf@within@ID should not appear between \csname and \endcsname
	at main_ICLR.tex; line 481 col 44 - line 481 col 44
	Next token is T_CS[\endcsname] ( == Core::Definition::Primitive[\endcsname]) more: .\fialgorithm\csname@algorithm@ID\endcsname
	In Core::Gullet[@0x5cebb6bc4cc0] /home/miri/Documents/DataLit/arXiv_src_fetcher/ICLR_2023_first100/-AdWUM183OU/main_ICLR.tex; from line 481 col 44 to line 481 col 44
	 <= Core::Definition::Expandable[\csname ... <= Core::Gullet[@0x5cebb6bc4cc0] <= Core::Stomach[@0x5cebb6bc4e88] <= ...
Error:expected:<register> A <register> was supposed to be here
	at main_ICLR.tex; line 481 col 44 - line 481 col 44
	Got T_OTHER[.]
	But it is not even definable.
	Next token is T_CS[\fi] ( == Core::Definition::Conditional[\fi]) more: algorithm\csname@algorithm@ID\endcsname
	In Core::Definition::Expandable[\the Reg... /usr/share/perl5/LaTeXML/Package/TeX.pool.ltxml; line 1047
	 <= Core::Gullet[@0x5cebb6bc4cc0] <= Core::Stomach[@0x5cebb6bc4e88] <= Core::Definition::Primitive[\@@add@ca... <= ...
Error:unexpected:\algocf@within The control sequence \algocf@within should not appear between \csname and \endcsname
	at main_ICLR.tex; line 481 col 44 - line 481 col 44
	Next token is T_CS[\endcsname] ( == Core::Definition::Primitive[\endcsname]) more: .\@arabic\c@algorithm
	In Core::Gullet[@0x5cebb6bc4cc0] /home/miri/Documents/DataLit/arXiv_src_fetcher/ICLR_2023_first100/-AdWUM183OU/main_ICLR.tex; from line 481 col 44 to line 481 col 44
	 <= Core::Definition::Expandable[\csname ... <= Core::Gullet[@0x5cebb6bc4cc0] <= Core::Stomach[@0x5cebb6bc4e88] <= ...
Error:expected:<register> A <register> was supposed to be here
	at main_ICLR.tex; line 481 col 44 - line 481 col 44
	Got T_OTHER[.]
	But it is not even definable.
	Next token is T_CS[\@arabic] ( == Core::Definition::Expandable[\@arabic {Number}]) more: \c@algorithm
	In Core::Definition::Expandable[\the Reg... /usr/share/perl5/LaTeXML/Package/TeX.pool.ltxml; line 1047
	 <= Core::Gullet[@0x5cebb6bc4cc0] <= Core::Stomach[@0x5cebb6bc4e88] <= Core::Definition::Primitive[\@@add@ca... <= ...
Error:undefined:\algorithmcfname The token T_CS[\algorithmcfname] is not defined.
	at main_ICLR.tex; line 481 col 44 - line 481 col 44
	Defining it now as <ltx:ERROR/>
	Next token is T_CS[\nobreakspace] ( == Core::Definition::Primitive[\nobreakspace]) more: \thealgorithm}
	In Core::Gullet[@0x5cebb6bc4cc0] /home/miri/Documents/DataLit/arXiv_src_fetcher/ICLR_2023_first100/-AdWUM183OU/main_ICLR.tex; from line 481 col 44 to line 481 col 44
	 <= Core::Stomach[@0x5cebb6bc4e88] <= Core::Definition::Primitive[Begin] <= Core::Stomach[@0x5cebb6bc4e88] <= ...
Error:unexpected:\algocf@within The control sequence \algocf@within should not appear between \csname and \endcsname
	at main_ICLR.tex; line 481 col 44 - line 481 col 44
	Next token is T_CS[\endcsname] ( == Core::Definition::Primitive[\endcsname]) more: .\@arabic\c@algorithm}
	In Core::Gullet[@0x5cebb6bc4cc0] /home/miri/Documents/DataLit/arXiv_src_fetcher/ICLR_2023_first100/-AdWUM183OU/main_ICLR.tex; from line 481 col 44 to line 481 col 44
	 <= Core::Definition::Expandable[\csname ... <= Core::Gullet[@0x5cebb6bc4cc0] <= Core::Stomach[@0x5cebb6bc4e88] <= ...
Error:expected:<register> A <register> was supposed to be here
	at main_ICLR.tex; line 481 col 44 - line 481 col 44
	Got T_OTHER[.]
	But it is not even definable.
	Next token is T_CS[\@arabic] ( == Core::Definition::Expandable[\@arabic {Number}]) more: \c@algorithm}
	In Core::Definition::Expandable[\the Reg... /usr/share/perl5/LaTeXML/Package/TeX.pool.ltxml; line 1047
	 <= Core::Gullet[@0x5cebb6bc4cc0] <= Core::Stomach[@0x5cebb6bc4e88] <= Core::Definition::Primitive[Begin] <= ...
Error:unexpected:\algocf@within The control sequence \algocf@within should not appear between \csname and \endcsname
	at main_ICLR.tex; line 481 col 44 - line 481 col 44
	Next token is T_CS[\endcsname] ( == Core::Definition::Primitive[\endcsname]) more: .\@arabic\c@algorithm
	In Core::Gullet[@0x5cebb6bc4cc0] /home/miri/Documents/DataLit/arXiv_src_fetcher/ICLR_2023_first100/-AdWUM183OU/main_ICLR.tex; from line 481 col 44 to line 481 col 44
	 <= Core::Definition::Expandable[\csname ... <= Core::Gullet[@0x5cebb6bc4cc0] <= Core::Stomach[@0x5cebb6bc4e88] <= ...
Error:expected:<register> A <register> was supposed to be here
	at main_ICLR.tex; line 481 col 44 - line 481 col 44
	Got T_OTHER[.]
	But it is not even definable.
	Next token is T_CS[\@arabic] ( == Core::Definition::Expandable[\@arabic {Number}]) more: \c@algorithm
	In Core::Definition::Expandable[\the Reg... /usr/share/perl5/LaTeXML/Package/TeX.pool.ltxml; line 1047
	 <= Core::Gullet[@0x5cebb6bc4cc0] <= Core::Stomach[@0x5cebb6bc4e88] <= Core::Definition::Constructor[\lx@tag... <= ...
Error:unexpected:\algocf@within The control sequence \algocf@within should not appear between \csname and \endcsname
	at main_ICLR.tex; line 481 col 44 - line 481 col 44
	Next token is T_CS[\endcsname] ( == Core::Definition::Primitive[\endcsname]) more: .\@arabic\c@algorithm}
	In Core::Gullet[@0x5cebb6bc4cc0] /home/miri/Documents/DataLit/arXiv_src_fetcher/ICLR_2023_first100/-AdWUM183OU/main_ICLR.tex; from line 481 col 44 to line 481 col 44
	 <= Core::Definition::Expandable[\csname ... <= Core::Gullet[@0x5cebb6bc4cc0] <= Core::Stomach[@0x5cebb6bc4e88] <= ...
Error:expected:<register> A <register> was supposed to be here
	at main_ICLR.tex; line 481 col 44 - line 481 col 44
	Got T_OTHER[.]
	But it is not even definable.
	Next token is T_CS[\@arabic] ( == Core::Definition::Expandable[\@arabic {Number}]) more: \c@algorithm}
	In Core::Definition::Expandable[\the Reg... /usr/share/perl5/LaTeXML/Package/TeX.pool.ltxml; line 1047
	 <= Core::Gullet[@0x5cebb6bc4cc0] <= Core::Stomach[@0x5cebb6bc4e88] <= Core::Definition::Primitive[Begin] <= ...
Error:unexpected:\algocf@within The control sequence \algocf@within should not appear between \csname and \endcsname
	at main_ICLR.tex; line 481 col 44 - line 481 col 44
	Next token is T_CS[\endcsname] ( == Core::Definition::Primitive[\endcsname]) more: .\@arabic\c@algorithm}
	In Core::Gullet[@0x5cebb6bc4cc0] /home/miri/Documents/DataLit/arXiv_src_fetcher/ICLR_2023_first100/-AdWUM183OU/main_ICLR.tex; from line 481 col 44 to line 481 col 44
	 <= Core::Definition::Expandable[\csname ... <= Core::Gullet[@0x5cebb6bc4cc0] <= Core::Stomach[@0x5cebb6bc4e88] <= ...
Error:expected:<register> A <register> was supposed to be here
	at main_ICLR.tex; line 481 col 44 - line 481 col 44
	Got T_OTHER[.]
	But it is not even definable.
	Next token is T_CS[\@arabic] ( == Core::Definition::Expandable[\@arabic {Number}]) more: \c@algorithm}
	In Core::Definition::Expandable[\the Reg... /usr/share/perl5/LaTeXML/Package/TeX.pool.ltxml; line 1047
	 <= Core::Gullet[@0x5cebb6bc4cc0] <= Core::Stomach[@0x5cebb6bc4e88] <= Core::Definition::Primitive[Begin] <= ...
Error:unexpected:\algocf@within The control sequence \algocf@within should not appear between \csname and \endcsname
	at main_ICLR.tex; line 481 col 44 - line 481 col 44
	Next token is T_CS[\endcsname] ( == Core::Definition::Primitive[\endcsname]) more: .\@arabic\c@algorithm
	In Core::Gullet[@0x5cebb6bc4cc0] /home/miri/Documents/DataLit/arXiv_src_fetcher/ICLR_2023_first100/-AdWUM183OU/main_ICLR.tex; from line 481 col 44 to line 481 col 44
	 <= Core::Definition::Expandable[\csname ... <= Core::Gullet[@0x5cebb6bc4cc0] <= Core::Stomach[@0x5cebb6bc4e88] <= ...
Error:expected:<register> A <register> was supposed to be here
	at main_ICLR.tex; line 481 col 44 - line 481 col 44
	Got T_OTHER[.]
	But it is not even definable.
	Next token is T_CS[\@arabic] ( == Core::Definition::Expandable[\@arabic {Number}]) more: \c@algorithm
	In Core::Definition::Expandable[\the Reg... /usr/share/perl5/LaTeXML/Package/TeX.pool.ltxml; line 1047
	 <= Core::Gullet[@0x5cebb6bc4cc0] <= Core::Stomach[@0x5cebb6bc4e88] <= Core::Definition::Constructor[\label ... <= ...
Error:unexpected:\algocf@within The control sequence \algocf@within should not appear between \csname and \endcsname
	at main_ICLR.tex; line 481 col 44 - line 481 col 44
	Next token is T_CS[\endcsname] ( == Core::Definition::Primitive[\endcsname]) more: .\@arabic\c@algorithm}
	In Core::Gullet[@0x5cebb6bc4cc0] /home/miri/Documents/DataLit/arXiv_src_fetcher/ICLR_2023_first100/-AdWUM183OU/main_ICLR.tex; from line 481 col 44 to line 481 col 44
	 <= Core::Definition::Expandable[\csname ... <= Core::Gullet[@0x5cebb6bc4cc0] <= Core::Stomach[@0x5cebb6bc4e88] <= ...
Error:expected:<register> A <register> was supposed to be here
	at main_ICLR.tex; line 481 col 44 - line 481 col 44
	Got T_OTHER[.]
	But it is not even definable.
	Next token is T_CS[\@arabic] ( == Core::Definition::Expandable[\@arabic {Number}]) more: \c@algorithm}
	In Core::Definition::Expandable[\the Reg... /usr/share/perl5/LaTeXML/Package/TeX.pool.ltxml; line 1047
	 <= Core::Gullet[@0x5cebb6bc4cc0] <= Core::Stomach[@0x5cebb6bc4e88] <= Core::Definition::Primitive[Begin] <= ...
Error:unexpected:\algocf@within The control sequence \algocf@within should not appear between \csname and \endcsname
	at main_ICLR.tex; line 481 col 44 - line 481 col 44
	Next token is T_CS[\endcsname] ( == Core::Definition::Primitive[\endcsname]) more: .\@arabic\c@algorithm
	In Core::Gullet[@0x5cebb6bc4cc0] /home/miri/Documents/DataLit/arXiv_src_fetcher/ICLR_2023_first100/-AdWUM183OU/main_ICLR.tex; from line 481 col 44 to line 481 col 44
	 <= Core::Definition::Expandable[\csname ... <= Core::Gullet[@0x5cebb6bc4cc0] <= Core::Stomach[@0x5cebb6bc4e88] <= ...
Error:expected:<register> A <register> was supposed to be here
	at main_ICLR.tex; line 481 col 44 - line 481 col 44
	Got T_OTHER[.]
	But it is not even definable.
	Next token is T_CS[\@arabic] ( == Core::Definition::Expandable[\@arabic {Number}]) more: \c@algorithm
	In Core::Definition::Expandable[\the Reg... /usr/share/perl5/LaTeXML/Package/TeX.pool.ltxml; line 1047
	 <= Core::Gullet[@0x5cebb6bc4cc0] <= Core::Stomach[@0x5cebb6bc4e88] <= Core::Definition::Constructor[\label ... <= ...
Error:undefined:\KwIn The token T_CS[\KwIn] is not defined.
	at main_ICLR.tex; line 482 col 5 - line 482 col 5
	Defining it now as <ltx:ERROR/>
	Next token is T_BEGIN[{] ( == T_BEGIN[{])
	In Core::Gullet[@0x5cebb6bc4cc0] /home/miri/Documents/DataLit/arXiv_src_fetcher/ICLR_2023_first100/-AdWUM183OU/main_ICLR.tex; from line 482 col 6 to line 482 col 6
	 <= Core::Stomach[@0x5cebb6bc4e88] <= Core::Definition::Constructor[\begin{... <= Core::Stomach[@0x5cebb6bc4e88] <= ...
Error:undefined:\KwOut The token T_CS[\KwOut] is not defined.
	at main_ICLR.tex; line 483 col 6 - line 483 col 6
	Defining it now as <ltx:ERROR/>
	Next token is T_BEGIN[{] ( == T_BEGIN[{])
	In Core::Gullet[@0x5cebb6bc4cc0] /home/miri/Documents/DataLit/arXiv_src_fetcher/ICLR_2023_first100/-AdWUM183OU/main_ICLR.tex; from line 483 col 7 to line 483 col 7
	 <= Core::Stomach[@0x5cebb6bc4e88] <= Core::Definition::Constructor[\begin{... <= Core::Stomach[@0x5cebb6bc4e88] <= ...
Error:undefined:\theAlgoLine The token T_CS[\theAlgoLine] is not defined.
	at main_ICLR.tex; line 484 col 0 - line 484 col 102
	Defining it now as <ltx:ERROR/>
	Input is empty
	In Core::Gullet[@0x5cebb6bc4cc0] /home/miri/Documents/DataLit/arXiv_src_fetcher/ICLR_2023_first100/-AdWUM183OU/main_ICLR.tex; from line 484 col 0 to line 484 col 102
	 <= Core::Stomach[@0x5cebb6bc4e88] <= Core::Definition::Constructor[\lx@alg... <= Core::Stomach[@0x5cebb6bc4e88] <= ...
Error:undefined:\theAlgoLine@ID The token T_CS[\theAlgoLine@ID] is not defined.
	at main_ICLR.tex; line 484 col 0 - line 484 col 102
	Defining it now as <ltx:ERROR/>
	Input is empty
	In Core::Gullet[@0x5cebb6bc4cc0] /home/miri/Documents/DataLit/arXiv_src_fetcher/ICLR_2023_first100/-AdWUM183OU/main_ICLR.tex; from line 484 col 0 to line 484 col 102
	 <= Core::Stomach[@0x5cebb6bc4e88] <= Core::Definition::Constructor[\lx@alg... <= Core::Stomach[@0x5cebb6bc4e88] <= ...
Error:undefined:\Return The token T_CS[\Return] is not defined.
	at main_ICLR.tex; line 489 col 7 - line 489 col 7
	Defining it now as <ltx:ERROR/>
	Next token is T_LETTER[n] ( == T_LETTER[n])
	In Core::Gullet[@0x5cebb6bc4cc0] /home/miri/Documents/DataLit/arXiv_src_fetcher/ICLR_2023_first100/-AdWUM183OU/main_ICLR.tex; from line 489 col 9 to line 489 col 9
	 <= Core::Stomach[@0x5cebb6bc4e88] <= Core::Definition::Constructor[\begin{... <= Core::Stomach[@0x5cebb6bc4e88] <= ...
Error:unexpected:\algocf@within@ID The control sequence \algocf@within@ID should not appear between \csname and \endcsname
	at main_ICLR.tex; line 1113 col 0 - line 1113 col 53
	Next token is T_CS[\endcsname] ( == Core::Definition::Primitive[\endcsname]) more: \@empty\else\csnamethe\algocf@within@ID\endcsname.\fialgorithm\csname@algorithm@ID\endcsname
	In Core::Gullet[@0x5cebb6bc4cc0] /home/miri/Documents/DataLit/arXiv_src_fetcher/ICLR_2023_first100/-AdWUM183OU/main_ICLR.tex; from line 1113 col 0 to line 1113 col 53
	 <= Core::Definition::Expandable[\csname ... <= Core::Definition::Expandable[\expanda... <= Core::Gullet[@0x5cebb6bc4cc0] <= ...
Error:unexpected:\algocf@within@ID The control sequence \algocf@within@ID should not appear between \csname and \endcsname
	at main_ICLR.tex; line 1113 col 0 - line 1113 col 53
	Next token is T_CS[\endcsname] ( == Core::Definition::Primitive[\endcsname]) more: .\fialgorithm\csname@algorithm@ID\endcsname
	In Core::Gullet[@0x5cebb6bc4cc0] /home/miri/Documents/DataLit/arXiv_src_fetcher/ICLR_2023_first100/-AdWUM183OU/main_ICLR.tex; from line 1113 col 0 to line 1113 col 53
	 <= Core::Definition::Expandable[\csname ... <= Core::Gullet[@0x5cebb6bc4cc0] <= Core::Stomach[@0x5cebb6bc4e88] <= ...
Error:expected:<register> A <register> was supposed to be here
	at main_ICLR.tex; line 1113 col 0 - line 1113 col 53
	Got T_OTHER[.]
	But it is not even definable.
	Next token is T_CS[\fi] ( == Core::Definition::Conditional[\fi]) more: algorithm\csname@algorithm@ID\endcsname
	In Core::Definition::Expandable[\the Reg... /usr/share/perl5/LaTeXML/Package/TeX.pool.ltxml; line 1047
	 <= Core::Gullet[@0x5cebb6bc4cc0] <= Core::Stomach[@0x5cebb6bc4e88] <= Core::Definition::Primitive[\@@add@ca... <= ...
Error:unexpected:\algocf@within The control sequence \algocf@within should not appear between \csname and \endcsname
	at main_ICLR.tex; line 1113 col 0 - line 1113 col 53
	Next token is T_CS[\endcsname] ( == Core::Definition::Primitive[\endcsname]) more: .\@arabic\c@algorithm
	In Core::Gullet[@0x5cebb6bc4cc0] /home/miri/Documents/DataLit/arXiv_src_fetcher/ICLR_2023_first100/-AdWUM183OU/main_ICLR.tex; from line 1113 col 0 to line 1113 col 53
	 <= Core::Definition::Expandable[\csname ... <= Core::Gullet[@0x5cebb6bc4cc0] <= Core::Stomach[@0x5cebb6bc4e88] <= ...
Error:expected:<register> A <register> was supposed to be here
	at main_ICLR.tex; line 1113 col 0 - line 1113 col 53
	Got T_OTHER[.]
	But it is not even definable.
	Next token is T_CS[\@arabic] ( == Core::Definition::Expandable[\@arabic {Number}]) more: \c@algorithm
	In Core::Definition::Expandable[\the Reg... /usr/share/perl5/LaTeXML/Package/TeX.pool.ltxml; line 1047
	 <= Core::Gullet[@0x5cebb6bc4cc0] <= Core::Stomach[@0x5cebb6bc4e88] <= Core::Definition::Primitive[\@@add@ca... <= ...
Error:unexpected:\algocf@within The control sequence \algocf@within should not appear between \csname and \endcsname
	at main_ICLR.tex; line 1113 col 0 - line 1113 col 53
	Next token is T_CS[\endcsname] ( == Core::Definition::Primitive[\endcsname]) more: .\@arabic\c@algorithm}
	In Core::Gullet[@0x5cebb6bc4cc0] /home/miri/Documents/DataLit/arXiv_src_fetcher/ICLR_2023_first100/-AdWUM183OU/main_ICLR.tex; from line 1113 col 0 to line 1113 col 53
	 <= Core::Definition::Expandable[\csname ... <= Core::Gullet[@0x5cebb6bc4cc0] <= Core::Stomach[@0x5cebb6bc4e88] <= ...
Error:expected:<register> A <register> was supposed to be here
	at main_ICLR.tex; line 1113 col 0 - line 1113 col 53
	Got T_OTHER[.]
	But it is not even definable.
	Next token is T_CS[\@arabic] ( == Core::Definition::Expandable[\@arabic {Number}]) more: \c@algorithm}
	In Core::Definition::Expandable[\the Reg... /usr/share/perl5/LaTeXML/Package/TeX.pool.ltxml; line 1047
	 <= Core::Gullet[@0x5cebb6bc4cc0] <= Core::Stomach[@0x5cebb6bc4e88] <= Core::Definition::Primitive[Begin] <= ...
Error:unexpected:\algocf@within The control sequence \algocf@within should not appear between \csname and \endcsname
	at main_ICLR.tex; line 1113 col 0 - line 1113 col 53
	Next token is T_CS[\endcsname] ( == Core::Definition::Primitive[\endcsname]) more: .\@arabic\c@algorithm
	In Core::Gullet[@0x5cebb6bc4cc0] /home/miri/Documents/DataLit/arXiv_src_fetcher/ICLR_2023_first100/-AdWUM183OU/main_ICLR.tex; from line 1113 col 0 to line 1113 col 53
	 <= Core::Definition::Expandable[\csname ... <= Core::Gullet[@0x5cebb6bc4cc0] <= Core::Stomach[@0x5cebb6bc4e88] <= ...
Error:expected:<register> A <register> was supposed to be here
	at main_ICLR.tex; line 1113 col 0 - line 1113 col 53
	Got T_OTHER[.]
	But it is not even definable.
	Next token is T_CS[\@arabic] ( == Core::Definition::Expandable[\@arabic {Number}]) more: \c@algorithm
	In Core::Definition::Expandable[\the Reg... /usr/share/perl5/LaTeXML/Package/TeX.pool.ltxml; line 1047
	 <= Core::Gullet[@0x5cebb6bc4cc0] <= Core::Stomach[@0x5cebb6bc4e88] <= Core::Definition::Constructor[\lx@tag... <= ...
Error:unexpected:\algocf@within The control sequence \algocf@within should not appear between \csname and \endcsname
	at main_ICLR.tex; line 1113 col 0 - line 1113 col 53
	Next token is T_CS[\endcsname] ( == Core::Definition::Primitive[\endcsname]) more: .\@arabic\c@algorithm}
	In Core::Gullet[@0x5cebb6bc4cc0] /home/miri/Documents/DataLit/arXiv_src_fetcher/ICLR_2023_first100/-AdWUM183OU/main_ICLR.tex; from line 1113 col 0 to line 1113 col 53
	 <= Core::Definition::Expandable[\csname ... <= Core::Gullet[@0x5cebb6bc4cc0] <= Core::Stomach[@0x5cebb6bc4e88] <= ...
Error:expected:<register> A <register> was supposed to be here
	at main_ICLR.tex; line 1113 col 0 - line 1113 col 53
	Got T_OTHER[.]
	But it is not even definable.
	Next token is T_CS[\@arabic] ( == Core::Definition::Expandable[\@arabic {Number}]) more: \c@algorithm}
	In Core::Definition::Expandable[\the Reg... /usr/share/perl5/LaTeXML/Package/TeX.pool.ltxml; line 1047
	 <= Core::Gullet[@0x5cebb6bc4cc0] <= Core::Stomach[@0x5cebb6bc4e88] <= Core::Definition::Primitive[Begin] <= ...
Error:unexpected:\algocf@within The control sequence \algocf@within should not appear between \csname and \endcsname
	at main_ICLR.tex; line 1113 col 0 - line 1113 col 53
	Next token is T_CS[\endcsname] ( == Core::Definition::Primitive[\endcsname]) more: .\@arabic\c@algorithm}
	In Core::Gullet[@0x5cebb6bc4cc0] /home/miri/Documents/DataLit/arXiv_src_fetcher/ICLR_2023_first100/-AdWUM183OU/main_ICLR.tex; from line 1113 col 0 to line 1113 col 53
	 <= Core::Definition::Expandable[\csname ... <= Core::Gullet[@0x5cebb6bc4cc0] <= Core::Stomach[@0x5cebb6bc4e88] <= ...
Error:expected:<register> A <register> was supposed to be here
	at main_ICLR.tex; line 1113 col 0 - line 1113 col 53
	Got T_OTHER[.]
	But it is not even definable.
	Next token is T_CS[\@arabic] ( == Core::Definition::Expandable[\@arabic {Number}]) more: \c@algorithm}
	In Core::Definition::Expandable[\the Reg... /usr/share/perl5/LaTeXML/Package/TeX.pool.ltxml; line 1047
	 <= Core::Gullet[@0x5cebb6bc4cc0] <= Core::Stomach[@0x5cebb6bc4e88] <= Core::Definition::Primitive[Begin] <= ...
Error:unexpected:\algocf@within The control sequence \algocf@within should not appear between \csname and \endcsname
	at main_ICLR.tex; line 1113 col 0 - line 1113 col 53
	Next token is T_CS[\endcsname] ( == Core::Definition::Primitive[\endcsname]) more: .\@arabic\c@algorithm
	In Core::Gullet[@0x5cebb6bc4cc0] /home/miri/Documents/DataLit/arXiv_src_fetcher/ICLR_2023_first100/-AdWUM183OU/main_ICLR.tex; from line 1113 col 0 to line 1113 col 53
	 <= Core::Definition::Expandable[\csname ... <= Core::Gullet[@0x5cebb6bc4cc0] <= Core::Stomach[@0x5cebb6bc4e88] <= ...
Error:expected:<register> A <register> was supposed to be here
	at main_ICLR.tex; line 1113 col 0 - line 1113 col 53
	Got T_OTHER[.]
	But it is not even definable.
	Next token is T_CS[\@arabic] ( == Core::Definition::Expandable[\@arabic {Number}]) more: \c@algorithm
	In Core::Definition::Expandable[\the Reg... /usr/share/perl5/LaTeXML/Package/TeX.pool.ltxml; line 1047
	 <= Core::Gullet[@0x5cebb6bc4cc0] <= Core::Stomach[@0x5cebb6bc4e88] <= Core::Definition::Constructor[\label ... <= ...
Error:unexpected:\algocf@within The control sequence \algocf@within should not appear between \csname and \endcsname
	at main_ICLR.tex; line 1113 col 0 - line 1113 col 53
	Next token is T_CS[\endcsname] ( == Core::Definition::Primitive[\endcsname]) more: .\@arabic\c@algorithm}
	In Core::Gullet[@0x5cebb6bc4cc0] /home/miri/Documents/DataLit/arXiv_src_fetcher/ICLR_2023_first100/-AdWUM183OU/main_ICLR.tex; from line 1113 col 0 to line 1113 col 53
	 <= Core::Definition::Expandable[\csname ... <= Core::Gullet[@0x5cebb6bc4cc0] <= Core::Stomach[@0x5cebb6bc4e88] <= ...
Error:expected:<register> A <register> was supposed to be here
	at main_ICLR.tex; line 1113 col 0 - line 1113 col 53
	Got T_OTHER[.]
	But it is not even definable.
	Next token is T_CS[\@arabic] ( == Core::Definition::Expandable[\@arabic {Number}]) more: \c@algorithm}
	In Core::Definition::Expandable[\the Reg... /usr/share/perl5/LaTeXML/Package/TeX.pool.ltxml; line 1047
	 <= Core::Gullet[@0x5cebb6bc4cc0] <= Core::Stomach[@0x5cebb6bc4e88] <= Core::Definition::Primitive[Begin] <= ...
Error:unexpected:\algocf@within The control sequence \algocf@within should not appear between \csname and \endcsname
	at main_ICLR.tex; line 1113 col 0 - line 1113 col 53
	Next token is T_CS[\endcsname] ( == Core::Definition::Primitive[\endcsname]) more: .\@arabic\c@algorithm
	In Core::Gullet[@0x5cebb6bc4cc0] /home/miri/Documents/DataLit/arXiv_src_fetcher/ICLR_2023_first100/-AdWUM183OU/main_ICLR.tex; from line 1113 col 0 to line 1113 col 53
	 <= Core::Definition::Expandable[\csname ... <= Core::Gullet[@0x5cebb6bc4cc0] <= Core::Stomach[@0x5cebb6bc4e88] <= ...
Error:expected:<register> A <register> was supposed to be here
	at main_ICLR.tex; line 1113 col 0 - line 1113 col 53
	Got T_OTHER[.]
	But it is not even definable.
	Next token is T_CS[\@arabic] ( == Core::Definition::Expandable[\@arabic {Number}]) more: \c@algorithm
	In Core::Definition::Expandable[\the Reg... /usr/share/perl5/LaTeXML/Package/TeX.pool.ltxml; line 1047
	 <= Core::Gullet[@0x5cebb6bc4cc0] <= Core::Stomach[@0x5cebb6bc4e88] <= Core::Definition::Constructor[\label ... <= ...
Error:undefined:\Init The token T_CS[\Init] is not defined.
	at main_ICLR.tex; line 1118 col 5 - line 1118 col 5
	Defining it now as <ltx:ERROR/>
	Next token is T_BEGIN[{] ( == T_BEGIN[{])
	In Core::Gullet[@0x5cebb6bc4cc0] /home/miri/Documents/DataLit/arXiv_src_fetcher/ICLR_2023_first100/-AdWUM183OU/main_ICLR.tex; from line 1118 col 6 to line 1118 col 6
	 <= Core::Stomach[@0x5cebb6bc4e88] <= Core::Definition::Constructor[\begin{... <= Core::Stomach[@0x5cebb6bc4e88] <= ...
Error:undefined:\For The token T_CS[\For] is not defined.
	at main_ICLR.tex; line 1120 col 4 - line 1120 col 4
	Defining it now as <ltx:ERROR/>
	Next token is T_BEGIN[{] ( == T_BEGIN[{])
	In Core::Gullet[@0x5cebb6bc4cc0] /home/miri/Documents/DataLit/arXiv_src_fetcher/ICLR_2023_first100/-AdWUM183OU/main_ICLR.tex; from line 1120 col 5 to line 1120 col 5
	 <= Core::Stomach[@0x5cebb6bc4e88] <= Core::Definition::Constructor[\begin{... <= Core::Stomach[@0x5cebb6bc4e88] <= ...
Error:undefined:\Comment The token T_CS[\Comment] is not defined.
	at main_ICLR.tex; line 1125 col 76 - line 1125 col 76
	Defining it now as <ltx:ERROR/>
	Next token is T_OTHER[*] ( == T_OTHER[*])
	In Core::Gullet[@0x5cebb6bc4cc0] /home/miri/Documents/DataLit/arXiv_src_fetcher/ICLR_2023_first100/-AdWUM183OU/main_ICLR.tex; from line 1125 col 77 to line 1125 col 77
	 <= Core::Stomach[@0x5cebb6bc4e88] <= Core::Definition::Primitive[Begin] <= Core::Stomach[@0x5cebb6bc4e88] <= ...
Error:unexpected:\algocf@within The control sequence \algocf@within should not appear between \csname and \endcsname
	at main_ICLR.tex; line 1139 col 0 - line 1139 col 22
	Next token is T_CS[\endcsname] ( == Core::Definition::Primitive[\endcsname]) more: .\@arabic\c@algorithm
	In Core::Gullet[@0x5cebb6bc4cc0] /home/miri/Documents/DataLit/arXiv_src_fetcher/ICLR_2023_first100/-AdWUM183OU/main_ICLR.tex; from line 1139 col 0 to line 1139 col 22
	 <= Core::Definition::Expandable[\csname ... <= Core::Gullet[@0x5cebb6bc4cc0] <= Core::Stomach[@0x5cebb6bc4e88] <= ...
Error:expected:<register> A <register> was supposed to be here
	at main_ICLR.tex; line 1139 col 0 - line 1139 col 22
	Got T_OTHER[.]
	But it is not even definable.
	Next token is T_CS[\@arabic] ( == Core::Definition::Expandable[\@arabic {Number}]) more: \c@algorithm
	In Core::Definition::Expandable[\the Reg... /usr/share/perl5/LaTeXML/Package/TeX.pool.ltxml; line 1047
	 <= Core::Gullet[@0x5cebb6bc4cc0] <= Core::Stomach[@0x5cebb6bc4e88] <= Core::Definition::Constructor[\label ... <= ...
Error:undefined:\hdashline The token T_CS[\hdashline] is not defined.
	at main_ICLR.tex; line 1479 col 14 - line 1479 col 14
	Defining it now as <ltx:ERROR/>
	Next token is T_OTHER[[] ( == T_OTHER[[])
	In Core::Gullet[@0x5cebb6bc4cc0] /home/miri/Documents/DataLit/arXiv_src_fetcher/ICLR_2023_first100/-AdWUM183OU/main_ICLR.tex; from line 1479 col 15 to line 1479 col 15
	 <= Core::Definition::Constructor[\@start... <= Core::Stomach[@0x5cebb6bc4e88] <= Core::Definition::Constructor[\@@tabu... <= ...
Error:unexpected:\noalign \noalign cannot be used here
	at main_ICLR.tex; line 1479 col 31 - line 1479 col 31
	In Core::Definition::Primitive[\noalign] /usr/share/perl5/LaTeXML/Package/TeX.pool.ltxml; line 2873
	 <= Core::Stomach[@0x5cebb6bc4e88] <= Core::Definition::Constructor[\@start... <= Core::Stomach[@0x5cebb6bc4e88] <= ...
Error:unexpected:& Extra alignment tab '&'
	at main_ICLR.tex; line 1480 col 126 - line 1480 col 126
	Next token is T_CS[\@column@after] ( == Core::Definition::Expandable[\@column@after]) more: &
	In Alignment[] /home/miri/Documents/DataLit/arXiv_src_fetcher/ICLR_2023_first100/-AdWUM183OU/main_ICLR.tex; from line 1462 col 0 to line 1462 col 36
	 <= Core::Definition::Constructor[\@start... <= Core::Stomach[@0x5cebb6bc4e88] <= Core::Definition::Constructor[\@@tabu... <= ...
Error:unexpected:& Extra alignment tab '&'
	at main_ICLR.tex; line 1480 col 128 - line 1480 col 128
	Next token is T_CS[\mathbf] ( == Core::Definition::Constructor[\mathbf {}])
	In Alignment[] /home/miri/Documents/DataLit/arXiv_src_fetcher/ICLR_2023_first100/-AdWUM183OU/main_ICLR.tex; from line 1462 col 0 to line 1462 col 36
	 <= Core::Definition::Constructor[\@start... <= Core::Stomach[@0x5cebb6bc4e88] <= Core::Definition::Constructor[\@@tabu... <= ...
Error:unexpected:& Extra alignment tab '&'
	at main_ICLR.tex; line 1480 col 156 - line 1480 col 156
	Next token is T_CS[\mathbf] ( == Core::Definition::Constructor[\mathbf {}])
	In Alignment[] /home/miri/Documents/DataLit/arXiv_src_fetcher/ICLR_2023_first100/-AdWUM183OU/main_ICLR.tex; from line 1462 col 0 to line 1462 col 36
	 <= Core::Definition::Constructor[\@start... <= Core::Stomach[@0x5cebb6bc4e88] <= Core::Definition::Constructor[\@@tabu... <= ...
Error:unexpected:& Extra alignment tab '&'
	at main_ICLR.tex; line 1480 col 182 - line 1480 col 182
	Next token is T_CS[\mathbf] ( == Core::Definition::Constructor[\mathbf {}])
	In Alignment[] /home/miri/Documents/DataLit/arXiv_src_fetcher/ICLR_2023_first100/-AdWUM183OU/main_ICLR.tex; from line 1462 col 0 to line 1462 col 36
	 <= Core::Definition::Constructor[\@start... <= Core::Stomach[@0x5cebb6bc4e88] <= Core::Definition::Constructor[\@@tabu... <= ...
Error:unexpected:& Extra alignment tab '&'
	at main_ICLR.tex; line 1480 col 211 - line 1480 col 211
	Next token is T_CS[\mathbf] ( == Core::Definition::Constructor[\mathbf {}])
	In Alignment[] /home/miri/Documents/DataLit/arXiv_src_fetcher/ICLR_2023_first100/-AdWUM183OU/main_ICLR.tex; from line 1462 col 0 to line 1462 col 36
	 <= Core::Definition::Constructor[\@start... <= Core::Stomach[@0x5cebb6bc4e88] <= Core::Definition::Constructor[\@@tabu... <= ...
Error:unexpected:& Extra alignment tab '&'
	at main_ICLR.tex; line 1480 col 238 - line 1480 col 238
	Next token is T_CS[\mathbf] ( == Core::Definition::Constructor[\mathbf {}])
	In Alignment[] /home/miri/Documents/DataLit/arXiv_src_fetcher/ICLR_2023_first100/-AdWUM183OU/main_ICLR.tex; from line 1462 col 0 to line 1462 col 36
	 <= Core::Definition::Constructor[\@start... <= Core::Stomach[@0x5cebb6bc4e88] <= Core::Definition::Constructor[\@@tabu... <= ...
Error:unexpected:& Extra alignment tab '&'
	at main_ICLR.tex; line 1480 col 266 - line 1480 col 266
	Next token is T_CS[\mathbf] ( == Core::Definition::Constructor[\mathbf {}])
	In Alignment[] /home/miri/Documents/DataLit/arXiv_src_fetcher/ICLR_2023_first100/-AdWUM183OU/main_ICLR.tex; from line 1462 col 0 to line 1462 col 36
	 <= Core::Definition::Constructor[\@start... <= Core::Stomach[@0x5cebb6bc4e88] <= Core::Definition::Constructor[\@@tabu... <= ...
Error:unexpected:\endgroup Attempt to close non-boxing group
	at main_ICLR.tex; line 1489 col 0 - line 1489 col 15
	current frame is boxing group due to T_CS[\@@tabular] main_ICLR.tex; line 1462 col 0 - line 1462 col 36
	In Core::Stomach[@0x5cebb6bc4e88] /home/miri/Documents/DataLit/arXiv_src_fetcher/ICLR_2023_first100/-AdWUM183OU/main_ICLR.tex; from line 1489 col 0 to line 1489 col 15
	 <= Core::Definition::Primitive[\endgroup] <= Core::Stomach[@0x5cebb6bc4e88] <= Core::Definition::Constructor[\@@tabu... <= ...
Error:unexpected:\noalign \noalign cannot be used here
	at main_ICLR.tex; line 1500 col 30 - line 1500 col 30
	In Core::Definition::Primitive[\noalign] /usr/share/perl5/LaTeXML/Package/TeX.pool.ltxml; line 2873
	 <= Core::Stomach[@0x5cebb6bc4e88] <= Core::Definition::Constructor[\@start... <= Core::Stomach[@0x5cebb6bc4e88] <= ...
Error:unexpected:& Extra alignment tab '&'
	at main_ICLR.tex; line 1501 col 113 - line 1501 col 113
	Next token is T_CS[\@column@after] ( == Core::Definition::Expandable[\@column@after]) more: \relax\lx@intercol\@column@after&
	In Alignment[] /home/miri/Documents/DataLit/arXiv_src_fetcher/ICLR_2023_first100/-AdWUM183OU/main_ICLR.tex; from line 1491 col 0 to line 1491 col 39
	 <= Core::Definition::Constructor[\@start... <= Core::Stomach[@0x5cebb6bc4e88] <= Core::Definition::Constructor[\@@tabu... <= ...
Error:unexpected:& Extra alignment tab '&'
	at main_ICLR.tex; line 1501 col 113 - line 1501 col 113
	Next token is T_CS[\@column@after] ( == Core::Definition::Expandable[\@column@after]) more: &
	In Alignment[] /home/miri/Documents/DataLit/arXiv_src_fetcher/ICLR_2023_first100/-AdWUM183OU/main_ICLR.tex; from line 1491 col 0 to line 1491 col 39
	 <= Core::Definition::Constructor[\@start... <= Core::Stomach[@0x5cebb6bc4e88] <= Core::Definition::Constructor[\@@tabu... <= ...
Error:unexpected:& Extra alignment tab '&'
	at main_ICLR.tex; line 1501 col 115 - line 1501 col 115
	Next token is T_CS[\textbf] ( == Core::Definition::Expandable[\textbf {}])
	In Alignment[] /home/miri/Documents/DataLit/arXiv_src_fetcher/ICLR_2023_first100/-AdWUM183OU/main_ICLR.tex; from line 1491 col 0 to line 1491 col 39
	 <= Core::Definition::Constructor[\@start... <= Core::Stomach[@0x5cebb6bc4e88] <= Core::Definition::Constructor[\@@tabu... <= ...
Error:unexpected:& Extra alignment tab '&'
	at main_ICLR.tex; line 1501 col 151 - line 1501 col 151
	Next token is T_CS[\textbf] ( == Core::Definition::Expandable[\textbf {}])
	In Alignment[] /home/miri/Documents/DataLit/arXiv_src_fetcher/ICLR_2023_first100/-AdWUM183OU/main_ICLR.tex; from line 1491 col 0 to line 1491 col 39
	 <= Core::Definition::Constructor[\@start... <= Core::Stomach[@0x5cebb6bc4e88] <= Core::Definition::Constructor[\@@tabu... <= ...
Error:unexpected:& Extra alignment tab '&'
	at main_ICLR.tex; line 1501 col 187 - line 1501 col 187
	Next token is T_CS[\textbf] ( == Core::Definition::Expandable[\textbf {}])
	In Alignment[] /home/miri/Documents/DataLit/arXiv_src_fetcher/ICLR_2023_first100/-AdWUM183OU/main_ICLR.tex; from line 1491 col 0 to line 1491 col 39
	 <= Core::Definition::Constructor[\@start... <= Core::Stomach[@0x5cebb6bc4e88] <= Core::Definition::Constructor[\@@tabu... <= ...
Error:unexpected:& Extra alignment tab '&'
	at main_ICLR.tex; line 1501 col 222 - line 1501 col 222
	Next token is T_CS[\textbf] ( == Core::Definition::Expandable[\textbf {}])
	In Alignment[] /home/miri/Documents/DataLit/arXiv_src_fetcher/ICLR_2023_first100/-AdWUM183OU/main_ICLR.tex; from line 1491 col 0 to line 1491 col 39
	 <= Core::Definition::Constructor[\@start... <= Core::Stomach[@0x5cebb6bc4e88] <= Core::Definition::Constructor[\@@tabu... <= ...
Error:unexpected:& Extra alignment tab '&'
	at main_ICLR.tex; line 1501 col 258 - line 1501 col 258
	Next token is T_CS[\textbf] ( == Core::Definition::Expandable[\textbf {}])
	In Alignment[] /home/miri/Documents/DataLit/arXiv_src_fetcher/ICLR_2023_first100/-AdWUM183OU/main_ICLR.tex; from line 1491 col 0 to line 1491 col 39
	 <= Core::Definition::Constructor[\@start... <= Core::Stomach[@0x5cebb6bc4e88] <= Core::Definition::Constructor[\@@tabu... <= ...
Error:unexpected:& Extra alignment tab '&'
	at main_ICLR.tex; line 1501 col 292 - line 1501 col 292
	Next token is T_CS[\textbf] ( == Core::Definition::Expandable[\textbf {}])
	In Alignment[] /home/miri/Documents/DataLit/arXiv_src_fetcher/ICLR_2023_first100/-AdWUM183OU/main_ICLR.tex; from line 1491 col 0 to line 1491 col 39
	 <= Core::Definition::Constructor[\@start... <= Core::Stomach[@0x5cebb6bc4e88] <= Core::Definition::Constructor[\@@tabu... <= ...
Error:unexpected:\endgroup Attempt to close non-boxing group
	at main_ICLR.tex; line 1507 col 0 - line 1507 col 15
	current frame is boxing group due to T_CS[\@@tabular] main_ICLR.tex; line 1491 col 0 - line 1491 col 39
	In Core::Stomach[@0x5cebb6bc4e88] /home/miri/Documents/DataLit/arXiv_src_fetcher/ICLR_2023_first100/-AdWUM183OU/main_ICLR.tex; from line 1507 col 0 to line 1507 col 15
	 <= Core::Definition::Primitive[\endgroup] <= Core::Stomach[@0x5cebb6bc4e88] <= Core::Definition::Constructor[\@@tabu... <= ...
Error:unexpected:\noalign \noalign cannot be used here
	at main_ICLR.tex; line 1521 col 30 - line 1521 col 30
	In Core::Definition::Primitive[\noalign] /usr/share/perl5/LaTeXML/Package/TeX.pool.ltxml; line 2873
	 <= Core::Stomach[@0x5cebb6bc4e88] <= Core::Definition::Constructor[\@start... <= Core::Stomach[@0x5cebb6bc4e88] <= ...
Error:unexpected:& Extra alignment tab '&'
	at main_ICLR.tex; line 1522 col 74 - line 1522 col 74
	Next token is T_OTHER[.] ( == T_OTHER[.])
	In Alignment[] /home/miri/Documents/DataLit/arXiv_src_fetcher/ICLR_2023_first100/-AdWUM183OU/main_ICLR.tex; from line 1510 col 0 to line 1510 col 26
	 <= Core::Definition::Constructor[\@start... <= Core::Stomach[@0x5cebb6bc4e88] <= Core::Definition::Constructor[\@@tabu... <= ...
Error:unexpected:& Extra alignment tab '&'
	at main_ICLR.tex; line 1522 col 81 - line 1522 col 81
	Next token is T_CS[\mathbf] ( == Core::Definition::Constructor[\mathbf {}])
	In Alignment[] /home/miri/Documents/DataLit/arXiv_src_fetcher/ICLR_2023_first100/-AdWUM183OU/main_ICLR.tex; from line 1510 col 0 to line 1510 col 26
	 <= Core::Definition::Constructor[\@start... <= Core::Stomach[@0x5cebb6bc4e88] <= Core::Definition::Constructor[\@@tabu... <= ...
Error:unexpected:\endgroup Attempt to close non-boxing group
	at main_ICLR.tex; line 1526 col 0 - line 1526 col 15
	current frame is boxing group due to T_CS[\@@tabular] main_ICLR.tex; line 1510 col 0 - line 1510 col 26
	In Core::Stomach[@0x5cebb6bc4e88] /home/miri/Documents/DataLit/arXiv_src_fetcher/ICLR_2023_first100/-AdWUM183OU/main_ICLR.tex; from line 1526 col 0 to line 1526 col 15
	 <= Core::Definition::Primitive[\endgroup] <= Core::Stomach[@0x5cebb6bc4e88] <= Core::Definition::Constructor[\@@tabu... <= ...
Error:unexpected:\end{table} Can't close environment table;
	at main_ICLR.tex; line 1533 col 0 - line 1533 col 11
	Current are:
	tabular main_ICLR.tex; line 1510 col 17 - line 1510 col 17
	tabular main_ICLR.tex; line 1491 col 17 - line 1491 col 17
	tabular main_ICLR.tex; line 1462 col 17 - line 1462 col 17
	table main_ICLR.tex; line 1458 col 13 - line 1458 col 13
	document main_ICLR.tex; line 208 col 0 - line 208 col 16
	In Core::Definition::Constructor[\end{ta... /usr/share/perl5/LaTeXML/Package/LaTeX.pool.ltxml; line 3574
	 <= Core::Stomach[@0x5cebb6bc4e88] <= Core::Definition::Constructor[\@@tabu... <= Core::Stomach[@0x5cebb6bc4e88] <= ...
Warning:unexpected:\end{document} Attempt to end document with open groups, environments or conditionals
	at main_ICLR.tex; line 1535 col 0 - line 1535 col 14
	Environment tabular opened by \begingroup main_ICLR.tex; line 1510 col 17 - line 1510 col 17
	Group opened by \@@tabular main_ICLR.tex; line 1491 col 0 - line 1491 col 39
	Group opened by \@@tabular main_ICLR.tex; line 1491 col 0 - line 1491 col 39
	Environment tabular opened by \begingroup main_ICLR.tex; line 1491 col 17 - line 1491 col 17
	Group opened by \@@tabular main_ICLR.tex; line 1462 col 0 - line 1462 col 36
	Group opened by \@@tabular main_ICLR.tex; line 1462 col 0 - line 1462 col 36
	Environment tabular opened by \begingroup main_ICLR.tex; line 1462 col 17 - line 1462 col 17
	Environment table opened by \begin{table} main_ICLR.tex; line 1458 col 13 - line 1458 col 13
	In Core::Definition::Constructor[\end{do... /usr/share/perl5/LaTeXML/Package/LaTeX.pool.ltxml; line 408
 5.15 sec)
Error:unexpected:<endgroup> Attempt to pop last locked stack frame
	at String; line 0 col 0 - line 0 col 0
	In Core::Stomach[@0x5cebb6bc4e88] Anonymous String; from line 0 col 0 to line 0 col 0
	 <= Core::Definition::Constructor[\@@tabu... <= Core::Stomach[@0x5cebb6bc4e88] <= Core::Definition::Constructor[\@@tabu... <= ...
Error:unexpected:<endgroup> Attempt to pop last locked stack frame
	at String; line 1 col 0 - line 1 col 0
	In Core::Stomach[@0x5cebb6bc4e88] Anonymous String; from line 1 col 0 to line 1 col 0
	 <= Core::Definition::Constructor[\@@tabu... <= Core::Stomach[@0x5cebb6bc4e88] <= Core::Definition::Constructor[\begin{... <= ...
 5.33 sec)
(Building...
(Loading compiled schema /usr/share/perl5/LaTeXML/resources/RelaxNG/LaTeXML.model... 0.01 sec)
Error:malformed:ltx:document Closing </ltx:document> whose open descendents do not auto-close
	at String; line 2 col 0 - line 2 col 0
	Descendents are <ltx:table _box="LaTeXML::Core::Whatsit=HASH(0x..." _font="Font[serif,medium,upright,10,r..." placement="thb">...
	In Core::Document[@0x5cebb9b65fb0] Anonymous String; from line 2 col 0 to line 2 col 0
	 <= Core::Definition::Constructor[\end{do... <= Whatsit[\end{document}] <= Core::Document[@0x5cebb9b65fb0] <= ...
Error:malformed:ltx:table Attempt to close </ltx:table>, which isn't open
	Currently in XMLDocument[102167628639696]
	In Core::Document[@0x5cebb9b65fb0] undef
	 <= Core::Definition::Constructor[\begin{... <= Whatsit[\begin{table},Core::List[Box[... <= Core::Document[@0x5cebb9b65fb0] <= ...
 5.01 sec)
(Rewriting... 0.15 sec)
(Math Parsing 537 formulae ......
Warning:not_parsed:UNKNOWN.CLOSE.CLOSE>POSTSUBSCRIPT MathParser failed to match rule 'Anything'
	at main_ICLR.tex; line 304 col 0 - line 306 col 15
	In "\begin{equation*}MeanMargin(\bm{x},y)=\frac{1}{N|\mathcal{E}|}\sum_{i,{e\in%
	\mathcal{E}}}[f^{e}_{i}(\bm{x})]_{y_{i}}-\operatorname*{argmax}_{j\neq y_{i}}[%
	f^{e}_{i}(\bm{x})]_{j}\end{equation*}"
	M[[UNKNOWN]] e[[UNKNOWN]] a[[UNKNOWN]] n[[UNKNOWN]] M[[UNKNOWN]] a[[UNKNOWN]] r[[UNKNOWN]] g[[UNKNOWN]] i[[UNKNOWN]] n[[UNKNOWN]] ([[OPEN]] x[[UNKNOWN]] ,[[PUNCT]] y[[UNKNOWN]] )[[CLOSE]] =[[RELOP]] \frac{1}{N|\mathcal{E}|}[[UNKNOWN]] ∑[[SUMOP]] _{i,{e\in\mathcal{E}}}[[POSTSUBSCRIPT]] [[[OPEN]] f[[UNKNOWN]] ^{e}[[POSTSUPERSCRIPT]] _{i}[[POSTSUBSCRIPT]] ([[OPEN]] x[[UNKNOWN]] )[[CLOSE]] ][[CLOSE]] _{y_{i}}[[POSTSUBSCRIPT]] -[[ADDOP]] argmax[[OPERATOR]] _{j\neqy_{i}}[[POSTSUBSCRIPT]] [[[OPEN]] f[[UNKNOWN]] ^{e}[[POSTSUPERSCRIPT]] _{i}[[POSTSUBSCRIPT]] ([[OPEN]] x[[UNKNOWN]] )[[CLOSE]] ][[CLOSE]]
	        > _{j}[[POSTSUBSCRIPT]]
Warning:not_parsed:OPEN.UNKNOWN.CLOSE>CLOSE MathParser failed to match rule 'Anything'
	at main_ICLR.tex; line 1020 col 3 - line 1020 col 3
	In "\begin{equation*}\begin{split}\mathbb{C}&=\frac{1}{2Q^{2}}\sum_{i,j=1}^{Q}\|[%
	\bm{e}(i,t)-\mu\Delta(i,i)X(t)]-[\bm{e}(j,t)-\mu\Delta(j,j)X(t)]\|^{2}-\frac{1%
	}{Q^{2}}\sum_{i,j=1}^{Q}\|\bm{e}(i,t)-\bm{e}(j,t)\|^{2}\\
	&=\frac{1}{Q^{2}}\sum_{i,j=1}^{Q}-\mu[\bm{e}(i,t)-\bm{e}(j,t)]\cdot[\Delta(i,i%
	)X(t)]-\Delta(j,j)X(t)]+O(\mu^{2})\\
	&=\frac{\mu}{Q^{2}}\sum_{i,j=1}^{Q}\left[\Delta(i,i)\cdot\Delta(j,t)+\Delta(j,%
	j)\cdot\Delta(i,t)\right]-\left[\Delta(i,i)\cdot\Delta(i,t)+\Delta(j,j)\cdot%
	\Delta(j,t)\right]+O(\mu^{2})\\
	\end{split}\end{equation*}"
	=[[RELOP]] \frac{1}{Q^{2}}[[UNKNOWN]] ∑[[SUMOP]] _{i,j=1}[[POSTSUBSCRIPT]] ^{Q}[[POSTSUPERSCRIPT]] -[[ADDOP]] μ[[UNKNOWN]] [[[OPEN]] e[[UNKNOWN]] ([[OPEN]] i[[UNKNOWN]] ,[[PUNCT]] t[[UNKNOWN]] )[[CLOSE]] -[[ADDOP]] e[[UNKNOWN]] ([[OPEN]] j[[UNKNOWN]] ,[[PUNCT]] t[[UNKNOWN]] )[[CLOSE]] ][[CLOSE]] ⋅[[MULOP]] [[[OPEN]] Δ[[UNKNOWN]] ([[OPEN]] i[[UNKNOWN]] ,[[PUNCT]] i[[UNKNOWN]] )[[CLOSE]] X[[UNKNOWN]] ([[OPEN]] t[[UNKNOWN]] )[[CLOSE]] ][[CLOSE]] -[[ADDOP]] Δ[[UNKNOWN]] ([[OPEN]] j[[UNKNOWN]] ,[[PUNCT]] j[[UNKNOWN]] )[[CLOSE]] X[[UNKNOWN]] ([[OPEN]] t[[UNKNOWN]] )[[CLOSE]]
	        > ][[CLOSE]] +[[ADDOP]] O[[UNKNOWN]] ([[OPEN]] μ[[UNKNOWN]] ^{2}[[POSTSUPERSCRIPT]] )[[CLOSE]]
Warning:not_parsed:>OPEN MathParser failed to match rule 'Anything'
	at main_ICLR.tex; line 1132 col 42 - line 1132 col 70
	In "$(\textbf{argmax}(p_{b})==y_{b})$"
	> ([[OPEN]] \textbf{argmax}[[UNKNOWN]] ([[OPEN]] p[[UNKNOWN]] _{b}[[POSTSUBSCRIPT]] )[[CLOSE]] =[[RELOP]] =[[RELOP]] y[[UNKNOWN]] _{b}[[POSTSUBSCRIPT]] )[[CLOSE]]
 12.31 sec)
Math parsing succeeded:
   ltx:XMWrap: 8/9
   ltx:XMArg: 488/489
   ltx:XMath: 535/537
Symbols assumed as simple identifiers (with # of occurences):
   'A{italic}' (19), 'B{italic}' (6), 'C{blackboard}' (13), 'C{italic}' (8), 'Delta' (64), 'D{italic}' (4), 'ELP' (1), 'E{blackboard}' (10), 'E{caligraphic}' (8), 'E{italic}' (13), 'F{caligraphic}' (11), 'G{italic}' (5), 'I{italic}' (20), 'K{italic}' (2), 'L{italic}' (14), 'M{italic}' (6), 'N{italic}' (7), 'O{italic}' (7), 'P{italic}' (19), 'Q{italic}' (13), 'R{blackboard}' (14), 'Sigma' (50), 'S{italic}' (1), 'T{italic}' (11), 'X{blackboard}' (15), 'X{caligraphic}' (1), 'X{italic}' (110), 'Y{caligraphic}' (1), 'Y{italic}' (20), '_' (9), 'arr' (1), 'a{italic}' (17), 'c{italic}' (7), 'd{italic}' (5), 'e{bold italic}' (26), 'e{italic}' (61), 'f{italic}' (12), 'g{italic}' (27), 'h{italic}' (3), 'i{italic}' (179), 'j{italic}' (68), 'k{italic}' (8), 'l{italic}' (20), 'mu' (36), 'm{italic}' (15), 'n{italic}' (28), 'overfit' (1), 'o{italic}' (14), 'p{italic}' (11), 'r{italic}' (25), 'sigma' (1), 's{italic}' (23), 'theta' (5), 't{italic}' (78), 'u{italic}' (1), 'var' (1), 'v{italic}' (1), 'w{bold italic}' (39), 'w{italic}' (5), 'x{bold italic}' (32), 'x{italic}' (6), 'y{bold italic}' (8), 'y{italic}' (35)
Set MATHPARSER_SPECULATE to speculate on possible notations.
(Finalizing... 1.13 sec)
Conversion complete: 7 warnings; 83 errors; 14 undefined macros[\SetKwComment, \SetKw, \Comment, \algocf@within@ID, \For, \KwOut, \hdashline, \KwIn, \theAlgoLine@ID, \theAlgoLine, \algocf@within, \Init, \Return, \algorithmcfname]; 3 missing files[iclr2023_conference.sty, arydshln.sty, algorithm2e.sty] (See parsed.log) (reqd. 24.96s)
