latexml (LaTeXML version 0.8.8) processing ms.tex
(Digesting TeX ms...
(Loading /usr/share/perl5/LaTeXML/Package/TeX.pool.ltxml...
(Loading /usr/share/perl5/LaTeXML/Package/eTeX.pool.ltxml... 0.01 sec)
(Loading /usr/share/perl5/LaTeXML/Package/pdfTeX.pool.ltxml... 0.01 sec) 0.25 sec)
(Processing content /home/miri/Documents/university/DataLit/arXiv_src_fetcher/ICLR_2023_first100/-1x2-lp1eZf/ms.tex...
(Loading /usr/share/perl5/LaTeXML/Package/LaTeX.pool.ltxml...
(Loading /usr/share/perl5/LaTeXML/Package/textcomp.sty.ltxml...
(Processing definitions /usr/share/texlive/texmf-dist/tex/latex/base/ts1enc.dfu... 0.02 sec) 0.44 sec) 0.80 sec)
(Loading /usr/share/perl5/LaTeXML/Package/IEEEtran.cls.ltxml...
(Loading /usr/share/perl5/LaTeXML/Package/article.cls.ltxml... 0.01 sec) 0.04 sec)
(Loading /usr/share/perl5/LaTeXML/Package/cite.sty.ltxml... 0.00 sec)
(Loading /usr/share/perl5/LaTeXML/Package/amsmath.sty.ltxml...
(Loading /usr/share/perl5/LaTeXML/Package/amsbsy.sty.ltxml...
(Loading /usr/share/perl5/LaTeXML/Package/amsgen.sty.ltxml... 0.00 sec) 0.01 sec)
(Loading /usr/share/perl5/LaTeXML/Package/amstext.sty.ltxml... 0.00 sec)
(Loading /usr/share/perl5/LaTeXML/Package/amsopn.sty.ltxml... 0.01 sec) 0.06 sec)
(Loading /usr/share/perl5/LaTeXML/Package/graphicx.sty.ltxml...
(Loading /usr/share/perl5/LaTeXML/Package/graphics.sty.ltxml... 0.01 sec) 0.03 sec)
(Loading /usr/share/perl5/LaTeXML/Package/float.sty.ltxml... 0.00 sec)
(Loading /usr/share/perl5/LaTeXML/Package/afterpage.sty.ltxml... 0.00 sec)
(Loading /usr/share/perl5/LaTeXML/Package/algorithmic.sty.ltxml...
(Processing definitions /usr/share/texlive/texmf-dist/tex/latex/algorithms/algorithmic.sty...
Info:misdefined:utf-8 input isn't valid under encoding utf-8
	at algorithmic.sty; line 11 col 0 - line 11 col 0
(Loading /usr/share/perl5/LaTeXML/Package/ifthen.sty.ltxml...
(Processing definitions /usr/share/texlive/texmf-dist/tex/latex/base/ifthen.sty... 0.02 sec) 0.02 sec)
(Loading /usr/share/perl5/LaTeXML/Package/keyval.sty.ltxml...
(Processing definitions /usr/share/texlive/texmf-dist/tex/latex/graphics/keyval.sty... 0.01 sec) 0.01 sec) 0.09 sec) 0.09 sec)
(Loading /usr/share/perl5/LaTeXML/Package/algorithm.sty.ltxml...
(Processing definitions /usr/share/texlive/texmf-dist/tex/latex/algorithms/algorithm.sty...
Info:misdefined:utf-8 input isn't valid under encoding utf-8
	at algorithm.sty; line 11 col 0 - line 11 col 0
 0.03 sec) 0.03 sec)
(Loading /usr/share/perl5/LaTeXML/Package/booktabs.sty.ltxml... 0.01 sec)
(Loading /usr/share/perl5/LaTeXML/Package/caption.sty.ltxml... 0.01 sec)
Info:unexpected:IEEEbib Unknown bibstyle 'IEEEbib', it will be ignored
	at ms.tex; line 293 col 0 - line 293 col 27
Info:expected:citation-main Couldn't find all bib files, using ms.bbl instead
	at ms.tex; line 294 col 0 - line 294 col 28
(Processing content /home/miri/Documents/university/DataLit/arXiv_src_fetcher/ICLR_2023_first100/-1x2-lp1eZf/ms.bbl... 0.88 sec) 4.32 sec) 4.60 sec)
(Building...
(Loading compiled schema /usr/share/perl5/LaTeXML/resources/RelaxNG/LaTeXML.model... 0.02 sec)
Fatal:interrupt:interrupted LaTeXML was interrupted
	at ms.tex; line 122 col 19 - line 130 col 12
	INT
	In Whatsit[\@includegraphicx,undef,Core:... /home/miri/Documents/university/DataLit/arXiv_src_fetcher/ICLR_2023_first100/-1x2-lp1eZf/ms.tex; from line 126 col 0 to line 126 col 54
	 <= Whatsit[\hbox,undef,Core::List[Box[[{... <= Whatsit[\ltx@centerline,Whatsit[\hbox... <= Core::Document[@0x5d9499440dd8] <= Core::Definition::Constructor[\begin{... <= Whatsit[\begin{minipage},Box[b],undef... <= Core::Document[@0x5d9499440dd8] <= Core::Definition::Constructor[\begin{... <= Whatsit[\begin{figure},Core::List[Box... <= Core::Document[@0x5d9499440dd8]
Conversion failed: 1 fatal error (See parsed.log) (reqd. 6.91s)
