latexml (LaTeXML version 0.8.8) processing acl_latex.tex
(Digesting TeX acl_latex...
(Loading /usr/share/perl5/LaTeXML/Package/TeX.pool.ltxml...
(Loading /usr/share/perl5/LaTeXML/Package/eTeX.pool.ltxml... 0.00 sec)
(Loading /usr/share/perl5/LaTeXML/Package/pdfTeX.pool.ltxml... 0.01 sec) 0.14 sec)
(Processing content /home/miri/Documents/DataLit/arXiv_src_fetcher/ICLR_2023_first100/-aEuKX6zQKmr/acl_latex.tex...
(Loading /usr/share/perl5/LaTeXML/Package/LaTeX.pool.ltxml...
(Loading /usr/share/perl5/LaTeXML/Package/textcomp.sty.ltxml...
(Processing definitions /usr/share/texlive/texmf-dist/tex/latex/base/ts1enc.dfu... 0.02 sec) 0.07 sec) 0.28 sec)
(Loading /usr/share/perl5/LaTeXML/Package/article.cls.ltxml... 0.01 sec)
Warning:missing_file:acl Can't find binding for package acl
	at acl_latex.tex; line 10 col 0 - line 10 col 1
	Anticipate undefined macros or environments
	search paths are /home/miri/Documents/DataLit/arXiv_src_fetcher/ICLR_2023_first100/-aEuKX6zQKmr
	In Core::Definition::Constructor[\usepac... /usr/share/perl5/LaTeXML/Package/LaTeX.pool.ltxml; line 879
Info:dependencies:dependencies Loading dependencies for /home/miri/Documents/DataLit/arXiv_src_fetcher/ICLR_2023_first100/-aEuKX6zQKmr/acl.sty: geometry,caption,natbib,hyperref,xcolor,lineno,etoolbox,url
	at acl_latex.tex; line 10 col 0 - line 10 col 1
(Loading /usr/share/perl5/LaTeXML/Package/geometry.sty.ltxml...
(Loading /usr/share/perl5/LaTeXML/Package/keyval.sty.ltxml...
(Processing definitions /usr/share/texlive/texmf-dist/tex/latex/graphics/keyval.sty... 0.01 sec) 0.01 sec)
(Loading /usr/share/perl5/LaTeXML/Package/ifpdf.sty.ltxml... 0.00 sec)
(Loading /usr/share/perl5/LaTeXML/Package/ifvtex.sty.ltxml...
(Loading /usr/share/perl5/LaTeXML/Package/iftex.sty.ltxml... 0.00 sec) 0.01 sec)
(Loading /usr/share/perl5/LaTeXML/Package/ifxetex.sty.ltxml... 0.00 sec) 0.04 sec)
(Loading /usr/share/perl5/LaTeXML/Package/caption.sty.ltxml... 0.01 sec)
(Loading /usr/share/perl5/LaTeXML/Package/natbib.sty.ltxml... 0.02 sec)
(Loading /usr/share/perl5/LaTeXML/Package/hyperref.sty.ltxml...
(Loading /usr/share/perl5/LaTeXML/Package/ltxcmds.sty.ltxml...
(Processing definitions /usr/share/texlive/texmf-dist/tex/generic/ltxcmds/ltxcmds.sty... 0.09 sec) 0.09 sec)
(Loading /usr/share/perl5/LaTeXML/Package/kvsetkeys.sty.ltxml...
(Processing definitions /usr/share/texlive/texmf-dist/tex/latex/kvsetkeys/kvsetkeys.sty... 0.06 sec) 0.07 sec)
(Loading /usr/share/perl5/LaTeXML/Package/kvdefinekeys.sty.ltxml...
(Processing definitions /usr/share/texlive/texmf-dist/tex/generic/kvdefinekeys/kvdefinekeys.sty... 0.03 sec) 0.03 sec)
(Loading /usr/share/perl5/LaTeXML/Package/kvoptions.sty.ltxml...
(Processing definitions /usr/share/texlive/texmf-dist/tex/latex/kvoptions/kvoptions.sty... 0.14 sec) 0.14 sec)
(Loading /usr/share/perl5/LaTeXML/Package/nameref.sty.ltxml...
(Loading /usr/share/perl5/LaTeXML/Package/refcount.sty.ltxml...
(Processing definitions /usr/share/texlive/texmf-dist/tex/latex/refcount/refcount.sty...
(Loading /usr/share/perl5/LaTeXML/Package/infwarerr.sty.ltxml...
(Processing definitions /usr/share/texlive/texmf-dist/tex/generic/infwarerr/infwarerr.sty... 0.05 sec) 0.05 sec) 0.11 sec) 0.11 sec)
(Loading /usr/share/perl5/LaTeXML/Package/gettitlestring.sty.ltxml...
(Processing definitions /usr/share/texlive/texmf-dist/tex/generic/gettitlestring/gettitlestring.sty... 0.09 sec) 0.09 sec) 0.22 sec)
(Loading /usr/share/perl5/LaTeXML/Package/url.sty.ltxml... 0.00 sec)
(Loading /usr/share/perl5/LaTeXML/Package/bitset.sty.ltxml...
(Processing definitions /usr/share/texlive/texmf-dist/tex/generic/bitset/bitset.sty...
(Loading /usr/share/perl5/LaTeXML/Package/intcalc.sty.ltxml...
(Processing definitions /usr/share/texlive/texmf-dist/tex/generic/intcalc/intcalc.sty... 0.06 sec) 0.06 sec)
(Loading /usr/share/perl5/LaTeXML/Package/bigintcalc.sty.ltxml...
(Processing definitions /usr/share/texlive/texmf-dist/tex/generic/bigintcalc/bigintcalc.sty...
(Loading /usr/share/perl5/LaTeXML/Package/pdftexcmds.sty.ltxml... 0.01 sec) 0.17 sec) 0.17 sec) 0.41 sec) 0.41 sec) 1.03 sec)
(Loading /usr/share/perl5/LaTeXML/Package/xcolor.sty.ltxml...
(Loading /usr/share/perl5/LaTeXML/Package/color.sty.ltxml... 0.01 sec) 0.06 sec)
(Loading /usr/share/perl5/LaTeXML/Package/lineno.sty.ltxml... 0.00 sec)
(Loading /usr/share/perl5/LaTeXML/Package/etoolbox.sty.ltxml... 0.18 sec)
(Loading /usr/share/perl5/LaTeXML/Package/times.sty.ltxml... 0.00 sec)
(Loading /usr/share/perl5/LaTeXML/Package/latexsym.sty.ltxml... 0.00 sec)
(Loading /usr/share/perl5/LaTeXML/Package/graphicx.sty.ltxml...
(Loading /usr/share/perl5/LaTeXML/Package/graphics.sty.ltxml... 0.01 sec) 0.03 sec)
(Loading /usr/share/perl5/LaTeXML/Package/booktabs.sty.ltxml... 0.01 sec)
(Loading /usr/share/perl5/LaTeXML/Package/tabularx.sty.ltxml...
(Loading /usr/share/perl5/LaTeXML/Package/array.sty.ltxml... 0.00 sec) 0.01 sec)
(Loading /usr/share/perl5/LaTeXML/Package/amsmath.sty.ltxml...
(Loading /usr/share/perl5/LaTeXML/Package/amsbsy.sty.ltxml...
(Loading /usr/share/perl5/LaTeXML/Package/amsgen.sty.ltxml... 0.00 sec) 0.01 sec)
(Loading /usr/share/perl5/LaTeXML/Package/amstext.sty.ltxml... 0.01 sec)
(Loading /usr/share/perl5/LaTeXML/Package/amsopn.sty.ltxml... 0.01 sec) 0.07 sec)
(Loading /usr/share/perl5/LaTeXML/Package/bm.sty.ltxml... 0.00 sec)
(Loading /usr/share/perl5/LaTeXML/Package/multirow.sty.ltxml... 0.00 sec)
(Loading /usr/share/perl5/LaTeXML/Package/multicol.sty.ltxml... 0.00 sec)
(Loading /usr/share/perl5/LaTeXML/Package/colortbl.sty.ltxml... 0.01 sec)
(Loading /usr/share/perl5/LaTeXML/Package/verbatim.sty.ltxml... 0.00 sec)
(Loading /usr/share/perl5/LaTeXML/Package/fontenc.sty.ltxml...
(Loading /usr/share/perl5/LaTeXML/Package/t1enc.def.ltxml...
(Processing definitions /usr/share/texlive/texmf-dist/tex/latex/base/t1enc.def...
(Processing definitions /usr/share/texlive/texmf-dist/tex/latex/base/t1enc.dfu... 0.06 sec)
(Loading /usr/share/perl5/LaTeXML/Package/t1.fontmap.ltxml... 0.00 sec) 0.13 sec) 0.13 sec) 0.14 sec)
(Loading /usr/share/perl5/LaTeXML/Package/inputenc.sty.ltxml...
(Loading /usr/share/perl5/LaTeXML/Package/utf8.def.ltxml... 0.00 sec) 0.01 sec)
(Loading /usr/share/perl5/LaTeXML/Package/microtype.sty.ltxml... 0.00 sec)
Warning:missing_file:inconsolata Can't find binding for package inconsolata
	at acl_latex.tex; line 46 col 0 - line 46 col 1
	Anticipate undefined macros or environments
	In Core::Definition::Constructor[\usepac... /usr/share/perl5/LaTeXML/Package/LaTeX.pool.ltxml; line 879
(Processing content /home/miri/Documents/DataLit/arXiv_src_fetcher/ICLR_2023_first100/-aEuKX6zQKmr/latex/abs.tex... 0.04 sec)
(Processing content /home/miri/Documents/DataLit/arXiv_src_fetcher/ICLR_2023_first100/-aEuKX6zQKmr/latex/intro.tex... 0.28 sec)
(Processing content /home/miri/Documents/DataLit/arXiv_src_fetcher/ICLR_2023_first100/-aEuKX6zQKmr/latex/related.tex... 0.33 sec)
(Processing content /home/miri/Documents/DataLit/arXiv_src_fetcher/ICLR_2023_first100/-aEuKX6zQKmr/latex/method.tex... 0.46 sec)
(Processing content /home/miri/Documents/DataLit/arXiv_src_fetcher/ICLR_2023_first100/-aEuKX6zQKmr/latex/experiment.tex... 0.57 sec)
(Processing content /home/miri/Documents/DataLit/arXiv_src_fetcher/ICLR_2023_first100/-aEuKX6zQKmr/latex/ablation.tex...
Info:unexpected:rowspan Rowspan 3 in cell(2,0) covers non-empty cells; truncating.to 2
	at ablation.tex; line 31 col 0 - line 31 col 6
Info:unexpected:rowspan Rowspan 3 in cell(2,1) covers non-empty cells; truncating.to 2
	at ablation.tex; line 31 col 0 - line 31 col 6
 0.53 sec)
(Processing content /home/miri/Documents/DataLit/arXiv_src_fetcher/ICLR_2023_first100/-aEuKX6zQKmr/latex/conclusion.tex... 0.03 sec)
(Processing content /home/miri/Documents/DataLit/arXiv_src_fetcher/ICLR_2023_first100/-aEuKX6zQKmr/latex/limitation.tex... 0.04 sec)
(Processing content /home/miri/Documents/DataLit/arXiv_src_fetcher/ICLR_2023_first100/-aEuKX6zQKmr/latex/appendix.tex... 0.67 sec) 5.08 sec) 5.25 sec)
(Building...
(Loading compiled schema /usr/share/perl5/LaTeXML/resources/RelaxNG/LaTeXML.model... 0.01 sec) 2.33 sec)
(Rewriting... 0.01 sec)
(Math Parsing 77 formulae ......
Warning:not_parsed:UNKNOWN.POSTSUBSCRIPT>OPEN MathParser failed to match rule 'Anything'
	at method.tex; line 101 col 0 - line 103 col 14
	In "\begin{equation}D_{KL}(P_{RANK}||P_{RETR})\end{equation}"
	D[[UNKNOWN]] _{KL}[[POSTSUBSCRIPT]]
	        > ([[OPEN]] P[[UNKNOWN]] _{RANK}[[POSTSUBSCRIPT]] |[[VERTBAR]] |[[VERTBAR]] P[[UNKNOWN]] _{RETR}[[POSTSUBSCRIPT]] )[[CLOSE]]
 0.75 sec)
Math parsing succeeded:
   ltx:XMath: 76/77
   ltx:XMArg: 124/124
Symbols assumed as simple identifiers (with # of occurences):
   'A{italic}' (17), 'D{italic}' (24), 'E{italic}' (4), 'K{italic}' (18), 'L{italic}' (3), 'N{italic}' (17), 'P{italic}' (26), 'Q{italic}' (11), 'R{italic}' (25), 'T{italic}' (12), 'd{italic}' (4), 'e{italic}' (8), 'g{italic}' (4), 'i{italic}' (8), 'j{italic}' (4), 'k{italic}' (2), 'l{italic}' (4), 'm{italic}' (10), 'n{italic}' (23), 'o{italic}' (4), 'pi' (13), 'p{italic}' (8), 's{italic}' (12), 'theta' (4), 'x{italic}' (8)
Set MATHPARSER_SPECULATE to speculate on possible notations.
(Finalizing... 0.07 sec)
Conversion complete: 3 warnings; 2 missing files[acl.sty, inconsolata.sty] (See parsed.log) (reqd. 8.55s)
