latexml (LaTeXML version 0.8.8) processing main.tex
(Digesting TeX main...
(Loading /usr/share/perl5/LaTeXML/Package/TeX.pool.ltxml...
(Loading /usr/share/perl5/LaTeXML/Package/eTeX.pool.ltxml... 0.00 sec)
(Loading /usr/share/perl5/LaTeXML/Package/pdfTeX.pool.ltxml... 0.00 sec) 0.11 sec)
(Processing content /home/miri/Documents/university/DataLit/arXiv_src_fetcher/ICLR_2023_first100/-4Z25gkP7Oi/main.tex...
(Loading /usr/share/perl5/LaTeXML/Package/LaTeX.pool.ltxml...
(Loading /usr/share/perl5/LaTeXML/Package/textcomp.sty.ltxml...
(Processing definitions /usr/share/texlive/texmf-dist/tex/latex/base/ts1enc.dfu... 0.01 sec) 0.25 sec) 0.43 sec)
(Loading /usr/share/perl5/LaTeXML/Package/article.cls.ltxml... 0.01 sec)
Warning:missing_file:aaai19 Can't find binding for package aaai19
	at main.tex; line 5 col 11 - line 5 col 11
	Anticipate undefined macros or environments
	search paths are /home/miri/Documents/university/DataLit/arXiv_src_fetcher/ICLR_2023_first100/-4Z25gkP7Oi
	In Core::Definition::Constructor[\usepac... /usr/share/perl5/LaTeXML/Package/LaTeX.pool.ltxml; line 879
(Loading /usr/share/perl5/LaTeXML/Package/times.sty.ltxml... 0.00 sec)
(Loading /usr/share/perl5/LaTeXML/Package/helvet.sty.ltxml... 0.00 sec)
(Loading /usr/share/perl5/LaTeXML/Package/courier.sty.ltxml... 0.00 sec)
(Loading /usr/share/perl5/LaTeXML/Package/url.sty.ltxml... 0.00 sec)
(Loading /usr/share/perl5/LaTeXML/Package/graphicx.sty.ltxml...
(Loading /usr/share/perl5/LaTeXML/Package/graphics.sty.ltxml... 0.01 sec) 0.02 sec)
(Loading /usr/share/perl5/LaTeXML/Package/amssymb.sty.ltxml...
(Loading /usr/share/perl5/LaTeXML/Package/amsfonts.sty.ltxml... 0.00 sec) 0.02 sec)
(Loading /usr/share/perl5/LaTeXML/Package/amsmath.sty.ltxml...
(Loading /usr/share/perl5/LaTeXML/Package/amsbsy.sty.ltxml...
(Loading /usr/share/perl5/LaTeXML/Package/amsgen.sty.ltxml... 0.00 sec) 0.01 sec)
(Loading /usr/share/perl5/LaTeXML/Package/amstext.sty.ltxml... 0.01 sec)
(Loading /usr/share/perl5/LaTeXML/Package/amsopn.sty.ltxml... 0.01 sec) 0.05 sec)
(Loading /usr/share/perl5/LaTeXML/Package/amsthm.sty.ltxml... 0.01 sec)
(Loading /usr/share/perl5/LaTeXML/Package/xspace.sty.ltxml... 0.00 sec)
(Loading /usr/share/perl5/LaTeXML/Package/multirow.sty.ltxml... 0.00 sec)
(Loading /usr/share/perl5/LaTeXML/Package/tabularx.sty.ltxml...
(Loading /usr/share/perl5/LaTeXML/Package/array.sty.ltxml... 0.00 sec) 0.01 sec)
(Loading /usr/share/perl5/LaTeXML/Package/xcolor.sty.ltxml...
(Loading /usr/share/perl5/LaTeXML/Package/color.sty.ltxml... 0.01 sec) 0.04 sec)
(Loading /usr/share/perl5/LaTeXML/Package/appendix.sty.ltxml... 0.00 sec)
(Loading /usr/share/perl5/LaTeXML/Package/titlesec.sty.ltxml... 0.00 sec)
(Loading /usr/share/perl5/LaTeXML/Package/float.sty.ltxml... 0.00 sec)
Error:undefined:\nocopyright The token T_CS[\nocopyright] is not defined.
	at main.tex; line 28 col 0 - line 28 col 12
	Defining it now as <ltx:ERROR/>
	Next token is T_CS[\par] ( == Core::Definition::Constructor[\par])
	In Core::Gullet[@0x5fe273e2edc0] /home/miri/Documents/university/DataLit/arXiv_src_fetcher/ICLR_2023_first100/-4Z25gkP7Oi/main.tex; from line 29 col 0 to line 29 col 1
	 <= Core::Stomach[@0x5fe274252bc0] <= ...
Error:undefined:\citeauthor The token T_CS[\citeauthor] is not defined.
	at main.tex; line 70 col 24 - line 70 col 24
	Defining it now as <ltx:ERROR/>
	Next token is T_BEGIN[{] ( == T_BEGIN[{])
	In Core::Gullet[@0x5fe273e2edc0] /home/miri/Documents/university/DataLit/arXiv_src_fetcher/ICLR_2023_first100/-4Z25gkP7Oi/main.tex; from line 70 col 25 to line 70 col 25
	 <= Core::Stomach[@0x5fe274252bc0] <= ...
Error:unexpected:_ Script _ can only appear in math mode
	at main.tex; line 108 col 101 - line 108 col 101
	In Core::Definition::Primitive[Subscript] /usr/share/perl5/LaTeXML/Package/TeX.pool.ltxml; line 4440
	 <= Core::Stomach[@0x5fe274252bc0] <= Core::Definition::Primitive[Begin] <= Core::Stomach[@0x5fe274252bc0] <= ...
Info:unexpected:aaai Unknown bibstyle 'aaai', it will be ignored
	at main.tex; line 321 col 0 - line 321 col 24
 2.10 sec) 2.25 sec)
(Building...
(Loading compiled schema /usr/share/perl5/LaTeXML/resources/RelaxNG/LaTeXML.model... 0.01 sec) 1.72 sec)
(Rewriting... 0.01 sec)
(Math Parsing 73 formulae ...... 0.55 sec)
Math parsing succeeded:
   ltx:XMArg: 41/41
   ltx:XMath: 73/73
Symbols assumed as simple identifiers (with # of occurences):
   'A{caligraphic}' (2), 'J{italic}' (1), 'Phi' (12), 'X{italic}' (9), 'a{italic}' (15), 'epsilon' (1), 'f{italic}' (7), 'g{italic}' (6), 'lambda' (24), 'sigma' (2), 'x{italic}' (34), 'y{italic}' (1)
Set MATHPARSER_SPECULATE to speculate on possible notations.
(Finalizing... 0.06 sec)
Conversion complete: 1 warning; 3 errors; 2 undefined macros[\nocopyright, \citeauthor]; 1 missing file[aaai19.sty] (See parsed.log) (reqd. 4.78s)
