latexml (LaTeXML version 0.8.8) processing arXiv-0802.1329v2.tex
(Digesting TeX arXiv-0802.1329v2...
(Loading /usr/share/perl5/LaTeXML/Package/TeX.pool.ltxml...
(Loading /usr/share/perl5/LaTeXML/Package/eTeX.pool.ltxml... 0.00 sec)
(Loading /usr/share/perl5/LaTeXML/Package/pdfTeX.pool.ltxml... 0.01 sec) 0.16 sec)
(Processing content /home/miri/Documents/university/DataLit/arXiv_src_fetcher/ICLR_2023_first100/-0jbdOhFn4g/arXiv-0802.1329v2.tex...
(Loading /usr/share/perl5/LaTeXML/Package/LaTeX.pool.ltxml...
(Loading /usr/share/perl5/LaTeXML/Package/textcomp.sty.ltxml...
(Processing definitions /usr/share/texlive/texmf-dist/tex/latex/base/ts1enc.dfu... 0.02 sec) 0.28 sec) 0.52 sec)
(Loading /usr/share/perl5/LaTeXML/Package/revtex4.cls.ltxml...
(Loading /usr/share/perl5/LaTeXML/Package/article.cls.ltxml... 0.01 sec)
(Loading /usr/share/perl5/LaTeXML/Package/revtex4_support.sty.ltxml...
(Loading /usr/share/perl5/LaTeXML/Package/hyperref.sty.ltxml...
(Loading /usr/share/perl5/LaTeXML/Package/ltxcmds.sty.ltxml...
(Processing definitions /usr/share/texlive/texmf-dist/tex/generic/ltxcmds/ltxcmds.sty... 0.07 sec) 0.07 sec)
(Loading /usr/share/perl5/LaTeXML/Package/keyval.sty.ltxml...
(Processing definitions /usr/share/texlive/texmf-dist/tex/latex/graphics/keyval.sty... 0.01 sec) 0.01 sec)
(Loading /usr/share/perl5/LaTeXML/Package/kvsetkeys.sty.ltxml...
(Processing definitions /usr/share/texlive/texmf-dist/tex/latex/kvsetkeys/kvsetkeys.sty... 0.05 sec) 0.05 sec)
(Loading /usr/share/perl5/LaTeXML/Package/kvdefinekeys.sty.ltxml...
(Processing definitions /usr/share/texlive/texmf-dist/tex/generic/kvdefinekeys/kvdefinekeys.sty... 0.02 sec) 0.02 sec)
(Loading /usr/share/perl5/LaTeXML/Package/kvoptions.sty.ltxml...
(Processing definitions /usr/share/texlive/texmf-dist/tex/latex/kvoptions/kvoptions.sty... 0.12 sec) 0.12 sec)
(Loading /usr/share/perl5/LaTeXML/Package/nameref.sty.ltxml...
(Loading /usr/share/perl5/LaTeXML/Package/refcount.sty.ltxml...
(Processing definitions /usr/share/texlive/texmf-dist/tex/latex/refcount/refcount.sty...
(Loading /usr/share/perl5/LaTeXML/Package/infwarerr.sty.ltxml...
(Processing definitions /usr/share/texlive/texmf-dist/tex/generic/infwarerr/infwarerr.sty... 0.04 sec) 0.04 sec) 0.09 sec) 0.10 sec)
(Loading /usr/share/perl5/LaTeXML/Package/gettitlestring.sty.ltxml...
(Processing definitions /usr/share/texlive/texmf-dist/tex/generic/gettitlestring/gettitlestring.sty... 0.12 sec) 0.13 sec) 0.24 sec)
(Loading /usr/share/perl5/LaTeXML/Package/url.sty.ltxml... 0.00 sec)
(Loading /usr/share/perl5/LaTeXML/Package/bitset.sty.ltxml...
(Processing definitions /usr/share/texlive/texmf-dist/tex/generic/bitset/bitset.sty...
(Loading /usr/share/perl5/LaTeXML/Package/intcalc.sty.ltxml...
(Processing definitions /usr/share/texlive/texmf-dist/tex/generic/intcalc/intcalc.sty... 0.05 sec) 0.06 sec)
(Loading /usr/share/perl5/LaTeXML/Package/bigintcalc.sty.ltxml...
(Processing definitions /usr/share/texlive/texmf-dist/tex/generic/bigintcalc/bigintcalc.sty...
(Loading /usr/share/perl5/LaTeXML/Package/pdftexcmds.sty.ltxml...
(Loading /usr/share/perl5/LaTeXML/Package/iftex.sty.ltxml... 0.00 sec) 0.01 sec) 0.16 sec) 0.16 sec) 0.37 sec) 0.37 sec) 0.97 sec)
(Loading /usr/share/perl5/LaTeXML/Package/natbib.sty.ltxml... 0.02 sec)
(Loading /usr/share/perl5/LaTeXML/Package/revsymb.sty.ltxml... 0.00 sec)
(Loading /usr/share/perl5/LaTeXML/Package/longtable.sty.ltxml... 0.00 sec)
(Loading /usr/share/perl5/LaTeXML/Package/dcolumn.sty.ltxml...
(Loading /usr/share/perl5/LaTeXML/Package/array.sty.ltxml... 0.00 sec) 0.01 sec) 1.07 sec) 1.14 sec)
(Loading /usr/share/perl5/LaTeXML/Package/fontenc.sty.ltxml...
(Loading /usr/share/perl5/LaTeXML/Package/t1enc.def.ltxml...
(Processing definitions /usr/share/texlive/texmf-dist/tex/latex/base/t1enc.def...
(Processing definitions /usr/share/texlive/texmf-dist/tex/latex/base/t1enc.dfu... 0.05 sec)
(Loading /usr/share/perl5/LaTeXML/Package/t1.fontmap.ltxml... 0.00 sec) 0.11 sec) 0.11 sec) 0.12 sec)
(Loading /usr/share/perl5/LaTeXML/Package/inputenc.sty.ltxml...
(Processing definitions /usr/share/texlive/texmf-dist/tex/latex/base/latin1.def... 0.02 sec) 0.03 sec)
(Loading /usr/share/perl5/LaTeXML/Package/verbatim.sty.ltxml... 0.01 sec)
(Loading /usr/share/perl5/LaTeXML/Package/amsmath.sty.ltxml...
(Loading /usr/share/perl5/LaTeXML/Package/amsbsy.sty.ltxml...
(Loading /usr/share/perl5/LaTeXML/Package/amsgen.sty.ltxml... 0.01 sec) 0.01 sec)
(Loading /usr/share/perl5/LaTeXML/Package/amstext.sty.ltxml... 0.01 sec)
(Loading /usr/share/perl5/LaTeXML/Package/amsopn.sty.ltxml... 0.01 sec) 0.10 sec)
(Loading /usr/share/perl5/LaTeXML/Package/color.sty.ltxml... 0.01 sec)
(Loading /usr/share/perl5/LaTeXML/Package/amssymb.sty.ltxml...
(Loading /usr/share/perl5/LaTeXML/Package/amsfonts.sty.ltxml... 0.00 sec) 0.03 sec)
(Loading /usr/share/perl5/LaTeXML/Package/babel.sty.ltxml...
(Processing definitions /usr/share/texlive/texmf-dist/tex/generic/babel/babel.sty...
(Processing definitions /usr/share/texlive/texmf-dist/tex/generic/config/language.def... 0.01 sec)
(Loading /usr/share/perl5/LaTeXML/Package/txtbabel.def.ltxml...
(Processing definitions /usr/share/texlive/texmf-dist/tex/generic/babel/txtbabel.def... 0.03 sec)
(Loading /usr/share/perl5/LaTeXML/Package/babel_support.sty.ltxml... 0.01 sec) 0.05 sec)
(Processing definitions /usr/share/texlive/texmf-dist/tex/generic/babel-english/english.ldf...
Language: english 2017/06/06 v3.3r English support from the babel system
 0.09 sec) 1.11 sec) 1.11 sec)
(Processing content /usr/share/texlive/texmf-dist/tex/generic/babel/locale/en/babel-english.tex...
Info:latex:(babel)  Package babel Info: Importing
	at babel-english.tex; line 11 col 0 - line 11 col 1
	font and identification data for english
	from babel-en.ini. Reported        
 0.52 sec) 10.50 sec) 10.70 sec)
(Building...
(Loading compiled schema /usr/share/perl5/LaTeXML/resources/RelaxNG/LaTeXML.model... 0.01 sec) 9.04 sec)
(Rewriting... 0.44 sec)
(Math Parsing 1226 formulae ......
Warning:not_parsed:NUMBER>FLOATSUPERSCRIPT MathParser failed to match rule 'Anything'
	at arXiv-0802.1329v2.tex; line 46 col 0 - line 46 col 36
	In "$11{}^{\mbox{th}}$"
	11[[NUMBER]]
	        > {}^{\mbox{th}}[[FLOATSUPERSCRIPT]]
Warning:not_parsed:POSTSUPERSCRIPT.UNKNOWN.POSTSUBSCRIPT>RELOP MathParser failed to match rule 'Anything'
	at arXiv-0802.1329v2.tex; line 231 col 30 - line 231 col 90
	In "$\bigsqcup_{k=0}^{r-1}E_{k}=\left\{(i,j),\ i,j=0,\cdots,n-1\right\}$"
	⨆[[SUMOP]] _{k=0}[[POSTSUBSCRIPT]] ^{r-1}[[POSTSUPERSCRIPT]] E[[UNKNOWN]] _{k}[[POSTSUBSCRIPT]]
	        > =[[RELOP]] \left\{[[OPEN]] ([[OPEN]] i[[UNKNOWN]] ,[[PUNCT]] j[[UNKNOWN]] )[[CLOSE]] ,[[PUNCT]] i[[UNKNOWN]] ,[[PUNCT]] j[[UNKNOWN]] =[[RELOP]] 0[[NUMBER]] ,[[PUNCT]] ⋯[[ID]] ,[[PUNCT]] n[[UNKNOWN]] -[[ADDOP]] 1[[NUMBER]] \right\}[[CLOSE]]
Warning:not_parsed:UNKNOWN>OPEN MathParser failed to match rule 'Anything'
	at arXiv-0802.1329v2.tex; line 805 col 120 - line 805 col 120
	In "$\widehat{\chi(E^{+})}-\widehat{\chi(E^{-})}=2\widehat{\chi(E^{+})}-\widehat{%
	\chi(\left\{0,\cdots,q-1)\right\})}=2\widehat{\chi(E^{+})}-q\chi(\left\{0)%
	\right\})$"
	χ[[UNKNOWN]]
	        > ([[OPEN]] \left\{[[OPEN]] 0[[NUMBER]] ,[[PUNCT]] ⋯[[ID]] ,[[PUNCT]] q[[UNKNOWN]] -[[ADDOP]] 1[[NUMBER]] )[[CLOSE]] \right\}[[CLOSE]] )[[CLOSE]]
Warning:not_parsed:ADDOP.UNKNOWN.UNKNOWN>OPEN MathParser failed to match rule 'Anything'
	at arXiv-0802.1329v2.tex; line 805 col 15 - line 805 col 171
	\widehat{\chi(E^{+})}[[UNKNOWN]] -[[ADDOP]] \widehat{\chi(E^{-})}[[UNKNOWN]] =[[RELOP]] 2[[NUMBER]] \widehat{\chi(E^{+})}[[UNKNOWN]] -[[ADDOP]] \widehat{\chi(\left\{0,\cdots,q-1)\right\})}[[UNKNOWN]] =[[RELOP]] 2[[NUMBER]] \widehat{\chi(E^{+})}[[UNKNOWN]] -[[ADDOP]] q[[UNKNOWN]] χ[[UNKNOWN]]
	        > ([[OPEN]] \left\{[[OPEN]] 0[[NUMBER]] )[[CLOSE]] \right\}[[CLOSE]] )[[CLOSE]]
Warning:not_parsed:UNKNOWN>OPEN MathParser failed to match rule 'Anything'
	at arXiv-0802.1329v2.tex; line 1105 col 67 - line 1105 col 67
	In "$\mathcal{P}_{\widehat{\chi(E)}}{\cap\mathcal{P}}_{\widehat{\chi(F})}=\left\{p%
	\mathbb{Z}_{p},\left\{mP^{-1}(K\cap L)|\ p\nmid m\right\}\right\}$"
	χ[[UNKNOWN]]
	        > ([[OPEN]] F[[UNKNOWN]]
Warning:not_parsed:ATOM>CLOSE MathParser failed to match rule 'Subscript'
	at arXiv-0802.1329v2.tex; line 1105 col 69 - line 1105 col 69
	\widehat{\chi(F}[[UNKNOWN]]
	        > )[[CLOSE]]
Warning:not_parsed:UNKNOWN>OPEN MathParser failed to match rule 'Anything'
	at arXiv-0802.1329v2.tex; line 1114 col 73 - line 1114 col 73
	In "$\mathcal{F}=\left\{\mathcal{P}_{\widehat{\chi\left(aP{}^{-1}(H)\right)}}=%
	\left\{\left\{0\right\},\mathbb{Z}_{q}^{\star},\left\{pmH|\ p\nmid m\right\}%
	\right\}F_{1},\cdots,F_{r}\right\}$"
	χ[[UNKNOWN]]
	        > \left([[OPEN]] a[[UNKNOWN]] P[[UNKNOWN]] {}^{-1}[[FLOATSUPERSCRIPT]] ([[OPEN]] H[[UNKNOWN]] )[[CLOSE]] \right)[[CLOSE]]
Warning:not_parsed:UNKNOWN>OPEN MathParser failed to match rule 'Anything'
	at arXiv-0802.1329v2.tex; line 1133 col 41 - line 1133 col 41
	In "$\mathcal{P}_{\widehat{\chi(aP{}^{-1}(H)}}=\left\{\left\{0\right\},\mathbb{Z}_%
	{q}^{\star},\left\{pmH|\ p\nmid m\right\}\right\}$"
	χ[[UNKNOWN]]
	        > ([[OPEN]] a[[UNKNOWN]] P[[UNKNOWN]] {}^{-1}[[FLOATSUPERSCRIPT]] ([[OPEN]] H[[UNKNOWN]] )[[CLOSE]]
Warning:not_parsed:UNKNOWN>OPEN MathParser failed to match rule 'Anything'
	at arXiv-0802.1329v2.tex; line 1137 col 89 - line 1137 col 89
	In "$\mathcal{P}_{\widehat{\chi\left(P{}^{-1}(H)\right)}}\cap\mathcal{P}_{\widehat%
	{\chi(pK)}}$"
	χ[[UNKNOWN]]
	        > \left([[OPEN]] P[[UNKNOWN]] {}^{-1}[[FLOATSUPERSCRIPT]] ([[OPEN]] H[[UNKNOWN]] )[[CLOSE]] \right)[[CLOSE]]
Warning:not_parsed:>PUNCT MathParser failed to match rule 'Anything'
	at arXiv-0802.1329v2.tex; line 1140 col 27 - line 1140 col 155
	In "$,\mathcal{P}_{\widehat{\chi(A)}}=\left\{\left\{0\right\},\mathbb{Z}_{q}^{%
	\star},\left\{pmHK|\ p\nmid m\right\}\right\}$"
	> ,[[PUNCT]] P[[UNKNOWN]] _{\widehat{\chi(A)}}[[POSTSUBSCRIPT]] =[[RELOP]] \left\{[[OPEN]] \left\{[[OPEN]] 0[[NUMBER]] \right\}[[CLOSE]] ,[[PUNCT]] Z[[UNKNOWN]] _{q}[[POSTSUBSCRIPT]] ^{\star}[[POSTSUPERSCRIPT]] ,[[PUNCT]] \left\{[[OPEN]] p[[UNKNOWN]] m[[UNKNOWN]] H[[UNKNOWN]] K[[UNKNOWN]] |[[VERTBAR]] p[[UNKNOWN]] ∤[[RELOP]] m[[UNKNOWN]] \right\}[[CLOSE]] \right\}[[CLOSE]]
Warning:not_parsed:ATOM>PUNCT MathParser failed to match rule 'Anything'
	at arXiv-0802.1329v2.tex; line 1574 col 5 - line 1574 col 5
	In "$\displaystyle\mbox{ Direct space}\qquad\rightarrow\mbox{Fourier space}\mbox{%
	Direct space}\qquad\rightarrow\mbox{Fourier space}\@@ENDINLINEMATH"
	\mbox{ Direct space}[[UNKNOWN]]
	        > $\displaystyle\mbox{ Direct space}\qquad\rightarrow\mbox{Fourier space}\mbox{Direct space}\qquad\rightarrow\mbox{Fourier space}\@@ENDINLINEMATH[[PUNCT]] →[[ARROW]] \mbox{Fourier space}[[UNKNOWN]] \mbox{Direct space}[[UNKNOWN]] $\displaystyle\mbox{ Direct space}\qquad\rightarrow\mbox{Fourier space}\mbox{Direct space}\qquad\rightarrow\mbox{Fourier space}\@@ENDINLINEMATH[[PUNCT]] →[[ARROW]] \mbox{Fourier space}[[UNKNOWN]]
Warning:not_parsed:ATOM>PUNCT MathParser failed to match rule 'Anything'
	at arXiv-0802.1329v2.tex; line 1574 col 5 - line 1574 col 59
	In "$\displaystyle\mbox{ Direct space}\qquad\rightarrow\mbox{Fourier space}$"
	\mbox{ Direct space}[[UNKNOWN]]
	        > $\displaystyle\mbox{ Direct space}\qquad\rightarrow\mbox{Fourier space}$[[PUNCT]] →[[ARROW]] \mbox{Fourier space}[[UNKNOWN]]
Warning:not_parsed:ATOM>PUNCT MathParser failed to match rule 'Anything'
	at arXiv-0802.1329v2.tex; line 1574 col 68 - line 1575 col 1
	In "$\displaystyle\mbox{Direct space}\qquad\rightarrow\mbox{Fourier space}$"
	\mbox{Direct space}[[UNKNOWN]]
	        > $\displaystyle\mbox{Direct space}\qquad\rightarrow\mbox{Fourier space}$[[PUNCT]] →[[ARROW]] \mbox{Fourier space}[[UNKNOWN]]
Warning:not_parsed:ATOM>PUNCT MathParser failed to match rule 'Anything'
	at arXiv-0802.1329v2.tex; line 1590 col 5 - line 1590 col 5
	In "$\displaystyle\mbox{Direct space}\qquad\rightarrow\mbox{Fourier space}\mbox{%
	Direct space}\qquad\qquad\rightarrow\;\mbox{Fourier space}\@@ENDINLINEMATH"
	\mbox{Direct space}[[UNKNOWN]]
	        > $\displaystyle\mbox{Direct space}\qquad\rightarrow\mbox{Fourier space}\mbox{Direct space}\qquad\qquad\rightarrow\;\mbox{Fourier space}\@@ENDINLINEMATH[[PUNCT]] →[[ARROW]] \mbox{Fourier space}[[UNKNOWN]] \mbox{Direct space}[[UNKNOWN]] $\displaystyle\mbox{Direct space}\qquad\rightarrow\mbox{Fourier space}\mbox{Direct space}\qquad\qquad\rightarrow\;\mbox{Fourier space}\@@ENDINLINEMATH[[PUNCT]] →[[ARROW]] \mbox{Fourier space}[[UNKNOWN]]
Warning:not_parsed:ATOM>PUNCT MathParser failed to match rule 'Anything'
	at arXiv-0802.1329v2.tex; line 1590 col 5 - line 1590 col 58
	In "$\displaystyle\mbox{Direct space}\qquad\rightarrow\mbox{Fourier space}$"
	\mbox{Direct space}[[UNKNOWN]]
	        > $\displaystyle\mbox{Direct space}\qquad\rightarrow\mbox{Fourier space}$[[PUNCT]] →[[ARROW]] \mbox{Fourier space}[[UNKNOWN]]
Warning:not_parsed:ATOM>PUNCT MathParser failed to match rule 'Anything'
	at arXiv-0802.1329v2.tex; line 1590 col 67 - line 1591 col 1
	In "$\displaystyle\mbox{Direct space}\qquad\qquad\rightarrow\;\mbox{Fourier space}$"
	\mbox{Direct space}[[UNKNOWN]]
	        > $\displaystyle\mbox{Direct space}\qquad\qquad\rightarrow\;\mbox{Fourier space}$[[PUNCT]] →[[ARROW]] \mbox{Fourier space}[[UNKNOWN]]
 28.84 sec)
Math parsing succeeded:
   ltx:XMath: 1216/1226
   ltx:XMWrap: 2/2
   ltx:XMArg: 2475/2481
Symbols assumed as simple identifiers (with # of occurences):
   'A{italic}' (56), 'B{italic}' (9), 'C{blackboard}' (43), 'C{italic}' (13), 'Delta' (1), 'D{italic}' (8), 'E{caligraphic}' (23), 'E{italic}' (322), 'F{caligraphic}' (12), 'F{italic}' (130), 'H{italic}' (122), 'I{blackboard}' (1), 'I{italic}' (47), 'J{italic}' (7), 'K{italic}' (100), 'L{italic}' (38), 'M{italic}' (45), 'N{blackboard}' (5), 'N{italic}' (2), 'Phi' (4), 'P{blackboard}' (5), 'P{caligraphic}' (48), 'P{italic}' (106), 'Q{blackboard}' (10), 'Q{italic}' (26), 'T{italic}' (3), 'U{italic}' (6), 'V{italic}' (16), 'W{italic}' (24), 'X{blackboard}' (1), 'X{italic}' (29), 'Y{italic}' (1), 'Z{blackboard}' (129), 'Z{italic}' (2), 'alpha' (4), 'a{bold}' (16), 'a{italic}' (501), 'b{italic}' (837), 'chi' (243), 'c{italic}' (392), 'delta' (4), 'd{italic}' (327), 'epsilon' (22), 'e{italic}' (151), 'f{italic}' (63), 'g{italic}' (32), 'h{italic}' (45), 'imath' (37), 'i{italic}' (225), 'j{italic}' (133), 'k{italic}' (102), 'lambda' (5), 'l{italic}' (45), 'mu' (6), 'm{italic}' (45), 'n{italic}' (24), 'omega' (43), 'o{italic}' (2), 'pi' (6), 'p{italic}' (163), 'q{italic}' (142), 'r{italic}' (41), 'sigma' (3), 's{italic}' (19), 'tau' (12), 't{bold}' (6), 't{italic}' (44), 'u{bold}' (12), 'u{italic}' (23), 'v{bold}' (32), 'v{italic}' (37), 'w{bold}' (4), 'w{italic}' (8), 'x{bold}' (6), 'x{italic}' (167), 'y{bold}' (1), 'y{italic}' (14), 'zeta' (38), 'z{italic}' (3)
Set MATHPARSER_SPECULATE to speculate on possible notations.
(Finalizing... 2.06 sec)
Conversion complete: 16 warnings (See parsed.log) (reqd. 52.19s)
