latexml (LaTeXML version 0.8.8) processing paper.tex
(Digesting TeX paper...
(Loading /usr/share/perl5/LaTeXML/Package/TeX.pool.ltxml...
(Loading /usr/share/perl5/LaTeXML/Package/eTeX.pool.ltxml... 0.00 sec)
(Loading /usr/share/perl5/LaTeXML/Package/pdfTeX.pool.ltxml... 0.00 sec) 0.09 sec)
(Processing content /home/miri/Documents/DataLit/arXiv_src_fetcher/ICLR_2023_first100/-z911HH4RFv/paper.tex...
(Loading /usr/share/perl5/LaTeXML/Package/LaTeX.pool.ltxml...
(Loading /usr/share/perl5/LaTeXML/Package/textcomp.sty.ltxml...
(Processing definitions /usr/share/texlive/texmf-dist/tex/latex/base/ts1enc.dfu... 0.01 sec) 0.05 sec) 0.19 sec)
(Loading /usr/share/perl5/LaTeXML/Package/article.cls.ltxml... 0.01 sec)
(Loading /usr/share/perl5/LaTeXML/Package/microtype.sty.ltxml... 0.00 sec)
(Loading /usr/share/perl5/LaTeXML/Package/graphicx.sty.ltxml...
(Loading /usr/share/perl5/LaTeXML/Package/graphics.sty.ltxml... 0.00 sec) 0.02 sec)
(Loading /usr/share/perl5/LaTeXML/Package/subfigure.sty.ltxml... 0.01 sec)
(Loading /usr/share/perl5/LaTeXML/Package/booktabs.sty.ltxml... 0.00 sec)
(Loading /usr/share/perl5/LaTeXML/Package/hyperref.sty.ltxml...
(Loading /usr/share/perl5/LaTeXML/Package/ltxcmds.sty.ltxml...
(Processing definitions /usr/share/texlive/texmf-dist/tex/generic/ltxcmds/ltxcmds.sty... 0.05 sec) 0.05 sec)
(Loading /usr/share/perl5/LaTeXML/Package/keyval.sty.ltxml...
(Processing definitions /usr/share/texlive/texmf-dist/tex/latex/graphics/keyval.sty... 0.01 sec) 0.01 sec)
(Loading /usr/share/perl5/LaTeXML/Package/kvsetkeys.sty.ltxml...
(Processing definitions /usr/share/texlive/texmf-dist/tex/latex/kvsetkeys/kvsetkeys.sty... 0.04 sec) 0.04 sec)
(Loading /usr/share/perl5/LaTeXML/Package/kvdefinekeys.sty.ltxml...
(Processing definitions /usr/share/texlive/texmf-dist/tex/generic/kvdefinekeys/kvdefinekeys.sty... 0.02 sec) 0.02 sec)
(Loading /usr/share/perl5/LaTeXML/Package/kvoptions.sty.ltxml...
(Processing definitions /usr/share/texlive/texmf-dist/tex/latex/kvoptions/kvoptions.sty... 0.08 sec) 0.08 sec)
(Loading /usr/share/perl5/LaTeXML/Package/nameref.sty.ltxml...
(Loading /usr/share/perl5/LaTeXML/Package/refcount.sty.ltxml...
(Processing definitions /usr/share/texlive/texmf-dist/tex/latex/refcount/refcount.sty...
(Loading /usr/share/perl5/LaTeXML/Package/infwarerr.sty.ltxml...
(Processing definitions /usr/share/texlive/texmf-dist/tex/generic/infwarerr/infwarerr.sty... 0.03 sec) 0.03 sec) 0.06 sec) 0.07 sec)
(Loading /usr/share/perl5/LaTeXML/Package/gettitlestring.sty.ltxml...
(Processing definitions /usr/share/texlive/texmf-dist/tex/generic/gettitlestring/gettitlestring.sty... 0.07 sec) 0.07 sec) 0.15 sec)
(Loading /usr/share/perl5/LaTeXML/Package/url.sty.ltxml... 0.00 sec)
(Loading /usr/share/perl5/LaTeXML/Package/bitset.sty.ltxml...
(Processing definitions /usr/share/texlive/texmf-dist/tex/generic/bitset/bitset.sty...
(Loading /usr/share/perl5/LaTeXML/Package/intcalc.sty.ltxml...
(Processing definitions /usr/share/texlive/texmf-dist/tex/generic/intcalc/intcalc.sty... 0.03 sec) 0.03 sec)
(Loading /usr/share/perl5/LaTeXML/Package/bigintcalc.sty.ltxml...
(Processing definitions /usr/share/texlive/texmf-dist/tex/generic/bigintcalc/bigintcalc.sty...
(Loading /usr/share/perl5/LaTeXML/Package/pdftexcmds.sty.ltxml...
(Loading /usr/share/perl5/LaTeXML/Package/iftex.sty.ltxml... 0.00 sec) 0.01 sec) 0.09 sec) 0.09 sec) 0.22 sec) 0.22 sec) 0.61 sec)
(Loading /usr/share/perl5/LaTeXML/Package/amsfonts.sty.ltxml... 0.00 sec)
(Loading /usr/share/perl5/LaTeXML/Package/amsmath.sty.ltxml...
(Loading /usr/share/perl5/LaTeXML/Package/amsbsy.sty.ltxml...
(Loading /usr/share/perl5/LaTeXML/Package/amsgen.sty.ltxml... 0.00 sec) 0.01 sec)
(Loading /usr/share/perl5/LaTeXML/Package/amstext.sty.ltxml... 0.00 sec)
(Loading /usr/share/perl5/LaTeXML/Package/amsopn.sty.ltxml... 0.01 sec) 0.05 sec)
(Loading /usr/share/perl5/LaTeXML/Package/amsthm.sty.ltxml... 0.01 sec)
Info:fallback:icml2022.sty Interpreted 2022 as a versioned package/class name, falling back to generic icml.sty
	at paper.tex; line 18 col 0 - line 18 col 1
(Loading /usr/share/perl5/LaTeXML/Package/icml.sty.ltxml...
(Loading /usr/share/perl5/LaTeXML/Package/icml_support.sty.ltxml...
(Loading /usr/share/perl5/LaTeXML/Package/times.sty.ltxml... 0.00 sec)
(Loading /usr/share/perl5/LaTeXML/Package/fancyhdr.sty.ltxml... 0.01 sec)
(Loading /usr/share/perl5/LaTeXML/Package/color.sty.ltxml... 0.01 sec)
(Loading /usr/share/perl5/LaTeXML/Package/algorithm.sty.ltxml...
(Processing definitions /home/miri/Documents/DataLit/arXiv_src_fetcher/ICLR_2023_first100/-z911HH4RFv/algorithm.sty...
Document Style `algorithm' - floating environment
(Loading /usr/share/perl5/LaTeXML/Package/float.sty.ltxml... 0.00 sec)
(Loading /usr/share/perl5/LaTeXML/Package/ifthen.sty.ltxml...
(Processing definitions /usr/share/texlive/texmf-dist/tex/latex/base/ifthen.sty... 0.02 sec) 0.02 sec) 0.05 sec) 0.06 sec)
(Loading /usr/share/perl5/LaTeXML/Package/algorithmic.sty.ltxml...
(Processing definitions /home/miri/Documents/DataLit/arXiv_src_fetcher/ICLR_2023_first100/-z911HH4RFv/algorithmic.sty...
Document Style `algorithmic' - environment
(Loading /usr/share/perl5/LaTeXML/Package/calc.sty.ltxml... 0.00 sec) 0.03 sec) 0.03 sec)
(Loading /usr/share/perl5/LaTeXML/Package/natbib.sty.ltxml... 0.01 sec) 0.15 sec) 0.16 sec)
Info:unexpected:options Unused global options: nohyperref
	at paper.tex; line 33 col 0 - line 33 col 16
 2.68 sec) 2.82 sec)
(Building...
(Loading compiled schema /usr/share/perl5/LaTeXML/resources/RelaxNG/LaTeXML.model... 0.01 sec) 1.87 sec)
(Rewriting... 0.02 sec)
(Math Parsing 167 formulae ...... 1.74 sec)
Math parsing succeeded:
   ltx:XMWrap: 52/52
   ltx:XMath: 167/167
   ltx:XMArg: 160/160
Symbols assumed as simple identifiers (with # of occurences):
   'L{caligraphic}' (26), 'L{italic}' (5), 'R{blackboard}' (1), 'S{italic}' (37), 'T{italic}' (4), 'X{italic}' (40), 'alpha' (4), 'a{italic}' (1), 'delta' (3), 'd{italic}' (24), 'eta' (2), 'e{italic}' (50), 'f{italic}' (11), 'g{italic}' (9), 'h{italic}' (22), 's{italic}' (13), 'theta' (11), 'v{italic}' (1), 'x{italic}' (6)
Set MATHPARSER_SPECULATE to speculate on possible notations.
(Finalizing... 0.12 sec)
Conversion complete: No obvious problems (reqd. 6.79s)
