latexml (LaTeXML version 0.8.8) processing main.tex
(Digesting TeX main...
(Loading /usr/share/perl5/LaTeXML/Package/TeX.pool.ltxml...
(Loading /usr/share/perl5/LaTeXML/Package/eTeX.pool.ltxml... 0.00 sec)
(Loading /usr/share/perl5/LaTeXML/Package/pdfTeX.pool.ltxml... 0.01 sec) 0.16 sec)
(Processing content /home/miri/Documents/DataLit/arXiv_src_fetcher/ICLR_2023_first100/-P7G-8dmSh4/main.tex...
(Loading /usr/share/perl5/LaTeXML/Package/LaTeX.pool.ltxml...
(Loading /usr/share/perl5/LaTeXML/Package/textcomp.sty.ltxml...
(Processing definitions /usr/share/texlive/texmf-dist/tex/latex/base/ts1enc.dfu... 0.02 sec) 0.09 sec) 0.32 sec)
(Loading /usr/share/perl5/LaTeXML/Package/article.cls.ltxml... 0.02 sec)
(Loading /usr/share/perl5/LaTeXML/Package/microtype.sty.ltxml... 0.00 sec)
(Loading /usr/share/perl5/LaTeXML/Package/graphicx.sty.ltxml...
(Loading /usr/share/perl5/LaTeXML/Package/graphics.sty.ltxml... 0.01 sec) 0.03 sec)
(Loading /usr/share/perl5/LaTeXML/Package/subfigure.sty.ltxml... 0.03 sec)
(Loading /usr/share/perl5/LaTeXML/Package/booktabs.sty.ltxml... 0.01 sec)
(Loading /usr/share/perl5/LaTeXML/Package/hyperref.sty.ltxml...
(Loading /usr/share/perl5/LaTeXML/Package/ltxcmds.sty.ltxml...
(Processing definitions /usr/share/texlive/texmf-dist/tex/generic/ltxcmds/ltxcmds.sty... 0.09 sec) 0.09 sec)
(Loading /usr/share/perl5/LaTeXML/Package/keyval.sty.ltxml...
(Processing definitions /usr/share/texlive/texmf-dist/tex/latex/graphics/keyval.sty... 0.01 sec) 0.01 sec)
(Loading /usr/share/perl5/LaTeXML/Package/kvsetkeys.sty.ltxml...
(Processing definitions /usr/share/texlive/texmf-dist/tex/latex/kvsetkeys/kvsetkeys.sty... 0.07 sec) 0.07 sec)
(Loading /usr/share/perl5/LaTeXML/Package/kvdefinekeys.sty.ltxml...
(Processing definitions /usr/share/texlive/texmf-dist/tex/generic/kvdefinekeys/kvdefinekeys.sty... 0.03 sec) 0.03 sec)
(Loading /usr/share/perl5/LaTeXML/Package/kvoptions.sty.ltxml...
(Processing definitions /usr/share/texlive/texmf-dist/tex/latex/kvoptions/kvoptions.sty... 0.16 sec) 0.16 sec)
(Loading /usr/share/perl5/LaTeXML/Package/nameref.sty.ltxml...
(Loading /usr/share/perl5/LaTeXML/Package/refcount.sty.ltxml...
(Processing definitions /usr/share/texlive/texmf-dist/tex/latex/refcount/refcount.sty...
(Loading /usr/share/perl5/LaTeXML/Package/infwarerr.sty.ltxml...
(Processing definitions /usr/share/texlive/texmf-dist/tex/generic/infwarerr/infwarerr.sty... 0.05 sec) 0.05 sec) 0.12 sec) 0.12 sec)
(Loading /usr/share/perl5/LaTeXML/Package/gettitlestring.sty.ltxml...
(Processing definitions /usr/share/texlive/texmf-dist/tex/generic/gettitlestring/gettitlestring.sty... 0.12 sec) 0.12 sec) 0.27 sec)
(Loading /usr/share/perl5/LaTeXML/Package/url.sty.ltxml... 0.01 sec)
(Loading /usr/share/perl5/LaTeXML/Package/bitset.sty.ltxml...
(Processing definitions /usr/share/texlive/texmf-dist/tex/generic/bitset/bitset.sty...
(Loading /usr/share/perl5/LaTeXML/Package/intcalc.sty.ltxml...
(Processing definitions /usr/share/texlive/texmf-dist/tex/generic/intcalc/intcalc.sty... 0.06 sec) 0.06 sec)
(Loading /usr/share/perl5/LaTeXML/Package/bigintcalc.sty.ltxml...
(Processing definitions /usr/share/texlive/texmf-dist/tex/generic/bigintcalc/bigintcalc.sty...
(Loading /usr/share/perl5/LaTeXML/Package/pdftexcmds.sty.ltxml...
(Loading /usr/share/perl5/LaTeXML/Package/iftex.sty.ltxml... 0.00 sec) 0.01 sec) 0.18 sec) 0.19 sec) 0.43 sec) 0.43 sec) 1.16 sec)
Info:fallback:icml2022.sty Interpreted 2022 as a versioned package/class name, falling back to generic icml.sty
	at main.tex; line 25 col 0 - line 25 col 1
(Loading /usr/share/perl5/LaTeXML/Package/icml.sty.ltxml...
(Loading /usr/share/perl5/LaTeXML/Package/icml_support.sty.ltxml...
(Loading /usr/share/perl5/LaTeXML/Package/times.sty.ltxml... 0.00 sec)
(Loading /usr/share/perl5/LaTeXML/Package/fancyhdr.sty.ltxml... 0.00 sec)
(Loading /usr/share/perl5/LaTeXML/Package/color.sty.ltxml... 0.01 sec)
(Loading /usr/share/perl5/LaTeXML/Package/algorithm.sty.ltxml...
(Processing definitions /home/miri/Documents/DataLit/arXiv_src_fetcher/ICLR_2023_first100/-P7G-8dmSh4/algorithm.sty...
Document Style `algorithm' - floating environment
(Loading /usr/share/perl5/LaTeXML/Package/float.sty.ltxml... 0.00 sec)
(Loading /usr/share/perl5/LaTeXML/Package/ifthen.sty.ltxml...
(Processing definitions /usr/share/texlive/texmf-dist/tex/latex/base/ifthen.sty... 0.02 sec) 0.02 sec) 0.06 sec) 0.06 sec)
(Loading /usr/share/perl5/LaTeXML/Package/algorithmic.sty.ltxml...
(Processing definitions /home/miri/Documents/DataLit/arXiv_src_fetcher/ICLR_2023_first100/-P7G-8dmSh4/algorithmic.sty...
Document Style `algorithmic' - environment
(Loading /usr/share/perl5/LaTeXML/Package/calc.sty.ltxml... 0.00 sec) 0.05 sec) 0.06 sec)
(Loading /usr/share/perl5/LaTeXML/Package/natbib.sty.ltxml... 0.03 sec) 0.21 sec) 0.22 sec)
(Loading /usr/share/perl5/LaTeXML/Package/amsmath.sty.ltxml...
(Loading /usr/share/perl5/LaTeXML/Package/amsbsy.sty.ltxml...
(Loading /usr/share/perl5/LaTeXML/Package/amsgen.sty.ltxml... 0.00 sec) 0.01 sec)
(Loading /usr/share/perl5/LaTeXML/Package/amstext.sty.ltxml... 0.01 sec)
(Loading /usr/share/perl5/LaTeXML/Package/amsopn.sty.ltxml... 0.01 sec) 0.09 sec)
(Loading /usr/share/perl5/LaTeXML/Package/amssymb.sty.ltxml...
(Loading /usr/share/perl5/LaTeXML/Package/amsfonts.sty.ltxml... 0.01 sec) 0.03 sec)
(Loading /usr/share/perl5/LaTeXML/Package/mathtools.sty.ltxml... 0.04 sec)
(Loading /usr/share/perl5/LaTeXML/Package/amsthm.sty.ltxml... 0.01 sec)
(Loading /usr/share/perl5/LaTeXML/Package/cleveref.sty.ltxml...
Warning:missing_file:cleveref Can't find package cleveref
	at cleveref.sty.ltxml; line 26
	Anticipate undefined macros or environments
	search paths are /home/miri/Documents/DataLit/arXiv_src_fetcher/ICLR_2023_first100/-P7G-8dmSh4
	In Core::Gullet[@0x5c7b8fd45308] /usr/share/perl5/LaTeXML/Package/cleveref.sty.ltxml; line 26
 0.03 sec)
(Loading /usr/share/perl5/LaTeXML/Package/inputenc.sty.ltxml...
(Loading /usr/share/perl5/LaTeXML/Package/utf8.def.ltxml... 0.01 sec) 0.02 sec)
(Loading /usr/share/perl5/LaTeXML/Package/fontenc.sty.ltxml...
(Loading /usr/share/perl5/LaTeXML/Package/t1enc.def.ltxml...
(Processing definitions /usr/share/texlive/texmf-dist/tex/latex/base/t1enc.def...
(Processing definitions /usr/share/texlive/texmf-dist/tex/latex/base/t1enc.dfu... 0.05 sec)
(Loading /usr/share/perl5/LaTeXML/Package/t1.fontmap.ltxml... 0.00 sec) 0.12 sec) 0.12 sec) 0.13 sec)
(Loading /usr/share/perl5/LaTeXML/Package/nicefrac.sty.ltxml... 0.02 sec)
(Loading /usr/share/perl5/LaTeXML/Package/xcolor.sty.ltxml... 0.06 sec)
(Loading /usr/share/perl5/LaTeXML/Package/listings.sty.ltxml...
Warning:missing_file:listings Can't find configuration listings
	at listings.sty.ltxml; line 1602
	Anticipate undefined macros or environments
	In Core::Gullet[@0x5c7b8fd45308] /usr/share/perl5/LaTeXML/Package/listings.sty.ltxml; line 1602
Error:undefined:\lstlanguagefiles The token T_CS[\lstlanguagefiles] is not defined.
	at listings.sty.ltxml; line 1603
	Defining it now as <ltx:ERROR/>
	Input is empty
	In Core::Gullet[@0x5c7b8fd45308] /usr/share/perl5/LaTeXML/Package/listings.sty.ltxml; line 1603
	 <= Core::Stomach[@0x5c7b921caf08] <= Core::Gullet[@0x5c7b8fd45308] <= Core::Definition::Constructor[\usepac... <= ...
 0.11 sec)
(Loading /usr/share/perl5/LaTeXML/Package/todonotes.sty.ltxml...
(Loading /usr/share/perl5/LaTeXML/Package/xkeyval.sty.ltxml... 0.01 sec)
(Loading /usr/share/perl5/LaTeXML/Package/tikz.sty.ltxml...
Warning:missing_file:tikz Can't find package tikz
	at tikz.sty.ltxml; line 24
	Anticipate undefined macros or environments
	In Core::Gullet[@0x5c7b8fd45308] /usr/share/perl5/LaTeXML/Package/tikz.sty.ltxml; line 24
 0.02 sec)
Info:unexpected:textsize=tiny Unexpected option 'textsize=tiny' passed to todonotes.sty
	at todonotes.sty.ltxml; line 46
 0.08 sec)
Info:unexpected:options Unused global options: nohyperref
	at main.tex; line 101 col 0 - line 101 col 16
 6.18 sec) 6.42 sec)
(Building...
(Loading compiled schema /usr/share/perl5/LaTeXML/resources/RelaxNG/LaTeXML.model... 0.01 sec) 3.58 sec)
(Rewriting... 0.05 sec)
(Math Parsing 312 formulae ......
Warning:not_parsed:UNKNOWN.UNKNOWN.UNKNOWN>OPEN MathParser failed to match rule 'Anything'
	at main.tex; line 548 col 415 - line 548 col 455
	In "$log(\cdot),log(1/\cdot),sqrt(\cdot)$"
	l[[UNKNOWN]] o[[UNKNOWN]] g[[UNKNOWN]] ([[OPEN]] ⋅[[MULOP]] )[[CLOSE]] ,[[PUNCT]] l[[UNKNOWN]] o[[UNKNOWN]] g[[UNKNOWN]]
	        > ([[OPEN]] 1[[NUMBER]] /[[MULOP]] ⋅[[MULOP]] )[[CLOSE]] ,[[PUNCT]] s[[UNKNOWN]] q[[UNKNOWN]] r[[UNKNOWN]] t[[UNKNOWN]] ([[OPEN]] ⋅[[MULOP]] )[[CLOSE]]
 1.71 sec)
Math parsing succeeded:
   ltx:XMWrap: 1/1
   ltx:XMArg: 209/209
   ltx:XMath: 311/312
Symbols assumed as simple identifiers (with # of occurences):
   '#' (1), '@' (2), 'A{italic}' (7), 'B{italic}' (10), 'C{italic}' (2), 'D{italic}' (6), 'N{blackboard}' (1), 'N{italic}' (32), 'R{blackboard}' (2), 'St{italic}' (1), 'S{italic}' (13), '_' (3), 'a{italic}' (56), 'b{italic}' (22), 'c{italic}' (15), 'd{italic}' (8), 'e{italic}' (11), 'f{italic}' (3), 'g{italic}' (15), 'i{italic}' (8), 'k{italic}' (13), 'l{italic}' (6), 'm{italic}' (2), 'n{italic}' (16), 'o{italic}' (6), 'p{italic}' (8), 'q{italic}' (2), 'r{italic}' (3), 's{italic}' (11), 'theta' (74), 't{italic}' (19), 'v{italic}' (3), 'x{italic}' (28), 'y{italic}' (16), 'z{italic}' (7)
Set MATHPARSER_SPECULATE to speculate on possible notations.
(Finalizing... 0.20 sec)
Conversion complete: 4 warnings; 1 error; 1 undefined macro[\lstlanguagefiles]; 3 missing files[cleveref.sty, listings.cfg, tikz.sty] (See parsed.log) (reqd. 12.22s)
