latexml (LaTeXML version 0.8.8) processing iclr2023_conference.tex
(Digesting TeX iclr2023_conference...
(Loading /usr/share/perl5/LaTeXML/Package/TeX.pool.ltxml...
(Loading /usr/share/perl5/LaTeXML/Package/eTeX.pool.ltxml... 0.00 sec)
(Loading /usr/share/perl5/LaTeXML/Package/pdfTeX.pool.ltxml... 0.00 sec) 0.10 sec)
(Processing content /home/miri/Documents/university/DataLit/arXiv_src_fetcher/ICLR_2023_first100/-H7FPruqEX/iclr2023_conference.tex...
(Loading /usr/share/perl5/LaTeXML/Package/LaTeX.pool.ltxml...
(Loading /usr/share/perl5/LaTeXML/Package/textcomp.sty.ltxml...
(Processing definitions /usr/share/texlive/texmf-dist/tex/latex/base/ts1enc.dfu... 0.01 sec) 0.22 sec) 0.38 sec)
(Loading /usr/share/perl5/LaTeXML/Package/article.cls.ltxml... 0.01 sec)
Warning:missing_file:iclr2023_conference Can't find binding for package iclr2023_conference
	at iclr2023_conference.tex; line 4 col 0 - line 4 col 1
	Anticipate undefined macros or environments
	search paths are /home/miri/Documents/university/DataLit/arXiv_src_fetcher/ICLR_2023_first100/-H7FPruqEX
	In Core::Definition::Constructor[\usepac... /usr/share/perl5/LaTeXML/Package/LaTeX.pool.ltxml; line 879
Info:dependencies:dependencies Loading dependencies for /home/miri/Documents/university/DataLit/arXiv_src_fetcher/ICLR_2023_first100/-H7FPruqEX/iclr2023_conference.sty: fancyhdr,natbib,eso-pic
	at iclr2023_conference.tex; line 4 col 0 - line 4 col 1
(Loading /usr/share/perl5/LaTeXML/Package/fancyhdr.sty.ltxml... 0.00 sec)
(Loading /usr/share/perl5/LaTeXML/Package/natbib.sty.ltxml... 0.01 sec)
(Loading /usr/share/perl5/LaTeXML/Package/times.sty.ltxml... 0.00 sec)
(Processing content /home/miri/Documents/university/DataLit/arXiv_src_fetcher/ICLR_2023_first100/-H7FPruqEX/math_commands.tex...
(Loading /usr/share/perl5/LaTeXML/Package/amsmath.sty.ltxml...
(Loading /usr/share/perl5/LaTeXML/Package/amsbsy.sty.ltxml...
(Loading /usr/share/perl5/LaTeXML/Package/amsgen.sty.ltxml... 0.00 sec) 0.01 sec)
(Loading /usr/share/perl5/LaTeXML/Package/amstext.sty.ltxml... 0.00 sec)
(Loading /usr/share/perl5/LaTeXML/Package/amsopn.sty.ltxml... 0.01 sec) 0.05 sec)
(Loading /usr/share/perl5/LaTeXML/Package/amsfonts.sty.ltxml... 0.00 sec)
(Loading /usr/share/perl5/LaTeXML/Package/bm.sty.ltxml... 0.00 sec) 0.12 sec)
(Loading /usr/share/perl5/LaTeXML/Package/hyperref.sty.ltxml...
(Loading /usr/share/perl5/LaTeXML/Package/ltxcmds.sty.ltxml...
(Processing definitions /usr/share/texlive/texmf-dist/tex/generic/ltxcmds/ltxcmds.sty... 0.06 sec) 0.06 sec)
(Loading /usr/share/perl5/LaTeXML/Package/keyval.sty.ltxml...
(Processing definitions /usr/share/texlive/texmf-dist/tex/latex/graphics/keyval.sty... 0.01 sec) 0.01 sec)
(Loading /usr/share/perl5/LaTeXML/Package/kvsetkeys.sty.ltxml...
(Processing definitions /usr/share/texlive/texmf-dist/tex/latex/kvsetkeys/kvsetkeys.sty... 0.05 sec) 0.05 sec)
(Loading /usr/share/perl5/LaTeXML/Package/kvdefinekeys.sty.ltxml...
(Processing definitions /usr/share/texlive/texmf-dist/tex/generic/kvdefinekeys/kvdefinekeys.sty... 0.02 sec) 0.02 sec)
(Loading /usr/share/perl5/LaTeXML/Package/kvoptions.sty.ltxml...
(Processing definitions /usr/share/texlive/texmf-dist/tex/latex/kvoptions/kvoptions.sty... 0.10 sec) 0.10 sec)
(Loading /usr/share/perl5/LaTeXML/Package/nameref.sty.ltxml...
(Loading /usr/share/perl5/LaTeXML/Package/refcount.sty.ltxml...
(Processing definitions /usr/share/texlive/texmf-dist/tex/latex/refcount/refcount.sty...
(Loading /usr/share/perl5/LaTeXML/Package/infwarerr.sty.ltxml...
(Processing definitions /usr/share/texlive/texmf-dist/tex/generic/infwarerr/infwarerr.sty... 0.03 sec) 0.03 sec) 0.08 sec) 0.08 sec)
(Loading /usr/share/perl5/LaTeXML/Package/gettitlestring.sty.ltxml...
(Processing definitions /usr/share/texlive/texmf-dist/tex/generic/gettitlestring/gettitlestring.sty... 0.09 sec) 0.09 sec) 0.18 sec)
(Loading /usr/share/perl5/LaTeXML/Package/url.sty.ltxml... 0.00 sec)
(Loading /usr/share/perl5/LaTeXML/Package/bitset.sty.ltxml...
(Processing definitions /usr/share/texlive/texmf-dist/tex/generic/bitset/bitset.sty...
(Loading /usr/share/perl5/LaTeXML/Package/intcalc.sty.ltxml...
(Processing definitions /usr/share/texlive/texmf-dist/tex/generic/intcalc/intcalc.sty... 0.04 sec) 0.04 sec)
(Loading /usr/share/perl5/LaTeXML/Package/bigintcalc.sty.ltxml...
(Processing definitions /usr/share/texlive/texmf-dist/tex/generic/bigintcalc/bigintcalc.sty...
(Loading /usr/share/perl5/LaTeXML/Package/pdftexcmds.sty.ltxml...
(Loading /usr/share/perl5/LaTeXML/Package/iftex.sty.ltxml... 0.00 sec) 0.01 sec) 0.12 sec) 0.12 sec) 0.28 sec) 0.28 sec) 0.76 sec)
(Loading /usr/share/perl5/LaTeXML/Package/microtype.sty.ltxml... 0.00 sec)
(Loading /usr/share/perl5/LaTeXML/Package/graphicx.sty.ltxml...
(Loading /usr/share/perl5/LaTeXML/Package/graphics.sty.ltxml... 0.00 sec) 0.02 sec)
(Loading /usr/share/perl5/LaTeXML/Package/booktabs.sty.ltxml... 0.00 sec)
(Loading /usr/share/perl5/LaTeXML/Package/listings.sty.ltxml...
(Processing definitions /usr/share/texlive/texmf-dist/tex/latex/listings/listings.cfg... 0.01 sec) 0.06 sec)
(Loading /usr/share/perl5/LaTeXML/Package/subcaption.sty.ltxml...
(Loading /usr/share/perl5/LaTeXML/Package/caption.sty.ltxml... 0.01 sec) 0.01 sec)
(Loading /usr/share/perl5/LaTeXML/Package/sidecap.sty.ltxml...
(Loading /usr/share/perl5/LaTeXML/Package/ifthen.sty.ltxml...
(Processing definitions /usr/share/texlive/texmf-dist/tex/latex/base/ifthen.sty... 0.01 sec) 0.01 sec) 0.02 sec)
(Loading /usr/share/perl5/LaTeXML/Package/xcolor.sty.ltxml...
(Loading /usr/share/perl5/LaTeXML/Package/color.sty.ltxml... 0.01 sec) 0.04 sec)
(Loading /usr/share/perl5/LaTeXML/Package/adjustbox.sty.ltxml...
(Processing definitions /usr/share/texlive/texmf-dist/tex/latex/adjustbox/adjustbox.sty...
(Loading /usr/share/perl5/LaTeXML/Package/xkeyval.sty.ltxml... 0.01 sec)
(Processing definitions /usr/share/texlive/texmf-dist/tex/latex/adjustbox/adjcalc.sty... 0.03 sec)
(Processing definitions /usr/share/texlive/texmf-dist/tex/latex/adjustbox/trimclip.sty...
(Processing definitions /usr/share/texlive/texmf-dist/tex/latex/collectbox/collectbox.sty... 0.02 sec)
(Processing definitions /usr/share/texlive/texmf-dist/tex/latex/adjustbox/tc-pgf.def...
(Loading /usr/share/perl5/LaTeXML/Package/pgf.sty.ltxml...
(Processing definitions /usr/share/texlive/texmf-dist/tex/latex/pgf/basiclayer/pgf.sty...
(Processing definitions /usr/share/texlive/texmf-dist/tex/latex/pgf/utilities/pgfrcs.sty...
(Loading /usr/share/perl5/LaTeXML/Package/pgfutil-common.tex.ltxml...
(Processing definitions /usr/share/texlive/texmf-dist/tex/generic/pgf/utilities/pgfutil-common.tex... 0.06 sec) 0.06 sec)
(Processing definitions /usr/share/texlive/texmf-dist/tex/generic/pgf/utilities/pgfutil-latex.def...
(Processing definitions /usr/share/texlive/texmf-dist/tex/latex/everyshi/everyshi.sty...
(Processing definitions /usr/share/texlive/texmf-dist/tex/latex/everyshi/everyshi-2001-05-15.sty... 0.01 sec) 0.04 sec) 0.08 sec)
(Processing definitions /usr/share/texlive/texmf-dist/tex/generic/pgf/utilities/pgfrcs.code.tex...
(Processing definitions /usr/share/texlive/texmf-dist/tex/generic/pgf/pgf.revision.tex... 0.00 sec) 0.01 sec) 0.18 sec)
(Processing definitions /usr/share/texlive/texmf-dist/tex/latex/pgf/basiclayer/pgfcore.sty...
(Processing definitions /usr/share/texlive/texmf-dist/tex/latex/pgf/systemlayer/pgfsys.sty...
(Processing definitions /usr/share/texlive/texmf-dist/tex/generic/pgf/systemlayer/pgfsys.code.tex...
(Loading /usr/share/perl5/LaTeXML/Package/pgfkeys.code.tex.ltxml...
(Processing definitions /usr/share/texlive/texmf-dist/tex/generic/pgf/utilities/pgfkeys.code.tex...
(Processing definitions /usr/share/texlive/texmf-dist/tex/generic/pgf/utilities/pgfkeyslibraryfiltered.code.tex... 0.23 sec) 0.63 sec) 0.63 sec)
(Processing definitions /usr/share/texlive/texmf-dist/tex/generic/pgf/systemlayer/pgf.cfg... 0.00 sec)
Driver file for pgf: pgfsys-latexml.def
(Loading /usr/share/perl5/LaTeXML/Package/pgfsys-latexml.def.ltxml... 0.02 sec) 0.83 sec)
(Processing definitions /usr/share/texlive/texmf-dist/tex/generic/pgf/systemlayer/pgfsyssoftpath.code.tex... 0.02 sec)
(Processing definitions /usr/share/texlive/texmf-dist/tex/generic/pgf/systemlayer/pgfsysprotocol.code.tex... 0.00 sec) 0.86 sec)
(Processing definitions /usr/share/texlive/texmf-dist/tex/generic/pgf/basiclayer/pgfcore.code.tex...
(Loading /usr/share/perl5/LaTeXML/Package/pgfmath.code.tex.ltxml...
(Processing definitions /usr/share/texlive/texmf-dist/tex/generic/pgf/math/pgfmath.code.tex...
(Processing definitions /usr/share/texlive/texmf-dist/tex/generic/pgf/math/pgfmathutil.code.tex... 0.04 sec)
(Processing definitions /usr/share/texlive/texmf-dist/tex/generic/pgf/math/pgfmathparser.code.tex... 0.16 sec)
(Processing definitions /usr/share/texlive/texmf-dist/tex/generic/pgf/math/pgfmathfunctions.code.tex... 0.09 sec)
(Processing definitions /usr/share/texlive/texmf-dist/tex/generic/pgf/math/pgfmathfunctions.basic.code.tex... 0.18 sec)
(Processing definitions /usr/share/texlive/texmf-dist/tex/generic/pgf/math/pgfmathfunctions.trigonometric.code.tex... 0.66 sec)
(Processing definitions /usr/share/texlive/texmf-dist/tex/generic/pgf/math/pgfmathfunctions.random.code.tex... 0.03 sec)
(Processing definitions /usr/share/texlive/texmf-dist/tex/generic/pgf/math/pgfmathfunctions.comparison.code.tex... 0.12 sec)
(Processing definitions /usr/share/texlive/texmf-dist/tex/generic/pgf/math/pgfmathfunctions.base.code.tex... 0.07 sec)
(Processing definitions /usr/share/texlive/texmf-dist/tex/generic/pgf/math/pgfmathfunctions.round.code.tex... 0.03 sec)
(Processing definitions /usr/share/texlive/texmf-dist/tex/generic/pgf/math/pgfmathfunctions.misc.code.tex... 0.09 sec)
(Processing definitions /usr/share/texlive/texmf-dist/tex/generic/pgf/math/pgfmathfunctions.integerarithmetics.code.tex... 0.03 sec)
(Loading /usr/share/perl5/LaTeXML/Package/pgfmathcalc.code.tex.ltxml...
(Processing definitions /usr/share/texlive/texmf-dist/tex/generic/pgf/math/pgfmathcalc.code.tex... 0.03 sec) 0.03 sec)
(Processing definitions /usr/share/texlive/texmf-dist/tex/generic/pgf/math/pgfmathfloat.code.tex... 0.90 sec) 2.45 sec) 2.46 sec)
(Processing definitions /usr/share/texlive/texmf-dist/tex/generic/pgf/math/pgfint.code.tex... 0.01 sec)
(Processing definitions /usr/share/texlive/texmf-dist/tex/generic/pgf/basiclayer/pgfcorepoints.code.tex... 0.09 sec)
(Processing definitions /usr/share/texlive/texmf-dist/tex/generic/pgf/basiclayer/pgfcorepathconstruct.code.tex... 0.10 sec)
(Processing definitions /usr/share/texlive/texmf-dist/tex/generic/pgf/basiclayer/pgfcorepathusage.code.tex... 0.15 sec)
(Processing definitions /usr/share/texlive/texmf-dist/tex/generic/pgf/basiclayer/pgfcorescopes.code.tex... 0.15 sec)
(Processing definitions /usr/share/texlive/texmf-dist/tex/generic/pgf/basiclayer/pgfcoregraphicstate.code.tex... 0.02 sec)
(Processing definitions /usr/share/texlive/texmf-dist/tex/generic/pgf/basiclayer/pgfcoretransformations.code.tex... 0.04 sec)
(Processing definitions /usr/share/texlive/texmf-dist/tex/generic/pgf/basiclayer/pgfcorequick.code.tex... 0.01 sec)
(Processing definitions /usr/share/texlive/texmf-dist/tex/generic/pgf/basiclayer/pgfcoreobjects.code.tex... 0.00 sec)
(Processing definitions /usr/share/texlive/texmf-dist/tex/generic/pgf/basiclayer/pgfcorepathprocessing.code.tex... 0.03 sec)
(Processing definitions /usr/share/texlive/texmf-dist/tex/generic/pgf/basiclayer/pgfcorearrows.code.tex... 0.99 sec)
(Processing definitions /usr/share/texlive/texmf-dist/tex/generic/pgf/basiclayer/pgfcoreshade.code.tex... 0.07 sec)
(Processing definitions /usr/share/texlive/texmf-dist/tex/generic/pgf/basiclayer/pgfcoreimage.code.tex... 0.10 sec)
(Processing definitions /usr/share/texlive/texmf-dist/tex/generic/pgf/basiclayer/pgfcoreexternal.code.tex... 0.09 sec)
(Processing definitions /usr/share/texlive/texmf-dist/tex/generic/pgf/basiclayer/pgfcorelayers.code.tex... 0.01 sec)
(Processing definitions /usr/share/texlive/texmf-dist/tex/generic/pgf/basiclayer/pgfcoretransparency.code.tex... 0.06 sec)
(Processing definitions /usr/share/texlive/texmf-dist/tex/generic/pgf/basiclayer/pgfcorepatterns.code.tex... 0.02 sec)
(Processing definitions /usr/share/texlive/texmf-dist/tex/generic/pgf/basiclayer/pgfcorerdf.code.tex... 0.01 sec) 4.43 sec) 5.32 sec)
(Processing definitions /usr/share/texlive/texmf-dist/tex/generic/pgf/modules/pgfmoduleshapes.code.tex... 0.20 sec)
(Processing definitions /usr/share/texlive/texmf-dist/tex/generic/pgf/modules/pgfmoduleplot.code.tex... 0.20 sec)
(Processing definitions /usr/share/texlive/texmf-dist/tex/latex/pgf/compatibility/pgfcomp-version-0-65.sty... 0.18 sec)
(Processing definitions /usr/share/texlive/texmf-dist/tex/latex/pgf/compatibility/pgfcomp-version-1-18.sty... 0.01 sec) 6.13 sec) 6.13 sec) 6.15 sec)
Info:latex:(trimclip)  Package trimclip Info: No clipping driver 'tc-' available.
	at trimclip.sty; line 259 col 0 - line 259 col 1
	Using fall-back PGF driver.        
 6.27 sec)
(Processing definitions /usr/share/texlive/texmf-dist/tex/latex/ifoddpage/ifoddpage.sty... 0.00 sec)
(Loading /usr/share/perl5/LaTeXML/Package/varwidth.sty.ltxml... 0.00 sec) 6.59 sec) 6.59 sec)
Error:undefined:\iclrfinalcopy The token T_CS[\iclrfinalcopy] is not defined.
	at iclr2023_conference.tex; line 44 col 0 - line 44 col 14
	Defining it now as <ltx:ERROR/>
	Next token is T_CS[\par] ( == Core::Definition::Constructor[\par])
	In Core::Gullet[@0x584029dea978] /home/miri/Documents/university/DataLit/arXiv_src_fetcher/ICLR_2023_first100/-H7FPruqEX/iclr2023_conference.tex; from line 45 col 0 to line 45 col 1
	 <= Core::Stomach[@0x584029da71e0] <= ...
(Loading /usr/share/perl5/LaTeXML/Package/amssymb.sty.ltxml... 0.01 sec)
(Loading /usr/share/perl5/LaTeXML/Package/mathtools.sty.ltxml...
(Loading /usr/share/perl5/LaTeXML/Package/calc.sty.ltxml... 0.00 sec) 0.03 sec)
(Loading /usr/share/perl5/LaTeXML/Package/amsthm.sty.ltxml... 0.01 sec)
(Loading /usr/share/perl5/LaTeXML/Package/multirow.sty.ltxml... 0.00 sec)
(Loading /usr/share/perl5/LaTeXML/Package/cleveref.sty.ltxml...
(Processing definitions /usr/share/texlive/texmf-dist/tex/latex/cleveref/cleveref.sty...
Info:latex:(cleveref)  Package cleveref Info: `hyperref' support loaded        
	at cleveref.sty; line 2370 col 1 - line 2370 col 1
Info:latex:(cleveref)  Package cleveref Info: `amsthm' support loaded        
	at cleveref.sty; line 3026 col 3 - line 3026 col 3
Info:latex:(cleveref)  Package cleveref Info: `listings' support loaded        
	at cleveref.sty; line 3131 col 5 - line 3131 col 5
Info:latex:(cleveref)  Package cleveref Info: always capitalise cross-reference names        
	at cleveref.sty; line 7852 col 22 - line 7852 col 22
Info:latex:(cleveref)  Package cleveref Info: no abbreviation of names        
	at cleveref.sty; line 7852 col 22 - line 7852 col 22
 0.94 sec) 0.95 sec)
(Loading /usr/share/perl5/LaTeXML/Package/comment.sty.ltxml... 0.00 sec)
(Loading /usr/share/perl5/LaTeXML/Package/inputenc.sty.ltxml...
(Loading /usr/share/perl5/LaTeXML/Package/utf8.def.ltxml... 0.00 sec) 0.01 sec)
(Loading /usr/share/perl5/LaTeXML/Package/fontenc.sty.ltxml...
(Loading /usr/share/perl5/LaTeXML/Package/t1enc.def.ltxml...
(Processing definitions /usr/share/texlive/texmf-dist/tex/latex/base/t1enc.def...
(Processing definitions /usr/share/texlive/texmf-dist/tex/latex/base/t1enc.dfu... 0.04 sec)
(Loading /usr/share/perl5/LaTeXML/Package/t1.fontmap.ltxml... 0.00 sec) 0.09 sec) 0.09 sec) 0.10 sec)
(Loading /usr/share/perl5/LaTeXML/Package/nicefrac.sty.ltxml... 0.01 sec)
(Loading /usr/share/perl5/LaTeXML/Package/appendix.sty.ltxml... 0.00 sec)
(Loading /usr/share/perl5/LaTeXML/Package/geometry.sty.ltxml...
(Loading /usr/share/perl5/LaTeXML/Package/ifpdf.sty.ltxml... 0.00 sec)
(Loading /usr/share/perl5/LaTeXML/Package/ifvtex.sty.ltxml... 0.01 sec)
(Loading /usr/share/perl5/LaTeXML/Package/ifxetex.sty.ltxml... 0.00 sec) 0.04 sec)
(Loading /usr/share/perl5/LaTeXML/Package/svg.sty.ltxml...
(Loading /usr/share/perl5/LaTeXML/Package/subfig.sty.ltxml... 0.00 sec)
(Loading /usr/share/perl5/LaTeXML/Package/transparent.sty.ltxml... 0.00 sec)
(Loading /usr/share/perl5/LaTeXML/Package/import.sty.ltxml... 0.00 sec) 0.05 sec)
(Loading /usr/share/perl5/LaTeXML/Package/mathrsfs.sty.ltxml... 0.00 sec)
(Loading /usr/share/perl5/LaTeXML/Package/algorithm.sty.ltxml...
(Processing definitions /home/miri/Documents/university/DataLit/arXiv_src_fetcher/ICLR_2023_first100/-H7FPruqEX/algorithm.sty...
Document Style `algorithm' - floating environment
(Loading /usr/share/perl5/LaTeXML/Package/float.sty.ltxml... 0.00 sec) 0.04 sec) 0.04 sec)
(Loading /usr/share/perl5/LaTeXML/Package/algorithmicx.sty.ltxml...
(Processing definitions /usr/share/texlive/texmf-dist/tex/latex/algorithmicx/algorithmicx.sty...
Document Style algorithmicx 1.2 - a greatly improved `algorithmic' style
 0.16 sec) 0.16 sec)
(Loading /usr/share/perl5/LaTeXML/Package/algpseudocode.sty.ltxml...
(Processing definitions /usr/share/texlive/texmf-dist/tex/latex/algorithmicx/algpseudocode.sty...
Document Style - pseudocode environments for use with the `algorithmicx' style
 0.83 sec) 0.83 sec)
(Loading /usr/share/perl5/LaTeXML/Package/ulem.sty.ltxml... 0.00 sec)
(Loading /usr/share/perl5/LaTeXML/Package/enumitem.sty.ltxml... 0.01 sec)
(Loading /usr/share/perl5/LaTeXML/Package/todonotes.sty.ltxml...
(Loading /usr/share/perl5/LaTeXML/Package/tikz.sty.ltxml...
(Processing definitions /usr/share/texlive/texmf-dist/tex/latex/pgf/frontendlayer/tikz.sty...
(Processing definitions /usr/share/texlive/texmf-dist/tex/latex/pgf/utilities/pgffor.sty...
(Processing definitions /usr/share/texlive/texmf-dist/tex/latex/pgf/utilities/pgfkeys.sty... 0.00 sec)
(Processing definitions /usr/share/texlive/texmf-dist/tex/latex/pgf/math/pgfmath.sty... 0.02 sec)
(Processing definitions /usr/share/texlive/texmf-dist/tex/generic/pgf/utilities/pgffor.code.tex... 0.14 sec) 0.18 sec)
(Processing definitions /usr/share/texlive/texmf-dist/tex/generic/pgf/frontendlayer/tikz/tikz.code.tex...
(Processing definitions /usr/share/texlive/texmf-dist/tex/generic/pgf/libraries/pgflibraryplothandlers.code.tex... 0.11 sec)
(Processing definitions /usr/share/texlive/texmf-dist/tex/generic/pgf/modules/pgfmodulematrix.code.tex... 0.04 sec)
(Processing definitions /usr/share/texlive/texmf-dist/tex/generic/pgf/frontendlayer/tikz/libraries/tikzlibrarytopaths.code.tex... 0.15 sec) 2.68 sec) 2.88 sec) 2.88 sec)
Info:unexpected:textsize=tiny Unexpected option 'textsize=tiny' passed to todonotes.sty
	at todonotes.sty.ltxml; line 46
 2.92 sec)
ABD: EveryShipout initializing macros
(Processing content /home/miri/Documents/university/DataLit/arXiv_src_fetcher/ICLR_2023_first100/-H7FPruqEX/body/abstract.tex... 0.02 sec)
(Processing content /home/miri/Documents/university/DataLit/arXiv_src_fetcher/ICLR_2023_first100/-H7FPruqEX/body/introduction.tex... 0.16 sec)
(Processing content /home/miri/Documents/university/DataLit/arXiv_src_fetcher/ICLR_2023_first100/-H7FPruqEX/body/background.tex... 0.20 sec)
(Processing content /home/miri/Documents/university/DataLit/arXiv_src_fetcher/ICLR_2023_first100/-H7FPruqEX/body/mainbody.tex... 1.56 sec)
(Processing content /home/miri/Documents/university/DataLit/arXiv_src_fetcher/ICLR_2023_first100/-H7FPruqEX/body/experiments.tex... 0.61 sec)
(Processing content /home/miri/Documents/university/DataLit/arXiv_src_fetcher/ICLR_2023_first100/-H7FPruqEX/body/relatedworks.tex... 0.13 sec)
(Processing content /home/miri/Documents/university/DataLit/arXiv_src_fetcher/ICLR_2023_first100/-H7FPruqEX/body/appendix.tex... 3.80 sec) 22.24 sec) 22.40 sec)
(Building...
(Loading compiled schema /usr/share/perl5/LaTeXML/resources/RelaxNG/LaTeXML.model... 0.01 sec) 10.15 sec)
(Rewriting... 0.20 sec)
(Math Parsing 609 formulae ......
Warning:not_parsed:UNKNOWN.PUNCT.UNKNOWN>RELOP MathParser failed to match rule 'Anything'
	at mainbody.tex; line 56 col 9 - line 56 col 15
	In "$<x,y>$"
	<[[RELOP]] x[[UNKNOWN]] ,[[PUNCT]] y[[UNKNOWN]]
	        > >[[RELOP]]
Warning:not_parsed:UNKNOWN.POSTSUBSCRIPT.CLOSE>RELOP MathParser failed to match rule 'Anything'
	at mainbody.tex; line 59 col 0 - line 61 col 14
	In "\begin{equation}\beta\overset{def}{=}<\mathbb{E}_{\pi}[(Q^{\pi}-Q_{\theta})%
	\nabla_{\theta}Q_{\theta}],\,\mathbb{E}_{\pi}[(Q^{\pi}-V_{\theta})\nabla_{%
	\theta}\log\pi_{\theta}]>.\end{equation}"
	β[[UNKNOWN]] \overset{def}{=}[[UNKNOWN]] <[[RELOP]] E[[UNKNOWN]] _{\pi}[[POSTSUBSCRIPT]] [[[OPEN]] ([[OPEN]] Q[[UNKNOWN]] ^{\pi}[[POSTSUPERSCRIPT]] -[[ADDOP]] Q[[UNKNOWN]] _{\theta}[[POSTSUBSCRIPT]] )[[CLOSE]] ∇[[OPERATOR]] _{\theta}[[POSTSUBSCRIPT]] Q[[UNKNOWN]] _{\theta}[[POSTSUBSCRIPT]] ][[CLOSE]] ,[[PUNCT]] E[[UNKNOWN]] _{\pi}[[POSTSUBSCRIPT]] [[[OPEN]] ([[OPEN]] Q[[UNKNOWN]] ^{\pi}[[POSTSUPERSCRIPT]] -[[ADDOP]] V[[UNKNOWN]] _{\theta}[[POSTSUBSCRIPT]] )[[CLOSE]] ∇[[OPERATOR]] _{\theta}[[POSTSUBSCRIPT]] log[[OPFUNCTION]] π[[UNKNOWN]] _{\theta}[[POSTSUBSCRIPT]] ][[CLOSE]]
	        > >[[RELOP]]
Warning:not_parsed:ATOM.UNKNOWN.POSTSUBSCRIPT>OPEN MathParser failed to match rule 'Anything'
	at mainbody.tex; line 97 col 0 - line 99 col 14
	In "\begin{equation}\chi\overset{def}{=}\mathbb{E}_{\pi}[\cos<\nabla_{\theta}Q_{%
	\theta},\nabla_{\theta}\log\pi_{\theta}>].\end{equation}"
	χ[[UNKNOWN]] \overset{def}{=}[[UNKNOWN]] E[[UNKNOWN]] _{\pi}[[POSTSUBSCRIPT]]
	        > [[[OPEN]] cos[[TRIGFUNCTION]] <[[RELOP]] ∇[[OPERATOR]] _{\theta}[[POSTSUBSCRIPT]] Q[[UNKNOWN]] _{\theta}[[POSTSUBSCRIPT]] ,[[PUNCT]] ∇[[OPERATOR]] _{\theta}[[POSTSUBSCRIPT]] log[[OPFUNCTION]] π[[UNKNOWN]] _{\theta}[[POSTSUBSCRIPT]] >[[RELOP]] ][[CLOSE]]
Warning:not_parsed:UNKNOWN.POSTSUBSCRIPT>OPEN MathParser failed to match rule 'Anything'
	at mainbody.tex; line 251 col 12 - line 251 col 12
	In "\begin{equation}\left\{\begin{aligned} &\pi_{\theta}(\cdot|s)=\text{softmax}(A%
	_{\theta}(s,\cdot)/\tau),\\
	&\bar{A}_{\theta}(s,a)=A_{\theta}(s,a)-\sum_{a^{\prime}}sg(\pi_{\theta}(a^{%
	\prime}|s))A_{\theta}(s,a^{\prime}),\\
	&Q_{\theta}(s,a)=\bar{A}_{\theta}(s,a)+sg(V_{\theta}(s)).\end{aligned}\right.\end{equation}"
	π[[UNKNOWN]] _{\theta}[[POSTSUBSCRIPT]]
	        > ([[OPEN]] ⋅[[MULOP]] |[[VERTBAR]] s[[UNKNOWN]] )[[CLOSE]] =[[RELOP]] \text{softmax}[[UNKNOWN]] ([[OPEN]] A[[UNKNOWN]] _{\theta}[[POSTSUBSCRIPT]] ([[OPEN]] s[[UNKNOWN]] ,[[PUNCT]] ⋅[[MULOP]] )[[CLOSE]] /[[MULOP]] τ[[UNKNOWN]] )[[CLOSE]]
Warning:not_parsed:>OPEN MathParser failed to match rule 'Anything'
	at mainbody.tex; line 247 col 0 - line 263 col 14
	> \left\{[[OPEN]] Alignment[][[UNKNOWN]]
Warning:not_parsed:UNKNOWN.PUNCT.UNKNOWN>RELOP MathParser failed to match rule 'Anything'
	at experiments.tex; line 34 col 16 - line 34 col 22
	In "$<a,b>$"
	<[[RELOP]] a[[UNKNOWN]] ,[[PUNCT]] b[[UNKNOWN]]
	        > >[[RELOP]]
Warning:not_parsed:OPERATOR.OPFUNCTION.UNKNOWN>RELOP MathParser failed to match rule 'Anything'
	at experiments.tex; line 35 col 19 - line 35 col 47
	In "$\cos<\nabla Q,\nabla\log\pi>$"
	cos[[TRIGFUNCTION]] <[[RELOP]] ∇[[OPERATOR]] Q[[UNKNOWN]] ,[[PUNCT]] ∇[[OPERATOR]] log[[OPFUNCTION]] π[[UNKNOWN]]
	        > >[[RELOP]]
Warning:not_parsed:UNKNOWN.POSTSUBSCRIPT>OPEN MathParser failed to match rule 'Anything'
	at experiments.tex; line 35 col 75 - line 35 col 146
	In "$\mathbb{E}_{\pi}[\cos<\nabla_{\theta}Q_{\theta},\nabla_{\theta}\log\pi_{%
	\theta}>]$"
	E[[UNKNOWN]] _{\pi}[[POSTSUBSCRIPT]]
	        > [[[OPEN]] cos[[TRIGFUNCTION]] <[[RELOP]] ∇[[OPERATOR]] _{\theta}[[POSTSUBSCRIPT]] Q[[UNKNOWN]] _{\theta}[[POSTSUBSCRIPT]] ,[[PUNCT]] ∇[[OPERATOR]] _{\theta}[[POSTSUBSCRIPT]] log[[OPFUNCTION]] π[[UNKNOWN]] _{\theta}[[POSTSUBSCRIPT]] >[[RELOP]] ][[CLOSE]]
Warning:not_parsed:ATOM.UNKNOWN.POSTSUBSCRIPT>OPEN MathParser failed to match rule 'Anything'
	at appendix.tex; line 30 col 2 - line 30 col 104
	In "$$\chi\overset{def}{=}\mathbb{E}_{\pi}[\cos<\nabla_{\theta}Q_{\theta},\nabla_{%
	\theta}\log\pi_{\theta}>].$$"
	χ[[UNKNOWN]] \overset{def}{=}[[UNKNOWN]] E[[UNKNOWN]] _{\pi}[[POSTSUBSCRIPT]]
	        > [[[OPEN]] cos[[TRIGFUNCTION]] <[[RELOP]] ∇[[OPERATOR]] _{\theta}[[POSTSUBSCRIPT]] Q[[UNKNOWN]] _{\theta}[[POSTSUBSCRIPT]] ,[[PUNCT]] ∇[[OPERATOR]] _{\theta}[[POSTSUBSCRIPT]] log[[OPFUNCTION]] π[[UNKNOWN]] _{\theta}[[POSTSUBSCRIPT]] >[[RELOP]] ][[CLOSE]]
Warning:not_parsed:RELOP.UNKNOWN.POSTSUBSCRIPT>OPEN MathParser failed to match rule 'Anything'
	at appendix.tex; line 42 col 2 - line 42 col 114
	In "$$\chi=\mathbb{E}_{\pi}[\cos<\nabla_{\theta}Q_{\theta},\nabla_{\theta}\log\pi_%
	{\theta}>]=\mathbb{E}_{\pi}[1]=1.$$"
	χ[[UNKNOWN]] =[[RELOP]] E[[UNKNOWN]] _{\pi}[[POSTSUBSCRIPT]]
	        > [[[OPEN]] cos[[TRIGFUNCTION]] <[[RELOP]] ∇[[OPERATOR]] _{\theta}[[POSTSUBSCRIPT]] Q[[UNKNOWN]] _{\theta}[[POSTSUBSCRIPT]] ,[[PUNCT]] ∇[[OPERATOR]] _{\theta}[[POSTSUBSCRIPT]] log[[OPFUNCTION]] π[[UNKNOWN]] _{\theta}[[POSTSUBSCRIPT]] >[[RELOP]] ][[CLOSE]] =[[RELOP]] E[[UNKNOWN]] _{\pi}[[POSTSUBSCRIPT]] [[[OPEN]] 1[[NUMBER]] ][[CLOSE]] =[[RELOP]] 1[[NUMBER]]
Warning:not_parsed:PUNCT.OPERATOR.UNKNOWN>RELOP MathParser failed to match rule 'Anything'
	at appendix.tex; line 104 col 0 - line 104 col 5
	In "\begin{math}\begin{array}[]{c|c|c|c}\hline\cr\hline\cr&\text{Function %
	Approximation}&\text{Train Gradients}&\text{Cosine of Interested Angles}\\
	\hline\cr\text{PPO}&(V,logit)=(V_{\theta},logit_{\theta})&0.5\nabla L_{V}+%
	\nabla\mathcal{J}&\\
	&\pi=\text{softmax}(logit)&&\\
	\hline\cr\text{PPO ver.1}&(Q,logit)=(Q_{\theta},logit_{\theta}),&0.5\nabla L_{%
	V}+\nabla\mathcal{J}&\cos<\nabla L_{Q},\nabla\mathcal{J}>\\
	&\pi=\text{softmax}(logit)&&\cos<\nabla Q,\nabla\log\pi>\\
	&V=sg(\pi)\cdot Q&&\\
	\hline\cr\text{PPO ver.2}&(Q,logit)=(Q_{\theta},logit_{\theta}),&0.5\nabla L_{%
	V}+\nabla L_{Q}+\nabla\mathcal{J}&\cos<\nabla L_{Q},\nabla\mathcal{J}>\\
	&pi=\text{softmax}(logit)&&\cos<\nabla Q,\nabla\log\pi>\\
	&V=sg(\pi)\cdot Q&&\\
	\hline\cr\text{PPO+CASA}&(V,A)=(V_{\theta},A_{\theta}),&0.5\nabla L_{V}+\nabla
	L%
	_{Q}+\nabla\mathcal{J}&\cos<\nabla L_{Q},\nabla\mathcal{J}>\\
	&\pi=\text{softmax}(A/\tau),&&\cos<\nabla Q,\nabla\log\pi>\\
	&\bar{A}=A-sg(\pi)\cdot A&&\\
	&Q=\bar{A}+sg(V)&&\\
	\hline\cr\hline\cr\end{array}\end{math}"
	cos[[TRIGFUNCTION]] <[[RELOP]] ∇[[OPERATOR]] L[[UNKNOWN]] _{Q}[[POSTSUBSCRIPT]] ,[[PUNCT]] ∇[[OPERATOR]] J[[UNKNOWN]]
	        > >[[RELOP]]
Warning:not_parsed:OPERATOR.OPFUNCTION.UNKNOWN>RELOP MathParser failed to match rule 'Anything'
	at appendix.tex; line 104 col 0 - line 104 col 5
	cos[[TRIGFUNCTION]] <[[RELOP]] ∇[[OPERATOR]] Q[[UNKNOWN]] ,[[PUNCT]] ∇[[OPERATOR]] log[[OPFUNCTION]] π[[UNKNOWN]]
	        > >[[RELOP]]
Warning:not_parsed:PUNCT.OPERATOR.UNKNOWN>RELOP MathParser failed to match rule 'Anything'
	at appendix.tex; line 104 col 0 - line 104 col 5
	cos[[TRIGFUNCTION]] <[[RELOP]] ∇[[OPERATOR]] L[[UNKNOWN]] _{Q}[[POSTSUBSCRIPT]] ,[[PUNCT]] ∇[[OPERATOR]] J[[UNKNOWN]]
	        > >[[RELOP]]
Warning:not_parsed:OPERATOR.OPFUNCTION.UNKNOWN>RELOP MathParser failed to match rule 'Anything'
	at appendix.tex; line 104 col 0 - line 104 col 5
	cos[[TRIGFUNCTION]] <[[RELOP]] ∇[[OPERATOR]] Q[[UNKNOWN]] ,[[PUNCT]] ∇[[OPERATOR]] log[[OPFUNCTION]] π[[UNKNOWN]]
	        > >[[RELOP]]
Warning:not_parsed:PUNCT.OPERATOR.UNKNOWN>RELOP MathParser failed to match rule 'Anything'
	at appendix.tex; line 104 col 0 - line 104 col 5
	cos[[TRIGFUNCTION]] <[[RELOP]] ∇[[OPERATOR]] L[[UNKNOWN]] _{Q}[[POSTSUBSCRIPT]] ,[[PUNCT]] ∇[[OPERATOR]] J[[UNKNOWN]]
	        > >[[RELOP]]
Warning:not_parsed:OPERATOR.OPFUNCTION.UNKNOWN>RELOP MathParser failed to match rule 'Anything'
	at appendix.tex; line 104 col 0 - line 104 col 5
	cos[[TRIGFUNCTION]] <[[RELOP]] ∇[[OPERATOR]] Q[[UNKNOWN]] ,[[PUNCT]] ∇[[OPERATOR]] log[[OPFUNCTION]] π[[UNKNOWN]]
	        > >[[RELOP]]
Warning:not_parsed:PUNCT.OPERATOR.UNKNOWN>RELOP MathParser failed to match rule 'Anything'
	at appendix.tex; line 148 col 0 - line 148 col 6
	In "\begin{math}\begin{array}[]{c|c|c|c}\hline\cr\hline\cr&\text{Function %
	Approximation}&\text{Train Gradients}&\text{Cosine of Interested Angles}\\
	\hline\cr\text{R2D2}&(V,A)=(V_{\theta},A_{\theta})&\nabla L_{Q}&\cos<\nabla L_%
	{Q},\nabla\mathcal{J}>\\
	&Q=A+V&&\\
	&\pi=\text{softmax}(A/\tau)&&\\
	\hline\cr\text{R2D2 ver.1}&(V,A)=(V_{\theta},A_{\theta})&0.5\nabla L_{V}+%
	\nabla L_{Q}&\cos<\nabla L_{Q},\nabla\mathcal{J}>\\
	&Q=A+V&&\\
	&\pi=\text{softmax}(A/\tau)&&\\
	\hline\cr\text{R2D2+CASA}&(V,A)=(V_{\theta},A_{\theta}),&0.5\nabla L_{V}+%
	\nabla L_{Q}+\nabla\mathcal{J}&\cos<\nabla L_{Q},\nabla\mathcal{J}>\\
	&\pi=\text{softmax}(A/\tau),&&\\
	&\bar{A}=A-sg(\pi)\cdot A&&\\
	&Q=\bar{A}+sg(V)&&\\
	\hline\cr\hline\cr\end{array}\end{math}"
	cos[[TRIGFUNCTION]] <[[RELOP]] ∇[[OPERATOR]] L[[UNKNOWN]] _{Q}[[POSTSUBSCRIPT]] ,[[PUNCT]] ∇[[OPERATOR]] J[[UNKNOWN]]
	        > >[[RELOP]]
Warning:not_parsed:PUNCT.OPERATOR.UNKNOWN>RELOP MathParser failed to match rule 'Anything'
	at appendix.tex; line 148 col 0 - line 148 col 6
	cos[[TRIGFUNCTION]] <[[RELOP]] ∇[[OPERATOR]] L[[UNKNOWN]] _{Q}[[POSTSUBSCRIPT]] ,[[PUNCT]] ∇[[OPERATOR]] J[[UNKNOWN]]
	        > >[[RELOP]]
Warning:not_parsed:PUNCT.OPERATOR.UNKNOWN>RELOP MathParser failed to match rule 'Anything'
	at appendix.tex; line 148 col 0 - line 148 col 6
	cos[[TRIGFUNCTION]] <[[RELOP]] ∇[[OPERATOR]] L[[UNKNOWN]] _{Q}[[POSTSUBSCRIPT]] ,[[PUNCT]] ∇[[OPERATOR]] J[[UNKNOWN]]
	        > >[[RELOP]]
Warning:not_parsed:UNKNOWN.POSTSUBSCRIPT.CLOSE>RELOP MathParser failed to match rule 'Anything'
	at appendix.tex; line 154 col 0 - line 156 col 2
	In "$$\beta\overset{def}{=}<\mathbb{E}_{\pi}[(Q^{\pi}-Q_{\theta})\nabla_{\theta}Q_%
	{\theta}],\,\mathbb{E}_{\pi}[(Q^{\pi}-V_{\theta})\nabla_{\theta}\log\pi_{%
	\theta}]>$$"
	β[[UNKNOWN]] \overset{def}{=}[[UNKNOWN]] <[[RELOP]] E[[UNKNOWN]] _{\pi}[[POSTSUBSCRIPT]] [[[OPEN]] ([[OPEN]] Q[[UNKNOWN]] ^{\pi}[[POSTSUPERSCRIPT]] -[[ADDOP]] Q[[UNKNOWN]] _{\theta}[[POSTSUBSCRIPT]] )[[CLOSE]] ∇[[OPERATOR]] _{\theta}[[POSTSUBSCRIPT]] Q[[UNKNOWN]] _{\theta}[[POSTSUBSCRIPT]] ][[CLOSE]] ,[[PUNCT]] E[[UNKNOWN]] _{\pi}[[POSTSUBSCRIPT]] [[[OPEN]] ([[OPEN]] Q[[UNKNOWN]] ^{\pi}[[POSTSUPERSCRIPT]] -[[ADDOP]] V[[UNKNOWN]] _{\theta}[[POSTSUBSCRIPT]] )[[CLOSE]] ∇[[OPERATOR]] _{\theta}[[POSTSUBSCRIPT]] log[[OPFUNCTION]] π[[UNKNOWN]] _{\theta}[[POSTSUBSCRIPT]] ][[CLOSE]]
	        > >[[RELOP]]
Warning:not_parsed:ATOM.UNKNOWN.POSTSUBSCRIPT>OPEN MathParser failed to match rule 'Anything'
	at appendix.tex; line 160 col 2 - line 160 col 103
	In "$$\chi\overset{def}{=}\mathbb{E}_{\pi}[\cos<\nabla_{\theta}Q_{\theta},\nabla_{%
	\theta}\log\pi_{\theta}>]$$"
	χ[[UNKNOWN]] \overset{def}{=}[[UNKNOWN]] E[[UNKNOWN]] _{\pi}[[POSTSUBSCRIPT]]
	        > [[[OPEN]] cos[[TRIGFUNCTION]] <[[RELOP]] ∇[[OPERATOR]] _{\theta}[[POSTSUBSCRIPT]] Q[[UNKNOWN]] _{\theta}[[POSTSUBSCRIPT]] ,[[PUNCT]] ∇[[OPERATOR]] _{\theta}[[POSTSUBSCRIPT]] log[[OPFUNCTION]] π[[UNKNOWN]] _{\theta}[[POSTSUBSCRIPT]] >[[RELOP]] ][[CLOSE]]
Warning:not_parsed:RELOP.UNKNOWN.POSTSUBSCRIPT>OPEN MathParser failed to match rule 'Anything'
	at appendix.tex; line 171 col 2 - line 171 col 116
	In "$$\cos<\nabla Q,\nabla\log\pi>=\mathbb{E}_{\pi}[\cos<\nabla_{\theta}Q_{\theta}%
	,\nabla_{\theta}\log\pi_{\theta}>],$$"
	cos[[TRIGFUNCTION]] <[[RELOP]] ∇[[OPERATOR]] Q[[UNKNOWN]] ,[[PUNCT]] ∇[[OPERATOR]] log[[OPFUNCTION]] π[[UNKNOWN]] >[[RELOP]] =[[RELOP]] E[[UNKNOWN]] _{\pi}[[POSTSUBSCRIPT]]
	        > [[[OPEN]] cos[[TRIGFUNCTION]] <[[RELOP]] ∇[[OPERATOR]] _{\theta}[[POSTSUBSCRIPT]] Q[[UNKNOWN]] _{\theta}[[POSTSUBSCRIPT]] ,[[PUNCT]] ∇[[OPERATOR]] _{\theta}[[POSTSUBSCRIPT]] log[[OPFUNCTION]] π[[UNKNOWN]] _{\theta}[[POSTSUBSCRIPT]] >[[RELOP]] ][[CLOSE]]
Warning:not_parsed:>OPEN MathParser failed to match rule 'Anything'
	at appendix.tex; line 236 col 0 - line 244 col 14
	In "\begin{equation}\left\{\begin{aligned} &\pi=\text{softmax}(A),\\
	&\bar{A}=A-\mathbb{E}_{\pi}[A],\\
	&Q=\bar{A}+sg(V).\end{aligned}\right.\end{equation}"
	> \left\{[[OPEN]] Alignment[][[UNKNOWN]]
Warning:not_parsed:>OPEN MathParser failed to match rule 'Anything'
	at appendix.tex; line 262 col 0 - line 270 col 14
	In "\begin{equation}\left\{\begin{aligned} &\pi(s,a)=\exp(A(s,a))/\int_{a}\exp(A(s%
	,a))da,\\
	&\bar{A}(s,a)=A(s,a)-\int_{a}sg(\pi(s,a))A(s,a)da,\\
	&Q(s,a)=\bar{A}(s,a)+sg(V(s)).\end{aligned}\right.\end{equation}"
	> \left\{[[OPEN]] Alignment[][[UNKNOWN]]
Warning:not_parsed:POSTSUBSCRIPT.RELOP.UNKNOWN>OPEN MathParser failed to match rule 'Subscript'
	at appendix.tex; line 311 col 84 - line 311 col 84
	In "$\@@ENDINLINEMATH"
	s[[UNKNOWN]] _{t+1}[[POSTSUBSCRIPT]] ,[[PUNCT]] r[[UNKNOWN]] _{t}[[POSTSUBSCRIPT]] ∼[[RELOP]] p[[UNKNOWN]]
	        > ([[OPEN]] ⋅[[MULOP]] ,[[PUNCT]] ⋅[[MULOP]] |[[VERTBAR]] s[[UNKNOWN]] _{t}[[POSTSUBSCRIPT]] ,[[PUNCT]] a[[UNKNOWN]] _{t}[[POSTSUBSCRIPT]] )[[CLOSE]]
Warning:not_parsed:POSTSUBSCRIPT.RELOP.UNKNOWN>OPEN MathParser failed to match rule 'Subscript'
	at appendix.tex; line 311 col 84 - line 311 col 84
	In "$\displaystyle\overset{def}{=}\mathbb{E}_{s_{t+1},r_{t}\sim p(\cdot,\cdot|s_{t%
	},a_{t})}[r_{t}+\gamma V_{DR}^{\tilde{\pi}}(s_{t+1})]\@@ENDINLINEMATH"
	s[[UNKNOWN]] _{t+1}[[POSTSUBSCRIPT]] ,[[PUNCT]] r[[UNKNOWN]] _{t}[[POSTSUBSCRIPT]] ∼[[RELOP]] p[[UNKNOWN]]
	        > ([[OPEN]] ⋅[[MULOP]] ,[[PUNCT]] ⋅[[MULOP]] |[[VERTBAR]] s[[UNKNOWN]] _{t}[[POSTSUBSCRIPT]] ,[[PUNCT]] a[[UNKNOWN]] _{t}[[POSTSUBSCRIPT]] )[[CLOSE]]
Warning:not_parsed:UNKNOWN.POSTSUBSCRIPT>OPEN MathParser failed to match rule 'Anything'
	at appendix.tex; line 493 col 38 - line 493 col 98
	In "$\mathbb{E}_{\pi}\left[f(s)\nabla\log\pi(\cdot|s)\right]=0$"
	E[[UNKNOWN]] _{\pi}[[POSTSUBSCRIPT]]
	        > \left[[[OPEN]] f[[UNKNOWN]] ([[OPEN]] s[[UNKNOWN]] )[[CLOSE]] ∇[[OPERATOR]] log[[OPFUNCTION]] π[[UNKNOWN]] ([[OPEN]] ⋅[[MULOP]] |[[VERTBAR]] s[[UNKNOWN]] )[[CLOSE]] \right][[CLOSE]] =[[RELOP]] 0[[NUMBER]]
 18.18 sec)
Math parsing succeeded:
   ltx:XMArg: 1490/1502
   ltx:XMath: 594/609
   ltx:XMWrap: 25/25
Symbols assumed as simple identifiers (with # of occurences):
   'A{caligraphic}' (9), 'A{italic}' (153), 'C{caligraphic}' (2), 'Delta' (7), 'D{italic}' (26), 'E{blackboard}' (168), 'F{script}' (9), 'J{caligraphic}' (51), 'K{italic}' (5), 'L{italic}' (74), 'Psi' (4), 'Q{italic}' (311), 'R{blackboard}' (2), 'R{italic}' (28), 'S{caligraphic}' (5), 'S{script}' (43), 'T{italic}' (4), 'T{script}' (17), 'U{script}' (26), 'V{italic}' (254), 'Z{italic}' (8), 'alpha' (10), 'a{italic}' (149), 'beta' (33), 'b{italic}' (19), 'chi' (28), 'c{italic}' (47), 'delta' (23), 'd{italic}' (17), 'epsilon' (1), 'eta' (2), 'e{italic}' (10), 'f{italic}' (4), 'gamma' (49), 'g{italic}' (75), 'h{italic}' (3), 'i{italic}' (19), 'j{italic}' (2), 'k{italic}' (172), 'l{italic}' (12), 'mu' (16), 'm{italic}' (2), 'n{italic}' (37), 'o{italic}' (20), 'pi' (205), 'p{italic}' (12), 'rho' (20), 'r{italic}' (40), 's{italic}' (216), 'tau' (39), 'theta' (23), 't{italic}' (200), 'u{italic}' (3), 'w{italic}' (1), 'x{italic}' (17), 'y{italic}' (10)
Set MATHPARSER_SPECULATE to speculate on possible notations.
(Finalizing... 1.21 sec)
Conversion complete: 28 warnings; 1 error; 1 undefined macro[\iclrfinalcopy]; 1 missing file[iclr2023_conference.sty] (See parsed.log) (reqd. 52.78s)
