latexml (LaTeXML version 0.8.8) processing main.tex
(Digesting TeX main...
(Loading /usr/share/perl5/LaTeXML/Package/TeX.pool.ltxml...
(Loading /usr/share/perl5/LaTeXML/Package/eTeX.pool.ltxml... 0.00 sec)
(Loading /usr/share/perl5/LaTeXML/Package/pdfTeX.pool.ltxml... 0.00 sec) 0.09 sec)
(Processing content /home/miri/Documents/DataLit/arXiv_src_fetcher/ICLR_2023_first100/05ff9BRSMzE/main.tex...
(Loading /usr/share/perl5/LaTeXML/Package/LaTeX.pool.ltxml...
(Loading /usr/share/perl5/LaTeXML/Package/textcomp.sty.ltxml...
(Processing definitions /usr/share/texlive/texmf-dist/tex/latex/base/ts1enc.dfu... 0.01 sec) 0.05 sec) 0.19 sec)
(Loading /usr/share/perl5/LaTeXML/Package/article.cls.ltxml... 0.01 sec)
Info:ignore:\paragraph Ignoring redefinition of \paragraph
	at main.tex; line 17 col 71 - line 17 col 71
(Loading /usr/share/perl5/LaTeXML/Package/microtype.sty.ltxml... 0.00 sec)
(Loading /usr/share/perl5/LaTeXML/Package/subfigure.sty.ltxml... 0.02 sec)
(Loading /usr/share/perl5/LaTeXML/Package/amsfonts.sty.ltxml... 0.00 sec)
(Loading /usr/share/perl5/LaTeXML/Package/booktabs.sty.ltxml... 0.00 sec)
(Loading /usr/share/perl5/LaTeXML/Package/graphicx.sty.ltxml...
(Loading /usr/share/perl5/LaTeXML/Package/graphics.sty.ltxml... 0.01 sec) 0.02 sec)
(Loading /usr/share/perl5/LaTeXML/Package/color.sty.ltxml... 0.01 sec)
(Loading /usr/share/perl5/LaTeXML/Package/multicol.sty.ltxml... 0.00 sec)
(Loading /usr/share/perl5/LaTeXML/Package/blindtext.sty.ltxml...
(Loading /usr/share/perl5/LaTeXML/Package/babel.sty.ltxml...
(Processing definitions /usr/share/texlive/texmf-dist/tex/generic/babel/babel.sty...
(Processing definitions /usr/share/texlive/texmf-dist/tex/generic/config/language.def... 0.00 sec)
(Loading /usr/share/perl5/LaTeXML/Package/txtbabel.def.ltxml...
(Processing definitions /usr/share/texlive/texmf-dist/tex/generic/babel/txtbabel.def... 0.01 sec)
(Loading /usr/share/perl5/LaTeXML/Package/babel_support.sty.ltxml... 0.00 sec) 0.02 sec)
(Processing definitions /usr/share/texlive/texmf-dist/tex/generic/babel-english/english.ldf...
Language: english 2017/06/06 v3.3r English support from the babel system
 0.05 sec) 0.52 sec) 0.52 sec)
(Processing content /usr/share/texlive/texmf-dist/tex/generic/babel/locale/en/babel-english.tex...
Info:latex:(babel)  Package babel Info: Importing
	at babel-english.tex; line 11 col 0 - line 11 col 1
	font and identification data for english
	from babel-en.ini. Reported        
 0.31 sec)
Warning:missing_file:blindtext Can't find package blindtext
	at blindtext.sty.ltxml; line 23
	Anticipate undefined macros or environments
	search paths are /home/miri/Documents/DataLit/arXiv_src_fetcher/ICLR_2023_first100/05ff9BRSMzE
	In Core::Gullet[@0x5fb4128dac00] /usr/share/perl5/LaTeXML/Package/blindtext.sty.ltxml; line 23
 0.87 sec)
(Loading /usr/share/perl5/LaTeXML/Package/soul.sty.ltxml... 0.02 sec)
(Loading /usr/share/perl5/LaTeXML/Package/csquotes.sty.ltxml...
Warning:missing_file:csquotes Can't find package csquotes
	at csquotes.sty.ltxml; line 25
	Anticipate undefined macros or environments
	In Core::Gullet[@0x5fb4128dac00] /usr/share/perl5/LaTeXML/Package/csquotes.sty.ltxml; line 25
Error:undefined:\newrobustcmd The token T_CS[\newrobustcmd] is not defined.
	at csquotes.sty.ltxml; line 141
	Defining it now as <ltx:ERROR/>
	Next token is T_OTHER[*] ( == T_OTHER[*])
	In Core::Gullet[@0x5fb4128dac00] /usr/share/perl5/LaTeXML/Package/csquotes.sty.ltxml; line 141
	 <= Core::Definition::Constructor[\usepac... <= Core::Stomach[@0x5fb414d5b068] <= ...
Error:undefined:\csq@addbspecial The token T_CS[\csq@addbspecial] is not defined.
	at csquotes.sty.ltxml; line 141
	Defining it now as <ltx:ERROR/>
	Next token is T_BEGIN[{] ( == T_BEGIN[{])
	In Core::Gullet[@0x5fb4128dac00] /usr/share/perl5/LaTeXML/Package/csquotes.sty.ltxml; line 141
	 <= Core::Stomach[@0x5fb414d5b068] <= Core::Definition::Primitive[Begin] <= Core::Stomach[@0x5fb414d5b068] <= ...
Error:misdefined:# The token T_PARAM[#] should never reach Stomach!
	at csquotes.sty.ltxml; line 141
	In Core::Stomach[@0x5fb414d5b068] /usr/share/perl5/LaTeXML/Package/csquotes.sty.ltxml; line 141
	 <= Core::Definition::Primitive[Begin] <= Core::Stomach[@0x5fb414d5b068] <= Core::Definition::Primitive[Begin] <= ...
Error:misdefined:# The token T_PARAM[#] should never reach Stomach!
	at csquotes.sty.ltxml; line 141
	In Core::Stomach[@0x5fb414d5b068] /usr/share/perl5/LaTeXML/Package/csquotes.sty.ltxml; line 141
	 <= Core::Definition::Primitive[Begin] <= Core::Stomach[@0x5fb414d5b068] <= Core::Definition::Primitive[Begin] <= ...
Error:misdefined:# The token T_PARAM[#] should never reach Stomach!
	at csquotes.sty.ltxml; line 141
	In Core::Stomach[@0x5fb414d5b068] /usr/share/perl5/LaTeXML/Package/csquotes.sty.ltxml; line 141
	 <= Core::Definition::Primitive[Begin] <= Core::Stomach[@0x5fb414d5b068] <= Core::Definition::Primitive[Begin] <= ...
Error:undefined:\csq@bquote The token T_CS[\csq@bquote] is not defined.
	at csquotes.sty.ltxml; line 141
	Defining it now as <ltx:ERROR/>
	Next token is T_BEGIN[{] ( == T_BEGIN[{])
	In Core::Gullet[@0x5fb4128dac00] /usr/share/perl5/LaTeXML/Package/csquotes.sty.ltxml; line 141
	 <= Core::Stomach[@0x5fb414d5b068] <= Core::Definition::Primitive[Begin] <= Core::Stomach[@0x5fb414d5b068] <= ...
Error:undefined:\ltxml@mkcitation The token T_CS[\ltxml@mkcitation] is not defined.
	at csquotes.sty.ltxml; line 141
	Defining it now as <ltx:ERROR/>
	Next token is T_END[}] ( == T_END[}])
	In Core::Gullet[@0x5fb4128dac00] /usr/share/perl5/LaTeXML/Package/csquotes.sty.ltxml; line 141
	 <= Core::Stomach[@0x5fb414d5b068] <= Core::Definition::Primitive[Begin] <= Core::Stomach[@0x5fb414d5b068] <= ...
Error:misdefined:# The token T_PARAM[#] should never reach Stomach!
	at csquotes.sty.ltxml; line 141
	In Core::Stomach[@0x5fb414d5b068] /usr/share/perl5/LaTeXML/Package/csquotes.sty.ltxml; line 141
	 <= Core::Definition::Primitive[Begin] <= Core::Stomach[@0x5fb414d5b068] <= Core::Definition::Primitive[Begin] <= ...
Error:misdefined:# The token T_PARAM[#] should never reach Stomach!
	at csquotes.sty.ltxml; line 141
	In Core::Stomach[@0x5fb414d5b068] /usr/share/perl5/LaTeXML/Package/csquotes.sty.ltxml; line 141
	 <= Core::Definition::Primitive[Begin] <= Core::Stomach[@0x5fb414d5b068] <= Core::Definition::Primitive[Begin] <= ...
Error:misdefined:# The token T_PARAM[#] should never reach Stomach!
	at csquotes.sty.ltxml; line 141
	In Core::Stomach[@0x5fb414d5b068] /usr/share/perl5/LaTeXML/Package/csquotes.sty.ltxml; line 141
	 <= Core::Definition::Primitive[Begin] <= Core::Stomach[@0x5fb414d5b068] <= Core::Definition::Primitive[Begin] <= ...
Error:undefined:\csq@lang The token T_CS[\csq@lang] is not defined.
	at csquotes.sty.ltxml; line 141
	Defining it now as <ltx:ERROR/>
	Next token is T_BEGIN[{] ( == T_BEGIN[{])
	In Core::Gullet[@0x5fb4128dac00] /usr/share/perl5/LaTeXML/Package/csquotes.sty.ltxml; line 141
	 <= Core::Stomach[@0x5fb414d5b068] <= Core::Definition::Primitive[Begin] <= Core::Stomach[@0x5fb414d5b068] <= ...
Error:misdefined:# The token T_PARAM[#] should never reach Stomach!
	at csquotes.sty.ltxml; line 141
	In Core::Stomach[@0x5fb414d5b068] /usr/share/perl5/LaTeXML/Package/csquotes.sty.ltxml; line 141
	 <= Core::Definition::Primitive[Begin] <= Core::Stomach[@0x5fb414d5b068] <= Core::Definition::Primitive[Begin] <= ...
Error:undefined:\csq@endlang The token T_CS[\csq@endlang] is not defined.
	at csquotes.sty.ltxml; line 141
	Defining it now as <ltx:ERROR/>
	Next token is T_END[}] ( == T_END[}])
	In Core::Gullet[@0x5fb4128dac00] /usr/share/perl5/LaTeXML/Package/csquotes.sty.ltxml; line 141
	 <= Core::Stomach[@0x5fb414d5b068] <= Core::Definition::Primitive[Begin] <= Core::Stomach[@0x5fb414d5b068] <= ...
Error:misdefined:# The token T_PARAM[#] should never reach Stomach!
	at csquotes.sty.ltxml; line 141
	In Core::Stomach[@0x5fb414d5b068] /usr/share/perl5/LaTeXML/Package/csquotes.sty.ltxml; line 141
	 <= Core::Definition::Primitive[Begin] <= Core::Stomach[@0x5fb414d5b068] <= Core::Definition::Primitive[Begin] <= ...
Error:misdefined:# The token T_PARAM[#] should never reach Stomach!
	at csquotes.sty.ltxml; line 141
	In Core::Stomach[@0x5fb414d5b068] /usr/share/perl5/LaTeXML/Package/csquotes.sty.ltxml; line 141
	 <= Core::Definition::Primitive[Begin] <= Core::Stomach[@0x5fb414d5b068] <= Core::Definition::Primitive[Begin] <= ...
Error:misdefined:# The token T_PARAM[#] should never reach Stomach!
	at csquotes.sty.ltxml; line 141
	In Core::Stomach[@0x5fb414d5b068] /usr/share/perl5/LaTeXML/Package/csquotes.sty.ltxml; line 141
	 <= Core::Definition::Primitive[Begin] <= Core::Stomach[@0x5fb414d5b068] <= Core::Definition::Primitive[Begin] <= ...
Error:undefined:\csq@hyph The token T_CS[\csq@hyph] is not defined.
	at csquotes.sty.ltxml; line 141
	Defining it now as <ltx:ERROR/>
	Next token is T_BEGIN[{] ( == T_BEGIN[{])
	In Core::Gullet[@0x5fb4128dac00] /usr/share/perl5/LaTeXML/Package/csquotes.sty.ltxml; line 141
	 <= Core::Stomach[@0x5fb414d5b068] <= Core::Definition::Primitive[Begin] <= Core::Stomach[@0x5fb414d5b068] <= ...
Error:misdefined:# The token T_PARAM[#] should never reach Stomach!
	at csquotes.sty.ltxml; line 141
	In Core::Stomach[@0x5fb414d5b068] /usr/share/perl5/LaTeXML/Package/csquotes.sty.ltxml; line 141
	 <= Core::Definition::Primitive[Begin] <= Core::Stomach[@0x5fb414d5b068] <= Core::Definition::Primitive[Begin] <= ...
Error:undefined:\csq@endhyph The token T_CS[\csq@endhyph] is not defined.
	at csquotes.sty.ltxml; line 141
	Defining it now as <ltx:ERROR/>
	Next token is T_END[}] ( == T_END[}])
	In Core::Gullet[@0x5fb4128dac00] /usr/share/perl5/LaTeXML/Package/csquotes.sty.ltxml; line 141
	 <= Core::Stomach[@0x5fb414d5b068] <= Core::Definition::Primitive[Begin] <= Core::Stomach[@0x5fb414d5b068] <= ...
Error:misdefined:# The token T_PARAM[#] should never reach Stomach!
	at csquotes.sty.ltxml; line 141
	In Core::Stomach[@0x5fb414d5b068] /usr/share/perl5/LaTeXML/Package/csquotes.sty.ltxml; line 141
	 <= Core::Definition::Primitive[Begin] <= Core::Stomach[@0x5fb414d5b068] <= Core::Definition::Primitive[Begin] <= ...
Error:misdefined:# The token T_PARAM[#] should never reach Stomach!
	at csquotes.sty.ltxml; line 141
	In Core::Stomach[@0x5fb414d5b068] /usr/share/perl5/LaTeXML/Package/csquotes.sty.ltxml; line 141
	 <= Core::Definition::Primitive[Begin] <= Core::Stomach[@0x5fb414d5b068] <= Core::Definition::Primitive[Begin] <= ...
Error:misdefined:# The token T_PARAM[#] should never reach Stomach!
	at csquotes.sty.ltxml; line 141
	In Core::Stomach[@0x5fb414d5b068] /usr/share/perl5/LaTeXML/Package/csquotes.sty.ltxml; line 141
	 <= Core::Definition::Primitive[Begin] <= Core::Stomach[@0x5fb414d5b068] <= Core::Definition::Primitive[Begin] <= ...
Error:undefined:\iftoggle The token T_CS[\iftoggle] is not defined.
	at csquotes.sty.ltxml; line 141
	Defining it now as with \newif
	Next token is T_BEGIN[{] ( == T_BEGIN[{])
	In Core::Gullet[@0x5fb4128dac00] /usr/share/perl5/LaTeXML/Package/csquotes.sty.ltxml; line 141
	 <= Core::Stomach[@0x5fb414d5b068] <= Core::Definition::Primitive[Begin] <= Core::Stomach[@0x5fb414d5b068] <= ...
Error:expected:\fi Missing \fi or \else, conditional fell off end
	at csquotes.sty.ltxml; line 141
	Conditional started at csquotes.sty.ltxml; line 141
	Input is empty
	In Core::Definition::Conditional[\iffalse] /usr/share/perl5/LaTeXML/Package/TeX.pool.ltxml; line 810
	 <= Core::Stomach[@0x5fb414d5b068] <= Core::Definition::Primitive[Begin] <= Core::Stomach[@0x5fb414d5b068] <= ...
 0.04 sec)
(Loading /usr/share/perl5/LaTeXML/Package/multirow.sty.ltxml... 0.00 sec)
(Loading /usr/share/perl5/LaTeXML/Package/amsmath.sty.ltxml...
(Loading /usr/share/perl5/LaTeXML/Package/amsbsy.sty.ltxml...
(Loading /usr/share/perl5/LaTeXML/Package/amsgen.sty.ltxml... 0.00 sec) 0.01 sec)
(Loading /usr/share/perl5/LaTeXML/Package/amstext.sty.ltxml... 0.00 sec)
(Loading /usr/share/perl5/LaTeXML/Package/amsopn.sty.ltxml... 0.01 sec) 0.05 sec)
(Loading /usr/share/perl5/LaTeXML/Package/amssymb.sty.ltxml... 0.02 sec)
(Loading /usr/share/perl5/LaTeXML/Package/tabulary.sty.ltxml...
(Loading /usr/share/perl5/LaTeXML/Package/array.sty.ltxml... 0.00 sec) 0.02 sec)
(Loading /usr/share/perl5/LaTeXML/Package/xcolor.sty.ltxml...
(Processing definitions /usr/share/texlive/texmf-dist/tex/latex/graphics/dvipsnam.def... 0.04 sec) 0.08 sec)
(Loading /usr/share/perl5/LaTeXML/Package/cancel.sty.ltxml... 0.00 sec)
(Loading /usr/share/perl5/LaTeXML/Package/hyperref.sty.ltxml...
(Loading /usr/share/perl5/LaTeXML/Package/ltxcmds.sty.ltxml...
(Processing definitions /usr/share/texlive/texmf-dist/tex/generic/ltxcmds/ltxcmds.sty... 0.05 sec) 0.05 sec)
(Loading /usr/share/perl5/LaTeXML/Package/keyval.sty.ltxml...
(Processing definitions /usr/share/texlive/texmf-dist/tex/latex/graphics/keyval.sty... 0.01 sec) 0.01 sec)
(Loading /usr/share/perl5/LaTeXML/Package/kvsetkeys.sty.ltxml...
(Processing definitions /usr/share/texlive/texmf-dist/tex/latex/kvsetkeys/kvsetkeys.sty... 0.04 sec) 0.04 sec)
(Loading /usr/share/perl5/LaTeXML/Package/kvdefinekeys.sty.ltxml...
(Processing definitions /usr/share/texlive/texmf-dist/tex/generic/kvdefinekeys/kvdefinekeys.sty... 0.02 sec) 0.02 sec)
(Loading /usr/share/perl5/LaTeXML/Package/kvoptions.sty.ltxml...
(Processing definitions /usr/share/texlive/texmf-dist/tex/latex/kvoptions/kvoptions.sty... 0.08 sec) 0.09 sec)
(Loading /usr/share/perl5/LaTeXML/Package/nameref.sty.ltxml...
(Loading /usr/share/perl5/LaTeXML/Package/refcount.sty.ltxml...
(Processing definitions /usr/share/texlive/texmf-dist/tex/latex/refcount/refcount.sty...
(Loading /usr/share/perl5/LaTeXML/Package/infwarerr.sty.ltxml...
(Processing definitions /usr/share/texlive/texmf-dist/tex/generic/infwarerr/infwarerr.sty... 0.03 sec) 0.03 sec) 0.07 sec) 0.07 sec)
(Loading /usr/share/perl5/LaTeXML/Package/gettitlestring.sty.ltxml...
(Processing definitions /usr/share/texlive/texmf-dist/tex/generic/gettitlestring/gettitlestring.sty... 0.07 sec) 0.07 sec) 0.16 sec)
(Loading /usr/share/perl5/LaTeXML/Package/url.sty.ltxml... 0.00 sec)
(Loading /usr/share/perl5/LaTeXML/Package/bitset.sty.ltxml...
(Processing definitions /usr/share/texlive/texmf-dist/tex/generic/bitset/bitset.sty...
(Loading /usr/share/perl5/LaTeXML/Package/intcalc.sty.ltxml...
(Processing definitions /usr/share/texlive/texmf-dist/tex/generic/intcalc/intcalc.sty... 0.03 sec) 0.03 sec)
(Loading /usr/share/perl5/LaTeXML/Package/bigintcalc.sty.ltxml...
(Processing definitions /usr/share/texlive/texmf-dist/tex/generic/bigintcalc/bigintcalc.sty...
(Loading /usr/share/perl5/LaTeXML/Package/pdftexcmds.sty.ltxml...
(Loading /usr/share/perl5/LaTeXML/Package/iftex.sty.ltxml... 0.00 sec) 0.01 sec) 0.10 sec) 0.10 sec) 0.23 sec) 0.23 sec) 0.65 sec)
Info:fallback:icml2022.sty Interpreted 2022 as a versioned package/class name, falling back to generic icml.sty
	at main.tex; line 60 col 0 - line 60 col 1
(Loading /usr/share/perl5/LaTeXML/Package/icml.sty.ltxml...
(Loading /usr/share/perl5/LaTeXML/Package/icml_support.sty.ltxml...
(Loading /usr/share/perl5/LaTeXML/Package/times.sty.ltxml... 0.00 sec)
(Loading /usr/share/perl5/LaTeXML/Package/fancyhdr.sty.ltxml... 0.00 sec)
(Loading /usr/share/perl5/LaTeXML/Package/algorithm.sty.ltxml...
(Processing definitions /home/miri/Documents/DataLit/arXiv_src_fetcher/ICLR_2023_first100/05ff9BRSMzE/algorithm.sty...
Document Style `algorithm' - floating environment
(Loading /usr/share/perl5/LaTeXML/Package/float.sty.ltxml... 0.00 sec)
(Loading /usr/share/perl5/LaTeXML/Package/ifthen.sty.ltxml...
(Processing definitions /usr/share/texlive/texmf-dist/tex/latex/base/ifthen.sty... 0.01 sec) 0.01 sec) 0.04 sec) 0.05 sec)
(Loading /usr/share/perl5/LaTeXML/Package/algorithmic.sty.ltxml...
(Processing definitions /home/miri/Documents/DataLit/arXiv_src_fetcher/ICLR_2023_first100/05ff9BRSMzE/algorithmic.sty...
Document Style `algorithmic' - environment
(Loading /usr/share/perl5/LaTeXML/Package/calc.sty.ltxml... 0.00 sec) 0.03 sec) 0.04 sec)
(Loading /usr/share/perl5/LaTeXML/Package/natbib.sty.ltxml... 0.01 sec) 0.14 sec) 0.14 sec)
(Processing content /home/miri/Documents/DataLit/arXiv_src_fetcher/ICLR_2023_first100/05ff9BRSMzE/tables/cifar10.tex... 0.39 sec)
(Processing content /home/miri/Documents/DataLit/arXiv_src_fetcher/ICLR_2023_first100/05ff9BRSMzE/tables/cifar100.tex... 0.39 sec)
(Processing content /home/miri/Documents/DataLit/arXiv_src_fetcher/ICLR_2023_first100/05ff9BRSMzE/tables/imagenet_robust.tex... 0.31 sec)
(Processing content /home/miri/Documents/DataLit/arXiv_src_fetcher/ICLR_2023_first100/05ff9BRSMzE/tables/contrastive_transfer.tex... 0.11 sec)
(Processing content /home/miri/Documents/DataLit/arXiv_src_fetcher/ICLR_2023_first100/05ff9BRSMzE/tables/contrastive_supp.tex... 0.10 sec)
(Processing content /home/miri/Documents/DataLit/arXiv_src_fetcher/ICLR_2023_first100/05ff9BRSMzE/tables/position.tex... 0.08 sec)
(Processing content /home/miri/Documents/DataLit/arXiv_src_fetcher/ICLR_2023_first100/05ff9BRSMzE/tables/cutnumber.tex... 0.07 sec)
(Processing content /home/miri/Documents/DataLit/arXiv_src_fetcher/ICLR_2023_first100/05ff9BRSMzE/tables/solely.tex... 0.05 sec)
(Processing content /home/miri/Documents/DataLit/arXiv_src_fetcher/ICLR_2023_first100/05ff9BRSMzE/tables/rain.tex... 0.07 sec)
(Processing content /home/miri/Documents/DataLit/arXiv_src_fetcher/ICLR_2023_first100/05ff9BRSMzE/tables/superres.tex... 0.07 sec)
(Processing content /home/miri/Documents/DataLit/arXiv_src_fetcher/ICLR_2023_first100/05ff9BRSMzE/tables/std.tex... 0.08 sec)
Warning:unexpected:\end{document} Attempt to end document with open groups, environments or conditionals
	at main.tex; line 495 col 0 - line 495 col 14
	Conditional \iftogglestarted csquotes.sty.ltxml; line 141
	In Core::Definition::Constructor[\end{do... /usr/share/perl5/LaTeXML/Package/LaTeX.pool.ltxml; line 408
 5.86 sec) 6.02 sec)
(Building...
(Loading compiled schema /usr/share/perl5/LaTeXML/resources/RelaxNG/LaTeXML.model... 0.01 sec) 5.93 sec)
(Rewriting... 0.04 sec)
(Math Parsing 111 formulae ...... 1.04 sec)
Math parsing succeeded:
   ltx:XMath: 113/113
   ltx:XMArg: 56/56
Symbols assumed as simple identifiers (with # of occurences):
   'Beta' (2), 'B{italic}' (3), 'C{italic}' (7), 'H{italic}' (4), 'M{italic}' (5), 'N{italic}' (5), 'P{blackboard}' (1), 'R{blackboard}' (5), 'U{italic}' (1), 'W{italic}' (4), 'X{bold italic}' (25), 'X{italic}' (3), 'Y{italic}' (2), 'alpha' (8), 'a{italic}' (28), 'b{italic}' (2), 'concat' (2), 'cut' (5), 'c{italic}' (4), 'ell' (1), 'e{italic}' (10), 'f{italic}' (2), 'g{italic}' (4), 'h{italic}' (4), 'i{italic}' (10), 'j{italic}' (3), 'l{italic}' (3), 'm{italic}' (2), 'n{italic}' (6), 'o{italic}' (5), 'p{italic}' (3), 'r{italic}' (7), 's{italic}' (12), 't{italic}' (14), 'u{italic}' (5), 'v{italic}' (1)
Set MATHPARSER_SPECULATE to speculate on possible notations.
(Finalizing... 0.14 sec)
Conversion complete: 3 warnings; 24 errors; 9 undefined macros[\iftoggle, \csq@endhyph, \newrobustcmd, \csq@bquote, \csq@endlang, \ltxml@mkcitation, \csq@addbspecial, \csq@hyph, \csq@lang]; 2 missing files[csquotes.sty, blindtext.sty] (See parsed.log) (reqd. 13.43s)
