latexml (LaTeXML version 0.8.8) processing tomasi_camcontrol_icra.tex
(Digesting TeX tomasi_camcontrol_icra...
(Loading /usr/share/perl5/LaTeXML/Package/TeX.pool.ltxml...
(Loading /usr/share/perl5/LaTeXML/Package/eTeX.pool.ltxml... 0.01 sec)
(Loading /usr/share/perl5/LaTeXML/Package/pdfTeX.pool.ltxml... 0.02 sec) 0.36 sec)
(Processing content /home/miri/Documents/university/DataLit/arXiv_src_fetcher/ICLR_2023_first100/09hVcSDkea/tomasi_camcontrol_icra.tex...
(Loading /usr/share/perl5/LaTeXML/Package/LaTeX.pool.ltxml...
(Loading /usr/share/perl5/LaTeXML/Package/textcomp.sty.ltxml...
(Processing definitions /usr/share/texlive/texmf-dist/tex/latex/base/ts1enc.dfu... 0.05 sec) 0.81 sec) 1.39 sec)
(Loading /usr/share/perl5/LaTeXML/Package/IEEEtran.cls.ltxml...
(Loading /usr/share/perl5/LaTeXML/Package/article.cls.ltxml... 0.04 sec) 0.14 sec)
(Loading /usr/share/perl5/LaTeXML/Package/cite.sty.ltxml... 0.01 sec)
(Loading /usr/share/perl5/LaTeXML/Package/graphics.sty.ltxml... 0.05 sec)
(Loading /usr/share/perl5/LaTeXML/Package/epsfig.sty.ltxml...
(Loading /usr/share/perl5/LaTeXML/Package/graphicx.sty.ltxml... 0.02 sec) 0.04 sec)
(Loading /usr/share/perl5/LaTeXML/Package/mathptmx.sty.ltxml... 0.00 sec)
(Loading /usr/share/perl5/LaTeXML/Package/times.sty.ltxml... 0.00 sec)
(Loading /usr/share/perl5/LaTeXML/Package/amsmath.sty.ltxml...
(Loading /usr/share/perl5/LaTeXML/Package/amsbsy.sty.ltxml...
(Loading /usr/share/perl5/LaTeXML/Package/amsgen.sty.ltxml... 0.01 sec) 0.02 sec)
(Loading /usr/share/perl5/LaTeXML/Package/amstext.sty.ltxml... 0.01 sec)
(Loading /usr/share/perl5/LaTeXML/Package/amsopn.sty.ltxml... 0.02 sec) 0.16 sec)
(Loading /usr/share/perl5/LaTeXML/Package/amssymb.sty.ltxml...
(Loading /usr/share/perl5/LaTeXML/Package/amsfonts.sty.ltxml... 0.00 sec) 0.03 sec)
(Loading /usr/share/perl5/LaTeXML/Package/color.sty.ltxml... 0.02 sec)
(Loading /usr/share/perl5/LaTeXML/Package/subcaption.sty.ltxml...
(Loading /usr/share/perl5/LaTeXML/Package/caption.sty.ltxml... 0.01 sec) 0.03 sec)
(Loading /usr/share/perl5/LaTeXML/Package/multirow.sty.ltxml... 0.00 sec)
(Loading /usr/share/perl5/LaTeXML/Package/booktabs.sty.ltxml... 0.01 sec)
(Loading /usr/share/perl5/LaTeXML/Package/xcolor.sty.ltxml...
(Loading /usr/share/perl5/LaTeXML/Package/colortbl.sty.ltxml...
(Loading /usr/share/perl5/LaTeXML/Package/array.sty.ltxml... 0.00 sec) 0.02 sec) 0.11 sec)
(Loading /usr/share/perl5/LaTeXML/Package/threeparttable.sty.ltxml... 0.00 sec)
(Loading /usr/share/perl5/LaTeXML/Package/hyperref.sty.ltxml...
(Loading /usr/share/perl5/LaTeXML/Package/ltxcmds.sty.ltxml...
(Processing definitions /usr/share/texlive/texmf-dist/tex/generic/ltxcmds/ltxcmds.sty... 0.17 sec) 0.17 sec)
(Loading /usr/share/perl5/LaTeXML/Package/keyval.sty.ltxml...
(Processing definitions /usr/share/texlive/texmf-dist/tex/latex/graphics/keyval.sty... 0.03 sec) 0.03 sec)
(Loading /usr/share/perl5/LaTeXML/Package/kvsetkeys.sty.ltxml...
(Processing definitions /usr/share/texlive/texmf-dist/tex/latex/kvsetkeys/kvsetkeys.sty... 0.16 sec) 0.16 sec)
(Loading /usr/share/perl5/LaTeXML/Package/kvdefinekeys.sty.ltxml...
(Processing definitions /usr/share/texlive/texmf-dist/tex/generic/kvdefinekeys/kvdefinekeys.sty... 0.06 sec) 0.07 sec)
(Loading /usr/share/perl5/LaTeXML/Package/kvoptions.sty.ltxml...
(Processing definitions /usr/share/texlive/texmf-dist/tex/latex/kvoptions/kvoptions.sty... 0.24 sec) 0.25 sec)
(Loading /usr/share/perl5/LaTeXML/Package/nameref.sty.ltxml...
(Loading /usr/share/perl5/LaTeXML/Package/refcount.sty.ltxml...
(Processing definitions /usr/share/texlive/texmf-dist/tex/latex/refcount/refcount.sty...
(Loading /usr/share/perl5/LaTeXML/Package/infwarerr.sty.ltxml...
(Processing definitions /usr/share/texlive/texmf-dist/tex/generic/infwarerr/infwarerr.sty... 0.08 sec) 0.08 sec) 0.19 sec) 0.19 sec)
(Loading /usr/share/perl5/LaTeXML/Package/gettitlestring.sty.ltxml...
(Processing definitions /usr/share/texlive/texmf-dist/tex/generic/gettitlestring/gettitlestring.sty... 0.32 sec) 0.32 sec) 0.55 sec)
(Loading /usr/share/perl5/LaTeXML/Package/url.sty.ltxml... 0.01 sec)
(Loading /usr/share/perl5/LaTeXML/Package/bitset.sty.ltxml...
(Processing definitions /usr/share/texlive/texmf-dist/tex/generic/bitset/bitset.sty...
(Loading /usr/share/perl5/LaTeXML/Package/intcalc.sty.ltxml...
(Processing definitions /usr/share/texlive/texmf-dist/tex/generic/intcalc/intcalc.sty... 0.09 sec) 0.09 sec)
(Loading /usr/share/perl5/LaTeXML/Package/bigintcalc.sty.ltxml...
(Processing definitions /usr/share/texlive/texmf-dist/tex/generic/bigintcalc/bigintcalc.sty...
(Loading /usr/share/perl5/LaTeXML/Package/pdftexcmds.sty.ltxml...
(Loading /usr/share/perl5/LaTeXML/Package/iftex.sty.ltxml... 0.01 sec) 0.02 sec) 0.43 sec) 0.43 sec) 0.96 sec) 0.96 sec) 2.41 sec)
(Loading /usr/share/perl5/LaTeXML/Package/cleveref.sty.ltxml...
(Processing definitions /usr/share/texlive/texmf-dist/tex/latex/cleveref/cleveref.sty...
Info:latex:(cleveref)  Package cleveref Info: `hyperref' support loaded        
	at cleveref.sty; line 2370 col 1 - line 2370 col 1
 3.61 sec) 3.62 sec)
(Loading /usr/share/perl5/LaTeXML/Package/soul.sty.ltxml... 0.02 sec)
(Loading /usr/share/perl5/LaTeXML/Package/comment.sty.ltxml... 0.00 sec)
(Loading /usr/share/perl5/LaTeXML/Package/calc.sty.ltxml... 0.01 sec)
(Loading /usr/share/perl5/LaTeXML/Package/xparse.sty.ltxml...
(Processing definitions /usr/share/texlive/texmf-dist/tex/latex/l3packages/xparse/xparse.sty...
(Loading /usr/share/perl5/LaTeXML/Package/expl3.sty.ltxml...
(Loading /usr/share/perl5/LaTeXML/Package/expl3.lua.ltxml... 0.00 sec)
(Processing definitions /usr/share/texlive/texmf-dist/tex/latex/l3kernel/expl3.sty...
(Processing definitions /usr/share/texlive/texmf-dist/tex/latex/l3kernel/expl3-code.tex...
Package: expl3
2024-01-22 L3 programming layer (code)
Fatal:interrupt:interrupted LaTeXML was interrupted
	at expl3-code.tex; line 12829 col 0 - line 12829 col 46
	INT
	In Core::Gullet[@0x5dbbf7160188] /usr/share/texlive/texmf-dist/tex/latex/l3kernel/expl3-code.tex; from line 12829 col 0 to line 12829 col 46
	 <= Core::Definition::Expandable[\__cs_sp... <= Core::Gullet[@0x5dbbf7160188] <= Core::Definition::Expandable[\expande... <= Core::Gullet[@0x5dbbf7160188] <= Core::Definition::Expandable[\input T... <= Core::Gullet[@0x5dbbf7160188] <= Core::Definition::Constructor[\Requir... <= Core::Stomach[@0x5dbbf715fff0] <= Core::Gullet[@0x5dbbf7160188] <= Core::Definition::Constructor[\usepac... <= Core::Stomach[@0x5dbbf715fff0]
Conversion failed: 1 fatal error (See parsed.log) (reqd. 42.62s)
