latexml (LaTeXML version 0.8.8) processing main.tex
(Digesting TeX main...
(Loading /usr/share/perl5/LaTeXML/Package/TeX.pool.ltxml...
(Loading /usr/share/perl5/LaTeXML/Package/eTeX.pool.ltxml... 0.00 sec)
(Loading /usr/share/perl5/LaTeXML/Package/pdfTeX.pool.ltxml... 0.01 sec) 0.15 sec)
(Processing content /home/miri/Documents/DataLit/arXiv_src_fetcher/ICLR_2023_first100/-ltZ1uw8ZE7/main.tex...
(Loading /usr/share/perl5/LaTeXML/Package/LaTeX.pool.ltxml...
(Loading /usr/share/perl5/LaTeXML/Package/textcomp.sty.ltxml...
(Processing definitions /usr/share/texlive/texmf-dist/tex/latex/base/ts1enc.dfu... 0.01 sec) 0.05 sec) 0.28 sec)
(Loading /usr/share/perl5/LaTeXML/Package/article.cls.ltxml... 0.01 sec)
Info:fallback:neurips_2023.sty Interpreted _2023 as a versioned package/class name, falling back to generic neurips.sty
	at main.tex; line 20 col 0 - line 20 col 1
(Loading /usr/share/perl5/LaTeXML/Package/neurips.sty.ltxml...
(Loading /usr/share/perl5/LaTeXML/Package/geometry.sty.ltxml...
(Loading /usr/share/perl5/LaTeXML/Package/keyval.sty.ltxml...
(Processing definitions /usr/share/texlive/texmf-dist/tex/latex/graphics/keyval.sty... 0.01 sec) 0.01 sec)
(Loading /usr/share/perl5/LaTeXML/Package/ifpdf.sty.ltxml... 0.00 sec)
(Loading /usr/share/perl5/LaTeXML/Package/ifvtex.sty.ltxml...
(Loading /usr/share/perl5/LaTeXML/Package/iftex.sty.ltxml... 0.00 sec) 0.01 sec)
(Loading /usr/share/perl5/LaTeXML/Package/ifxetex.sty.ltxml... 0.00 sec) 0.03 sec)
(Loading /usr/share/perl5/LaTeXML/Package/lineno.sty.ltxml... 0.00 sec)
(Loading /usr/share/perl5/LaTeXML/Package/natbib.sty.ltxml...
Info:unexpected:final Unexpected option 'final' passed to natbib.sty
	at natbib.sty.ltxml; line 101
 0.01 sec) 0.06 sec)
(Loading /usr/share/perl5/LaTeXML/Package/inputenc.sty.ltxml...
(Loading /usr/share/perl5/LaTeXML/Package/utf8.def.ltxml... 0.00 sec) 0.01 sec)
(Loading /usr/share/perl5/LaTeXML/Package/fontenc.sty.ltxml...
(Loading /usr/share/perl5/LaTeXML/Package/t1enc.def.ltxml...
(Processing definitions /usr/share/texlive/texmf-dist/tex/latex/base/t1enc.def...
(Processing definitions /usr/share/texlive/texmf-dist/tex/latex/base/t1enc.dfu... 0.03 sec)
(Loading /usr/share/perl5/LaTeXML/Package/t1.fontmap.ltxml... 0.00 sec) 0.06 sec) 0.07 sec) 0.07 sec)
(Loading /usr/share/perl5/LaTeXML/Package/hyperref.sty.ltxml...
(Loading /usr/share/perl5/LaTeXML/Package/ltxcmds.sty.ltxml...
(Processing definitions /usr/share/texlive/texmf-dist/tex/generic/ltxcmds/ltxcmds.sty... 0.05 sec) 0.05 sec)
(Loading /usr/share/perl5/LaTeXML/Package/kvsetkeys.sty.ltxml...
(Processing definitions /usr/share/texlive/texmf-dist/tex/latex/kvsetkeys/kvsetkeys.sty... 0.03 sec) 0.04 sec)
(Loading /usr/share/perl5/LaTeXML/Package/kvdefinekeys.sty.ltxml...
(Processing definitions /usr/share/texlive/texmf-dist/tex/generic/kvdefinekeys/kvdefinekeys.sty... 0.02 sec) 0.02 sec)
(Loading /usr/share/perl5/LaTeXML/Package/kvoptions.sty.ltxml...
(Processing definitions /usr/share/texlive/texmf-dist/tex/latex/kvoptions/kvoptions.sty... 0.08 sec) 0.08 sec)
(Loading /usr/share/perl5/LaTeXML/Package/nameref.sty.ltxml...
(Loading /usr/share/perl5/LaTeXML/Package/refcount.sty.ltxml...
(Processing definitions /usr/share/texlive/texmf-dist/tex/latex/refcount/refcount.sty...
(Loading /usr/share/perl5/LaTeXML/Package/infwarerr.sty.ltxml...
(Processing definitions /usr/share/texlive/texmf-dist/tex/generic/infwarerr/infwarerr.sty... 0.03 sec) 0.03 sec) 0.07 sec) 0.07 sec)
(Loading /usr/share/perl5/LaTeXML/Package/gettitlestring.sty.ltxml...
(Processing definitions /usr/share/texlive/texmf-dist/tex/generic/gettitlestring/gettitlestring.sty... 0.08 sec) 0.08 sec) 0.16 sec)
(Loading /usr/share/perl5/LaTeXML/Package/url.sty.ltxml... 0.00 sec)
(Loading /usr/share/perl5/LaTeXML/Package/bitset.sty.ltxml...
(Processing definitions /usr/share/texlive/texmf-dist/tex/generic/bitset/bitset.sty...
(Loading /usr/share/perl5/LaTeXML/Package/intcalc.sty.ltxml...
(Processing definitions /usr/share/texlive/texmf-dist/tex/generic/intcalc/intcalc.sty... 0.03 sec) 0.03 sec)
(Loading /usr/share/perl5/LaTeXML/Package/bigintcalc.sty.ltxml...
(Processing definitions /usr/share/texlive/texmf-dist/tex/generic/bigintcalc/bigintcalc.sty...
(Loading /usr/share/perl5/LaTeXML/Package/pdftexcmds.sty.ltxml... 0.00 sec) 0.09 sec) 0.09 sec) 0.22 sec) 0.22 sec) 0.62 sec)
(Loading /usr/share/perl5/LaTeXML/Package/booktabs.sty.ltxml... 0.00 sec)
(Loading /usr/share/perl5/LaTeXML/Package/amsfonts.sty.ltxml... 0.00 sec)
(Loading /usr/share/perl5/LaTeXML/Package/nicefrac.sty.ltxml...
(Loading /usr/share/perl5/LaTeXML/Package/ifthen.sty.ltxml...
(Processing definitions /usr/share/texlive/texmf-dist/tex/latex/base/ifthen.sty... 0.01 sec) 0.01 sec) 0.02 sec)
(Loading /usr/share/perl5/LaTeXML/Package/microtype.sty.ltxml... 0.00 sec)
(Loading /usr/share/perl5/LaTeXML/Package/xcolor.sty.ltxml...
(Loading /usr/share/perl5/LaTeXML/Package/color.sty.ltxml... 0.01 sec)
(Processing definitions /usr/share/texlive/texmf-dist/tex/latex/graphics/dvipsnam.def... 0.05 sec) 0.09 sec)
(Loading /usr/share/perl5/LaTeXML/Package/graphicx.sty.ltxml...
(Loading /usr/share/perl5/LaTeXML/Package/graphics.sty.ltxml... 0.01 sec) 0.02 sec)
(Loading /usr/share/perl5/LaTeXML/Package/subfigure.sty.ltxml... 0.01 sec)
(Loading /usr/share/perl5/LaTeXML/Package/enumitem.sty.ltxml... 0.01 sec)
(Loading /usr/share/perl5/LaTeXML/Package/amsmath.sty.ltxml...
(Loading /usr/share/perl5/LaTeXML/Package/amsbsy.sty.ltxml...
(Loading /usr/share/perl5/LaTeXML/Package/amsgen.sty.ltxml... 0.00 sec) 0.01 sec)
(Loading /usr/share/perl5/LaTeXML/Package/amstext.sty.ltxml... 0.01 sec)
(Loading /usr/share/perl5/LaTeXML/Package/amsopn.sty.ltxml... 0.01 sec) 0.05 sec)
(Loading /usr/share/perl5/LaTeXML/Package/amssymb.sty.ltxml... 0.01 sec)
(Loading /usr/share/perl5/LaTeXML/Package/mathtools.sty.ltxml...
(Loading /usr/share/perl5/LaTeXML/Package/calc.sty.ltxml... 0.00 sec) 0.03 sec)
(Loading /usr/share/perl5/LaTeXML/Package/amsthm.sty.ltxml... 0.01 sec)
(Loading /usr/share/perl5/LaTeXML/Package/wrapfig.sty.ltxml... 0.00 sec)
(Processing content /home/miri/Documents/DataLit/arXiv_src_fetcher/ICLR_2023_first100/-ltZ1uw8ZE7/defs.tex... 0.03 sec)
(Loading /usr/share/perl5/LaTeXML/Package/paralist.sty.ltxml... 0.01 sec)
(Loading /usr/share/perl5/LaTeXML/Package/adjustbox.sty.ltxml...
Warning:missing_file:adjustbox Can't find package adjustbox
	at adjustbox.sty.ltxml; line 18
	Anticipate undefined macros or environments
	search paths are /home/miri/Documents/DataLit/arXiv_src_fetcher/ICLR_2023_first100/-ltZ1uw8ZE7
	In Core::Gullet[@0x62ff79c8aa30] /usr/share/perl5/LaTeXML/Package/adjustbox.sty.ltxml; line 18
 0.01 sec)
(Processing content /home/miri/Documents/DataLit/arXiv_src_fetcher/ICLR_2023_first100/-ltZ1uw8ZE7/mainpaper.tex...
Error:undefined:{adjustbox} The environment {adjustbox} is not defined.
	at mainpaper.tex; line 339 col 17 - line 339 col 17
	Next token is T_BEGIN[{] ( == T_BEGIN[{])
	In Core::Definition::Expandable[\begin {}] /usr/share/perl5/LaTeXML/Package/LaTeX.pool.ltxml; line 182
	 <= Core::Gullet[@0x62ff79c8aa30] <= Core::Stomach[@0x62ff7c4fdd50] <= Core::Definition::Constructor[\begin{... <= ...
 2.96 sec)
(Processing content /home/miri/Documents/DataLit/arXiv_src_fetcher/ICLR_2023_first100/-ltZ1uw8ZE7/supp.tex... 5.13 sec)
Warning:unexpected:\end{document} Attempt to end document with open groups, environments or conditionals
	at main.tex; line 104 col 0 - line 104 col 14
	Group opened by { mainpaper.tex; line 580 col 20 - line 580 col 20
	In Core::Definition::Constructor[\end{do... /usr/share/perl5/LaTeXML/Package/LaTeX.pool.ltxml; line 408
 9.60 sec) 9.78 sec)
(Building...
(Loading compiled schema /usr/share/perl5/LaTeXML/resources/RelaxNG/LaTeXML.model... 0.01 sec)
Warning:malformed:_CaptureBlock_ Did not find a block-like candidate in ltx:p (with attributes (width=LaTeXML::Common::Dimension=ARRAY(0x62ff8169c688);vattach=middle;class=ltx_minipage)
	at mainpaper.tex; line 339 col 19 - line 339 col 19
	In Core::Definition::Constructor[\begin{... /usr/share/perl5/LaTeXML/Package/LaTeX.pool.ltxml; line 4963
Error:malformed:ltx:toccaption <ltx:toccaption> isn't allowed in <ltx:block>
	at mainpaper.tex; line 341 col 0 - line 378 col 14
	Currently in ...<ltx:section _box="LaTeXML::Core::Whatsit=HASH(0x..." _font="Font[serif,medium,upright,10,r..." inlist="toc" xml:id="S3" _ID_counter_p_="1">...<ltx:subsection _box="LaTeXML::Core::Whatsit=HASH(0x..." _font="Font[serif,medium,upright,10,r..." inlist="toc" xml:id="S3.SS4" _ID_counter_m_="1" labels="LABEL:sec:CDM" _ID_counter_p_="6">...<ltx:table _box="LaTeXML::Core::Whatsit=HASH(0x..." _font="Font[serif,medium,upright,10,r..." inlist="lot" placement="tbp" xml:id="S3.T2" labels="LABEL:table:agedb-accuracy" _ID_counter_m_="2">...<ltx:p _autoopened="1" _box="LaTeXML::Core::List=HASH(0x62f..." _font="Font[serif,medium,upright,10,r...">...<ltx:block _box="LaTeXML::Core::Whatsit=HASH(0x..." _font="Font[serif,medium,upright,10,r..." _vertical_mode_="1" class="ltx_minipage" vattach="middle" width="212.5pt"/>
	In Core::Document[@0x62ff7d267d18] /home/miri/Documents/DataLit/arXiv_src_fetcher/ICLR_2023_first100/-ltZ1uw8ZE7/mainpaper.tex; from line 341 col 0 to line 378 col 14
	 <= Core::Definition::Constructor[\begin{... <= Whatsit[\begin{minipage},undef,undef,... <= Core::Document[@0x62ff7d267d18] <= ...
Error:malformed:ltx:caption <ltx:caption> isn't allowed in <ltx:block>
	at mainpaper.tex; line 341 col 0 - line 378 col 14
	Currently in ...<ltx:section _box="LaTeXML::Core::Whatsit=HASH(0x..." _font="Font[serif,medium,upright,10,r..." inlist="toc" xml:id="S3" _ID_counter_p_="1">...<ltx:subsection _box="LaTeXML::Core::Whatsit=HASH(0x..." _font="Font[serif,medium,upright,10,r..." inlist="toc" xml:id="S3.SS4" _ID_counter_m_="1" labels="LABEL:sec:CDM" _ID_counter_p_="6">...<ltx:table _box="LaTeXML::Core::Whatsit=HASH(0x..." _font="Font[serif,medium,upright,10,r..." inlist="lot" placement="tbp" xml:id="S3.T2" labels="LABEL:table:agedb-accuracy" _ID_counter_m_="2">...<ltx:p _autoopened="1" _box="LaTeXML::Core::List=HASH(0x62f..." _font="Font[serif,medium,upright,10,r...">...<ltx:block _box="LaTeXML::Core::Whatsit=HASH(0x..." _font="Font[serif,medium,upright,10,r..." _vertical_mode_="1" class="ltx_minipage" vattach="middle" width="212.5pt">...
	In Core::Document[@0x62ff7d267d18] /home/miri/Documents/DataLit/arXiv_src_fetcher/ICLR_2023_first100/-ltZ1uw8ZE7/mainpaper.tex; from line 341 col 0 to line 378 col 14
	 <= Core::Definition::Constructor[\begin{... <= Whatsit[\begin{minipage},undef,undef,... <= Core::Document[@0x62ff7d267d18] <= ...
Warning:malformed:_CaptureBlock_ Did not find a block-like candidate in ltx:p (with attributes (width=LaTeXML::Common::Dimension=ARRAY(0x62ff81c8a0d8);vattach=middle;class=ltx_minipage)
	at mainpaper.tex; line 339 col 19 - line 339 col 19
	In Core::Definition::Constructor[\begin{... /usr/share/perl5/LaTeXML/Package/LaTeX.pool.ltxml; line 4963
Error:malformed:ltx:toccaption <ltx:toccaption> isn't allowed in <ltx:block>
	at mainpaper.tex; line 383 col 0 - line 420 col 14
	Currently in ...<ltx:section _box="LaTeXML::Core::Whatsit=HASH(0x..." _font="Font[serif,medium,upright,10,r..." inlist="toc" xml:id="S3" _ID_counter_p_="1">...<ltx:subsection _box="LaTeXML::Core::Whatsit=HASH(0x..." _font="Font[serif,medium,upright,10,r..." inlist="toc" xml:id="S3.SS4" _ID_counter_m_="1" labels="LABEL:sec:CDM" _ID_counter_p_="6">...<ltx:table _box="LaTeXML::Core::Whatsit=HASH(0x..." _font="Font[serif,medium,upright,10,r..." inlist="lot" placement="tbp" xml:id="S3.T2" labels="LABEL:table:agedb-accuracy LAB..." _ID_counter_m_="4">...<ltx:p _autoopened="1" _box="LaTeXML::Core::List=HASH(0x62f..." _font="Font[serif,medium,upright,10,r...">...<ltx:block _box="LaTeXML::Core::Whatsit=HASH(0x..." _font="Font[serif,medium,upright,10,r..." _vertical_mode_="1" class="ltx_minipage" vattach="middle" width="212.5pt"/>
	In Core::Document[@0x62ff7d267d18] /home/miri/Documents/DataLit/arXiv_src_fetcher/ICLR_2023_first100/-ltZ1uw8ZE7/mainpaper.tex; from line 383 col 0 to line 420 col 14
	 <= Core::Definition::Constructor[\begin{... <= Whatsit[\begin{minipage},undef,undef,... <= Core::Document[@0x62ff7d267d18] <= ...
Error:malformed:ltx:caption <ltx:caption> isn't allowed in <ltx:block>
	at mainpaper.tex; line 383 col 0 - line 420 col 14
	Currently in ...<ltx:section _box="LaTeXML::Core::Whatsit=HASH(0x..." _font="Font[serif,medium,upright,10,r..." inlist="toc" xml:id="S3" _ID_counter_p_="1">...<ltx:subsection _box="LaTeXML::Core::Whatsit=HASH(0x..." _font="Font[serif,medium,upright,10,r..." inlist="toc" xml:id="S3.SS4" _ID_counter_m_="1" labels="LABEL:sec:CDM" _ID_counter_p_="6">...<ltx:table _box="LaTeXML::Core::Whatsit=HASH(0x..." _font="Font[serif,medium,upright,10,r..." inlist="lot" placement="tbp" xml:id="S3.T2" labels="LABEL:table:agedb-accuracy LAB..." _ID_counter_m_="4">...<ltx:p _autoopened="1" _box="LaTeXML::Core::List=HASH(0x62f..." _font="Font[serif,medium,upright,10,r...">...<ltx:block _box="LaTeXML::Core::Whatsit=HASH(0x..." _font="Font[serif,medium,upright,10,r..." _vertical_mode_="1" class="ltx_minipage" vattach="middle" width="212.5pt">...
	In Core::Document[@0x62ff7d267d18] /home/miri/Documents/DataLit/arXiv_src_fetcher/ICLR_2023_first100/-ltZ1uw8ZE7/mainpaper.tex; from line 383 col 0 to line 420 col 14
	 <= Core::Definition::Constructor[\begin{... <= Whatsit[\begin{minipage},undef,undef,... <= Core::Document[@0x62ff7d267d18] <= ...
 6.53 sec)
(Rewriting... 0.38 sec)
(Math Parsing 581 formulae ......
Warning:not_parsed:RELOP.UNKNOWN.POSTSUBSCRIPT>OPEN MathParser failed to match rule 'Anything'
	at mainpaper.tex; line 88 col 4 - line 88 col 4
	In "$\displaystyle\log p_{\theta}({\bf x}_{i},y_{i})=\mathcal{D}_{\mathcal{KL}}%
	\big{(}q_{\phi}({\bf z}_{i}|\{{\bf x}_{i}\}^{N}_{i=1})||p_{\theta}({\bf z}_{i}%
	|{\bf x}_{i},y_{i})\big{)}+\mathcal{L}(\theta,\phi;{\bf x}_{i},y_{i}).\@@ENDINLINEMATH"
	log[[OPFUNCTION]] p[[UNKNOWN]] _{\theta}[[POSTSUBSCRIPT]] ([[OPEN]] x[[UNKNOWN]] _{i}[[POSTSUBSCRIPT]] ,[[PUNCT]] y[[UNKNOWN]] _{i}[[POSTSUBSCRIPT]] )[[CLOSE]] =[[RELOP]] D[[UNKNOWN]] _{\mathcal{KL}}[[POSTSUBSCRIPT]]
	        > ([[OPEN]] q[[UNKNOWN]] _{\phi}[[POSTSUBSCRIPT]] ([[OPEN]] z[[UNKNOWN]] _{i}[[POSTSUBSCRIPT]] |[[VERTBAR]] \{[[OPEN]] x[[UNKNOWN]] _{i}[[POSTSUBSCRIPT]] \}[[CLOSE]] ^{N}[[POSTSUPERSCRIPT]] _{i=1}[[POSTSUBSCRIPT]] )[[CLOSE]] |[[VERTBAR]] |[[VERTBAR]] p[[UNKNOWN]] _{\theta}[[POSTSUBSCRIPT]] ([[OPEN]] z[[UNKNOWN]] _{i}[[POSTSUBSCRIPT]] |[[VERTBAR]] x[[UNKNOWN]] _{i}[[POSTSUBSCRIPT]] ,[[PUNCT]] y[[UNKNOWN]] _{i}[[POSTSUBSCRIPT]] )[[CLOSE]] )[[CLOSE]] +[[ADDOP]] L[[UNKNOWN]] ([[OPEN]] θ[[UNKNOWN]] ,[[PUNCT]] ϕ[[UNKNOWN]] ;[[PUNCT]] x[[UNKNOWN]] _{i}[[POSTSUBSCRIPT]] ,[[PUNCT]] y[[UNKNOWN]] _{i}[[POSTSUBSCRIPT]] )[[CLOSE]]
Warning:not_parsed:RELOP.UNKNOWN.POSTSUBSCRIPT>OPEN MathParser failed to match rule 'Anything'
	at mainpaper.tex; line 88 col 4 - line 90 col 12
	In "$\displaystyle\log p_{\theta}({\bf x}_{i},y_{i})=\mathcal{D}_{\mathcal{KL}}%
	\big{(}q_{\phi}({\bf z}_{i}|\{{\bf x}_{i}\}^{N}_{i=1})||p_{\theta}({\bf z}_{i}%
	|{\bf x}_{i},y_{i})\big{)}+\mathcal{L}(\theta,\phi;{\bf x}_{i},y_{i}).$"
	log[[OPFUNCTION]] p[[UNKNOWN]] _{\theta}[[POSTSUBSCRIPT]] ([[OPEN]] x[[UNKNOWN]] _{i}[[POSTSUBSCRIPT]] ,[[PUNCT]] y[[UNKNOWN]] _{i}[[POSTSUBSCRIPT]] )[[CLOSE]] =[[RELOP]] D[[UNKNOWN]] _{\mathcal{KL}}[[POSTSUBSCRIPT]]
	        > ([[OPEN]] q[[UNKNOWN]] _{\phi}[[POSTSUBSCRIPT]] ([[OPEN]] z[[UNKNOWN]] _{i}[[POSTSUBSCRIPT]] |[[VERTBAR]] \{[[OPEN]] x[[UNKNOWN]] _{i}[[POSTSUBSCRIPT]] \}[[CLOSE]] ^{N}[[POSTSUPERSCRIPT]] _{i=1}[[POSTSUBSCRIPT]] )[[CLOSE]] |[[VERTBAR]] |[[VERTBAR]] p[[UNKNOWN]] _{\theta}[[POSTSUBSCRIPT]] ([[OPEN]] z[[UNKNOWN]] _{i}[[POSTSUBSCRIPT]] |[[VERTBAR]] x[[UNKNOWN]] _{i}[[POSTSUBSCRIPT]] ,[[PUNCT]] y[[UNKNOWN]] _{i}[[POSTSUBSCRIPT]] )[[CLOSE]] )[[CLOSE]] +[[ADDOP]] L[[UNKNOWN]] ([[OPEN]] θ[[UNKNOWN]] ,[[PUNCT]] ϕ[[UNKNOWN]] ;[[PUNCT]] x[[UNKNOWN]] _{i}[[POSTSUBSCRIPT]] ,[[PUNCT]] y[[UNKNOWN]] _{i}[[POSTSUBSCRIPT]] )[[CLOSE]]
Warning:not_parsed:UNKNOWN.POSTSUBSCRIPT>OPEN MathParser failed to match rule 'Anything'
	at mainpaper.tex; line 100 col 95 - line 100 col 95
	In "$\displaystyle\mathcal{L}(\theta,\phi;{\bf x}_{i},y_{i})=\underbrace{\mathbb{E%
	}_{q}\big{[}\log p_{\theta}({\bf x}_{i}|{\bf z}_{i})\big{]}}_{{\mathcal{L}}_{i%
	}^{{\mathcal{D}}}}+\underbrace{\mathbb{E}_{q}\big{[}\log p_{\theta}(y_{i}|{\bf
	z%
	}_{i})\big{]}}_{{\mathcal{L}}_{i}^{{\mathcal{P}}}}-\underbrace{\mathcal{D}_{%
	\mathcal{KL}}(q_{\phi}({\bf z}_{i}|\{{\bf x}_{i}\}^{N}_{i=1})||p_{\theta}({\bf
	z%
	}_{i}))}_{{\mathcal{L}}_{i}^{{\mathcal{K}}{\mathcal{L}}}}.\@@ENDINLINEMATH"
	D[[UNKNOWN]] _{\mathcal{KL}}[[POSTSUBSCRIPT]]
	        > ([[OPEN]] q[[UNKNOWN]] _{\phi}[[POSTSUBSCRIPT]] ([[OPEN]] z[[UNKNOWN]] _{i}[[POSTSUBSCRIPT]] |[[VERTBAR]] \{[[OPEN]] x[[UNKNOWN]] _{i}[[POSTSUBSCRIPT]] \}[[CLOSE]] ^{N}[[POSTSUPERSCRIPT]] _{i=1}[[POSTSUBSCRIPT]] )[[CLOSE]] |[[VERTBAR]] |[[VERTBAR]] p[[UNKNOWN]] _{\theta}[[POSTSUBSCRIPT]] ([[OPEN]] z[[UNKNOWN]] _{i}[[POSTSUBSCRIPT]] )[[CLOSE]] )[[CLOSE]]
Warning:not_parsed:UNKNOWN.POSTSUBSCRIPT>OPEN MathParser failed to match rule 'Anything'
	at mainpaper.tex; line 100 col 95 - line 100 col 95
	In "$\displaystyle\mathcal{L}(\theta,\phi;{\bf x}_{i},y_{i})=\underbrace{\mathbb{E%
	}_{q}\big{[}\log p_{\theta}({\bf x}_{i}|{\bf z}_{i})\big{]}}_{{\mathcal{L}}_{i%
	}^{{\mathcal{D}}}}+\underbrace{\mathbb{E}_{q}\big{[}\log p_{\theta}(y_{i}|{\bf
	z%
	}_{i})\big{]}}_{{\mathcal{L}}_{i}^{{\mathcal{P}}}}-\underbrace{\mathcal{D}_{%
	\mathcal{KL}}(q_{\phi}({\bf z}_{i}|\{{\bf x}_{i}\}^{N}_{i=1})||p_{\theta}({\bf
	z%
	}_{i}))}_{{\mathcal{L}}_{i}^{{\mathcal{K}}{\mathcal{L}}}}.$"
	D[[UNKNOWN]] _{\mathcal{KL}}[[POSTSUBSCRIPT]]
	        > ([[OPEN]] q[[UNKNOWN]] _{\phi}[[POSTSUBSCRIPT]] ([[OPEN]] z[[UNKNOWN]] _{i}[[POSTSUBSCRIPT]] |[[VERTBAR]] \{[[OPEN]] x[[UNKNOWN]] _{i}[[POSTSUBSCRIPT]] \}[[CLOSE]] ^{N}[[POSTSUPERSCRIPT]] _{i=1}[[POSTSUBSCRIPT]] )[[CLOSE]] |[[VERTBAR]] |[[VERTBAR]] p[[UNKNOWN]] _{\theta}[[POSTSUBSCRIPT]] ([[OPEN]] z[[UNKNOWN]] _{i}[[POSTSUBSCRIPT]] )[[CLOSE]] )[[CLOSE]]
Warning:not_parsed:UNKNOWN>OPEN MathParser failed to match rule 'Anything'
	at mainpaper.tex; line 134 col 194 - line 134 col 225
	In "$\mathcal{N}({\bf z}_{i}^{\mu},{\bf z}_{i}^{\Sigma}$"
	N[[UNKNOWN]]
	        > ([[OPEN]] z[[UNKNOWN]] _{i}[[POSTSUBSCRIPT]] ^{\mu}[[POSTSUPERSCRIPT]] ,[[PUNCT]] z[[UNKNOWN]] _{i}[[POSTSUBSCRIPT]] ^{\Sigma}[[POSTSUPERSCRIPT]]
Warning:not_parsed:>VERTBAR MathParser failed to match rule 'Anything'
	at mainpaper.tex; line 633 col 464 - line 633 col 473
	In "$|\cdot|$"
	> |[[VERTBAR]] ⋅[[MULOP]] |[[VERTBAR]]
Warning:not_parsed:>VERTBAR MathParser failed to match rule 'Anything'
	at supp.tex; line 81 col 9 - line 81 col 9
	In "$\displaystyle\bigg{|}\widehat{R}_{\textsc{VIR}}(\widehat{Y}^{ERM}|\tilde{P})-%
	\mathbb{E}_{O}[\widehat{R}_{\textsc{VIR}}(\widehat{Y}^{ERM}|\tilde{P})]\bigg{|%
	}\leq\dfrac{\Delta}{|\mathcal{B}|}\sqrt{\dfrac{\log(2|\mathcal{H}|/\eta)}{2}}%
	\sqrt{\sum_{i=1}^{|\mathcal{B}|}\dfrac{1}{\tilde{P}_{i}^{2}}}.\@@ENDINLINEMATH"
	> |[[VERTBAR]] \widehat{R}[[UNKNOWN]] _{\textsc{VIR}}[[POSTSUBSCRIPT]] ([[OPEN]] \widehat{Y}[[UNKNOWN]] ^{ERM}[[POSTSUPERSCRIPT]] |[[VERTBAR]] \tilde{P}[[UNKNOWN]] )[[CLOSE]] -[[ADDOP]] E[[UNKNOWN]] _{O}[[POSTSUBSCRIPT]] [[[OPEN]] \widehat{R}[[UNKNOWN]] _{\textsc{VIR}}[[POSTSUBSCRIPT]] ([[OPEN]] \widehat{Y}[[UNKNOWN]] ^{ERM}[[POSTSUPERSCRIPT]] |[[VERTBAR]] \tilde{P}[[UNKNOWN]] )[[CLOSE]] ][[CLOSE]] |[[VERTBAR]] ≤[[RELOP]] \dfrac{\Delta}{|\mathcal{B}|}[[UNKNOWN]] \sqrt{\dfrac{\log(2|\mathcal{H}|/\eta)}{2}}[[UNKNOWN]] \sqrt{\sum_{i=1}^{|\mathcal{B}|}\dfrac{1}{\tilde{P}_{i}^{2}}}[[UNKNOWN]]
Warning:not_parsed:>VERTBAR MathParser failed to match rule 'Anything'
	at supp.tex; line 81 col 9 - line 82 col 12
	In "$\displaystyle\bigg{|}\widehat{R}_{\textsc{VIR}}(\widehat{Y}^{ERM}|\tilde{P})-%
	\mathbb{E}_{O}[\widehat{R}_{\textsc{VIR}}(\widehat{Y}^{ERM}|\tilde{P})]\bigg{|%
	}\leq\dfrac{\Delta}{|\mathcal{B}|}\sqrt{\dfrac{\log(2|\mathcal{H}|/\eta)}{2}}%
	\sqrt{\sum_{i=1}^{|\mathcal{B}|}\dfrac{1}{\tilde{P}_{i}^{2}}}.$"
	> |[[VERTBAR]] \widehat{R}[[UNKNOWN]] _{\textsc{VIR}}[[POSTSUBSCRIPT]] ([[OPEN]] \widehat{Y}[[UNKNOWN]] ^{ERM}[[POSTSUPERSCRIPT]] |[[VERTBAR]] \tilde{P}[[UNKNOWN]] )[[CLOSE]] -[[ADDOP]] E[[UNKNOWN]] _{O}[[POSTSUBSCRIPT]] [[[OPEN]] \widehat{R}[[UNKNOWN]] _{\textsc{VIR}}[[POSTSUBSCRIPT]] ([[OPEN]] \widehat{Y}[[UNKNOWN]] ^{ERM}[[POSTSUPERSCRIPT]] |[[VERTBAR]] \tilde{P}[[UNKNOWN]] )[[CLOSE]] ][[CLOSE]] |[[VERTBAR]] ≤[[RELOP]] \dfrac{\Delta}{|\mathcal{B}|}[[UNKNOWN]] \sqrt{\dfrac{\log(2|\mathcal{H}|/\eta)}{2}}[[UNKNOWN]] \sqrt{\sum_{i=1}^{|\mathcal{B}|}\dfrac{1}{\tilde{P}_{i}^{2}}}[[UNKNOWN]]
Warning:not_parsed:UNKNOWN>OPEN MathParser failed to match rule 'Anything'
	at supp.tex; line 95 col 11 - line 95 col 11
	In "$\displaystyle\mathbb{P}\Bigg{(}\bigg{|}|\mathcal{B}|\cdot\widehat{R}_{\textsc%
	{VIR}}(\widehat{Y}^{ERM}|\tilde{P})-|\mathcal{B}|\cdot\mathbb{E}_{O}[\widehat{%
	R}_{\textsc{VIR}}(\widehat{Y}^{ERM}|\tilde{P})]\bigg{|}\geq\epsilon_{0}\Bigg{)%
	}\leq 2\exp\Big{(}\dfrac{-2\epsilon_{0}^{2}}{\Delta^{2}\sum_{i=1}^{|\mathcal{B%
	}|}\dfrac{1}{|\mathcal{U}_{i}|}\sum_{j\in\mathcal{U}_{i}}\dfrac{1}{\tilde{P}_{%
	i}^{2}}}\Big{)}\@@ENDINLINEMATH"
	P[[UNKNOWN]]
	        > ([[OPEN]] |[[VERTBAR]] |[[VERTBAR]] B[[UNKNOWN]] |[[VERTBAR]] ⋅[[MULOP]] \widehat{R}[[UNKNOWN]] _{\textsc{VIR}}[[POSTSUBSCRIPT]] ([[OPEN]] \widehat{Y}[[UNKNOWN]] ^{ERM}[[POSTSUPERSCRIPT]] |[[VERTBAR]] \tilde{P}[[UNKNOWN]] )[[CLOSE]] -[[ADDOP]] |[[VERTBAR]] B[[UNKNOWN]] |[[VERTBAR]] ⋅[[MULOP]] E[[UNKNOWN]] _{O}[[POSTSUBSCRIPT]] [[[OPEN]] \widehat{R}[[UNKNOWN]] _{\textsc{VIR}}[[POSTSUBSCRIPT]] ([[OPEN]] \widehat{Y}[[UNKNOWN]] ^{ERM}[[POSTSUPERSCRIPT]] |[[VERTBAR]] \tilde{P}[[UNKNOWN]] )[[CLOSE]] ][[CLOSE]] |[[VERTBAR]] ≥[[RELOP]] ϵ[[UNKNOWN]] _{0}[[POSTSUBSCRIPT]] )[[CLOSE]] ≤[[RELOP]] 2[[NUMBER]] exp[[OPFUNCTION]] ([[OPEN]] \dfrac{-2\epsilon_{0}^{2}}{\Delta^{2}\sum_{i=1}^{|\mathcal{B}|}\dfrac{1}{|\mathcal{U}_{i}|}\sum_{j\in\mathcal{U}_{i}}\dfrac{1}{\tilde{P}_{i}^{2}}}[[UNKNOWN]] )[[CLOSE]]
Warning:not_parsed:UNKNOWN>OPEN MathParser failed to match rule 'Anything'
	at supp.tex; line 95 col 11 - line 95 col 223
	In "$\displaystyle\mathbb{P}\Bigg{(}\bigg{|}|\mathcal{B}|\cdot\widehat{R}_{\textsc%
	{VIR}}(\widehat{Y}^{ERM}|\tilde{P})-|\mathcal{B}|\cdot\mathbb{E}_{O}[\widehat{%
	R}_{\textsc{VIR}}(\widehat{Y}^{ERM}|\tilde{P})]\bigg{|}\geq\epsilon_{0}\Bigg{)}$"
	P[[UNKNOWN]]
	        > ([[OPEN]] |[[VERTBAR]] |[[VERTBAR]] B[[UNKNOWN]] |[[VERTBAR]] ⋅[[MULOP]] \widehat{R}[[UNKNOWN]] _{\textsc{VIR}}[[POSTSUBSCRIPT]] ([[OPEN]] \widehat{Y}[[UNKNOWN]] ^{ERM}[[POSTSUPERSCRIPT]] |[[VERTBAR]] \tilde{P}[[UNKNOWN]] )[[CLOSE]] -[[ADDOP]] |[[VERTBAR]] B[[UNKNOWN]] |[[VERTBAR]] ⋅[[MULOP]] E[[UNKNOWN]] _{O}[[POSTSUBSCRIPT]] [[[OPEN]] \widehat{R}[[UNKNOWN]] _{\textsc{VIR}}[[POSTSUBSCRIPT]] ([[OPEN]] \widehat{Y}[[UNKNOWN]] ^{ERM}[[POSTSUPERSCRIPT]] |[[VERTBAR]] \tilde{P}[[UNKNOWN]] )[[CLOSE]] ][[CLOSE]] |[[VERTBAR]] ≥[[RELOP]] ϵ[[UNKNOWN]] _{0}[[POSTSUBSCRIPT]] )[[CLOSE]]
Warning:not_parsed:METARELOP.UNKNOWN>OPEN MathParser failed to match rule 'Anything'
	at supp.tex; line 96 col 8 - line 96 col 8
	In "$\displaystyle\iff\mathbb{P}\Bigg{(}\bigg{|}\widehat{R}_{\textsc{VIR}}(%
	\widehat{Y}^{ERM}|\tilde{P})-\mathbb{E}_{O}[\widehat{R}_{\textsc{VIR}}(%
	\widehat{Y}^{ERM}|\tilde{P})]\bigg{|}\geq\epsilon\Bigg{)}\leq 2\exp\Big{(}%
	\dfrac{-2\epsilon^{2}|\mathcal{B}|^{2}}{\Delta^{2}\sum_{i=1}^{|\mathcal{B}|}%
	\dfrac{1}{\tilde{P}_{i}^{2}}}\Big{)}.\@@ENDINLINEMATH"
	⇔[[METARELOP]] P[[UNKNOWN]]
	        > ([[OPEN]] |[[VERTBAR]] \widehat{R}[[UNKNOWN]] _{\textsc{VIR}}[[POSTSUBSCRIPT]] ([[OPEN]] \widehat{Y}[[UNKNOWN]] ^{ERM}[[POSTSUPERSCRIPT]] |[[VERTBAR]] \tilde{P}[[UNKNOWN]] )[[CLOSE]] -[[ADDOP]] E[[UNKNOWN]] _{O}[[POSTSUBSCRIPT]] [[[OPEN]] \widehat{R}[[UNKNOWN]] _{\textsc{VIR}}[[POSTSUBSCRIPT]] ([[OPEN]] \widehat{Y}[[UNKNOWN]] ^{ERM}[[POSTSUPERSCRIPT]] |[[VERTBAR]] \tilde{P}[[UNKNOWN]] )[[CLOSE]] ][[CLOSE]] |[[VERTBAR]] ≥[[RELOP]] ϵ[[UNKNOWN]] )[[CLOSE]] ≤[[RELOP]] 2[[NUMBER]] exp[[OPFUNCTION]] ([[OPEN]] \dfrac{-2\epsilon^{2}|\mathcal{B}|^{2}}{\Delta^{2}\sum_{i=1}^{|\mathcal{B}|}\dfrac{1}{\tilde{P}_{i}^{2}}}[[UNKNOWN]] )[[CLOSE]]
Warning:not_parsed:METARELOP.UNKNOWN>OPEN MathParser failed to match rule 'Anything'
	at supp.tex; line 96 col 8 - line 96 col 184
	In "$\displaystyle\iff\mathbb{P}\Bigg{(}\bigg{|}\widehat{R}_{\textsc{VIR}}(%
	\widehat{Y}^{ERM}|\tilde{P})-\mathbb{E}_{O}[\widehat{R}_{\textsc{VIR}}(%
	\widehat{Y}^{ERM}|\tilde{P})]\bigg{|}\geq\epsilon\Bigg{)}$"
	⇔[[METARELOP]] P[[UNKNOWN]]
	        > ([[OPEN]] |[[VERTBAR]] \widehat{R}[[UNKNOWN]] _{\textsc{VIR}}[[POSTSUBSCRIPT]] ([[OPEN]] \widehat{Y}[[UNKNOWN]] ^{ERM}[[POSTSUPERSCRIPT]] |[[VERTBAR]] \tilde{P}[[UNKNOWN]] )[[CLOSE]] -[[ADDOP]] E[[UNKNOWN]] _{O}[[POSTSUBSCRIPT]] [[[OPEN]] \widehat{R}[[UNKNOWN]] _{\textsc{VIR}}[[POSTSUBSCRIPT]] ([[OPEN]] \widehat{Y}[[UNKNOWN]] ^{ERM}[[POSTSUPERSCRIPT]] |[[VERTBAR]] \tilde{P}[[UNKNOWN]] )[[CLOSE]] ][[CLOSE]] |[[VERTBAR]] ≥[[RELOP]] ϵ[[UNKNOWN]] )[[CLOSE]]
Warning:not_parsed:UNKNOWN>OPEN MathParser failed to match rule 'Anything'
	at supp.tex; line 138 col 11 - line 138 col 11
	In "$\displaystyle\mathbb{P}\Bigg{(}\bigg{|}\widehat{R}_{\textsc{VIR}}(\widehat{Y}%
	^{ERM}|\tilde{P})-\mathbb{E}_{O}[\widehat{R}_{\textsc{VIR}}(\widehat{Y}^{ERM}|%
	\tilde{P})]\bigg{|}\leq\epsilon\Bigg{)}\geq 1-\eta\@@ENDINLINEMATH"
	P[[UNKNOWN]]
	        > ([[OPEN]] |[[VERTBAR]] \widehat{R}[[UNKNOWN]] _{\textsc{VIR}}[[POSTSUBSCRIPT]] ([[OPEN]] \widehat{Y}[[UNKNOWN]] ^{ERM}[[POSTSUPERSCRIPT]] |[[VERTBAR]] \tilde{P}[[UNKNOWN]] )[[CLOSE]] -[[ADDOP]] E[[UNKNOWN]] _{O}[[POSTSUBSCRIPT]] [[[OPEN]] \widehat{R}[[UNKNOWN]] _{\textsc{VIR}}[[POSTSUBSCRIPT]] ([[OPEN]] \widehat{Y}[[UNKNOWN]] ^{ERM}[[POSTSUPERSCRIPT]] |[[VERTBAR]] \tilde{P}[[UNKNOWN]] )[[CLOSE]] ][[CLOSE]] |[[VERTBAR]] ≤[[RELOP]] ϵ[[UNKNOWN]] )[[CLOSE]] ≥[[RELOP]] 1[[NUMBER]] -[[ADDOP]] η[[UNKNOWN]]
Warning:not_parsed:UNKNOWN>OPEN MathParser failed to match rule 'Anything'
	at supp.tex; line 138 col 11 - line 138 col 179
	In "$\displaystyle\mathbb{P}\Bigg{(}\bigg{|}\widehat{R}_{\textsc{VIR}}(\widehat{Y}%
	^{ERM}|\tilde{P})-\mathbb{E}_{O}[\widehat{R}_{\textsc{VIR}}(\widehat{Y}^{ERM}|%
	\tilde{P})]\bigg{|}\leq\epsilon\Bigg{)}$"
	P[[UNKNOWN]]
	        > ([[OPEN]] |[[VERTBAR]] \widehat{R}[[UNKNOWN]] _{\textsc{VIR}}[[POSTSUBSCRIPT]] ([[OPEN]] \widehat{Y}[[UNKNOWN]] ^{ERM}[[POSTSUPERSCRIPT]] |[[VERTBAR]] \tilde{P}[[UNKNOWN]] )[[CLOSE]] -[[ADDOP]] E[[UNKNOWN]] _{O}[[POSTSUBSCRIPT]] [[[OPEN]] \widehat{R}[[UNKNOWN]] _{\textsc{VIR}}[[POSTSUBSCRIPT]] ([[OPEN]] \widehat{Y}[[UNKNOWN]] ^{ERM}[[POSTSUPERSCRIPT]] |[[VERTBAR]] \tilde{P}[[UNKNOWN]] )[[CLOSE]] ][[CLOSE]] |[[VERTBAR]] ≤[[RELOP]] ϵ[[UNKNOWN]] )[[CLOSE]]
Warning:not_parsed:ARROW.UNKNOWN>OPEN MathParser failed to match rule 'Anything'
	at supp.tex; line 139 col 14 - line 139 col 14
	In "$\displaystyle\impliedby\mathbb{P}\Bigg{(}\max_{\widehat{Y}_{j}}\bigg{|}%
	\widehat{R}_{\textsc{VIR}}(\widehat{Y}|\tilde{P})-\mathbb{E}_{O}[\widehat{R}_{%
	\textsc{VIR}}(\widehat{Y}|\tilde{P})]\bigg{|}\leq\epsilon\Bigg{)}\geq 1-\eta\@@ENDINLINEMATH"
	⟸[[ARROW]] P[[UNKNOWN]]
	        > ([[OPEN]] max[[OPFUNCTION]] _{\widehat{Y}_{j}}[[POSTSUBSCRIPT]] |[[VERTBAR]] \widehat{R}[[UNKNOWN]] _{\textsc{VIR}}[[POSTSUBSCRIPT]] ([[OPEN]] \widehat{Y}[[UNKNOWN]] |[[VERTBAR]] \tilde{P}[[UNKNOWN]] )[[CLOSE]] -[[ADDOP]] E[[UNKNOWN]] _{O}[[POSTSUBSCRIPT]] [[[OPEN]] \widehat{R}[[UNKNOWN]] _{\textsc{VIR}}[[POSTSUBSCRIPT]] ([[OPEN]] \widehat{Y}[[UNKNOWN]] |[[VERTBAR]] \tilde{P}[[UNKNOWN]] )[[CLOSE]] ][[CLOSE]] |[[VERTBAR]] ≤[[RELOP]] ϵ[[UNKNOWN]] )[[CLOSE]] ≥[[RELOP]] 1[[NUMBER]] -[[ADDOP]] η[[UNKNOWN]]
Warning:not_parsed:ARROW.UNKNOWN>OPEN MathParser failed to match rule 'Anything'
	at supp.tex; line 139 col 14 - line 139 col 197
	In "$\displaystyle\impliedby\mathbb{P}\Bigg{(}\max_{\widehat{Y}_{j}}\bigg{|}%
	\widehat{R}_{\textsc{VIR}}(\widehat{Y}|\tilde{P})-\mathbb{E}_{O}[\widehat{R}_{%
	\textsc{VIR}}(\widehat{Y}|\tilde{P})]\bigg{|}\leq\epsilon\Bigg{)}$"
	⟸[[ARROW]] P[[UNKNOWN]]
	        > ([[OPEN]] max[[OPFUNCTION]] _{\widehat{Y}_{j}}[[POSTSUBSCRIPT]] |[[VERTBAR]] \widehat{R}[[UNKNOWN]] _{\textsc{VIR}}[[POSTSUBSCRIPT]] ([[OPEN]] \widehat{Y}[[UNKNOWN]] |[[VERTBAR]] \tilde{P}[[UNKNOWN]] )[[CLOSE]] -[[ADDOP]] E[[UNKNOWN]] _{O}[[POSTSUBSCRIPT]] [[[OPEN]] \widehat{R}[[UNKNOWN]] _{\textsc{VIR}}[[POSTSUBSCRIPT]] ([[OPEN]] \widehat{Y}[[UNKNOWN]] |[[VERTBAR]] \tilde{P}[[UNKNOWN]] )[[CLOSE]] ][[CLOSE]] |[[VERTBAR]] ≤[[RELOP]] ϵ[[UNKNOWN]] )[[CLOSE]]
Warning:not_parsed:METARELOP.UNKNOWN>OPEN MathParser failed to match rule 'Anything'
	at supp.tex; line 140 col 8 - line 140 col 8
	In "$\displaystyle\iff\mathbb{P}\Bigg{(}\bigvee_{\widehat{Y}_{j}}\bigg{|}\widehat{%
	R}_{\textsc{VIR}}(\widehat{Y}|\tilde{P})-\mathbb{E}_{O}[\widehat{R}_{\textsc{%
	VIR}}(\widehat{Y}|\tilde{P})]\bigg{|}\geq\epsilon\Bigg{)}<\eta\@@ENDINLINEMATH"
	⇔[[METARELOP]] P[[UNKNOWN]]
	        > ([[OPEN]] ⋁[[SUMOP]] _{\widehat{Y}_{j}}[[POSTSUBSCRIPT]] |[[VERTBAR]] \widehat{R}[[UNKNOWN]] _{\textsc{VIR}}[[POSTSUBSCRIPT]] ([[OPEN]] \widehat{Y}[[UNKNOWN]] |[[VERTBAR]] \tilde{P}[[UNKNOWN]] )[[CLOSE]] -[[ADDOP]] E[[UNKNOWN]] _{O}[[POSTSUBSCRIPT]] [[[OPEN]] \widehat{R}[[UNKNOWN]] _{\textsc{VIR}}[[POSTSUBSCRIPT]] ([[OPEN]] \widehat{Y}[[UNKNOWN]] |[[VERTBAR]] \tilde{P}[[UNKNOWN]] )[[CLOSE]] ][[CLOSE]] |[[VERTBAR]] ≥[[RELOP]] ϵ[[UNKNOWN]] )[[CLOSE]] <[[RELOP]] η[[UNKNOWN]]
Warning:not_parsed:METARELOP.UNKNOWN>OPEN MathParser failed to match rule 'Anything'
	at supp.tex; line 140 col 8 - line 140 col 194
	In "$\displaystyle\iff\mathbb{P}\Bigg{(}\bigvee_{\widehat{Y}_{j}}\bigg{|}\widehat{%
	R}_{\textsc{VIR}}(\widehat{Y}|\tilde{P})-\mathbb{E}_{O}[\widehat{R}_{\textsc{%
	VIR}}(\widehat{Y}|\tilde{P})]\bigg{|}\geq\epsilon\Bigg{)}$"
	⇔[[METARELOP]] P[[UNKNOWN]]
	        > ([[OPEN]] ⋁[[SUMOP]] _{\widehat{Y}_{j}}[[POSTSUBSCRIPT]] |[[VERTBAR]] \widehat{R}[[UNKNOWN]] _{\textsc{VIR}}[[POSTSUBSCRIPT]] ([[OPEN]] \widehat{Y}[[UNKNOWN]] |[[VERTBAR]] \tilde{P}[[UNKNOWN]] )[[CLOSE]] -[[ADDOP]] E[[UNKNOWN]] _{O}[[POSTSUBSCRIPT]] [[[OPEN]] \widehat{R}[[UNKNOWN]] _{\textsc{VIR}}[[POSTSUBSCRIPT]] ([[OPEN]] \widehat{Y}[[UNKNOWN]] |[[VERTBAR]] \tilde{P}[[UNKNOWN]] )[[CLOSE]] ][[CLOSE]] |[[VERTBAR]] ≥[[RELOP]] ϵ[[UNKNOWN]] )[[CLOSE]]
Warning:not_parsed:METARELOP.UNKNOWN>OPEN MathParser failed to match rule 'Anything'
	at supp.tex; line 141 col 8 - line 141 col 8
	In "$\displaystyle\iff\mathbb{P}\Bigg{(}\bigcup_{\widehat{Y}_{j}}\bigg{|}\widehat{%
	R}_{\textsc{VIR}}(\widehat{Y}|\tilde{P})-\mathbb{E}_{O}[\widehat{R}_{\textsc{%
	VIR}}(\widehat{Y}|\tilde{P})]\bigg{|}\geq\epsilon\Bigg{)}<\eta\@@ENDINLINEMATH"
	⇔[[METARELOP]] P[[UNKNOWN]]
	        > ([[OPEN]] ⋃[[SUMOP]] _{\widehat{Y}_{j}}[[POSTSUBSCRIPT]] |[[VERTBAR]] \widehat{R}[[UNKNOWN]] _{\textsc{VIR}}[[POSTSUBSCRIPT]] ([[OPEN]] \widehat{Y}[[UNKNOWN]] |[[VERTBAR]] \tilde{P}[[UNKNOWN]] )[[CLOSE]] -[[ADDOP]] E[[UNKNOWN]] _{O}[[POSTSUBSCRIPT]] [[[OPEN]] \widehat{R}[[UNKNOWN]] _{\textsc{VIR}}[[POSTSUBSCRIPT]] ([[OPEN]] \widehat{Y}[[UNKNOWN]] |[[VERTBAR]] \tilde{P}[[UNKNOWN]] )[[CLOSE]] ][[CLOSE]] |[[VERTBAR]] ≥[[RELOP]] ϵ[[UNKNOWN]] )[[CLOSE]] <[[RELOP]] η[[UNKNOWN]]
Warning:not_parsed:METARELOP.UNKNOWN>OPEN MathParser failed to match rule 'Anything'
	at supp.tex; line 141 col 8 - line 141 col 194
	In "$\displaystyle\iff\mathbb{P}\Bigg{(}\bigcup_{\widehat{Y}_{j}}\bigg{|}\widehat{%
	R}_{\textsc{VIR}}(\widehat{Y}|\tilde{P})-\mathbb{E}_{O}[\widehat{R}_{\textsc{%
	VIR}}(\widehat{Y}|\tilde{P})]\bigg{|}\geq\epsilon\Bigg{)}$"
	⇔[[METARELOP]] P[[UNKNOWN]]
	        > ([[OPEN]] ⋃[[SUMOP]] _{\widehat{Y}_{j}}[[POSTSUBSCRIPT]] |[[VERTBAR]] \widehat{R}[[UNKNOWN]] _{\textsc{VIR}}[[POSTSUBSCRIPT]] ([[OPEN]] \widehat{Y}[[UNKNOWN]] |[[VERTBAR]] \tilde{P}[[UNKNOWN]] )[[CLOSE]] -[[ADDOP]] E[[UNKNOWN]] _{O}[[POSTSUBSCRIPT]] [[[OPEN]] \widehat{R}[[UNKNOWN]] _{\textsc{VIR}}[[POSTSUBSCRIPT]] ([[OPEN]] \widehat{Y}[[UNKNOWN]] |[[VERTBAR]] \tilde{P}[[UNKNOWN]] )[[CLOSE]] ][[CLOSE]] |[[VERTBAR]] ≥[[RELOP]] ϵ[[UNKNOWN]] )[[CLOSE]]
Warning:not_parsed:POSTSUBSCRIPT.POSTSUPERSCRIPT.UNKNOWN>OPEN MathParser failed to match rule 'Anything'
	at supp.tex; line 142 col 14 - line 142 col 14
	In "$\displaystyle\impliedby\sum_{j}^{|\mathcal{H}|}\mathbb{P}\Bigg{(}\bigg{|}%
	\widehat{R}_{\textsc{VIR}}(\widehat{Y}|\tilde{P})-\mathbb{E}_{O}[\widehat{R}_{%
	\textsc{VIR}}(\widehat{Y}|\tilde{P})]\bigg{|}\geq\epsilon\Bigg{)}<\eta\@@ENDINLINEMATH"
	⟸[[ARROW]] ∑[[SUMOP]] _{j}[[POSTSUBSCRIPT]] ^{|\mathcal{H}|}[[POSTSUPERSCRIPT]] P[[UNKNOWN]]
	        > ([[OPEN]] |[[VERTBAR]] \widehat{R}[[UNKNOWN]] _{\textsc{VIR}}[[POSTSUBSCRIPT]] ([[OPEN]] \widehat{Y}[[UNKNOWN]] |[[VERTBAR]] \tilde{P}[[UNKNOWN]] )[[CLOSE]] -[[ADDOP]] E[[UNKNOWN]] _{O}[[POSTSUBSCRIPT]] [[[OPEN]] \widehat{R}[[UNKNOWN]] _{\textsc{VIR}}[[POSTSUBSCRIPT]] ([[OPEN]] \widehat{Y}[[UNKNOWN]] |[[VERTBAR]] \tilde{P}[[UNKNOWN]] )[[CLOSE]] ][[CLOSE]] |[[VERTBAR]] ≥[[RELOP]] ϵ[[UNKNOWN]] )[[CLOSE]] <[[RELOP]] η[[UNKNOWN]]
Warning:not_parsed:POSTSUBSCRIPT.POSTSUPERSCRIPT.UNKNOWN>OPEN MathParser failed to match rule 'Anything'
	at supp.tex; line 142 col 14 - line 142 col 203
	In "$\displaystyle\impliedby\sum_{j}^{|\mathcal{H}|}\mathbb{P}\Bigg{(}\bigg{|}%
	\widehat{R}_{\textsc{VIR}}(\widehat{Y}|\tilde{P})-\mathbb{E}_{O}[\widehat{R}_{%
	\textsc{VIR}}(\widehat{Y}|\tilde{P})]\bigg{|}\geq\epsilon\Bigg{)}$"
	⟸[[ARROW]] ∑[[SUMOP]] _{j}[[POSTSUBSCRIPT]] ^{|\mathcal{H}|}[[POSTSUPERSCRIPT]] P[[UNKNOWN]]
	        > ([[OPEN]] |[[VERTBAR]] \widehat{R}[[UNKNOWN]] _{\textsc{VIR}}[[POSTSUBSCRIPT]] ([[OPEN]] \widehat{Y}[[UNKNOWN]] |[[VERTBAR]] \tilde{P}[[UNKNOWN]] )[[CLOSE]] -[[ADDOP]] E[[UNKNOWN]] _{O}[[POSTSUBSCRIPT]] [[[OPEN]] \widehat{R}[[UNKNOWN]] _{\textsc{VIR}}[[POSTSUBSCRIPT]] ([[OPEN]] \widehat{Y}[[UNKNOWN]] |[[VERTBAR]] \tilde{P}[[UNKNOWN]] )[[CLOSE]] ][[CLOSE]] |[[VERTBAR]] ≥[[RELOP]] ϵ[[UNKNOWN]] )[[CLOSE]]
Warning:not_parsed:VERTBAR.ATOM.CLOSE>RELOP MathParser failed to match rule 'Anything'
	at supp.tex; line 150 col 11 - line 150 col 11
	In "$\displaystyle\mathbb{E}_{O}[\widehat{R}_{\textsc{VIR}}(\widehat{Y}^{ERM}|%
	\tilde{P})]-\widehat{R}_{\textsc{VIR}}(\widehat{Y}^{ERM}|\tilde{P})\leq\bigg{|%
	}\widehat{R}_{\textsc{VIR}}(\widehat{Y}^{ERM}|\tilde{P})-\mathbb{E}_{O}[%
	\widehat{R}_{\textsc{VIR}}(\widehat{Y}^{ERM}|\tilde{P})]\bigg{|}\@@ENDINLINEMATH"
	E[[UNKNOWN]] _{O}[[POSTSUBSCRIPT]] [[[OPEN]] \widehat{R}[[UNKNOWN]] _{\textsc{VIR}}[[POSTSUBSCRIPT]] ([[OPEN]] \widehat{Y}[[UNKNOWN]] ^{ERM}[[POSTSUPERSCRIPT]] |[[VERTBAR]] \tilde{P}[[UNKNOWN]] )[[CLOSE]] ][[CLOSE]] -[[ADDOP]] \widehat{R}[[UNKNOWN]] _{\textsc{VIR}}[[POSTSUBSCRIPT]] ([[OPEN]] \widehat{Y}[[UNKNOWN]] ^{ERM}[[POSTSUPERSCRIPT]] |[[VERTBAR]] \tilde{P}[[UNKNOWN]] )[[CLOSE]]
	        > ≤[[RELOP]] |[[VERTBAR]] \widehat{R}[[UNKNOWN]] _{\textsc{VIR}}[[POSTSUBSCRIPT]] ([[OPEN]] \widehat{Y}[[UNKNOWN]] ^{ERM}[[POSTSUPERSCRIPT]] |[[VERTBAR]] \tilde{P}[[UNKNOWN]] )[[CLOSE]] -[[ADDOP]] E[[UNKNOWN]] _{O}[[POSTSUBSCRIPT]] [[[OPEN]] \widehat{R}[[UNKNOWN]] _{\textsc{VIR}}[[POSTSUBSCRIPT]] ([[OPEN]] \widehat{Y}[[UNKNOWN]] ^{ERM}[[POSTSUPERSCRIPT]] |[[VERTBAR]] \tilde{P}[[UNKNOWN]] )[[CLOSE]] ][[CLOSE]] |[[VERTBAR]]
Warning:not_parsed:RELOP>VERTBAR MathParser failed to match rule 'Anything'
	at supp.tex; line 150 col 130 - line 150 col 269
	In "$\displaystyle\leq\bigg{|}\widehat{R}_{\textsc{VIR}}(\widehat{Y}^{ERM}|\tilde{%
	P})-\mathbb{E}_{O}[\widehat{R}_{\textsc{VIR}}(\widehat{Y}^{ERM}|\tilde{P})]%
	\bigg{|}$"
	≤[[RELOP]]
	        > |[[VERTBAR]] \widehat{R}[[UNKNOWN]] _{\textsc{VIR}}[[POSTSUBSCRIPT]] ([[OPEN]] \widehat{Y}[[UNKNOWN]] ^{ERM}[[POSTSUPERSCRIPT]] |[[VERTBAR]] \tilde{P}[[UNKNOWN]] )[[CLOSE]] -[[ADDOP]] E[[UNKNOWN]] _{O}[[POSTSUBSCRIPT]] [[[OPEN]] \widehat{R}[[UNKNOWN]] _{\textsc{VIR}}[[POSTSUBSCRIPT]] ([[OPEN]] \widehat{Y}[[UNKNOWN]] ^{ERM}[[POSTSUPERSCRIPT]] |[[VERTBAR]] \tilde{P}[[UNKNOWN]] )[[CLOSE]] ][[CLOSE]] |[[VERTBAR]]
Warning:not_parsed:>VERTBAR MathParser failed to match rule 'Anything'
	at supp.tex; line 544 col 464 - line 544 col 473
	In "$|\cdot|$"
	> |[[VERTBAR]] ⋅[[MULOP]] |[[VERTBAR]]
 51.03 sec)
Math parsing succeeded:
   ltx:XMArg: 2785/2787
   ltx:XMath: 562/585
Symbols assumed as simple identifiers (with # of occurences):
   'A{caligraphic}' (5), 'B{caligraphic}' (153), 'B{italic}' (16), 'Delta' (10), 'D{caligraphic}' (12), 'D{italic}' (3), 'E{blackboard}' (85), 'E{italic}' (77), 'F{caligraphic}' (5), 'Gamma' (11), 'G{caligraphic}' (2), 'G{italic}' (4), 'H{caligraphic}' (24), 'I{bold}' (1), 'I{caligraphic}' (11), 'I{italic}' (4), 'K{caligraphic}' (9), 'L{caligraphic}' (54), 'M{italic}' (74), 'N{caligraphic}' (10), 'N{italic}' (39), 'Omega' (7), 'O{italic}' (20), 'Phi' (9), 'Psi' (9), 'P{blackboard}' (52), 'P{italic}' (41), 'R{blackboard}' (2), 'R{caligraphic}' (6), 'R{italic}' (99), 'Sigma' (36), 'S{caligraphic}' (25), 'T{italic}' (8), 'U{caligraphic}' (56), 'V{blackboard}' (6), 'V{caligraphic}' (6), 'V{italic}' (4), 'X{italic}' (9), 'Y{caligraphic}' (1), 'Y{italic}' (53), 'alpha' (44), 'a{italic}' (14), 'beta' (24), 'b{italic}' (76), 'c{italic}' (4), 'delta' (36), 'epsilon' (43), 'eta' (33), 'e{italic}' (12), 'gamma' (32), 'i{italic}' (124), 'j{italic}' (48), 'k{italic}' (26), 'lambda' (11), 'mu' (43), 'm{italic}' (8), 'nu' (53), 'n{italic}' (23), 'omega' (3), 'phi' (10), 'p{italic}' (40), 'q{italic}' (23), 'rho' (4), 'r{italic}' (12), 'sigma' (1), 's{italic}' (4), 'theta' (10), 'u{italic}' (5), 'v{italic}' (3), 'w{bold}' (3), 'x{bold}' (60), 'x{italic}' (6), 'y{bold}' (1), 'y{italic}' (144), 'z{bold}' (106), 'z{italic}' (7)
Set MATHPARSER_SPECULATE to speculate on possible notations.
(Finalizing... 1.34 sec)
Conversion complete: 29 warnings; 5 errors; 1 undefined macro[{adjustbox}]; 1 missing file[adjustbox.sty] (See parsed.log) (reqd. 1m 9.78s)
