latexml (LaTeXML version 0.8.8) processing CoherentRiskArXiv15.tex
(Digesting TeX CoherentRiskArXiv15...
(Loading /usr/share/perl5/LaTeXML/Package/TeX.pool.ltxml...
(Loading /usr/share/perl5/LaTeXML/Package/eTeX.pool.ltxml... 0.00 sec)
(Loading /usr/share/perl5/LaTeXML/Package/pdfTeX.pool.ltxml... 0.01 sec) 0.10 sec)
(Processing content /home/miri/Documents/DataLit/arXiv_src_fetcher/ICLR_2023_first100/-RwZOVybbj/CoherentRiskArXiv15.tex...
(Loading /usr/share/perl5/LaTeXML/Package/LaTeX.pool.ltxml...
(Loading /usr/share/perl5/LaTeXML/Package/textcomp.sty.ltxml...
(Processing definitions /usr/share/texlive/texmf-dist/tex/latex/base/ts1enc.dfu... 0.01 sec) 0.07 sec) 0.22 sec)
(Loading /usr/share/perl5/LaTeXML/Package/article.cls.ltxml... 0.01 sec)
Warning:missing_file:nips15submit_e Can't find binding for package nips15submit_e
	at CoherentRiskArXiv15.tex; line 7 col 11 - line 7 col 11
	Anticipate undefined macros or environments
	search paths are /home/miri/Documents/DataLit/arXiv_src_fetcher/ICLR_2023_first100/-RwZOVybbj
	In Core::Definition::Constructor[\usepac... /usr/share/perl5/LaTeXML/Package/LaTeX.pool.ltxml; line 879
Info:dependencies:dependencies Loading dependencies for /home/miri/Documents/DataLit/arXiv_src_fetcher/ICLR_2023_first100/-RwZOVybbj/nips15submit_e.sty: eso-pic
	at CoherentRiskArXiv15.tex; line 7 col 11 - line 7 col 11
Warning:missing_file:xr Can't find binding for package xr
	at CoherentRiskArXiv15.tex; line 9 col 11 - line 9 col 11
	Anticipate undefined macros or environments
	In Core::Definition::Constructor[\usepac... /usr/share/perl5/LaTeXML/Package/LaTeX.pool.ltxml; line 879
(Loading /usr/share/perl5/LaTeXML/Package/epstopdf.sty.ltxml... 0.00 sec)
Error:undefined:\externaldocument The token T_CS[\externaldocument] is not defined.
	at CoherentRiskArXiv15.tex; line 10 col 17 - line 10 col 17
	Defining it now as <ltx:ERROR/>
	Next token is T_BEGIN[{] ( == T_BEGIN[{])
	In Core::Gullet[@0x5cdc90fbab00] /home/miri/Documents/DataLit/arXiv_src_fetcher/ICLR_2023_first100/-RwZOVybbj/CoherentRiskArXiv15.tex; from line 10 col 18 to line 10 col 18
	 <= Core::Stomach[@0x5cdc9343b048] <= ...
(Loading /usr/share/perl5/LaTeXML/Package/amsmath.sty.ltxml...
(Loading /usr/share/perl5/LaTeXML/Package/amsbsy.sty.ltxml...
(Loading /usr/share/perl5/LaTeXML/Package/amsgen.sty.ltxml... 0.00 sec) 0.01 sec)
(Loading /usr/share/perl5/LaTeXML/Package/amstext.sty.ltxml... 0.01 sec)
(Loading /usr/share/perl5/LaTeXML/Package/amsopn.sty.ltxml... 0.01 sec) 0.05 sec)
(Loading /usr/share/perl5/LaTeXML/Package/amssymb.sty.ltxml...
(Loading /usr/share/perl5/LaTeXML/Package/amsfonts.sty.ltxml... 0.00 sec) 0.02 sec)
(Loading /usr/share/perl5/LaTeXML/Package/amsthm.sty.ltxml... 0.01 sec)
(Loading /usr/share/perl5/LaTeXML/Package/algorithm.sty.ltxml...
(Processing definitions /home/miri/Documents/DataLit/arXiv_src_fetcher/ICLR_2023_first100/-RwZOVybbj/algorithm.sty...
Document Style `algorithm' - floating environment
(Loading /usr/share/perl5/LaTeXML/Package/float.sty.ltxml... 0.00 sec)
(Loading /usr/share/perl5/LaTeXML/Package/ifthen.sty.ltxml...
(Processing definitions /usr/share/texlive/texmf-dist/tex/latex/base/ifthen.sty... 0.01 sec) 0.01 sec) 0.04 sec) 0.05 sec)
(Loading /usr/share/perl5/LaTeXML/Package/algorithmic.sty.ltxml...
(Processing definitions /home/miri/Documents/DataLit/arXiv_src_fetcher/ICLR_2023_first100/-RwZOVybbj/algorithmic.sty...
Document Style `algorithmic' - environment
(Loading /usr/share/perl5/LaTeXML/Package/calc.sty.ltxml... 0.00 sec) 0.03 sec) 0.04 sec)
(Loading /usr/share/perl5/LaTeXML/Package/times.sty.ltxml... 0.00 sec)
Error:undefined:\nipsfinalcopy The token T_CS[\nipsfinalcopy] is not defined.
	at CoherentRiskArXiv15.tex; line 53 col 14 - line 53 col 14
	Defining it now as <ltx:ERROR/>
	Next token is T_CS[\par] ( == Core::Definition::Constructor[\par])
	In Core::Gullet[@0x5cdc90fbab00] /home/miri/Documents/DataLit/arXiv_src_fetcher/ICLR_2023_first100/-RwZOVybbj/CoherentRiskArXiv15.tex; from line 54 col 0 to line 54 col 1
	 <= Core::Stomach[@0x5cdc9343b048] <= ...
(Processing content /home/miri/Documents/DataLit/arXiv_src_fetcher/ICLR_2023_first100/-RwZOVybbj/defs.tex...
(Loading /usr/share/perl5/LaTeXML/Package/color.sty.ltxml... 0.01 sec)
(Loading /usr/share/perl5/LaTeXML/Package/graphicx.sty.ltxml...
(Loading /usr/share/perl5/LaTeXML/Package/graphics.sty.ltxml... 0.01 sec) 0.02 sec)
(Loading /usr/share/perl5/LaTeXML/Package/comment.sty.ltxml... 0.01 sec)
(Loading /usr/share/perl5/LaTeXML/Package/xspace.sty.ltxml... 0.00 sec)
(Loading /usr/share/perl5/LaTeXML/Package/fancybox.sty.ltxml... 0.00 sec)
Info:ignore:\real Ignoring redefinition (\newcommand) of '\real'
	at defs.tex; line 112 col 0 - line 112 col 32
 0.12 sec)
(Processing content /home/miri/Documents/DataLit/arXiv_src_fetcher/ICLR_2023_first100/-RwZOVybbj/coherent_risk_var.tex... 0.01 sec)
Info:expected:CoherentRiskArXiv15 Couldn't find all bib files, using CoherentRiskArXiv15.bbl instead
	at CoherentRiskArXiv15.tex; line 646 col 0 - line 646 col 34
(Processing content /home/miri/Documents/DataLit/arXiv_src_fetcher/ICLR_2023_first100/-RwZOVybbj/CoherentRiskArXiv15.bbl...
Info:misdefined:utf-8 input isn't valid under encoding utf-8
	at CoherentRiskArXiv15.bbl; line 38 col 0 - line 38 col 0
Info:misdefined:utf-8 input isn't valid under encoding utf-8
	at CoherentRiskArXiv15.bbl; line 39 col 0 - line 39 col 0
Info:misdefined:utf-8 input isn't valid under encoding utf-8
	at CoherentRiskArXiv15.bbl; line 126 col 0 - line 126 col 0
 0.40 sec)
(Processing content /home/miri/Documents/DataLit/arXiv_src_fetcher/ICLR_2023_first100/-RwZOVybbj/CoherentRiskArXiv15_Appendix.tex... 3.96 sec) 6.51 sec) 6.81 sec)
(Building...
(Loading compiled schema /usr/share/perl5/LaTeXML/resources/RelaxNG/LaTeXML.model... 0.02 sec) 6.51 sec)
(Rewriting... 0.72 sec)
(Math Parsing 795 formulae ......
Warning:not_parsed:UNKNOWN>OPEN MathParser failed to match rule 'Anything'
	at CoherentRiskArXiv15.tex; line 127 col 193 - line 127 col 205
	In "$P(\cdot|x,a)$"
	P[[UNKNOWN]]
	        > ([[OPEN]] ⋅[[MULOP]] |[[VERTBAR]] x[[UNKNOWN]] ,[[PUNCT]] a[[UNKNOWN]] )[[CLOSE]]
Warning:not_parsed:UNKNOWN.POSTSUBSCRIPT>OPEN MathParser failed to match rule 'Anything'
	at CoherentRiskArXiv15.tex; line 127 col 902 - line 127 col 912
	In "$\mu_{\theta}(\cdot|x)$"
	μ[[UNKNOWN]] _{\theta}[[POSTSUBSCRIPT]]
	        > ([[OPEN]] ⋅[[MULOP]] |[[VERTBAR]] x[[UNKNOWN]] )[[CLOSE]]
Warning:not_parsed:UNKNOWN.POSTSUBSCRIPT>OPEN MathParser failed to match rule 'Anything'
	at CoherentRiskArXiv15.tex; line 316 col 346 - line 316 col 409
	In "$P_{\theta}(\cdot|x)=\sum_{a\in\mathcal{A}}P(x^{\prime}|x,a)\mu_{\theta}(a|x)$"
	P[[UNKNOWN]] _{\theta}[[POSTSUBSCRIPT]]
	        > ([[OPEN]] ⋅[[MULOP]] |[[VERTBAR]] x[[UNKNOWN]] )[[CLOSE]] =[[RELOP]] ∑[[SUMOP]] _{a\in\mathcal{A}}[[POSTSUBSCRIPT]] P[[UNKNOWN]] ([[OPEN]] x[[UNKNOWN]] ^{\prime}[[POSTSUPERSCRIPT]] |[[VERTBAR]] x[[UNKNOWN]] ,[[PUNCT]] a[[UNKNOWN]] )[[CLOSE]] μ[[UNKNOWN]] _{\theta}[[POSTSUBSCRIPT]] ([[OPEN]] a[[UNKNOWN]] |[[VERTBAR]] x[[UNKNOWN]] )[[CLOSE]]
Warning:not_parsed:POSTSUPERSCRIPT.RELOP.UNKNOWN>OPEN MathParser failed to match rule 'Anything'
	at CoherentRiskArXiv15.tex; line 365 col 588 - line 365 col 607
	In "$x^{\prime}\sim P(\cdot|x,a)$"
	x[[UNKNOWN]] ^{\prime}[[POSTSUPERSCRIPT]] ∼[[RELOP]] P[[UNKNOWN]]
	        > ([[OPEN]] ⋅[[MULOP]] |[[VERTBAR]] x[[UNKNOWN]] ,[[PUNCT]] a[[UNKNOWN]] )[[CLOSE]]
Warning:not_parsed:UNKNOWN.UNKNOWN.POSTSUBSCRIPT>OPEN MathParser failed to match rule 'Subscript'
	at CoherentRiskArXiv15.tex; line 544 col 84 - line 544 col 84
	In "\begin{equation}V_{\theta}(x)=C(x)+\gamma\max_{\xi P_{\theta}(\cdot|x)\in{%
	\mathcal{U}}(x,P_{\theta}(\cdot|x))}\mathbb{E}_{\xi}[V_{\theta}(x^{\prime})],\end{equation}"
	ξ[[UNKNOWN]] P[[UNKNOWN]] _{\theta}[[POSTSUBSCRIPT]]
	        > ([[OPEN]] ⋅[[MULOP]] |[[VERTBAR]] x[[UNKNOWN]] )[[CLOSE]] ∈[[RELOP]] U[[UNKNOWN]] ([[OPEN]] x[[UNKNOWN]] ,[[PUNCT]] P[[UNKNOWN]] _{\theta}[[POSTSUBSCRIPT]] ([[OPEN]] ⋅[[MULOP]] |[[VERTBAR]] x[[UNKNOWN]] )[[CLOSE]] )[[CLOSE]]
Warning:not_parsed:UNKNOWN.POSTSUBSCRIPT>OPEN MathParser failed to match rule 'Anything'
	at CoherentRiskArXiv15.tex; line 555 col 247 - line 555 col 265
	In "$P_{\theta}(\cdot|x)$"
	P[[UNKNOWN]] _{\theta}[[POSTSUBSCRIPT]]
	        > ([[OPEN]] ⋅[[MULOP]] |[[VERTBAR]] x[[UNKNOWN]] )[[CLOSE]]
Warning:not_parsed:UNKNOWN.POSTSUBSCRIPT>OPEN MathParser failed to match rule 'Anything'
	at CoherentRiskArXiv15.tex; line 564 col 146 - line 564 col 186
	In "$P_{\theta}(\cdot|x)\xi_{\theta,x}^{*}(\cdot)$"
	P[[UNKNOWN]] _{\theta}[[POSTSUBSCRIPT]]
	        > ([[OPEN]] ⋅[[MULOP]] |[[VERTBAR]] x[[UNKNOWN]] )[[CLOSE]] ξ[[UNKNOWN]] _{\theta,x}[[POSTSUBSCRIPT]] ^{*}[[POSTSUPERSCRIPT]] ([[OPEN]] ⋅[[MULOP]] )[[CLOSE]]
Warning:not_parsed:POSTSUPERSCRIPT.CLOSE.RELOP>FLOATSUPERSCRIPT MathParser failed to match rule 'Subscript'
	at CoherentRiskArXiv15_Appendix.tex; line 17 col 813 - line 17 col 813
	In "$\{L_{\theta}(\xi,\lambda^{\mathcal{P}},\lambda^{\mathcal{E}},\lambda^{%
	\mathcal{I}})\}_{(\xi,\lambda^{\mathcal{P}},\lambda^{\mathcal{E}},\lambda^{%
	\mathcal{I}})\in{}^{|\Omega|}\times\real\times{}^{|\mathcal{E}|}\times{}^{|%
	\mathcal{I}|}}$"
	([[OPEN]] ξ[[UNKNOWN]] ,[[PUNCT]] λ[[UNKNOWN]] ^{\mathcal{P}}[[POSTSUPERSCRIPT]] ,[[PUNCT]] λ[[UNKNOWN]] ^{\mathcal{E}}[[POSTSUPERSCRIPT]] ,[[PUNCT]] λ[[UNKNOWN]] ^{\mathcal{I}}[[POSTSUPERSCRIPT]] )[[CLOSE]] ∈[[RELOP]]
	        > {}^{|\Omega|}[[FLOATSUPERSCRIPT]] ×[[MULOP]] ×[[MULOP]] {}^{|\mathcal{E}|}[[FLOATSUPERSCRIPT]] ×[[MULOP]] {}^{|\mathcal{I}|}[[FLOATSUPERSCRIPT]]
Warning:not_parsed:>VERTBAR MathParser failed to match rule 'Anything'
	at CoherentRiskArXiv15_Appendix.tex; line 43 col 117 - line 43 col 127
	In "$\|\cdot\|_{2}$"
	> ∥[[VERTBAR]] ⋅[[MULOP]] ∥[[VERTBAR]] _{2}[[POSTSUBSCRIPT]]
Warning:not_parsed:UNKNOWN>RELOP MathParser failed to match rule 'Anything'
	at CoherentRiskArXiv15_Appendix.tex; line 55 col 0 - line 57 col 15
	In "\begin{equation*}{\mathcal{U}}=\left\{\xi^{\prime}\in\mathcal{Z}^{*}:\quad\xi^%
	{\prime}=1+c\xi-c\mathbb{E}\left[\xi\right],\quad\|\xi\|_{q}\leq 1,\quad\xi%
	\geq 0\right\}.\end{equation*}"
	U[[UNKNOWN]]
	        > =[[RELOP]] \left\{[[OPEN]] ξ[[UNKNOWN]] ^{\prime}[[POSTSUPERSCRIPT]] ∈[[RELOP]] Z[[UNKNOWN]] ^{*}[[POSTSUPERSCRIPT]] :[[METARELOP]] \begin{equation*}{\mathcal{U}}=\left\{\xi^{\prime}\in\mathcal{Z}^{*}:\quad\xi^{\prime}=1+c\xi-c\mathbb{E}\left[\xi\right],\quad\|\xi\|_{q}\leq1,\quad\xi\geq0\right\}.\end{equation*}[[PUNCT]] ξ[[UNKNOWN]] ^{\prime}[[POSTSUPERSCRIPT]] =[[RELOP]] 1[[NUMBER]] +[[ADDOP]] c[[UNKNOWN]] ξ[[UNKNOWN]] -[[ADDOP]] c[[UNKNOWN]] E[[UNKNOWN]] \left[[[OPEN]] ξ[[UNKNOWN]] \right][[CLOSE]] ,[[PUNCT]] ∥[[VERTBAR]] ξ[[UNKNOWN]] ∥[[VERTBAR]] _{q}[[POSTSUBSCRIPT]] ≤[[RELOP]] 1[[NUMBER]] ,[[PUNCT]] ξ[[UNKNOWN]] ≥[[RELOP]] 0[[NUMBER]] \right\}[[CLOSE]]
Warning:not_parsed:UNKNOWN>RELOP MathParser failed to match rule 'Anything'
	at CoherentRiskArXiv15_Appendix.tex; line 171 col 19 - line 171 col 119
	In "$\mathcal{S}\subset{}^{|\Omega|}\times\real\times{}^{|\mathcal{E}|}\times{}^{|%
	\mathcal{I}|}_{+}$"
	S[[UNKNOWN]]
	        > ⊂[[RELOP]] {}^{|\Omega|}[[FLOATSUPERSCRIPT]] ×[[MULOP]] ×[[MULOP]] {}^{|\mathcal{E}|}[[FLOATSUPERSCRIPT]] ×[[MULOP]] {}^{|\mathcal{I}|}[[FLOATSUPERSCRIPT]] _{+}[[POSTSUBSCRIPT]]
Warning:not_parsed:UNKNOWN.POSTSUBSCRIPT>RELOP MathParser failed to match rule 'Anything'
	at CoherentRiskArXiv15_Appendix.tex; line 172 col 14 - line 172 col 113
	In "$\mathcal{S}_{N}\subset{}^{|\Omega|}\times\real\times{}^{|\mathcal{E}|}\times{%
	}^{|\mathcal{I}|}_{+}$"
	S[[UNKNOWN]] _{N}[[POSTSUBSCRIPT]]
	        > ⊂[[RELOP]] {}^{|\Omega|}[[FLOATSUPERSCRIPT]] ×[[MULOP]] ×[[MULOP]] {}^{|\mathcal{E}|}[[FLOATSUPERSCRIPT]] ×[[MULOP]] {}^{|\mathcal{I}|}[[FLOATSUPERSCRIPT]] _{+}[[POSTSUBSCRIPT]]
Warning:not_parsed:UNKNOWN.POSTSUBSCRIPT>RELOP MathParser failed to match rule 'Anything'
	at CoherentRiskArXiv15_Appendix.tex; line 174 col 83 - line 174 col 114
	In "$C_{\xi}\subset{}^{|\Omega|}$"
	C[[UNKNOWN]] _{\xi}[[POSTSUBSCRIPT]]
	        > ⊂[[RELOP]] {}^{|\Omega|}[[FLOATSUPERSCRIPT]]
Warning:not_parsed:UNKNOWN.POSTSUBSCRIPT>RELOP MathParser failed to match rule 'Anything'
	at CoherentRiskArXiv15_Appendix.tex; line 174 col 121 - line 174 col 205
	In "$C_{\lambda}\subset\real\times{}^{|\mathcal{E}|}\times{}^{|\mathcal{I}|}_{+}$"
	C[[UNKNOWN]] _{\lambda}[[POSTSUBSCRIPT]]
	        > ⊂[[RELOP]] ×[[MULOP]] {}^{|\mathcal{E}|}[[FLOATSUPERSCRIPT]] ×[[MULOP]] {}^{|\mathcal{I}|}[[FLOATSUPERSCRIPT]] _{+}[[POSTSUBSCRIPT]]
Warning:not_parsed:UNKNOWN.POSTSUPERSCRIPT.CLOSE>RELOP MathParser failed to match rule 'Anything'
	at CoherentRiskArXiv15_Appendix.tex; line 181 col 398 - line 181 col 556
	In "$(\xi,\lambda^{\mathcal{P}},\lambda^{\mathcal{E}},\lambda^{\mathcal{I}})\in{}^%
	{|\Omega|}\times\real\times{}^{|\mathcal{E}|}\times{}_{+}^{|\mathcal{I}|}$"
	([[OPEN]] ξ[[UNKNOWN]] ,[[PUNCT]] λ[[UNKNOWN]] ^{\mathcal{P}}[[POSTSUPERSCRIPT]] ,[[PUNCT]] λ[[UNKNOWN]] ^{\mathcal{E}}[[POSTSUPERSCRIPT]] ,[[PUNCT]] λ[[UNKNOWN]] ^{\mathcal{I}}[[POSTSUPERSCRIPT]] )[[CLOSE]]
	        > ∈[[RELOP]] {}^{|\Omega|}[[FLOATSUPERSCRIPT]] ×[[MULOP]] ×[[MULOP]] {}^{|\mathcal{E}|}[[FLOATSUPERSCRIPT]] ×[[MULOP]] {}_{+}[[FLOATSUBSCRIPT]] ^{|\mathcal{I}|}[[POSTSUPERSCRIPT]]
Warning:not_parsed:PUNCT.MULOP.CLOSE>RELOP MathParser failed to match rule 'Anything'
	at CoherentRiskArXiv15_Appendix.tex; line 215 col 204 - line 215 col 305
	In "$\text{dom}L_{\theta}(\xi,\cdot,\cdot,\cdot)=\real\times{}^{|\mathcal{E}|}%
	\times{}^{|\mathcal{I}|}$"
	\text{dom}[[UNKNOWN]] L[[UNKNOWN]] _{\theta}[[POSTSUBSCRIPT]] ([[OPEN]] ξ[[UNKNOWN]] ,[[PUNCT]] ⋅[[MULOP]] ,[[PUNCT]] ⋅[[MULOP]] ,[[PUNCT]] ⋅[[MULOP]] )[[CLOSE]]
	        > =[[RELOP]] ×[[MULOP]] {}^{|\mathcal{E}|}[[FLOATSUPERSCRIPT]] ×[[MULOP]] {}^{|\mathcal{I}|}[[FLOATSUPERSCRIPT]]
Warning:not_parsed:UNKNOWN.UNKNOWN.POSTSUBSCRIPT>OPEN MathParser failed to match rule 'Subscript'
	at CoherentRiskArXiv15_Appendix.tex; line 283 col 70 - line 283 col 70
	In "\begin{equation*}\begin{split}\max_{\xi\,:\,\xi P_{\theta}(\cdot|x)\in\mathcal%
	{U}(x,P_{\theta}(\cdot|x))}\sum_{x^{\prime}\in\mathcal{X}}\,\xi(x^{\prime})P_{%
	\theta}(x^{\prime}|x)V_{\theta}(x^{\prime})&=\max_{\xi\geq 0}\min_{\lambda^{%
	\mathcal{P}},\lambda^{\mathcal{I}}\geq 0,\lambda^{\mathcal{E}}}L_{\theta,x}(%
	\xi,\lambda^{\mathcal{P}},\lambda^{\mathcal{E}},\lambda^{\mathcal{I}})\\
	&=\min_{\lambda^{\mathcal{P}},\lambda^{\mathcal{I}}\geq 0,\lambda^{\mathcal{E}%
	}}\max_{\xi\geq 0}L_{\theta,x}(\xi,\lambda^{\mathcal{P}},\lambda^{\mathcal{E}}%
	,\lambda^{\mathcal{I}}).\end{split}\end{equation*}"
	ξ[[UNKNOWN]] :[[METARELOP]] ξ[[UNKNOWN]] P[[UNKNOWN]] _{\theta}[[POSTSUBSCRIPT]]
	        > ([[OPEN]] ⋅[[MULOP]] |[[VERTBAR]] x[[UNKNOWN]] )[[CLOSE]] ∈[[RELOP]] U[[UNKNOWN]] ([[OPEN]] x[[UNKNOWN]] ,[[PUNCT]] P[[UNKNOWN]] _{\theta}[[POSTSUBSCRIPT]] ([[OPEN]] ⋅[[MULOP]] |[[VERTBAR]] x[[UNKNOWN]] )[[CLOSE]] )[[CLOSE]]
Warning:not_parsed:UNKNOWN.UNKNOWN.POSTSUBSCRIPT>OPEN MathParser failed to match rule 'Subscript'
	at CoherentRiskArXiv15_Appendix.tex; line 289 col 136 - line 289 col 136
	In "$$\begin{split}\nabla_{\theta}V_{\theta}(x)&=\nabla_{\theta}\left[C_{\theta}(x%
	)\!+\!\gamma\max_{\xi\,:\,\xi P_{\theta}(\cdot|x)\in{\mathcal{U}}(x,P_{\theta}%
	(\cdot|x))}\mathbb{E}_{\xi}[V_{\theta}]\right]\\
	&=\gamma\!\sum_{x^{\prime}\in\mathcal{X}}\!\xi^{*}_{\theta,x}(x^{\prime})P_{%
	\theta}(x^{\prime}|x)\nabla_{\theta}V_{\theta}(x^{\prime})+\sum_{a\in\mathcal{%
	A}}\mu_{\theta}(a|x)\nabla_{\theta}\log\mu_{\theta}(a|x)h_{\theta}(x,a),\end{%
	split}$$"
	ξ[[UNKNOWN]] :[[METARELOP]] ξ[[UNKNOWN]] P[[UNKNOWN]] _{\theta}[[POSTSUBSCRIPT]]
	        > ([[OPEN]] ⋅[[MULOP]] |[[VERTBAR]] x[[UNKNOWN]] )[[CLOSE]] ∈[[RELOP]] U[[UNKNOWN]] ([[OPEN]] x[[UNKNOWN]] ,[[PUNCT]] P[[UNKNOWN]] _{\theta}[[POSTSUBSCRIPT]] ([[OPEN]] ⋅[[MULOP]] |[[VERTBAR]] x[[UNKNOWN]] )[[CLOSE]] )[[CLOSE]]
Warning:not_parsed:UNKNOWN.UNKNOWN.POSTSUBSCRIPT>OPEN MathParser failed to match rule 'Subscript'
	at CoherentRiskArXiv15_Appendix.tex; line 342 col 97 - line 342 col 97
	In "\begin{equation}\rho\big{(}Z(x_{t+1})\big{)}=\max_{\xi\,:\,\xi P_{\theta}(%
	\cdot|x_{t})\in{\mathcal{U}}(x_{t},P_{\theta}(\cdot|x_{t}))}\mathbb{E}_{\xi}%
	\big{[}Z(x_{t+1})\big{]},\end{equation}"
	ξ[[UNKNOWN]] :[[METARELOP]] ξ[[UNKNOWN]] P[[UNKNOWN]] _{\theta}[[POSTSUBSCRIPT]]
	        > ([[OPEN]] ⋅[[MULOP]] |[[VERTBAR]] x[[UNKNOWN]] _{t}[[POSTSUBSCRIPT]] )[[CLOSE]] ∈[[RELOP]] U[[UNKNOWN]] ([[OPEN]] x[[UNKNOWN]] _{t}[[POSTSUBSCRIPT]] ,[[PUNCT]] P[[UNKNOWN]] _{\theta}[[POSTSUBSCRIPT]] ([[OPEN]] ⋅[[MULOP]] |[[VERTBAR]] x[[UNKNOWN]] _{t}[[POSTSUBSCRIPT]] )[[CLOSE]] )[[CLOSE]]
Warning:not_parsed:UNKNOWN>OPEN MathParser failed to match rule 'Anything'
	at CoherentRiskArXiv15_Appendix.tex; line 347 col 16 - line 347 col 43
	In "${\mathcal{U}}(x_{t},P_{\theta}(\cdot|x_{t}))$"
	U[[UNKNOWN]]
	        > ([[OPEN]] x[[UNKNOWN]] _{t}[[POSTSUBSCRIPT]] ,[[PUNCT]] P[[UNKNOWN]] _{\theta}[[POSTSUBSCRIPT]] ([[OPEN]] ⋅[[MULOP]] |[[VERTBAR]] x[[UNKNOWN]] _{t}[[POSTSUBSCRIPT]] )[[CLOSE]] )[[CLOSE]]
Warning:not_parsed:UNKNOWN.POSTSUBSCRIPT>OPEN MathParser failed to match rule 'Anything'
	at CoherentRiskArXiv15_Appendix.tex; line 347 col 128 - line 347 col 148
	In "$P_{\theta}(\cdot|x_{t})$"
	P[[UNKNOWN]] _{\theta}[[POSTSUBSCRIPT]]
	        > ([[OPEN]] ⋅[[MULOP]] |[[VERTBAR]] x[[UNKNOWN]] _{t}[[POSTSUBSCRIPT]] )[[CLOSE]]
Warning:not_parsed:UNKNOWN.UNKNOWN.POSTSUBSCRIPT>OPEN MathParser failed to match rule 'Subscript'
	at CoherentRiskArXiv15_Appendix.tex; line 354 col 96 - line 354 col 96
	In "\begin{equation}T_{\theta}[V](x):=C_{\theta}(x)+\gamma\max_{\xi P_{\theta}(%
	\cdot|x)\in{\mathcal{U}}(x,P_{\theta}(\cdot|x))}\mathbb{E}_{\xi}[V].\end{equation}"
	ξ[[UNKNOWN]] P[[UNKNOWN]] _{\theta}[[POSTSUBSCRIPT]]
	        > ([[OPEN]] ⋅[[MULOP]] |[[VERTBAR]] x[[UNKNOWN]] )[[CLOSE]] ∈[[RELOP]] U[[UNKNOWN]] ([[OPEN]] x[[UNKNOWN]] ,[[PUNCT]] P[[UNKNOWN]] _{\theta}[[POSTSUBSCRIPT]] ([[OPEN]] ⋅[[MULOP]] |[[VERTBAR]] x[[UNKNOWN]] )[[CLOSE]] )[[CLOSE]]
Warning:not_parsed:UNKNOWN>OPEN MathParser failed to match rule 'Anything'
	at CoherentRiskArXiv15_Appendix.tex; line 381 col 270 - line 381 col 294
	In "$\mathcal{U}(x,P_{\theta}(\cdot|x))$"
	U[[UNKNOWN]]
	        > ([[OPEN]] x[[UNKNOWN]] ,[[PUNCT]] P[[UNKNOWN]] _{\theta}[[POSTSUBSCRIPT]] ([[OPEN]] ⋅[[MULOP]] |[[VERTBAR]] x[[UNKNOWN]] )[[CLOSE]] )[[CLOSE]]
Warning:not_parsed:CLOSE.UNKNOWN.POSTSUBSCRIPT>OPEN MathParser failed to match rule 'Anything'
	at CoherentRiskArXiv15_Appendix.tex; line 387 col 85 - line 387 col 148
	In "$\xi(\cdot)P_{\theta}(\cdot|x)\in\mathcal{U}(x,P_{\theta}(\cdot|x))$"
	ξ[[UNKNOWN]] ([[OPEN]] ⋅[[MULOP]] )[[CLOSE]] P[[UNKNOWN]] _{\theta}[[POSTSUBSCRIPT]]
	        > ([[OPEN]] ⋅[[MULOP]] |[[VERTBAR]] x[[UNKNOWN]] )[[CLOSE]] ∈[[RELOP]] U[[UNKNOWN]] ([[OPEN]] x[[UNKNOWN]] ,[[PUNCT]] P[[UNKNOWN]] _{\theta}[[POSTSUBSCRIPT]] ([[OPEN]] ⋅[[MULOP]] |[[VERTBAR]] x[[UNKNOWN]] )[[CLOSE]] )[[CLOSE]]
Warning:not_parsed:UNKNOWN.UNKNOWN.POSTSUBSCRIPT>OPEN MathParser failed to match rule 'Subscript'
	at CoherentRiskArXiv15_Appendix.tex; line 395 col 118 - line 395 col 118
	In "$\displaystyle+\gamma\sum_{x\in\mathcal{X}}d_{\theta}(x|x_{0})\phi(x)\max_{\xi%
	\,:\,\xi P_{\theta}(\cdot|x)\in{\mathcal{U}}(x,P_{\theta}(\cdot|x))}\mathbb{E}%
	_{\xi}[\Phi v_{\theta}^{*}].\@@ENDINLINEMATH"
	ξ[[UNKNOWN]] :[[METARELOP]] ξ[[UNKNOWN]] P[[UNKNOWN]] _{\theta}[[POSTSUBSCRIPT]]
	        > ([[OPEN]] ⋅[[MULOP]] |[[VERTBAR]] x[[UNKNOWN]] )[[CLOSE]] ∈[[RELOP]] U[[UNKNOWN]] ([[OPEN]] x[[UNKNOWN]] ,[[PUNCT]] P[[UNKNOWN]] _{\theta}[[POSTSUBSCRIPT]] ([[OPEN]] ⋅[[MULOP]] |[[VERTBAR]] x[[UNKNOWN]] )[[CLOSE]] )[[CLOSE]]
Warning:not_parsed:UNKNOWN.UNKNOWN.POSTSUBSCRIPT>OPEN MathParser failed to match rule 'Subscript'
	at CoherentRiskArXiv15_Appendix.tex; line 395 col 118 - line 395 col 118
	In "$\displaystyle+\gamma\sum_{x\in\mathcal{X}}d_{\theta}(x|x_{0})\phi(x)\max_{\xi%
	\,:\,\xi P_{\theta}(\cdot|x)\in{\mathcal{U}}(x,P_{\theta}(\cdot|x))}\mathbb{E}%
	_{\xi}[\Phi v_{\theta}^{*}].$"
	ξ[[UNKNOWN]] :[[METARELOP]] ξ[[UNKNOWN]] P[[UNKNOWN]] _{\theta}[[POSTSUBSCRIPT]]
	        > ([[OPEN]] ⋅[[MULOP]] |[[VERTBAR]] x[[UNKNOWN]] )[[CLOSE]] ∈[[RELOP]] U[[UNKNOWN]] ([[OPEN]] x[[UNKNOWN]] ,[[PUNCT]] P[[UNKNOWN]] _{\theta}[[POSTSUBSCRIPT]] ([[OPEN]] ⋅[[MULOP]] |[[VERTBAR]] x[[UNKNOWN]] )[[CLOSE]] )[[CLOSE]]
Warning:not_parsed:POSTSUPERSCRIPT.CLOSE.POSTSUPERSCRIPT>OPEN MathParser failed to match rule 'Anything'
	at CoherentRiskArXiv15_Appendix.tex; line 402 col 1 - line 402 col 1
	In "$\displaystyle v_{k+1}=\left(\frac{1}{N}\sum_{t=0}^{N-1}\phi(x_{t})\phi(x_{t})%
	^{\top}\right)^{-1}\bigg{[}\frac{1}{N}\sum_{t=0}^{N-1}\phi(x_{t})C_{\theta}(x_%
	{t})\@@ENDINLINEMATH"
	v[[UNKNOWN]] _{k+1}[[POSTSUBSCRIPT]] =[[RELOP]] \left([[OPEN]] \frac{1}{N}[[UNKNOWN]] ∑[[SUMOP]] _{t=0}[[POSTSUBSCRIPT]] ^{N-1}[[POSTSUPERSCRIPT]] ϕ[[UNKNOWN]] ([[OPEN]] x[[UNKNOWN]] _{t}[[POSTSUBSCRIPT]] )[[CLOSE]] ϕ[[UNKNOWN]] ([[OPEN]] x[[UNKNOWN]] _{t}[[POSTSUBSCRIPT]] )[[CLOSE]] ^{\top}[[POSTSUPERSCRIPT]] \right)[[CLOSE]] ^{-1}[[POSTSUPERSCRIPT]]
	        > [[[OPEN]] \frac{1}{N}[[UNKNOWN]] ∑[[SUMOP]] _{t=0}[[POSTSUBSCRIPT]] ^{N-1}[[POSTSUPERSCRIPT]] ϕ[[UNKNOWN]] ([[OPEN]] x[[UNKNOWN]] _{t}[[POSTSUBSCRIPT]] )[[CLOSE]] C[[UNKNOWN]] _{\theta}[[POSTSUBSCRIPT]] ([[OPEN]] x[[UNKNOWN]] _{t}[[POSTSUBSCRIPT]] )[[CLOSE]]
Warning:not_parsed:POSTSUPERSCRIPT.CLOSE.POSTSUPERSCRIPT>OPEN MathParser failed to match rule 'Anything'
	at CoherentRiskArXiv15_Appendix.tex; line 402 col 9 - line 402 col 150
	In "$\displaystyle=\left(\frac{1}{N}\sum_{t=0}^{N-1}\phi(x_{t})\phi(x_{t})^{\top}%
	\right)^{-1}\bigg{[}\frac{1}{N}\sum_{t=0}^{N-1}\phi(x_{t})C_{\theta}(x_{t})$"
	=[[RELOP]] \left([[OPEN]] \frac{1}{N}[[UNKNOWN]] ∑[[SUMOP]] _{t=0}[[POSTSUBSCRIPT]] ^{N-1}[[POSTSUPERSCRIPT]] ϕ[[UNKNOWN]] ([[OPEN]] x[[UNKNOWN]] _{t}[[POSTSUBSCRIPT]] )[[CLOSE]] ϕ[[UNKNOWN]] ([[OPEN]] x[[UNKNOWN]] _{t}[[POSTSUBSCRIPT]] )[[CLOSE]] ^{\top}[[POSTSUPERSCRIPT]] \right)[[CLOSE]] ^{-1}[[POSTSUPERSCRIPT]]
	        > [[[OPEN]] \frac{1}{N}[[UNKNOWN]] ∑[[SUMOP]] _{t=0}[[POSTSUBSCRIPT]] ^{N-1}[[POSTSUPERSCRIPT]] ϕ[[UNKNOWN]] ([[OPEN]] x[[UNKNOWN]] _{t}[[POSTSUBSCRIPT]] )[[CLOSE]] C[[UNKNOWN]] _{\theta}[[POSTSUBSCRIPT]] ([[OPEN]] x[[UNKNOWN]] _{t}[[POSTSUBSCRIPT]] )[[CLOSE]]
Warning:not_parsed:UNKNOWN.UNKNOWN.POSTSUBSCRIPT>OPEN MathParser failed to match rule 'Subscript'
	at CoherentRiskArXiv15_Appendix.tex; line 403 col 108 - line 403 col 108
	In "$\displaystyle+\gamma\frac{1}{N}\sum_{t=0}^{N-1}\phi(x_{t})\max_{\xi P_{\theta%
	}(\cdot|x_{t})\in{\mathcal{U}}(x_{t},P_{\theta}(\cdot|x_{t}))}\mathbb{E}_{\xi}%
	[\Phi v_{k}]\bigg{]}.\@@ENDINLINEMATH"
	ξ[[UNKNOWN]] P[[UNKNOWN]] _{\theta}[[POSTSUBSCRIPT]]
	        > ([[OPEN]] ⋅[[MULOP]] |[[VERTBAR]] x[[UNKNOWN]] _{t}[[POSTSUBSCRIPT]] )[[CLOSE]] ∈[[RELOP]] U[[UNKNOWN]] ([[OPEN]] x[[UNKNOWN]] _{t}[[POSTSUBSCRIPT]] ,[[PUNCT]] P[[UNKNOWN]] _{\theta}[[POSTSUBSCRIPT]] ([[OPEN]] ⋅[[MULOP]] |[[VERTBAR]] x[[UNKNOWN]] _{t}[[POSTSUBSCRIPT]] )[[CLOSE]] )[[CLOSE]]
Warning:not_parsed:UNKNOWN.POSTSUBSCRIPT.CLOSE>CLOSE MathParser failed to match rule 'Anything'
	at CoherentRiskArXiv15_Appendix.tex; line 403 col 2 - line 403 col 2
	+[[ADDOP]] γ[[UNKNOWN]] \frac{1}{N}[[UNKNOWN]] ∑[[SUMOP]] _{t=0}[[POSTSUBSCRIPT]] ^{N-1}[[POSTSUPERSCRIPT]] ϕ[[UNKNOWN]] ([[OPEN]] x[[UNKNOWN]] _{t}[[POSTSUBSCRIPT]] )[[CLOSE]] max[[OPFUNCTION]] _{\xiP_{\theta}(\cdot|x_{t})\in{\mathcal{U}}(x_{t},P_{\theta}(\cdot|x_{t}))}[[POSTSUBSCRIPT]] E[[UNKNOWN]] _{\xi}[[POSTSUBSCRIPT]] [[[OPEN]] Φ[[UNKNOWN]] v[[UNKNOWN]] _{k}[[POSTSUBSCRIPT]] ][[CLOSE]]
	        > ][[CLOSE]]
Warning:not_parsed:UNKNOWN.UNKNOWN.POSTSUBSCRIPT>OPEN MathParser failed to match rule 'Subscript'
	at CoherentRiskArXiv15_Appendix.tex; line 403 col 108 - line 403 col 108
	In "$\displaystyle+\gamma\frac{1}{N}\sum_{t=0}^{N-1}\phi(x_{t})\max_{\xi P_{\theta%
	}(\cdot|x_{t})\in{\mathcal{U}}(x_{t},P_{\theta}(\cdot|x_{t}))}\mathbb{E}_{\xi}%
	[\Phi v_{k}]\bigg{]}.$"
	ξ[[UNKNOWN]] P[[UNKNOWN]] _{\theta}[[POSTSUBSCRIPT]]
	        > ([[OPEN]] ⋅[[MULOP]] |[[VERTBAR]] x[[UNKNOWN]] _{t}[[POSTSUBSCRIPT]] )[[CLOSE]] ∈[[RELOP]] U[[UNKNOWN]] ([[OPEN]] x[[UNKNOWN]] _{t}[[POSTSUBSCRIPT]] ,[[PUNCT]] P[[UNKNOWN]] _{\theta}[[POSTSUBSCRIPT]] ([[OPEN]] ⋅[[MULOP]] |[[VERTBAR]] x[[UNKNOWN]] _{t}[[POSTSUBSCRIPT]] )[[CLOSE]] )[[CLOSE]]
Warning:not_parsed:UNKNOWN.POSTSUBSCRIPT.CLOSE>CLOSE MathParser failed to match rule 'Anything'
	at CoherentRiskArXiv15_Appendix.tex; line 403 col 2 - line 405 col 11
	+[[ADDOP]] γ[[UNKNOWN]] \frac{1}{N}[[UNKNOWN]] ∑[[SUMOP]] _{t=0}[[POSTSUBSCRIPT]] ^{N-1}[[POSTSUPERSCRIPT]] ϕ[[UNKNOWN]] ([[OPEN]] x[[UNKNOWN]] _{t}[[POSTSUBSCRIPT]] )[[CLOSE]] max[[OPFUNCTION]] _{\xiP_{\theta}(\cdot|x_{t})\in{\mathcal{U}}(x_{t},P_{\theta}(\cdot|x_{t}))}[[POSTSUBSCRIPT]] E[[UNKNOWN]] _{\xi}[[POSTSUBSCRIPT]] [[[OPEN]] Φ[[UNKNOWN]] v[[UNKNOWN]] _{k}[[POSTSUBSCRIPT]] ][[CLOSE]]
	        > ][[CLOSE]]
Warning:not_parsed:UNKNOWN.UNKNOWN.POSTSUBSCRIPT>OPEN MathParser failed to match rule 'Subscript'
	at CoherentRiskArXiv15_Appendix.tex; line 411 col 179 - line 411 col 179
	In "$\max_{\xi P_{\theta}(\cdot|x)\in{\mathcal{U}}(x,P_{\theta}(\cdot|x))}\mathbb{%
	E}_{\xi}[\Phi v]$"
	ξ[[UNKNOWN]] P[[UNKNOWN]] _{\theta}[[POSTSUBSCRIPT]]
	        > ([[OPEN]] ⋅[[MULOP]] |[[VERTBAR]] x[[UNKNOWN]] )[[CLOSE]] ∈[[RELOP]] U[[UNKNOWN]] ([[OPEN]] x[[UNKNOWN]] ,[[PUNCT]] P[[UNKNOWN]] _{\theta}[[POSTSUBSCRIPT]] ([[OPEN]] ⋅[[MULOP]] |[[VERTBAR]] x[[UNKNOWN]] )[[CLOSE]] )[[CLOSE]]
Warning:not_parsed:UNKNOWN.UNKNOWN.POSTSUBSCRIPT>OPEN MathParser failed to match rule 'Subscript'
	at CoherentRiskArXiv15_Appendix.tex; line 425 col 140 - line 425 col 140
	In "$\max_{\xi P_{\theta}(\cdot|x_{t})\in{\mathcal{U}}(x_{t},P_{\theta}(\cdot|x_{t%
	}))}\mathbb{E}_{\xi}[\Phi v_{\theta}^{*}]$"
	ξ[[UNKNOWN]] P[[UNKNOWN]] _{\theta}[[POSTSUBSCRIPT]]
	        > ([[OPEN]] ⋅[[MULOP]] |[[VERTBAR]] x[[UNKNOWN]] _{t}[[POSTSUBSCRIPT]] )[[CLOSE]] ∈[[RELOP]] U[[UNKNOWN]] ([[OPEN]] x[[UNKNOWN]] _{t}[[POSTSUBSCRIPT]] ,[[PUNCT]] P[[UNKNOWN]] _{\theta}[[POSTSUBSCRIPT]] ([[OPEN]] ⋅[[MULOP]] |[[VERTBAR]] x[[UNKNOWN]] _{t}[[POSTSUBSCRIPT]] )[[CLOSE]] )[[CLOSE]]
Warning:not_parsed:UNKNOWN.UNKNOWN.POSTSUBSCRIPT>OPEN MathParser failed to match rule 'Subscript'
	at CoherentRiskArXiv15_Appendix.tex; line 443 col 224 - line 443 col 224
	In "$V_{\theta}(x)=C_{\theta}(x)+\gamma\max_{\xi P_{\theta}(\cdot|x)\in{\mathcal{U%
	}}(x,P_{\theta}(\cdot|x))}\mathbb{E}_{\xi}[V_{\theta}]$"
	ξ[[UNKNOWN]] P[[UNKNOWN]] _{\theta}[[POSTSUBSCRIPT]]
	        > ([[OPEN]] ⋅[[MULOP]] |[[VERTBAR]] x[[UNKNOWN]] )[[CLOSE]] ∈[[RELOP]] U[[UNKNOWN]] ([[OPEN]] x[[UNKNOWN]] ,[[PUNCT]] P[[UNKNOWN]] _{\theta}[[POSTSUBSCRIPT]] ([[OPEN]] ⋅[[MULOP]] |[[VERTBAR]] x[[UNKNOWN]] )[[CLOSE]] )[[CLOSE]]
Warning:not_parsed:UNKNOWN.POSTSUBSCRIPT>OPEN MathParser failed to match rule 'Anything'
	at CoherentRiskArXiv15_Appendix.tex; line 452 col 144 - line 452 col 184
	In "$P_{\theta}(\cdot|x)\xi_{\theta,x}^{*}(\cdot)$"
	P[[UNKNOWN]] _{\theta}[[POSTSUBSCRIPT]]
	        > ([[OPEN]] ⋅[[MULOP]] |[[VERTBAR]] x[[UNKNOWN]] )[[CLOSE]] ξ[[UNKNOWN]] _{\theta,x}[[POSTSUBSCRIPT]] ^{*}[[POSTSUPERSCRIPT]] ([[OPEN]] ⋅[[MULOP]] )[[CLOSE]]
Warning:not_parsed:UNKNOWN.POSTSUPERSCRIPT.CLOSE>OPEN MathParser failed to match rule 'Anything'
	at CoherentRiskArXiv15_Appendix.tex; line 457 col 1 - line 457 col 1
	In "$\displaystyle h_{\theta}(x,a)=C(x,a)+\sum_{x^{\prime}\in\mathcal{X}}P(x^{%
	\prime}|x,a)\xi^{*}_{\theta,x}(x^{\prime})\Big{[}\gamma V_{\theta}(x^{\prime})%
	-\!{\lambda}^{*,\mathcal{P}}_{\theta,x}\@@ENDINLINEMATH"
	h[[UNKNOWN]] _{\theta}[[POSTSUBSCRIPT]] ([[OPEN]] x[[UNKNOWN]] ,[[PUNCT]] a[[UNKNOWN]] )[[CLOSE]] =[[RELOP]] C[[UNKNOWN]] ([[OPEN]] x[[UNKNOWN]] ,[[PUNCT]] a[[UNKNOWN]] )[[CLOSE]] +[[ADDOP]] ∑[[SUMOP]] _{x^{\prime}\in\mathcal{X}}[[POSTSUBSCRIPT]] P[[UNKNOWN]] ([[OPEN]] x[[UNKNOWN]] ^{\prime}[[POSTSUPERSCRIPT]] |[[VERTBAR]] x[[UNKNOWN]] ,[[PUNCT]] a[[UNKNOWN]] )[[CLOSE]] ξ[[UNKNOWN]] ^{*}[[POSTSUPERSCRIPT]] _{\theta,x}[[POSTSUBSCRIPT]] ([[OPEN]] x[[UNKNOWN]] ^{\prime}[[POSTSUPERSCRIPT]] )[[CLOSE]]
	        > [[[OPEN]] γ[[UNKNOWN]] V[[UNKNOWN]] _{\theta}[[POSTSUBSCRIPT]] ([[OPEN]] x[[UNKNOWN]] ^{\prime}[[POSTSUPERSCRIPT]] )[[CLOSE]] -[[ADDOP]] λ[[UNKNOWN]] ^{*,\mathcal{P}}[[POSTSUPERSCRIPT]] _{\theta,x}[[POSTSUBSCRIPT]]
Warning:not_parsed:UNKNOWN.POSTSUPERSCRIPT.CLOSE>OPEN MathParser failed to match rule 'Anything'
	at CoherentRiskArXiv15_Appendix.tex; line 457 col 16 - line 457 col 157
	In "$\displaystyle=C(x,a)+\sum_{x^{\prime}\in\mathcal{X}}P(x^{\prime}|x,a)\xi^{*}_%
	{\theta,x}(x^{\prime})\Big{[}\gamma V_{\theta}(x^{\prime})-\!{\lambda}^{*,%
	\mathcal{P}}_{\theta,x}$"
	=[[RELOP]] C[[UNKNOWN]] ([[OPEN]] x[[UNKNOWN]] ,[[PUNCT]] a[[UNKNOWN]] )[[CLOSE]] +[[ADDOP]] ∑[[SUMOP]] _{x^{\prime}\in\mathcal{X}}[[POSTSUBSCRIPT]] P[[UNKNOWN]] ([[OPEN]] x[[UNKNOWN]] ^{\prime}[[POSTSUPERSCRIPT]] |[[VERTBAR]] x[[UNKNOWN]] ,[[PUNCT]] a[[UNKNOWN]] )[[CLOSE]] ξ[[UNKNOWN]] ^{*}[[POSTSUPERSCRIPT]] _{\theta,x}[[POSTSUBSCRIPT]] ([[OPEN]] x[[UNKNOWN]] ^{\prime}[[POSTSUPERSCRIPT]] )[[CLOSE]]
	        > [[[OPEN]] γ[[UNKNOWN]] V[[UNKNOWN]] _{\theta}[[POSTSUBSCRIPT]] ([[OPEN]] x[[UNKNOWN]] ^{\prime}[[POSTSUPERSCRIPT]] )[[CLOSE]] -[[ADDOP]] λ[[UNKNOWN]] ^{*,\mathcal{P}}[[POSTSUPERSCRIPT]] _{\theta,x}[[POSTSUBSCRIPT]]
Warning:not_parsed:UNKNOWN.CLOSE.ATOM>CLOSE MathParser failed to match rule 'Anything'
	at CoherentRiskArXiv15_Appendix.tex; line 458 col 2 - line 458 col 2
	In "$\displaystyle-\sum_{i\in\mathcal{I}}{\lambda}^{*,\mathcal{I}}_{\theta,x}(i)%
	\frac{df_{i}(\xi^{*}_{\theta,x},p)}{dp(x^{\prime})}-\sum_{e\in\mathcal{E}}\!{%
	\lambda}^{*,\mathcal{E}}_{\theta,x}(e)\frac{dg_{e}(\xi^{*}_{\theta,x},p)}{dp(x%
	^{\prime})}\Big{]}.\@@ENDINLINEMATH"
	-[[ADDOP]] ∑[[SUMOP]] _{i\in\mathcal{I}}[[POSTSUBSCRIPT]] λ[[UNKNOWN]] ^{*,\mathcal{I}}[[POSTSUPERSCRIPT]] _{\theta,x}[[POSTSUBSCRIPT]] ([[OPEN]] i[[UNKNOWN]] )[[CLOSE]] \frac{df_{i}(\xi^{*}_{\theta,x},p)}{dp(x^{\prime})}[[UNKNOWN]] -[[ADDOP]] ∑[[SUMOP]] _{e\in\mathcal{E}}[[POSTSUBSCRIPT]] λ[[UNKNOWN]] ^{*,\mathcal{E}}[[POSTSUPERSCRIPT]] _{\theta,x}[[POSTSUBSCRIPT]] ([[OPEN]] e[[UNKNOWN]] )[[CLOSE]] \frac{dg_{e}(\xi^{*}_{\theta,x},p)}{dp(x^{\prime})}[[UNKNOWN]]
	        > ][[CLOSE]]
Warning:not_parsed:UNKNOWN.CLOSE.ATOM>CLOSE MathParser failed to match rule 'Anything'
	at CoherentRiskArXiv15_Appendix.tex; line 458 col 2 - line 460 col 11
	In "$\displaystyle-\sum_{i\in\mathcal{I}}{\lambda}^{*,\mathcal{I}}_{\theta,x}(i)%
	\frac{df_{i}(\xi^{*}_{\theta,x},p)}{dp(x^{\prime})}-\sum_{e\in\mathcal{E}}\!{%
	\lambda}^{*,\mathcal{E}}_{\theta,x}(e)\frac{dg_{e}(\xi^{*}_{\theta,x},p)}{dp(x%
	^{\prime})}\Big{]}.$"
	-[[ADDOP]] ∑[[SUMOP]] _{i\in\mathcal{I}}[[POSTSUBSCRIPT]] λ[[UNKNOWN]] ^{*,\mathcal{I}}[[POSTSUPERSCRIPT]] _{\theta,x}[[POSTSUBSCRIPT]] ([[OPEN]] i[[UNKNOWN]] )[[CLOSE]] \frac{df_{i}(\xi^{*}_{\theta,x},p)}{dp(x^{\prime})}[[UNKNOWN]] -[[ADDOP]] ∑[[SUMOP]] _{e\in\mathcal{E}}[[POSTSUBSCRIPT]] λ[[UNKNOWN]] ^{*,\mathcal{E}}[[POSTSUPERSCRIPT]] _{\theta,x}[[POSTSUBSCRIPT]] ([[OPEN]] e[[UNKNOWN]] )[[CLOSE]] \frac{dg_{e}(\xi^{*}_{\theta,x},p)}{dp(x^{\prime})}[[UNKNOWN]]
	        > ][[CLOSE]]
Warning:not_parsed:UNKNOWN.POSTSUBSCRIPT>OPEN MathParser failed to match rule 'Anything'
	at CoherentRiskArXiv15_Appendix.tex; line 465 col 436 - line 465 col 476
	In "$P_{\theta}(\cdot|x)\xi_{\theta,x}^{*}(\cdot)$"
	P[[UNKNOWN]] _{\theta}[[POSTSUBSCRIPT]]
	        > ([[OPEN]] ⋅[[MULOP]] |[[VERTBAR]] x[[UNKNOWN]] )[[CLOSE]] ξ[[UNKNOWN]] _{\theta,x}[[POSTSUBSCRIPT]] ^{*}[[POSTSUPERSCRIPT]] ([[OPEN]] ⋅[[MULOP]] )[[CLOSE]]
Warning:not_parsed:UNKNOWN.POSTSUPERSCRIPT.POSTSUBSCRIPT>OPEN MathParser failed to match rule 'Anything'
	at CoherentRiskArXiv15_Appendix.tex; line 467 col 177 - line 467 col 242
	In "$P^{\xi}_{\theta}(\cdot|x):=\xi_{\theta,x}^{*}(\cdot)P_{\theta}(\cdot|x)$"
	P[[UNKNOWN]] ^{\xi}[[POSTSUPERSCRIPT]] _{\theta}[[POSTSUBSCRIPT]]
	        > ([[OPEN]] ⋅[[MULOP]] |[[VERTBAR]] x[[UNKNOWN]] )[[CLOSE]] :=[[RELOP]] ξ[[UNKNOWN]] _{\theta,x}[[POSTSUBSCRIPT]] ^{*}[[POSTSUPERSCRIPT]] ([[OPEN]] ⋅[[MULOP]] )[[CLOSE]] P[[UNKNOWN]] _{\theta}[[POSTSUBSCRIPT]] ([[OPEN]] ⋅[[MULOP]] |[[VERTBAR]] x[[UNKNOWN]] )[[CLOSE]]
Warning:not_parsed:UNKNOWN>OPEN MathParser failed to match rule 'Anything'
	at CoherentRiskArXiv15_Appendix.tex; line 469 col 146 - line 469 col 158
	In "$P(\cdot|x,a)$"
	P[[UNKNOWN]]
	        > ([[OPEN]] ⋅[[MULOP]] |[[VERTBAR]] x[[UNKNOWN]] ,[[PUNCT]] a[[UNKNOWN]] )[[CLOSE]]
Warning:not_parsed:UNKNOWN.POSTSUPERSCRIPT.CLOSE>OPEN MathParser failed to match rule 'Anything'
	at CoherentRiskArXiv15_Appendix.tex; line 474 col 1 - line 474 col 1
	In "$\displaystyle h_{\theta,N}(x,a):=C(x,a)+\frac{1}{N}\sum_{k=1}^{N}\xi^{*}_{%
	\theta,x}(y^{(k)})\Bigg{[}\gamma{v_{\theta}^{*}}^{\top}\phi(y^{(k)})-{\lambda}%
	^{*,\mathcal{P}}_{\theta,x}\@@ENDINLINEMATH"
	h[[UNKNOWN]] _{\theta,N}[[POSTSUBSCRIPT]] ([[OPEN]] x[[UNKNOWN]] ,[[PUNCT]] a[[UNKNOWN]] )[[CLOSE]] :=[[RELOP]] C[[UNKNOWN]] ([[OPEN]] x[[UNKNOWN]] ,[[PUNCT]] a[[UNKNOWN]] )[[CLOSE]] +[[ADDOP]] \frac{1}{N}[[UNKNOWN]] ∑[[SUMOP]] _{k=1}[[POSTSUBSCRIPT]] ^{N}[[POSTSUPERSCRIPT]] ξ[[UNKNOWN]] ^{*}[[POSTSUPERSCRIPT]] _{\theta,x}[[POSTSUBSCRIPT]] ([[OPEN]] y[[UNKNOWN]] ^{(k)}[[POSTSUPERSCRIPT]] )[[CLOSE]]
	        > [[[OPEN]] γ[[UNKNOWN]] v[[UNKNOWN]] _{\theta}[[POSTSUBSCRIPT]] ^{*}[[POSTSUPERSCRIPT]] ^{\top}[[POSTSUPERSCRIPT]] ϕ[[UNKNOWN]] ([[OPEN]] y[[UNKNOWN]] ^{(k)}[[POSTSUPERSCRIPT]] )[[CLOSE]] -[[ADDOP]] λ[[UNKNOWN]] ^{*,\mathcal{P}}[[POSTSUPERSCRIPT]] _{\theta,x}[[POSTSUBSCRIPT]]
Warning:not_parsed:UNKNOWN.POSTSUBSCRIPT>OPEN MathParser failed to match rule 'Anything'
	at CoherentRiskArXiv15_Appendix.tex; line 474 col 1 - line 474 col 16
	In "$\displaystyle h_{\theta,N}(x,$"
	h[[UNKNOWN]] _{\theta,N}[[POSTSUBSCRIPT]]
	        > ([[OPEN]] x[[UNKNOWN]]
Warning:not_parsed:UNKNOWN>CLOSE MathParser failed to match rule 'Anything'
	at CoherentRiskArXiv15_Appendix.tex; line 474 col 17 - line 474 col 158
	In "$\displaystyle a):=C(x,a)+\frac{1}{N}\sum_{k=1}^{N}\xi^{*}_{\theta,x}(y^{(k)})%
	\Bigg{[}\gamma{v_{\theta}^{*}}^{\top}\phi(y^{(k)})-{\lambda}^{*,\mathcal{P}}_{%
	\theta,x}$"
	a[[UNKNOWN]]
	        > )[[CLOSE]] :=[[RELOP]] C[[UNKNOWN]] ([[OPEN]] x[[UNKNOWN]] ,[[PUNCT]] a[[UNKNOWN]] )[[CLOSE]] +[[ADDOP]] \frac{1}{N}[[UNKNOWN]] ∑[[SUMOP]] _{k=1}[[POSTSUBSCRIPT]] ^{N}[[POSTSUPERSCRIPT]] ξ[[UNKNOWN]] ^{*}[[POSTSUPERSCRIPT]] _{\theta,x}[[POSTSUBSCRIPT]] ([[OPEN]] y[[UNKNOWN]] ^{(k)}[[POSTSUPERSCRIPT]] )[[CLOSE]] [[[OPEN]] γ[[UNKNOWN]] v[[UNKNOWN]] _{\theta}[[POSTSUBSCRIPT]] ^{*}[[POSTSUPERSCRIPT]] ^{\top}[[POSTSUPERSCRIPT]] ϕ[[UNKNOWN]] ([[OPEN]] y[[UNKNOWN]] ^{(k)}[[POSTSUPERSCRIPT]] )[[CLOSE]] -[[ADDOP]] λ[[UNKNOWN]] ^{*,\mathcal{P}}[[POSTSUPERSCRIPT]] _{\theta,x}[[POSTSUBSCRIPT]]
Warning:not_parsed:UNKNOWN.CLOSE.ATOM>CLOSE MathParser failed to match rule 'Anything'
	at CoherentRiskArXiv15_Appendix.tex; line 475 col 2 - line 475 col 2
	In "$\displaystyle-\sum_{i\in\mathcal{I}}{\lambda}^{*,\mathcal{I}}_{\theta,x}(i)%
	\frac{df_{i}(\xi^{*}_{\theta,x},p)}{dp(y^{(k)})}-\sum_{e\in\mathcal{E}}{%
	\lambda}^{*,\mathcal{E}}_{\theta,x}(e)\frac{dg_{e}(\xi^{*}_{\theta,x},p)}{dp(y%
	^{(k)})}\Bigg{]}\@@ENDINLINEMATH"
	-[[ADDOP]] ∑[[SUMOP]] _{i\in\mathcal{I}}[[POSTSUBSCRIPT]] λ[[UNKNOWN]] ^{*,\mathcal{I}}[[POSTSUPERSCRIPT]] _{\theta,x}[[POSTSUBSCRIPT]] ([[OPEN]] i[[UNKNOWN]] )[[CLOSE]] \frac{df_{i}(\xi^{*}_{\theta,x},p)}{dp(y^{(k)})}[[UNKNOWN]] -[[ADDOP]] ∑[[SUMOP]] _{e\in\mathcal{E}}[[POSTSUBSCRIPT]] λ[[UNKNOWN]] ^{*,\mathcal{E}}[[POSTSUPERSCRIPT]] _{\theta,x}[[POSTSUBSCRIPT]] ([[OPEN]] e[[UNKNOWN]] )[[CLOSE]] \frac{dg_{e}(\xi^{*}_{\theta,x},p)}{dp(y^{(k)})}[[UNKNOWN]]
	        > ][[CLOSE]]
Warning:not_parsed:UNKNOWN.CLOSE.ATOM>CLOSE MathParser failed to match rule 'Anything'
	at CoherentRiskArXiv15_Appendix.tex; line 475 col 2 - line 476 col 12
	In "$\displaystyle-\sum_{i\in\mathcal{I}}{\lambda}^{*,\mathcal{I}}_{\theta,x}(i)%
	\frac{df_{i}(\xi^{*}_{\theta,x},p)}{dp(y^{(k)})}-\sum_{e\in\mathcal{E}}{%
	\lambda}^{*,\mathcal{E}}_{\theta,x}(e)\frac{dg_{e}(\xi^{*}_{\theta,x},p)}{dp(y%
	^{(k)})}\Bigg{]}$"
	-[[ADDOP]] ∑[[SUMOP]] _{i\in\mathcal{I}}[[POSTSUBSCRIPT]] λ[[UNKNOWN]] ^{*,\mathcal{I}}[[POSTSUPERSCRIPT]] _{\theta,x}[[POSTSUBSCRIPT]] ([[OPEN]] i[[UNKNOWN]] )[[CLOSE]] \frac{df_{i}(\xi^{*}_{\theta,x},p)}{dp(y^{(k)})}[[UNKNOWN]] -[[ADDOP]] ∑[[SUMOP]] _{e\in\mathcal{E}}[[POSTSUBSCRIPT]] λ[[UNKNOWN]] ^{*,\mathcal{E}}[[POSTSUPERSCRIPT]] _{\theta,x}[[POSTSUBSCRIPT]] ([[OPEN]] e[[UNKNOWN]] )[[CLOSE]] \frac{dg_{e}(\xi^{*}_{\theta,x},p)}{dp(y^{(k)})}[[UNKNOWN]]
	        > ][[CLOSE]]
Warning:not_parsed:UNKNOWN.POSTSUPERSCRIPT.POSTSUBSCRIPT>OPEN MathParser failed to match rule 'Anything'
	at CoherentRiskArXiv15_Appendix.tex; line 488 col 169 - line 488 col 192
	In "$P^{\xi}_{\theta}(\cdot|x)$"
	P[[UNKNOWN]] ^{\xi}[[POSTSUPERSCRIPT]] _{\theta}[[POSTSUBSCRIPT]]
	        > ([[OPEN]] ⋅[[MULOP]] |[[VERTBAR]] x[[UNKNOWN]] )[[CLOSE]]
Warning:not_parsed:UNKNOWN.POSTSUBSCRIPT.POSTSUPERSCRIPT>OPEN MathParser failed to match rule 'Anything'
	at CoherentRiskArXiv15_Appendix.tex; line 488 col 388 - line 488 col 450
	In "$P_{\theta;N}^{\xi}(\cdot|x):=\xi_{\theta,x;N}^{*}(\cdot)P_{\theta;N}(\cdot|x)$"
	P[[UNKNOWN]] _{\theta;N}[[POSTSUBSCRIPT]] ^{\xi}[[POSTSUPERSCRIPT]]
	        > ([[OPEN]] ⋅[[MULOP]] |[[VERTBAR]] x[[UNKNOWN]] )[[CLOSE]] :=[[RELOP]] ξ[[UNKNOWN]] _{\theta,x;N}[[POSTSUBSCRIPT]] ^{*}[[POSTSUPERSCRIPT]] ([[OPEN]] ⋅[[MULOP]] )[[CLOSE]] P[[UNKNOWN]] _{\theta;N}[[POSTSUBSCRIPT]] ([[OPEN]] ⋅[[MULOP]] |[[VERTBAR]] x[[UNKNOWN]] )[[CLOSE]]
Warning:not_parsed:>VERTBAR MathParser failed to match rule 'Anything'
	at CoherentRiskArXiv15_Appendix.tex; line 496 col 5 - line 496 col 5
	In "$\displaystyle\bigg{|}\lim_{N\rightarrow\infty}\frac{1}{N}\sum_{j=1}^{N}\sum_{%
	t=0}^{\infty}\gamma^{t}\;\nabla\log\mu_{\theta}(a^{(j)}_{t}|x^{(j)}_{t})\;h_{%
	\theta,N}(x^{(j)}_{t},a^{(j)}_{t})\@@ENDINLINEMATH"
	> |[[VERTBAR]] lim[[LIMITOP]] _{N\rightarrow\infty}[[POSTSUBSCRIPT]] \frac{1}{N}[[UNKNOWN]] ∑[[SUMOP]] _{j=1}[[POSTSUBSCRIPT]] ^{N}[[POSTSUPERSCRIPT]] ∑[[SUMOP]] _{t=0}[[POSTSUBSCRIPT]] ^{\infty}[[POSTSUPERSCRIPT]] γ[[UNKNOWN]] ^{t}[[POSTSUPERSCRIPT]] ∇[[OPERATOR]] log[[OPFUNCTION]] μ[[UNKNOWN]] _{\theta}[[POSTSUBSCRIPT]] ([[OPEN]] a[[UNKNOWN]] ^{(j)}[[POSTSUPERSCRIPT]] _{t}[[POSTSUBSCRIPT]] |[[VERTBAR]] x[[UNKNOWN]] ^{(j)}[[POSTSUPERSCRIPT]] _{t}[[POSTSUBSCRIPT]] )[[CLOSE]] h[[UNKNOWN]] _{\theta,N}[[POSTSUBSCRIPT]] ([[OPEN]] x[[UNKNOWN]] ^{(j)}[[POSTSUPERSCRIPT]] _{t}[[POSTSUBSCRIPT]] ,[[PUNCT]] a[[UNKNOWN]] ^{(j)}[[POSTSUPERSCRIPT]] _{t}[[POSTSUBSCRIPT]] )[[CLOSE]]
Warning:not_parsed:>VERTBAR MathParser failed to match rule 'Anything'
	at CoherentRiskArXiv15_Appendix.tex; line 496 col 5 - line 496 col 43
	In "$\displaystyle\bigg{|}\lim_{N\rightarrow\infty}\frac{1}{N}$"
	> |[[VERTBAR]] lim[[LIMITOP]] _{N\rightarrow\infty}[[POSTSUBSCRIPT]] \frac{1}{N}[[UNKNOWN]]
Warning:not_parsed:UNKNOWN.POSTSUBSCRIPT.CLOSE>VERTBAR MathParser failed to match rule 'Anything'
	at CoherentRiskArXiv15_Appendix.tex; line 497 col 2 - line 497 col 2
	In "$\displaystyle-\nabla V_{\theta}(x_{0})\bigg{|}=O(\Delta).\@@ENDINLINEMATH"
	-[[ADDOP]] ∇[[OPERATOR]] V[[UNKNOWN]] _{\theta}[[POSTSUBSCRIPT]] ([[OPEN]] x[[UNKNOWN]] _{0}[[POSTSUBSCRIPT]] )[[CLOSE]]
	        > |[[VERTBAR]] =[[RELOP]] O[[UNKNOWN]] ([[OPEN]] Δ[[UNKNOWN]] )[[CLOSE]]
Warning:not_parsed:UNKNOWN.POSTSUBSCRIPT.CLOSE>VERTBAR MathParser failed to match rule 'Anything'
	at CoherentRiskArXiv15_Appendix.tex; line 497 col 2 - line 498 col 12
	In "$\displaystyle-\nabla V_{\theta}(x_{0})\bigg{|}=O(\Delta).$"
	-[[ADDOP]] ∇[[OPERATOR]] V[[UNKNOWN]] _{\theta}[[POSTSUBSCRIPT]] ([[OPEN]] x[[UNKNOWN]] _{0}[[POSTSUBSCRIPT]] )[[CLOSE]]
	        > |[[VERTBAR]] =[[RELOP]] O[[UNKNOWN]] ([[OPEN]] Δ[[UNKNOWN]] )[[CLOSE]]
Warning:not_parsed:UNKNOWN>OPEN MathParser failed to match rule 'Anything'
	at CoherentRiskArXiv15_Appendix.tex; line 519 col 6 - line 519 col 20
	In "$P(\cdot|\cdot)$"
	P[[UNKNOWN]]
	        > ([[OPEN]] ⋅[[MULOP]] |[[VERTBAR]] ⋅[[MULOP]] )[[CLOSE]]
Warning:not_parsed:ATOM>OPEN MathParser failed to match rule 'Anything'
	at CoherentRiskArXiv15_Appendix.tex; line 519 col 36 - line 519 col 52
	In "$\widetilde{P}(\cdot|\cdot)$"
	\widetilde{P}[[UNKNOWN]]
	        > ([[OPEN]] ⋅[[MULOP]] |[[VERTBAR]] ⋅[[MULOP]] )[[CLOSE]]
Warning:not_parsed:METARELOP.UNKNOWN.UNKNOWN>OPEN MathParser failed to match rule 'Anything'
	at CoherentRiskArXiv15_Appendix.tex; line 519 col 142 - line 519 col 190
	In "$\xi\,:\,\xi P(\cdot|x)\in\mathcal{U}(x,P(\cdot|x))$"
	ξ[[UNKNOWN]] :[[METARELOP]] ξ[[UNKNOWN]] P[[UNKNOWN]]
	        > ([[OPEN]] ⋅[[MULOP]] |[[VERTBAR]] x[[UNKNOWN]] )[[CLOSE]] ∈[[RELOP]] U[[UNKNOWN]] ([[OPEN]] x[[UNKNOWN]] ,[[PUNCT]] P[[UNKNOWN]] ([[OPEN]] ⋅[[MULOP]] |[[VERTBAR]] x[[UNKNOWN]] )[[CLOSE]] )[[CLOSE]]
Warning:not_parsed:METARELOP.ATOM.ATOM>OPEN MathParser failed to match rule 'Anything'
	at CoherentRiskArXiv15_Appendix.tex; line 519 col 245 - line 519 col 327
	In "$\tilde{\xi}\,:\,\tilde{\xi}\widetilde{P}(\cdot|x)\in\mathcal{U}(x,\widetilde{%
	P}(\cdot|x))$"
	\tilde{\xi}[[UNKNOWN]] :[[METARELOP]] \tilde{\xi}[[UNKNOWN]] \widetilde{P}[[UNKNOWN]]
	        > ([[OPEN]] ⋅[[MULOP]] |[[VERTBAR]] x[[UNKNOWN]] )[[CLOSE]] ∈[[RELOP]] U[[UNKNOWN]] ([[OPEN]] x[[UNKNOWN]] ,[[PUNCT]] \widetilde{P}[[UNKNOWN]] ([[OPEN]] ⋅[[MULOP]] |[[VERTBAR]] x[[UNKNOWN]] )[[CLOSE]] )[[CLOSE]]
Warning:not_parsed:POSTSUBSCRIPT.VERTBAR.UNKNOWN>OPEN MathParser failed to match rule 'Anything'
	at CoherentRiskArXiv15_Appendix.tex; line 520 col 0 - line 522 col 2
	In "$$\sum_{x^{\prime}\in\mathcal{X}}|\xi(x^{\prime})-\tilde{\xi}(x^{\prime})|\leq
	M%
	_{\xi}\sum_{x^{\prime}\in\mathcal{X}}\left|P(x^{\prime}|x)-\widetilde{P}(x^{%
	\prime}|x)\right|.$$"
	∑[[SUMOP]] _{x^{\prime}\in\mathcal{X}}[[POSTSUBSCRIPT]] |[[VERTBAR]] ξ[[UNKNOWN]] ([[OPEN]] x[[UNKNOWN]] ^{\prime}[[POSTSUPERSCRIPT]] )[[CLOSE]] -[[ADDOP]] \tilde{\xi}[[UNKNOWN]] ([[OPEN]] x[[UNKNOWN]] ^{\prime}[[POSTSUPERSCRIPT]] )[[CLOSE]] |[[VERTBAR]] ≤[[RELOP]] M[[UNKNOWN]] _{\xi}[[POSTSUBSCRIPT]] ∑[[SUMOP]] _{x^{\prime}\in\mathcal{X}}[[POSTSUBSCRIPT]] \left|[[VERTBAR]] P[[UNKNOWN]]
	        > ([[OPEN]] x[[UNKNOWN]] ^{\prime}[[POSTSUPERSCRIPT]] |[[VERTBAR]] x[[UNKNOWN]] )[[CLOSE]] -[[ADDOP]] \widetilde{P}[[UNKNOWN]] ([[OPEN]] x[[UNKNOWN]] ^{\prime}[[POSTSUPERSCRIPT]] |[[VERTBAR]] x[[UNKNOWN]] )[[CLOSE]] \right|[[VERTBAR]]
Warning:not_parsed:UNKNOWN>OPEN MathParser failed to match rule 'Anything'
	at CoherentRiskArXiv15_Appendix.tex; line 525 col 50 - line 525 col 68
	In "$\mathcal{U}(x,P(\cdot|x))$"
	U[[UNKNOWN]]
	        > ([[OPEN]] x[[UNKNOWN]] ,[[PUNCT]] P[[UNKNOWN]] ([[OPEN]] ⋅[[MULOP]] |[[VERTBAR]] x[[UNKNOWN]] )[[CLOSE]] )[[CLOSE]]
Warning:not_parsed:UNKNOWN>OPEN MathParser failed to match rule 'Anything'
	at CoherentRiskArXiv15_Appendix.tex; line 525 col 268 - line 525 col 286
	In "$\mathcal{U}(x,P(\cdot|x))$"
	U[[UNKNOWN]]
	        > ([[OPEN]] x[[UNKNOWN]] ,[[PUNCT]] P[[UNKNOWN]] ([[OPEN]] ⋅[[MULOP]] |[[VERTBAR]] x[[UNKNOWN]] )[[CLOSE]] )[[CLOSE]]
Warning:not_parsed:UNKNOWN>OPEN MathParser failed to match rule 'Anything'
	at CoherentRiskArXiv15_Appendix.tex; line 525 col 361 - line 525 col 379
	In "$\mathcal{U}(x,P(\cdot|x))$"
	U[[UNKNOWN]]
	        > ([[OPEN]] x[[UNKNOWN]] ,[[PUNCT]] P[[UNKNOWN]] ([[OPEN]] ⋅[[MULOP]] |[[VERTBAR]] x[[UNKNOWN]] )[[CLOSE]] )[[CLOSE]]
Warning:not_parsed:METARELOP.UNKNOWN.UNKNOWN>OPEN MathParser failed to match rule 'Anything'
	at CoherentRiskArXiv15_Appendix.tex; line 526 col 18 - line 526 col 66
	In "$\xi\,:\,\xi P(\cdot|x)\in\mathcal{U}(x,P(\cdot|x))$"
	ξ[[UNKNOWN]] :[[METARELOP]] ξ[[UNKNOWN]] P[[UNKNOWN]]
	        > ([[OPEN]] ⋅[[MULOP]] |[[VERTBAR]] x[[UNKNOWN]] )[[CLOSE]] ∈[[RELOP]] U[[UNKNOWN]] ([[OPEN]] x[[UNKNOWN]] ,[[PUNCT]] P[[UNKNOWN]] ([[OPEN]] ⋅[[MULOP]] |[[VERTBAR]] x[[UNKNOWN]] )[[CLOSE]] )[[CLOSE]]
Warning:not_parsed:ATOM.RELOP.UNKNOWN>OPEN MathParser failed to match rule 'Subscript'
	at CoherentRiskArXiv15_Appendix.tex; line 528 col 55 - line 528 col 55
	In "\begin{equation*}\inf_{\hat{\xi}\in\mathcal{U}(x,\widetilde{P}(\cdot|x))}\sum_%
	{x^{\prime}\in\mathcal{X}}|\xi(x^{\prime})-\hat{\xi}(x^{\prime})|\leq{M}_{\xi}%
	\sum_{x^{\prime}\in\mathcal{X}}\left|P(x^{\prime}|x)-\widetilde{P}(x^{\prime}|%
	x)\right|.\end{equation*}"
	\hat{\xi}[[UNKNOWN]] ∈[[RELOP]] U[[UNKNOWN]]
	        > ([[OPEN]] x[[UNKNOWN]] ,[[PUNCT]] \widetilde{P}[[UNKNOWN]] ([[OPEN]] ⋅[[MULOP]] |[[VERTBAR]] x[[UNKNOWN]] )[[CLOSE]] )[[CLOSE]]
Warning:not_parsed:POSTSUBSCRIPT.VERTBAR.UNKNOWN>OPEN MathParser failed to match rule 'Anything'
	at CoherentRiskArXiv15_Appendix.tex; line 527 col 0 - line 529 col 15
	inf[[LIMITOP]] _{\hat{\xi}\in\mathcal{U}(x,\widetilde{P}(\cdot|x))}[[POSTSUBSCRIPT]] ∑[[SUMOP]] _{x^{\prime}\in\mathcal{X}}[[POSTSUBSCRIPT]] |[[VERTBAR]] ξ[[UNKNOWN]] ([[OPEN]] x[[UNKNOWN]] ^{\prime}[[POSTSUPERSCRIPT]] )[[CLOSE]] -[[ADDOP]] \hat{\xi}[[UNKNOWN]] ([[OPEN]] x[[UNKNOWN]] ^{\prime}[[POSTSUPERSCRIPT]] )[[CLOSE]] |[[VERTBAR]] ≤[[RELOP]] M[[UNKNOWN]] _{\xi}[[POSTSUBSCRIPT]] ∑[[SUMOP]] _{x^{\prime}\in\mathcal{X}}[[POSTSUBSCRIPT]] \left|[[VERTBAR]] P[[UNKNOWN]]
	        > ([[OPEN]] x[[UNKNOWN]] ^{\prime}[[POSTSUPERSCRIPT]] |[[VERTBAR]] x[[UNKNOWN]] )[[CLOSE]] -[[ADDOP]] \widetilde{P}[[UNKNOWN]] ([[OPEN]] x[[UNKNOWN]] ^{\prime}[[POSTSUPERSCRIPT]] |[[VERTBAR]] x[[UNKNOWN]] )[[CLOSE]] \right|[[VERTBAR]]
Warning:not_parsed:UNKNOWN>OPEN MathParser failed to match rule 'Anything'
	at CoherentRiskArXiv15_Appendix.tex; line 530 col 122 - line 530 col 151
	In "$\mathcal{U}(x,\widetilde{P}(\cdot|x))$"
	U[[UNKNOWN]]
	        > ([[OPEN]] x[[UNKNOWN]] ,[[PUNCT]] \widetilde{P}[[UNKNOWN]] ([[OPEN]] ⋅[[MULOP]] |[[VERTBAR]] x[[UNKNOWN]] )[[CLOSE]] )[[CLOSE]]
Warning:not_parsed:METARELOP.ATOM.ATOM>OPEN MathParser failed to match rule 'Anything'
	at CoherentRiskArXiv15_Appendix.tex; line 530 col 197 - line 530 col 279
	In "$\tilde{\xi}\,:\,\tilde{\xi}\widetilde{P}(\cdot|x)\in\mathcal{U}(x,\widetilde{%
	P}(\cdot|x))$"
	\tilde{\xi}[[UNKNOWN]] :[[METARELOP]] \tilde{\xi}[[UNKNOWN]] \widetilde{P}[[UNKNOWN]]
	        > ([[OPEN]] ⋅[[MULOP]] |[[VERTBAR]] x[[UNKNOWN]] )[[CLOSE]] ∈[[RELOP]] U[[UNKNOWN]] ([[OPEN]] x[[UNKNOWN]] ,[[PUNCT]] \widetilde{P}[[UNKNOWN]] ([[OPEN]] ⋅[[MULOP]] |[[VERTBAR]] x[[UNKNOWN]] )[[CLOSE]] )[[CLOSE]]
Warning:not_parsed:UNKNOWN.UNKNOWN.POSTSUBSCRIPT>OPEN MathParser failed to match rule 'Subscript'
	at CoherentRiskArXiv15_Appendix.tex; line 553 col 70 - line 553 col 70
	In "\begin{equation}\begin{split}&\max_{\xi\,:\,\xi P_{\theta;N}(\cdot|x_{t})\in%
	\mathcal{U}(x_{t},P_{\theta;N}(\cdot|x_{t}))}\sum_{x^{\prime}\in\mathcal{X}}%
	\xi(x^{\prime})P_{\theta;N}(x^{\prime}|x_{t})v^{\top}\phi\left(x^{\prime}%
	\right)+\frac{1}{2N}(\xi(x^{\prime})P_{\theta;N}(x^{\prime}|x_{t}))^{2}\\
	\rightarrow&\max_{\xi\,:\,\xi P_{\theta}(\cdot|x_{t})\in\mathcal{U}(x_{t},P_{%
	\theta}(\cdot|x_{t}))}\sum_{x^{\prime}\in\mathcal{X}}\xi(x^{\prime})P_{\theta}%
	(x^{\prime}|x_{t})v^{\top}\phi\left(x^{\prime}\right).\end{split}\end{equation}"
	ξ[[UNKNOWN]] :[[METARELOP]] ξ[[UNKNOWN]] P[[UNKNOWN]] _{\theta;N}[[POSTSUBSCRIPT]]
	        > ([[OPEN]] ⋅[[MULOP]] |[[VERTBAR]] x[[UNKNOWN]] _{t}[[POSTSUBSCRIPT]] )[[CLOSE]] ∈[[RELOP]] U[[UNKNOWN]] ([[OPEN]] x[[UNKNOWN]] _{t}[[POSTSUBSCRIPT]] ,[[PUNCT]] P[[UNKNOWN]] _{\theta;N}[[POSTSUBSCRIPT]] ([[OPEN]] ⋅[[MULOP]] |[[VERTBAR]] x[[UNKNOWN]] _{t}[[POSTSUBSCRIPT]] )[[CLOSE]] )[[CLOSE]]
Warning:not_parsed:UNKNOWN.UNKNOWN.POSTSUBSCRIPT>OPEN MathParser failed to match rule 'Subscript'
	at CoherentRiskArXiv15_Appendix.tex; line 554 col 88 - line 554 col 88
	ξ[[UNKNOWN]] :[[METARELOP]] ξ[[UNKNOWN]] P[[UNKNOWN]] _{\theta}[[POSTSUBSCRIPT]]
	        > ([[OPEN]] ⋅[[MULOP]] |[[VERTBAR]] x[[UNKNOWN]] _{t}[[POSTSUBSCRIPT]] )[[CLOSE]] ∈[[RELOP]] U[[UNKNOWN]] ([[OPEN]] x[[UNKNOWN]] _{t}[[POSTSUBSCRIPT]] ,[[PUNCT]] P[[UNKNOWN]] _{\theta}[[POSTSUBSCRIPT]] ([[OPEN]] ⋅[[MULOP]] |[[VERTBAR]] x[[UNKNOWN]] _{t}[[POSTSUBSCRIPT]] )[[CLOSE]] )[[CLOSE]]
Warning:not_parsed:UNKNOWN.UNKNOWN.POSTSUBSCRIPT>OPEN MathParser failed to match rule 'Subscript'
	at CoherentRiskArXiv15_Appendix.tex; line 557 col 139 - line 557 col 139
	In "$\{\xi^{*}_{\theta,x_{t};N}(x^{\prime})\}_{x^{\prime}\in\mathcal{X}}\in\arg%
	\max_{\xi\,:\,\xi P_{\theta;N}(\cdot|x_{t})\in\mathcal{U}(x_{t},P_{\theta;N}(%
	\cdot|x_{t}))}\sum_{x^{\prime}\in\mathcal{X}}\xi(x^{\prime})P_{\theta;N}(x^{%
	\prime}|x_{t})v^{\top}\phi\left(x^{\prime}\right)$"
	ξ[[UNKNOWN]] :[[METARELOP]] ξ[[UNKNOWN]] P[[UNKNOWN]] _{\theta;N}[[POSTSUBSCRIPT]]
	        > ([[OPEN]] ⋅[[MULOP]] |[[VERTBAR]] x[[UNKNOWN]] _{t}[[POSTSUBSCRIPT]] )[[CLOSE]] ∈[[RELOP]] U[[UNKNOWN]] ([[OPEN]] x[[UNKNOWN]] _{t}[[POSTSUBSCRIPT]] ,[[PUNCT]] P[[UNKNOWN]] _{\theta;N}[[POSTSUBSCRIPT]] ([[OPEN]] ⋅[[MULOP]] |[[VERTBAR]] x[[UNKNOWN]] _{t}[[POSTSUBSCRIPT]] )[[CLOSE]] )[[CLOSE]]
Warning:not_parsed:UNKNOWN.UNKNOWN.POSTSUBSCRIPT>OPEN MathParser failed to match rule 'Subscript'
	at CoherentRiskArXiv15_Appendix.tex; line 560 col 70 - line 560 col 70
	In "$$\begin{split}&\max_{\xi\,:\,\xi P_{\theta;N}(\cdot|x_{t})\in\mathcal{U}(x_{t%
	},P_{\theta;N}(\cdot|x_{t}))}\sum_{x^{\prime}\in\mathcal{X}}\xi(x^{\prime})P_{%
	\theta;N}(x^{\prime}|x_{t})v^{\top}\phi\left(x^{\prime}\right)+\frac{1}{2N}(%
	\xi(x^{\prime})P_{\theta;N}(x^{\prime}|x_{t}))^{2}\\
	&-\max_{\xi\,:\,\xi P_{\theta}(\cdot|x_{t})\in\mathcal{U}(x_{t},P_{\theta}(%
	\cdot|x_{t}))}\sum_{x^{\prime}\in\mathcal{X}}\xi(x^{\prime})P_{\theta}(x^{%
	\prime}|x_{t})v^{\top}\phi\left(x^{\prime}\right)\\
	\leq&\|\Phi v\|_{\infty}\left({M}_{\xi^{*}_{\theta,x_{t};N}}+\max_{x\in%
	\mathcal{X}}|\xi^{*}_{\theta,x_{t};N}(x)|\right)\sum_{x^{\prime}\in\mathcal{X}%
	}\left|P_{\theta}(x^{\prime}|x_{t})-P_{\theta;N}(x^{\prime}|x_{t})\right|+%
	\frac{1}{2N}.\end{split}$$"
	ξ[[UNKNOWN]] :[[METARELOP]] ξ[[UNKNOWN]] P[[UNKNOWN]] _{\theta;N}[[POSTSUBSCRIPT]]
	        > ([[OPEN]] ⋅[[MULOP]] |[[VERTBAR]] x[[UNKNOWN]] _{t}[[POSTSUBSCRIPT]] )[[CLOSE]] ∈[[RELOP]] U[[UNKNOWN]] ([[OPEN]] x[[UNKNOWN]] _{t}[[POSTSUBSCRIPT]] ,[[PUNCT]] P[[UNKNOWN]] _{\theta;N}[[POSTSUBSCRIPT]] ([[OPEN]] ⋅[[MULOP]] |[[VERTBAR]] x[[UNKNOWN]] _{t}[[POSTSUBSCRIPT]] )[[CLOSE]] )[[CLOSE]]
Warning:not_parsed:UNKNOWN.UNKNOWN.POSTSUBSCRIPT>OPEN MathParser failed to match rule 'Subscript'
	at CoherentRiskArXiv15_Appendix.tex; line 561 col 78 - line 561 col 78
	ξ[[UNKNOWN]] :[[METARELOP]] ξ[[UNKNOWN]] P[[UNKNOWN]] _{\theta}[[POSTSUBSCRIPT]]
	        > ([[OPEN]] ⋅[[MULOP]] |[[VERTBAR]] x[[UNKNOWN]] _{t}[[POSTSUBSCRIPT]] )[[CLOSE]] ∈[[RELOP]] U[[UNKNOWN]] ([[OPEN]] x[[UNKNOWN]] _{t}[[POSTSUBSCRIPT]] ,[[PUNCT]] P[[UNKNOWN]] _{\theta}[[POSTSUBSCRIPT]] ([[OPEN]] ⋅[[MULOP]] |[[VERTBAR]] x[[UNKNOWN]] _{t}[[POSTSUBSCRIPT]] )[[CLOSE]] )[[CLOSE]]
Warning:not_parsed:VERTBAR.UNKNOWN.POSTSUBSCRIPT>OPEN MathParser failed to match rule 'Anything'
	at CoherentRiskArXiv15_Appendix.tex; line 562 col 9 - line 562 col 9
	∥[[VERTBAR]] Φ[[UNKNOWN]] v[[UNKNOWN]] ∥[[VERTBAR]] _{\infty}[[POSTSUBSCRIPT]] \left([[OPEN]] M[[UNKNOWN]] _{\xi^{*}_{\theta,x_{t};N}}[[POSTSUBSCRIPT]] +[[ADDOP]] max[[OPFUNCTION]] _{x\in\mathcal{X}}[[POSTSUBSCRIPT]] |[[VERTBAR]] ξ[[UNKNOWN]] ^{*}[[POSTSUPERSCRIPT]] _{\theta,x_{t};N}[[POSTSUBSCRIPT]] ([[OPEN]] x[[UNKNOWN]] )[[CLOSE]] |[[VERTBAR]] \right)[[CLOSE]] ∑[[SUMOP]] _{x^{\prime}\in\mathcal{X}}[[POSTSUBSCRIPT]] \left|[[VERTBAR]] P[[UNKNOWN]] _{\theta}[[POSTSUBSCRIPT]]
	        > ([[OPEN]] x[[UNKNOWN]] ^{\prime}[[POSTSUPERSCRIPT]] |[[VERTBAR]] x[[UNKNOWN]] _{t}[[POSTSUBSCRIPT]] )[[CLOSE]] -[[ADDOP]] P[[UNKNOWN]] _{\theta;N}[[POSTSUBSCRIPT]] ([[OPEN]] x[[UNKNOWN]] ^{\prime}[[POSTSUPERSCRIPT]] |[[VERTBAR]] x[[UNKNOWN]] _{t}[[POSTSUBSCRIPT]] )[[CLOSE]] \right|[[VERTBAR]] +[[ADDOP]] \frac{1}{2N}[[UNKNOWN]]
Warning:not_parsed:UNKNOWN>OPEN MathParser failed to match rule 'Anything'
	at CoherentRiskArXiv15_Appendix.tex; line 565 col 90 - line 565 col 115
	In "$\mathcal{U}(x_{t},P_{\theta;N}(\cdot|x_{t}))$"
	U[[UNKNOWN]]
	        > ([[OPEN]] x[[UNKNOWN]] _{t}[[POSTSUBSCRIPT]] ,[[PUNCT]] P[[UNKNOWN]] _{\theta;N}[[POSTSUBSCRIPT]] ([[OPEN]] ⋅[[MULOP]] |[[VERTBAR]] x[[UNKNOWN]] _{t}[[POSTSUBSCRIPT]] )[[CLOSE]] )[[CLOSE]]
Warning:not_parsed:UNKNOWN.UNKNOWN.POSTSUBSCRIPT>OPEN MathParser failed to match rule 'Subscript'
	at CoherentRiskArXiv15_Appendix.tex; line 568 col 77 - line 568 col 77
	In "$$\begin{split}&\left|\max_{\xi\,:\,\xi P_{\theta;N}(\cdot|x_{t})\in\mathcal{U%
	}(x_{t},P_{\theta;N}(\cdot|x_{t}))}\sum_{x^{\prime}\in\mathcal{X}}\xi(x^{%
	\prime})P_{\theta;N}(x^{\prime}|x_{t})v^{\top}\phi\left(x^{\prime}\right)+%
	\frac{1}{2N}(\xi(x^{\prime})P_{\theta;N}(x^{\prime}|x_{t}))^{2}\right.\\
	&\left.-\max_{\xi\,:\,\xi P_{\theta}(\cdot|x_{t})\in\mathcal{U}(x_{t},P_{%
	\theta}(\cdot|x_{t}))}\sum_{x^{\prime}\in\mathcal{X}}\xi(x^{\prime})P_{\theta}%
	(x^{\prime}|x_{t})v^{\top}\phi\left(x^{\prime}\right)\right|\\
	\leq&\|\Phi v\|_{\infty}\max\left\{\left({M}_{\xi^{*}}+\max_{x\in\mathcal{X}}|%
	\xi^{*}(x)|\right),\left({M}_{\xi^{*}_{\theta,x_{t};N}}+\max_{x\in\mathcal{X}}%
	|\xi^{*}_{\theta,x_{t};N}(x)|\right)\right\}\sum_{x^{\prime}\in\mathcal{X}}%
	\left|P_{\theta}(x^{\prime}|x_{t})-P_{\theta;N}(x^{\prime}|x_{t})\right|+\frac%
	{1}{2N}.\end{split}$$"
	ξ[[UNKNOWN]] :[[METARELOP]] ξ[[UNKNOWN]] P[[UNKNOWN]] _{\theta;N}[[POSTSUBSCRIPT]]
	        > ([[OPEN]] ⋅[[MULOP]] |[[VERTBAR]] x[[UNKNOWN]] _{t}[[POSTSUBSCRIPT]] )[[CLOSE]] ∈[[RELOP]] U[[UNKNOWN]] ([[OPEN]] x[[UNKNOWN]] _{t}[[POSTSUBSCRIPT]] ,[[PUNCT]] P[[UNKNOWN]] _{\theta;N}[[POSTSUBSCRIPT]] ([[OPEN]] ⋅[[MULOP]] |[[VERTBAR]] x[[UNKNOWN]] _{t}[[POSTSUBSCRIPT]] )[[CLOSE]] )[[CLOSE]]
Warning:not_parsed:>VERTBAR MathParser failed to match rule 'Anything'
	at CoherentRiskArXiv15_Appendix.tex; line 568 col 8 - line 568 col 8
	> \left|[[VERTBAR]] max[[OPFUNCTION]] _{\xi\,:\,\xiP_{\theta;N}(\cdot|x_{t})\in\mathcal{U}(x_{t},P_{\theta;N}(\cdot|x_{t}))}[[POSTSUBSCRIPT]] ∑[[SUMOP]] _{x^{\prime}\in\mathcal{X}}[[POSTSUBSCRIPT]] ξ[[UNKNOWN]] ([[OPEN]] x[[UNKNOWN]] ^{\prime}[[POSTSUPERSCRIPT]] )[[CLOSE]] P[[UNKNOWN]] _{\theta;N}[[POSTSUBSCRIPT]] ([[OPEN]] x[[UNKNOWN]] ^{\prime}[[POSTSUPERSCRIPT]] |[[VERTBAR]] x[[UNKNOWN]] _{t}[[POSTSUBSCRIPT]] )[[CLOSE]] v[[UNKNOWN]] ^{\top}[[POSTSUPERSCRIPT]] ϕ[[UNKNOWN]] \left([[OPEN]] x[[UNKNOWN]] ^{\prime}[[POSTSUPERSCRIPT]] \right)[[CLOSE]] +[[ADDOP]] \frac{1}{2N}[[UNKNOWN]] ([[OPEN]] ξ[[UNKNOWN]] ([[OPEN]] x[[UNKNOWN]] ^{\prime}[[POSTSUPERSCRIPT]] )[[CLOSE]] P[[UNKNOWN]] _{\theta;N}[[POSTSUBSCRIPT]] ([[OPEN]] x[[UNKNOWN]] ^{\prime}[[POSTSUPERSCRIPT]] |[[VERTBAR]] x[[UNKNOWN]] _{t}[[POSTSUBSCRIPT]] )[[CLOSE]] )[[CLOSE]] ^{2}[[POSTSUPERSCRIPT]]
Warning:not_parsed:UNKNOWN.UNKNOWN.POSTSUBSCRIPT>OPEN MathParser failed to match rule 'Subscript'
	at CoherentRiskArXiv15_Appendix.tex; line 569 col 84 - line 569 col 84
	ξ[[UNKNOWN]] :[[METARELOP]] ξ[[UNKNOWN]] P[[UNKNOWN]] _{\theta}[[POSTSUBSCRIPT]]
	        > ([[OPEN]] ⋅[[MULOP]] |[[VERTBAR]] x[[UNKNOWN]] _{t}[[POSTSUBSCRIPT]] )[[CLOSE]] ∈[[RELOP]] U[[UNKNOWN]] ([[OPEN]] x[[UNKNOWN]] _{t}[[POSTSUBSCRIPT]] ,[[PUNCT]] P[[UNKNOWN]] _{\theta}[[POSTSUBSCRIPT]] ([[OPEN]] ⋅[[MULOP]] |[[VERTBAR]] x[[UNKNOWN]] _{t}[[POSTSUBSCRIPT]] )[[CLOSE]] )[[CLOSE]]
Warning:not_parsed:UNKNOWN.POSTSUPERSCRIPT.CLOSE>VERTBAR MathParser failed to match rule 'Anything'
	at CoherentRiskArXiv15_Appendix.tex; line 569 col 7 - line 569 col 7
	-[[ADDOP]] max[[OPFUNCTION]] _{\xi\,:\,\xiP_{\theta}(\cdot|x_{t})\in\mathcal{U}(x_{t},P_{\theta}(\cdot|x_{t}))}[[POSTSUBSCRIPT]] ∑[[SUMOP]] _{x^{\prime}\in\mathcal{X}}[[POSTSUBSCRIPT]] ξ[[UNKNOWN]] ([[OPEN]] x[[UNKNOWN]] ^{\prime}[[POSTSUPERSCRIPT]] )[[CLOSE]] P[[UNKNOWN]] _{\theta}[[POSTSUBSCRIPT]] ([[OPEN]] x[[UNKNOWN]] ^{\prime}[[POSTSUPERSCRIPT]] |[[VERTBAR]] x[[UNKNOWN]] _{t}[[POSTSUBSCRIPT]] )[[CLOSE]] v[[UNKNOWN]] ^{\top}[[POSTSUPERSCRIPT]] ϕ[[UNKNOWN]] \left([[OPEN]] x[[UNKNOWN]] ^{\prime}[[POSTSUPERSCRIPT]] \right)[[CLOSE]]
	        > \right|[[VERTBAR]]
Warning:not_parsed:VERTBAR.UNKNOWN.POSTSUBSCRIPT>OPEN MathParser failed to match rule 'Anything'
	at CoherentRiskArXiv15_Appendix.tex; line 570 col 9 - line 570 col 9
	∥[[VERTBAR]] Φ[[UNKNOWN]] v[[UNKNOWN]] ∥[[VERTBAR]] _{\infty}[[POSTSUBSCRIPT]] max[[OPFUNCTION]] \left\{[[OPEN]] \left([[OPEN]] M[[UNKNOWN]] _{\xi^{*}}[[POSTSUBSCRIPT]] +[[ADDOP]] max[[OPFUNCTION]] _{x\in\mathcal{X}}[[POSTSUBSCRIPT]] |[[VERTBAR]] ξ[[UNKNOWN]] ^{*}[[POSTSUPERSCRIPT]] ([[OPEN]] x[[UNKNOWN]] )[[CLOSE]] |[[VERTBAR]] \right)[[CLOSE]] ,[[PUNCT]] \left([[OPEN]] M[[UNKNOWN]] _{\xi^{*}_{\theta,x_{t};N}}[[POSTSUBSCRIPT]] +[[ADDOP]] max[[OPFUNCTION]] _{x\in\mathcal{X}}[[POSTSUBSCRIPT]] |[[VERTBAR]] ξ[[UNKNOWN]] ^{*}[[POSTSUPERSCRIPT]] _{\theta,x_{t};N}[[POSTSUBSCRIPT]] ([[OPEN]] x[[UNKNOWN]] )[[CLOSE]] |[[VERTBAR]] \right)[[CLOSE]] \right\}[[CLOSE]] ∑[[SUMOP]] _{x^{\prime}\in\mathcal{X}}[[POSTSUBSCRIPT]] \left|[[VERTBAR]] P[[UNKNOWN]] _{\theta}[[POSTSUBSCRIPT]]
	        > ([[OPEN]] x[[UNKNOWN]] ^{\prime}[[POSTSUPERSCRIPT]] |[[VERTBAR]] x[[UNKNOWN]] _{t}[[POSTSUBSCRIPT]] )[[CLOSE]] -[[ADDOP]] P[[UNKNOWN]] _{\theta;N}[[POSTSUBSCRIPT]] ([[OPEN]] x[[UNKNOWN]] ^{\prime}[[POSTSUPERSCRIPT]] |[[VERTBAR]] x[[UNKNOWN]] _{t}[[POSTSUBSCRIPT]] )[[CLOSE]] \right|[[VERTBAR]] +[[ADDOP]] \frac{1}{2N}[[UNKNOWN]]
Warning:not_parsed:VERTBAR.UNKNOWN.POSTSUBSCRIPT>OPEN MathParser failed to match rule 'Anything'
	at CoherentRiskArXiv15_Appendix.tex; line 573 col 93 - line 573 col 189
	In "$\sum_{x^{\prime}\in\mathcal{X}}\left|P_{\theta}(x^{\prime}|x_{t})-P_{\theta;N%
	}(x^{\prime}|x_{t})\right|\rightarrow 0$"
	∑[[SUMOP]] _{x^{\prime}\in\mathcal{X}}[[POSTSUBSCRIPT]] \left|[[VERTBAR]] P[[UNKNOWN]] _{\theta}[[POSTSUBSCRIPT]]
	        > ([[OPEN]] x[[UNKNOWN]] ^{\prime}[[POSTSUPERSCRIPT]] |[[VERTBAR]] x[[UNKNOWN]] _{t}[[POSTSUBSCRIPT]] )[[CLOSE]] -[[ADDOP]] P[[UNKNOWN]] _{\theta;N}[[POSTSUBSCRIPT]] ([[OPEN]] x[[UNKNOWN]] ^{\prime}[[POSTSUPERSCRIPT]] |[[VERTBAR]] x[[UNKNOWN]] _{t}[[POSTSUBSCRIPT]] )[[CLOSE]] \right|[[VERTBAR]] →[[ARROW]] 0[[NUMBER]]
Warning:not_parsed:UNKNOWN.UNKNOWN.POSTSUBSCRIPT>OPEN MathParser failed to match rule 'Subscript'
	at CoherentRiskArXiv15_Appendix.tex; line 575 col 155 - line 575 col 155
	In "$$\frac{1}{N}\sum_{t=0}^{N-1}\phi(x_{t})\rho(\Phi v_{t})\rightarrow d_{\theta}%
	(x|x_{0})\phi(x)\max_{\xi\,:\,\xi P_{\theta}(\cdot|x)\in\mathcal{U}(x,P_{%
	\theta}(\cdot|x))}\sum_{x^{\prime}\in\mathcal{X}}\xi(x^{\prime})P_{\theta}(x^{%
	\prime}|x){v^{*}_{\theta}}^{\top}\phi\left(x^{\prime}\right).$$"
	ξ[[UNKNOWN]] :[[METARELOP]] ξ[[UNKNOWN]] P[[UNKNOWN]] _{\theta}[[POSTSUBSCRIPT]]
	        > ([[OPEN]] ⋅[[MULOP]] |[[VERTBAR]] x[[UNKNOWN]] )[[CLOSE]] ∈[[RELOP]] U[[UNKNOWN]] ([[OPEN]] x[[UNKNOWN]] ,[[PUNCT]] P[[UNKNOWN]] _{\theta}[[POSTSUBSCRIPT]] ([[OPEN]] ⋅[[MULOP]] |[[VERTBAR]] x[[UNKNOWN]] )[[CLOSE]] )[[CLOSE]]
Warning:not_parsed:UNKNOWN.UNKNOWN.POSTSUBSCRIPT>OPEN MathParser failed to match rule 'Subscript'
	at CoherentRiskArXiv15_Appendix.tex; line 580 col 159 - line 580 col 159
	In "$$\frac{1}{N}\sum_{t=0}^{N-1}\phi(x_{t}){\rho}_{N}(\Phi v_{t})\rightarrow d_{%
	\theta}(x|x_{0})\phi(x)\max_{\xi\,:\,\xi P_{\theta}(\cdot|x)\in\mathcal{U}(x,P%
	_{\theta}(\cdot|x))}\sum_{x^{\prime}\in\mathcal{X}}\xi(x^{\prime})P_{\theta}(x%
	^{\prime}|x){v_{\theta}^{*}}^{\top}\phi\left(x^{\prime}\right).$$"
	ξ[[UNKNOWN]] :[[METARELOP]] ξ[[UNKNOWN]] P[[UNKNOWN]] _{\theta}[[POSTSUBSCRIPT]]
	        > ([[OPEN]] ⋅[[MULOP]] |[[VERTBAR]] x[[UNKNOWN]] )[[CLOSE]] ∈[[RELOP]] U[[UNKNOWN]] ([[OPEN]] x[[UNKNOWN]] ,[[PUNCT]] P[[UNKNOWN]] _{\theta}[[POSTSUBSCRIPT]] ([[OPEN]] ⋅[[MULOP]] |[[VERTBAR]] x[[UNKNOWN]] )[[CLOSE]] )[[CLOSE]]
Warning:not_parsed:UNKNOWN.UNKNOWN.POSTSUBSCRIPT>OPEN MathParser failed to match rule 'Subscript'
	at CoherentRiskArXiv15_Appendix.tex; line 597 col 59 - line 597 col 59
	In "\begin{equation}\max_{\xi\,:\,\xi P_{\theta;N}(\cdot|x)\in{\mathcal{U}}(x,P_{%
	\theta;N}(\cdot|x))}\sum_{x^{\prime}\in\mathcal{X}}P_{\theta;N}(x^{\prime}|x)%
	\xi(x^{\prime})V_{\theta}(x^{\prime}),\end{equation}"
	ξ[[UNKNOWN]] :[[METARELOP]] ξ[[UNKNOWN]] P[[UNKNOWN]] _{\theta;N}[[POSTSUBSCRIPT]]
	        > ([[OPEN]] ⋅[[MULOP]] |[[VERTBAR]] x[[UNKNOWN]] )[[CLOSE]] ∈[[RELOP]] U[[UNKNOWN]] ([[OPEN]] x[[UNKNOWN]] ,[[PUNCT]] P[[UNKNOWN]] _{\theta;N}[[POSTSUBSCRIPT]] ([[OPEN]] ⋅[[MULOP]] |[[VERTBAR]] x[[UNKNOWN]] )[[CLOSE]] )[[CLOSE]]
Warning:not_parsed:UNKNOWN.UNKNOWN.POSTSUBSCRIPT>OPEN MathParser failed to match rule 'Subscript'
	at CoherentRiskArXiv15_Appendix.tex; line 601 col 74 - line 601 col 74
	In "\begin{equation}\rho_{N}(\Phi v)=\max_{\xi\,:\,\xi P_{\theta;N}(\cdot|x)\in{%
	\mathcal{U}}(x,P_{\theta;N}(\cdot|x))}\sum_{x^{\prime}\in\mathcal{X}}P_{\theta%
	;N}(x^{\prime}|x)\xi(x^{\prime})\phi^{\top}(x^{\prime})v+\frac{1}{2N}(\xi(x^{%
	\prime})P_{\theta;N}(x^{\prime}|x))^{2},\end{equation}"
	ξ[[UNKNOWN]] :[[METARELOP]] ξ[[UNKNOWN]] P[[UNKNOWN]] _{\theta;N}[[POSTSUBSCRIPT]]
	        > ([[OPEN]] ⋅[[MULOP]] |[[VERTBAR]] x[[UNKNOWN]] )[[CLOSE]] ∈[[RELOP]] U[[UNKNOWN]] ([[OPEN]] x[[UNKNOWN]] ,[[PUNCT]] P[[UNKNOWN]] _{\theta;N}[[POSTSUBSCRIPT]] ([[OPEN]] ⋅[[MULOP]] |[[VERTBAR]] x[[UNKNOWN]] )[[CLOSE]] )[[CLOSE]]
Warning:not_parsed:RELOP.UNKNOWN.POSTSUBSCRIPT>OPEN MathParser failed to match rule 'Anything'
	at CoherentRiskArXiv15_Appendix.tex; line 607 col 152 - line 607 col 175
	In "$p=P_{\theta,N}(\cdot|x)$"
	p[[UNKNOWN]] =[[RELOP]] P[[UNKNOWN]] _{\theta,N}[[POSTSUBSCRIPT]]
	        > ([[OPEN]] ⋅[[MULOP]] |[[VERTBAR]] x[[UNKNOWN]] )[[CLOSE]]
Warning:not_parsed:UNKNOWN>RELOP MathParser failed to match rule 'Anything'
	at CoherentRiskArXiv15_Appendix.tex; line 609 col 123 - line 609 col 148
	In "$\xi\in{}^{|\mathcal{X}|}$"
	ξ[[UNKNOWN]]
	        > ∈[[RELOP]] {}^{|\mathcal{X}|}[[FLOATSUPERSCRIPT]]
Warning:not_parsed:CLOSE.UNKNOWN.POSTSUBSCRIPT>OPEN MathParser failed to match rule 'Anything'
	at CoherentRiskArXiv15_Appendix.tex; line 613 col 2 - line 613 col 2
	In "\begin{equation*}\begin{split}\widehat{L}_{\theta;N}(\xi,\lambda^{\mathcal{P}}%
	,\lambda^{\mathcal{E}},\lambda^{\mathcal{I}})\doteq&\sum_{x^{\prime}\in%
	\mathcal{X}}P_{\theta;N}(x^{\prime}|x)\xi(x^{\prime})\phi^{\top}(x^{\prime})v+%
	\frac{1}{2N}(P_{\theta;N}(x^{\prime}|x)\xi(x^{\prime}))^{2}\!\\
	&-\!\lambda^{\mathcal{P}}\left(\sum_{x^{\prime}\in\mathcal{X}}\xi(x^{\prime})P%
	_{\theta;N}(x^{\prime}|x)\!-\!1\!\right)\\
	&-\sum_{e\in\mathcal{E}}\lambda^{\mathcal{E}}(e)f_{e}(\xi,P_{\theta;N}(\cdot|x%
	))-\sum_{i\in\mathcal{I}}\lambda^{\mathcal{I}}(i)f_{i}(\xi,P_{\theta;N}(\cdot|%
	x)).\end{split}\end{equation*}"
	-[[ADDOP]] ∑[[SUMOP]] _{e\in\mathcal{E}}[[POSTSUBSCRIPT]] λ[[UNKNOWN]] ^{\mathcal{E}}[[POSTSUPERSCRIPT]] ([[OPEN]] e[[UNKNOWN]] )[[CLOSE]] f[[UNKNOWN]] _{e}[[POSTSUBSCRIPT]]
	        > ([[OPEN]] ξ[[UNKNOWN]] ,[[PUNCT]] P[[UNKNOWN]] _{\theta;N}[[POSTSUBSCRIPT]] ([[OPEN]] ⋅[[MULOP]] |[[VERTBAR]] x[[UNKNOWN]] )[[CLOSE]] )[[CLOSE]] -[[ADDOP]] ∑[[SUMOP]] _{i\in\mathcal{I}}[[POSTSUBSCRIPT]] λ[[UNKNOWN]] ^{\mathcal{I}}[[POSTSUPERSCRIPT]] ([[OPEN]] i[[UNKNOWN]] )[[CLOSE]] f[[UNKNOWN]] _{i}[[POSTSUBSCRIPT]] ([[OPEN]] ξ[[UNKNOWN]] ,[[PUNCT]] P[[UNKNOWN]] _{\theta;N}[[POSTSUBSCRIPT]] ([[OPEN]] ⋅[[MULOP]] |[[VERTBAR]] x[[UNKNOWN]] )[[CLOSE]] )[[CLOSE]]
Warning:not_parsed:ADDOP.UNKNOWN.POSTSUBSCRIPT>OPEN MathParser failed to match rule 'Anything'
	at CoherentRiskArXiv15_Appendix.tex; line 616 col 36 - line 616 col 256
	In "$\nabla^{2}\widehat{L}_{\theta;N}(\xi,\lambda^{\mathcal{P}},\lambda^{\mathcal{%
	E}},\lambda^{\mathcal{I}})=-P_{\theta;N}(\cdot|x)^{\top}P_{\theta;N}(\cdot|x)/%
	N-\sum_{i\in\mathcal{I}}\lambda^{\mathcal{I}}(i)\nabla^{2}_{\xi}f_{i}(\xi,P_{%
	\theta;N}(\cdot|x))$"
	∇[[OPERATOR]] ^{2}[[POSTSUPERSCRIPT]] \widehat{L}[[UNKNOWN]] _{\theta;N}[[POSTSUBSCRIPT]] ([[OPEN]] ξ[[UNKNOWN]] ,[[PUNCT]] λ[[UNKNOWN]] ^{\mathcal{P}}[[POSTSUPERSCRIPT]] ,[[PUNCT]] λ[[UNKNOWN]] ^{\mathcal{E}}[[POSTSUPERSCRIPT]] ,[[PUNCT]] λ[[UNKNOWN]] ^{\mathcal{I}}[[POSTSUPERSCRIPT]] )[[CLOSE]] =[[RELOP]] -[[ADDOP]] P[[UNKNOWN]] _{\theta;N}[[POSTSUBSCRIPT]]
	        > ([[OPEN]] ⋅[[MULOP]] |[[VERTBAR]] x[[UNKNOWN]] )[[CLOSE]] ^{\top}[[POSTSUPERSCRIPT]] P[[UNKNOWN]] _{\theta;N}[[POSTSUBSCRIPT]] ([[OPEN]] ⋅[[MULOP]] |[[VERTBAR]] x[[UNKNOWN]] )[[CLOSE]] /[[MULOP]] N[[UNKNOWN]] -[[ADDOP]] ∑[[SUMOP]] _{i\in\mathcal{I}}[[POSTSUBSCRIPT]] λ[[UNKNOWN]] ^{\mathcal{I}}[[POSTSUPERSCRIPT]] ([[OPEN]] i[[UNKNOWN]] )[[CLOSE]] ∇[[OPERATOR]] ^{2}[[POSTSUPERSCRIPT]] _{\xi}[[POSTSUBSCRIPT]] f[[UNKNOWN]] _{i}[[POSTSUBSCRIPT]] ([[OPEN]] ξ[[UNKNOWN]] ,[[PUNCT]] P[[UNKNOWN]] _{\theta;N}[[POSTSUBSCRIPT]] ([[OPEN]] ⋅[[MULOP]] |[[VERTBAR]] x[[UNKNOWN]] )[[CLOSE]] )[[CLOSE]]
Warning:not_parsed:POSTSUBSCRIPT.VERTBAR.UNKNOWN>OPEN MathParser failed to match rule 'Anything'
	at CoherentRiskArXiv15_Appendix.tex; line 639 col 497 - line 639 col 576
	In "$\max_{x\in\mathcal{X},a\in\mathcal{A}}\|P(\cdot|x,a)-P_{N}(\cdot|x,a)\|_{1}%
	\rightarrow 0$"
	max[[OPFUNCTION]] _{x\in\mathcal{X},a\in\mathcal{A}}[[POSTSUBSCRIPT]] ∥[[VERTBAR]] P[[UNKNOWN]]
	        > ([[OPEN]] ⋅[[MULOP]] |[[VERTBAR]] x[[UNKNOWN]] ,[[PUNCT]] a[[UNKNOWN]] )[[CLOSE]] -[[ADDOP]] P[[UNKNOWN]] _{N}[[POSTSUBSCRIPT]] ([[OPEN]] ⋅[[MULOP]] |[[VERTBAR]] x[[UNKNOWN]] ,[[PUNCT]] a[[UNKNOWN]] )[[CLOSE]] ∥[[VERTBAR]] _{1}[[POSTSUBSCRIPT]] →[[ARROW]] 0[[NUMBER]]
Warning:not_parsed:CLOSE.VERTBAR.UNKNOWN>OPEN MathParser failed to match rule 'Anything'
	at CoherentRiskArXiv15_Appendix.tex; line 652 col 2 - line 652 col 2
	In "$$\begin{split}|\widehat{h}_{\theta;N}(x,a)-{h}_{\theta}(x,a)|\leq&M\sum_{i\in%
	\mathcal{I}}\left|\lambda^{*,\mathcal{I}}_{\theta,x;N}(i)-{\lambda}^{*,%
	\mathcal{I}}_{\theta,x}(i)\right|+M\sum_{e\in\mathcal{E}}\left|\lambda^{*,%
	\mathcal{E}}_{\theta,x;N}(e)-{\lambda}^{*,\mathcal{E}}_{\theta,x}(e)\right|+%
	\left|\lambda^{*,\mathcal{P}}_{\theta,x;N}-{\lambda}^{*,\mathcal{P}}_{\theta,x%
	}\right|\\
	&+\gamma\|V_{\theta}\|_{\infty}\|\xi^{*}_{\theta,x;N}-{\xi}^{*}_{\theta,x}\|_{%
	1}+\gamma\|V_{\theta}-\Phi v_{\theta}^{*}\|_{\infty}\\
	&+\gamma\|V_{\theta}\|_{\infty}\max\{\|\xi^{*}_{\theta,x;N}\|_{\infty},\|{\xi}%
	^{*}_{\theta,x}\|_{\infty}\}\|P(\cdot|x,a)-P_{N}(\cdot|x,a)\|_{1}.\end{split}$$"
	+[[ADDOP]] γ[[UNKNOWN]] ∥[[VERTBAR]] V[[UNKNOWN]] _{\theta}[[POSTSUBSCRIPT]] ∥[[VERTBAR]] _{\infty}[[POSTSUBSCRIPT]] max[[OPFUNCTION]] \{[[OPEN]] ∥[[VERTBAR]] ξ[[UNKNOWN]] ^{*}[[POSTSUPERSCRIPT]] _{\theta,x;N}[[POSTSUBSCRIPT]] ∥[[VERTBAR]] _{\infty}[[POSTSUBSCRIPT]] ,[[PUNCT]] ∥[[VERTBAR]] ξ[[UNKNOWN]] ^{*}[[POSTSUPERSCRIPT]] _{\theta,x}[[POSTSUBSCRIPT]] ∥[[VERTBAR]] _{\infty}[[POSTSUBSCRIPT]] \}[[CLOSE]] ∥[[VERTBAR]] P[[UNKNOWN]]
	        > ([[OPEN]] ⋅[[MULOP]] |[[VERTBAR]] x[[UNKNOWN]] ,[[PUNCT]] a[[UNKNOWN]] )[[CLOSE]] -[[ADDOP]] P[[UNKNOWN]] _{N}[[POSTSUBSCRIPT]] ([[OPEN]] ⋅[[MULOP]] |[[VERTBAR]] x[[UNKNOWN]] ,[[PUNCT]] a[[UNKNOWN]] )[[CLOSE]] ∥[[VERTBAR]] _{1}[[POSTSUBSCRIPT]]
Warning:not_parsed:>VERTBAR MathParser failed to match rule 'Anything'
	at CoherentRiskArXiv15_Appendix.tex; line 655 col 39 - line 655 col 84
	In "$\|P(\cdot|x,a)-P_{N}(\cdot|x,a)\|_{1}\rightarrow 0$"
	> ∥[[VERTBAR]] P[[UNKNOWN]] ([[OPEN]] ⋅[[MULOP]] |[[VERTBAR]] x[[UNKNOWN]] ,[[PUNCT]] a[[UNKNOWN]] )[[CLOSE]] -[[ADDOP]] P[[UNKNOWN]] _{N}[[POSTSUBSCRIPT]] ([[OPEN]] ⋅[[MULOP]] |[[VERTBAR]] x[[UNKNOWN]] ,[[PUNCT]] a[[UNKNOWN]] )[[CLOSE]] ∥[[VERTBAR]] _{1}[[POSTSUBSCRIPT]] →[[ARROW]] 0[[NUMBER]]
Warning:not_parsed:POSTSUPERSCRIPT.UNKNOWN.POSTSUBSCRIPT>OPEN MathParser failed to match rule 'Anything'
	at CoherentRiskArXiv15_Appendix.tex; line 688 col 0 - line 690 col 2
	In "$$\left(I-\gamma P^{\xi}_{\theta}\right)^{\top}d_{{P}^{\xi}_{\theta}}(\cdot|x)%
	=\mathbf{1}\{x_{0}=x\},\,\,\forall{x\in\mathcal{X}}.$$"
	\left([[OPEN]] I[[UNKNOWN]] -[[ADDOP]] γ[[UNKNOWN]] P[[UNKNOWN]] ^{\xi}[[POSTSUPERSCRIPT]] _{\theta}[[POSTSUBSCRIPT]] \right)[[CLOSE]] ^{\top}[[POSTSUPERSCRIPT]] d[[UNKNOWN]] _{{P}^{\xi}_{\theta}}[[POSTSUBSCRIPT]]
	        > ([[OPEN]] ⋅[[MULOP]] |[[VERTBAR]] x[[UNKNOWN]] )[[CLOSE]] =[[RELOP]] 1[[NUMBER]] \{[[OPEN]] x[[UNKNOWN]] _{0}[[POSTSUBSCRIPT]] =[[RELOP]] x[[UNKNOWN]] \}[[CLOSE]] ,[[PUNCT]] ∀[[BIGOP]] x[[UNKNOWN]] ∈[[RELOP]] X[[UNKNOWN]]
Warning:not_parsed:UNKNOWN.POSTSUBSCRIPT>OPEN MathParser failed to match rule 'Anything'
	at CoherentRiskArXiv15_Appendix.tex; line 691 col 52 - line 691 col 73
	In "$P_{\theta;N}(\cdot|x)$"
	P[[UNKNOWN]] _{\theta;N}[[POSTSUBSCRIPT]]
	        > ([[OPEN]] ⋅[[MULOP]] |[[VERTBAR]] x[[UNKNOWN]] )[[CLOSE]]
Warning:not_parsed:UNKNOWN.POSTSUPERSCRIPT.POSTSUBSCRIPT>OPEN MathParser failed to match rule 'Anything'
	at CoherentRiskArXiv15_Appendix.tex; line 706 col 50 - line 706 col 72
	In "$P^{\xi}_{\theta}(\cdot|x)$"
	P[[UNKNOWN]] ^{\xi}[[POSTSUPERSCRIPT]] _{\theta}[[POSTSUBSCRIPT]]
	        > ([[OPEN]] ⋅[[MULOP]] |[[VERTBAR]] x[[UNKNOWN]] )[[CLOSE]]
Warning:not_parsed:UNKNOWN.POSTSUBSCRIPT>OPEN MathParser failed to match rule 'Anything'
	at CoherentRiskArXiv15_Appendix.tex; line 711 col 12 - line 711 col 12
	In "$$\begin{split}\left\{\left(P^{\xi}_{\theta}-P^{\xi}_{\theta;N}\right)^{\top}d%
	_{{P}^{\xi}_{\theta;N}}\right\}(z^{\prime})=&\sum_{x\in\mathcal{X}}\sum_{k=0}^%
	{\infty}\gamma^{k}(1-\gamma)\mathbb{P}_{{P}^{\xi}_{\theta;N}}(x_{k}=x|x_{0})%
	\left(P^{\xi}_{\theta}(z^{\prime}|x)-P^{\xi}_{\theta;N}(z^{\prime}|x)\right),%
	\,\forall z^{\prime}\in\mathcal{X}\\
	=&\mathbb{E}_{{P}^{\xi}_{\theta;N}}\left(\sum_{k=0}^{\infty}\gamma^{k}(1-%
	\gamma)\left(P^{\xi}_{\theta}(z^{\prime}|x_{k})-P^{\xi}_{\theta;N}(z^{\prime}|%
	x_{k})\right)|x_{0}\right),\,\forall z^{\prime}\in\mathcal{X}\\
	\leq&\mathbb{E}_{{P}^{\xi}_{\theta;N}}\left(\sum_{k=0}^{\infty}\gamma^{k}(1-%
	\gamma)\left|P^{\xi}_{\theta}(z^{\prime}|x_{k})-P^{\xi}_{\theta;N}(z^{\prime}|%
	x_{k})\right||x_{0}\right),\,\forall z^{\prime}\in\mathcal{X}\\
	\doteq&\mathcal{Q}(z^{\prime}),\,\forall z^{\prime}\in\mathcal{X}.\end{split}$$"
	E[[UNKNOWN]] _{{P}^{\xi}_{\theta;N}}[[POSTSUBSCRIPT]]
	        > \left([[OPEN]] ∑[[SUMOP]] _{k=0}[[POSTSUBSCRIPT]] ^{\infty}[[POSTSUPERSCRIPT]] γ[[UNKNOWN]] ^{k}[[POSTSUPERSCRIPT]] ([[OPEN]] 1[[NUMBER]] -[[ADDOP]] γ[[UNKNOWN]] )[[CLOSE]] \left|[[VERTBAR]] P[[UNKNOWN]] ^{\xi}[[POSTSUPERSCRIPT]] _{\theta}[[POSTSUBSCRIPT]] ([[OPEN]] z[[UNKNOWN]] ^{\prime}[[POSTSUPERSCRIPT]] |[[VERTBAR]] x[[UNKNOWN]] _{k}[[POSTSUBSCRIPT]] )[[CLOSE]] -[[ADDOP]] P[[UNKNOWN]] ^{\xi}[[POSTSUPERSCRIPT]] _{\theta;N}[[POSTSUBSCRIPT]] ([[OPEN]] z[[UNKNOWN]] ^{\prime}[[POSTSUPERSCRIPT]] |[[VERTBAR]] x[[UNKNOWN]] _{k}[[POSTSUBSCRIPT]] )[[CLOSE]] \right|[[VERTBAR]] |[[VERTBAR]] x[[UNKNOWN]] _{0}[[POSTSUBSCRIPT]] \right)[[CLOSE]] ,[[PUNCT]] ∀[[BIGOP]] z[[UNKNOWN]] ^{\prime}[[POSTSUPERSCRIPT]] ∈[[RELOP]] X[[UNKNOWN]]
Warning:not_parsed:UNKNOWN.POSTSUPERSCRIPT.POSTSUBSCRIPT>OPEN MathParser failed to match rule 'Anything'
	at CoherentRiskArXiv15_Appendix.tex; line 732 col 10 - line 732 col 10
	In "$$\begin{split}\|\pi-\pi_{N}\|_{1}=&\|d_{{P}^{\xi}_{\theta}}-d_{{P}^{\xi}_{%
	\theta;N}}\|_{1}\\
	\leq&e^{\top}\left(I-\gamma P^{\xi}_{\theta}\right)^{-\top}\gamma\mathcal{Q}\\
	=&\frac{\gamma}{1-\gamma}e^{\top}\mathcal{Q}\\
	\leq&\frac{\gamma}{1-\gamma}\max_{x\in\mathcal{X}}\left\|P^{\xi}_{\theta}(%
	\cdot|x)-P^{\xi}_{\theta;N}(\cdot|x)\right\|_{1}\\
	\leq&\frac{\gamma}{1-\gamma}\max_{x\in\mathcal{X}}\left(\|\xi^{*}_{\theta,x}(%
	\cdot)-\xi^{*}_{\theta,x;N}(\cdot)\|_{1}\|P_{\theta}(\cdot|x)\|_{\infty}+\max%
	\{\|\xi^{*}_{\theta,x;N}\|_{\infty},\|{\xi}^{*}_{\theta,x}\|_{\infty}\}\|P(%
	\cdot|x,a)-P_{N}(\cdot|x,a)\|_{1}\right),\end{split}$$"
	\frac{\gamma}{1-\gamma}[[UNKNOWN]] max[[OPFUNCTION]] _{x\in\mathcal{X}}[[POSTSUBSCRIPT]] \left\|[[VERTBAR]] P[[UNKNOWN]] ^{\xi}[[POSTSUPERSCRIPT]] _{\theta}[[POSTSUBSCRIPT]]
	        > ([[OPEN]] ⋅[[MULOP]] |[[VERTBAR]] x[[UNKNOWN]] )[[CLOSE]] -[[ADDOP]] P[[UNKNOWN]] ^{\xi}[[POSTSUPERSCRIPT]] _{\theta;N}[[POSTSUBSCRIPT]] ([[OPEN]] ⋅[[MULOP]] |[[VERTBAR]] x[[UNKNOWN]] )[[CLOSE]] \right\|[[VERTBAR]] _{1}[[POSTSUBSCRIPT]]
Warning:not_parsed:ATOM.OPFUNCTION.POSTSUBSCRIPT>OPEN MathParser failed to match rule 'Anything'
	at CoherentRiskArXiv15_Appendix.tex; line 733 col 12 - line 733 col 12
	\frac{\gamma}{1-\gamma}[[UNKNOWN]] max[[OPFUNCTION]] _{x\in\mathcal{X}}[[POSTSUBSCRIPT]]
	        > \left([[OPEN]] ∥[[VERTBAR]] ξ[[UNKNOWN]] ^{*}[[POSTSUPERSCRIPT]] _{\theta,x}[[POSTSUBSCRIPT]] ([[OPEN]] ⋅[[MULOP]] )[[CLOSE]] -[[ADDOP]] ξ[[UNKNOWN]] ^{*}[[POSTSUPERSCRIPT]] _{\theta,x;N}[[POSTSUBSCRIPT]] ([[OPEN]] ⋅[[MULOP]] )[[CLOSE]] ∥[[VERTBAR]] _{1}[[POSTSUBSCRIPT]] ∥[[VERTBAR]] P[[UNKNOWN]] _{\theta}[[POSTSUBSCRIPT]] ([[OPEN]] ⋅[[MULOP]] |[[VERTBAR]] x[[UNKNOWN]] )[[CLOSE]] ∥[[VERTBAR]] _{\infty}[[POSTSUBSCRIPT]] +[[ADDOP]] max[[OPFUNCTION]] \{[[OPEN]] ∥[[VERTBAR]] ξ[[UNKNOWN]] ^{*}[[POSTSUPERSCRIPT]] _{\theta,x;N}[[POSTSUBSCRIPT]] ∥[[VERTBAR]] _{\infty}[[POSTSUBSCRIPT]] ,[[PUNCT]] ∥[[VERTBAR]] ξ[[UNKNOWN]] ^{*}[[POSTSUPERSCRIPT]] _{\theta,x}[[POSTSUBSCRIPT]] ∥[[VERTBAR]] _{\infty}[[POSTSUBSCRIPT]] \}[[CLOSE]] ∥[[VERTBAR]] P[[UNKNOWN]] ([[OPEN]] ⋅[[MULOP]] |[[VERTBAR]] x[[UNKNOWN]] ,[[PUNCT]] ...
Warning:not_parsed:>VERTBAR MathParser failed to match rule 'Anything'
	at CoherentRiskArXiv15_Appendix.tex; line 736 col 69 - line 736 col 114
	In "$\|P(\cdot|x,a)-P_{N}(\cdot|x,a)\|_{1}\rightarrow 0$"
	> ∥[[VERTBAR]] P[[UNKNOWN]] ([[OPEN]] ⋅[[MULOP]] |[[VERTBAR]] x[[UNKNOWN]] ,[[PUNCT]] a[[UNKNOWN]] )[[CLOSE]] -[[ADDOP]] P[[UNKNOWN]] _{N}[[POSTSUBSCRIPT]] ([[OPEN]] ⋅[[MULOP]] |[[VERTBAR]] x[[UNKNOWN]] ,[[PUNCT]] a[[UNKNOWN]] )[[CLOSE]] ∥[[VERTBAR]] _{1}[[POSTSUBSCRIPT]] →[[ARROW]] 0[[NUMBER]]
 83.98 sec)
Math parsing succeeded:
   ltx:XMath: 731/795
   ltx:XMWrap: 19/26
   ltx:XMArg: 2971/3005
Symbols assumed as simple identifiers (with # of occurences):
   'A{caligraphic}' (12), 'A{italic}' (36), 'B{caligraphic}' (5), 'B{italic}' (6), 'C{italic}' (66), 'Delta' (13), 'D{blackboard}' (18), 'E{blackboard}' (113), 'E{caligraphic}' (89), 'F{caligraphic}' (12), 'I{blackboard}' (1), 'I{caligraphic}' (90), 'I{italic}' (13), 'K{italic}' (1), 'L{caligraphic}' (1), 'L{italic}' (67), 'M{caligraphic}' (27), 'M{italic}' (24), 'N{blackboard}' (1), 'N{caligraphic}' (2), 'N{italic}' (341), 'Omega' (32), 'O{caligraphic}' (1), 'O{italic}' (4), 'Phi' (40), 'Pi' (7), 'Psi' (3), 'P{blackboard}' (1), 'P{caligraphic}' (73), 'P{italic}' (477), 'Q{caligraphic}' (5), 'R{blackboard}' (12), 'S{blackboard}' (11), 'S{caligraphic}' (28), 'S{italic}' (10), 'T{italic}' (19), 'U{caligraphic}' (107), 'V{caligraphic}' (2), 'V{italic}' (68), 'W{italic}' (8), 'X{caligraphic}' (81), 'Z{caligraphic}' (13), 'Z{italic}' (190), 'alpha' (18), 'a{italic}' (141), 'c{italic}' (20), 'd{italic}' (63), 'ell' (4), 'epsilon' (14), 'e{italic}' (45), 'f{italic}' (32), 'gamma' (93), 'g{italic}' (18), 'h{italic}' (31), 'i{italic}' (48), 'j{italic}' (25), 'kappa' (7), 'k{italic}' (17), 'lambda' (351), 'mu' (24), 'nu' (6), 'n{italic}' (1), 'omega' (95), 'o{italic}' (1), 'phi' (58), 'pi' (23), 'p{italic}' (32), 'q{italic}' (4), 'rho' (93), 'theta' (362), 't{italic}' (38), 'v{italic}' (74), 'xi' (417), 'x{italic}' (968), 'y{italic}' (19), 'z{italic}' (34)
Set MATHPARSER_SPECULATE to speculate on possible notations.
(Finalizing... 2.71 sec)
Conversion complete: 100 warnings; 2 errors; 2 undefined macros[\nipsfinalcopy, \externaldocument]; 2 missing files[nips15submit_e.sty, xr.sty] (See parsed.log) (reqd. 1m 53.21s)
