latexml (LaTeXML version 0.8.8) processing iclr2023_conference.tex
(Digesting TeX iclr2023_conference...
(Loading /usr/share/perl5/LaTeXML/Package/TeX.pool.ltxml...
(Loading /usr/share/perl5/LaTeXML/Package/eTeX.pool.ltxml... 0.00 sec)
(Loading /usr/share/perl5/LaTeXML/Package/pdfTeX.pool.ltxml... 0.01 sec) 0.15 sec)
(Processing content /home/miri/Documents/DataLit/arXiv_src_fetcher/ICLR_2023_first100/-5EWhW_4qWP/iclr2023_conference.tex...
(Loading /usr/share/perl5/LaTeXML/Package/LaTeX.pool.ltxml...
(Loading /usr/share/perl5/LaTeXML/Package/textcomp.sty.ltxml...
(Processing definitions /usr/share/texlive/texmf-dist/tex/latex/base/ts1enc.dfu... 0.02 sec) 0.07 sec) 0.30 sec)
(Loading /usr/share/perl5/LaTeXML/Package/article.cls.ltxml... 0.01 sec)
Warning:missing_file:iclr2023_conference Can't find binding for package iclr2023_conference
	at iclr2023_conference.tex; line 4 col 0 - line 4 col 1
	Anticipate undefined macros or environments
	search paths are /home/miri/Documents/DataLit/arXiv_src_fetcher/ICLR_2023_first100/-5EWhW_4qWP
	In Core::Definition::Constructor[\usepac... /usr/share/perl5/LaTeXML/Package/LaTeX.pool.ltxml; line 879
Info:dependencies:dependencies Loading dependencies for /home/miri/Documents/DataLit/arXiv_src_fetcher/ICLR_2023_first100/-5EWhW_4qWP/iclr2023_conference.sty: fancyhdr,natbib,eso-pic
	at iclr2023_conference.tex; line 4 col 0 - line 4 col 1
(Loading /usr/share/perl5/LaTeXML/Package/fancyhdr.sty.ltxml... 0.00 sec)
(Loading /usr/share/perl5/LaTeXML/Package/natbib.sty.ltxml... 0.02 sec)
(Loading /usr/share/perl5/LaTeXML/Package/times.sty.ltxml... 0.00 sec)
(Processing content /home/miri/Documents/DataLit/arXiv_src_fetcher/ICLR_2023_first100/-5EWhW_4qWP/math_commands.tex...
(Loading /usr/share/perl5/LaTeXML/Package/amsmath.sty.ltxml...
(Loading /usr/share/perl5/LaTeXML/Package/amsbsy.sty.ltxml...
(Loading /usr/share/perl5/LaTeXML/Package/amsgen.sty.ltxml... 0.00 sec) 0.01 sec)
(Loading /usr/share/perl5/LaTeXML/Package/amstext.sty.ltxml... 0.01 sec)
(Loading /usr/share/perl5/LaTeXML/Package/amsopn.sty.ltxml... 0.01 sec) 0.07 sec)
(Loading /usr/share/perl5/LaTeXML/Package/amsfonts.sty.ltxml... 0.00 sec)
(Loading /usr/share/perl5/LaTeXML/Package/bm.sty.ltxml... 0.00 sec) 0.19 sec)
(Loading /usr/share/perl5/LaTeXML/Package/hyperref.sty.ltxml...
(Loading /usr/share/perl5/LaTeXML/Package/ltxcmds.sty.ltxml...
(Processing definitions /usr/share/texlive/texmf-dist/tex/generic/ltxcmds/ltxcmds.sty... 0.09 sec) 0.09 sec)
(Loading /usr/share/perl5/LaTeXML/Package/keyval.sty.ltxml...
(Processing definitions /usr/share/texlive/texmf-dist/tex/latex/graphics/keyval.sty... 0.01 sec) 0.01 sec)
(Loading /usr/share/perl5/LaTeXML/Package/kvsetkeys.sty.ltxml...
(Processing definitions /usr/share/texlive/texmf-dist/tex/latex/kvsetkeys/kvsetkeys.sty... 0.06 sec) 0.07 sec)
(Loading /usr/share/perl5/LaTeXML/Package/kvdefinekeys.sty.ltxml...
(Processing definitions /usr/share/texlive/texmf-dist/tex/generic/kvdefinekeys/kvdefinekeys.sty... 0.03 sec) 0.03 sec)
(Loading /usr/share/perl5/LaTeXML/Package/kvoptions.sty.ltxml...
(Processing definitions /usr/share/texlive/texmf-dist/tex/latex/kvoptions/kvoptions.sty... 0.14 sec) 0.15 sec)
(Loading /usr/share/perl5/LaTeXML/Package/nameref.sty.ltxml...
(Loading /usr/share/perl5/LaTeXML/Package/refcount.sty.ltxml...
(Processing definitions /usr/share/texlive/texmf-dist/tex/latex/refcount/refcount.sty...
(Loading /usr/share/perl5/LaTeXML/Package/infwarerr.sty.ltxml...
(Processing definitions /usr/share/texlive/texmf-dist/tex/generic/infwarerr/infwarerr.sty... 0.05 sec) 0.05 sec) 0.11 sec) 0.11 sec)
(Loading /usr/share/perl5/LaTeXML/Package/gettitlestring.sty.ltxml...
(Processing definitions /usr/share/texlive/texmf-dist/tex/generic/gettitlestring/gettitlestring.sty... 0.10 sec) 0.10 sec) 0.24 sec)
(Loading /usr/share/perl5/LaTeXML/Package/url.sty.ltxml... 0.00 sec)
(Loading /usr/share/perl5/LaTeXML/Package/bitset.sty.ltxml...
(Processing definitions /usr/share/texlive/texmf-dist/tex/generic/bitset/bitset.sty...
(Loading /usr/share/perl5/LaTeXML/Package/intcalc.sty.ltxml...
(Processing definitions /usr/share/texlive/texmf-dist/tex/generic/intcalc/intcalc.sty... 0.05 sec) 0.06 sec)
(Loading /usr/share/perl5/LaTeXML/Package/bigintcalc.sty.ltxml...
(Processing definitions /usr/share/texlive/texmf-dist/tex/generic/bigintcalc/bigintcalc.sty...
(Loading /usr/share/perl5/LaTeXML/Package/pdftexcmds.sty.ltxml...
(Loading /usr/share/perl5/LaTeXML/Package/iftex.sty.ltxml... 0.00 sec) 0.01 sec) 0.17 sec) 0.17 sec) 0.41 sec) 0.41 sec) 1.08 sec)
(Loading /usr/share/perl5/LaTeXML/Package/inputenc.sty.ltxml...
(Loading /usr/share/perl5/LaTeXML/Package/utf8.def.ltxml... 0.00 sec) 0.01 sec)
(Loading /usr/share/perl5/LaTeXML/Package/fontenc.sty.ltxml...
(Loading /usr/share/perl5/LaTeXML/Package/t1enc.def.ltxml...
(Processing definitions /usr/share/texlive/texmf-dist/tex/latex/base/t1enc.def...
(Processing definitions /usr/share/texlive/texmf-dist/tex/latex/base/t1enc.dfu... 0.06 sec)
(Loading /usr/share/perl5/LaTeXML/Package/t1.fontmap.ltxml... 0.00 sec) 0.12 sec) 0.12 sec) 0.14 sec)
(Loading /usr/share/perl5/LaTeXML/Package/booktabs.sty.ltxml... 0.01 sec)
(Loading /usr/share/perl5/LaTeXML/Package/nicefrac.sty.ltxml...
(Loading /usr/share/perl5/LaTeXML/Package/ifthen.sty.ltxml...
(Processing definitions /usr/share/texlive/texmf-dist/tex/latex/base/ifthen.sty... 0.02 sec) 0.02 sec) 0.03 sec)
(Loading /usr/share/perl5/LaTeXML/Package/microtype.sty.ltxml... 0.00 sec)
(Loading /usr/share/perl5/LaTeXML/Package/xcolor.sty.ltxml...
(Loading /usr/share/perl5/LaTeXML/Package/color.sty.ltxml... 0.01 sec) 0.06 sec)
(Loading /usr/share/perl5/LaTeXML/Package/graphicx.sty.ltxml...
(Loading /usr/share/perl5/LaTeXML/Package/graphics.sty.ltxml... 0.01 sec) 0.03 sec)
(Loading /usr/share/perl5/LaTeXML/Package/amssymb.sty.ltxml... 0.02 sec)
Warning:missing_file:axessibility Can't find binding for package axessibility
	at iclr2023_conference.tex; line 27 col 11 - line 27 col 11
	Anticipate undefined macros or environments
	In Core::Definition::Constructor[\usepac... /usr/share/perl5/LaTeXML/Package/LaTeX.pool.ltxml; line 879
(Loading /usr/share/perl5/LaTeXML/Package/amsthm.sty.ltxml... 0.02 sec)
(Loading /usr/share/perl5/LaTeXML/Package/mathtools.sty.ltxml...
(Loading /usr/share/perl5/LaTeXML/Package/calc.sty.ltxml... 0.00 sec) 0.03 sec)
(Loading /usr/share/perl5/LaTeXML/Package/mathrsfs.sty.ltxml... 0.01 sec)
(Loading /usr/share/perl5/LaTeXML/Package/hhline.sty.ltxml... 0.00 sec)
(Loading /usr/share/perl5/LaTeXML/Package/algorithm.sty.ltxml...
Warning:missing_file:algorithm Can't find package algorithm
	at algorithm.sty.ltxml; line 20
	Anticipate undefined macros or environments
	In Core::Gullet[@0x55ea828f6bc0] /usr/share/perl5/LaTeXML/Package/algorithm.sty.ltxml; line 20
 0.01 sec)
(Loading /usr/share/perl5/LaTeXML/Package/algorithmic.sty.ltxml...
Warning:missing_file:algorithmic Can't find package algorithmic
	at algorithmic.sty.ltxml; line 26
	Anticipate undefined macros or environments
	In Core::Gullet[@0x55ea828f6bc0] /usr/share/perl5/LaTeXML/Package/algorithmic.sty.ltxml; line 26
 0.01 sec)
(Loading /usr/share/perl5/LaTeXML/Package/bbm.sty.ltxml... 0.00 sec)
(Loading /usr/share/perl5/LaTeXML/Package/float.sty.ltxml... 0.00 sec)
(Loading /usr/share/perl5/LaTeXML/Package/stfloats.sty.ltxml... 0.00 sec)
(Loading /usr/share/perl5/LaTeXML/Package/footmisc.sty.ltxml... 0.00 sec)
Warning:missing_file:arydshln Can't find binding for package arydshln
	at iclr2023_conference.tex; line 41 col 11 - line 41 col 11
	Anticipate undefined macros or environments
	In Core::Definition::Constructor[\usepac... /usr/share/perl5/LaTeXML/Package/LaTeX.pool.ltxml; line 879
(Loading /usr/share/perl5/LaTeXML/Package/wrapfig.sty.ltxml... 0.00 sec)
(Loading /usr/share/perl5/LaTeXML/Package/algorithm2e.sty.ltxml...
Warning:missing_file:algorithm2e Can't find package algorithm2e
	at algorithm2e.sty.ltxml; line 48
	Anticipate undefined macros or environments
	In Core::Gullet[@0x55ea828f6bc0] /usr/share/perl5/LaTeXML/Package/algorithm2e.sty.ltxml; line 48
Error:undefined:\algocf@within The token T_CS[\algocf@within] is not defined.
	at algorithm2e.sty.ltxml; line 53
	Defining it now as <ltx:ERROR/>
	Input is empty
	In Core::Gullet[@0x55ea828f6bc0] /usr/share/perl5/LaTeXML/Package/algorithm2e.sty.ltxml; line 53
	 <= Core::Stomach[@0x55ea8517da10] <= Core::Gullet[@0x55ea828f6bc0] <= Core::Definition::Constructor[\usepac... <= ...
 0.02 sec)
Info:unexpected:options Option clash for file algorithm2e.sty with options 'linesnumbered,ruled,vlined'
	at iclr2023_conference.tex; line 46 col 11 - line 46 col 11
	previously loaded with 'vlined,linesnumbered,ruled,algo2e'
(Loading /usr/share/perl5/LaTeXML/Package/enumitem.sty.ltxml... 0.01 sec)
Warning:missing_file:custom_commands Can't find binding for package custom_commands
	at iclr2023_conference.tex; line 48 col 11 - line 48 col 11
	Anticipate undefined macros or environments
	In Core::Definition::Constructor[\usepac... /usr/share/perl5/LaTeXML/Package/LaTeX.pool.ltxml; line 879
(Loading /usr/share/perl5/LaTeXML/Package/caption.sty.ltxml... 0.01 sec)
(Loading /usr/share/perl5/LaTeXML/Package/subcaption.sty.ltxml... 0.01 sec)
Error:undefined:\iclrfinalcopy The token T_CS[\iclrfinalcopy] is not defined.
	at iclr2023_conference.tex; line 77 col 14 - line 77 col 14
	Defining it now as <ltx:ERROR/>
	Next token is T_CS[\begin] ( == Core::Definition::Expandable[\begin {}])
	In Core::Gullet[@0x55ea828f6bc0] /home/miri/Documents/DataLit/arXiv_src_fetcher/ICLR_2023_first100/-5EWhW_4qWP/iclr2023_conference.tex; from line 78 col 6 to line 78 col 6
	 <= Core::Stomach[@0x55ea8517da10] <= ...
Error:undefined:\loss The token T_CS[\loss] is not defined.
	at iclr2023_conference.tex; line 127 col 26 - line 127 col 26
	Defining it now as <ltx:ERROR/>
	Next token is T_OTHER[(] ( == T_OTHER[(])
	In Core::Gullet[@0x55ea828f6bc0] /home/miri/Documents/DataLit/arXiv_src_fetcher/ICLR_2023_first100/-5EWhW_4qWP/iclr2023_conference.tex; from line 127 col 27 to line 127 col 27
	 <= Core::Stomach[@0x55ea8517da10] <= Core::Definition::Constructor[\@@BEGI... <= Core::Stomach[@0x55ea8517da10] <= ...
Error:undefined:\algocf@within@ID The token T_CS[\algocf@within@ID] is not defined.
	at iclr2023_conference.tex; line 241 col 0 - line 241 col 18
	Defining it now as <ltx:ERROR/>
	Next token is T_CS[\endcsname] ( == Core::Definition::Primitive[\endcsname]) more: \@empty\else\csnamethe\algocf@within@ID\endcsname.\fialg\csname@algorithm@ID\endcsname
	In Core::Gullet[@0x55ea828f6bc0] /home/miri/Documents/DataLit/arXiv_src_fetcher/ICLR_2023_first100/-5EWhW_4qWP/iclr2023_conference.tex; from line 241 col 0 to line 241 col 18
	 <= Core::Definition::Expandable[\csname ... <= Core::Definition::Expandable[\expanda... <= Core::Gullet[@0x55ea828f6bc0] <= ...
Error:unexpected:\algocf@within@ID The control sequence \algocf@within@ID should not appear between \csname and \endcsname
	at iclr2023_conference.tex; line 241 col 0 - line 241 col 18
	Next token is T_CS[\endcsname] ( == Core::Definition::Primitive[\endcsname]) more: \@empty\else\csnamethe\algocf@within@ID\endcsname.\fialg\csname@algorithm@ID\endcsname
	In Core::Gullet[@0x55ea828f6bc0] /home/miri/Documents/DataLit/arXiv_src_fetcher/ICLR_2023_first100/-5EWhW_4qWP/iclr2023_conference.tex; from line 241 col 0 to line 241 col 18
	 <= Core::Definition::Expandable[\csname ... <= Core::Definition::Expandable[\expanda... <= Core::Gullet[@0x55ea828f6bc0] <= ...
Error:unexpected:\algocf@within@ID The control sequence \algocf@within@ID should not appear between \csname and \endcsname
	at iclr2023_conference.tex; line 241 col 0 - line 241 col 18
	Next token is T_CS[\endcsname] ( == Core::Definition::Primitive[\endcsname]) more: .\fialg\csname@algorithm@ID\endcsname
	In Core::Gullet[@0x55ea828f6bc0] /home/miri/Documents/DataLit/arXiv_src_fetcher/ICLR_2023_first100/-5EWhW_4qWP/iclr2023_conference.tex; from line 241 col 0 to line 241 col 18
	 <= Core::Definition::Expandable[\csname ... <= Core::Gullet[@0x55ea828f6bc0] <= Core::Stomach[@0x55ea8517da10] <= ...
Error:expected:<register> A <register> was supposed to be here
	at iclr2023_conference.tex; line 241 col 0 - line 241 col 18
	Got T_OTHER[.]
	But it is not even definable.
	Next token is T_CS[\fi] ( == Core::Definition::Conditional[\fi]) more: alg\csname@algorithm@ID\endcsname
	In Core::Definition::Expandable[\the Reg... /usr/share/perl5/LaTeXML/Package/TeX.pool.ltxml; line 1047
	 <= Core::Gullet[@0x55ea828f6bc0] <= Core::Stomach[@0x55ea8517da10] <= Core::Definition::Primitive[\@@add@ca... <= ...
Error:unexpected:\algocf@within The control sequence \algocf@within should not appear between \csname and \endcsname
	at iclr2023_conference.tex; line 241 col 0 - line 241 col 18
	Next token is T_CS[\endcsname] ( == Core::Definition::Primitive[\endcsname]) more: .\@arabic\c@algorithm
	In Core::Gullet[@0x55ea828f6bc0] /home/miri/Documents/DataLit/arXiv_src_fetcher/ICLR_2023_first100/-5EWhW_4qWP/iclr2023_conference.tex; from line 241 col 0 to line 241 col 18
	 <= Core::Definition::Expandable[\csname ... <= Core::Gullet[@0x55ea828f6bc0] <= Core::Stomach[@0x55ea8517da10] <= ...
Error:expected:<register> A <register> was supposed to be here
	at iclr2023_conference.tex; line 241 col 0 - line 241 col 18
	Got T_OTHER[.]
	But it is not even definable.
	Next token is T_CS[\@arabic] ( == Core::Definition::Expandable[\@arabic {Number}]) more: \c@algorithm
	In Core::Definition::Expandable[\the Reg... /usr/share/perl5/LaTeXML/Package/TeX.pool.ltxml; line 1047
	 <= Core::Gullet[@0x55ea828f6bc0] <= Core::Stomach[@0x55ea8517da10] <= Core::Definition::Primitive[\@@add@ca... <= ...
Error:undefined:\algorithmcfname The token T_CS[\algorithmcfname] is not defined.
	at iclr2023_conference.tex; line 241 col 0 - line 241 col 18
	Defining it now as <ltx:ERROR/>
	Next token is T_CS[\nobreakspace] ( == Core::Definition::Primitive[\nobreakspace]) more: \thealgorithm}
	In Core::Gullet[@0x55ea828f6bc0] /home/miri/Documents/DataLit/arXiv_src_fetcher/ICLR_2023_first100/-5EWhW_4qWP/iclr2023_conference.tex; from line 241 col 0 to line 241 col 18
	 <= Core::Stomach[@0x55ea8517da10] <= Core::Definition::Primitive[Begin] <= Core::Stomach[@0x55ea8517da10] <= ...
Error:unexpected:\algocf@within The control sequence \algocf@within should not appear between \csname and \endcsname
	at iclr2023_conference.tex; line 241 col 0 - line 241 col 18
	Next token is T_CS[\endcsname] ( == Core::Definition::Primitive[\endcsname]) more: .\@arabic\c@algorithm}
	In Core::Gullet[@0x55ea828f6bc0] /home/miri/Documents/DataLit/arXiv_src_fetcher/ICLR_2023_first100/-5EWhW_4qWP/iclr2023_conference.tex; from line 241 col 0 to line 241 col 18
	 <= Core::Definition::Expandable[\csname ... <= Core::Gullet[@0x55ea828f6bc0] <= Core::Stomach[@0x55ea8517da10] <= ...
Error:expected:<register> A <register> was supposed to be here
	at iclr2023_conference.tex; line 241 col 0 - line 241 col 18
	Got T_OTHER[.]
	But it is not even definable.
	Next token is T_CS[\@arabic] ( == Core::Definition::Expandable[\@arabic {Number}]) more: \c@algorithm}
	In Core::Definition::Expandable[\the Reg... /usr/share/perl5/LaTeXML/Package/TeX.pool.ltxml; line 1047
	 <= Core::Gullet[@0x55ea828f6bc0] <= Core::Stomach[@0x55ea8517da10] <= Core::Definition::Primitive[Begin] <= ...
Error:unexpected:\algocf@within The control sequence \algocf@within should not appear between \csname and \endcsname
	at iclr2023_conference.tex; line 241 col 0 - line 241 col 18
	Next token is T_CS[\endcsname] ( == Core::Definition::Primitive[\endcsname]) more: .\@arabic\c@algorithm
	In Core::Gullet[@0x55ea828f6bc0] /home/miri/Documents/DataLit/arXiv_src_fetcher/ICLR_2023_first100/-5EWhW_4qWP/iclr2023_conference.tex; from line 241 col 0 to line 241 col 18
	 <= Core::Definition::Expandable[\csname ... <= Core::Gullet[@0x55ea828f6bc0] <= Core::Stomach[@0x55ea8517da10] <= ...
Error:expected:<register> A <register> was supposed to be here
	at iclr2023_conference.tex; line 241 col 0 - line 241 col 18
	Got T_OTHER[.]
	But it is not even definable.
	Next token is T_CS[\@arabic] ( == Core::Definition::Expandable[\@arabic {Number}]) more: \c@algorithm
	In Core::Definition::Expandable[\the Reg... /usr/share/perl5/LaTeXML/Package/TeX.pool.ltxml; line 1047
	 <= Core::Gullet[@0x55ea828f6bc0] <= Core::Stomach[@0x55ea8517da10] <= Core::Definition::Constructor[\lx@tag... <= ...
Error:unexpected:\algocf@within The control sequence \algocf@within should not appear between \csname and \endcsname
	at iclr2023_conference.tex; line 241 col 0 - line 241 col 18
	Next token is T_CS[\endcsname] ( == Core::Definition::Primitive[\endcsname]) more: .\@arabic\c@algorithm}
	In Core::Gullet[@0x55ea828f6bc0] /home/miri/Documents/DataLit/arXiv_src_fetcher/ICLR_2023_first100/-5EWhW_4qWP/iclr2023_conference.tex; from line 241 col 0 to line 241 col 18
	 <= Core::Definition::Expandable[\csname ... <= Core::Gullet[@0x55ea828f6bc0] <= Core::Stomach[@0x55ea8517da10] <= ...
Error:expected:<register> A <register> was supposed to be here
	at iclr2023_conference.tex; line 241 col 0 - line 241 col 18
	Got T_OTHER[.]
	But it is not even definable.
	Next token is T_CS[\@arabic] ( == Core::Definition::Expandable[\@arabic {Number}]) more: \c@algorithm}
	In Core::Definition::Expandable[\the Reg... /usr/share/perl5/LaTeXML/Package/TeX.pool.ltxml; line 1047
	 <= Core::Gullet[@0x55ea828f6bc0] <= Core::Stomach[@0x55ea8517da10] <= Core::Definition::Primitive[Begin] <= ...
Error:unexpected:\algocf@within The control sequence \algocf@within should not appear between \csname and \endcsname
	at iclr2023_conference.tex; line 241 col 0 - line 241 col 18
	Next token is T_CS[\endcsname] ( == Core::Definition::Primitive[\endcsname]) more: .\@arabic\c@algorithm}
	In Core::Gullet[@0x55ea828f6bc0] /home/miri/Documents/DataLit/arXiv_src_fetcher/ICLR_2023_first100/-5EWhW_4qWP/iclr2023_conference.tex; from line 241 col 0 to line 241 col 18
	 <= Core::Definition::Expandable[\csname ... <= Core::Gullet[@0x55ea828f6bc0] <= Core::Stomach[@0x55ea8517da10] <= ...
Error:expected:<register> A <register> was supposed to be here
	at iclr2023_conference.tex; line 241 col 0 - line 241 col 18
	Got T_OTHER[.]
	But it is not even definable.
	Next token is T_CS[\@arabic] ( == Core::Definition::Expandable[\@arabic {Number}]) more: \c@algorithm}
	In Core::Definition::Expandable[\the Reg... /usr/share/perl5/LaTeXML/Package/TeX.pool.ltxml; line 1047
	 <= Core::Gullet[@0x55ea828f6bc0] <= Core::Stomach[@0x55ea8517da10] <= Core::Definition::Primitive[Begin] <= ...
Error:unexpected:\algocf@within The control sequence \algocf@within should not appear between \csname and \endcsname
	at iclr2023_conference.tex; line 241 col 0 - line 241 col 18
	Next token is T_CS[\endcsname] ( == Core::Definition::Primitive[\endcsname]) more: .\@arabic\c@algorithm
	In Core::Gullet[@0x55ea828f6bc0] /home/miri/Documents/DataLit/arXiv_src_fetcher/ICLR_2023_first100/-5EWhW_4qWP/iclr2023_conference.tex; from line 241 col 0 to line 241 col 18
	 <= Core::Definition::Expandable[\csname ... <= Core::Gullet[@0x55ea828f6bc0] <= Core::Stomach[@0x55ea8517da10] <= ...
Error:expected:<register> A <register> was supposed to be here
	at iclr2023_conference.tex; line 241 col 0 - line 241 col 18
	Got T_OTHER[.]
	But it is not even definable.
	Next token is T_CS[\@arabic] ( == Core::Definition::Expandable[\@arabic {Number}]) more: \c@algorithm
	In Core::Definition::Expandable[\the Reg... /usr/share/perl5/LaTeXML/Package/TeX.pool.ltxml; line 1047
	 <= Core::Gullet[@0x55ea828f6bc0] <= Core::Stomach[@0x55ea8517da10] <= Core::Definition::Constructor[\label ... <= ...
Error:unexpected:\algocf@within The control sequence \algocf@within should not appear between \csname and \endcsname
	at iclr2023_conference.tex; line 241 col 0 - line 241 col 18
	Next token is T_CS[\endcsname] ( == Core::Definition::Primitive[\endcsname]) more: .\@arabic\c@algorithm}
	In Core::Gullet[@0x55ea828f6bc0] /home/miri/Documents/DataLit/arXiv_src_fetcher/ICLR_2023_first100/-5EWhW_4qWP/iclr2023_conference.tex; from line 241 col 0 to line 241 col 18
	 <= Core::Definition::Expandable[\csname ... <= Core::Gullet[@0x55ea828f6bc0] <= Core::Stomach[@0x55ea8517da10] <= ...
Error:expected:<register> A <register> was supposed to be here
	at iclr2023_conference.tex; line 241 col 0 - line 241 col 18
	Got T_OTHER[.]
	But it is not even definable.
	Next token is T_CS[\@arabic] ( == Core::Definition::Expandable[\@arabic {Number}]) more: \c@algorithm}
	In Core::Definition::Expandable[\the Reg... /usr/share/perl5/LaTeXML/Package/TeX.pool.ltxml; line 1047
	 <= Core::Gullet[@0x55ea828f6bc0] <= Core::Stomach[@0x55ea8517da10] <= Core::Definition::Primitive[Begin] <= ...
Error:unexpected:\algocf@within The control sequence \algocf@within should not appear between \csname and \endcsname
	at iclr2023_conference.tex; line 241 col 0 - line 241 col 18
	Next token is T_CS[\endcsname] ( == Core::Definition::Primitive[\endcsname]) more: .\@arabic\c@algorithm
	In Core::Gullet[@0x55ea828f6bc0] /home/miri/Documents/DataLit/arXiv_src_fetcher/ICLR_2023_first100/-5EWhW_4qWP/iclr2023_conference.tex; from line 241 col 0 to line 241 col 18
	 <= Core::Definition::Expandable[\csname ... <= Core::Gullet[@0x55ea828f6bc0] <= Core::Stomach[@0x55ea8517da10] <= ...
Error:expected:<register> A <register> was supposed to be here
	at iclr2023_conference.tex; line 241 col 0 - line 241 col 18
	Got T_OTHER[.]
	But it is not even definable.
	Next token is T_CS[\@arabic] ( == Core::Definition::Expandable[\@arabic {Number}]) more: \c@algorithm
	In Core::Definition::Expandable[\the Reg... /usr/share/perl5/LaTeXML/Package/TeX.pool.ltxml; line 1047
	 <= Core::Gullet[@0x55ea828f6bc0] <= Core::Stomach[@0x55ea8517da10] <= Core::Definition::Constructor[\label ... <= ...
Error:undefined:\lx@orig@algorithmic The token T_CS[\lx@orig@algorithmic] is not defined.
	at iclr2023_conference.tex; line 242 col 19 - line 242 col 19
	Defining it now as <ltx:ERROR/>
	Next token is T_OTHER[[] ( == T_OTHER[[])
	In Core::Gullet[@0x55ea828f6bc0] /home/miri/Documents/DataLit/arXiv_src_fetcher/ICLR_2023_first100/-5EWhW_4qWP/iclr2023_conference.tex; from line 242 col 20 to line 242 col 20
	 <= Core::Stomach[@0x55ea8517da10] <= Core::Definition::Constructor[\begin{... <= Core::Stomach[@0x55ea8517da10] <= ...
Error:undefined:\REQUIRE The token T_CS[\REQUIRE] is not defined.
	at iclr2023_conference.tex; line 244 col 8 - line 244 col 8
	Defining it now as <ltx:ERROR/>
	Next token is T_LETTER[D] ( == T_LETTER[D])
	In Core::Gullet[@0x55ea828f6bc0] /home/miri/Documents/DataLit/arXiv_src_fetcher/ICLR_2023_first100/-5EWhW_4qWP/iclr2023_conference.tex; from line 244 col 10 to line 244 col 10
	 <= Core::Stomach[@0x55ea8517da10] <= Core::Definition::Primitive[Begin] <= Core::Stomach[@0x55ea8517da10] <= ...
Error:undefined:\STATE The token T_CS[\STATE] is not defined.
	at iclr2023_conference.tex; line 245 col 6 - line 245 col 6
	Defining it now as <ltx:ERROR/>
	Next token is T_LETTER[I] ( == T_LETTER[I])
	In Core::Gullet[@0x55ea828f6bc0] /home/miri/Documents/DataLit/arXiv_src_fetcher/ICLR_2023_first100/-5EWhW_4qWP/iclr2023_conference.tex; from line 245 col 8 to line 245 col 8
	 <= Core::Stomach[@0x55ea8517da10] <= Core::Definition::Primitive[Begin] <= Core::Stomach[@0x55ea8517da10] <= ...
Error:undefined:\FOR The token T_CS[\FOR] is not defined.
	at iclr2023_conference.tex; line 246 col 4 - line 246 col 4
	Defining it now as <ltx:ERROR/>
	Next token is T_BEGIN[{] ( == T_BEGIN[{])
	In Core::Gullet[@0x55ea828f6bc0] /home/miri/Documents/DataLit/arXiv_src_fetcher/ICLR_2023_first100/-5EWhW_4qWP/iclr2023_conference.tex; from line 246 col 5 to line 246 col 5
	 <= Core::Stomach[@0x55ea8517da10] <= Core::Definition::Primitive[Begin] <= Core::Stomach[@0x55ea8517da10] <= ...
Error:undefined:\ENDFOR The token T_CS[\ENDFOR] is not defined.
	at iclr2023_conference.tex; line 251 col 0 - line 251 col 8
	Defining it now as <ltx:ERROR/>
	Next token is T_CS[\STATE] ( == Core::Definition::Constructor[\STATE])
	In Core::Gullet[@0x55ea828f6bc0] /home/miri/Documents/DataLit/arXiv_src_fetcher/ICLR_2023_first100/-5EWhW_4qWP/iclr2023_conference.tex; from line 252 col 7 to line 252 col 7
	 <= Core::Stomach[@0x55ea8517da10] <= Core::Definition::Primitive[Begin] <= Core::Stomach[@0x55ea8517da10] <= ...
Error:undefined:\RETURN The token T_CS[\RETURN] is not defined.
	at iclr2023_conference.tex; line 256 col 7 - line 256 col 7
	Defining it now as <ltx:ERROR/>
	Next token is T_LETTER[F] ( == T_LETTER[F])
	In Core::Gullet[@0x55ea828f6bc0] /home/miri/Documents/DataLit/arXiv_src_fetcher/ICLR_2023_first100/-5EWhW_4qWP/iclr2023_conference.tex; from line 256 col 9 to line 256 col 9
	 <= Core::Stomach[@0x55ea8517da10] <= Core::Definition::Primitive[Begin] <= Core::Stomach[@0x55ea8517da10] <= ...
(Processing content /home/miri/Documents/DataLit/arXiv_src_fetcher/ICLR_2023_first100/-5EWhW_4qWP/table/table_hyperparams.tex... 0.08 sec)
(Processing content /home/miri/Documents/DataLit/arXiv_src_fetcher/ICLR_2023_first100/-5EWhW_4qWP/table/table_time.tex... 0.13 sec)
(Processing content /home/miri/Documents/DataLit/arXiv_src_fetcher/ICLR_2023_first100/-5EWhW_4qWP/table/table_flops.tex... 0.44 sec)
(Processing content /home/miri/Documents/DataLit/arXiv_src_fetcher/ICLR_2023_first100/-5EWhW_4qWP/table/table_total_flops.tex... 0.33 sec)
(Processing content /home/miri/Documents/DataLit/arXiv_src_fetcher/ICLR_2023_first100/-5EWhW_4qWP/table/table_snip_variants.tex... 0.10 sec)
(Processing content /home/miri/Documents/DataLit/arXiv_src_fetcher/ICLR_2023_first100/-5EWhW_4qWP/table/table_perturb_param.tex... 0.40 sec)
(Processing content /home/miri/Documents/DataLit/arXiv_src_fetcher/ICLR_2023_first100/-5EWhW_4qWP/table/table_overview.tex... 0.11 sec) 8.33 sec) 8.62 sec)
(Building...
(Loading compiled schema /usr/share/perl5/LaTeXML/resources/RelaxNG/LaTeXML.model... 0.01 sec) 7.59 sec)
(Rewriting... 0.14 sec)
(Math Parsing 329 formulae ...... 7.96 sec)
Math parsing succeeded:
   ltx:XMath: 329/329
   ltx:XMWrap: 5/5
   ltx:XMArg: 577/577
Symbols assumed as simple identifiers (with # of occurences):
   'A{caligraphic}' (4), 'B{italic}' (1), 'Delta' (31), 'D{caligraphic}' (8), 'D{italic}' (14), 'E{blackboard}' (22), 'E{italic}' (2), 'H{italic}' (1), 'I{caligraphic}' (4), 'Lambda' (2), 'N{caligraphic}' (14), 'P{caligraphic}' (3), 'R{blackboard}' (7), 'R{italic}' (1), 'S{caligraphic}' (5), 'S{italic}' (16), 'Theta' (15), 'T{italic}' (7), 'U{italic}' (4), 'X{bold}' (9), 'X{caligraphic}' (99), 'Y{caligraphic}' (3), 'Z{caligraphic}' (1), 'd{italic}' (4), 'ell' (3), 'epsilon' (27), 'eta' (6), 'e{italic}' (1), 'f{italic}' (58), 'i{italic}' (24), 'j{italic}' (4), 'k{italic}' (11), 'lambda' (6), 'm{bold italic}' (4), 'm{bold}' (23), 'm{italic}' (29), 'n{italic}' (23), 'p{italic}' (3), 'r{italic}' (10), 'tau' (1), 'theta' (170), 't{italic}' (9), 'x{bold}' (14), 'y{bold}' (10), 'z{bold}' (6)
Set MATHPARSER_SPECULATE to speculate on possible notations.
(Finalizing... 0.44 sec)
Conversion complete: 7 warnings; 30 errors; 11 undefined macros[\algocf@within, \STATE, \algorithmcfname, \algocf@within@ID, \iclrfinalcopy, \RETURN, \REQUIRE, \lx@orig@algorithmic, \loss, \FOR, \ENDFOR]; 7 missing files[arydshln.sty, algorithm2e.sty, custom_commands.sty, algorithm.sty, algorithmic.sty, iclr2023_conference.sty, axessibility.sty] (See parsed.log) (reqd. 25.16s)
