latexml (LaTeXML version 0.8.8) processing ijcai22.tex
(Digesting TeX ijcai22...
(Loading /usr/share/perl5/LaTeXML/Package/TeX.pool.ltxml...
(Loading /usr/share/perl5/LaTeXML/Package/eTeX.pool.ltxml... 0.00 sec)
(Loading /usr/share/perl5/LaTeXML/Package/pdfTeX.pool.ltxml... 0.00 sec) 0.08 sec)
(Processing content /home/miri/Documents/DataLit/arXiv_src_fetcher/ICLR_2023_first100/-x5WuMO4APy/ijcai22.tex...
(Loading /usr/share/perl5/LaTeXML/Package/LaTeX.pool.ltxml...
(Loading /usr/share/perl5/LaTeXML/Package/textcomp.sty.ltxml...
(Processing definitions /usr/share/texlive/texmf-dist/tex/latex/base/ts1enc.dfu... 0.01 sec) 0.04 sec) 0.16 sec)
IJCAI--22 Instructions for Authors
(Loading /usr/share/perl5/LaTeXML/Package/article.cls.ltxml... 0.01 sec)
Info:fallback:ijcai22.sty Interpreted 22 as a versioned package/class name, falling back to generic ijcai.sty
	at ijcai22.tex; line 13 col 6 - line 13 col 6
(Loading /usr/share/perl5/LaTeXML/Package/ijcai.sty.ltxml...
(Loading /usr/share/perl5/LaTeXML/Package/natbib.sty.ltxml... 0.01 sec) 0.01 sec)
(Processing content /home/miri/Documents/DataLit/arXiv_src_fetcher/ICLR_2023_first100/-x5WuMO4APy/math_commands.tex...
(Loading /usr/share/perl5/LaTeXML/Package/amsmath.sty.ltxml...
(Loading /usr/share/perl5/LaTeXML/Package/amsbsy.sty.ltxml...
(Loading /usr/share/perl5/LaTeXML/Package/amsgen.sty.ltxml... 0.00 sec) 0.00 sec)
(Loading /usr/share/perl5/LaTeXML/Package/amstext.sty.ltxml... 0.00 sec)
(Loading /usr/share/perl5/LaTeXML/Package/amsopn.sty.ltxml... 0.00 sec) 0.04 sec)
(Loading /usr/share/perl5/LaTeXML/Package/amsfonts.sty.ltxml... 0.00 sec)
(Loading /usr/share/perl5/LaTeXML/Package/bm.sty.ltxml... 0.00 sec) 0.10 sec)
(Loading /usr/share/perl5/LaTeXML/Package/times.sty.ltxml... 0.00 sec)
(Loading /usr/share/perl5/LaTeXML/Package/soul.sty.ltxml... 0.00 sec)
(Loading /usr/share/perl5/LaTeXML/Package/url.sty.ltxml... 0.00 sec)
(Loading /usr/share/perl5/LaTeXML/Package/hyperref.sty.ltxml...
(Loading /usr/share/perl5/LaTeXML/Package/ltxcmds.sty.ltxml...
(Processing definitions /usr/share/texlive/texmf-dist/tex/generic/ltxcmds/ltxcmds.sty... 0.05 sec) 0.05 sec)
(Loading /usr/share/perl5/LaTeXML/Package/keyval.sty.ltxml...
(Processing definitions /usr/share/texlive/texmf-dist/tex/latex/graphics/keyval.sty... 0.01 sec) 0.01 sec)
(Loading /usr/share/perl5/LaTeXML/Package/kvsetkeys.sty.ltxml...
(Processing definitions /usr/share/texlive/texmf-dist/tex/latex/kvsetkeys/kvsetkeys.sty... 0.03 sec) 0.04 sec)
(Loading /usr/share/perl5/LaTeXML/Package/kvdefinekeys.sty.ltxml...
(Processing definitions /usr/share/texlive/texmf-dist/tex/generic/kvdefinekeys/kvdefinekeys.sty... 0.01 sec) 0.01 sec)
(Loading /usr/share/perl5/LaTeXML/Package/kvoptions.sty.ltxml...
(Processing definitions /usr/share/texlive/texmf-dist/tex/latex/kvoptions/kvoptions.sty... 0.08 sec) 0.08 sec)
(Loading /usr/share/perl5/LaTeXML/Package/nameref.sty.ltxml...
(Loading /usr/share/perl5/LaTeXML/Package/refcount.sty.ltxml...
(Processing definitions /usr/share/texlive/texmf-dist/tex/latex/refcount/refcount.sty...
(Loading /usr/share/perl5/LaTeXML/Package/infwarerr.sty.ltxml...
(Processing definitions /usr/share/texlive/texmf-dist/tex/generic/infwarerr/infwarerr.sty... 0.02 sec) 0.03 sec) 0.06 sec) 0.06 sec)
(Loading /usr/share/perl5/LaTeXML/Package/gettitlestring.sty.ltxml...
(Processing definitions /usr/share/texlive/texmf-dist/tex/generic/gettitlestring/gettitlestring.sty... 0.05 sec) 0.06 sec) 0.13 sec)
(Loading /usr/share/perl5/LaTeXML/Package/bitset.sty.ltxml...
(Processing definitions /usr/share/texlive/texmf-dist/tex/generic/bitset/bitset.sty...
(Loading /usr/share/perl5/LaTeXML/Package/intcalc.sty.ltxml...
(Processing definitions /usr/share/texlive/texmf-dist/tex/generic/intcalc/intcalc.sty... 0.03 sec) 0.03 sec)
(Loading /usr/share/perl5/LaTeXML/Package/bigintcalc.sty.ltxml...
(Processing definitions /usr/share/texlive/texmf-dist/tex/generic/bigintcalc/bigintcalc.sty...
(Loading /usr/share/perl5/LaTeXML/Package/pdftexcmds.sty.ltxml...
(Loading /usr/share/perl5/LaTeXML/Package/iftex.sty.ltxml... 0.00 sec) 0.01 sec) 0.09 sec) 0.09 sec) 0.22 sec) 0.22 sec) 0.57 sec)
(Loading /usr/share/perl5/LaTeXML/Package/inputenc.sty.ltxml...
(Loading /usr/share/perl5/LaTeXML/Package/utf8.def.ltxml... 0.00 sec) 0.01 sec)
(Loading /usr/share/perl5/LaTeXML/Package/caption.sty.ltxml... 0.01 sec)
(Loading /usr/share/perl5/LaTeXML/Package/graphicx.sty.ltxml...
(Loading /usr/share/perl5/LaTeXML/Package/graphics.sty.ltxml... 0.00 sec) 0.02 sec)
(Loading /usr/share/perl5/LaTeXML/Package/amsthm.sty.ltxml... 0.01 sec)
(Loading /usr/share/perl5/LaTeXML/Package/booktabs.sty.ltxml... 0.00 sec)
(Loading /usr/share/perl5/LaTeXML/Package/algorithm.sty.ltxml...
Warning:missing_file:algorithm Can't find package algorithm
	at algorithm.sty.ltxml; line 20
	Anticipate undefined macros or environments
	search paths are /home/miri/Documents/DataLit/arXiv_src_fetcher/ICLR_2023_first100/-x5WuMO4APy
	In Core::Gullet[@0x5a39e12a05a8] /usr/share/perl5/LaTeXML/Package/algorithm.sty.ltxml; line 20
 0.01 sec)
(Loading /usr/share/perl5/LaTeXML/Package/algorithmic.sty.ltxml...
Warning:missing_file:algorithmic Can't find package algorithmic
	at algorithmic.sty.ltxml; line 26
	Anticipate undefined macros or environments
	In Core::Gullet[@0x5a39e12a05a8] /usr/share/perl5/LaTeXML/Package/algorithmic.sty.ltxml; line 26
 0.01 sec)
(Loading /usr/share/perl5/LaTeXML/Package/multirow.sty.ltxml... 0.00 sec)
(Loading /usr/share/perl5/LaTeXML/Package/xcolor.sty.ltxml...
(Loading /usr/share/perl5/LaTeXML/Package/color.sty.ltxml... 0.01 sec) 0.03 sec)
(Loading /usr/share/perl5/LaTeXML/Package/wrapfig.sty.ltxml... 0.00 sec)
(Loading /usr/share/perl5/LaTeXML/Package/amssymb.sty.ltxml... 0.01 sec)
(Loading /usr/share/perl5/LaTeXML/Package/subfigure.sty.ltxml... 0.01 sec)
(Loading /usr/share/perl5/LaTeXML/Package/ifsym.sty.ltxml...
Warning:missing_file:ifsym Can't find package ifsym
	at ifsym.sty.ltxml; line 18
	Anticipate undefined macros or environments
	In Core::Gullet[@0x5a39e12a05a8] /usr/share/perl5/LaTeXML/Package/ifsym.sty.ltxml; line 18
 0.01 sec)
(Processing content /home/miri/Documents/DataLit/arXiv_src_fetcher/ICLR_2023_first100/-x5WuMO4APy/Sections/1_intro.tex... 0.11 sec)
(Processing content /home/miri/Documents/DataLit/arXiv_src_fetcher/ICLR_2023_first100/-x5WuMO4APy/Sections/2_background.tex... 0.05 sec)
(Processing content /home/miri/Documents/DataLit/arXiv_src_fetcher/ICLR_2023_first100/-x5WuMO4APy/Sections/3_Iter.tex... 0.31 sec)
(Processing content /home/miri/Documents/DataLit/arXiv_src_fetcher/ICLR_2023_first100/-x5WuMO4APy/Sections/4_IterTTS.tex...
Error:undefined:{algorithm} The environment {algorithm} is not defined.
	at 4_IterTTS.tex; line 5 col 17 - line 5 col 17
	Next token is T_OTHER[[] ( == T_OTHER[[])
	In Core::Definition::Expandable[\begin {}] /usr/share/perl5/LaTeXML/Package/LaTeX.pool.ltxml; line 182
	 <= Core::Gullet[@0x5a39e12a05a8] <= Core::Stomach[@0x5a39e38e6638] <= ...
Error:unexpected:\caption Use of \caption outside any known float
	at 4_IterTTS.tex; line 7 col 12 - line 7 col 12
	In Core::Definition::Constructor[\@@gene... /usr/share/perl5/LaTeXML/Package/LaTeX.pool.ltxml; line 3392
	 <= Core::Stomach[@0x5a39e38e6638] <= ...
Error:undefined:\lx@orig@algorithmic The token T_CS[\lx@orig@algorithmic] is not defined.
	at 4_IterTTS.tex; line 8 col 23 - line 8 col 23
	Defining it now as <ltx:ERROR/>
	Next token is T_OTHER[[] ( == T_OTHER[[])
	In Core::Gullet[@0x5a39e12a05a8] /home/miri/Documents/DataLit/arXiv_src_fetcher/ICLR_2023_first100/-x5WuMO4APy/Sections/4_IterTTS.tex; from line 8 col 24 to line 8 col 24
	 <= Core::Stomach[@0x5a39e38e6638] <= ...
Error:undefined:\STATE The token T_CS[\STATE] is not defined.
	at 4_IterTTS.tex; line 9 col 11 - line 9 col 11
	Defining it now as <ltx:ERROR/>
	Next token is T_CS[\textbf] ( == Core::Definition::Expandable[\textbf {}])
	In Core::Gullet[@0x5a39e12a05a8] /home/miri/Documents/DataLit/arXiv_src_fetcher/ICLR_2023_first100/-x5WuMO4APy/Sections/4_IterTTS.tex; from line 9 col 19 to line 9 col 19
	 <= Core::Stomach[@0x5a39e38e6638] <= ...
Error:undefined:\REPEAT The token T_CS[\REPEAT] is not defined.
	at 4_IterTTS.tex; line 10 col 0 - line 10 col 11
	Defining it now as <ltx:ERROR/>
	Next token is T_CS[\STATE] ( == Core::Definition::Constructor[\STATE])
	In Core::Gullet[@0x5a39e12a05a8] /home/miri/Documents/DataLit/arXiv_src_fetcher/ICLR_2023_first100/-x5WuMO4APy/Sections/4_IterTTS.tex; from line 11 col 10 to line 11 col 10
	 <= Core::Stomach[@0x5a39e38e6638] <= ...
Error:undefined:\UNTIL The token T_CS[\UNTIL] is not defined.
	at 4_IterTTS.tex; line 14 col 10 - line 14 col 10
	Defining it now as <ltx:ERROR/>
	Next token is T_BEGIN[{] ( == T_BEGIN[{])
	In Core::Gullet[@0x5a39e12a05a8] /home/miri/Documents/DataLit/arXiv_src_fetcher/ICLR_2023_first100/-x5WuMO4APy/Sections/4_IterTTS.tex; from line 14 col 11 to line 14 col 11
	 <= Core::Stomach[@0x5a39e38e6638] <= ...
Error:unexpected:\caption Use of \caption outside any known float
	at 4_IterTTS.tex; line 22 col 16 - line 22 col 16
	In Core::Definition::Constructor[\@@gene... /usr/share/perl5/LaTeXML/Package/LaTeX.pool.ltxml; line 3392
	 <= Core::Stomach[@0x5a39e38e6638] <= ...
Error:unexpected:\caption Use of \caption outside any known float
	at 4_IterTTS.tex; line 36 col 12 - line 36 col 12
	In Core::Definition::Constructor[\@@gene... /usr/share/perl5/LaTeXML/Package/LaTeX.pool.ltxml; line 3392
	 <= Core::Stomach[@0x5a39e38e6638] <= ...
Error:undefined:\FOR The token T_CS[\FOR] is not defined.
	at 4_IterTTS.tex; line 41 col 8 - line 41 col 8
	Defining it now as <ltx:ERROR/>
	Next token is T_BEGIN[{] ( == T_BEGIN[{])
	In Core::Gullet[@0x5a39e12a05a8] /home/miri/Documents/DataLit/arXiv_src_fetcher/ICLR_2023_first100/-x5WuMO4APy/Sections/4_IterTTS.tex; from line 41 col 9 to line 41 col 9
	 <= Core::Stomach[@0x5a39e38e6638] <= ...
Error:undefined:\ENDFOR The token T_CS[\ENDFOR] is not defined.
	at 4_IterTTS.tex; line 43 col 0 - line 43 col 11
	Defining it now as <ltx:ERROR/>
	Next token is T_CS[\RETURN] ( == undef)
	In Core::Gullet[@0x5a39e12a05a8] /home/miri/Documents/DataLit/arXiv_src_fetcher/ICLR_2023_first100/-x5WuMO4APy/Sections/4_IterTTS.tex; from line 44 col 11 to line 44 col 11
	 <= Core::Stomach[@0x5a39e38e6638] <= ...
Error:undefined:\RETURN The token T_CS[\RETURN] is not defined.
	at 4_IterTTS.tex; line 44 col 11 - line 44 col 11
	Defining it now as <ltx:ERROR/>
	Next token is T_MATH[$] ( == T_MATH[$])
	In Core::Gullet[@0x5a39e12a05a8] /home/miri/Documents/DataLit/arXiv_src_fetcher/ICLR_2023_first100/-x5WuMO4APy/Sections/4_IterTTS.tex; from line 44 col 13 to line 44 col 13
	 <= Core::Stomach[@0x5a39e38e6638] <= ...
 0.13 sec)
(Processing content /home/miri/Documents/DataLit/arXiv_src_fetcher/ICLR_2023_first100/-x5WuMO4APy/Sections/6_related.tex... 0.09 sec)
(Processing content /home/miri/Documents/DataLit/arXiv_src_fetcher/ICLR_2023_first100/-x5WuMO4APy/Sections/5_exp.tex... 0.49 sec)
(Processing content /home/miri/Documents/DataLit/arXiv_src_fetcher/ICLR_2023_first100/-x5WuMO4APy/Sections/7_con.tex... 0.03 sec)
(Processing content /home/miri/Documents/DataLit/arXiv_src_fetcher/ICLR_2023_first100/-x5WuMO4APy/Sections/8_appendix.tex...
Error:unexpected:\caption Use of \caption outside any known float
	at 8_appendix.tex; line 174 col 12 - line 174 col 12
	In Core::Definition::Constructor[\@@gene... /usr/share/perl5/LaTeXML/Package/LaTeX.pool.ltxml; line 3392
	 <= Core::Stomach[@0x5a39e38e6638] <= ...
Error:undefined:\IF The token T_CS[\IF] is not defined.
	at 8_appendix.tex; line 181 col 7 - line 181 col 7
	Defining it now as <ltx:ERROR/>
	Next token is T_BEGIN[{] ( == T_BEGIN[{])
	In Core::Gullet[@0x5a39e12a05a8] /home/miri/Documents/DataLit/arXiv_src_fetcher/ICLR_2023_first100/-x5WuMO4APy/Sections/8_appendix.tex; from line 181 col 8 to line 181 col 8
	 <= Core::Stomach[@0x5a39e38e6638] <= ...
Error:undefined:\ENDIF The token T_CS[\ENDIF] is not defined.
	at 8_appendix.tex; line 183 col 0 - line 183 col 10
	Defining it now as <ltx:ERROR/>
	Next token is T_CS[\ENDFOR] ( == Core::Definition::Constructor[\ENDFOR])
	In Core::Gullet[@0x5a39e12a05a8] /home/miri/Documents/DataLit/arXiv_src_fetcher/ICLR_2023_first100/-x5WuMO4APy/Sections/8_appendix.tex; from line 184 col 0 to line 184 col 11
	 <= Core::Stomach[@0x5a39e38e6638] <= ...
Error:unexpected:\caption Use of \caption outside any known float
	at 8_appendix.tex; line 259 col 12 - line 259 col 12
	In Core::Definition::Constructor[\@@gene... /usr/share/perl5/LaTeXML/Package/LaTeX.pool.ltxml; line 3392
	 <= Core::Stomach[@0x5a39e38e6638] <= ...
Error:unexpected:\caption Use of \caption outside any known float
	at 8_appendix.tex; line 275 col 16 - line 275 col 16
	In Core::Definition::Constructor[\@@gene... /usr/share/perl5/LaTeXML/Package/LaTeX.pool.ltxml; line 3392
	 <= Core::Stomach[@0x5a39e38e6638] <= ...
 0.71 sec) 3.07 sec) 3.17 sec)
(Building...
(Loading compiled schema /usr/share/perl5/LaTeXML/resources/RelaxNG/LaTeXML.model... 0.01 sec) 2.16 sec)
(Rewriting... 0.04 sec)
(Math Parsing 243 formulae ......
Warning:not_parsed:UNKNOWN.POSTSUBSCRIPT>RELOP MathParser failed to match rule 'Anything'
	at 3_Iter.tex; line 29 col 3 - line 29 col 3
	In "$\displaystyle{\bm{e}}_{t}=\left[\sin\left(10^{\frac{0\times 4}{63}}t\right),%
	\cdots,\sin\left(10^{\frac{63\times 4}{63}}t\right),\right.\@@ENDINLINEMATH"
	e[[UNKNOWN]] _{t}[[POSTSUBSCRIPT]]
	        > =[[RELOP]] \left[[[OPEN]] sin[[TRIGFUNCTION]] \left([[OPEN]] 10[[NUMBER]] ^{\frac{0\times4}{63}}[[POSTSUPERSCRIPT]] t[[UNKNOWN]] \right)[[CLOSE]] ,[[PUNCT]] ⋯[[ID]] ,[[PUNCT]] sin[[TRIGFUNCTION]] \left([[OPEN]] 10[[NUMBER]] ^{\frac{63\times4}{63}}[[POSTSUPERSCRIPT]] t[[UNKNOWN]] \right)[[CLOSE]]
Warning:not_parsed:>OPEN MathParser failed to match rule 'Anything'
	at 3_Iter.tex; line 29 col 13 - line 29 col 127
	In "$\displaystyle\left[\sin\left(10^{\frac{0\times 4}{63}}t\right),\cdots,\sin%
	\left(10^{\frac{63\times 4}{63}}t\right),\right.$"
	> \left[[[OPEN]] sin[[TRIGFUNCTION]] \left([[OPEN]] 10[[NUMBER]] ^{\frac{0\times4}{63}}[[POSTSUPERSCRIPT]] t[[UNKNOWN]] \right)[[CLOSE]] ,[[PUNCT]] ⋯[[ID]] ,[[PUNCT]] sin[[TRIGFUNCTION]] \left([[OPEN]] 10[[NUMBER]] ^{\frac{63\times4}{63}}[[POSTSUPERSCRIPT]] t[[UNKNOWN]] \right)[[CLOSE]]
Warning:not_parsed:POSTSUPERSCRIPT.UNKNOWN.CLOSE>CLOSE MathParser failed to match rule 'Anything'
	at 3_Iter.tex; line 30 col 3 - line 30 col 3
	In "$\displaystyle\,\,\left.\cos\left(10^{\frac{0\times 4}{63}}t\right),\cdots,%
	\cos\left(10^{\frac{63\times 4}{63}}t\right)\right],\@@ENDINLINEMATH"
	cos[[TRIGFUNCTION]] \left([[OPEN]] 10[[NUMBER]] ^{\frac{0\times4}{63}}[[POSTSUPERSCRIPT]] t[[UNKNOWN]] \right)[[CLOSE]] ,[[PUNCT]] ⋯[[ID]] ,[[PUNCT]] cos[[TRIGFUNCTION]] \left([[OPEN]] 10[[NUMBER]] ^{\frac{63\times4}{63}}[[POSTSUPERSCRIPT]] t[[UNKNOWN]] \right)[[CLOSE]]
	        > \right][[CLOSE]]
Warning:not_parsed:POSTSUPERSCRIPT.UNKNOWN.CLOSE>CLOSE MathParser failed to match rule 'Anything'
	at 3_Iter.tex; line 30 col 3 - line 31 col 12
	In "$\displaystyle\,\,\left.\cos\left(10^{\frac{0\times 4}{63}}t\right),\cdots,%
	\cos\left(10^{\frac{63\times 4}{63}}t\right)\right],$"
	cos[[TRIGFUNCTION]] \left([[OPEN]] 10[[NUMBER]] ^{\frac{0\times4}{63}}[[POSTSUPERSCRIPT]] t[[UNKNOWN]] \right)[[CLOSE]] ,[[PUNCT]] ⋯[[ID]] ,[[PUNCT]] cos[[TRIGFUNCTION]] \left([[OPEN]] 10[[NUMBER]] ^{\frac{63\times4}{63}}[[POSTSUPERSCRIPT]] t[[UNKNOWN]] \right)[[CLOSE]]
	        > \right][[CLOSE]]
Warning:not_parsed:ADDOP.UNKNOWN.POSTSUBSCRIPT>OPEN MathParser failed to match rule 'Anything'
	at 4_IterTTS.tex; line 13 col 49 - line 13 col 135
	In "$\nabla_{\theta}\left\|{\bm{\epsilon}}-{\bm{\epsilon}}_{\theta}\left({\bm{x}}_%
	{t}|c,t\right)\right\|_{2}^{2}$"
	∇[[OPERATOR]] _{\theta}[[POSTSUBSCRIPT]] \left\|[[VERTBAR]] ϵ[[UNKNOWN]] -[[ADDOP]] ϵ[[UNKNOWN]] _{\theta}[[POSTSUBSCRIPT]]
	        > \left([[OPEN]] x[[UNKNOWN]] _{t}[[POSTSUBSCRIPT]] |[[VERTBAR]] c[[UNKNOWN]] ,[[PUNCT]] t[[UNKNOWN]] \right)[[CLOSE]] \right\|[[VERTBAR]] _{2}[[POSTSUBSCRIPT]] ^{2}[[POSTSUPERSCRIPT]]
 2.17 sec)
Math parsing succeeded:
   ltx:XMArg: 446/446
   ltx:XMath: 238/243
Symbols assumed as simple identifiers (with # of occurences):
   'C{italic}' (2), 'F{bold italic}' (5), 'G{bold italic}' (5), 'I{bold italic}' (5), 'I{italic}' (5), 'L{caligraphic}' (3), 'L{italic}' (4), 'M{italic}' (1), 'N{caligraphic}' (10), 'N{italic}' (4), 'R{blackboard}' (5), 'T{italic}' (18), 'Unif' (3), 'alpha' (34), 'a{italic}' (14), 'beta' (23), 'c{italic}' (7), 'delta' (4), 'd{italic}' (9), 'epsilon' (28), 'e{bold italic}' (5), 'e{italic}' (8), 'i{italic}' (4), 'l{italic}' (14), 'mu' (2), 'phi' (2), 'p{italic}' (17), 'q{italic}' (14), 'r{italic}' (1), 'sigma' (4), 'tau' (4), 't{italic}' (86), 'x{bold italic}' (93), 'x{bold}' (7), 'x{italic}' (16), 'z{bold italic}' (8)
Set MATHPARSER_SPECULATE to speculate on possible notations.
(Finalizing... 0.19 sec)
Conversion complete: 8 warnings; 16 errors; 10 undefined macros[\STATE, {algorithm}, \ENDIF, \ENDFOR, \RETURN, \lx@orig@algorithmic, \REPEAT, \FOR, \IF, \UNTIL]; 3 missing files[algorithm.sty, ifsym.sty, algorithmic.sty] (See parsed.log) (reqd. 7.94s)
