\BOOKMARK [1][-]{section.1}{Introduction}{}% 1
\BOOKMARK [1][-]{section.2}{Preliminaries}{}% 2
\BOOKMARK [2][-]{subsection.2.1}{Background}{section.2}% 3
\BOOKMARK [2][-]{subsection.2.2}{Categorization Of Federated Learning Models}{section.2}% 4
\BOOKMARK [2][-]{subsection.2.3}{Class Imbalance In Federated Learning}{section.2}% 5
\BOOKMARK [1][-]{section.3}{Class Distribution Estimation}{}% 6
\BOOKMARK [2][-]{subsection.3.1}{Distribution Derivation Based on Local Distribution}{section.3}% 7
\BOOKMARK [2][-]{subsection.3.2}{Distribution Estimation Based On Model Parameters}{section.3}% 8
\BOOKMARK [2][-]{subsection.3.3}{Cluster}{section.3}% 9
\BOOKMARK [2][-]{subsection.3.4}{Bottom-up Class Distribution Estimation}{section.3}% 10
\BOOKMARK [1][-]{section.4}{Classification with Class Imbalance in Federated Learning}{}% 11
\BOOKMARK [2][-]{subsection.4.1}{Sampling Techniques}{section.4}% 12
\BOOKMARK [3][-]{subsubsection.4.1.1}{Data Sampling}{subsection.4.1}% 13
\BOOKMARK [3][-]{subsubsection.4.1.2}{Client Sampling}{subsection.4.1}% 14
\BOOKMARK [3][-]{subsubsection.4.1.3}{Hybrid Data and Client Sampling}{subsection.4.1}% 15
\BOOKMARK [2][-]{subsection.4.2}{Algorithm-Centered Techniques}{section.4}% 16
\BOOKMARK [3][-]{subsubsection.4.2.1}{Cost-Sensitive Learning}{subsection.4.2}% 17
\BOOKMARK [3][-]{subsubsection.4.2.2}{Algorithmic Classifier Modification}{subsection.4.2}% 18
\BOOKMARK [2][-]{subsection.4.3}{System-Centered Techniques}{section.4}% 19
\BOOKMARK [3][-]{subsubsection.4.3.1}{Aggregation Method}{subsection.4.3}% 20
\BOOKMARK [3][-]{subsubsection.4.3.2}{Personalization Method}{subsection.4.3}% 21
\BOOKMARK [3][-]{subsubsection.4.3.3}{System Modification Method}{subsection.4.3}% 22
\BOOKMARK [3][-]{subsubsection.4.3.4}{Meta Learning Method}{subsection.4.3}% 23
\BOOKMARK [2][-]{subsection.4.4}{Comparative Analysis}{section.4}% 24
\BOOKMARK [1][-]{section.5}{Federated Learning Performance Evaluation}{}% 25
\BOOKMARK [2][-]{subsection.5.1}{Model Evaluation Metrics for Classification Performance}{section.5}% 26
\BOOKMARK [2][-]{subsection.5.2}{Classification Performance Evaluation of Federated Learning Model with Class Imbalance}{section.5}% 27
\BOOKMARK [1][-]{section.6}{Challenges And Future Directions}{}% 28
\BOOKMARK [1][-]{section.7}{Conclusion}{}% 29
\BOOKMARK [1][-]{section*.2}{References}{}% 30
\BOOKMARK [1][-]{IEEEbiography.0}{Biographies}{}% 31
\BOOKMARK [2][-]{IEEEbiography.1}{Zhang Jing}{IEEEbiography.0}% 32
\BOOKMARK [2][-]{IEEEbiography.2}{Li Chuanwen}{IEEEbiography.0}% 33
\BOOKMARK [2][-]{IEEEbiography.3}{Jianzhong Qi}{IEEEbiography.0}% 34
\BOOKMARK [2][-]{IEEEbiography.4}{Jiayuan He}{IEEEbiography.0}% 35
