latexml (LaTeXML version 0.8.8) processing icml2023_conference.tex
(Digesting TeX icml2023_conference...
(Loading /usr/share/perl5/LaTeXML/Package/TeX.pool.ltxml...
(Loading /usr/share/perl5/LaTeXML/Package/eTeX.pool.ltxml... 0.00 sec)
(Loading /usr/share/perl5/LaTeXML/Package/pdfTeX.pool.ltxml... 0.01 sec) 0.11 sec)
(Processing content /home/miri/Documents/university/DataLit/arXiv_src_fetcher/ICLR_2023_first100/-SKvXtXPCaJ/icml2023_conference.tex...
(Loading /usr/share/perl5/LaTeXML/Package/LaTeX.pool.ltxml...
(Loading /usr/share/perl5/LaTeXML/Package/textcomp.sty.ltxml...
(Processing definitions /usr/share/texlive/texmf-dist/tex/latex/base/ts1enc.dfu... 0.01 sec) 0.26 sec) 0.44 sec)
(Loading /usr/share/perl5/LaTeXML/Package/article.cls.ltxml... 0.01 sec)
(Loading /usr/share/perl5/LaTeXML/Package/microtype.sty.ltxml... 0.00 sec)
(Loading /usr/share/perl5/LaTeXML/Package/graphicx.sty.ltxml...
(Loading /usr/share/perl5/LaTeXML/Package/graphics.sty.ltxml... 0.00 sec) 0.02 sec)
(Loading /usr/share/perl5/LaTeXML/Package/booktabs.sty.ltxml... 0.00 sec)
(Loading /usr/share/perl5/LaTeXML/Package/hyperref.sty.ltxml...
(Loading /usr/share/perl5/LaTeXML/Package/ltxcmds.sty.ltxml...
(Processing definitions /usr/share/texlive/texmf-dist/tex/generic/ltxcmds/ltxcmds.sty... 0.07 sec) 0.07 sec)
(Loading /usr/share/perl5/LaTeXML/Package/keyval.sty.ltxml...
(Processing definitions /usr/share/texlive/texmf-dist/tex/latex/graphics/keyval.sty... 0.01 sec) 0.01 sec)
(Loading /usr/share/perl5/LaTeXML/Package/kvsetkeys.sty.ltxml...
(Processing definitions /usr/share/texlive/texmf-dist/tex/latex/kvsetkeys/kvsetkeys.sty... 0.05 sec) 0.05 sec)
(Loading /usr/share/perl5/LaTeXML/Package/kvdefinekeys.sty.ltxml...
(Processing definitions /usr/share/texlive/texmf-dist/tex/generic/kvdefinekeys/kvdefinekeys.sty... 0.02 sec) 0.02 sec)
(Loading /usr/share/perl5/LaTeXML/Package/kvoptions.sty.ltxml...
(Processing definitions /usr/share/texlive/texmf-dist/tex/latex/kvoptions/kvoptions.sty... 0.12 sec) 0.12 sec)
(Loading /usr/share/perl5/LaTeXML/Package/nameref.sty.ltxml...
(Loading /usr/share/perl5/LaTeXML/Package/refcount.sty.ltxml...
(Processing definitions /usr/share/texlive/texmf-dist/tex/latex/refcount/refcount.sty...
(Loading /usr/share/perl5/LaTeXML/Package/infwarerr.sty.ltxml...
(Processing definitions /usr/share/texlive/texmf-dist/tex/generic/infwarerr/infwarerr.sty... 0.03 sec) 0.04 sec) 0.09 sec) 0.09 sec)
(Loading /usr/share/perl5/LaTeXML/Package/gettitlestring.sty.ltxml...
(Processing definitions /usr/share/texlive/texmf-dist/tex/generic/gettitlestring/gettitlestring.sty... 0.11 sec) 0.11 sec) 0.22 sec)
(Loading /usr/share/perl5/LaTeXML/Package/url.sty.ltxml... 0.00 sec)
(Loading /usr/share/perl5/LaTeXML/Package/bitset.sty.ltxml...
(Processing definitions /usr/share/texlive/texmf-dist/tex/generic/bitset/bitset.sty...
(Loading /usr/share/perl5/LaTeXML/Package/intcalc.sty.ltxml...
(Processing definitions /usr/share/texlive/texmf-dist/tex/generic/intcalc/intcalc.sty... 0.05 sec) 0.05 sec)
(Loading /usr/share/perl5/LaTeXML/Package/bigintcalc.sty.ltxml...
(Processing definitions /usr/share/texlive/texmf-dist/tex/generic/bigintcalc/bigintcalc.sty...
(Loading /usr/share/perl5/LaTeXML/Package/pdftexcmds.sty.ltxml...
(Loading /usr/share/perl5/LaTeXML/Package/iftex.sty.ltxml... 0.00 sec) 0.01 sec) 0.13 sec) 0.14 sec) 0.33 sec) 0.33 sec) 0.89 sec)
Info:fallback:icml2023.sty Interpreted 2023 as a versioned package/class name, falling back to generic icml.sty
	at icml2023_conference.tex; line 15 col 0 - line 15 col 1
(Loading /usr/share/perl5/LaTeXML/Package/icml.sty.ltxml...
(Loading /usr/share/perl5/LaTeXML/Package/icml_support.sty.ltxml...
(Loading /usr/share/perl5/LaTeXML/Package/times.sty.ltxml... 0.00 sec)
(Loading /usr/share/perl5/LaTeXML/Package/fancyhdr.sty.ltxml... 0.00 sec)
(Loading /usr/share/perl5/LaTeXML/Package/color.sty.ltxml... 0.01 sec)
(Loading /usr/share/perl5/LaTeXML/Package/algorithm.sty.ltxml...
(Processing definitions /home/miri/Documents/university/DataLit/arXiv_src_fetcher/ICLR_2023_first100/-SKvXtXPCaJ/algorithm.sty...
Document Style `algorithm' - floating environment
(Loading /usr/share/perl5/LaTeXML/Package/float.sty.ltxml... 0.00 sec)
(Loading /usr/share/perl5/LaTeXML/Package/ifthen.sty.ltxml...
(Processing definitions /usr/share/texlive/texmf-dist/tex/latex/base/ifthen.sty... 0.01 sec) 0.02 sec) 0.05 sec) 0.05 sec)
(Loading /usr/share/perl5/LaTeXML/Package/algorithmic.sty.ltxml...
(Processing definitions /home/miri/Documents/university/DataLit/arXiv_src_fetcher/ICLR_2023_first100/-SKvXtXPCaJ/algorithmic.sty...
Document Style `algorithmic' - environment
(Loading /usr/share/perl5/LaTeXML/Package/calc.sty.ltxml... 0.00 sec) 0.04 sec) 0.04 sec)
(Loading /usr/share/perl5/LaTeXML/Package/natbib.sty.ltxml... 0.02 sec) 0.15 sec) 0.15 sec)
(Loading /usr/share/perl5/LaTeXML/Package/amsmath.sty.ltxml...
(Loading /usr/share/perl5/LaTeXML/Package/amsbsy.sty.ltxml...
(Loading /usr/share/perl5/LaTeXML/Package/amsgen.sty.ltxml... 0.01 sec) 0.01 sec)
(Loading /usr/share/perl5/LaTeXML/Package/amstext.sty.ltxml... 0.01 sec)
(Loading /usr/share/perl5/LaTeXML/Package/amsopn.sty.ltxml... 0.01 sec) 0.06 sec)
(Loading /usr/share/perl5/LaTeXML/Package/amssymb.sty.ltxml...
(Loading /usr/share/perl5/LaTeXML/Package/amsfonts.sty.ltxml... 0.00 sec) 0.02 sec)
(Loading /usr/share/perl5/LaTeXML/Package/mathtools.sty.ltxml... 0.03 sec)
(Loading /usr/share/perl5/LaTeXML/Package/amsthm.sty.ltxml... 0.01 sec)
(Loading /usr/share/perl5/LaTeXML/Package/cleveref.sty.ltxml...
(Processing definitions /usr/share/texlive/texmf-dist/tex/latex/cleveref/cleveref.sty...
Info:latex:(cleveref)  Package cleveref Info: `hyperref' support loaded        
	at cleveref.sty; line 2370 col 1 - line 2370 col 1
Info:latex:(cleveref)  Package cleveref Info: `amsthm' support loaded        
	at cleveref.sty; line 3026 col 3 - line 3026 col 3
Info:latex:(cleveref)  Package cleveref Info: always capitalise cross-reference names        
	at cleveref.sty; line 7852 col 22 - line 7852 col 22
Info:latex:(cleveref)  Package cleveref Info: no abbreviation of names        
	at cleveref.sty; line 7852 col 22 - line 7852 col 22
 1.11 sec) 1.12 sec)
(Loading /usr/share/perl5/LaTeXML/Package/nicefrac.sty.ltxml... 0.01 sec)
(Loading /usr/share/perl5/LaTeXML/Package/xcolor.sty.ltxml... 0.04 sec)
Warning:missing_file:calligra Can't find binding for package calligra
	at icml2023_conference.tex; line 30 col 11 - line 30 col 11
	Anticipate undefined macros or environments
	search paths are /home/miri/Documents/university/DataLit/arXiv_src_fetcher/ICLR_2023_first100/-SKvXtXPCaJ
	In Core::Definition::Constructor[\usepac... /usr/share/perl5/LaTeXML/Package/LaTeX.pool.ltxml; line 879
(Loading /usr/share/perl5/LaTeXML/Package/fontenc.sty.ltxml...
(Loading /usr/share/perl5/LaTeXML/Package/t1enc.def.ltxml...
(Processing definitions /usr/share/texlive/texmf-dist/tex/latex/base/t1enc.def...
(Processing definitions /usr/share/texlive/texmf-dist/tex/latex/base/t1enc.dfu... 0.05 sec)
(Loading /usr/share/perl5/LaTeXML/Package/t1.fontmap.ltxml... 0.00 sec) 0.09 sec) 0.09 sec) 0.10 sec)
(Loading /usr/share/perl5/LaTeXML/Package/subcaption.sty.ltxml...
(Loading /usr/share/perl5/LaTeXML/Package/caption.sty.ltxml... 0.01 sec) 0.02 sec)
(Loading /usr/share/perl5/LaTeXML/Package/multirow.sty.ltxml... 0.00 sec)
(Loading /usr/share/perl5/LaTeXML/Package/ulem.sty.ltxml... 0.00 sec)
(Loading /usr/share/perl5/LaTeXML/Package/sidecap.sty.ltxml... 0.01 sec)
Error:undefined:\sidecaptionvpos The token T_CS[\sidecaptionvpos] is not defined.
	at icml2023_conference.tex; line 35 col 16 - line 35 col 16
	Defining it now as <ltx:ERROR/>
	Next token is T_BEGIN[{] ( == T_BEGIN[{])
	In Core::Gullet[@0x6199b6a3ebb8] /home/miri/Documents/university/DataLit/arXiv_src_fetcher/ICLR_2023_first100/-SKvXtXPCaJ/icml2023_conference.tex; from line 35 col 17 to line 35 col 17
	 <= Core::Stomach[@0x6199b6a3ecd8] <= ...
Warning:missing_file:selectp Can't find binding for package selectp
	at icml2023_conference.tex; line 38 col 0 - line 38 col 1
	Anticipate undefined macros or environments
	In Core::Definition::Constructor[\usepac... /usr/share/perl5/LaTeXML/Package/LaTeX.pool.ltxml; line 879
(Loading /usr/share/perl5/LaTeXML/Package/todonotes.sty.ltxml...
(Loading /usr/share/perl5/LaTeXML/Package/xkeyval.sty.ltxml... 0.01 sec)
(Loading /usr/share/perl5/LaTeXML/Package/tikz.sty.ltxml...
(Processing definitions /usr/share/texlive/texmf-dist/tex/latex/pgf/frontendlayer/tikz.sty...
(Loading /usr/share/perl5/LaTeXML/Package/pgf.sty.ltxml...
(Processing definitions /usr/share/texlive/texmf-dist/tex/latex/pgf/basiclayer/pgf.sty...
(Processing definitions /usr/share/texlive/texmf-dist/tex/latex/pgf/utilities/pgfrcs.sty...
(Loading /usr/share/perl5/LaTeXML/Package/pgfutil-common.tex.ltxml...
(Processing definitions /usr/share/texlive/texmf-dist/tex/generic/pgf/utilities/pgfutil-common.tex... 0.08 sec) 0.08 sec)
(Processing definitions /usr/share/texlive/texmf-dist/tex/generic/pgf/utilities/pgfutil-latex.def...
(Processing definitions /usr/share/texlive/texmf-dist/tex/latex/everyshi/everyshi.sty...
(Processing definitions /usr/share/texlive/texmf-dist/tex/latex/everyshi/everyshi-2001-05-15.sty... 0.01 sec) 0.04 sec) 0.07 sec)
(Processing definitions /usr/share/texlive/texmf-dist/tex/generic/pgf/utilities/pgfrcs.code.tex...
(Processing definitions /usr/share/texlive/texmf-dist/tex/generic/pgf/pgf.revision.tex... 0.00 sec) 0.02 sec) 0.20 sec)
(Processing definitions /usr/share/texlive/texmf-dist/tex/latex/pgf/basiclayer/pgfcore.sty...
(Processing definitions /usr/share/texlive/texmf-dist/tex/latex/pgf/systemlayer/pgfsys.sty...
(Processing definitions /usr/share/texlive/texmf-dist/tex/generic/pgf/systemlayer/pgfsys.code.tex...
(Loading /usr/share/perl5/LaTeXML/Package/pgfkeys.code.tex.ltxml...
(Processing definitions /usr/share/texlive/texmf-dist/tex/generic/pgf/utilities/pgfkeys.code.tex...
(Processing definitions /usr/share/texlive/texmf-dist/tex/generic/pgf/utilities/pgfkeyslibraryfiltered.code.tex... 0.27 sec) 0.76 sec) 0.76 sec)
(Processing definitions /usr/share/texlive/texmf-dist/tex/generic/pgf/systemlayer/pgf.cfg... 0.00 sec)
Driver file for pgf: pgfsys-latexml.def
(Loading /usr/share/perl5/LaTeXML/Package/pgfsys-latexml.def.ltxml... 0.02 sec) 0.99 sec)
(Processing definitions /usr/share/texlive/texmf-dist/tex/generic/pgf/systemlayer/pgfsyssoftpath.code.tex... 0.02 sec)
(Processing definitions /usr/share/texlive/texmf-dist/tex/generic/pgf/systemlayer/pgfsysprotocol.code.tex... 0.00 sec) 1.03 sec)
(Processing definitions /usr/share/texlive/texmf-dist/tex/generic/pgf/basiclayer/pgfcore.code.tex...
(Loading /usr/share/perl5/LaTeXML/Package/pgfmath.code.tex.ltxml...
(Processing definitions /usr/share/texlive/texmf-dist/tex/generic/pgf/math/pgfmath.code.tex...
(Processing definitions /usr/share/texlive/texmf-dist/tex/generic/pgf/math/pgfmathutil.code.tex... 0.05 sec)
(Processing definitions /usr/share/texlive/texmf-dist/tex/generic/pgf/math/pgfmathparser.code.tex... 0.18 sec)
(Processing definitions /usr/share/texlive/texmf-dist/tex/generic/pgf/math/pgfmathfunctions.code.tex... 0.11 sec)
(Processing definitions /usr/share/texlive/texmf-dist/tex/generic/pgf/math/pgfmathfunctions.basic.code.tex... 0.21 sec)
(Processing definitions /usr/share/texlive/texmf-dist/tex/generic/pgf/math/pgfmathfunctions.trigonometric.code.tex... 0.76 sec)
(Processing definitions /usr/share/texlive/texmf-dist/tex/generic/pgf/math/pgfmathfunctions.random.code.tex... 0.03 sec)
(Processing definitions /usr/share/texlive/texmf-dist/tex/generic/pgf/math/pgfmathfunctions.comparison.code.tex... 0.15 sec)
(Processing definitions /usr/share/texlive/texmf-dist/tex/generic/pgf/math/pgfmathfunctions.base.code.tex... 0.07 sec)
(Processing definitions /usr/share/texlive/texmf-dist/tex/generic/pgf/math/pgfmathfunctions.round.code.tex... 0.04 sec)
(Processing definitions /usr/share/texlive/texmf-dist/tex/generic/pgf/math/pgfmathfunctions.misc.code.tex... 0.10 sec)
(Processing definitions /usr/share/texlive/texmf-dist/tex/generic/pgf/math/pgfmathfunctions.integerarithmetics.code.tex... 0.03 sec)
(Loading /usr/share/perl5/LaTeXML/Package/pgfmathcalc.code.tex.ltxml...
(Processing definitions /usr/share/texlive/texmf-dist/tex/generic/pgf/math/pgfmathcalc.code.tex... 0.03 sec) 0.03 sec)
(Processing definitions /usr/share/texlive/texmf-dist/tex/generic/pgf/math/pgfmathfloat.code.tex... 1.08 sec) 2.85 sec) 2.87 sec)
(Processing definitions /usr/share/texlive/texmf-dist/tex/generic/pgf/math/pgfint.code.tex... 0.01 sec)
(Processing definitions /usr/share/texlive/texmf-dist/tex/generic/pgf/basiclayer/pgfcorepoints.code.tex... 0.10 sec)
(Processing definitions /usr/share/texlive/texmf-dist/tex/generic/pgf/basiclayer/pgfcorepathconstruct.code.tex... 0.12 sec)
(Processing definitions /usr/share/texlive/texmf-dist/tex/generic/pgf/basiclayer/pgfcorepathusage.code.tex... 0.17 sec)
(Processing definitions /usr/share/texlive/texmf-dist/tex/generic/pgf/basiclayer/pgfcorescopes.code.tex... 0.18 sec)
(Processing definitions /usr/share/texlive/texmf-dist/tex/generic/pgf/basiclayer/pgfcoregraphicstate.code.tex... 0.02 sec)
(Processing definitions /usr/share/texlive/texmf-dist/tex/generic/pgf/basiclayer/pgfcoretransformations.code.tex... 0.05 sec)
(Processing definitions /usr/share/texlive/texmf-dist/tex/generic/pgf/basiclayer/pgfcorequick.code.tex... 0.01 sec)
(Processing definitions /usr/share/texlive/texmf-dist/tex/generic/pgf/basiclayer/pgfcoreobjects.code.tex... 0.01 sec)
(Processing definitions /usr/share/texlive/texmf-dist/tex/generic/pgf/basiclayer/pgfcorepathprocessing.code.tex... 0.04 sec)
(Processing definitions /usr/share/texlive/texmf-dist/tex/generic/pgf/basiclayer/pgfcorearrows.code.tex... 1.17 sec)
(Processing definitions /usr/share/texlive/texmf-dist/tex/generic/pgf/basiclayer/pgfcoreshade.code.tex... 0.08 sec)
(Processing definitions /usr/share/texlive/texmf-dist/tex/generic/pgf/basiclayer/pgfcoreimage.code.tex... 0.12 sec)
(Processing definitions /usr/share/texlive/texmf-dist/tex/generic/pgf/basiclayer/pgfcoreexternal.code.tex... 0.11 sec)
(Processing definitions /usr/share/texlive/texmf-dist/tex/generic/pgf/basiclayer/pgfcorelayers.code.tex... 0.02 sec)
(Processing definitions /usr/share/texlive/texmf-dist/tex/generic/pgf/basiclayer/pgfcoretransparency.code.tex... 0.07 sec)
(Processing definitions /usr/share/texlive/texmf-dist/tex/generic/pgf/basiclayer/pgfcorepatterns.code.tex... 0.02 sec)
(Processing definitions /usr/share/texlive/texmf-dist/tex/generic/pgf/basiclayer/pgfcorerdf.code.tex... 0.01 sec) 5.19 sec) 6.25 sec)
(Processing definitions /usr/share/texlive/texmf-dist/tex/generic/pgf/modules/pgfmoduleshapes.code.tex... 0.24 sec)
(Processing definitions /usr/share/texlive/texmf-dist/tex/generic/pgf/modules/pgfmoduleplot.code.tex... 0.24 sec)
(Processing definitions /usr/share/texlive/texmf-dist/tex/latex/pgf/compatibility/pgfcomp-version-0-65.sty... 0.22 sec)
(Processing definitions /usr/share/texlive/texmf-dist/tex/latex/pgf/compatibility/pgfcomp-version-1-18.sty... 0.01 sec) 7.21 sec) 7.21 sec)
(Processing definitions /usr/share/texlive/texmf-dist/tex/latex/pgf/utilities/pgffor.sty...
(Processing definitions /usr/share/texlive/texmf-dist/tex/latex/pgf/utilities/pgfkeys.sty... 0.00 sec)
(Processing definitions /usr/share/texlive/texmf-dist/tex/latex/pgf/math/pgfmath.sty... 0.02 sec)
(Processing definitions /usr/share/texlive/texmf-dist/tex/generic/pgf/utilities/pgffor.code.tex... 0.17 sec) 0.21 sec)
(Processing definitions /usr/share/texlive/texmf-dist/tex/generic/pgf/frontendlayer/tikz/tikz.code.tex...
(Processing definitions /usr/share/texlive/texmf-dist/tex/generic/pgf/libraries/pgflibraryplothandlers.code.tex... 0.13 sec)
(Processing definitions /usr/share/texlive/texmf-dist/tex/generic/pgf/modules/pgfmodulematrix.code.tex... 0.05 sec)
(Processing definitions /usr/share/texlive/texmf-dist/tex/generic/pgf/frontendlayer/tikz/libraries/tikzlibrarytopaths.code.tex... 0.18 sec) 3.19 sec) 10.63 sec) 10.63 sec)
Info:unexpected:textsize=tiny Unexpected option 'textsize=tiny' passed to todonotes.sty
	at todonotes.sty.ltxml; line 46
 10.68 sec)
(Processing content /home/miri/Documents/university/DataLit/arXiv_src_fetcher/ICLR_2023_first100/-SKvXtXPCaJ/defs.tex... 0.02 sec)
Info:unexpected:options Unused global options: nohyperref
	at icml2023_conference.tex; line 47 col 0 - line 47 col 16
ABD: EveryShipout initializing macros
 22.16 sec) 22.33 sec)
(Building...
(Loading compiled schema /usr/share/perl5/LaTeXML/resources/RelaxNG/LaTeXML.model... 0.01 sec) 7.21 sec)
(Rewriting... 0.24 sec)
(Math Parsing 646 formulae ......
Warning:not_parsed:>VERTBAR MathParser failed to match rule 'Anything'
	at icml2023_conference.tex; line 211 col 236 - line 211 col 244
	In "$\|\cdot\|$"
	> ∥[[VERTBAR]] ⋅[[MULOP]] ∥[[VERTBAR]]
Warning:not_parsed:>OPEN MathParser failed to match rule 'Anything'
	at icml2023_conference.tex; line 607 col 202 - line 607 col 206
	In "$(**)$"
	> ([[OPEN]] ∗[[MULOP]] ∗[[MULOP]] )[[CLOSE]]
Warning:not_parsed:POSTSUBSCRIPT.POSTSUPERSCRIPT.CLOSE>CLOSE MathParser failed to match rule 'Anything'
	at icml2023_conference.tex; line 714 col 108 - line 714 col 150
	In "$\theta_{n+1}\mathcal{S}^{\mathcal{F}}(x_{i}^{n+1},x_{i}^{n}))>0$"
	θ[[UNKNOWN]] _{n+1}[[POSTSUBSCRIPT]] S[[UNKNOWN]] ^{\mathcal{F}}[[POSTSUPERSCRIPT]] ([[OPEN]] x[[UNKNOWN]] _{i}[[POSTSUBSCRIPT]] ^{n+1}[[POSTSUPERSCRIPT]] ,[[PUNCT]] x[[UNKNOWN]] _{i}[[POSTSUBSCRIPT]] ^{n}[[POSTSUPERSCRIPT]] )[[CLOSE]]
	        > )[[CLOSE]] >[[RELOP]] 0[[NUMBER]]
Warning:not_parsed:POSTSUBSCRIPT.POSTSUPERSCRIPT.CLOSE>CLOSE MathParser failed to match rule 'Anything'
	at icml2023_conference.tex; line 716 col 8 - line 716 col 8
	In "$\displaystyle\frac{1}{2-\epsilon}\leq\frac{\min|\mathcal{S}^{\mathcal{F}}|}{%
	\max|\mathcal{S}^{\mathcal{F}}|}\leq\theta_{n+1}\mathcal{S}^{\mathcal{F}}(x_{i%
	}^{n+1},x_{i}^{n}))\leq\frac{\max|\mathcal{S}^{\mathcal{F}}|}{\min|\mathcal{S}%
	^{\mathcal{F}}|}\leq 2-\epsilon,\@@ENDINLINEMATH"
	\frac{1}{2-\epsilon}[[UNKNOWN]] ≤[[RELOP]] \frac{\min|\mathcal{S}^{\mathcal{F}}|}{\max|\mathcal{S}^{\mathcal{F}}|}[[UNKNOWN]] ≤[[RELOP]] θ[[UNKNOWN]] _{n+1}[[POSTSUBSCRIPT]] S[[UNKNOWN]] ^{\mathcal{F}}[[POSTSUPERSCRIPT]] ([[OPEN]] x[[UNKNOWN]] _{i}[[POSTSUBSCRIPT]] ^{n+1}[[POSTSUPERSCRIPT]] ,[[PUNCT]] x[[UNKNOWN]] _{i}[[POSTSUBSCRIPT]] ^{n}[[POSTSUPERSCRIPT]] )[[CLOSE]]
	        > )[[CLOSE]] ≤[[RELOP]] \frac{\max|\mathcal{S}^{\mathcal{F}}|}{\min|\mathcal{S}^{\mathcal{F}}|}[[UNKNOWN]] ≤[[RELOP]] 2[[NUMBER]] -[[ADDOP]] ϵ[[UNKNOWN]]
Warning:not_parsed:POSTSUBSCRIPT.POSTSUPERSCRIPT.CLOSE>CLOSE MathParser failed to match rule 'Anything'
	at icml2023_conference.tex; line 716 col 8 - line 717 col 12
	In "$\displaystyle\frac{1}{2-\epsilon}\leq\frac{\min|\mathcal{S}^{\mathcal{F}}|}{%
	\max|\mathcal{S}^{\mathcal{F}}|}\leq\theta_{n+1}\mathcal{S}^{\mathcal{F}}(x_{i%
	}^{n+1},x_{i}^{n}))\leq\frac{\max|\mathcal{S}^{\mathcal{F}}|}{\min|\mathcal{S}%
	^{\mathcal{F}}|}\leq 2-\epsilon,$"
	\frac{1}{2-\epsilon}[[UNKNOWN]] ≤[[RELOP]] \frac{\min|\mathcal{S}^{\mathcal{F}}|}{\max|\mathcal{S}^{\mathcal{F}}|}[[UNKNOWN]] ≤[[RELOP]] θ[[UNKNOWN]] _{n+1}[[POSTSUBSCRIPT]] S[[UNKNOWN]] ^{\mathcal{F}}[[POSTSUPERSCRIPT]] ([[OPEN]] x[[UNKNOWN]] _{i}[[POSTSUBSCRIPT]] ^{n+1}[[POSTSUPERSCRIPT]] ,[[PUNCT]] x[[UNKNOWN]] _{i}[[POSTSUBSCRIPT]] ^{n}[[POSTSUPERSCRIPT]] )[[CLOSE]]
	        > )[[CLOSE]] ≤[[RELOP]] \frac{\max|\mathcal{S}^{\mathcal{F}}|}{\min|\mathcal{S}^{\mathcal{F}}|}[[UNKNOWN]] ≤[[RELOP]] 2[[NUMBER]] -[[ADDOP]] ϵ[[UNKNOWN]]
Warning:not_parsed:>VERTBAR MathParser failed to match rule 'Anything'
	at icml2023_conference.tex; line 718 col 16 - line 720 col 14
	In "\begin{equation}\left|1-\theta_{n+1}\mathcal{S}^{\mathcal{F}}(x_{i}^{n+1},x_{i%
	}^{n}))\right|\leq\max\left\{|1-\frac{1}{2-\epsilon}|,|1-\epsilon|\right\}=1-%
	\epsilon.\end{equation}"
	> \left|[[VERTBAR]] 1[[NUMBER]] -[[ADDOP]] θ[[UNKNOWN]] _{n+1}[[POSTSUBSCRIPT]] S[[UNKNOWN]] ^{\mathcal{F}}[[POSTSUPERSCRIPT]] ([[OPEN]] x[[UNKNOWN]] _{i}[[POSTSUBSCRIPT]] ^{n+1}[[POSTSUPERSCRIPT]] ,[[PUNCT]] x[[UNKNOWN]] _{i}[[POSTSUBSCRIPT]] ^{n}[[POSTSUPERSCRIPT]] )[[CLOSE]] )[[CLOSE]] \right|[[VERTBAR]] ≤[[RELOP]] max[[OPFUNCTION]] \left\{[[OPEN]] |[[VERTBAR]] 1[[NUMBER]] -[[ADDOP]] \frac{1}{2-\epsilon}[[UNKNOWN]] |[[VERTBAR]] ,[[PUNCT]] |[[VERTBAR]] 1[[NUMBER]] -[[ADDOP]] ϵ[[UNKNOWN]] |[[VERTBAR]] \right\}[[CLOSE]] =[[RELOP]] 1[[NUMBER]] -[[ADDOP]] ϵ[[UNKNOWN]]
 14.40 sec)
Math parsing succeeded:
   ltx:XMWrap: 17/20
   ltx:XMArg: 2081/2081
   ltx:XMath: 640/646
Symbols assumed as simple identifiers (with # of occurences):
   'A{italic}' (5), 'C{italic}' (2), 'Delta' (32), 'D{italic}' (78), 'E{blackboard}' (1), 'F{caligraphic}' (204), 'F{italic}' (30), 'G{caligraphic}' (23), 'G{italic}' (2), 'H{italic}' (8), 'I{italic}' (9), 'J{italic}' (55), 'K{italic}' (1), 'L{caligraphic}' (7), 'L{italic}' (12), 'M{italic}' (40), 'N{italic}' (6), 'Omega' (9), 'P{italic}' (6), 'R{blackboard}' (34), 'S{caligraphic}' (57), 'S{italic}' (7), 'Theta' (37), 'T{italic}' (38), 'V{italic}' (4), 'X{caligraphic}' (22), 'X{italic}' (221), 'Y{caligraphic}' (21), 'Y{italic}' (16), 'Z{caligraphic}' (6), 'Z{italic}' (2), 'alpha' (8), 'a{italic}' (39), 'beta' (42), 'b{italic}' (43), 'c{italic}' (6), 'delta' (52), 'd{italic}' (17), 'epsilon' (37), 'f{italic}' (9), 'gamma' (16), 'g{italic}' (7), 'h{italic}' (16), 'i{italic}' (98), 'j{italic}' (3), 'k{italic}' (24), 'lambda' (16), 'mu' (34), 'm{italic}' (45), 'n{italic}' (193), 'pi' (10), 'rho' (12), 'r{italic}' (4), 'sigma' (9), 's{italic}' (14), 'tau' (30), 'theta' (70), 't{italic}' (10), 'u{italic}' (6), 'w{italic}' (7), 'x{italic}' (302), 'y{italic}' (69), 'zeta' (24), 'z{italic}' (10)
Set MATHPARSER_SPECULATE to speculate on possible notations.
(Finalizing... 1.13 sec)
Conversion complete: 8 warnings; 1 error; 1 undefined macro[\sidecaptionvpos]; 2 missing files[selectp.sty, calligra.sty] (See parsed.log) (reqd. 46.02s)
