latexml (LaTeXML version 0.8.8) processing emnlp2020.tex
(Digesting TeX emnlp2020...
(Loading /usr/share/perl5/LaTeXML/Package/TeX.pool.ltxml...
(Loading /usr/share/perl5/LaTeXML/Package/eTeX.pool.ltxml... 0.00 sec)
(Loading /usr/share/perl5/LaTeXML/Package/pdfTeX.pool.ltxml... 0.00 sec) 0.09 sec)
(Processing content /home/miri/Documents/DataLit/arXiv_src_fetcher/ICLR_2023_first100/-Aw0rrrPUF/emnlp2020.tex...
(Loading /usr/share/perl5/LaTeXML/Package/LaTeX.pool.ltxml...
(Loading /usr/share/perl5/LaTeXML/Package/textcomp.sty.ltxml...
(Processing definitions /usr/share/texlive/texmf-dist/tex/latex/base/ts1enc.dfu... 0.01 sec) 0.05 sec) 0.18 sec)
(Loading /usr/share/perl5/LaTeXML/Package/article.cls.ltxml... 0.01 sec)
Warning:missing_file:emnlp2020 Can't find binding for package emnlp2020
	at emnlp2020.tex; line 17 col 11 - line 17 col 11
	Anticipate undefined macros or environments
	search paths are /home/miri/Documents/DataLit/arXiv_src_fetcher/ICLR_2023_first100/-Aw0rrrPUF
	In Core::Definition::Constructor[\usepac... /usr/share/perl5/LaTeXML/Package/LaTeX.pool.ltxml; line 879
Info:dependencies:dependencies Loading dependencies for /home/miri/Documents/DataLit/arXiv_src_fetcher/ICLR_2023_first100/-Aw0rrrPUF/emnlp2020.sty: hyperref,natbib,etoolbox,xcolor,caption
	at emnlp2020.tex; line 17 col 11 - line 17 col 11
(Loading /usr/share/perl5/LaTeXML/Package/hyperref.sty.ltxml...
(Loading /usr/share/perl5/LaTeXML/Package/ltxcmds.sty.ltxml...
(Processing definitions /usr/share/texlive/texmf-dist/tex/generic/ltxcmds/ltxcmds.sty... 0.05 sec) 0.05 sec)
(Loading /usr/share/perl5/LaTeXML/Package/keyval.sty.ltxml...
(Processing definitions /usr/share/texlive/texmf-dist/tex/latex/graphics/keyval.sty... 0.01 sec) 0.01 sec)
(Loading /usr/share/perl5/LaTeXML/Package/kvsetkeys.sty.ltxml...
(Processing definitions /usr/share/texlive/texmf-dist/tex/latex/kvsetkeys/kvsetkeys.sty... 0.03 sec) 0.04 sec)
(Loading /usr/share/perl5/LaTeXML/Package/kvdefinekeys.sty.ltxml...
(Processing definitions /usr/share/texlive/texmf-dist/tex/generic/kvdefinekeys/kvdefinekeys.sty... 0.02 sec) 0.02 sec)
(Loading /usr/share/perl5/LaTeXML/Package/kvoptions.sty.ltxml...
(Processing definitions /usr/share/texlive/texmf-dist/tex/latex/kvoptions/kvoptions.sty... 0.08 sec) 0.08 sec)
(Loading /usr/share/perl5/LaTeXML/Package/nameref.sty.ltxml...
(Loading /usr/share/perl5/LaTeXML/Package/refcount.sty.ltxml...
(Processing definitions /usr/share/texlive/texmf-dist/tex/latex/refcount/refcount.sty...
(Loading /usr/share/perl5/LaTeXML/Package/infwarerr.sty.ltxml...
(Processing definitions /usr/share/texlive/texmf-dist/tex/generic/infwarerr/infwarerr.sty... 0.03 sec) 0.03 sec) 0.06 sec) 0.06 sec)
(Loading /usr/share/perl5/LaTeXML/Package/gettitlestring.sty.ltxml...
(Processing definitions /usr/share/texlive/texmf-dist/tex/generic/gettitlestring/gettitlestring.sty... 0.07 sec) 0.07 sec) 0.14 sec)
(Loading /usr/share/perl5/LaTeXML/Package/url.sty.ltxml... 0.00 sec)
(Loading /usr/share/perl5/LaTeXML/Package/bitset.sty.ltxml...
(Processing definitions /usr/share/texlive/texmf-dist/tex/generic/bitset/bitset.sty...
(Loading /usr/share/perl5/LaTeXML/Package/intcalc.sty.ltxml...
(Processing definitions /usr/share/texlive/texmf-dist/tex/generic/intcalc/intcalc.sty... 0.03 sec) 0.03 sec)
(Loading /usr/share/perl5/LaTeXML/Package/bigintcalc.sty.ltxml...
(Processing definitions /usr/share/texlive/texmf-dist/tex/generic/bigintcalc/bigintcalc.sty...
(Loading /usr/share/perl5/LaTeXML/Package/pdftexcmds.sty.ltxml...
(Loading /usr/share/perl5/LaTeXML/Package/iftex.sty.ltxml... 0.00 sec) 0.01 sec) 0.09 sec) 0.09 sec) 0.22 sec) 0.22 sec) 0.61 sec)
(Loading /usr/share/perl5/LaTeXML/Package/natbib.sty.ltxml... 0.01 sec)
(Loading /usr/share/perl5/LaTeXML/Package/etoolbox.sty.ltxml... 0.10 sec)
(Loading /usr/share/perl5/LaTeXML/Package/xcolor.sty.ltxml...
(Loading /usr/share/perl5/LaTeXML/Package/color.sty.ltxml... 0.01 sec) 0.04 sec)
(Loading /usr/share/perl5/LaTeXML/Package/caption.sty.ltxml... 0.01 sec)
(Loading /usr/share/perl5/LaTeXML/Package/times.sty.ltxml... 0.00 sec)
(Loading /usr/share/perl5/LaTeXML/Package/latexsym.sty.ltxml... 0.00 sec)
Error:undefined:\aclfinalcopy The token T_CS[\aclfinalcopy] is not defined.
	at emnlp2020.tex; line 25 col 13 - line 25 col 13
	Defining it now as <ltx:ERROR/>
	Next token is T_CS[\par] ( == Core::Definition::Constructor[\par])
	In Core::Gullet[@0x654de67a1d00] /home/miri/Documents/DataLit/arXiv_src_fetcher/ICLR_2023_first100/-Aw0rrrPUF/emnlp2020.tex; from line 27 col 0 to line 27 col 1
	 <= Core::Stomach[@0x654de67a1568] <= ...
(Loading /usr/share/perl5/LaTeXML/Package/microtype.sty.ltxml... 0.00 sec)
(Loading /usr/share/perl5/LaTeXML/Package/amsmath.sty.ltxml...
(Loading /usr/share/perl5/LaTeXML/Package/amsbsy.sty.ltxml...
(Loading /usr/share/perl5/LaTeXML/Package/amsgen.sty.ltxml... 0.00 sec) 0.01 sec)
(Loading /usr/share/perl5/LaTeXML/Package/amstext.sty.ltxml... 0.00 sec)
(Loading /usr/share/perl5/LaTeXML/Package/amsopn.sty.ltxml... 0.01 sec) 0.05 sec)
(Loading /usr/share/perl5/LaTeXML/Package/bm.sty.ltxml... 0.00 sec)
(Loading /usr/share/perl5/LaTeXML/Package/multirow.sty.ltxml... 0.00 sec)
(Loading /usr/share/perl5/LaTeXML/Package/subfig.sty.ltxml... 0.02 sec)
(Loading /usr/share/perl5/LaTeXML/Package/enumitem.sty.ltxml... 0.01 sec)
(Loading /usr/share/perl5/LaTeXML/Package/amsfonts.sty.ltxml... 0.00 sec)
(Loading /usr/share/perl5/LaTeXML/Package/makecell.sty.ltxml...
Warning:missing_file:makecell Can't find package makecell
	at makecell.sty.ltxml; line 18
	Anticipate undefined macros or environments
	In Core::Gullet[@0x654de67a1d00] /usr/share/perl5/LaTeXML/Package/makecell.sty.ltxml; line 18
 0.01 sec)
Warning:missing_file:arydshln Can't find binding for package arydshln
	at emnlp2020.tex; line 51 col 11 - line 51 col 11
	Anticipate undefined macros or environments
	In Core::Definition::Constructor[\usepac... /usr/share/perl5/LaTeXML/Package/LaTeX.pool.ltxml; line 879
(Loading /usr/share/perl5/LaTeXML/Package/graphicx.sty.ltxml...
(Loading /usr/share/perl5/LaTeXML/Package/graphics.sty.ltxml... 0.01 sec) 0.02 sec)
(Loading /usr/share/perl5/LaTeXML/Package/bbm.sty.ltxml... 0.00 sec)
(Loading /usr/share/perl5/LaTeXML/Package/balance.sty.ltxml... 0.00 sec)
(Loading /usr/share/perl5/LaTeXML/Package/algorithm.sty.ltxml...
Warning:missing_file:algorithm Can't find package algorithm
	at algorithm.sty.ltxml; line 20
	Anticipate undefined macros or environments
	In Core::Gullet[@0x654de67a1d00] /usr/share/perl5/LaTeXML/Package/algorithm.sty.ltxml; line 20
 0.01 sec)
(Loading /usr/share/perl5/LaTeXML/Package/algpseudocode.sty.ltxml...
Warning:missing_file:algpseudocode Can't find package algpseudocode
	at algpseudocode.sty.ltxml; line 19
	Anticipate undefined macros or environments
	In Core::Gullet[@0x654de67a1d00] /usr/share/perl5/LaTeXML/Package/algpseudocode.sty.ltxml; line 19
 0.01 sec)
(Loading /usr/share/perl5/LaTeXML/Package/booktabs.sty.ltxml... 0.00 sec)
Error:undefined:\AND The token T_CS[\AND] is not defined.
	at emnlp2020.tex; line 93 col 0 - line 93 col 1
	Defining it now as <ltx:ERROR/>
	Next token is T_LETTER[S] ( == T_LETTER[S]) more: huming Shi \\ \normalsizeTencent AI Lab \\ \small\sf{shumingshi@tencent.com} \AndMichael R. Lyu \\ \normalsizeThe Chinese University of Hong Kong \\ \small\sf{lyu@cse.cuhk.edu.hk} \AndZhaopeng Tu \\ \normalsizeTencent AI Lab \\ \small\sfzptu@tencent.com

	In Core::Gullet[@0x654de67a1d00] /home/miri/Documents/DataLit/arXiv_src_fetcher/ICLR_2023_first100/-Aw0rrrPUF/emnlp2020.tex; from line 93 col 0 to line 93 col 1
	 <= Core::Stomach[@0x654de67a1568] <= Core::Definition::Constructor[\@perso... <= Core::Stomach[@0x654de67a1568] <= ...
Error:undefined:\newcite The token T_CS[\newcite] is not defined.
	at emnlp2020.tex; line 123 col 196 - line 123 col 196
	Defining it now as <ltx:ERROR/>
	Next token is T_BEGIN[{] ( == T_BEGIN[{])
	In Core::Gullet[@0x654de67a1d00] /home/miri/Documents/DataLit/arXiv_src_fetcher/ICLR_2023_first100/-Aw0rrrPUF/emnlp2020.tex; from line 123 col 197 to line 123 col 197
	 <= Core::Stomach[@0x654de67a1568] <= ...
Error:unexpected:_ Script _ can only appear in math mode
	at emnlp2020.tex; line 169 col 396 - line 169 col 396
	In Core::Definition::Primitive[Subscript] /usr/share/perl5/LaTeXML/Package/TeX.pool.ltxml; line 4440
	 <= Core::Stomach[@0x654de67a1568] <= Core::Definition::Primitive[Begin] <= Core::Stomach[@0x654de67a1568] <= ...
Error:undefined:{algorithm} The environment {algorithm} is not defined.
	at emnlp2020.tex; line 206 col 17 - line 206 col 17
	Next token is T_OTHER[[] ( == T_OTHER[[])
	In Core::Definition::Expandable[\begin {}] /usr/share/perl5/LaTeXML/Package/LaTeX.pool.ltxml; line 182
	 <= Core::Gullet[@0x654de67a1d00] <= Core::Stomach[@0x654de67a1568] <= ...
Error:unexpected:\caption Use of \caption outside any known float
	at emnlp2020.tex; line 208 col 8 - line 208 col 8
	In Core::Definition::Constructor[\@@gene... /usr/share/perl5/LaTeXML/Package/LaTeX.pool.ltxml; line 3392
	 <= Core::Stomach[@0x654de67a1568] <= ...
Error:undefined:{algorithmic} The environment {algorithmic} is not defined.
	at emnlp2020.tex; line 210 col 19 - line 210 col 19
	Next token is T_OTHER[[] ( == T_OTHER[[])
	In Core::Definition::Expandable[\begin {}] /usr/share/perl5/LaTeXML/Package/LaTeX.pool.ltxml; line 182
	 <= Core::Gullet[@0x654de67a1d00] <= Core::Stomach[@0x654de67a1568] <= ...
Error:undefined:\Statex The token T_CS[\Statex] is not defined.
	at emnlp2020.tex; line 211 col 7 - line 211 col 7
	Defining it now as <ltx:ERROR/>
	Next token is T_CS[\textbf] ( == Core::Definition::Expandable[\textbf {}])
	In Core::Gullet[@0x654de67a1d00] /home/miri/Documents/DataLit/arXiv_src_fetcher/ICLR_2023_first100/-Aw0rrrPUF/emnlp2020.tex; from line 211 col 15 to line 211 col 15
	 <= Core::Stomach[@0x654de67a1568] <= ...
Error:undefined:\Procedure The token T_CS[\Procedure] is not defined.
	at emnlp2020.tex; line 214 col 10 - line 214 col 10
	Defining it now as <ltx:ERROR/>
	Next token is T_BEGIN[{] ( == T_BEGIN[{])
	In Core::Gullet[@0x654de67a1d00] /home/miri/Documents/DataLit/arXiv_src_fetcher/ICLR_2023_first100/-Aw0rrrPUF/emnlp2020.tex; from line 214 col 12 to line 214 col 12
	 <= Core::Stomach[@0x654de67a1568] <= ...
Error:undefined:\State The token T_CS[\State] is not defined.
	at emnlp2020.tex; line 215 col 6 - line 215 col 6
	Defining it now as <ltx:ERROR/>
	Next token is T_CS[\textsc] ( == Core::Definition::Expandable[\textsc {}])
	In Core::Gullet[@0x654de67a1d00] /home/miri/Documents/DataLit/arXiv_src_fetcher/ICLR_2023_first100/-Aw0rrrPUF/emnlp2020.tex; from line 215 col 14 to line 215 col 14
	 <= Core::Stomach[@0x654de67a1568] <= ...
Error:undefined:\EndProcedure The token T_CS[\EndProcedure] is not defined.
	at emnlp2020.tex; line 217 col 0 - line 217 col 13
	Defining it now as <ltx:ERROR/>
	Next token is T_CS[\par] ( == Core::Definition::Constructor[\par])
	In Core::Gullet[@0x654de67a1d00] /home/miri/Documents/DataLit/arXiv_src_fetcher/ICLR_2023_first100/-Aw0rrrPUF/emnlp2020.tex; from line 218 col 0 to line 218 col 1
	 <= Core::Stomach[@0x654de67a1568] <= ...
Error:undefined:\For The token T_CS[\For] is not defined.
	at emnlp2020.tex; line 221 col 4 - line 221 col 4
	Defining it now as <ltx:ERROR/>
	Next token is T_BEGIN[{] ( == T_BEGIN[{])
	In Core::Gullet[@0x654de67a1d00] /home/miri/Documents/DataLit/arXiv_src_fetcher/ICLR_2023_first100/-Aw0rrrPUF/emnlp2020.tex; from line 221 col 6 to line 221 col 6
	 <= Core::Stomach[@0x654de67a1568] <= ...
Error:undefined:\Comment The token T_CS[\Comment] is not defined.
	at emnlp2020.tex; line 221 col 52 - line 221 col 52
	Defining it now as <ltx:ERROR/>
	Next token is T_BEGIN[{] ( == T_BEGIN[{])
	In Core::Gullet[@0x654de67a1d00] /home/miri/Documents/DataLit/arXiv_src_fetcher/ICLR_2023_first100/-Aw0rrrPUF/emnlp2020.tex; from line 221 col 53 to line 221 col 53
	 <= Core::Stomach[@0x654de67a1568] <= ...
Error:undefined:\If The token T_CS[\If] is not defined.
	at emnlp2020.tex; line 222 col 7 - line 222 col 7
	Defining it now as <ltx:ERROR/>
	Next token is T_BEGIN[{] ( == T_BEGIN[{])
	In Core::Gullet[@0x654de67a1d00] /home/miri/Documents/DataLit/arXiv_src_fetcher/ICLR_2023_first100/-Aw0rrrPUF/emnlp2020.tex; from line 222 col 9 to line 222 col 9
	 <= Core::Stomach[@0x654de67a1568] <= ...
Error:undefined:\EndIf The token T_CS[\EndIf] is not defined.
	at emnlp2020.tex; line 224 col 0 - line 224 col 10
	Defining it now as <ltx:ERROR/>
	Next token is T_CS[\EndFor] ( == undef)
	In Core::Gullet[@0x654de67a1d00] /home/miri/Documents/DataLit/arXiv_src_fetcher/ICLR_2023_first100/-Aw0rrrPUF/emnlp2020.tex; from line 225 col 0 to line 225 col 7
	 <= Core::Stomach[@0x654de67a1568] <= ...
Error:undefined:\EndFor The token T_CS[\EndFor] is not defined.
	at emnlp2020.tex; line 225 col 0 - line 225 col 7
	Defining it now as <ltx:ERROR/>
	Next token is T_CS[\EndProcedure] ( == Core::Definition::Constructor[\EndProcedure])
	In Core::Gullet[@0x654de67a1d00] /home/miri/Documents/DataLit/arXiv_src_fetcher/ICLR_2023_first100/-Aw0rrrPUF/emnlp2020.tex; from line 226 col 0 to line 226 col 13
	 <= Core::Stomach[@0x654de67a1568] <= ...
 2.98 sec) 3.10 sec)
(Building...
(Loading compiled schema /usr/share/perl5/LaTeXML/resources/RelaxNG/LaTeXML.model... 0.01 sec) 3.27 sec)
(Rewriting... 0.01 sec)
(Math Parsing 54 formulae ...... 0.19 sec)
Math parsing succeeded:
   ltx:XMArg: 23/23
   ltx:XMWrap: 2/3
   ltx:XMath: 54/54
Symbols assumed as simple identifiers (with # of occurences):
   'N{caligraphic}' (2), 'm{italic}' (2), 'r{italic}' (1), 'x{italic}' (2), 'y{italic}' (8)
Set MATHPARSER_SPECULATE to speculate on possible notations.
(Finalizing... 0.04 sec)
Conversion complete: 5 warnings; 16 errors; 14 undefined macros[\Statex, {algorithm}, \newcite, \If, \AND, \EndProcedure, \aclfinalcopy, {algorithmic}, \Comment, \Procedure, \State, \For, \EndFor, \EndIf]; 5 missing files[emnlp2020.sty, arydshln.sty, makecell.sty, algorithm.sty, algpseudocode.sty] (See parsed.log) (reqd. 6.76s)
