latexml (LaTeXML version 0.8.8) processing main.tex
(Digesting TeX main...
(Loading /usr/share/perl5/LaTeXML/Package/TeX.pool.ltxml...
(Loading /usr/share/perl5/LaTeXML/Package/eTeX.pool.ltxml... 0.00 sec)
(Loading /usr/share/perl5/LaTeXML/Package/pdfTeX.pool.ltxml... 0.00 sec) 0.10 sec)
(Processing content /home/miri/Documents/university/DataLit/arXiv_src_fetcher/ICLR_2023_first100/04K3PMtMckp/main.tex...
(Loading /usr/share/perl5/LaTeXML/Package/LaTeX.pool.ltxml...
(Loading /usr/share/perl5/LaTeXML/Package/textcomp.sty.ltxml...
(Processing definitions /usr/share/texlive/texmf-dist/tex/latex/base/ts1enc.dfu... 0.01 sec) 0.21 sec) 0.37 sec)
(Loading /usr/share/perl5/LaTeXML/Package/article.cls.ltxml... 0.01 sec)
(Loading /usr/share/perl5/LaTeXML/Package/xcolor.sty.ltxml...
(Loading /usr/share/perl5/LaTeXML/Package/color.sty.ltxml... 0.01 sec)
(Processing definitions /usr/share/texlive/texmf-dist/tex/latex/graphics/dvipsnam.def... 0.06 sec)
(Loading /usr/share/perl5/LaTeXML/Package/colortbl.sty.ltxml...
(Loading /usr/share/perl5/LaTeXML/Package/array.sty.ltxml... 0.00 sec) 0.01 sec) 0.11 sec)
(Loading /usr/share/perl5/LaTeXML/Package/url.sty.ltxml... 0.00 sec)
(Loading /usr/share/perl5/LaTeXML/Package/tikz.sty.ltxml...
(Processing definitions /usr/share/texlive/texmf-dist/tex/latex/pgf/frontendlayer/tikz.sty...
(Loading /usr/share/perl5/LaTeXML/Package/pgf.sty.ltxml...
(Processing definitions /usr/share/texlive/texmf-dist/tex/latex/pgf/basiclayer/pgf.sty...
(Processing definitions /usr/share/texlive/texmf-dist/tex/latex/pgf/utilities/pgfrcs.sty...
(Loading /usr/share/perl5/LaTeXML/Package/pgfutil-common.tex.ltxml...
(Processing definitions /usr/share/texlive/texmf-dist/tex/generic/pgf/utilities/pgfutil-common.tex... 0.06 sec) 0.06 sec)
(Processing definitions /usr/share/texlive/texmf-dist/tex/generic/pgf/utilities/pgfutil-latex.def...
(Processing definitions /usr/share/texlive/texmf-dist/tex/latex/everyshi/everyshi.sty...
(Processing definitions /usr/share/texlive/texmf-dist/tex/latex/everyshi/everyshi-2001-05-15.sty... 0.01 sec) 0.03 sec) 0.05 sec)
(Processing definitions /usr/share/texlive/texmf-dist/tex/generic/pgf/utilities/pgfrcs.code.tex...
(Processing definitions /usr/share/texlive/texmf-dist/tex/generic/pgf/pgf.revision.tex... 0.00 sec) 0.01 sec) 0.15 sec)
(Processing definitions /usr/share/texlive/texmf-dist/tex/latex/pgf/basiclayer/pgfcore.sty...
(Loading /usr/share/perl5/LaTeXML/Package/graphicx.sty.ltxml...
(Loading /usr/share/perl5/LaTeXML/Package/graphics.sty.ltxml... 0.00 sec) 0.02 sec)
(Processing definitions /usr/share/texlive/texmf-dist/tex/latex/pgf/systemlayer/pgfsys.sty...
(Processing definitions /usr/share/texlive/texmf-dist/tex/generic/pgf/systemlayer/pgfsys.code.tex...
(Loading /usr/share/perl5/LaTeXML/Package/pgfkeys.code.tex.ltxml...
(Processing definitions /usr/share/texlive/texmf-dist/tex/generic/pgf/utilities/pgfkeys.code.tex...
(Processing definitions /usr/share/texlive/texmf-dist/tex/generic/pgf/utilities/pgfkeyslibraryfiltered.code.tex... 0.23 sec) 0.64 sec) 0.64 sec)
(Processing definitions /usr/share/texlive/texmf-dist/tex/generic/pgf/systemlayer/pgf.cfg... 0.00 sec)
Driver file for pgf: pgfsys-latexml.def
(Loading /usr/share/perl5/LaTeXML/Package/pgfsys-latexml.def.ltxml... 0.02 sec) 0.83 sec)
(Processing definitions /usr/share/texlive/texmf-dist/tex/generic/pgf/systemlayer/pgfsyssoftpath.code.tex... 0.01 sec)
(Processing definitions /usr/share/texlive/texmf-dist/tex/generic/pgf/systemlayer/pgfsysprotocol.code.tex... 0.00 sec) 0.85 sec)
(Loading /usr/share/perl5/LaTeXML/Package/keyval.sty.ltxml...
(Processing definitions /usr/share/texlive/texmf-dist/tex/latex/graphics/keyval.sty... 0.01 sec) 0.01 sec)
(Processing definitions /usr/share/texlive/texmf-dist/tex/generic/pgf/basiclayer/pgfcore.code.tex...
(Loading /usr/share/perl5/LaTeXML/Package/pgfmath.code.tex.ltxml...
(Processing definitions /usr/share/texlive/texmf-dist/tex/generic/pgf/math/pgfmath.code.tex...
(Processing definitions /usr/share/texlive/texmf-dist/tex/generic/pgf/math/pgfmathutil.code.tex... 0.04 sec)
(Processing definitions /usr/share/texlive/texmf-dist/tex/generic/pgf/math/pgfmathparser.code.tex... 0.15 sec)
(Processing definitions /usr/share/texlive/texmf-dist/tex/generic/pgf/math/pgfmathfunctions.code.tex... 0.09 sec)
(Processing definitions /usr/share/texlive/texmf-dist/tex/generic/pgf/math/pgfmathfunctions.basic.code.tex... 0.18 sec)
(Processing definitions /usr/share/texlive/texmf-dist/tex/generic/pgf/math/pgfmathfunctions.trigonometric.code.tex... 0.64 sec)
(Processing definitions /usr/share/texlive/texmf-dist/tex/generic/pgf/math/pgfmathfunctions.random.code.tex... 0.03 sec)
(Processing definitions /usr/share/texlive/texmf-dist/tex/generic/pgf/math/pgfmathfunctions.comparison.code.tex... 0.12 sec)
(Processing definitions /usr/share/texlive/texmf-dist/tex/generic/pgf/math/pgfmathfunctions.base.code.tex... 0.06 sec)
(Processing definitions /usr/share/texlive/texmf-dist/tex/generic/pgf/math/pgfmathfunctions.round.code.tex... 0.03 sec)
(Processing definitions /usr/share/texlive/texmf-dist/tex/generic/pgf/math/pgfmathfunctions.misc.code.tex... 0.08 sec)
(Processing definitions /usr/share/texlive/texmf-dist/tex/generic/pgf/math/pgfmathfunctions.integerarithmetics.code.tex... 0.03 sec)
(Loading /usr/share/perl5/LaTeXML/Package/pgfmathcalc.code.tex.ltxml...
(Processing definitions /usr/share/texlive/texmf-dist/tex/generic/pgf/math/pgfmathcalc.code.tex... 0.03 sec) 0.03 sec)
(Processing definitions /usr/share/texlive/texmf-dist/tex/generic/pgf/math/pgfmathfloat.code.tex... 0.91 sec) 2.40 sec) 2.42 sec)
(Processing definitions /usr/share/texlive/texmf-dist/tex/generic/pgf/math/pgfint.code.tex... 0.01 sec)
(Processing definitions /usr/share/texlive/texmf-dist/tex/generic/pgf/basiclayer/pgfcorepoints.code.tex... 0.09 sec)
(Processing definitions /usr/share/texlive/texmf-dist/tex/generic/pgf/basiclayer/pgfcorepathconstruct.code.tex... 0.10 sec)
(Processing definitions /usr/share/texlive/texmf-dist/tex/generic/pgf/basiclayer/pgfcorepathusage.code.tex... 0.15 sec)
(Processing definitions /usr/share/texlive/texmf-dist/tex/generic/pgf/basiclayer/pgfcorescopes.code.tex... 0.15 sec)
(Processing definitions /usr/share/texlive/texmf-dist/tex/generic/pgf/basiclayer/pgfcoregraphicstate.code.tex... 0.02 sec)
(Processing definitions /usr/share/texlive/texmf-dist/tex/generic/pgf/basiclayer/pgfcoretransformations.code.tex... 0.04 sec)
(Processing definitions /usr/share/texlive/texmf-dist/tex/generic/pgf/basiclayer/pgfcorequick.code.tex... 0.01 sec)
(Processing definitions /usr/share/texlive/texmf-dist/tex/generic/pgf/basiclayer/pgfcoreobjects.code.tex... 0.01 sec)
(Processing definitions /usr/share/texlive/texmf-dist/tex/generic/pgf/basiclayer/pgfcorepathprocessing.code.tex... 0.04 sec)
(Processing definitions /usr/share/texlive/texmf-dist/tex/generic/pgf/basiclayer/pgfcorearrows.code.tex... 0.98 sec)
(Processing definitions /usr/share/texlive/texmf-dist/tex/generic/pgf/basiclayer/pgfcoreshade.code.tex... 0.07 sec)
(Processing definitions /usr/share/texlive/texmf-dist/tex/generic/pgf/basiclayer/pgfcoreimage.code.tex... 0.10 sec)
(Processing definitions /usr/share/texlive/texmf-dist/tex/generic/pgf/basiclayer/pgfcoreexternal.code.tex... 0.17 sec)
(Processing definitions /usr/share/texlive/texmf-dist/tex/generic/pgf/basiclayer/pgfcorelayers.code.tex... 0.03 sec)
(Processing definitions /usr/share/texlive/texmf-dist/tex/generic/pgf/basiclayer/pgfcoretransparency.code.tex... 0.11 sec)
(Processing definitions /usr/share/texlive/texmf-dist/tex/generic/pgf/basiclayer/pgfcorepatterns.code.tex... 0.02 sec)
(Processing definitions /usr/share/texlive/texmf-dist/tex/generic/pgf/basiclayer/pgfcorerdf.code.tex... 0.01 sec) 4.53 sec) 5.43 sec)
(Processing definitions /usr/share/texlive/texmf-dist/tex/generic/pgf/modules/pgfmoduleshapes.code.tex... 0.21 sec)
(Processing definitions /usr/share/texlive/texmf-dist/tex/generic/pgf/modules/pgfmoduleplot.code.tex... 0.20 sec)
(Processing definitions /usr/share/texlive/texmf-dist/tex/latex/pgf/compatibility/pgfcomp-version-0-65.sty... 0.17 sec)
(Processing definitions /usr/share/texlive/texmf-dist/tex/latex/pgf/compatibility/pgfcomp-version-1-18.sty... 0.01 sec) 6.20 sec) 6.20 sec)
(Processing definitions /usr/share/texlive/texmf-dist/tex/latex/pgf/utilities/pgffor.sty...
(Processing definitions /usr/share/texlive/texmf-dist/tex/latex/pgf/utilities/pgfkeys.sty... 0.00 sec)
(Processing definitions /usr/share/texlive/texmf-dist/tex/latex/pgf/math/pgfmath.sty... 0.01 sec)
(Processing definitions /usr/share/texlive/texmf-dist/tex/generic/pgf/utilities/pgffor.code.tex... 0.13 sec) 0.16 sec)
(Processing definitions /usr/share/texlive/texmf-dist/tex/generic/pgf/frontendlayer/tikz/tikz.code.tex...
(Processing definitions /usr/share/texlive/texmf-dist/tex/generic/pgf/libraries/pgflibraryplothandlers.code.tex... 0.10 sec)
(Processing definitions /usr/share/texlive/texmf-dist/tex/generic/pgf/modules/pgfmodulematrix.code.tex... 0.04 sec)
(Processing definitions /usr/share/texlive/texmf-dist/tex/generic/pgf/frontendlayer/tikz/libraries/tikzlibrarytopaths.code.tex... 0.15 sec) 2.59 sec) 8.96 sec) 8.96 sec)
(Loading /usr/share/perl5/LaTeXML/Package/comment.sty.ltxml... 0.00 sec)
(Loading /usr/share/perl5/LaTeXML/Package/amsmath.sty.ltxml...
(Loading /usr/share/perl5/LaTeXML/Package/amsbsy.sty.ltxml...
(Loading /usr/share/perl5/LaTeXML/Package/amsgen.sty.ltxml... 0.00 sec) 0.01 sec)
(Loading /usr/share/perl5/LaTeXML/Package/amstext.sty.ltxml... 0.00 sec)
(Loading /usr/share/perl5/LaTeXML/Package/amsopn.sty.ltxml... 0.00 sec) 0.05 sec)
(Loading /usr/share/perl5/LaTeXML/Package/amssymb.sty.ltxml...
(Loading /usr/share/perl5/LaTeXML/Package/amsfonts.sty.ltxml... 0.00 sec) 0.01 sec)
(Loading /usr/share/perl5/LaTeXML/Package/amsthm.sty.ltxml... 0.01 sec)
(Loading /usr/share/perl5/LaTeXML/Package/epsfig.sty.ltxml... 0.01 sec)
(Loading /usr/share/perl5/LaTeXML/Package/wrapfig.sty.ltxml... 0.00 sec)
(Loading /usr/share/perl5/LaTeXML/Package/xspace.sty.ltxml... 0.00 sec)
(Loading /usr/share/perl5/LaTeXML/Package/bbold.sty.ltxml... 0.00 sec)
(Loading /usr/share/perl5/LaTeXML/Package/nicefrac.sty.ltxml...
(Loading /usr/share/perl5/LaTeXML/Package/ifthen.sty.ltxml...
(Processing definitions /usr/share/texlive/texmf-dist/tex/latex/base/ifthen.sty... 0.01 sec) 0.01 sec) 0.02 sec)
(Loading /usr/share/perl5/LaTeXML/Package/mathtools.sty.ltxml...
(Loading /usr/share/perl5/LaTeXML/Package/calc.sty.ltxml... 0.00 sec) 0.03 sec)
(Loading /usr/share/perl5/LaTeXML/Package/booktabs.sty.ltxml... 0.00 sec)
Warning:missing_file:fontawesome Can't find binding for package fontawesome
	at main.tex; line 23 col 11 - line 23 col 11
	Anticipate undefined macros or environments
	search paths are /home/miri/Documents/university/DataLit/arXiv_src_fetcher/ICLR_2023_first100/04K3PMtMckp
	In Core::Definition::Constructor[\usepac... /usr/share/perl5/LaTeXML/Package/LaTeX.pool.ltxml; line 879
(Loading /usr/share/perl5/LaTeXML/Package/caption.sty.ltxml... 0.01 sec)
(Loading /usr/share/perl5/LaTeXML/Package/subcaption.sty.ltxml... 0.01 sec)
(Loading /usr/share/perl5/LaTeXML/Package/stfloats.sty.ltxml... 0.00 sec)
Warning:missing_file:pbox Can't find binding for package pbox
	at main.tex; line 27 col 11 - line 27 col 11
	Anticipate undefined macros or environments
	In Core::Definition::Constructor[\usepac... /usr/share/perl5/LaTeXML/Package/LaTeX.pool.ltxml; line 879
(Loading /usr/share/perl5/LaTeXML/Package/multirow.sty.ltxml... 0.00 sec)
(Loading /usr/share/perl5/LaTeXML/Package/microtype.sty.ltxml... 0.00 sec)
(Loading /usr/share/perl5/LaTeXML/Package/hyperref.sty.ltxml...
(Loading /usr/share/perl5/LaTeXML/Package/ltxcmds.sty.ltxml...
(Processing definitions /usr/share/texlive/texmf-dist/tex/generic/ltxcmds/ltxcmds.sty... 0.06 sec) 0.06 sec)
(Loading /usr/share/perl5/LaTeXML/Package/kvsetkeys.sty.ltxml...
(Processing definitions /usr/share/texlive/texmf-dist/tex/latex/kvsetkeys/kvsetkeys.sty... 0.04 sec) 0.04 sec)
(Loading /usr/share/perl5/LaTeXML/Package/kvdefinekeys.sty.ltxml...
(Processing definitions /usr/share/texlive/texmf-dist/tex/generic/kvdefinekeys/kvdefinekeys.sty... 0.02 sec) 0.02 sec)
(Loading /usr/share/perl5/LaTeXML/Package/kvoptions.sty.ltxml...
(Processing definitions /usr/share/texlive/texmf-dist/tex/latex/kvoptions/kvoptions.sty... 0.10 sec) 0.10 sec)
(Loading /usr/share/perl5/LaTeXML/Package/nameref.sty.ltxml...
(Loading /usr/share/perl5/LaTeXML/Package/refcount.sty.ltxml...
(Processing definitions /usr/share/texlive/texmf-dist/tex/latex/refcount/refcount.sty...
(Loading /usr/share/perl5/LaTeXML/Package/infwarerr.sty.ltxml...
(Processing definitions /usr/share/texlive/texmf-dist/tex/generic/infwarerr/infwarerr.sty... 0.03 sec) 0.03 sec) 0.08 sec) 0.08 sec)
(Loading /usr/share/perl5/LaTeXML/Package/gettitlestring.sty.ltxml...
(Processing definitions /usr/share/texlive/texmf-dist/tex/generic/gettitlestring/gettitlestring.sty... 0.10 sec) 0.10 sec) 0.19 sec)
(Loading /usr/share/perl5/LaTeXML/Package/bitset.sty.ltxml...
(Processing definitions /usr/share/texlive/texmf-dist/tex/generic/bitset/bitset.sty...
(Loading /usr/share/perl5/LaTeXML/Package/intcalc.sty.ltxml...
(Processing definitions /usr/share/texlive/texmf-dist/tex/generic/intcalc/intcalc.sty... 0.04 sec) 0.04 sec)
(Loading /usr/share/perl5/LaTeXML/Package/bigintcalc.sty.ltxml...
(Processing definitions /usr/share/texlive/texmf-dist/tex/generic/bigintcalc/bigintcalc.sty...
(Loading /usr/share/perl5/LaTeXML/Package/pdftexcmds.sty.ltxml...
(Loading /usr/share/perl5/LaTeXML/Package/iftex.sty.ltxml... 0.00 sec) 0.01 sec) 0.12 sec) 0.12 sec) 0.28 sec) 0.28 sec) 0.77 sec)
Warning:missing_file:ICLRtemplate/iclr2023_conference Can't find binding for package ICLRtemplate/iclr2023_conference
	at main.tex; line 52 col 6 - line 52 col 6
	Anticipate undefined macros or environments
	In Core::Definition::Constructor[\usepac... /usr/share/perl5/LaTeXML/Package/LaTeX.pool.ltxml; line 879
Info:dependencies:dependencies Loading dependencies for /home/miri/Documents/university/DataLit/arXiv_src_fetcher/ICLR_2023_first100/04K3PMtMckp/ICLRtemplate/iclr2023_conference.sty: fancyhdr,natbib,eso-pic
	at main.tex; line 52 col 6 - line 52 col 6
(Loading /usr/share/perl5/LaTeXML/Package/fancyhdr.sty.ltxml... 0.00 sec)
(Loading /usr/share/perl5/LaTeXML/Package/natbib.sty.ltxml... 0.01 sec)
(Loading /usr/share/perl5/LaTeXML/Package/times.sty.ltxml... 0.00 sec)
(Processing content /home/miri/Documents/university/DataLit/arXiv_src_fetcher/ICLR_2023_first100/04K3PMtMckp/ICLRtemplate/math_commands.tex...
(Loading /usr/share/perl5/LaTeXML/Package/bm.sty.ltxml... 0.00 sec) 0.08 sec)
Error:undefined:\iclrfinalcopy The token T_CS[\iclrfinalcopy] is not defined.
	at main.tex; line 54 col 14 - line 54 col 14
	Defining it now as <ltx:ERROR/>
	Next token is T_CS[\par] ( == Core::Definition::Constructor[\par])
	In Core::Gullet[@0x5af9ebfa7c90] /home/miri/Documents/university/DataLit/arXiv_src_fetcher/ICLR_2023_first100/04K3PMtMckp/main.tex; from line 55 col 0 to line 55 col 1
	 <= Core::Stomach[@0x5af9ebf71758] <= ...
ABD: EveryShipout initializing macros
 14.96 sec) 15.11 sec)
(Building...
(Loading compiled schema /usr/share/perl5/LaTeXML/resources/RelaxNG/LaTeXML.model... 0.01 sec) 10.68 sec)
(Rewriting... 0.12 sec)
(Math Parsing 375 formulae ......
Warning:not_parsed:POSTSUBSCRIPT.UNKNOWN.POSTSUBSCRIPT>OPEN MathParser failed to match rule 'Anything'
	at main.tex; line 238 col 0 - line 242 col 14
	In "\begin{equation}\min_{\{\mu_{k},\Sigma_{k}\}_{k=1}^{K}}\sum_{{\bm{x}}\in{%
	\mathbb{X}}}\sum_{k=1}^{K}\frac{[p({\bm{x}})]_{k}}{2}\lVert{\bm{x}}-\mu_{k}%
	\rVert^{2}_{\Sigma^{-1}}+N\sum_{k=1}^{K}\log\det(\Sigma_{k})+\sum_{{\bm{x}}\in%
	{\mathbb{X}}}D_{\text{KL}}(p({\bm{x}})\ \lVert\ {\bm{\pi}}),\end{equation}"
	min[[OPFUNCTION]] _{\{\mu_{k},\Sigma_{k}\}_{k=1}^{K}}[[POSTSUBSCRIPT]] ∑[[SUMOP]] _{{\bm{x}}\in{\mathbb{X}}}[[POSTSUBSCRIPT]] ∑[[SUMOP]] _{k=1}[[POSTSUBSCRIPT]] ^{K}[[POSTSUPERSCRIPT]] \frac{[p({\bm{x}})]_{k}}{2}[[UNKNOWN]] \lVert[[OPEN]] x[[UNKNOWN]] -[[ADDOP]] μ[[UNKNOWN]] _{k}[[POSTSUBSCRIPT]] \rVert[[CLOSE]] ^{2}[[POSTSUPERSCRIPT]] _{\Sigma^{-1}}[[POSTSUBSCRIPT]] +[[ADDOP]] N[[UNKNOWN]] ∑[[SUMOP]] _{k=1}[[POSTSUBSCRIPT]] ^{K}[[POSTSUPERSCRIPT]] log[[OPFUNCTION]] det[[LIMITOP]] ([[OPEN]] Σ[[UNKNOWN]] _{k}[[POSTSUBSCRIPT]] )[[CLOSE]] +[[ADDOP]] ∑[[SUMOP]] _{{\bm{x}}\in{\mathbb{X}}}[[POSTSUBSCRIPT]] D[[UNKNOWN]] _{\text{KL}}[[POSTSUBSCRIPT]]
	        > ([[OPEN]] p[[UNKNOWN]] ([[OPEN]] x[[UNKNOWN]] )[[CLOSE]] \lVert[[OPEN]] π[[UNKNOWN]] )[[CLOSE]]
Warning:not_parsed:UNKNOWN.UNKNOWN.POSTSUBSCRIPT>OPEN MathParser failed to match rule 'Anything'
	at main.tex; line 416 col 0 - line 419 col 15
	In "\begin{equation}\frac{1}{N}\sum^{N}_{i=1}H({\bm{p}}_{i}^{+},{\bm{p}}_{i})+%
	\lambda D_{\text{KL}}(\overline{{\bm{p}}}\ \lVert\ {\bm{p}}_{\text{\sc pl}(%
	\tau)}),\end{equation}"
	\frac{1}{N}[[UNKNOWN]] ∑[[SUMOP]] ^{N}[[POSTSUPERSCRIPT]] _{i=1}[[POSTSUBSCRIPT]] H[[UNKNOWN]] ([[OPEN]] p[[UNKNOWN]] _{i}[[POSTSUBSCRIPT]] ^{+}[[POSTSUPERSCRIPT]] ,[[PUNCT]] p[[UNKNOWN]] _{i}[[POSTSUBSCRIPT]] )[[CLOSE]] +[[ADDOP]] λ[[UNKNOWN]] D[[UNKNOWN]] _{\text{KL}}[[POSTSUBSCRIPT]]
	        > ([[OPEN]] \overline{{\bm{p}}}[[UNKNOWN]] \lVert[[OPEN]] p[[UNKNOWN]] _{\text{\scpl}(\tau)}[[POSTSUBSCRIPT]] )[[CLOSE]]
Warning:not_parsed:>PERIOD MathParser failed to match rule 'Subscript'
	at main.tex; line 645 col 256 - line 645 col 256
	In "$\displaystyle\min_{\mu_{1},\dots,\mu_{k}}\sum_{n=1}^{N}\min_{c=1,\dots,K}%
	\lVert{\bm{x}}_{n}-\mu_{c}\rVert^{2}_{2}=\min_{{\bm{P}}\in\{0,1\}^{N\times K}:%
	{\bm{P}}\mathbf{1}_{K}=\mathbf{1}_{N}}\sum_{k=1}^{K}\sum_{n,n^{\prime}=1}^{N}%
	\frac{{\bm{P}}_{n,k}{\bm{P}}_{n^{\prime},k}}{\mathbf{1}_{N}^{T}{\bm{P}}_{.,k}}%
	\lVert{\bm{x}}_{n}-{\bm{x}}_{n^{\prime}}\rVert^{2}_{2},\@@ENDINLINEMATH"
	> .[[PERIOD]] ,[[PUNCT]] k[[UNKNOWN]]
Warning:not_parsed:UNKNOWN.POSTSUBSCRIPT.CLOSE>POSTSUPERSCRIPT MathParser failed to match rule 'Anything'
	at main.tex; line 645 col 8 - line 645 col 8
	min[[OPFUNCTION]] _{\mu_{1},\dots,\mu_{k}}[[POSTSUBSCRIPT]] ∑[[SUMOP]] _{n=1}[[POSTSUBSCRIPT]] ^{N}[[POSTSUPERSCRIPT]] min[[OPFUNCTION]] _{c=1,\dots,K}[[POSTSUBSCRIPT]] \lVert[[OPEN]] x[[UNKNOWN]] _{n}[[POSTSUBSCRIPT]] -[[ADDOP]] μ[[UNKNOWN]] _{c}[[POSTSUBSCRIPT]] \rVert[[CLOSE]]
	        > ^{2}[[POSTSUPERSCRIPT]] _{2}[[POSTSUBSCRIPT]] =[[RELOP]] min[[OPFUNCTION]] _{{\bm{P}}\in\{0,1\}^{N\timesK}:{\bm{P}}\mathbf{1}_{K}=\mathbf{1}_{N}}[[POSTSUBSCRIPT]] ∑[[SUMOP]] _{k=1}[[POSTSUBSCRIPT]] ^{K}[[POSTSUPERSCRIPT]] ∑[[SUMOP]] _{n,n^{\prime}=1}[[POSTSUBSCRIPT]] ^{N}[[POSTSUPERSCRIPT]] \frac{{\bm{P}}_{n,k}{\bm{P}}_{n^{\prime},k}}{\mathbf{1}_{N}^{T}{\bm{P}}_{.,k}}[[UNKNOWN]] \lVert[[OPEN]] x[[UNKNOWN]] _{n}[[POSTSUBSCRIPT]] -[[ADDOP]] x[[UNKNOWN]] _{n^{\prime}}[[POSTSUBSCRIPT]] \rVert[[CLOSE]] ^{2}[[POSTSUPERSCRIPT]] _{2}[[POSTSUBSCRIPT]]
Warning:not_parsed:>PERIOD MathParser failed to match rule 'Subscript'
	at main.tex; line 645 col 256 - line 645 col 256
	In "$\displaystyle\min_{\mu_{1},\dots,\mu_{k}}\sum_{n=1}^{N}\min_{c=1,\dots,K}%
	\lVert{\bm{x}}_{n}-\mu_{c}\rVert^{2}_{2}=\min_{{\bm{P}}\in\{0,1\}^{N\times K}:%
	{\bm{P}}\mathbf{1}_{K}=\mathbf{1}_{N}}\sum_{k=1}^{K}\sum_{n,n^{\prime}=1}^{N}%
	\frac{{\bm{P}}_{n,k}{\bm{P}}_{n^{\prime},k}}{\mathbf{1}_{N}^{T}{\bm{P}}_{.,k}}%
	\lVert{\bm{x}}_{n}-{\bm{x}}_{n^{\prime}}\rVert^{2}_{2},$"
	> .[[PERIOD]] ,[[PUNCT]] k[[UNKNOWN]]
Warning:not_parsed:UNKNOWN.POSTSUBSCRIPT.CLOSE>POSTSUPERSCRIPT MathParser failed to match rule 'Anything'
	at main.tex; line 645 col 8 - line 646 col 11
	min[[OPFUNCTION]] _{\mu_{1},\dots,\mu_{k}}[[POSTSUBSCRIPT]] ∑[[SUMOP]] _{n=1}[[POSTSUBSCRIPT]] ^{N}[[POSTSUPERSCRIPT]] min[[OPFUNCTION]] _{c=1,\dots,K}[[POSTSUBSCRIPT]] \lVert[[OPEN]] x[[UNKNOWN]] _{n}[[POSTSUBSCRIPT]] -[[ADDOP]] μ[[UNKNOWN]] _{c}[[POSTSUBSCRIPT]] \rVert[[CLOSE]]
	        > ^{2}[[POSTSUPERSCRIPT]] _{2}[[POSTSUBSCRIPT]] =[[RELOP]] min[[OPFUNCTION]] _{{\bm{P}}\in\{0,1\}^{N\timesK}:{\bm{P}}\mathbf{1}_{K}=\mathbf{1}_{N}}[[POSTSUBSCRIPT]] ∑[[SUMOP]] _{k=1}[[POSTSUBSCRIPT]] ^{K}[[POSTSUPERSCRIPT]] ∑[[SUMOP]] _{n,n^{\prime}=1}[[POSTSUBSCRIPT]] ^{N}[[POSTSUPERSCRIPT]] \frac{{\bm{P}}_{n,k}{\bm{P}}_{n^{\prime},k}}{\mathbf{1}_{N}^{T}{\bm{P}}_{.,k}}[[UNKNOWN]] \lVert[[OPEN]] x[[UNKNOWN]] _{n}[[POSTSUBSCRIPT]] -[[ADDOP]] x[[UNKNOWN]] _{n^{\prime}}[[POSTSUBSCRIPT]] \rVert[[CLOSE]] ^{2}[[POSTSUPERSCRIPT]] _{2}[[POSTSUBSCRIPT]]
Warning:not_parsed:UNKNOWN.POSTSUBSCRIPT.CLOSE>POSTSUPERSCRIPT MathParser failed to match rule 'Anything'
	at main.tex; line 648 col 86 - line 648 col 130
	In "$\min_{c=1,\dots,K}\lVert{\bm{x}}_{n}-\mu_{c}\rVert^{2}_{2}$"
	min[[OPFUNCTION]] _{c=1,\dots,K}[[POSTSUBSCRIPT]] \lVert[[OPEN]] x[[UNKNOWN]] _{n}[[POSTSUBSCRIPT]] -[[ADDOP]] μ[[UNKNOWN]] _{c}[[POSTSUBSCRIPT]] \rVert[[CLOSE]]
	        > ^{2}[[POSTSUPERSCRIPT]] _{2}[[POSTSUBSCRIPT]]
Warning:not_parsed:UNKNOWN.POSTSUBSCRIPT.CLOSE>POSTSUPERSCRIPT MathParser failed to match rule 'Anything'
	at main.tex; line 651 col 8 - line 651 col 8
	In "$\displaystyle\min_{\mu_{1},\dots,\mu_{k}}\sum_{n=1}^{N}\min_{c=1,\dots,K}%
	\lVert{\bm{x}}_{n}-\mu_{c}\rVert^{2}_{2}=\min_{\mu_{1},\dots,\mu_{k}}\sum_{n=1%
	}^{N}\min_{{\bm{p}}\in\{0,1\}^{K}:{\bm{p}}^{T}\mathbf{1}_{K}=1}\sum_{k=1}^{K}{%
	\bm{p}}_{k}\lVert{\bm{x}}_{n}-\mu_{k}\rVert^{2}_{2},\@@ENDINLINEMATH"
	min[[OPFUNCTION]] _{\mu_{1},\dots,\mu_{k}}[[POSTSUBSCRIPT]] ∑[[SUMOP]] _{n=1}[[POSTSUBSCRIPT]] ^{N}[[POSTSUPERSCRIPT]] min[[OPFUNCTION]] _{c=1,\dots,K}[[POSTSUBSCRIPT]] \lVert[[OPEN]] x[[UNKNOWN]] _{n}[[POSTSUBSCRIPT]] -[[ADDOP]] μ[[UNKNOWN]] _{c}[[POSTSUBSCRIPT]] \rVert[[CLOSE]]
	        > ^{2}[[POSTSUPERSCRIPT]] _{2}[[POSTSUBSCRIPT]] =[[RELOP]] min[[OPFUNCTION]] _{\mu_{1},\dots,\mu_{k}}[[POSTSUBSCRIPT]] ∑[[SUMOP]] _{n=1}[[POSTSUBSCRIPT]] ^{N}[[POSTSUPERSCRIPT]] min[[OPFUNCTION]] _{{\bm{p}}\in\{0,1\}^{K}:{\bm{p}}^{T}\mathbf{1}_{K}=1}[[POSTSUBSCRIPT]] ∑[[SUMOP]] _{k=1}[[POSTSUBSCRIPT]] ^{K}[[POSTSUPERSCRIPT]] p[[UNKNOWN]] _{k}[[POSTSUBSCRIPT]] \lVert[[OPEN]] x[[UNKNOWN]] _{n}[[POSTSUBSCRIPT]] -[[ADDOP]] μ[[UNKNOWN]] _{k}[[POSTSUBSCRIPT]] \rVert[[CLOSE]] ^{2}[[POSTSUPERSCRIPT]] _{2}[[POSTSUBSCRIPT]]
Warning:not_parsed:UNKNOWN.POSTSUBSCRIPT.CLOSE>POSTSUPERSCRIPT MathParser failed to match rule 'Anything'
	at main.tex; line 651 col 8 - line 652 col 12
	In "$\displaystyle\min_{\mu_{1},\dots,\mu_{k}}\sum_{n=1}^{N}\min_{c=1,\dots,K}%
	\lVert{\bm{x}}_{n}-\mu_{c}\rVert^{2}_{2}=\min_{\mu_{1},\dots,\mu_{k}}\sum_{n=1%
	}^{N}\min_{{\bm{p}}\in\{0,1\}^{K}:{\bm{p}}^{T}\mathbf{1}_{K}=1}\sum_{k=1}^{K}{%
	\bm{p}}_{k}\lVert{\bm{x}}_{n}-\mu_{k}\rVert^{2}_{2},$"
	min[[OPFUNCTION]] _{\mu_{1},\dots,\mu_{k}}[[POSTSUBSCRIPT]] ∑[[SUMOP]] _{n=1}[[POSTSUBSCRIPT]] ^{N}[[POSTSUPERSCRIPT]] min[[OPFUNCTION]] _{c=1,\dots,K}[[POSTSUBSCRIPT]] \lVert[[OPEN]] x[[UNKNOWN]] _{n}[[POSTSUBSCRIPT]] -[[ADDOP]] μ[[UNKNOWN]] _{c}[[POSTSUBSCRIPT]] \rVert[[CLOSE]]
	        > ^{2}[[POSTSUPERSCRIPT]] _{2}[[POSTSUBSCRIPT]] =[[RELOP]] min[[OPFUNCTION]] _{\mu_{1},\dots,\mu_{k}}[[POSTSUBSCRIPT]] ∑[[SUMOP]] _{n=1}[[POSTSUBSCRIPT]] ^{N}[[POSTSUPERSCRIPT]] min[[OPFUNCTION]] _{{\bm{p}}\in\{0,1\}^{K}:{\bm{p}}^{T}\mathbf{1}_{K}=1}[[POSTSUBSCRIPT]] ∑[[SUMOP]] _{k=1}[[POSTSUBSCRIPT]] ^{K}[[POSTSUPERSCRIPT]] p[[UNKNOWN]] _{k}[[POSTSUBSCRIPT]] \lVert[[OPEN]] x[[UNKNOWN]] _{n}[[POSTSUBSCRIPT]] -[[ADDOP]] μ[[UNKNOWN]] _{k}[[POSTSUBSCRIPT]] \rVert[[CLOSE]] ^{2}[[POSTSUPERSCRIPT]] _{2}[[POSTSUBSCRIPT]]
Warning:not_parsed:UNKNOWN.POSTSUBSCRIPT.CLOSE>POSTSUPERSCRIPT MathParser failed to match rule 'Anything'
	at main.tex; line 655 col 8 - line 655 col 8
	In "$\displaystyle\min_{\mu_{1},\dots,\mu_{k}}\sum_{n=1}^{N}\min_{c=1,\dots,K}%
	\lVert{\bm{x}}_{n}-\mu_{c}\rVert^{2}_{2}=\min_{\mu_{1},\dots,\mu_{k}}\min_{{%
	\bm{P}}\in\{0,1\}^{N\times K}:{\bm{P}}\mathbf{1}_{K}}\sum_{n=1}^{N}\sum_{k=1}^%
	{K}{\bm{P}}_{n,k}\lVert{\bm{x}}_{n}-\mu_{k}\rVert^{2}_{2},\@@ENDINLINEMATH"
	min[[OPFUNCTION]] _{\mu_{1},\dots,\mu_{k}}[[POSTSUBSCRIPT]] ∑[[SUMOP]] _{n=1}[[POSTSUBSCRIPT]] ^{N}[[POSTSUPERSCRIPT]] min[[OPFUNCTION]] _{c=1,\dots,K}[[POSTSUBSCRIPT]] \lVert[[OPEN]] x[[UNKNOWN]] _{n}[[POSTSUBSCRIPT]] -[[ADDOP]] μ[[UNKNOWN]] _{c}[[POSTSUBSCRIPT]] \rVert[[CLOSE]]
	        > ^{2}[[POSTSUPERSCRIPT]] _{2}[[POSTSUBSCRIPT]] =[[RELOP]] min[[OPFUNCTION]] _{\mu_{1},\dots,\mu_{k}}[[POSTSUBSCRIPT]] min[[OPFUNCTION]] _{{\bm{P}}\in\{0,1\}^{N\timesK}:{\bm{P}}\mathbf{1}_{K}}[[POSTSUBSCRIPT]] ∑[[SUMOP]] _{n=1}[[POSTSUBSCRIPT]] ^{N}[[POSTSUPERSCRIPT]] ∑[[SUMOP]] _{k=1}[[POSTSUBSCRIPT]] ^{K}[[POSTSUPERSCRIPT]] P[[UNKNOWN]] _{n,k}[[POSTSUBSCRIPT]] \lVert[[OPEN]] x[[UNKNOWN]] _{n}[[POSTSUBSCRIPT]] -[[ADDOP]] μ[[UNKNOWN]] _{k}[[POSTSUBSCRIPT]] \rVert[[CLOSE]] ^{2}[[POSTSUPERSCRIPT]] _{2}[[POSTSUBSCRIPT]]
Warning:not_parsed:UNKNOWN.POSTSUBSCRIPT.CLOSE>POSTSUPERSCRIPT MathParser failed to match rule 'Anything'
	at main.tex; line 655 col 8 - line 656 col 12
	In "$\displaystyle\min_{\mu_{1},\dots,\mu_{k}}\sum_{n=1}^{N}\min_{c=1,\dots,K}%
	\lVert{\bm{x}}_{n}-\mu_{c}\rVert^{2}_{2}=\min_{\mu_{1},\dots,\mu_{k}}\min_{{%
	\bm{P}}\in\{0,1\}^{N\times K}:{\bm{P}}\mathbf{1}_{K}}\sum_{n=1}^{N}\sum_{k=1}^%
	{K}{\bm{P}}_{n,k}\lVert{\bm{x}}_{n}-\mu_{k}\rVert^{2}_{2},$"
	min[[OPFUNCTION]] _{\mu_{1},\dots,\mu_{k}}[[POSTSUBSCRIPT]] ∑[[SUMOP]] _{n=1}[[POSTSUBSCRIPT]] ^{N}[[POSTSUPERSCRIPT]] min[[OPFUNCTION]] _{c=1,\dots,K}[[POSTSUBSCRIPT]] \lVert[[OPEN]] x[[UNKNOWN]] _{n}[[POSTSUBSCRIPT]] -[[ADDOP]] μ[[UNKNOWN]] _{c}[[POSTSUBSCRIPT]] \rVert[[CLOSE]]
	        > ^{2}[[POSTSUPERSCRIPT]] _{2}[[POSTSUBSCRIPT]] =[[RELOP]] min[[OPFUNCTION]] _{\mu_{1},\dots,\mu_{k}}[[POSTSUBSCRIPT]] min[[OPFUNCTION]] _{{\bm{P}}\in\{0,1\}^{N\timesK}:{\bm{P}}\mathbf{1}_{K}}[[POSTSUBSCRIPT]] ∑[[SUMOP]] _{n=1}[[POSTSUBSCRIPT]] ^{N}[[POSTSUPERSCRIPT]] ∑[[SUMOP]] _{k=1}[[POSTSUBSCRIPT]] ^{K}[[POSTSUPERSCRIPT]] P[[UNKNOWN]] _{n,k}[[POSTSUBSCRIPT]] \lVert[[OPEN]] x[[UNKNOWN]] _{n}[[POSTSUBSCRIPT]] -[[ADDOP]] μ[[UNKNOWN]] _{k}[[POSTSUBSCRIPT]] \rVert[[CLOSE]] ^{2}[[POSTSUPERSCRIPT]] _{2}[[POSTSUBSCRIPT]]
Warning:not_parsed:ATOM.POSTSUBSCRIPT>OPEN MathParser failed to match rule 'Anything'
	at main.tex; line 677 col 12 - line 677 col 24
	In "$\text{View}_{i}(.)$"
	\text{View}[[UNKNOWN]] _{i}[[POSTSUBSCRIPT]]
	        > ([[OPEN]] .[[PERIOD]] )[[CLOSE]]
Warning:not_parsed:>PERIOD MathParser failed to match rule 'Subscript'
	at main.tex; line 728 col 201 - line 728 col 201
	In "$\mu_{k}=\frac{1}{\langle{\bm{P}}_{.,k},\mathbf{1}\rangle}\sum_{n=1}^{N}{\bm{P%
	}}_{n,k}{\bm{x}}_{n}$"
	> .[[PERIOD]] ,[[PUNCT]] k[[UNKNOWN]]
Warning:not_parsed:RELOP.LIMITOP.POSTSUBSCRIPT>OPEN MathParser failed to match rule 'Anything'
	at main.tex; line 747 col 4 - line 747 col 4
	In "$\displaystyle\lim_{\sigma\mapsto 0}\sigma MSN=\lim_{\sigma\mapsto 0}\left[%
	\frac{\sigma}{N}\sum^{N}_{n=1}H({\bm{p}}_{n}^{+},{\bm{p}}_{n})+\lambda D_{%
	\text{KL}}({\overline{{\bm{p}}}\ \lVert\ {\bm{p}}_{\text{prior}}})\right]\@@ENDINLINEMATH"
	lim[[LIMITOP]] _{\sigma\mapsto0}[[POSTSUBSCRIPT]] σ[[UNKNOWN]] M[[UNKNOWN]] S[[UNKNOWN]] N[[UNKNOWN]] =[[RELOP]] lim[[LIMITOP]] _{\sigma\mapsto0}[[POSTSUBSCRIPT]]
	        > \left[[[OPEN]] \frac{\sigma}{N}[[UNKNOWN]] ∑[[SUMOP]] ^{N}[[POSTSUPERSCRIPT]] _{n=1}[[POSTSUBSCRIPT]] H[[UNKNOWN]] ([[OPEN]] p[[UNKNOWN]] _{n}[[POSTSUBSCRIPT]] ^{+}[[POSTSUPERSCRIPT]] ,[[PUNCT]] p[[UNKNOWN]] _{n}[[POSTSUBSCRIPT]] )[[CLOSE]] +[[ADDOP]] λ[[UNKNOWN]] D[[UNKNOWN]] _{\text{KL}}[[POSTSUBSCRIPT]] ([[OPEN]] \overline{{\bm{p}}}[[UNKNOWN]] \lVert[[OPEN]] p[[UNKNOWN]] _{\text{prior}}[[POSTSUBSCRIPT]] )[[CLOSE]] \right][[CLOSE]]
Warning:not_parsed:LIMITOP.POSTSUBSCRIPT>OPEN MathParser failed to match rule 'Anything'
	at main.tex; line 747 col 42 - line 747 col 195
	In "$\displaystyle\lim_{\sigma\mapsto 0}\left[\frac{\sigma}{N}\sum^{N}_{n=1}H({\bm%
	{p}}_{n}^{+},{\bm{p}}_{n})+\lambda D_{\text{KL}}({\overline{{\bm{p}}}\ \lVert%
	\ {\bm{p}}_{\text{prior}}})\right]$"
	lim[[LIMITOP]] _{\sigma\mapsto0}[[POSTSUBSCRIPT]]
	        > \left[[[OPEN]] \frac{\sigma}{N}[[UNKNOWN]] ∑[[SUMOP]] ^{N}[[POSTSUPERSCRIPT]] _{n=1}[[POSTSUBSCRIPT]] H[[UNKNOWN]] ([[OPEN]] p[[UNKNOWN]] _{n}[[POSTSUBSCRIPT]] ^{+}[[POSTSUPERSCRIPT]] ,[[PUNCT]] p[[UNKNOWN]] _{n}[[POSTSUBSCRIPT]] )[[CLOSE]] +[[ADDOP]] λ[[UNKNOWN]] D[[UNKNOWN]] _{\text{KL}}[[POSTSUBSCRIPT]] ([[OPEN]] \overline{{\bm{p}}}[[UNKNOWN]] \lVert[[OPEN]] p[[UNKNOWN]] _{\text{prior}}[[POSTSUBSCRIPT]] )[[CLOSE]] \right][[CLOSE]]
Warning:not_parsed:UNKNOWN.RELOP.ATOM>OPEN MathParser failed to match rule 'Anything'
	at main.tex; line 926 col 111 - line 926 col 158
	In "${\bm{p}}=\text{softmax}({\bm{W}}^{t}p_{\gamma}(f_{\theta}({\bm{x}}))$"
	p[[UNKNOWN]] =[[RELOP]] \text{softmax}[[UNKNOWN]]
	        > ([[OPEN]] W[[UNKNOWN]] ^{t}[[POSTSUPERSCRIPT]] p[[UNKNOWN]] _{\gamma}[[POSTSUBSCRIPT]] ([[OPEN]] f[[UNKNOWN]] _{\theta}[[POSTSUBSCRIPT]] ([[OPEN]] x[[UNKNOWN]] )[[CLOSE]] )[[CLOSE]]
 7.15 sec)
Math parsing succeeded:
   ltx:XMWrap: 12/13
   ltx:XMArg: 1152/1155
   ltx:XMath: 362/375
Symbols assumed as simple identifiers (with # of occurences):
   'B{italic}' (1), 'Cov' (9), 'C{italic}' (4), 'D{bold italic}' (1), 'D{italic}' (19), 'G{bold italic}' (69), 'G{italic}' (1), 'H{bold italic}' (2), 'H{italic}' (17), 'I{bold italic}' (66), 'I{italic}' (3), 'K{italic}' (24), 'L{caligraphic}' (4), 'M{bold italic}' (14), 'M{italic}' (3), 'N{italic}' (44), 'P{bold italic}' (44), 'Sigma' (5), 'S{italic}' (3), 'T{italic}' (11), 'W{bold italic}' (14), 'W{italic}' (3), 'X{bold italic}' (5), 'X{italic}' (4), 'Z{bold italic}' (149), 'Z{italic}' (6), 'alpha' (10), 'a{italic}' (1), 'beta' (2), 'c{italic}' (8), 'delta' (4), 'ell' (10), 'epsilon' (4), 'f{italic}' (7), 'gamma' (4), 'g{italic}' (2), 'i{italic}' (19), 'j{italic}' (16), 'k{italic}' (81), 'lambda' (35), 'mu' (91), 'n{italic}' (57), 'pi' (4), 'p{bold italic}' (53), 'p{italic}' (17), 'r{italic}' (12), 'sigma' (27), 'tau' (6), 'u{italic}' (3), 'x{bold italic}' (106), 'x{italic}' (8), 'y{bold italic}' (4), 'z{bold italic}' (21), 'z{italic}' (2), 'ℝ' (4), '𝕏' (30)
Set MATHPARSER_SPECULATE to speculate on possible notations.
(Finalizing... 0.66 sec)
Conversion complete: 19 warnings; 1 error; 1 undefined macro[\iclrfinalcopy]; 3 missing files[pbox.sty, ICLRtemplate/iclr2023_conference.sty, fontawesome.sty] (See parsed.log) (reqd. 34.25s)
