latexml (LaTeXML version 0.8.8) processing paper.tex
(Digesting TeX paper...
(Loading /usr/share/perl5/LaTeXML/Package/TeX.pool.ltxml...
(Loading /usr/share/perl5/LaTeXML/Package/eTeX.pool.ltxml... 0.00 sec)
(Loading /usr/share/perl5/LaTeXML/Package/pdfTeX.pool.ltxml... 0.01 sec) 0.10 sec)
(Processing content /home/miri/Documents/university/DataLit/arXiv_src_fetcher/ICLR_2023_first100/-jP_rDkyfpI/paper.tex...
(Loading /usr/share/perl5/LaTeXML/Package/LaTeX.pool.ltxml...
(Loading /usr/share/perl5/LaTeXML/Package/textcomp.sty.ltxml...
(Processing definitions /usr/share/texlive/texmf-dist/tex/latex/base/ts1enc.dfu... 0.01 sec) 0.23 sec) 0.41 sec)
(Loading /usr/share/perl5/LaTeXML/Package/article.cls.ltxml... 0.01 sec)
(Loading /usr/share/perl5/LaTeXML/Package/microtype.sty.ltxml... 0.00 sec)
(Loading /usr/share/perl5/LaTeXML/Package/graphicx.sty.ltxml...
(Loading /usr/share/perl5/LaTeXML/Package/graphics.sty.ltxml... 0.00 sec) 0.02 sec)
(Loading /usr/share/perl5/LaTeXML/Package/subfigure.sty.ltxml... 0.02 sec)
(Loading /usr/share/perl5/LaTeXML/Package/booktabs.sty.ltxml... 0.00 sec)
(Loading /usr/share/perl5/LaTeXML/Package/hyperref.sty.ltxml...
(Loading /usr/share/perl5/LaTeXML/Package/ltxcmds.sty.ltxml...
(Processing definitions /usr/share/texlive/texmf-dist/tex/generic/ltxcmds/ltxcmds.sty... 0.06 sec) 0.06 sec)
(Loading /usr/share/perl5/LaTeXML/Package/keyval.sty.ltxml...
(Processing definitions /usr/share/texlive/texmf-dist/tex/latex/graphics/keyval.sty... 0.01 sec) 0.01 sec)
(Loading /usr/share/perl5/LaTeXML/Package/kvsetkeys.sty.ltxml...
(Processing definitions /usr/share/texlive/texmf-dist/tex/latex/kvsetkeys/kvsetkeys.sty... 0.05 sec) 0.05 sec)
(Loading /usr/share/perl5/LaTeXML/Package/kvdefinekeys.sty.ltxml...
(Processing definitions /usr/share/texlive/texmf-dist/tex/generic/kvdefinekeys/kvdefinekeys.sty... 0.02 sec) 0.02 sec)
(Loading /usr/share/perl5/LaTeXML/Package/kvoptions.sty.ltxml...
(Processing definitions /usr/share/texlive/texmf-dist/tex/latex/kvoptions/kvoptions.sty... 0.12 sec) 0.13 sec)
(Loading /usr/share/perl5/LaTeXML/Package/nameref.sty.ltxml...
(Loading /usr/share/perl5/LaTeXML/Package/refcount.sty.ltxml...
(Processing definitions /usr/share/texlive/texmf-dist/tex/latex/refcount/refcount.sty...
(Loading /usr/share/perl5/LaTeXML/Package/infwarerr.sty.ltxml...
(Processing definitions /usr/share/texlive/texmf-dist/tex/generic/infwarerr/infwarerr.sty... 0.04 sec) 0.04 sec) 0.11 sec) 0.11 sec)
(Loading /usr/share/perl5/LaTeXML/Package/gettitlestring.sty.ltxml...
(Processing definitions /usr/share/texlive/texmf-dist/tex/generic/gettitlestring/gettitlestring.sty... 0.16 sec) 0.16 sec) 0.30 sec)
(Loading /usr/share/perl5/LaTeXML/Package/url.sty.ltxml... 0.00 sec)
(Loading /usr/share/perl5/LaTeXML/Package/bitset.sty.ltxml...
(Processing definitions /usr/share/texlive/texmf-dist/tex/generic/bitset/bitset.sty...
(Loading /usr/share/perl5/LaTeXML/Package/intcalc.sty.ltxml...
(Processing definitions /usr/share/texlive/texmf-dist/tex/generic/intcalc/intcalc.sty... 0.05 sec) 0.05 sec)
(Loading /usr/share/perl5/LaTeXML/Package/bigintcalc.sty.ltxml...
(Processing definitions /usr/share/texlive/texmf-dist/tex/generic/bigintcalc/bigintcalc.sty...
(Loading /usr/share/perl5/LaTeXML/Package/pdftexcmds.sty.ltxml...
(Loading /usr/share/perl5/LaTeXML/Package/iftex.sty.ltxml... 0.00 sec) 0.01 sec) 0.16 sec) 0.16 sec) 0.39 sec) 0.39 sec) 1.05 sec)
Info:fallback:icml2024.sty Interpreted 2024 as a versioned package/class name, falling back to generic icml.sty
	at paper.tex; line 32 col 0 - line 32 col 1
(Loading /usr/share/perl5/LaTeXML/Package/icml.sty.ltxml...
(Loading /usr/share/perl5/LaTeXML/Package/icml_support.sty.ltxml...
(Loading /usr/share/perl5/LaTeXML/Package/times.sty.ltxml... 0.00 sec)
(Loading /usr/share/perl5/LaTeXML/Package/fancyhdr.sty.ltxml... 0.00 sec)
(Loading /usr/share/perl5/LaTeXML/Package/color.sty.ltxml... 0.01 sec)
(Loading /usr/share/perl5/LaTeXML/Package/algorithm.sty.ltxml...
(Processing definitions /home/miri/Documents/university/DataLit/arXiv_src_fetcher/ICLR_2023_first100/-jP_rDkyfpI/algorithm.sty...
Document Style `algorithm' - floating environment
(Loading /usr/share/perl5/LaTeXML/Package/float.sty.ltxml... 0.00 sec)
(Loading /usr/share/perl5/LaTeXML/Package/ifthen.sty.ltxml...
(Processing definitions /usr/share/texlive/texmf-dist/tex/latex/base/ifthen.sty... 0.02 sec) 0.02 sec) 0.06 sec) 0.07 sec)
(Loading /usr/share/perl5/LaTeXML/Package/algorithmic.sty.ltxml...
(Processing definitions /home/miri/Documents/university/DataLit/arXiv_src_fetcher/ICLR_2023_first100/-jP_rDkyfpI/algorithmic.sty...
Document Style `algorithmic' - environment
(Loading /usr/share/perl5/LaTeXML/Package/calc.sty.ltxml... 0.00 sec) 0.06 sec) 0.06 sec)
(Loading /usr/share/perl5/LaTeXML/Package/natbib.sty.ltxml... 0.02 sec) 0.20 sec) 0.21 sec)
(Loading /usr/share/perl5/LaTeXML/Package/amsmath.sty.ltxml...
(Loading /usr/share/perl5/LaTeXML/Package/amsbsy.sty.ltxml...
(Loading /usr/share/perl5/LaTeXML/Package/amsgen.sty.ltxml... 0.01 sec) 0.02 sec)
(Loading /usr/share/perl5/LaTeXML/Package/amstext.sty.ltxml... 0.01 sec)
(Loading /usr/share/perl5/LaTeXML/Package/amsopn.sty.ltxml... 0.01 sec) 0.10 sec)
(Loading /usr/share/perl5/LaTeXML/Package/amssymb.sty.ltxml...
(Loading /usr/share/perl5/LaTeXML/Package/amsfonts.sty.ltxml... 0.00 sec) 0.03 sec)
(Loading /usr/share/perl5/LaTeXML/Package/mathtools.sty.ltxml... 0.05 sec)
(Loading /usr/share/perl5/LaTeXML/Package/amsthm.sty.ltxml... 0.01 sec)
(Loading /usr/share/perl5/LaTeXML/Package/cleveref.sty.ltxml...
(Processing definitions /usr/share/texlive/texmf-dist/tex/latex/cleveref/cleveref.sty...
Info:latex:(cleveref)  Package cleveref Info: `hyperref' support loaded        
	at cleveref.sty; line 2370 col 1 - line 2370 col 1
Info:latex:(cleveref)  Package cleveref Info: `amsthm' support loaded        
	at cleveref.sty; line 3026 col 3 - line 3026 col 3
Info:latex:(cleveref)  Package cleveref Info: always capitalise cross-reference names        
	at cleveref.sty; line 7852 col 22 - line 7852 col 22
Info:latex:(cleveref)  Package cleveref Info: no abbreviation of names        
	at cleveref.sty; line 7852 col 22 - line 7852 col 22
 1.12 sec) 1.12 sec)
(Loading /usr/share/perl5/LaTeXML/Package/thmtools.sty.ltxml... 0.00 sec)
(Loading /usr/share/perl5/LaTeXML/Package/thm-restate.sty.ltxml... 0.00 sec)
(Loading /usr/share/perl5/LaTeXML/Package/enumitem.sty.ltxml... 0.01 sec)
(Loading /usr/share/perl5/LaTeXML/Package/caption.sty.ltxml... 0.01 sec)
(Loading /usr/share/perl5/LaTeXML/Package/todonotes.sty.ltxml...
(Loading /usr/share/perl5/LaTeXML/Package/xkeyval.sty.ltxml... 0.01 sec)
(Loading /usr/share/perl5/LaTeXML/Package/xcolor.sty.ltxml... 0.04 sec)
(Loading /usr/share/perl5/LaTeXML/Package/tikz.sty.ltxml...
(Processing definitions /usr/share/texlive/texmf-dist/tex/latex/pgf/frontendlayer/tikz.sty...
(Loading /usr/share/perl5/LaTeXML/Package/pgf.sty.ltxml...
(Processing definitions /usr/share/texlive/texmf-dist/tex/latex/pgf/basiclayer/pgf.sty...
(Processing definitions /usr/share/texlive/texmf-dist/tex/latex/pgf/utilities/pgfrcs.sty...
(Loading /usr/share/perl5/LaTeXML/Package/pgfutil-common.tex.ltxml...
(Processing definitions /usr/share/texlive/texmf-dist/tex/generic/pgf/utilities/pgfutil-common.tex... 0.07 sec) 0.07 sec)
(Processing definitions /usr/share/texlive/texmf-dist/tex/generic/pgf/utilities/pgfutil-latex.def...
(Processing definitions /usr/share/texlive/texmf-dist/tex/latex/everyshi/everyshi.sty...
(Processing definitions /usr/share/texlive/texmf-dist/tex/latex/everyshi/everyshi-2001-05-15.sty... 0.01 sec) 0.05 sec) 0.10 sec)
(Processing definitions /usr/share/texlive/texmf-dist/tex/generic/pgf/utilities/pgfrcs.code.tex...
(Processing definitions /usr/share/texlive/texmf-dist/tex/generic/pgf/pgf.revision.tex... 0.00 sec) 0.02 sec) 0.22 sec)
(Processing definitions /usr/share/texlive/texmf-dist/tex/latex/pgf/basiclayer/pgfcore.sty...
(Processing definitions /usr/share/texlive/texmf-dist/tex/latex/pgf/systemlayer/pgfsys.sty...
(Processing definitions /usr/share/texlive/texmf-dist/tex/generic/pgf/systemlayer/pgfsys.code.tex...
(Loading /usr/share/perl5/LaTeXML/Package/pgfkeys.code.tex.ltxml...
(Processing definitions /usr/share/texlive/texmf-dist/tex/generic/pgf/utilities/pgfkeys.code.tex...
(Processing definitions /usr/share/texlive/texmf-dist/tex/generic/pgf/utilities/pgfkeyslibraryfiltered.code.tex... 0.27 sec) 0.90 sec) 0.90 sec)
(Processing definitions /usr/share/texlive/texmf-dist/tex/generic/pgf/systemlayer/pgf.cfg... 0.00 sec)
Driver file for pgf: pgfsys-latexml.def
(Loading /usr/share/perl5/LaTeXML/Package/pgfsys-latexml.def.ltxml... 0.02 sec) 1.10 sec)
(Processing definitions /usr/share/texlive/texmf-dist/tex/generic/pgf/systemlayer/pgfsyssoftpath.code.tex... 0.02 sec)
(Processing definitions /usr/share/texlive/texmf-dist/tex/generic/pgf/systemlayer/pgfsysprotocol.code.tex... 0.00 sec) 1.14 sec)
(Processing definitions /usr/share/texlive/texmf-dist/tex/generic/pgf/basiclayer/pgfcore.code.tex...
(Loading /usr/share/perl5/LaTeXML/Package/pgfmath.code.tex.ltxml...
(Processing definitions /usr/share/texlive/texmf-dist/tex/generic/pgf/math/pgfmath.code.tex...
(Processing definitions /usr/share/texlive/texmf-dist/tex/generic/pgf/math/pgfmathutil.code.tex... 0.04 sec)
(Processing definitions /usr/share/texlive/texmf-dist/tex/generic/pgf/math/pgfmathparser.code.tex... 0.15 sec)
(Processing definitions /usr/share/texlive/texmf-dist/tex/generic/pgf/math/pgfmathfunctions.code.tex... 0.09 sec)
(Processing definitions /usr/share/texlive/texmf-dist/tex/generic/pgf/math/pgfmathfunctions.basic.code.tex... 0.17 sec)
(Processing definitions /usr/share/texlive/texmf-dist/tex/generic/pgf/math/pgfmathfunctions.trigonometric.code.tex... 0.66 sec)
(Processing definitions /usr/share/texlive/texmf-dist/tex/generic/pgf/math/pgfmathfunctions.random.code.tex... 0.03 sec)
(Processing definitions /usr/share/texlive/texmf-dist/tex/generic/pgf/math/pgfmathfunctions.comparison.code.tex... 0.13 sec)
(Processing definitions /usr/share/texlive/texmf-dist/tex/generic/pgf/math/pgfmathfunctions.base.code.tex... 0.07 sec)
(Processing definitions /usr/share/texlive/texmf-dist/tex/generic/pgf/math/pgfmathfunctions.round.code.tex... 0.04 sec)
(Processing definitions /usr/share/texlive/texmf-dist/tex/generic/pgf/math/pgfmathfunctions.misc.code.tex... 0.12 sec)
(Processing definitions /usr/share/texlive/texmf-dist/tex/generic/pgf/math/pgfmathfunctions.integerarithmetics.code.tex... 0.05 sec)
(Loading /usr/share/perl5/LaTeXML/Package/pgfmathcalc.code.tex.ltxml...
(Processing definitions /usr/share/texlive/texmf-dist/tex/generic/pgf/math/pgfmathcalc.code.tex... 0.04 sec) 0.04 sec)
(Processing definitions /usr/share/texlive/texmf-dist/tex/generic/pgf/math/pgfmathfloat.code.tex... 1.12 sec) 2.72 sec) 2.73 sec)
(Processing definitions /usr/share/texlive/texmf-dist/tex/generic/pgf/math/pgfint.code.tex... 0.01 sec)
(Processing definitions /usr/share/texlive/texmf-dist/tex/generic/pgf/basiclayer/pgfcorepoints.code.tex... 0.08 sec)
(Processing definitions /usr/share/texlive/texmf-dist/tex/generic/pgf/basiclayer/pgfcorepathconstruct.code.tex... 0.09 sec)
(Processing definitions /usr/share/texlive/texmf-dist/tex/generic/pgf/basiclayer/pgfcorepathusage.code.tex... 0.15 sec)
(Processing definitions /usr/share/texlive/texmf-dist/tex/generic/pgf/basiclayer/pgfcorescopes.code.tex... 0.17 sec)
(Processing definitions /usr/share/texlive/texmf-dist/tex/generic/pgf/basiclayer/pgfcoregraphicstate.code.tex... 0.02 sec)
(Processing definitions /usr/share/texlive/texmf-dist/tex/generic/pgf/basiclayer/pgfcoretransformations.code.tex... 0.05 sec)
(Processing definitions /usr/share/texlive/texmf-dist/tex/generic/pgf/basiclayer/pgfcorequick.code.tex... 0.01 sec)
(Processing definitions /usr/share/texlive/texmf-dist/tex/generic/pgf/basiclayer/pgfcoreobjects.code.tex... 0.00 sec)
(Processing definitions /usr/share/texlive/texmf-dist/tex/generic/pgf/basiclayer/pgfcorepathprocessing.code.tex... 0.04 sec)
(Processing definitions /usr/share/texlive/texmf-dist/tex/generic/pgf/basiclayer/pgfcorearrows.code.tex... 1.28 sec)
(Processing definitions /usr/share/texlive/texmf-dist/tex/generic/pgf/basiclayer/pgfcoreshade.code.tex... 0.07 sec)
(Processing definitions /usr/share/texlive/texmf-dist/tex/generic/pgf/basiclayer/pgfcoreimage.code.tex... 0.10 sec)
(Processing definitions /usr/share/texlive/texmf-dist/tex/generic/pgf/basiclayer/pgfcoreexternal.code.tex... 0.09 sec)
(Processing definitions /usr/share/texlive/texmf-dist/tex/generic/pgf/basiclayer/pgfcorelayers.code.tex... 0.01 sec)
(Processing definitions /usr/share/texlive/texmf-dist/tex/generic/pgf/basiclayer/pgfcoretransparency.code.tex... 0.05 sec)
(Processing definitions /usr/share/texlive/texmf-dist/tex/generic/pgf/basiclayer/pgfcorepatterns.code.tex... 0.02 sec)
(Processing definitions /usr/share/texlive/texmf-dist/tex/generic/pgf/basiclayer/pgfcorerdf.code.tex... 0.01 sec) 5.02 sec) 6.18 sec)
(Processing definitions /usr/share/texlive/texmf-dist/tex/generic/pgf/modules/pgfmoduleshapes.code.tex... 0.23 sec)
(Processing definitions /usr/share/texlive/texmf-dist/tex/generic/pgf/modules/pgfmoduleplot.code.tex... 0.23 sec)
(Processing definitions /usr/share/texlive/texmf-dist/tex/latex/pgf/compatibility/pgfcomp-version-0-65.sty... 0.24 sec)
(Processing definitions /usr/share/texlive/texmf-dist/tex/latex/pgf/compatibility/pgfcomp-version-1-18.sty... 0.03 sec) 7.18 sec) 7.18 sec)
(Processing definitions /usr/share/texlive/texmf-dist/tex/latex/pgf/utilities/pgffor.sty...
(Processing definitions /usr/share/texlive/texmf-dist/tex/latex/pgf/utilities/pgfkeys.sty... 0.00 sec)
(Processing definitions /usr/share/texlive/texmf-dist/tex/latex/pgf/math/pgfmath.sty... 0.03 sec)
(Processing definitions /usr/share/texlive/texmf-dist/tex/generic/pgf/utilities/pgffor.code.tex... 0.23 sec) 0.30 sec)
(Processing definitions /usr/share/texlive/texmf-dist/tex/generic/pgf/frontendlayer/tikz/tikz.code.tex...
(Processing definitions /usr/share/texlive/texmf-dist/tex/generic/pgf/libraries/pgflibraryplothandlers.code.tex... 0.12 sec)
Fatal:interrupt:interrupted LaTeXML was interrupted
	at tikz.code.tex; line 1184 col 1 - line 1184 col 1
	INT
	In Core::Definition::Primitive[\edef Ski... /usr/share/perl5/LaTeXML/Package/TeX.pool.ltxml; line 1288
	 <= Core::Stomach[@0x5ac5940ba9c8] <= Core::Gullet[@0x5ac5940ba338] <= Core::Definition::Primitive[\ltx@inpu... <= Core::Stomach[@0x5ac5940ba9c8] <= Core::Gullet[@0x5ac5940ba338] <= Core::Definition::Constructor[\usepac... <= Core::Stomach[@0x5ac5940ba9c8]
Conversion failed: 1 fatal error (See parsed.log) (reqd. 11.92s)
