\BOOKMARK [1][-]{section.1}{\376\377\000I\000n\000t\000r\000o\000d\000u\000c\000e}{}% 1
\BOOKMARK [1][-]{section.2}{\376\377\000S\000l\000o\000w\000\040\000D\000r\000i\000f\000t\000\040\000P\000h\000e\000n\000o\000m\000e\000n\000o\000n\000\040\000o\000f\000\040\000F\000e\000a\000t\000u\000r\000e\000s\000\040\000a\000n\000d\000\040\000M\000a\000r\000g\000i\000n\000a\000l\000\040\000E\000f\000f\000e\000c\000t}{}% 2
\BOOKMARK [1][-]{section.3}{\376\377\000S\000e\000m\000a\000n\000t\000i\000c\000\040\000S\000c\000a\000l\000e\000\040\000I\000m\000b\000a\000l\000a\000n\000c\000e}{}% 3
\BOOKMARK [2][-]{subsection.3.1}{\376\377\000D\000e\000f\000i\000n\000i\000t\000i\000o\000n\000s}{section.3}% 4
\BOOKMARK [2][-]{subsection.3.2}{\376\377\000Q\000u\000a\000n\000t\000i\000f\000i\000c\000a\000t\000i\000o\000n\000\040\000o\000f\000\040\000S\000e\000m\000a\000n\000t\000i\000c\000\040\000S\000c\000a\000l\000e}{section.3}% 5
\BOOKMARK [2][-]{subsection.3.3}{\376\377\000M\000a\000r\000g\000i\000n\000a\000l\000\040\000E\000f\000f\000e\000c\000t\000\040\000o\000f\000\040\000S\000e\000m\000a\000n\000t\000i\000c\000\040\000S\000c\000a\000l\000e}{section.3}% 6
\BOOKMARK [2][-]{subsection.3.4}{\376\377\000S\000e\000m\000a\000n\000t\000i\000c\000\040\000S\000c\000a\000l\000e\000\040\000I\000m\000b\000a\000l\000a\000n\000c\000e\000\040\000a\000n\000d\000\040\000M\000o\000d\000e\000l\000\040\000B\000i\000a\000s\000\040}{section.3}% 7
\BOOKMARK [3][-]{subsubsection.3.4.1}{\376\377\000Q\000u\000a\000n\000t\000i\000f\000i\000c\000a\000t\000i\000o\000n\000\040\000o\000f\000\040\000S\000e\000m\000a\000n\000t\000i\000c\000\040\000S\000c\000a\000l\000e\000\040\000I\000m\000b\000a\000l\000a\000n\000c\000e}{subsection.3.4}% 8
\BOOKMARK [3][-]{subsubsection.3.4.2}{\376\377\000S\000e\000m\000a\000n\000t\000i\000c\000\040\000S\000c\000a\000l\000e\000\040\000I\000m\000b\000a\000l\000a\000n\000c\000e\000\040\000o\000n\000\040\000L\000o\000n\000g\000-\000T\000a\000i\000l\000e\000d\000\040\000D\000a\000t\000a}{subsection.3.4}% 9
\BOOKMARK [3][-]{subsubsection.3.4.3}{\376\377\000S\000e\000m\000a\000n\000t\000i\000c\000\040\000S\000c\000a\000l\000e\000\040\000I\000m\000b\000a\000l\000a\000n\000c\000e\000\040\000o\000n\000\040\000N\000o\000n\000-\000L\000o\000n\000g\000-\000T\000a\000i\000l\000e\000d\000\040\000D\000a\000t\000a}{subsection.3.4}% 10
\BOOKMARK [1][-]{section.4}{\376\377\000D\000y\000n\000a\000m\000i\000c\000\040\000S\000e\000m\000a\000n\000t\000i\000c\000-\000S\000c\000a\000l\000e\000-\000B\000a\000l\000a\000n\000c\000e\000d\000\040\000L\000e\000a\000r\000n\000i\000n\000g}{}% 11
\BOOKMARK [2][-]{subsection.4.1}{\376\377\000D\000y\000n\000a\000m\000i\000c\000\040\000S\000e\000m\000a\000n\000t\000i\000c\000-\000S\000c\000a\000l\000e\000-\000B\000a\000l\000a\000n\000c\000e\000d\000\040\000L\000o\000s\000s}{section.4}% 12
\BOOKMARK [2][-]{subsection.4.2}{\376\377\000D\000y\000n\000a\000m\000i\000c\000\040\000R\000e\000-\000W\000e\000i\000g\000h\000t\000i\000n\000g\000\040\000T\000r\000a\000i\000n\000i\000n\000g\000\040\000F\000r\000a\000m\000e\000w\000o\000r\000k}{section.4}% 13
\BOOKMARK [1][-]{section.5}{\376\377\000E\000x\000p\000e\000r\000i\000m\000e\000n\000t\000s}{}% 14
\BOOKMARK [2][-]{subsection.5.1}{\376\377\000R\000e\000s\000u\000l\000t\000s\000\040\000o\000n\000\040\000I\000m\000a\000g\000e\000N\000e\000t\000-\000L\000T\000\040\000a\000n\000d\000\040\000i\000N\000a\000t\000u\000r\000a\000l\000i\000s\000t\0002\0000\0001\0008\000\040}{section.5}% 15
\BOOKMARK [2][-]{subsection.5.2}{\376\377\000R\000e\000s\000u\000l\000t\000s\000\040\000o\000n\000\040\000I\000m\000a\000g\000e\000N\000e\000t\000\040\000a\000n\000d\000\040\000C\000I\000F\000A\000R\000-\0001\0000\0000}{section.5}% 16
\BOOKMARK [2][-]{subsection.5.3}{\376\377\000R\000e\000s\000u\000l\000t\000s\000\040\000o\000n\000\040\000C\000U\000B\000-\0002\0000\0001\0001\000,\000\040\000C\000a\000r\000s\0001\0009\0006\000\040\000a\000n\000d\000\040\000C\000I\000F\000A\000R\000-\0001\0000\0000\000-\000L\000T}{section.5}% 17
\BOOKMARK [2][-]{subsection.5.4}{\376\377\000T\000h\000e\000\040\000p\000e\000r\000f\000o\000r\000m\000a\000n\000c\000e\000\040\000o\000f\000\040\000d\000y\000n\000a\000m\000i\000c\000\040\000s\000e\000m\000a\000n\000t\000i\000c\000-\000s\000c\000a\000l\000e\000-\000b\000a\000l\000a\000n\000c\000e\000d\000\040\000l\000e\000a\000r\000n\000i\000n\000g\000\040\000i\000n\000\040\000g\000e\000n\000e\000r\000a\000l\000i\000z\000e\000d\000\040\000l\000o\000n\000g\000-\000t\000a\000i\000l\000e\000d\000\040\000l\000e\000a\000r\000n\000i\000n\000g}{section.5}% 18
\BOOKMARK [2][-]{subsection.5.5}{\376\377\000E\000x\000p\000e\000r\000i\000m\000e\000n\000t\000\040\000S\000u\000m\000m\000a\000r\000y}{section.5}% 19
\BOOKMARK [1][-]{section.6}{\376\377\000D\000i\000s\000c\000u\000s\000s\000i\000o\000n}{}% 20
\BOOKMARK [1][-]{section.7}{\376\377\000A\000c\000k\000n\000o\000w\000l\000e\000d\000g\000e\000m\000e\000n\000t\000s}{}% 21
\BOOKMARK [1][-]{appendix.A}{\376\377\000R\000e\000l\000a\000t\000e\000d\000\040\000W\000o\000r\000k}{}% 22
\BOOKMARK [1][-]{appendix.B}{\376\377\000E\000x\000p\000l\000a\000n\000a\000t\000i\000o\000n\000\040\000o\000f\000\040\000a\000\040\000f\000e\000w\000\040\000k\000e\000y\000\040\000p\000o\000i\000n\000t\000s}{}% 23
\BOOKMARK [2][-]{subsection.B.1}{\376\377\000H\000o\000w\000\040\000d\000o\000e\000s\000\040\000t\000h\000e\000\040\000s\000e\000c\000t\000i\000o\000n\000\040\000"\000S\000l\000o\000w\000\040\000d\000r\000i\000f\000t\000\040\000p\000h\000e\000n\000o\000m\000e\000n\000o\000n\000\040\000a\000n\000d\000\040\000m\000a\000r\000g\000i\000n\000a\000l\000\040\000e\000f\000f\000e\000c\000t\000s\000\040\000o\000f\000\040\000c\000h\000a\000r\000a\000c\000t\000e\000r\000i\000s\000t\000i\000c\000s\000"\000\040\000r\000e\000l\000a\000t\000e\000\040\000t\000o\000\040\000t\000h\000e\000\040\000r\000e\000s\000t\000\040\000o\000f\000\040\000t\000h\000e\000\040\000p\000a\000p\000e\000r\000?}{appendix.B}% 24
\BOOKMARK [2][-]{subsection.B.2}{\376\377\000W\000h\000y\000\040\000f\000o\000c\000u\000s\000\040\000o\000n\000\040\000t\000h\000e\000\040\000r\000e\000l\000a\000t\000i\000o\000n\000s\000h\000i\000p\000\040\000b\000e\000t\000w\000e\000e\000n\000\040\000s\000e\000m\000a\000n\000t\000i\000c\000\040\000s\000c\000a\000l\000e\000\040\000a\000n\000d\000\040\000a\000c\000c\000u\000r\000a\000c\000y\000?}{appendix.B}% 25
\BOOKMARK [2][-]{subsection.B.3}{\376\377\000W\000h\000y\000\040\000s\000h\000o\000u\000l\000d\000\040\000t\000h\000e\000\040\000l\000o\000s\000s\000\040\000f\000u\000n\000c\000t\000i\000o\000n\000\040\000b\000e\000\040\000d\000y\000n\000a\000m\000i\000c\000a\000l\000l\000y\000\040\000w\000e\000i\000g\000h\000t\000e\000d\000?}{appendix.B}% 26
\BOOKMARK [2][-]{subsection.B.4}{\376\377\000w\000h\000a\000t\000\040\000i\000s\000\040\000t\000h\000e\000\040\000p\000o\000i\000n\000t\000\040\000o\000f\000\040\000p\000r\000o\000p\000o\000s\000i\000n\000g\000\040\000a\000\040\000v\000a\000r\000i\000e\000t\000y\000\040\000o\000f\000\040\000c\000o\000s\000t\000-\000s\000e\000n\000s\000i\000t\000i\000v\000e\000\040\000l\000e\000a\000r\000n\000i\000n\000g\000\040\000m\000e\000t\000h\000o\000d\000s\000?\000\040\000W\000h\000y\000\040\000n\000o\000t\000\040\000d\000i\000r\000e\000c\000t\000l\000y\000\040\000u\000s\000e\000\040\000t\000h\000e\000\040\000a\000c\000c\000u\000r\000a\000c\000y\000\040\000o\000f\000\040\000e\000a\000c\000h\000\040\000c\000l\000a\000s\000s\000\040\000t\000o\000\040\000w\000e\000i\000g\000h\000t\000\040\000t\000h\000e\000\040\000l\000o\000s\000s\000?}{appendix.B}% 27
\BOOKMARK [1][-]{appendix.C}{\376\377\000E\000x\000p\000e\000r\000i\000m\000e\000n\000t\000s\000\040\000o\000n\000\040\000S\000t\000a\000n\000f\000o\000r\000d\000\040\000p\000o\000i\000n\000t\000\040\000c\000l\000o\000u\000d\000\040\000m\000a\000n\000i\000f\000o\000l\000d\000s}{}% 28
\BOOKMARK [1][-]{appendix.D}{\376\377\000E\000x\000p\000e\000r\000i\000m\000e\000n\000t\000a\000l\000\040\000D\000e\000t\000a\000i\000l\000s}{}% 29
\BOOKMARK [2][-]{subsection.D.1}{\376\377\000M\000a\000r\000g\000i\000n\000a\000l\000\040\000E\000f\000f\000e\000c\000t\000\040\000o\000f\000\040\000S\000e\000m\000a\000n\000t\000i\000c\000\040\000S\000c\000a\000l\000e}{appendix.D}% 30
\BOOKMARK [2][-]{subsection.D.2}{\376\377\000Q\000u\000a\000n\000t\000i\000f\000i\000c\000a\000t\000i\000o\000n\000\040\000o\000f\000\040\000S\000e\000m\000a\000n\000t\000i\000c\000\040\000S\000c\000a\000l\000e\000\040\000I\000m\000b\000a\000l\000a\000n\000c\000e}{appendix.D}% 31
\BOOKMARK [2][-]{subsection.D.3}{\376\377\000S\000e\000m\000a\000n\000t\000i\000c\000\040\000S\000c\000a\000l\000e\000\040\000I\000m\000b\000a\000l\000a\000n\000c\000e\000\040\000o\000n\000\040\000L\000o\000n\000g\000-\000T\000a\000i\000l\000e\000d\000\040\000D\000a\000t\000a}{appendix.D}% 32
\BOOKMARK [2][-]{subsection.D.4}{\376\377\000S\000e\000m\000a\000n\000t\000i\000c\000\040\000S\000c\000a\000l\000e\000\040\000I\000m\000b\000a\000l\000a\000n\000c\000e\000\040\000f\000o\000r\000\040\000M\000o\000r\000e\000\040\000D\000a\000t\000a\000s\000e\000t\000s}{appendix.D}% 33
\BOOKMARK [2][-]{subsection.D.5}{\376\377\000E\000x\000p\000e\000r\000i\000m\000e\000n\000t\000a\000l\000\040\000S\000e\000t\000t\000i\000n\000g\000s\000\040\000f\000o\000r\000\040\000S\000e\000c\000t\000i\000o\000n\000\040\0005\000.\0003\000\040\000a\000n\000d\000\040\000M\000o\000r\000e\000\040\000E\000x\000p\000e\000r\000i\000m\000e\000n\000t\000s}{appendix.D}% 34
\BOOKMARK [3][-]{subsubsection.D.5.1}{\376\377\000E\000x\000p\000e\000r\000i\000m\000e\000n\000t\000a\000l\000\040\000S\000e\000t\000t\000i\000n\000g\000s\000\040\000f\000o\000r\000\040\000S\000e\000c\000t\000i\000o\000n\000\040\0005\000.\0003}{subsection.D.5}% 35
\BOOKMARK [3][-]{subsubsection.D.5.2}{\376\377\000M\000o\000r\000e\000\040\000E\000x\000p\000e\000r\000i\000m\000e\000n\000t\000s}{subsection.D.5}% 36
\BOOKMARK [2][-]{subsection.D.6}{\376\377\000R\000e\000s\000u\000l\000t\000s\000\040\000o\000n\000\040\000t\000h\000e\000\040\000f\000u\000n\000d\000u\000s\000\040\000d\000a\000t\000a\000s\000e\000t\000s\000\040\000O\000I\000A\000-\000O\000D\000I\000R\000\040\000a\000n\000d\000\040\000O\000I\000A\000-\000O\000D\000I\000R\000-\000B}{appendix.D}% 37
\BOOKMARK [3][-]{subsubsection.D.6.1}{\376\377\000D\000a\000t\000a\000s\000e\000t\000\040\000I\000n\000t\000r\000o\000d\000u\000c\000t\000i\000o\000n}{subsection.D.6}% 38
\BOOKMARK [3][-]{subsubsection.D.6.2}{\376\377\000B\000a\000c\000k\000b\000o\000n\000e\000\040\000N\000e\000t\000w\000o\000r\000k\000\040\000a\000n\000d\000\040\000E\000x\000p\000e\000r\000i\000m\000e\000n\000t\000a\000l\000\040\000P\000a\000r\000a\000m\000e\000t\000e\000r\000s}{subsection.D.6}% 39
\BOOKMARK [3][-]{subsubsection.D.6.3}{\376\377\000R\000e\000s\000u\000l\000t\000s\000\040\000o\000n\000\040\000O\000I\000A\000-\000O\000D\000I\000R}{subsection.D.6}% 40
\BOOKMARK [3][-]{subsubsection.D.6.4}{\376\377\000R\000e\000s\000u\000l\000t\000s\000\040\000o\000n\000\040\000O\000I\000A\000-\000O\000D\000I\000R\000-\000B}{subsection.D.6}% 41
\BOOKMARK [2][-]{subsection.D.7}{\376\377\000R\000e\000m\000o\000t\000e\000\040\000s\000e\000n\000s\000i\000n\000g\000\040\000i\000m\000a\000g\000e\000\040\000s\000c\000e\000n\000e\000\040\000c\000l\000a\000s\000s\000i\000f\000i\000c\000a\000t\000i\000o\000n}{appendix.D}% 42
\BOOKMARK [3][-]{subsubsection.D.7.1}{\376\377\000D\000a\000t\000a\000s\000e\000t\000\040\000I\000n\000t\000r\000o\000d\000u\000c\000t\000i\000o\000n}{subsection.D.7}% 43
\BOOKMARK [3][-]{subsubsection.D.7.2}{\376\377\000B\000a\000c\000k\000b\000o\000n\000e\000\040\000N\000e\000t\000w\000o\000r\000k\000\040\000a\000n\000d\000\040\000E\000x\000p\000e\000r\000i\000m\000e\000n\000t\000a\000l\000\040\000P\000a\000r\000a\000m\000e\000t\000e\000r\000s}{subsection.D.7}% 44
\BOOKMARK [3][-]{subsubsection.D.7.3}{\376\377\000R\000e\000s\000u\000l\000t\000s\000\040\000o\000n\000\040\000R\000S\000S\000C\000N\0007}{subsection.D.7}% 45
\BOOKMARK [3][-]{subsubsection.D.7.4}{\376\377\000R\000e\000s\000u\000l\000t\000s\000\040\000o\000n\000\040\000N\000W\000P\000U\000-\000R\000E\000S\000I\000S\000C\0004\0005}{subsection.D.7}% 46
\BOOKMARK [1][-]{appendix.E}{\376\377\000P\000s\000e\000u\000d\000o\000\040\000C\000o\000d\000e\000\040\000f\000o\000r\000\040\000S\000a\000m\000p\000l\000e\000\040\000V\000o\000l\000u\000m\000e}{}% 47
\BOOKMARK [1][-]{appendix.F}{\376\377\000D\000y\000n\000a\000m\000i\000c\000\040\000S\000e\000m\000a\000n\000t\000i\000c\000-\000S\000c\000a\000l\000e\000-\000B\000a\000l\000a\000n\000c\000e\000d\000\040\000L\000e\000a\000r\000n\000i\000n\000g}{}% 48
\BOOKMARK [2][-]{subsection.F.1}{\376\377\000D\000S\000B\000-\000N\000S\000M\000,\000\040\000D\000S\000B\000-\000S\000T\000\040\000a\000n\000d\000\040\000D\000S\000B\000-\000F\000o\000c\000a\000l\000\040\000L\000o\000s\000s}{appendix.F}% 49
\BOOKMARK [2][-]{subsection.F.2}{\376\377\000D\000y\000n\000a\000m\000i\000c\000\040\000R\000e\000-\000W\000e\000i\000g\000h\000t\000i\000n\000g\000\040\000T\000r\000a\000i\000n\000i\000n\000g\000\040\000F\000r\000a\000m\000e\000w\000o\000r\000k}{appendix.F}% 50
\BOOKMARK [1][-]{appendix.G}{\376\377\000V\000o\000l\000u\000m\000e\000\040\000F\000o\000r\000m\000u\000l\000a\000\040\000f\000o\000r\000\040\000t\000h\000e\000\040\000L\000o\000w\000-\000D\000i\000m\000e\000n\000s\000i\000o\000n\000a\000l\000\040\000P\000a\000r\000a\000l\000l\000e\000l\000\040\000H\000e\000x\000a\000h\000e\000d\000r\000o\000n\000\040\000i\000n\000\040\000t\000h\000e\000\040\000H\000i\000g\000h\000-\000D\000i\000m\000e\000n\000s\000i\000o\000n\000a\000l\000\040\000S\000p\000a\000c\000e}{}% 51
\BOOKMARK [1][-]{appendix.H}{\376\377\000M\000o\000r\000e\000\040\000a\000n\000a\000l\000y\000s\000i\000s\000\040}{}% 52
\BOOKMARK [2][-]{subsection.H.1}{\376\377\000T\000h\000e\000\040\000e\000f\000f\000e\000c\000t\000i\000v\000e\000n\000e\000s\000s\000\040\000o\000f\000\040\000d\000y\000n\000a\000m\000i\000c\000\040\000s\000e\000m\000a\000n\000t\000i\000c\000-\000s\000c\000a\000l\000e\000-\000b\000a\000l\000a\000n\000c\000e\000d\000\040\000l\000e\000a\000r\000n\000i\000n\000g\000\040\000w\000i\000t\000h\000o\000u\000t\000\040\000c\000o\000n\000s\000i\000d\000e\000r\000i\000n\000g\000\040\000i\000n\000t\000e\000r\000-\000c\000l\000a\000s\000s\000\040\000i\000n\000t\000e\000r\000f\000e\000r\000e\000n\000c\000e}{appendix.H}% 53
\BOOKMARK [2][-]{subsection.H.2}{\376\377\000C\000o\000m\000p\000a\000r\000i\000s\000o\000n\000\040\000w\000i\000t\000h\000\040\000o\000t\000h\000e\000r\000\040\000m\000e\000t\000h\000o\000d\000s\000\040\000o\000f\000\040\000m\000e\000a\000s\000u\000r\000i\000n\000g\000\040\000c\000l\000a\000s\000s\000-\000l\000e\000v\000e\000l\000\040\000d\000i\000f\000f\000i\000c\000u\000l\000t\000y}{appendix.H}% 54
\BOOKMARK [2][-]{subsection.H.3}{\376\377\000P\000e\000r\000f\000o\000r\000m\000a\000n\000c\000e\000\040\000o\000f\000\040\000D\000y\000n\000a\000m\000i\000c\000\040\000S\000e\000m\000a\000n\000t\000i\000c\000-\000S\000c\000a\000l\000e\000-\000B\000a\000l\000a\000n\000c\000e\000d\000\040\000L\000e\000a\000r\000n\000i\000n\000g\000\040\000o\000n\000\040\000T\000h\000r\000e\000e\000\040\000S\000u\000b\000s\000e\000t\000s\000\040\000o\000f\000\040\000I\000m\000a\000g\000e\000N\000e\000t}{appendix.H}% 55
\BOOKMARK [1][-]{appendix.I}{\376\377\000A\000p\000p\000l\000y\000\040\000S\000e\000m\000a\000n\000t\000i\000c\000\040\000S\000c\000a\000l\000e\000\040\000t\000o\000\040\000S\000o\000l\000v\000e\000\040\000O\000t\000h\000e\000r\000\040\000P\000r\000o\000b\000l\000e\000m\000s}{}% 56
\BOOKMARK [2][-]{subsection.I.1}{\376\377\000S\000e\000l\000e\000c\000t\000\040\000W\000e\000l\000l\000-\000R\000e\000p\000r\000e\000s\000e\000n\000t\000e\000d\000\040\000D\000a\000t\000a}{appendix.I}% 57
\BOOKMARK [2][-]{subsection.I.2}{\376\377\000G\000u\000i\000d\000e\000\040\000D\000a\000t\000a\000\040\000C\000o\000l\000l\000e\000c\000t\000i\000o\000n}{appendix.I}% 58
\BOOKMARK [1][-]{appendix.J}{\376\377\000M\000o\000r\000e\000\040\000e\000x\000p\000l\000a\000n\000a\000t\000i\000o\000n\000\040\000o\000f\000\040\000F\000i\000g\000u\000r\000e\000\040\0002}{}% 59
\BOOKMARK [1][-]{appendix.K}{\376\377\000C\000a\000n\000\040\000t\000h\000e\000\040\000s\000e\000m\000a\000n\000t\000i\000c\000\040\000s\000c\000a\000l\000e\000\040\000c\000a\000p\000t\000u\000r\000e\000\040\000t\000h\000e\000\040\000h\000i\000e\000r\000a\000r\000c\000h\000i\000c\000a\000l\000\040\000s\000t\000r\000u\000c\000t\000u\000r\000e\000?}{}% 60
\BOOKMARK [1][-]{appendix.L}{\376\377\000F\000u\000t\000u\000r\000e\000\040\000W\000o\000r\000k\000\040\000a\000n\000d\000\040\000C\000h\000a\000l\000l\000e\000n\000g\000e\000s}{}% 61
\BOOKMARK [2][-]{subsection.L.1}{\376\377\000M\000o\000d\000e\000l\000-\000I\000n\000d\000e\000p\000e\000n\000d\000e\000n\000t\000\040\000M\000e\000a\000s\000u\000r\000e\000\040\000o\000f\000\040\000D\000a\000t\000a\000\040\000D\000i\000f\000f\000i\000c\000u\000l\000t\000y}{appendix.L}% 62
\BOOKMARK [2][-]{subsection.L.2}{\376\377\000A\000\040\000G\000e\000o\000m\000e\000t\000r\000i\000c\000\040\000P\000e\000r\000s\000p\000e\000c\000t\000i\000v\000e\000\040\000o\000n\000\040\000D\000a\000t\000a\000\040\000C\000l\000a\000s\000s\000i\000f\000i\000c\000a\000t\000i\000o\000n}{appendix.L}% 63
\BOOKMARK [2][-]{subsection.L.3}{\376\377\000I\000n\000t\000r\000o\000d\000u\000c\000e\000\040\000S\000e\000m\000a\000n\000t\000i\000c\000\040\000S\000c\000a\000l\000e\000\040\000I\000m\000b\000a\000l\000a\000n\000c\000e\000\040\000i\000n\000\040\000O\000b\000j\000e\000c\000t\000\040\000D\000e\000t\000e\000c\000t\000i\000o\000n}{appendix.L}% 64
\BOOKMARK [2][-]{subsection.L.4}{\376\377\000C\000h\000a\000l\000l\000e\000n\000g\000e\000s\000\040\000o\000f\000\040\000c\000l\000a\000s\000s\000\040\000i\000m\000b\000a\000l\000a\000n\000c\000e\000\040\000i\000n\000\040\000d\000e\000e\000p\000\040\000l\000e\000a\000r\000n\000i\000n\000g}{appendix.L}% 65
