latexml (LaTeXML version 0.8.8) processing paper.tex
(Digesting TeX paper...
(Loading /usr/share/perl5/LaTeXML/Package/TeX.pool.ltxml...
(Loading /usr/share/perl5/LaTeXML/Package/eTeX.pool.ltxml... 0.00 sec)
(Loading /usr/share/perl5/LaTeXML/Package/pdfTeX.pool.ltxml... 0.00 sec) 0.09 sec)
(Processing content /home/miri/Documents/DataLit/arXiv_src_fetcher/ICLR_2023_first100/-CoNloheTs/paper.tex...
(Loading /usr/share/perl5/LaTeXML/Package/LaTeX.pool.ltxml...
(Loading /usr/share/perl5/LaTeXML/Package/textcomp.sty.ltxml...
(Processing definitions /usr/share/texlive/texmf-dist/tex/latex/base/ts1enc.dfu... 0.01 sec) 0.06 sec) 0.20 sec)
(Loading /usr/share/perl5/LaTeXML/Package/article.cls.ltxml... 0.01 sec)
(Loading /usr/share/perl5/LaTeXML/Package/amsmath.sty.ltxml...
(Loading /usr/share/perl5/LaTeXML/Package/amsbsy.sty.ltxml...
(Loading /usr/share/perl5/LaTeXML/Package/amsgen.sty.ltxml... 0.00 sec) 0.01 sec)
(Loading /usr/share/perl5/LaTeXML/Package/amstext.sty.ltxml... 0.00 sec)
(Loading /usr/share/perl5/LaTeXML/Package/amsopn.sty.ltxml... 0.01 sec) 0.05 sec)
(Loading /usr/share/perl5/LaTeXML/Package/graphicx.sty.ltxml...
(Loading /usr/share/perl5/LaTeXML/Package/graphics.sty.ltxml... 0.01 sec) 0.02 sec)
Warning:missing_file:mlspconf Can't find binding for package mlspconf
	at paper.tex; line 7 col 11 - line 7 col 11
	Anticipate undefined macros or environments
	search paths are /home/miri/Documents/DataLit/arXiv_src_fetcher/ICLR_2023_first100/-CoNloheTs
	In Core::Definition::Constructor[\usepac... /usr/share/perl5/LaTeXML/Package/LaTeX.pool.ltxml; line 879
(Loading /usr/share/perl5/LaTeXML/Package/algorithm.sty.ltxml...
Warning:missing_file:algorithm Can't find package algorithm
	at algorithm.sty.ltxml; line 20
	Anticipate undefined macros or environments
	In Core::Gullet[@0x618e8d36c988] /usr/share/perl5/LaTeXML/Package/algorithm.sty.ltxml; line 20
 0.01 sec)
(Loading /usr/share/perl5/LaTeXML/Package/algpseudocode.sty.ltxml...
Warning:missing_file:algpseudocode Can't find package algpseudocode
	at algpseudocode.sty.ltxml; line 19
	Anticipate undefined macros or environments
	In Core::Gullet[@0x618e8d36c988] /usr/share/perl5/LaTeXML/Package/algpseudocode.sty.ltxml; line 19
 0.01 sec)
(Loading /usr/share/perl5/LaTeXML/Package/amsfonts.sty.ltxml... 0.00 sec)
(Loading /usr/share/perl5/LaTeXML/Package/caption.sty.ltxml... 0.01 sec)
(Loading /usr/share/perl5/LaTeXML/Package/cite.sty.ltxml... 0.00 sec)
(Loading /usr/share/perl5/LaTeXML/Package/amssymb.sty.ltxml... 0.01 sec)
(Loading /usr/share/perl5/LaTeXML/Package/subcaption.sty.ltxml... 0.01 sec)
(Loading /usr/share/perl5/LaTeXML/Package/tikz.sty.ltxml...
Warning:missing_file:tikz Can't find package tikz
	at tikz.sty.ltxml; line 24
	Anticipate undefined macros or environments
	In Core::Gullet[@0x618e8d36c988] /usr/share/perl5/LaTeXML/Package/tikz.sty.ltxml; line 24
 0.01 sec)
(Loading /usr/share/perl5/LaTeXML/Package/xcolor.sty.ltxml...
(Loading /usr/share/perl5/LaTeXML/Package/color.sty.ltxml... 0.01 sec) 0.04 sec)
Error:undefined:\copyrightnotice The token T_CS[\copyrightnotice] is not defined.
	at paper.tex; line 25 col 16 - line 25 col 16
	Defining it now as <ltx:ERROR/>
	Next token is T_BEGIN[{] ( == T_BEGIN[{])
	In Core::Gullet[@0x618e8d36c988] /home/miri/Documents/DataLit/arXiv_src_fetcher/ICLR_2023_first100/-CoNloheTs/paper.tex; from line 25 col 17 to line 25 col 17
	 <= Core::Stomach[@0x618e8d36c2c8] <= ...
Error:undefined:\toappear The token T_CS[\toappear] is not defined.
	at paper.tex; line 30 col 9 - line 30 col 9
	Defining it now as <ltx:ERROR/>
	Next token is T_BEGIN[{] ( == T_BEGIN[{])
	In Core::Gullet[@0x618e8d36c988] /home/miri/Documents/DataLit/arXiv_src_fetcher/ICLR_2023_first100/-CoNloheTs/paper.tex; from line 30 col 10 to line 30 col 10
	 <= Core::Stomach[@0x618e8d36c2c8] <= ...
Error:undefined:\name The token T_CS[\name] is not defined.
	at paper.tex; line 52 col 5 - line 52 col 5
	Defining it now as <ltx:ERROR/>
	Next token is T_BEGIN[{] ( == T_BEGIN[{])
	In Core::Gullet[@0x618e8d36c988] /home/miri/Documents/DataLit/arXiv_src_fetcher/ICLR_2023_first100/-CoNloheTs/paper.tex; from line 52 col 6 to line 52 col 6
	 <= Core::Stomach[@0x618e8d36c2c8] <= ...
Error:undefined:\address The token T_CS[\address] is not defined.
	at paper.tex; line 53 col 8 - line 53 col 8
	Defining it now as <ltx:ERROR/>
	Next token is T_BEGIN[{] ( == T_BEGIN[{])
	In Core::Gullet[@0x618e8d36c988] /home/miri/Documents/DataLit/arXiv_src_fetcher/ICLR_2023_first100/-CoNloheTs/paper.tex; from line 53 col 9 to line 53 col 9
	 <= Core::Stomach[@0x618e8d36c2c8] <= ...
Error:undefined:{keywords} The environment {keywords} is not defined.
	at paper.tex; line 105 col 0 - line 105 col 16
	Next token is T_SPACE[U+000a/LF] ( == T_SPACE[U+000a/LF])
	In Core::Definition::Expandable[\begin {}] /usr/share/perl5/LaTeXML/Package/LaTeX.pool.ltxml; line 182
	 <= Core::Gullet[@0x618e8d36c988] <= Core::Stomach[@0x618e8d36c2c8] <= ...
Error:undefined:{algorithm} The environment {algorithm} is not defined.
	at paper.tex; line 174 col 0 - line 174 col 17
	Next token is T_SPACE[U+000a/LF] ( == T_SPACE[U+000a/LF])
	In Core::Definition::Expandable[\begin {}] /usr/share/perl5/LaTeXML/Package/LaTeX.pool.ltxml; line 182
	 <= Core::Gullet[@0x618e8d36c988] <= Core::Stomach[@0x618e8d36c2c8] <= ...
Error:unexpected:\caption Use of \caption outside any known float
	at paper.tex; line 175 col 12 - line 175 col 12
	In Core::Definition::Constructor[\@@gene... /usr/share/perl5/LaTeXML/Package/LaTeX.pool.ltxml; line 3392
	 <= Core::Stomach[@0x618e8d36c2c8] <= ...
Error:undefined:{algorithmic} The environment {algorithmic} is not defined.
	at paper.tex; line 176 col 0 - line 176 col 23
	Next token is T_SPACE[U+000a/LF] ( == T_SPACE[U+000a/LF])
	In Core::Definition::Expandable[\begin {}] /usr/share/perl5/LaTeXML/Package/LaTeX.pool.ltxml; line 182
	 <= Core::Gullet[@0x618e8d36c988] <= Core::Stomach[@0x618e8d36c2c8] <= ...
Error:undefined:\Require The token T_CS[\Require] is not defined.
	at paper.tex; line 177 col 16 - line 177 col 16
	Defining it now as <ltx:ERROR/>
	Next token is T_MATH[$] ( == T_MATH[$])
	In Core::Gullet[@0x618e8d36c988] /home/miri/Documents/DataLit/arXiv_src_fetcher/ICLR_2023_first100/-CoNloheTs/paper.tex; from line 177 col 18 to line 177 col 18
	 <= Core::Stomach[@0x618e8d36c2c8] <= ...
Error:undefined:\For The token T_CS[\For] is not defined.
	at paper.tex; line 178 col 12 - line 178 col 12
	Defining it now as <ltx:ERROR/>
	Next token is T_BEGIN[{] ( == T_BEGIN[{])
	In Core::Gullet[@0x618e8d36c988] /home/miri/Documents/DataLit/arXiv_src_fetcher/ICLR_2023_first100/-CoNloheTs/paper.tex; from line 178 col 13 to line 178 col 13
	 <= Core::Stomach[@0x618e8d36c2c8] <= ...
Error:undefined:\State The token T_CS[\State] is not defined.
	at paper.tex; line 180 col 22 - line 180 col 22
	Defining it now as <ltx:ERROR/>
	Next token is T_MATH[$] ( == T_MATH[$])
	In Core::Gullet[@0x618e8d36c988] /home/miri/Documents/DataLit/arXiv_src_fetcher/ICLR_2023_first100/-CoNloheTs/paper.tex; from line 180 col 24 to line 180 col 24
	 <= Core::Stomach[@0x618e8d36c2c8] <= ...
Error:undefined:\EndFor The token T_CS[\EndFor] is not defined.
	at paper.tex; line 181 col 0 - line 181 col 19
	Defining it now as <ltx:ERROR/>
	Next token is T_CS[\For] ( == Core::Definition::Constructor[\For])
	In Core::Gullet[@0x618e8d36c988] /home/miri/Documents/DataLit/arXiv_src_fetcher/ICLR_2023_first100/-CoNloheTs/paper.tex; from line 182 col 16 to line 182 col 16
	 <= Core::Stomach[@0x618e8d36c2c8] <= ...
Error:undefined:\Return The token T_CS[\Return] is not defined.
	at paper.tex; line 187 col 22 - line 187 col 22
	Defining it now as <ltx:ERROR/>
	Next token is T_MATH[$] ( == T_MATH[$])
	In Core::Gullet[@0x618e8d36c988] /home/miri/Documents/DataLit/arXiv_src_fetcher/ICLR_2023_first100/-CoNloheTs/paper.tex; from line 187 col 24 to line 187 col 24
	 <= Core::Stomach[@0x618e8d36c2c8] <= ...
Error:undefined:\Comment The token T_CS[\Comment] is not defined.
	at paper.tex; line 187 col 51 - line 187 col 51
	Defining it now as <ltx:ERROR/>
	Next token is T_BEGIN[{] ( == T_BEGIN[{])
	In Core::Gullet[@0x618e8d36c988] /home/miri/Documents/DataLit/arXiv_src_fetcher/ICLR_2023_first100/-CoNloheTs/paper.tex; from line 187 col 52 to line 187 col 52
	 <= Core::Stomach[@0x618e8d36c2c8] <= ...
Error:unexpected:\caption Use of \caption outside any known float
	at paper.tex; line 242 col 12 - line 242 col 12
	In Core::Definition::Constructor[\@@gene... /usr/share/perl5/LaTeXML/Package/LaTeX.pool.ltxml; line 3392
	 <= Core::Stomach[@0x618e8d36c2c8] <= ...
Error:undefined:{algorithmic} The environment {algorithmic} is not defined.
	at paper.tex; line 243 col 0 - line 243 col 23
	Next token is T_SPACE[U+000a/LF] ( == T_SPACE[U+000a/LF])
	In Core::Definition::Expandable[\begin {}] /usr/share/perl5/LaTeXML/Package/LaTeX.pool.ltxml; line 182
	 <= Core::Gullet[@0x618e8d36c988] <= Core::Stomach[@0x618e8d36c2c8] <= ...
Error:undefined:\If The token T_CS[\If] is not defined.
	at paper.tex; line 249 col 19 - line 249 col 19
	Defining it now as <ltx:ERROR/>
	Next token is T_BEGIN[{] ( == T_BEGIN[{])
	In Core::Gullet[@0x618e8d36c988] /home/miri/Documents/DataLit/arXiv_src_fetcher/ICLR_2023_first100/-CoNloheTs/paper.tex; from line 249 col 20 to line 249 col 20
	 <= Core::Stomach[@0x618e8d36c2c8] <= ...
Error:undefined:\EndIf The token T_CS[\EndIf] is not defined.
	at paper.tex; line 252 col 0 - line 252 col 22
	Defining it now as <ltx:ERROR/>
	Next token is T_CS[\EndFor] ( == Core::Definition::Constructor[\EndFor])
	In Core::Gullet[@0x618e8d36c988] /home/miri/Documents/DataLit/arXiv_src_fetcher/ICLR_2023_first100/-CoNloheTs/paper.tex; from line 253 col 0 to line 253 col 19
	 <= Core::Stomach[@0x618e8d36c2c8] <= ...
Error:unexpected:\caption Use of \caption outside any known float
	at paper.tex; line 317 col 12 - line 317 col 12
	In Core::Definition::Constructor[\@@gene... /usr/share/perl5/LaTeXML/Package/LaTeX.pool.ltxml; line 3392
	 <= Core::Stomach[@0x618e8d36c2c8] <= ...
Error:undefined:{algorithmic} The environment {algorithmic} is not defined.
	at paper.tex; line 318 col 0 - line 318 col 23
	Next token is T_SPACE[U+000a/LF] ( == T_SPACE[U+000a/LF])
	In Core::Definition::Expandable[\begin {}] /usr/share/perl5/LaTeXML/Package/LaTeX.pool.ltxml; line 182
	 <= Core::Gullet[@0x618e8d36c988] <= Core::Stomach[@0x618e8d36c2c8] <= ...
Error:unexpected:\caption Use of \caption outside any known float
	at paper.tex; line 378 col 12 - line 378 col 12
	In Core::Definition::Constructor[\@@gene... /usr/share/perl5/LaTeXML/Package/LaTeX.pool.ltxml; line 3392
	 <= Core::Stomach[@0x618e8d36c2c8] <= ...
Error:undefined:{algorithmic} The environment {algorithmic} is not defined.
	at paper.tex; line 379 col 0 - line 379 col 23
	Next token is T_SPACE[U+000a/LF] ( == T_SPACE[U+000a/LF])
	In Core::Definition::Expandable[\begin {}] /usr/share/perl5/LaTeXML/Package/LaTeX.pool.ltxml; line 182
	 <= Core::Gullet[@0x618e8d36c988] <= Core::Stomach[@0x618e8d36c2c8] <= ...
Info:unexpected:IEEEbib Unknown bibstyle 'IEEEbib', it will be ignored
	at paper.tex; line 421 col 0 - line 421 col 27
 1.66 sec) 1.77 sec)
(Building...
(Loading compiled schema /usr/share/perl5/LaTeXML/resources/RelaxNG/LaTeXML.model... 0.01 sec) 3.57 sec)
(Rewriting... 0.04 sec)
(Math Parsing 220 formulae ......
Warning:not_parsed:UNKNOWN.PUNCT.UNKNOWN>CLOSE MathParser failed to match rule 'Anything'
	at paper.tex; line 131 col 0 - line 131 col 22
	In "$\mathbf{w},\mathbf{b})$"
	w[[UNKNOWN]] ,[[PUNCT]] b[[UNKNOWN]]
	        > )[[CLOSE]]
Warning:not_parsed:UNKNOWN.PUNCT.UNKNOWN>CLOSE MathParser failed to match rule 'Anything'
	at paper.tex; line 131 col 0 - line 131 col 22
	In "$\mathbf{w},\mathbf{b})$"
	w[[UNKNOWN]] ,[[PUNCT]] b[[UNKNOWN]]
	        > )[[CLOSE]]
Warning:not_parsed:UNKNOWN.UNKNOWN.UNKNOWN>OPEN MathParser failed to match rule 'Anything'
	at paper.tex; line 249 col 22 - line 249 col 52
	In "$sign(e.start)\neq sign(e.end)$"
	s[[UNKNOWN]] i[[UNKNOWN]] g[[UNKNOWN]] n[[UNKNOWN]]
	        > ([[OPEN]] e[[UNKNOWN]] .[[PERIOD]] s[[UNKNOWN]] t[[UNKNOWN]] a[[UNKNOWN]] r[[UNKNOWN]] t[[UNKNOWN]] )[[CLOSE]] ≠[[RELOP]] s[[UNKNOWN]] i[[UNKNOWN]] g[[UNKNOWN]] n[[UNKNOWN]] ([[OPEN]] e[[UNKNOWN]] .[[PERIOD]] e[[UNKNOWN]] n[[UNKNOWN]] d[[UNKNOWN]] )[[CLOSE]]
Warning:not_parsed:UNKNOWN.UNKNOWN.UNKNOWN>OPEN MathParser failed to match rule 'Anything'
	at paper.tex; line 255 col 21 - line 255 col 34
	In "$new\_lrs.add($"
	n[[UNKNOWN]] e[[UNKNOWN]] w[[UNKNOWN]] \_[[UNKNOWN]] l[[UNKNOWN]] r[[UNKNOWN]] s[[UNKNOWN]] .[[PERIOD]] a[[UNKNOWN]] d[[UNKNOWN]] d[[UNKNOWN]]
	        > ([[OPEN]]
Warning:not_parsed:UNKNOWN.UNKNOWN.CLOSE>CLOSE MathParser failed to match rule 'Anything'
	at paper.tex; line 255 col 53 - line 255 col 64
	In "$(vertices))$"
	([[OPEN]] v[[UNKNOWN]] e[[UNKNOWN]] r[[UNKNOWN]] t[[UNKNOWN]] i[[UNKNOWN]] c[[UNKNOWN]] e[[UNKNOWN]] s[[UNKNOWN]] )[[CLOSE]]
	        > )[[CLOSE]]
Warning:not_parsed:VERTBAR.UNKNOWN.VERTBAR>CLOSE MathParser failed to match rule 'Anything'
	at paper.tex; line 347 col 35 - line 347 col 124
	In "$\forall\mathbf{v}\in V\;\forall j\in{1,2,...,|V|)}\;\;f^{i}(\mathbf{v})>=f^{j%
	}(\mathbf{v})$"
	∀[[BIGOP]] v[[UNKNOWN]] ∈[[RELOP]] V[[UNKNOWN]] ∀[[BIGOP]] j[[UNKNOWN]] ∈[[RELOP]] 1[[NUMBER]] ,[[PUNCT]] 2[[NUMBER]] ,[[PUNCT]] ...[[ID]] ,[[PUNCT]] |[[VERTBAR]] V[[UNKNOWN]] |[[VERTBAR]]
	        > )[[CLOSE]] f[[UNKNOWN]] ^{i}[[POSTSUPERSCRIPT]] ([[OPEN]] v[[UNKNOWN]] )[[CLOSE]] >[[RELOP]] =[[RELOP]] f[[UNKNOWN]] ^{j}[[POSTSUPERSCRIPT]] ([[OPEN]] v[[UNKNOWN]] )[[CLOSE]]
Warning:not_parsed:UNKNOWN.UNKNOWN.UNKNOWN>OPEN MathParser failed to match rule 'Anything'
	at paper.tex; line 384 col 21 - line 384 col 25
	In "$cmp[$"
	c[[UNKNOWN]] m[[UNKNOWN]] p[[UNKNOWN]]
	        > [[[OPEN]]
Warning:not_parsed:UNKNOWN.POSTSUBSCRIPT.CLOSE>CLOSE MathParser failed to match rule 'Anything'
	at paper.tex; line 384 col 32 - line 384 col 46
	In "$(base_{f})]=lr$"
	([[OPEN]] b[[UNKNOWN]] a[[UNKNOWN]] s[[UNKNOWN]] e[[UNKNOWN]] _{f}[[POSTSUBSCRIPT]] )[[CLOSE]]
	        > ][[CLOSE]] =[[RELOP]] l[[UNKNOWN]] r[[UNKNOWN]]
 2.71 sec)
Math parsing succeeded:
   ltx:XMath: 212/220
   ltx:XMWrap: 3/4
   ltx:XMArg: 167/167
Symbols assumed as simple identifiers (with # of occurences):
   'D{italic}' (2), 'I{italic}' (1), 'L{italic}' (2), 'M{italic}' (1), 'N{italic}' (1), 'S{italic}' (14), 'T{italic}' (8), 'V{italic}' (8), '_' (33), 'a{italic}' (18), 'b{bold}' (9), 'b{italic}' (7), 'c{italic}' (28), 'd{italic}' (17), 'e{italic}' (95), 'f{bold}' (7), 'f{italic}' (58), 'g{bold}' (8), 'g{italic}' (37), 'h{italic}' (6), 'i{italic}' (50), 'j{italic}' (9), 'k{italic}' (10), 'l{italic}' (37), 'm{italic}' (12), 'n{italic}' (57), 'o{italic}' (12), 'p{italic}' (21), 'r{italic}' (64), 's{italic}' (41), 't{italic}' (36), 'u{italic}' (8), 'v{bold}' (12), 'v{italic}' (28), 'w{bold}' (9), 'w{italic}' (11), 'x{bold}' (4), 'x{italic}' (20), 'y{italic}' (9)
Set MATHPARSER_SPECULATE to speculate on possible notations.
(Finalizing... 0.15 sec)
Conversion complete: 12 warnings; 22 errors; 15 undefined macros[\address, \State, \EndFor, \copyrightnotice, \name, \toappear, {keywords}, \If, {algorithm}, {algorithmic}, \Comment, \For, \Require, \EndIf, \Return]; 4 missing files[tikz.sty, algpseudocode.sty, algorithm.sty, mlspconf.sty] (See parsed.log) (reqd. 8.44s)
