latexml (LaTeXML version 0.8.8) processing manuscript.tex
(Digesting TeX manuscript...
(Loading /usr/share/perl5/LaTeXML/Package/TeX.pool.ltxml...
(Loading /usr/share/perl5/LaTeXML/Package/eTeX.pool.ltxml... 0.00 sec)
(Loading /usr/share/perl5/LaTeXML/Package/pdfTeX.pool.ltxml... 0.01 sec) 0.12 sec)
(Processing content /home/miri/Documents/university/DataLit/arXiv_src_fetcher/ICLR_2023_first100/-wDaB590pkt/manuscript.tex...
(Loading /usr/share/perl5/LaTeXML/Package/LaTeX.pool.ltxml...
(Loading /usr/share/perl5/LaTeXML/Package/textcomp.sty.ltxml...
(Processing definitions /usr/share/texlive/texmf-dist/tex/latex/base/ts1enc.dfu... 0.02 sec) 0.28 sec) 0.46 sec)
(Loading /usr/share/perl5/LaTeXML/Package/acmart.cls.ltxml...
(Loading /usr/share/perl5/LaTeXML/Package/amsart.cls.ltxml...
(Loading /usr/share/perl5/LaTeXML/Package/ams_core.cls.ltxml...
(Loading /usr/share/perl5/LaTeXML/Package/article.cls.ltxml... 0.01 sec)
(Loading /usr/share/perl5/LaTeXML/Package/ams_support.sty.ltxml...
(Loading /usr/share/perl5/LaTeXML/Package/amsmath.sty.ltxml...
(Loading /usr/share/perl5/LaTeXML/Package/amsbsy.sty.ltxml...
(Loading /usr/share/perl5/LaTeXML/Package/amsgen.sty.ltxml... 0.01 sec) 0.01 sec)
(Loading /usr/share/perl5/LaTeXML/Package/amstext.sty.ltxml... 0.01 sec)
(Loading /usr/share/perl5/LaTeXML/Package/amsopn.sty.ltxml... 0.01 sec) 0.07 sec)
(Loading /usr/share/perl5/LaTeXML/Package/amsthm.sty.ltxml... 0.01 sec)
(Loading /usr/share/perl5/LaTeXML/Package/amsfonts.sty.ltxml... 0.00 sec)
(Loading /usr/share/perl5/LaTeXML/Package/makeidx.sty.ltxml... 0.00 sec) 0.12 sec) 0.15 sec) 0.15 sec)
(Loading /usr/share/perl5/LaTeXML/Package/fancyhdr.sty.ltxml... 0.00 sec)
(Loading /usr/share/perl5/LaTeXML/Package/geometry.sty.ltxml...
(Loading /usr/share/perl5/LaTeXML/Package/keyval.sty.ltxml...
(Processing definitions /usr/share/texlive/texmf-dist/tex/latex/graphics/keyval.sty... 0.02 sec) 0.02 sec)
(Loading /usr/share/perl5/LaTeXML/Package/ifpdf.sty.ltxml... 0.00 sec)
(Loading /usr/share/perl5/LaTeXML/Package/ifvtex.sty.ltxml...
(Loading /usr/share/perl5/LaTeXML/Package/iftex.sty.ltxml... 0.00 sec) 0.01 sec)
(Loading /usr/share/perl5/LaTeXML/Package/ifxetex.sty.ltxml... 0.00 sec) 0.06 sec)
(Loading /usr/share/perl5/LaTeXML/Package/comment.sty.ltxml... 0.00 sec)
(Loading /usr/share/perl5/LaTeXML/Package/natbib.sty.ltxml... 0.02 sec)
(Loading /usr/share/perl5/LaTeXML/Package/graphicx.sty.ltxml...
(Loading /usr/share/perl5/LaTeXML/Package/graphics.sty.ltxml... 0.01 sec) 0.02 sec)
(Loading /usr/share/perl5/LaTeXML/Package/xcolor.sty.ltxml...
(Loading /usr/share/perl5/LaTeXML/Package/color.sty.ltxml... 0.01 sec) 0.05 sec)
(Loading /usr/share/perl5/LaTeXML/Package/microtype.sty.ltxml... 0.00 sec)
(Loading /usr/share/perl5/LaTeXML/Package/hyperref.sty.ltxml...
(Loading /usr/share/perl5/LaTeXML/Package/ltxcmds.sty.ltxml...
(Processing definitions /usr/share/texlive/texmf-dist/tex/generic/ltxcmds/ltxcmds.sty... 0.09 sec) 0.09 sec)
(Loading /usr/share/perl5/LaTeXML/Package/kvsetkeys.sty.ltxml...
(Processing definitions /usr/share/texlive/texmf-dist/tex/latex/kvsetkeys/kvsetkeys.sty... 0.06 sec) 0.06 sec)
(Loading /usr/share/perl5/LaTeXML/Package/kvdefinekeys.sty.ltxml...
(Processing definitions /usr/share/texlive/texmf-dist/tex/generic/kvdefinekeys/kvdefinekeys.sty... 0.02 sec) 0.03 sec)
(Loading /usr/share/perl5/LaTeXML/Package/kvoptions.sty.ltxml...
(Processing definitions /usr/share/texlive/texmf-dist/tex/latex/kvoptions/kvoptions.sty... 0.14 sec) 0.14 sec)
(Loading /usr/share/perl5/LaTeXML/Package/nameref.sty.ltxml...
(Loading /usr/share/perl5/LaTeXML/Package/refcount.sty.ltxml...
(Processing definitions /usr/share/texlive/texmf-dist/tex/latex/refcount/refcount.sty...
(Loading /usr/share/perl5/LaTeXML/Package/infwarerr.sty.ltxml...
(Processing definitions /usr/share/texlive/texmf-dist/tex/generic/infwarerr/infwarerr.sty... 0.05 sec) 0.05 sec) 0.14 sec) 0.14 sec)
(Loading /usr/share/perl5/LaTeXML/Package/gettitlestring.sty.ltxml...
(Processing definitions /usr/share/texlive/texmf-dist/tex/generic/gettitlestring/gettitlestring.sty... 0.17 sec) 0.17 sec) 0.35 sec)
(Loading /usr/share/perl5/LaTeXML/Package/url.sty.ltxml... 0.01 sec)
(Loading /usr/share/perl5/LaTeXML/Package/bitset.sty.ltxml...
(Processing definitions /usr/share/texlive/texmf-dist/tex/generic/bitset/bitset.sty...
(Loading /usr/share/perl5/LaTeXML/Package/intcalc.sty.ltxml...
(Processing definitions /usr/share/texlive/texmf-dist/tex/generic/intcalc/intcalc.sty... 0.08 sec) 0.08 sec)
(Loading /usr/share/perl5/LaTeXML/Package/bigintcalc.sty.ltxml...
(Processing definitions /usr/share/texlive/texmf-dist/tex/generic/bigintcalc/bigintcalc.sty...
(Loading /usr/share/perl5/LaTeXML/Package/pdftexcmds.sty.ltxml... 0.01 sec) 0.22 sec) 0.22 sec) 0.53 sec) 0.53 sec) 1.29 sec)
(Loading /usr/share/perl5/LaTeXML/Package/caption.sty.ltxml... 0.01 sec)
(Loading /usr/share/perl5/LaTeXML/Package/float.sty.ltxml... 0.00 sec)
(Loading /usr/share/perl5/LaTeXML/Package/setspace.sty.ltxml... 0.00 sec)
(Loading /usr/share/perl5/LaTeXML/Package/newtxmath.sty.ltxml...
(Loading /usr/share/perl5/LaTeXML/Package/ifthen.sty.ltxml...
(Processing definitions /usr/share/texlive/texmf-dist/tex/latex/base/ifthen.sty... 0.02 sec) 0.02 sec)
(Loading /usr/share/perl5/LaTeXML/Package/etoolbox.sty.ltxml... 0.23 sec)
(Loading /usr/share/perl5/LaTeXML/Package/ifluatex.sty.ltxml... 0.00 sec)
(Loading /usr/share/perl5/LaTeXML/Package/xkeyval.sty.ltxml... 0.02 sec)
(Loading /usr/share/perl5/LaTeXML/Package/amssymb.sty.ltxml... 0.03 sec)
(Loading /usr/share/perl5/LaTeXML/Package/txfonts.sty.ltxml... 0.02 sec) 0.40 sec)
(Loading /usr/share/perl5/LaTeXML/Package/booktabs.sty.ltxml... 0.01 sec)
(Loading /usr/share/perl5/LaTeXML/Package/textcase.sty.ltxml...
(Processing definitions /usr/share/texlive/texmf-dist/tex/latex/textcase/textcase.sty... 0.01 sec) 0.02 sec)
(Loading /usr/share/perl5/LaTeXML/Package/hyperxmp.sty.ltxml... 0.01 sec)
(Loading /usr/share/perl5/LaTeXML/Package/balance.sty.ltxml... 0.00 sec) 2.24 sec)
(Loading /usr/share/perl5/LaTeXML/Package/algorithmic.sty.ltxml...
(Processing definitions /usr/share/texlive/texmf-dist/tex/latex/algorithms/algorithmic.sty...
Info:misdefined:utf-8 input isn't valid under encoding utf-8
	at algorithmic.sty; line 11 col 0 - line 11 col 0
 0.07 sec) 0.08 sec)
(Loading /usr/share/perl5/LaTeXML/Package/algorithm.sty.ltxml...
(Processing definitions /usr/share/texlive/texmf-dist/tex/latex/algorithms/algorithm.sty...
Info:misdefined:utf-8 input isn't valid under encoding utf-8
	at algorithm.sty; line 11 col 0 - line 11 col 0
 0.04 sec) 0.04 sec)
Info:expected:conference Couldn't find all bib files, using manuscript.bbl instead
	at manuscript.tex; line 659 col 0 - line 659 col 25
(Processing content /home/miri/Documents/university/DataLit/arXiv_src_fetcher/ICLR_2023_first100/-wDaB590pkt/manuscript.bbl... 0.83 sec) 9.06 sec) 9.22 sec)
(Building...
(Loading compiled schema /usr/share/perl5/LaTeXML/resources/RelaxNG/LaTeXML.model... 0.01 sec) 3.88 sec)
(Rewriting... 0.06 sec)
(Math Parsing 355 formulae ......
Warning:not_parsed:UNKNOWN>RELOP MathParser failed to match rule 'Anything'
	at manuscript.tex; line 366 col 189 - line 366 col 218
	In "$\mathbb{D}=\{s_{1},s_{2},s_{3},..,s_{m}\}$"
	D[[UNKNOWN]]
	        > =[[RELOP]] \{[[OPEN]] s[[UNKNOWN]] _{1}[[POSTSUBSCRIPT]] ,[[PUNCT]] s[[UNKNOWN]] _{2}[[POSTSUBSCRIPT]] ,[[PUNCT]] s[[UNKNOWN]] _{3}[[POSTSUBSCRIPT]] ,[[PUNCT]] .[[PERIOD]] .[[PERIOD]] ,[[PUNCT]] s[[UNKNOWN]] _{m}[[POSTSUBSCRIPT]] \}[[CLOSE]]
 2.03 sec)
Math parsing succeeded:
   ltx:XMath: 354/355
   ltx:XMArg: 354/354
Symbols assumed as simple identifiers (with # of occurences):
   'D{blackboard}' (35), 'E{blackboard}' (56), 'K{blackboard}' (34), 'T{blackboard}' (85), 'V{blackboard}' (1), 'W{blackboard}' (6), '_' (2), 'a{italic}' (18), 'c{italic}' (91), 'd{italic}' (24), 'e{italic}' (112), 'f{italic}' (54), 'h{italic}' (18), 'i{italic}' (64), 'j{italic}' (11), 'l{italic}' (36), 'm{italic}' (24), 'n{italic}' (95), 'o{italic}' (120), 'p{italic}' (72), 'r{italic}' (73), 's{italic}' (43), 't{italic}' (88), 'u{italic}' (2), 'w{italic}' (25), 'y{italic}' (6)
Set MATHPARSER_SPECULATE to speculate on possible notations.
(Finalizing... 0.36 sec)
Conversion complete: 1 warning (See parsed.log) (reqd. 15.97s)
