latexml (LaTeXML version 0.8.8) processing main.tex
(Digesting TeX main...
(Loading /usr/share/perl5/LaTeXML/Package/TeX.pool.ltxml...
(Loading /usr/share/perl5/LaTeXML/Package/eTeX.pool.ltxml... 0.00 sec)
(Loading /usr/share/perl5/LaTeXML/Package/pdfTeX.pool.ltxml... 0.01 sec) 0.15 sec)
(Processing content /home/miri/Documents/DataLit/arXiv_src_fetcher/ICLR_2023_first100/06mk-epSwZ/main.tex...
(Loading /usr/share/perl5/LaTeXML/Package/LaTeX.pool.ltxml...
(Loading /usr/share/perl5/LaTeXML/Package/textcomp.sty.ltxml...
(Processing definitions /usr/share/texlive/texmf-dist/tex/latex/base/ts1enc.dfu... 0.02 sec) 0.08 sec) 0.32 sec)
(Loading /usr/share/perl5/LaTeXML/Package/article.cls.ltxml... 0.01 sec)
Warning:missing_file:iclr2023_conference Can't find binding for package iclr2023_conference
	at main.tex; line 4 col 0 - line 4 col 1
	Anticipate undefined macros or environments
	search paths are /home/miri/Documents/DataLit/arXiv_src_fetcher/ICLR_2023_first100/06mk-epSwZ
	In Core::Definition::Constructor[\usepac... /usr/share/perl5/LaTeXML/Package/LaTeX.pool.ltxml; line 879
Info:dependencies:dependencies Loading dependencies for /home/miri/Documents/DataLit/arXiv_src_fetcher/ICLR_2023_first100/06mk-epSwZ/iclr2023_conference.sty: fancyhdr,natbib,eso-pic
	at main.tex; line 4 col 0 - line 4 col 1
(Loading /usr/share/perl5/LaTeXML/Package/fancyhdr.sty.ltxml... 0.00 sec)
(Loading /usr/share/perl5/LaTeXML/Package/natbib.sty.ltxml... 0.02 sec)
(Loading /usr/share/perl5/LaTeXML/Package/times.sty.ltxml... 0.00 sec)
(Processing content /home/miri/Documents/DataLit/arXiv_src_fetcher/ICLR_2023_first100/06mk-epSwZ/math_commands.tex...
(Loading /usr/share/perl5/LaTeXML/Package/amsmath.sty.ltxml...
(Loading /usr/share/perl5/LaTeXML/Package/amsbsy.sty.ltxml...
(Loading /usr/share/perl5/LaTeXML/Package/amsgen.sty.ltxml... 0.00 sec) 0.01 sec)
(Loading /usr/share/perl5/LaTeXML/Package/amstext.sty.ltxml... 0.01 sec)
(Loading /usr/share/perl5/LaTeXML/Package/amsopn.sty.ltxml... 0.01 sec) 0.07 sec)
(Loading /usr/share/perl5/LaTeXML/Package/amsfonts.sty.ltxml... 0.00 sec)
(Loading /usr/share/perl5/LaTeXML/Package/bm.sty.ltxml... 0.00 sec) 0.18 sec)
(Processing content /home/miri/Documents/DataLit/arXiv_src_fetcher/ICLR_2023_first100/06mk-epSwZ/macros.tex...
(Loading /usr/share/perl5/LaTeXML/Package/graphicx.sty.ltxml...
(Loading /usr/share/perl5/LaTeXML/Package/graphics.sty.ltxml... 0.01 sec) 0.03 sec)
(Loading /usr/share/perl5/LaTeXML/Package/wrapfig.sty.ltxml... 0.00 sec)
(Loading /usr/share/perl5/LaTeXML/Package/makecell.sty.ltxml...
Warning:missing_file:makecell Can't find package makecell
	at makecell.sty.ltxml; line 18
	Anticipate undefined macros or environments
	In Core::Gullet[@0x64c275fdef60] /usr/share/perl5/LaTeXML/Package/makecell.sty.ltxml; line 18
 0.02 sec)
(Loading /usr/share/perl5/LaTeXML/Package/caption.sty.ltxml... 0.01 sec)
(Loading /usr/share/perl5/LaTeXML/Package/subcaption.sty.ltxml... 0.01 sec)
(Loading /usr/share/perl5/LaTeXML/Package/booktabs.sty.ltxml... 0.01 sec)
(Loading /usr/share/perl5/LaTeXML/Package/amssymb.sty.ltxml... 0.02 sec)
(Loading /usr/share/perl5/LaTeXML/Package/algorithm.sty.ltxml...
Warning:missing_file:algorithm Can't find package algorithm
	at algorithm.sty.ltxml; line 20
	Anticipate undefined macros or environments
	In Core::Gullet[@0x64c275fdef60] /usr/share/perl5/LaTeXML/Package/algorithm.sty.ltxml; line 20
 0.01 sec)
(Loading /usr/share/perl5/LaTeXML/Package/algpseudocode.sty.ltxml...
Warning:missing_file:algpseudocode Can't find package algpseudocode
	at algpseudocode.sty.ltxml; line 19
	Anticipate undefined macros or environments
	In Core::Gullet[@0x64c275fdef60] /usr/share/perl5/LaTeXML/Package/algpseudocode.sty.ltxml; line 19
 0.01 sec)
(Loading /usr/share/perl5/LaTeXML/Package/algorithmicx.sty.ltxml...
Warning:missing_file:algorithmicx Can't find package algorithmicx
	at algorithmicx.sty.ltxml; line 26
	Anticipate undefined macros or environments
	In Core::Gullet[@0x64c275fdef60] /usr/share/perl5/LaTeXML/Package/algorithmicx.sty.ltxml; line 26
 0.01 sec)
Error:undefined:\definecolor The token T_CS[\definecolor] is not defined.
	at macros.tex; line 18 col 12 - line 18 col 12
	Defining it now as <ltx:ERROR/>
	Next token is T_BEGIN[{] ( == T_BEGIN[{])
	In Core::Gullet[@0x64c275fdef60] /home/miri/Documents/DataLit/arXiv_src_fetcher/ICLR_2023_first100/06mk-epSwZ/macros.tex; from line 18 col 13 to line 18 col 13
	 <= Core::Stomach[@0x64c275fa2310] <= ...
 0.21 sec)
(Loading /usr/share/perl5/LaTeXML/Package/hyperref.sty.ltxml...
(Loading /usr/share/perl5/LaTeXML/Package/ltxcmds.sty.ltxml...
(Processing definitions /usr/share/texlive/texmf-dist/tex/generic/ltxcmds/ltxcmds.sty... 0.05 sec) 0.06 sec)
(Loading /usr/share/perl5/LaTeXML/Package/keyval.sty.ltxml...
(Processing definitions /usr/share/texlive/texmf-dist/tex/latex/graphics/keyval.sty... 0.01 sec) 0.01 sec)
(Loading /usr/share/perl5/LaTeXML/Package/kvsetkeys.sty.ltxml...
(Processing definitions /usr/share/texlive/texmf-dist/tex/latex/kvsetkeys/kvsetkeys.sty... 0.03 sec) 0.04 sec)
(Loading /usr/share/perl5/LaTeXML/Package/kvdefinekeys.sty.ltxml...
(Processing definitions /usr/share/texlive/texmf-dist/tex/generic/kvdefinekeys/kvdefinekeys.sty... 0.02 sec) 0.02 sec)
(Loading /usr/share/perl5/LaTeXML/Package/kvoptions.sty.ltxml...
(Processing definitions /usr/share/texlive/texmf-dist/tex/latex/kvoptions/kvoptions.sty... 0.08 sec) 0.08 sec)
(Loading /usr/share/perl5/LaTeXML/Package/nameref.sty.ltxml...
(Loading /usr/share/perl5/LaTeXML/Package/refcount.sty.ltxml...
(Processing definitions /usr/share/texlive/texmf-dist/tex/latex/refcount/refcount.sty...
(Loading /usr/share/perl5/LaTeXML/Package/infwarerr.sty.ltxml...
(Processing definitions /usr/share/texlive/texmf-dist/tex/generic/infwarerr/infwarerr.sty... 0.03 sec) 0.03 sec) 0.07 sec) 0.07 sec)
(Loading /usr/share/perl5/LaTeXML/Package/gettitlestring.sty.ltxml...
(Processing definitions /usr/share/texlive/texmf-dist/tex/generic/gettitlestring/gettitlestring.sty... 0.07 sec) 0.07 sec) 0.15 sec)
(Loading /usr/share/perl5/LaTeXML/Package/url.sty.ltxml... 0.00 sec)
(Loading /usr/share/perl5/LaTeXML/Package/bitset.sty.ltxml...
(Processing definitions /usr/share/texlive/texmf-dist/tex/generic/bitset/bitset.sty...
(Loading /usr/share/perl5/LaTeXML/Package/intcalc.sty.ltxml...
(Processing definitions /usr/share/texlive/texmf-dist/tex/generic/intcalc/intcalc.sty... 0.03 sec) 0.03 sec)
(Loading /usr/share/perl5/LaTeXML/Package/bigintcalc.sty.ltxml...
(Processing definitions /usr/share/texlive/texmf-dist/tex/generic/bigintcalc/bigintcalc.sty...
(Loading /usr/share/perl5/LaTeXML/Package/pdftexcmds.sty.ltxml...
(Loading /usr/share/perl5/LaTeXML/Package/iftex.sty.ltxml... 0.00 sec) 0.01 sec) 0.16 sec) 0.16 sec) 0.35 sec) 0.35 sec) 0.78 sec)
(Loading /usr/share/perl5/LaTeXML/Package/xcolor.sty.ltxml...
(Loading /usr/share/perl5/LaTeXML/Package/color.sty.ltxml... 0.01 sec) 0.06 sec)
Error:undefined:\iclrfinalcopy The token T_CS[\iclrfinalcopy] is not defined.
	at main.tex; line 39 col 14 - line 39 col 14
	Defining it now as <ltx:ERROR/>
	Next token is T_CS[\begin] ( == Core::Definition::Expandable[\begin {}])
	In Core::Gullet[@0x64c275fdef60] /home/miri/Documents/DataLit/arXiv_src_fetcher/ICLR_2023_first100/06mk-epSwZ/main.tex; from line 40 col 6 to line 40 col 6
	 <= Core::Stomach[@0x64c275fa2310] <= ...
(Processing content /home/miri/Documents/DataLit/arXiv_src_fetcher/ICLR_2023_first100/06mk-epSwZ/sections/0_abstract.tex... 0.09 sec)
(Processing content /home/miri/Documents/DataLit/arXiv_src_fetcher/ICLR_2023_first100/06mk-epSwZ/sections/1_introduction.tex... 0.27 sec)
(Processing content /home/miri/Documents/DataLit/arXiv_src_fetcher/ICLR_2023_first100/06mk-epSwZ/sections/2_related_works.tex... 0.22 sec)
(Processing content /home/miri/Documents/DataLit/arXiv_src_fetcher/ICLR_2023_first100/06mk-epSwZ/sections/3_method.tex...
(Processing content /home/miri/Documents/DataLit/arXiv_src_fetcher/ICLR_2023_first100/06mk-epSwZ/sections/algo.tex...
Error:undefined:\algdef The token T_CS[\algdef] is not defined.
	at algo.tex; line 1 col 7 - line 1 col 7
	Defining it now as <ltx:ERROR/>
	Next token is T_BEGIN[{] ( == T_BEGIN[{])
	In Core::Gullet[@0x64c275fdef60] /home/miri/Documents/DataLit/arXiv_src_fetcher/ICLR_2023_first100/06mk-epSwZ/sections/algo.tex; from line 1 col 8 to line 1 col 8
	 <= Core::Stomach[@0x64c275fa2310] <= ...
Error:undefined:\algorithmicend The token T_CS[\algorithmicend] is not defined.
	at algo.tex; line 1 col 56 - line 1 col 56
	Defining it now as <ltx:ERROR/>
	Next token is T_CS[\ ] ( == Core::Definition::Primitive[\ ])
	In Core::Gullet[@0x64c275fdef60] /home/miri/Documents/DataLit/arXiv_src_fetcher/ICLR_2023_first100/06mk-epSwZ/sections/algo.tex; from line 1 col 58 to line 1 col 58
	 <= Core::Stomach[@0x64c275fa2310] <= Core::Definition::Primitive[Begin] <= Core::Stomach[@0x64c275fa2310] <= ...
Error:undefined:\algtext The token T_CS[\algtext] is not defined.
	at algo.tex; line 2 col 8 - line 2 col 8
	Defining it now as <ltx:ERROR/>
	Next token is T_OTHER[*] ( == T_OTHER[*])
	In Core::Gullet[@0x64c275fdef60] /home/miri/Documents/DataLit/arXiv_src_fetcher/ICLR_2023_first100/06mk-epSwZ/sections/algo.tex; from line 2 col 9 to line 2 col 9
	 <= Core::Stomach[@0x64c275fa2310] <= ...
Error:undefined:{algorithm} The environment {algorithm} is not defined.
	at algo.tex; line 7 col 17 - line 7 col 17
	Next token is T_OTHER[[] ( == T_OTHER[[])
	In Core::Definition::Expandable[\begin {}] /usr/share/perl5/LaTeXML/Package/LaTeX.pool.ltxml; line 182
	 <= Core::Gullet[@0x64c275fdef60] <= Core::Stomach[@0x64c275fa2310] <= Core::Definition::Constructor[\begin{... <= ...
Error:undefined:\lx@orig@algorithmic The token T_CS[\lx@orig@algorithmic] is not defined.
	at algo.tex; line 10 col 23 - line 10 col 23
	Defining it now as <ltx:ERROR/>
	Next token is T_OTHER[[] ( == T_OTHER[[])
	In Core::Gullet[@0x64c275fdef60] /home/miri/Documents/DataLit/arXiv_src_fetcher/ICLR_2023_first100/06mk-epSwZ/sections/algo.tex; from line 10 col 24 to line 10 col 24
	 <= Core::Stomach[@0x64c275fa2310] <= Core::Definition::Constructor[\begin{... <= Core::Stomach[@0x64c275fa2310] <= ...
Error:undefined:\State The token T_CS[\State] is not defined.
	at algo.tex; line 11 col 14 - line 11 col 14
	Defining it now as <ltx:ERROR/>
	Next token is T_CS[\textbf] ( == Core::Definition::Expandable[\textbf {}])
	In Core::Gullet[@0x64c275fdef60] /home/miri/Documents/DataLit/arXiv_src_fetcher/ICLR_2023_first100/06mk-epSwZ/sections/algo.tex; from line 11 col 22 to line 11 col 22
	 <= Core::Stomach[@0x64c275fa2310] <= Core::Definition::Constructor[\begin{... <= Core::Stomach[@0x64c275fa2310] <= ...
Error:undefined:\For The token T_CS[\For] is not defined.
	at algo.tex; line 14 col 12 - line 14 col 12
	Defining it now as <ltx:ERROR/>
	Next token is T_BEGIN[{] ( == T_BEGIN[{])
	In Core::Gullet[@0x64c275fdef60] /home/miri/Documents/DataLit/arXiv_src_fetcher/ICLR_2023_first100/06mk-epSwZ/sections/algo.tex; from line 14 col 13 to line 14 col 13
	 <= Core::Stomach[@0x64c275fa2310] <= Core::Definition::Constructor[\begin{... <= Core::Stomach[@0x64c275fa2310] <= ...
Error:undefined:\EndFor The token T_CS[\EndFor] is not defined.
	at algo.tex; line 25 col 0 - line 25 col 15
	Defining it now as <ltx:ERROR/>
	Next token is T_CS[\par] ( == Core::Definition::Constructor[\par])
	In Core::Gullet[@0x64c275fdef60] /home/miri/Documents/DataLit/arXiv_src_fetcher/ICLR_2023_first100/06mk-epSwZ/sections/algo.tex; from line 26 col 0 to line 26 col 1
	 <= Core::Stomach[@0x64c275fa2310] <= Core::Definition::Constructor[\begin{... <= Core::Stomach[@0x64c275fa2310] <= ...
 0.09 sec) 0.75 sec)
(Processing content /home/miri/Documents/DataLit/arXiv_src_fetcher/ICLR_2023_first100/06mk-epSwZ/sections/4_experiments.tex...
(Processing content /home/miri/Documents/DataLit/arXiv_src_fetcher/ICLR_2023_first100/06mk-epSwZ/tables/4_comparison.tex... 0.15 sec)
(Processing content /home/miri/Documents/DataLit/arXiv_src_fetcher/ICLR_2023_first100/06mk-epSwZ/tables/4_no_falling.tex...
Error:undefined:myred color 'myred' is undefined...
	at 4_no_falling.tex; line 9 col 52 - line 9 col 52
	In Core::Definition::Primitive[\color []{}] /usr/share/perl5/LaTeXML/Package/xcolor.sty.ltxml; line 557
	 <= Core::Stomach[@0x64c275fa2310] <= Core::Definition::Primitive[Begin] <= Core::Stomach[@0x64c275fa2310] <= ...
Error:undefined:mygreen color 'mygreen' is undefined...
	at 4_no_falling.tex; line 9 col 81 - line 9 col 81
	In Core::Definition::Primitive[\color []{}] /usr/share/perl5/LaTeXML/Package/xcolor.sty.ltxml; line 557
	 <= Core::Stomach[@0x64c275fa2310] <= Core::Definition::Primitive[Begin] <= Core::Stomach[@0x64c275fa2310] <= ...
Error:undefined:mygreen color 'mygreen' is undefined...
	at 4_no_falling.tex; line 10 col 54 - line 10 col 54
	In Core::Definition::Primitive[\color []{}] /usr/share/perl5/LaTeXML/Package/xcolor.sty.ltxml; line 557
	 <= Core::Stomach[@0x64c275fa2310] <= Core::Definition::Primitive[Begin] <= Core::Stomach[@0x64c275fa2310] <= ...
Error:undefined:mygreen color 'mygreen' is undefined...
	at 4_no_falling.tex; line 10 col 83 - line 10 col 83
	In Core::Definition::Primitive[\color []{}] /usr/share/perl5/LaTeXML/Package/xcolor.sty.ltxml; line 557
	 <= Core::Stomach[@0x64c275fa2310] <= Core::Definition::Primitive[Begin] <= Core::Stomach[@0x64c275fa2310] <= ...
Error:undefined:mygreen color 'mygreen' is undefined...
	at 4_no_falling.tex; line 11 col 48 - line 11 col 48
	In Core::Definition::Primitive[\color []{}] /usr/share/perl5/LaTeXML/Package/xcolor.sty.ltxml; line 557
	 <= Core::Stomach[@0x64c275fa2310] <= Core::Definition::Primitive[Begin] <= Core::Stomach[@0x64c275fa2310] <= ...
Error:undefined:mygreen color 'mygreen' is undefined...
	at 4_no_falling.tex; line 11 col 76 - line 11 col 76
	In Core::Definition::Primitive[\color []{}] /usr/share/perl5/LaTeXML/Package/xcolor.sty.ltxml; line 557
	 <= Core::Stomach[@0x64c275fa2310] <= Core::Definition::Primitive[Begin] <= Core::Stomach[@0x64c275fa2310] <= ...
Error:undefined:mygreen color 'mygreen' is undefined...
	at 4_no_falling.tex; line 12 col 47 - line 12 col 47
	In Core::Definition::Primitive[\color []{}] /usr/share/perl5/LaTeXML/Package/xcolor.sty.ltxml; line 557
	 <= Core::Stomach[@0x64c275fa2310] <= Core::Definition::Primitive[Begin] <= Core::Stomach[@0x64c275fa2310] <= ...
Error:undefined:mygreen color 'mygreen' is undefined...
	at 4_no_falling.tex; line 12 col 75 - line 12 col 75
	In Core::Definition::Primitive[\color []{}] /usr/share/perl5/LaTeXML/Package/xcolor.sty.ltxml; line 557
	 <= Core::Stomach[@0x64c275fa2310] <= Core::Definition::Primitive[Begin] <= Core::Stomach[@0x64c275fa2310] <= ...
Error:undefined:myred color 'myred' is undefined...
	at 4_no_falling.tex; line 13 col 48 - line 13 col 48
	In Core::Definition::Primitive[\color []{}] /usr/share/perl5/LaTeXML/Package/xcolor.sty.ltxml; line 557
	 <= Core::Stomach[@0x64c275fa2310] <= Core::Definition::Primitive[Begin] <= Core::Stomach[@0x64c275fa2310] <= ...
Error:undefined:mygreen color 'mygreen' is undefined...
	at 4_no_falling.tex; line 13 col 76 - line 13 col 76
	In Core::Definition::Primitive[\color []{}] /usr/share/perl5/LaTeXML/Package/xcolor.sty.ltxml; line 557
	 <= Core::Stomach[@0x64c275fa2310] <= Core::Definition::Primitive[Begin] <= Core::Stomach[@0x64c275fa2310] <= ...
Error:undefined:mygreen color 'mygreen' is undefined...
	at 4_no_falling.tex; line 14 col 50 - line 14 col 50
	In Core::Definition::Primitive[\color []{}] /usr/share/perl5/LaTeXML/Package/xcolor.sty.ltxml; line 557
	 <= Core::Stomach[@0x64c275fa2310] <= Core::Definition::Primitive[Begin] <= Core::Stomach[@0x64c275fa2310] <= ...
Error:undefined:mygreen color 'mygreen' is undefined...
	at 4_no_falling.tex; line 14 col 79 - line 14 col 79
	In Core::Definition::Primitive[\color []{}] /usr/share/perl5/LaTeXML/Package/xcolor.sty.ltxml; line 557
	 <= Core::Stomach[@0x64c275fa2310] <= Core::Definition::Primitive[Begin] <= Core::Stomach[@0x64c275fa2310] <= ...
 0.13 sec) 1.23 sec)
(Processing content /home/miri/Documents/DataLit/arXiv_src_fetcher/ICLR_2023_first100/06mk-epSwZ/sections/5_conclusion.tex... 0.09 sec)
Info:expected:ref Couldn't find all bib files, using main.bbl instead
	at main.tex; line 52 col 0 - line 52 col 18
(Processing content /home/miri/Documents/DataLit/arXiv_src_fetcher/ICLR_2023_first100/06mk-epSwZ/main.bbl... 1.05 sec)
(Processing content /home/miri/Documents/DataLit/arXiv_src_fetcher/ICLR_2023_first100/06mk-epSwZ/sections/appendix.tex...
(Processing content /home/miri/Documents/DataLit/arXiv_src_fetcher/ICLR_2023_first100/06mk-epSwZ/tables/RSI_no_falling.tex...
Error:undefined:myred color 'myred' is undefined...
	at RSI_no_falling.tex; line 10 col 52 - line 10 col 52
	In Core::Definition::Primitive[\color []{}] /usr/share/perl5/LaTeXML/Package/xcolor.sty.ltxml; line 557
	 <= Core::Stomach[@0x64c275fa2310] <= Core::Definition::Primitive[Begin] <= Core::Stomach[@0x64c275fa2310] <= ...
Error:undefined:mygreen color 'mygreen' is undefined...
	at RSI_no_falling.tex; line 10 col 81 - line 10 col 81
	In Core::Definition::Primitive[\color []{}] /usr/share/perl5/LaTeXML/Package/xcolor.sty.ltxml; line 557
	 <= Core::Stomach[@0x64c275fa2310] <= Core::Definition::Primitive[Begin] <= Core::Stomach[@0x64c275fa2310] <= ...
Error:undefined:mygreen color 'mygreen' is undefined...
	at RSI_no_falling.tex; line 10 col 109 - line 10 col 109
	In Core::Definition::Primitive[\color []{}] /usr/share/perl5/LaTeXML/Package/xcolor.sty.ltxml; line 557
	 <= Core::Stomach[@0x64c275fa2310] <= Core::Definition::Primitive[Begin] <= Core::Stomach[@0x64c275fa2310] <= ...
Error:undefined:mygreen color 'mygreen' is undefined...
	at RSI_no_falling.tex; line 11 col 54 - line 11 col 54
	In Core::Definition::Primitive[\color []{}] /usr/share/perl5/LaTeXML/Package/xcolor.sty.ltxml; line 557
	 <= Core::Stomach[@0x64c275fa2310] <= Core::Definition::Primitive[Begin] <= Core::Stomach[@0x64c275fa2310] <= ...
Error:undefined:mygreen color 'mygreen' is undefined...
	at RSI_no_falling.tex; line 11 col 83 - line 11 col 83
	In Core::Definition::Primitive[\color []{}] /usr/share/perl5/LaTeXML/Package/xcolor.sty.ltxml; line 557
	 <= Core::Stomach[@0x64c275fa2310] <= Core::Definition::Primitive[Begin] <= Core::Stomach[@0x64c275fa2310] <= ...
Error:undefined:mygreen color 'mygreen' is undefined...
	at RSI_no_falling.tex; line 11 col 110 - line 11 col 110
	In Core::Definition::Primitive[\color []{}] /usr/share/perl5/LaTeXML/Package/xcolor.sty.ltxml; line 557
	 <= Core::Stomach[@0x64c275fa2310] <= Core::Definition::Primitive[Begin] <= Core::Stomach[@0x64c275fa2310] <= ...
Error:undefined:mygreen color 'mygreen' is undefined...
	at RSI_no_falling.tex; line 12 col 48 - line 12 col 48
	In Core::Definition::Primitive[\color []{}] /usr/share/perl5/LaTeXML/Package/xcolor.sty.ltxml; line 557
	 <= Core::Stomach[@0x64c275fa2310] <= Core::Definition::Primitive[Begin] <= Core::Stomach[@0x64c275fa2310] <= ...
Error:undefined:mygreen color 'mygreen' is undefined...
	at RSI_no_falling.tex; line 12 col 76 - line 12 col 76
	In Core::Definition::Primitive[\color []{}] /usr/share/perl5/LaTeXML/Package/xcolor.sty.ltxml; line 557
	 <= Core::Stomach[@0x64c275fa2310] <= Core::Definition::Primitive[Begin] <= Core::Stomach[@0x64c275fa2310] <= ...
Error:undefined:mygreen color 'mygreen' is undefined...
	at RSI_no_falling.tex; line 12 col 104 - line 12 col 104
	In Core::Definition::Primitive[\color []{}] /usr/share/perl5/LaTeXML/Package/xcolor.sty.ltxml; line 557
	 <= Core::Stomach[@0x64c275fa2310] <= Core::Definition::Primitive[Begin] <= Core::Stomach[@0x64c275fa2310] <= ...
Error:undefined:mygreen color 'mygreen' is undefined...
	at RSI_no_falling.tex; line 13 col 47 - line 13 col 47
	In Core::Definition::Primitive[\color []{}] /usr/share/perl5/LaTeXML/Package/xcolor.sty.ltxml; line 557
	 <= Core::Stomach[@0x64c275fa2310] <= Core::Definition::Primitive[Begin] <= Core::Stomach[@0x64c275fa2310] <= ...
Error:undefined:mygreen color 'mygreen' is undefined...
	at RSI_no_falling.tex; line 13 col 75 - line 13 col 75
	In Core::Definition::Primitive[\color []{}] /usr/share/perl5/LaTeXML/Package/xcolor.sty.ltxml; line 557
	 <= Core::Stomach[@0x64c275fa2310] <= Core::Definition::Primitive[Begin] <= Core::Stomach[@0x64c275fa2310] <= ...
Error:undefined:mygreen color 'mygreen' is undefined...
	at RSI_no_falling.tex; line 13 col 103 - line 13 col 103
	In Core::Definition::Primitive[\color []{}] /usr/share/perl5/LaTeXML/Package/xcolor.sty.ltxml; line 557
	 <= Core::Stomach[@0x64c275fa2310] <= Core::Definition::Primitive[Begin] <= Core::Stomach[@0x64c275fa2310] <= ...
Error:undefined:myred color 'myred' is undefined...
	at RSI_no_falling.tex; line 14 col 48 - line 14 col 48
	In Core::Definition::Primitive[\color []{}] /usr/share/perl5/LaTeXML/Package/xcolor.sty.ltxml; line 557
	 <= Core::Stomach[@0x64c275fa2310] <= Core::Definition::Primitive[Begin] <= Core::Stomach[@0x64c275fa2310] <= ...
Error:undefined:mygreen color 'mygreen' is undefined...
	at RSI_no_falling.tex; line 14 col 76 - line 14 col 76
	In Core::Definition::Primitive[\color []{}] /usr/share/perl5/LaTeXML/Package/xcolor.sty.ltxml; line 557
	 <= Core::Stomach[@0x64c275fa2310] <= Core::Definition::Primitive[Begin] <= Core::Stomach[@0x64c275fa2310] <= ...
Error:undefined:mygreen color 'mygreen' is undefined...
	at RSI_no_falling.tex; line 14 col 105 - line 14 col 105
	In Core::Definition::Primitive[\color []{}] /usr/share/perl5/LaTeXML/Package/xcolor.sty.ltxml; line 557
	 <= Core::Stomach[@0x64c275fa2310] <= Core::Definition::Primitive[Begin] <= Core::Stomach[@0x64c275fa2310] <= ...
Error:undefined:mygreen color 'mygreen' is undefined...
	at RSI_no_falling.tex; line 15 col 50 - line 15 col 50
	In Core::Definition::Primitive[\color []{}] /usr/share/perl5/LaTeXML/Package/xcolor.sty.ltxml; line 557
	 <= Core::Stomach[@0x64c275fa2310] <= Core::Definition::Primitive[Begin] <= Core::Stomach[@0x64c275fa2310] <= ...
Error:undefined:mygreen color 'mygreen' is undefined...
	at RSI_no_falling.tex; line 15 col 79 - line 15 col 79
	In Core::Definition::Primitive[\color []{}] /usr/share/perl5/LaTeXML/Package/xcolor.sty.ltxml; line 557
	 <= Core::Stomach[@0x64c275fa2310] <= Core::Definition::Primitive[Begin] <= Core::Stomach[@0x64c275fa2310] <= ...
Error:undefined:mygreen color 'mygreen' is undefined...
	at RSI_no_falling.tex; line 15 col 107 - line 15 col 107
	In Core::Definition::Primitive[\color []{}] /usr/share/perl5/LaTeXML/Package/xcolor.sty.ltxml; line 557
	 <= Core::Stomach[@0x64c275fa2310] <= Core::Definition::Primitive[Begin] <= Core::Stomach[@0x64c275fa2310] <= ...
 0.15 sec)
(Processing content /home/miri/Documents/DataLit/arXiv_src_fetcher/ICLR_2023_first100/06mk-epSwZ/tables/RSI_comparison.tex... 0.19 sec)
(Processing content /home/miri/Documents/DataLit/arXiv_src_fetcher/ICLR_2023_first100/06mk-epSwZ/tables/robustness_to_push.tex... 0.10 sec)
(Processing content /home/miri/Documents/DataLit/arXiv_src_fetcher/ICLR_2023_first100/06mk-epSwZ/tables/friction.tex... 0.08 sec)
(Processing content /home/miri/Documents/DataLit/arXiv_src_fetcher/ICLR_2023_first100/06mk-epSwZ/tables/absurd_pose_metric.tex... 0.12 sec) 1.70 sec) 7.22 sec) 7.45 sec)
(Building...
(Loading compiled schema /usr/share/perl5/LaTeXML/resources/RelaxNG/LaTeXML.model... 0.01 sec) 4.16 sec)
(Rewriting... 0.06 sec)
(Math Parsing 204 formulae ...... 1.49 sec)
Math parsing succeeded:
   ltx:XMArg: 228/228
   ltx:XMWrap: 1/4
   ltx:XMath: 204/204
Symbols assumed as simple identifiers (with # of occurences):
   'I{italic}' (1), 'J{italic}' (4), 'L{caligraphic}' (7), 'T{caligraphic}' (5), 'T{italic}' (2), 'a{italic}' (9), 'e{italic}' (1), 'i{italic}' (1), 'j{italic}' (2), 'k{italic}' (8), 'mu' (6), 'o{italic}' (6), 'phi' (1), 'pi' (3), 'p{italic}' (6), 'q{italic}' (5), 'r{italic}' (3), 's{italic}' (18), 'tau' (2), 't{italic}' (11), 'w{italic}' (8)
Set MATHPARSER_SPECULATE to speculate on possible notations.
(Finalizing... 0.17 sec)
Conversion complete: 5 warnings; 40 errors; 10 undefined macros[\EndFor, \algtext, \State, \iclrfinalcopy, \definecolor, \algorithmicend, \For, \lx@orig@algorithmic, \algdef, {algorithm}]; 5 missing files[makecell.sty, algpseudocode.sty, iclr2023_conference.sty, algorithmicx.sty, algorithm.sty] (See parsed.log) (reqd. 13.60s)
