latexml (LaTeXML version 0.8.8) processing Design_gradient_coding_v7_arXiv.tex
(Digesting TeX Design_gradient_coding_v7_arXiv...
(Loading /usr/share/perl5/LaTeXML/Package/TeX.pool.ltxml...
(Loading /usr/share/perl5/LaTeXML/Package/eTeX.pool.ltxml... 0.00 sec)
(Loading /usr/share/perl5/LaTeXML/Package/pdfTeX.pool.ltxml... 0.00 sec) 0.09 sec)
(Processing content /home/miri/Documents/DataLit/arXiv_src_fetcher/ICLR_2023_first100/-lGvSmht7a/Design_gradient_coding_v7_arXiv.tex...
(Loading /usr/share/perl5/LaTeXML/Package/LaTeX.pool.ltxml...
(Loading /usr/share/perl5/LaTeXML/Package/textcomp.sty.ltxml...
(Processing definitions /usr/share/texlive/texmf-dist/tex/latex/base/ts1enc.dfu... 0.02 sec) 0.07 sec) 0.21 sec)
(Loading /usr/share/perl5/LaTeXML/Package/IEEEtran.cls.ltxml...
(Loading /usr/share/perl5/LaTeXML/Package/article.cls.ltxml... 0.01 sec) 0.05 sec)
(Loading /usr/share/perl5/LaTeXML/Package/inputenc.sty.ltxml...
(Loading /usr/share/perl5/LaTeXML/Package/utf8.def.ltxml... 0.00 sec) 0.01 sec)
(Loading /usr/share/perl5/LaTeXML/Package/fontenc.sty.ltxml...
(Loading /usr/share/perl5/LaTeXML/Package/t1enc.def.ltxml...
(Processing definitions /usr/share/texlive/texmf-dist/tex/latex/base/t1enc.def...
(Processing definitions /usr/share/texlive/texmf-dist/tex/latex/base/t1enc.dfu... 0.05 sec)
(Loading /usr/share/perl5/LaTeXML/Package/t1.fontmap.ltxml... 0.00 sec) 0.11 sec) 0.12 sec) 0.13 sec)
(Loading /usr/share/perl5/LaTeXML/Package/url.sty.ltxml... 0.00 sec)
(Loading /usr/share/perl5/LaTeXML/Package/ifthen.sty.ltxml...
(Processing definitions /usr/share/texlive/texmf-dist/tex/latex/base/ifthen.sty... 0.02 sec) 0.02 sec)
(Loading /usr/share/perl5/LaTeXML/Package/cite.sty.ltxml... 0.01 sec)
(Loading /usr/share/perl5/LaTeXML/Package/amsmath.sty.ltxml...
(Loading /usr/share/perl5/LaTeXML/Package/amsbsy.sty.ltxml...
(Loading /usr/share/perl5/LaTeXML/Package/amsgen.sty.ltxml... 0.00 sec) 0.01 sec)
(Loading /usr/share/perl5/LaTeXML/Package/amstext.sty.ltxml... 0.01 sec)
(Loading /usr/share/perl5/LaTeXML/Package/amsopn.sty.ltxml... 0.01 sec)
Info:unexpected:cmex10 Unexpected option 'cmex10' passed to amsmath.sty
	at amsmath.sty.ltxml; line 57
 0.07 sec)
(Loading /usr/share/perl5/LaTeXML/Package/amsfonts.sty.ltxml... 0.00 sec)
(Loading /usr/share/perl5/LaTeXML/Package/amssymb.sty.ltxml... 0.02 sec)
(Loading /usr/share/perl5/LaTeXML/Package/graphicx.sty.ltxml...
(Loading /usr/share/perl5/LaTeXML/Package/graphics.sty.ltxml... 0.01 sec) 0.03 sec)
(Loading /usr/share/perl5/LaTeXML/Package/color.sty.ltxml... 0.01 sec)
(Loading /usr/share/perl5/LaTeXML/Package/flushend.sty.ltxml... 0.01 sec)
(Loading /usr/share/perl5/LaTeXML/Package/subfig.sty.ltxml... 0.01 sec)
(Processing content /home/miri/Documents/DataLit/arXiv_src_fetcher/ICLR_2023_first100/-lGvSmht7a/definitions.tex... 0.05 sec)
Info:expected:Grad_coding_designs Couldn't find all bib files, using Design_gradient_coding_v7_arXiv.bbl instead
	at Design_gradient_coding_v7_arXiv.tex; line 1020 col 0 - line 1020 col 34
(Processing content /home/miri/Documents/DataLit/arXiv_src_fetcher/ICLR_2023_first100/-lGvSmht7a/Design_gradient_coding_v7_arXiv.bbl... 0.34 sec) 4.53 sec) 4.70 sec)
(Building...
(Loading compiled schema /usr/share/perl5/LaTeXML/resources/RelaxNG/LaTeXML.model... 0.01 sec)
Info:malformed:id Duplicated attribute xml:id
	at Design_gradient_coding_v7_arXiv.tex; line 301 col 160 - line 301 col 160
	Using id='footnote1a' on <ltx:note _font="Font[serif,medium,upright,10,r..." mark="1" role="footnote"/>
	id='footnote1' already set on <ltx:note _font="Font[serif,medium,upright,10,r..." role="footnote" xml:id="footnote1" _box="LaTeXML::Core::Whatsit=HASH(0x...">...
 3.64 sec)
(Rewriting... 0.21 sec)
(Math Parsing 629 formulae ......
Warning:not_parsed:NUMBER.POSTSUBSCRIPT.CLOSE>POSTSUBSCRIPT MathParser failed to match rule 'Anything'
	at Design_gradient_coding_v7_arXiv.tex; line 343 col 0 - line 346 col 14
	In "\begin{equation}\mathrm{err}_{\mathcal{F}}\left(\boldsymbol{E}\right)=\min_{%
	\boldsymbol{v}\in\mathbb{R}^{N-S}}\left\lVert\boldsymbol{E}_{\mathcal{F}}%
	\boldsymbol{v}-\boldsymbol{1}_{K}\right\rVert_{2}^{2},\end{equation}"
	err[[UNKNOWN]] _{\mathcal{F}}[[POSTSUBSCRIPT]] \left([[OPEN]] E[[UNKNOWN]] \right)[[CLOSE]] =[[RELOP]] min[[OPFUNCTION]] _{\boldsymbol{v}\in\mathbb{R}^{N-S}}[[POSTSUBSCRIPT]] \lVert[[OPEN]] E[[UNKNOWN]] _{\mathcal{F}}[[POSTSUBSCRIPT]] v[[UNKNOWN]] -[[ADDOP]] 1[[NUMBER]] _{K}[[POSTSUBSCRIPT]] \rVert[[CLOSE]]
	        > _{2}[[POSTSUBSCRIPT]] ^{2}[[POSTSUPERSCRIPT]]
Warning:not_parsed:NUMBER.POSTSUBSCRIPT.CLOSE>POSTSUBSCRIPT MathParser failed to match rule 'Anything'
	at Design_gradient_coding_v7_arXiv.tex; line 348 col 0 - line 351 col 14
	In "\begin{equation}\mathrm{err}_{S}\left(\boldsymbol{E}\right)=\max_{\begin{%
	subarray}{c}\mathcal{F}\subset[N]\\
	|\mathcal{F}|=N-S\end{subarray}}\min_{\boldsymbol{v}\in\mathbb{R}^{N-S}}\left%
	\lVert\boldsymbol{E}_{\mathcal{F}}\boldsymbol{v}-\boldsymbol{1}_{K}\right%
	\rVert_{2}^{2}.\end{equation}"
	err[[UNKNOWN]] _{S}[[POSTSUBSCRIPT]] \left([[OPEN]] E[[UNKNOWN]] \right)[[CLOSE]] =[[RELOP]] max[[OPFUNCTION]] _{\begin{subarray}{c}\mathcal{F}\subset[N]\\
	|\mathcal{F}|=N-S\end{subarray}}[[POSTSUBSCRIPT]] min[[OPFUNCTION]] _{\boldsymbol{v}\in\mathbb{R}^{N-S}}[[POSTSUBSCRIPT]] \lVert[[OPEN]] E[[UNKNOWN]] _{\mathcal{F}}[[POSTSUBSCRIPT]] v[[UNKNOWN]] -[[ADDOP]] 1[[NUMBER]] _{K}[[POSTSUBSCRIPT]] \rVert[[CLOSE]]
	        > _{2}[[POSTSUBSCRIPT]] ^{2}[[POSTSUPERSCRIPT]]
Warning:not_parsed:ATOM.CLOSE.UNKNOWN>RELOP MathParser failed to match rule 'Anything'
	at Design_gradient_coding_v7_arXiv.tex; line 964 col 0 - line 968 col 14
	In "\begin{equation}S^{*}(\eta)\geq\left(\frac{3L-\lambda_{2}}{L+\lambda_{2}}%
	\right)\eta=:S^{*}_{LB}(\eta),\end{equation}"
	S[[UNKNOWN]] ^{*}[[POSTSUPERSCRIPT]] ([[OPEN]] η[[UNKNOWN]] )[[CLOSE]] ≥[[RELOP]] \left([[OPEN]] \frac{3L-\lambda_{2}}{L+\lambda_{2}}[[UNKNOWN]] \right)[[CLOSE]] η[[UNKNOWN]]
	        > =[[RELOP]] :[[METARELOP]] S[[UNKNOWN]] ^{*}[[POSTSUPERSCRIPT]] _{LB}[[POSTSUBSCRIPT]] ([[OPEN]] η[[UNKNOWN]] )[[CLOSE]]
Warning:not_parsed:NUMBER.POSTSUBSCRIPT.CLOSE>POSTSUBSCRIPT MathParser failed to match rule 'Anything'
	at Design_gradient_coding_v7_arXiv.tex; line 1050 col 0 - line 1053 col 15
	In "\begin{equation*}\boldsymbol{v}_{\mathrm{opt}}=\arg\min_{\boldsymbol{v}\in%
	\mathbb{R}^{N-S}}\left\lVert\boldsymbol{E}_{\mathcal{F}}\boldsymbol{v}-%
	\boldsymbol{1}_{K}\right\rVert_{2}^{2}.\end{equation*}"
	v[[UNKNOWN]] _{\mathrm{opt}}[[POSTSUBSCRIPT]] =[[RELOP]] arg[[OPFUNCTION]] min[[OPFUNCTION]] _{\boldsymbol{v}\in\mathbb{R}^{N-S}}[[POSTSUBSCRIPT]] \lVert[[OPEN]] E[[UNKNOWN]] _{\mathcal{F}}[[POSTSUBSCRIPT]] v[[UNKNOWN]] -[[ADDOP]] 1[[NUMBER]] _{K}[[POSTSUBSCRIPT]] \rVert[[CLOSE]]
	        > _{2}[[POSTSUBSCRIPT]] ^{2}[[POSTSUPERSCRIPT]]
Warning:not_parsed:POSTSUBSCRIPT.CLOSE.POSTSUPERSCRIPT>PUNCT MathParser failed to match rule 'Anything'
	at Design_gradient_coding_v7_arXiv.tex; line 1069 col 1 - line 1069 col 1
	In "$\displaystyle(\boldsymbol{E}_{\mathcal{F}}^{T}\boldsymbol{E}_{\mathcal{F}})^{%
	-1}\stackrel{{\scriptstyle(a)}}{{=}}\left((L-\lambda)\boldsymbol{I}_{\bar{S}}+%
	\lambda\boldsymbol{J}_{\bar{S}}\right)^{-1},\stackrel{{\scriptstyle(b)}}{{=}}%
	\frac{1}{L-\lambda}\boldsymbol{I}_{\bar{S}}-\frac{1}{1+\mathrm{tr}\left(\frac{%
	\lambda}{L-\lambda}\boldsymbol{J}_{\bar{S}}\right)}\frac{\lambda}{(L-\lambda)^%
	{2}}\boldsymbol{J}_{\bar{S}},{=}\frac{1}{L-\lambda}\boldsymbol{I}_{\bar{S}}-%
	\frac{1}{1+\left(\frac{\lambda\bar{S}}{L-\lambda}\right)}\frac{\lambda}{(L-%
	\lambda)^{2}}\boldsymbol{J}_{\bar{S}},{=}\frac{1}{L-\lambda}\left[\boldsymbol{%
	I}_{\bar{S}}-\frac{\lambda}{L+\lambda(\bar{S}-1)}\boldsymbol{J}_{\bar{S}}%
	\right],\@@ENDINLINEMATH"
	([[OPEN]] E[[UNKNOWN]] _{\mathcal{F}}[[POSTSUBSCRIPT]] ^{T}[[POSTSUPERSCRIPT]] E[[UNKNOWN]] _{\mathcal{F}}[[POSTSUBSCRIPT]] )[[CLOSE]] ^{-1}[[POSTSUPERSCRIPT]] \stackrel{{\scriptstyle(a)}}{{=}}[[RELOP]] \left([[OPEN]] ([[OPEN]] L[[UNKNOWN]] -[[ADDOP]] λ[[UNKNOWN]] )[[CLOSE]] I[[UNKNOWN]] _{\bar{S}}[[POSTSUBSCRIPT]] +[[ADDOP]] λ[[UNKNOWN]] J[[UNKNOWN]] _{\bar{S}}[[POSTSUBSCRIPT]] \right)[[CLOSE]] ^{-1}[[POSTSUPERSCRIPT]]
	        > ,[[PUNCT]] \stackrel{{\scriptstyle(b)}}{{=}}[[RELOP]] \frac{1}{L-\lambda}[[UNKNOWN]] I[[UNKNOWN]] _{\bar{S}}[[POSTSUBSCRIPT]] -[[ADDOP]] \frac{1}{1+\mathrm{tr}\left(\frac{\lambda}{L-\lambda}\boldsymbol{J}_{\bar{S}}\right)}[[UNKNOWN]] \frac{\lambda}{(L-\lambda)^{2}}[[UNKNOWN]] J[[UNKNOWN]] _{\bar{S}}[[POSTSUBSCRIPT]] ,[[PUNCT]] =[[RELOP]] \frac{1}{L-\lambda}[[UNKNOWN]] I[[UNKNOWN]] _{\bar{S}}[[POSTSUBSCRIPT]] -[[ADDOP]] \frac{1}{1+\left(\frac{\lambda\bar{S}}{L-\lambda}\right)}[[UNKNOWN]] \frac{\lambda}{(L-\lambda)^{2}}[[UNKNOWN]] J[[UNKNOWN]] _{\bar{S}}[[POSTSUBSCRIPT]] ,[[PUNCT]] =[[RELOP]] \frac{1}{L-\lambda}[[UNKNOWN]] \left[[[OPEN]] I[[UNKNOWN]] _{\bar{S}}[[POSTSUBSCRIPT]] -[[ADDOP]] \frac{\lambda}{L+\lambda(\bar{S}-1)}[[UNKNOWN]] J[[UNKNOWN]] _{\bar{S}}[[POSTSUBSCRIPT]] \right][[CLOSE]]
Warning:not_parsed:POSTSUPERSCRIPT.NUMBER.POSTSUBSCRIPT>PUNCT MathParser failed to match rule 'Anything'
	at Design_gradient_coding_v7_arXiv.tex; line 1079 col 5 - line 1079 col 5
	In "$\displaystyle\boldsymbol{v}_{\mathrm{opt}}\stackrel{{\scriptstyle(c)}}{{=}}(%
	\boldsymbol{E}_{\mathcal{F}}^{T}\boldsymbol{E}_{\mathcal{F}})^{-1}\boldsymbol{%
	E}_{\mathcal{F}}^{T}\boldsymbol{1}_{K},\stackrel{{\scriptstyle(d)}}{{=}}\frac{%
	1}{L-\lambda}\left[\boldsymbol{I}_{\bar{S}}-\frac{\lambda}{L+\lambda(\bar{S}-1%
	)}\boldsymbol{J}_{\bar{S}}\right]L\boldsymbol{1}_{\bar{S}},{=}\frac{L}{L+%
	\lambda(\bar{S}-1)}\boldsymbol{1}_{\bar{S}},\@@ENDINLINEMATH"
	v[[UNKNOWN]] _{\mathrm{opt}}[[POSTSUBSCRIPT]] \stackrel{{\scriptstyle(c)}}{{=}}[[RELOP]] ([[OPEN]] E[[UNKNOWN]] _{\mathcal{F}}[[POSTSUBSCRIPT]] ^{T}[[POSTSUPERSCRIPT]] E[[UNKNOWN]] _{\mathcal{F}}[[POSTSUBSCRIPT]] )[[CLOSE]] ^{-1}[[POSTSUPERSCRIPT]] E[[UNKNOWN]] _{\mathcal{F}}[[POSTSUBSCRIPT]] ^{T}[[POSTSUPERSCRIPT]] 1[[NUMBER]] _{K}[[POSTSUBSCRIPT]]
	        > ,[[PUNCT]] \stackrel{{\scriptstyle(d)}}{{=}}[[RELOP]] \frac{1}{L-\lambda}[[UNKNOWN]] \left[[[OPEN]] I[[UNKNOWN]] _{\bar{S}}[[POSTSUBSCRIPT]] -[[ADDOP]] \frac{\lambda}{L+\lambda(\bar{S}-1)}[[UNKNOWN]] J[[UNKNOWN]] _{\bar{S}}[[POSTSUBSCRIPT]] \right][[CLOSE]] L[[UNKNOWN]] 1[[NUMBER]] _{\bar{S}}[[POSTSUBSCRIPT]] ,[[PUNCT]] =[[RELOP]] \frac{L}{L+\lambda(\bar{S}-1)}[[UNKNOWN]] 1[[NUMBER]] _{\bar{S}}[[POSTSUBSCRIPT]]
Warning:not_parsed:NUMBER.POSTSUBSCRIPT.CLOSE>PUNCT MathParser failed to match rule 'Anything'
	at Design_gradient_coding_v7_arXiv.tex; line 1089 col 0 - line 1089 col 14
	In "$\displaystyle\mathrm{err}_{\mathcal{F}}\left(\boldsymbol{E}\right)\stackrel{{%
	\scriptstyle(e)}}{{=}}\left(\boldsymbol{E}_{\mathcal{F}}\boldsymbol{v}_{%
	\mathrm{opt}}-\boldsymbol{1}_{K}\right)^{T}\left(\boldsymbol{E}_{\mathcal{F}}%
	\boldsymbol{v}_{\mathrm{opt}}-\boldsymbol{1}_{K}\right),{=}\boldsymbol{1}_{K}^%
	{T}\boldsymbol{1}_{K}-2\boldsymbol{v}_{\mathrm{opt}}^{T}\boldsymbol{E}_{%
	\mathcal{F}}^{T}\boldsymbol{1}_{K}+\boldsymbol{v}_{\mathrm{opt}}^{T}%
	\boldsymbol{E}_{\mathcal{F}}^{T}\boldsymbol{E}_{\mathcal{F}}\boldsymbol{v}_{%
	\mathrm{opt}},\stackrel{{\scriptstyle(f)}}{{=}}K-2L\boldsymbol{v}_{\mathrm{opt%
	}}^{T}\boldsymbol{1}_{\bar{S}}+\boldsymbol{v}_{\mathrm{opt}}^{T}((L-\lambda)%
	\boldsymbol{I}_{\bar{S}}+\lambda\boldsymbol{J}_{\bar{S}})\boldsymbol{v}_{%
	\mathrm{opt}},\stackrel{{\scriptstyle(g)}}{{=}}K-\frac{2L^{2}\bar{S}}{L+%
	\lambda(\bar{S}-1)}+\frac{L^{2}((L-\lambda)\bar{S}+\lambda\bar{S}^{2})}{(L+%
	\lambda(\bar{S}-1))^{2}},{=}K-\frac{L^{2}\bar{S}}{L+\lambda(\bar{S}-1)},\@@ENDINLINEMATH"
	err[[UNKNOWN]] _{\mathcal{F}}[[POSTSUBSCRIPT]] \left([[OPEN]] E[[UNKNOWN]] \right)[[CLOSE]] \stackrel{{\scriptstyle(e)}}{{=}}[[RELOP]] \left([[OPEN]] E[[UNKNOWN]] _{\mathcal{F}}[[POSTSUBSCRIPT]] v[[UNKNOWN]] _{\mathrm{opt}}[[POSTSUBSCRIPT]] -[[ADDOP]] 1[[NUMBER]] _{K}[[POSTSUBSCRIPT]] \right)[[CLOSE]] ^{T}[[POSTSUPERSCRIPT]] \left([[OPEN]] E[[UNKNOWN]] _{\mathcal{F}}[[POSTSUBSCRIPT]] v[[UNKNOWN]] _{\mathrm{opt}}[[POSTSUBSCRIPT]] -[[ADDOP]] 1[[NUMBER]] _{K}[[POSTSUBSCRIPT]] \right)[[CLOSE]]
	        > ,[[PUNCT]] =[[RELOP]] 1[[NUMBER]] _{K}[[POSTSUBSCRIPT]] ^{T}[[POSTSUPERSCRIPT]] 1[[NUMBER]] _{K}[[POSTSUBSCRIPT]] -[[ADDOP]] 2[[NUMBER]] v[[UNKNOWN]] _{\mathrm{opt}}[[POSTSUBSCRIPT]] ^{T}[[POSTSUPERSCRIPT]] E[[UNKNOWN]] _{\mathcal{F}}[[POSTSUBSCRIPT]] ^{T}[[POSTSUPERSCRIPT]] 1[[NUMBER]] _{K}[[POSTSUBSCRIPT]] +[[ADDOP]] v[[UNKNOWN]] _{\mathrm{opt}}[[POSTSUBSCRIPT]] ^{T}[[POSTSUPERSCRIPT]] E[[UNKNOWN]] _{\mathcal{F}}[[POSTSUBSCRIPT]] ^{T}[[POSTSUPERSCRIPT]] E[[UNKNOWN]] _{\mathcal{F}}[[POSTSUBSCRIPT]] v[[UNKNOWN]] _{\mathrm{opt}}[[POSTSUBSCRIPT]] ,[[PUNCT]] \stackrel{{\scriptstyle(f)}}{{=}}[[RELOP]] K[[UNKNOWN]] -[[ADDOP]] 2[[NUMBER]] L[[UNKNOWN]] v[[UNKNOWN]] _{\mathrm{opt}}[[POSTSUBSCRIPT]] ^{T}[[POSTSUPERSCRIPT]] 1[[NUMBER]] _{\bar{S}}[[POSTSUBSCRIPT]] +[[ADDOP]] v[[UNKNOWN]] _{\mathrm{opt}}[[POSTSUBSCRIPT]] ^{T}[[POSTSUPERSCRIPT]] ([[OPEN]] ([[OPEN]] L[[UNKNOWN]] -[[ADDOP]] λ[[UNKNOWN]] )[[CLOSE]] I[[UNKNOWN]] _{\bar{S}}[[POSTSUBSCRIPT]] ...
Warning:not_parsed:NUMBER.POSTSUBSCRIPT.CLOSE>POSTSUBSCRIPT MathParser failed to match rule 'Anything'
	at Design_gradient_coding_v7_arXiv.tex; line 1108 col 0 - line 1111 col 15
	In "\begin{equation*}\boldsymbol{v}_{\mathrm{opt}}=\arg\min_{\boldsymbol{v}\in%
	\mathbb{R}^{N-S}}\left\lVert\boldsymbol{E}_{\mathcal{F}}\boldsymbol{v}-%
	\boldsymbol{1}_{K}\right\rVert_{2}^{2}.\end{equation*}"
	v[[UNKNOWN]] _{\mathrm{opt}}[[POSTSUBSCRIPT]] =[[RELOP]] arg[[OPFUNCTION]] min[[OPFUNCTION]] _{\boldsymbol{v}\in\mathbb{R}^{N-S}}[[POSTSUBSCRIPT]] \lVert[[OPEN]] E[[UNKNOWN]] _{\mathcal{F}}[[POSTSUBSCRIPT]] v[[UNKNOWN]] -[[ADDOP]] 1[[NUMBER]] _{K}[[POSTSUBSCRIPT]] \rVert[[CLOSE]]
	        > _{2}[[POSTSUBSCRIPT]] ^{2}[[POSTSUPERSCRIPT]]
Warning:not_parsed:POSTSUBSCRIPT.CLOSE.POSTSUPERSCRIPT>PUNCT MathParser failed to match rule 'Anything'
	at Design_gradient_coding_v7_arXiv.tex; line 1167 col 13 - line 1167 col 13
	In "$\displaystyle\boldsymbol{\hat{J}}_{\bar{S}_{i}}^{-1}=\left(L\boldsymbol{I}_{%
	\bar{S}_{i}}+(-\mu)\boldsymbol{J}_{\bar{S}_{i}}\right)^{-1},\stackrel{{%
	\scriptstyle(a)}}{{=}}\frac{1}{L}\boldsymbol{I}_{\bar{S}_{i}}-\frac{1}{1+%
	\textrm{tr}\left(-\mu\boldsymbol{J}_{\bar{S}_{i}}\frac{1}{L}\boldsymbol{I}_{%
	\bar{S}_{i}}\right)}\frac{1}{L}\boldsymbol{I}_{\bar{S}_{i}}(-\mu)\boldsymbol{J%
	}_{\bar{S}_{i}}\frac{1}{L}\boldsymbol{I}_{\bar{S}_{i}},=\frac{1}{L}\boldsymbol%
	{I}_{\bar{S}_{i}}+\frac{\mu}{L(L-\mu\bar{S}_{i})}\boldsymbol{J}_{\bar{S}_{i}}.\@@ENDINLINEMATH"
	\hat{J}[[UNKNOWN]] _{\bar{S}_{i}}[[POSTSUBSCRIPT]] ^{-1}[[POSTSUPERSCRIPT]] =[[RELOP]] \left([[OPEN]] L[[UNKNOWN]] I[[UNKNOWN]] _{\bar{S}_{i}}[[POSTSUBSCRIPT]] +[[ADDOP]] ([[OPEN]] -[[ADDOP]] μ[[UNKNOWN]] )[[CLOSE]] J[[UNKNOWN]] _{\bar{S}_{i}}[[POSTSUBSCRIPT]] \right)[[CLOSE]] ^{-1}[[POSTSUPERSCRIPT]]
	        > ,[[PUNCT]] \stackrel{{\scriptstyle(a)}}{{=}}[[RELOP]] \frac{1}{L}[[UNKNOWN]] I[[UNKNOWN]] _{\bar{S}_{i}}[[POSTSUBSCRIPT]] -[[ADDOP]] \frac{1}{1+\textrm{tr}\left(-\mu\boldsymbol{J}_{\bar{S}_{i}}\frac{1}{L}\boldsymbol{I}_{\bar{S}_{i}}\right)}[[UNKNOWN]] \frac{1}{L}[[UNKNOWN]] I[[UNKNOWN]] _{\bar{S}_{i}}[[POSTSUBSCRIPT]] ([[OPEN]] -[[ADDOP]] μ[[UNKNOWN]] )[[CLOSE]] J[[UNKNOWN]] _{\bar{S}_{i}}[[POSTSUBSCRIPT]] \frac{1}{L}[[UNKNOWN]] I[[UNKNOWN]] _{\bar{S}_{i}}[[POSTSUBSCRIPT]] ,[[PUNCT]] =[[RELOP]] \frac{1}{L}[[UNKNOWN]] I[[UNKNOWN]] _{\bar{S}_{i}}[[POSTSUBSCRIPT]] +[[ADDOP]] \frac{\mu}{L(L-\mu\bar{S}_{i})}[[UNKNOWN]] J[[UNKNOWN]] _{\bar{S}_{i}}[[POSTSUBSCRIPT]]
 11.03 sec)
Math parsing succeeded:
   ltx:XMArg: 1152/1152
   ltx:XMWrap: 5/6
   ltx:XMath: 620/629
Symbols assumed as simple identifiers (with # of occurences):
   'A{bold italic}' (2), 'A{caligraphic}' (15), 'A{italic}' (5), 'B{italic}' (5), 'C{bold italic}' (2), 'D{caligraphic}' (7), 'D{italic}' (11), 'E{bold italic}' (118), 'E{caligraphic}' (8), 'F{caligraphic}' (16), 'G{bold italic}' (9), 'G{caligraphic}' (8), 'H{bold italic}' (11), 'I{bold italic}' (39), 'J{bold italic}' (44), 'K{italic}' (71), 'L{italic}' (156), 'M{bold italic}' (5), 'M{italic}' (1), 'N{caligraphic}' (4), 'N{italic}' (71), 'O{italic}' (4), 'P{caligraphic}' (15), 'R{blackboard}' (9), 'R{italic}' (40), 'S{caligraphic}' (11), 'S{italic}' (98), 'T{caligraphic}' (38), 'V{caligraphic}' (6), 'W{caligraphic}' (6), 'W{italic}' (3), 'X{italic}' (15), 'alpha' (3), 'a{italic}' (8), 'b{italic}' (34), 'c{bold italic}' (1), 'c{italic}' (13), 'd{italic}' (2), 'ell' (6), 'err' (24), 'eta' (37), 'e{italic}' (2), 'f{italic}' (2), 'g{bold italic}' (5), 'g{italic}' (2), 'h{italic}' (4), 'i{italic}' (41), 'j{italic}' (21), 'k{italic}' (31), 'lambda' (102), 'mu' (33), 'm{italic}' (25), 'n{italic}' (7), 'p{italic}' (4), 'q{italic}' (70), 'rho' (1), 'r{italic}' (30), 'supp' (4), 'tr' (5), 't{italic}' (6), 'v{bold italic}' (68), 'v{italic}' (33), 'w{bold}' (11), 'x{bold}' (9), 'x{italic}' (5), 'y{bold}' (1), 'y{italic}' (8)
Set MATHPARSER_SPECULATE to speculate on possible notations.
(Finalizing... 0.62 sec)
Conversion complete: 9 warnings (See parsed.log) (reqd. 20.61s)
