latexml (LaTeXML version 0.8.8) processing main.tex
(Digesting TeX main...
(Loading /usr/share/perl5/LaTeXML/Package/TeX.pool.ltxml...
(Loading /usr/share/perl5/LaTeXML/Package/eTeX.pool.ltxml... 0.00 sec)
(Loading /usr/share/perl5/LaTeXML/Package/pdfTeX.pool.ltxml... 0.01 sec) 0.12 sec)
(Processing content /home/miri/Documents/DataLit/arXiv_src_fetcher/ICLR_2023_first100/-5fSvp1ofdd/main.tex...
(Loading /usr/share/perl5/LaTeXML/Package/LaTeX.pool.ltxml...
(Loading /usr/share/perl5/LaTeXML/Package/textcomp.sty.ltxml...
(Processing definitions /usr/share/texlive/texmf-dist/tex/latex/base/ts1enc.dfu... 0.01 sec) 0.04 sec) 0.17 sec)
Experience Replay Optimization
(Loading /usr/share/perl5/LaTeXML/Package/article.cls.ltxml... 0.01 sec)
Info:fallback:ijcai19.sty Interpreted 19 as a versioned package/class name, falling back to generic ijcai.sty
	at main.tex; line 12 col 0 - line 12 col 1
(Loading /usr/share/perl5/LaTeXML/Package/ijcai.sty.ltxml...
(Loading /usr/share/perl5/LaTeXML/Package/natbib.sty.ltxml... 0.01 sec) 0.01 sec)
(Loading /usr/share/perl5/LaTeXML/Package/times.sty.ltxml... 0.00 sec)
(Loading /usr/share/perl5/LaTeXML/Package/soul.sty.ltxml... 0.00 sec)
(Loading /usr/share/perl5/LaTeXML/Package/url.sty.ltxml... 0.00 sec)
(Loading /usr/share/perl5/LaTeXML/Package/hyperref.sty.ltxml...
(Loading /usr/share/perl5/LaTeXML/Package/ltxcmds.sty.ltxml...
(Processing definitions /usr/share/texlive/texmf-dist/tex/generic/ltxcmds/ltxcmds.sty... 0.05 sec) 0.05 sec)
(Loading /usr/share/perl5/LaTeXML/Package/keyval.sty.ltxml...
(Processing definitions /usr/share/texlive/texmf-dist/tex/latex/graphics/keyval.sty... 0.01 sec) 0.01 sec)
(Loading /usr/share/perl5/LaTeXML/Package/kvsetkeys.sty.ltxml...
(Processing definitions /usr/share/texlive/texmf-dist/tex/latex/kvsetkeys/kvsetkeys.sty... 0.04 sec) 0.04 sec)
(Loading /usr/share/perl5/LaTeXML/Package/kvdefinekeys.sty.ltxml...
(Processing definitions /usr/share/texlive/texmf-dist/tex/generic/kvdefinekeys/kvdefinekeys.sty... 0.01 sec) 0.02 sec)
(Loading /usr/share/perl5/LaTeXML/Package/kvoptions.sty.ltxml...
(Processing definitions /usr/share/texlive/texmf-dist/tex/latex/kvoptions/kvoptions.sty... 0.08 sec) 0.08 sec)
(Loading /usr/share/perl5/LaTeXML/Package/nameref.sty.ltxml...
(Loading /usr/share/perl5/LaTeXML/Package/refcount.sty.ltxml...
(Processing definitions /usr/share/texlive/texmf-dist/tex/latex/refcount/refcount.sty...
(Loading /usr/share/perl5/LaTeXML/Package/infwarerr.sty.ltxml...
(Processing definitions /usr/share/texlive/texmf-dist/tex/generic/infwarerr/infwarerr.sty... 0.02 sec) 0.03 sec) 0.06 sec) 0.06 sec)
(Loading /usr/share/perl5/LaTeXML/Package/gettitlestring.sty.ltxml...
(Processing definitions /usr/share/texlive/texmf-dist/tex/generic/gettitlestring/gettitlestring.sty... 0.06 sec) 0.06 sec) 0.13 sec)
(Loading /usr/share/perl5/LaTeXML/Package/bitset.sty.ltxml...
(Processing definitions /usr/share/texlive/texmf-dist/tex/generic/bitset/bitset.sty...
(Loading /usr/share/perl5/LaTeXML/Package/intcalc.sty.ltxml...
(Processing definitions /usr/share/texlive/texmf-dist/tex/generic/intcalc/intcalc.sty... 0.03 sec) 0.03 sec)
(Loading /usr/share/perl5/LaTeXML/Package/bigintcalc.sty.ltxml...
(Processing definitions /usr/share/texlive/texmf-dist/tex/generic/bigintcalc/bigintcalc.sty...
(Loading /usr/share/perl5/LaTeXML/Package/pdftexcmds.sty.ltxml...
(Loading /usr/share/perl5/LaTeXML/Package/iftex.sty.ltxml... 0.00 sec) 0.00 sec) 0.09 sec) 0.09 sec) 0.22 sec) 0.22 sec) 0.57 sec)
(Loading /usr/share/perl5/LaTeXML/Package/inputenc.sty.ltxml...
(Loading /usr/share/perl5/LaTeXML/Package/utf8.def.ltxml... 0.00 sec) 0.01 sec)
(Loading /usr/share/perl5/LaTeXML/Package/caption.sty.ltxml... 0.00 sec)
(Loading /usr/share/perl5/LaTeXML/Package/graphicx.sty.ltxml...
(Loading /usr/share/perl5/LaTeXML/Package/graphics.sty.ltxml... 0.01 sec) 0.02 sec)
(Loading /usr/share/perl5/LaTeXML/Package/amsmath.sty.ltxml...
(Loading /usr/share/perl5/LaTeXML/Package/amsbsy.sty.ltxml...
(Loading /usr/share/perl5/LaTeXML/Package/amsgen.sty.ltxml... 0.00 sec) 0.01 sec)
(Loading /usr/share/perl5/LaTeXML/Package/amstext.sty.ltxml... 0.00 sec)
(Loading /usr/share/perl5/LaTeXML/Package/amsopn.sty.ltxml... 0.00 sec) 0.04 sec)
(Loading /usr/share/perl5/LaTeXML/Package/booktabs.sty.ltxml... 0.00 sec)
(Loading /usr/share/perl5/LaTeXML/Package/amssymb.sty.ltxml...
(Loading /usr/share/perl5/LaTeXML/Package/amsfonts.sty.ltxml... 0.00 sec) 0.01 sec)
(Loading /usr/share/perl5/LaTeXML/Package/algorithmic.sty.ltxml...
Warning:missing_file:algorithmic Can't find package algorithmic
	at algorithmic.sty.ltxml; line 26
	Anticipate undefined macros or environments
	search paths are /home/miri/Documents/DataLit/arXiv_src_fetcher/ICLR_2023_first100/-5fSvp1ofdd
	In Core::Gullet[@0x577b61428a30] /usr/share/perl5/LaTeXML/Package/algorithmic.sty.ltxml; line 26
 0.01 sec)
(Loading /usr/share/perl5/LaTeXML/Package/algorithm.sty.ltxml...
Warning:missing_file:algorithm Can't find package algorithm
	at algorithm.sty.ltxml; line 20
	Anticipate undefined macros or environments
	In Core::Gullet[@0x577b61428a30] /usr/share/perl5/LaTeXML/Package/algorithm.sty.ltxml; line 20
 0.01 sec)
(Loading /usr/share/perl5/LaTeXML/Package/subcaption.sty.ltxml... 0.01 sec)
(Loading /usr/share/perl5/LaTeXML/Package/bm.sty.ltxml... 0.00 sec)
Error:undefined:{algorithm} The environment {algorithm} is not defined.
	at main.tex; line 140 col 17 - line 140 col 17
	Next token is T_OTHER[[] ( == T_OTHER[[])
	In Core::Definition::Expandable[\begin {}] /usr/share/perl5/LaTeXML/Package/LaTeX.pool.ltxml; line 182
	 <= Core::Gullet[@0x577b61428a30] <= Core::Stomach[@0x577b5ee29a30] <= ...
Error:unexpected:\caption Use of \caption outside any known float
	at main.tex; line 141 col 8 - line 141 col 8
	In Core::Definition::Constructor[\@@gene... /usr/share/perl5/LaTeXML/Package/LaTeX.pool.ltxml; line 3392
	 <= Core::Stomach[@0x577b5ee29a30] <= ...
Error:undefined:\lx@orig@algorithmic The token T_CS[\lx@orig@algorithmic] is not defined.
	at main.tex; line 143 col 19 - line 143 col 19
	Defining it now as <ltx:ERROR/>
	Next token is T_OTHER[[] ( == T_OTHER[[])
	In Core::Gullet[@0x577b61428a30] /home/miri/Documents/DataLit/arXiv_src_fetcher/ICLR_2023_first100/-5fSvp1ofdd/main.tex; from line 143 col 20 to line 143 col 20
	 <= Core::Stomach[@0x577b5ee29a30] <= ...
Error:undefined:\STATE The token T_CS[\STATE] is not defined.
	at main.tex; line 144 col 6 - line 144 col 6
	Defining it now as <ltx:ERROR/>
	Next token is T_LETTER[I] ( == T_LETTER[I])
	In Core::Gullet[@0x577b61428a30] /home/miri/Documents/DataLit/arXiv_src_fetcher/ICLR_2023_first100/-5fSvp1ofdd/main.tex; from line 144 col 8 to line 144 col 8
	 <= Core::Stomach[@0x577b5ee29a30] <= ...
Error:undefined:\FOR The token T_CS[\FOR] is not defined.
	at main.tex; line 145 col 4 - line 145 col 4
	Defining it now as <ltx:ERROR/>
	Next token is T_BEGIN[{] ( == T_BEGIN[{])
	In Core::Gullet[@0x577b61428a30] /home/miri/Documents/DataLit/arXiv_src_fetcher/ICLR_2023_first100/-5fSvp1ofdd/main.tex; from line 145 col 5 to line 145 col 5
	 <= Core::Stomach[@0x577b5ee29a30] <= ...
Error:undefined:\IF The token T_CS[\IF] is not defined.
	at main.tex; line 150 col 11 - line 150 col 11
	Defining it now as <ltx:ERROR/>
	Next token is T_BEGIN[{] ( == T_BEGIN[{])
	In Core::Gullet[@0x577b61428a30] /home/miri/Documents/DataLit/arXiv_src_fetcher/ICLR_2023_first100/-5fSvp1ofdd/main.tex; from line 150 col 12 to line 150 col 12
	 <= Core::Stomach[@0x577b5ee29a30] <= ...
Error:undefined:\ENDIF The token T_CS[\ENDIF] is not defined.
	at main.tex; line 154 col 0 - line 154 col 18
	Defining it now as <ltx:ERROR/>
	Next token is T_CS[\STATE] ( == Core::Definition::Constructor[\STATE])
	In Core::Gullet[@0x577b61428a30] /home/miri/Documents/DataLit/arXiv_src_fetcher/ICLR_2023_first100/-5fSvp1ofdd/main.tex; from line 155 col 18 to line 155 col 18
	 <= Core::Stomach[@0x577b5ee29a30] <= ...
Error:undefined:\ENDFOR The token T_CS[\ENDFOR] is not defined.
	at main.tex; line 157 col 0 - line 157 col 11
	Defining it now as <ltx:ERROR/>
	Next token is T_CS[\FOR] ( == Core::Definition::Constructor[\FOR])
	In Core::Gullet[@0x577b61428a30] /home/miri/Documents/DataLit/arXiv_src_fetcher/ICLR_2023_first100/-5fSvp1ofdd/main.tex; from line 158 col 8 to line 158 col 8
	 <= Core::Stomach[@0x577b5ee29a30] <= ...
Error:unexpected:\caption Use of \caption outside any known float
	at main.tex; line 211 col 8 - line 211 col 8
	In Core::Definition::Constructor[\@@gene... /usr/share/perl5/LaTeXML/Package/LaTeX.pool.ltxml; line 3392
	 <= Core::Stomach[@0x577b5ee29a30] <= ...
Error:undefined:\algorithmicindent The token T_CS[\algorithmicindent] is not defined.
	at main.tex; line 214 col 28 - line 214 col 28
	Defining it now as <ltx:ERROR/>
	Input is empty
	In Core::Gullet[@0x577b61428a30] /home/miri/Documents/DataLit/arXiv_src_fetcher/ICLR_2023_first100/-5fSvp1ofdd/main.tex; from line 214 col 28 to line 214 col 28
	 <= Core::Definition::Primitive[\hspace O... <= Core::Stomach[@0x577b5ee29a30] <= ...
Warning:expected:<number> Missing number (Dimension), treated as zero.
	at main.tex; line 214 col 28 - line 214 col 28
	while processing \hspace
	Next token is T_CS[\algorithmicindent] ( == Core::Definition::Constructor[\algorithmicindent])
	In Core::Gullet[@0x577b61428a30] /home/miri/Documents/DataLit/arXiv_src_fetcher/ICLR_2023_first100/-5fSvp1ofdd/main.tex; from line 214 col 28 to line 214 col 28
Warning:expected:<number> Missing number (Dimension), treated as zero.
	at main.tex; line 215 col 28 - line 215 col 28
	while processing \hspace
	Next token is T_CS[\algorithmicindent] ( == Core::Definition::Constructor[\algorithmicindent])
	In Core::Gullet[@0x577b61428a30] /home/miri/Documents/DataLit/arXiv_src_fetcher/ICLR_2023_first100/-5fSvp1ofdd/main.tex; from line 215 col 28 to line 215 col 28
Warning:expected:<number> Missing number (Dimension), treated as zero.
	at main.tex; line 216 col 28 - line 216 col 28
	while processing \hspace
	Next token is T_CS[\algorithmicindent] ( == Core::Definition::Constructor[\algorithmicindent])
	In Core::Gullet[@0x577b61428a30] /home/miri/Documents/DataLit/arXiv_src_fetcher/ICLR_2023_first100/-5fSvp1ofdd/main.tex; from line 216 col 28 to line 216 col 28
Warning:expected:<number> Missing number (Dimension), treated as zero.
	at main.tex; line 218 col 28 - line 218 col 28
	while processing \hspace
	Next token is T_CS[\algorithmicindent] ( == Core::Definition::Constructor[\algorithmicindent])
	In Core::Gullet[@0x577b61428a30] /home/miri/Documents/DataLit/arXiv_src_fetcher/ICLR_2023_first100/-5fSvp1ofdd/main.tex; from line 218 col 28 to line 218 col 28
Info:expected:reference Couldn't find all bib files, using main.bbl instead
	at main.tex; line 408 col 0 - line 408 col 24
(Processing content /home/miri/Documents/DataLit/arXiv_src_fetcher/ICLR_2023_first100/-5fSvp1ofdd/main.bbl... 0.36 sec) 2.54 sec) 2.68 sec)
(Building...
(Loading compiled schema /usr/share/perl5/LaTeXML/resources/RelaxNG/LaTeXML.model... 0.01 sec) 3.84 sec)
(Rewriting... 0.05 sec)
(Math Parsing 177 formulae ...... 2.93 sec)
Math parsing succeeded:
   ltx:XMath: 177/177
   ltx:XMArg: 296/296
   ltx:XMWrap: 8/8
Symbols assumed as simple identifiers (with # of occurences):
   'A{caligraphic}' (5), 'Bernoulli' (3), 'B{caligraphic}' (40), 'E{blackboard}' (10), 'J{caligraphic}' (6), 'L{caligraphic}' (1), 'P{caligraphic}' (10), 'Q{italic}' (12), 'R{blackboard}' (2), 'R{caligraphic}' (2), 'R{italic}' (1), 'S{caligraphic}' (7), 'a{italic}' (13), 'b{italic}' (2), 'c{italic}' (2), 'gamma' (4), 'h{italic}' (2), 'i{italic}' (5), 'j{italic}' (1), 'lambda' (4), 'mu' (13), 'phi' (20), 'pi' (8), 'p{italic}' (2), 'r{italic}' (31), 'sigma' (1), 's{italic}' (32), 'tau' (10), 'theta' (54), 't{italic}' (10), 'y{italic}' (2)
Set MATHPARSER_SPECULATE to speculate on possible notations.
(Finalizing... 0.45 sec)
Conversion complete: 6 warnings; 10 errors; 8 undefined macros[\ENDFOR, {algorithm}, \lx@orig@algorithmic, \ENDIF, \FOR, \STATE, \IF, \algorithmicindent]; 2 missing files[algorithmic.sty, algorithm.sty] (See parsed.log) (reqd. 10.35s)
