latexml (LaTeXML version 0.8.8) processing main.tex
(Digesting TeX main...
(Loading /usr/share/perl5/LaTeXML/Package/TeX.pool.ltxml...
(Loading /usr/share/perl5/LaTeXML/Package/eTeX.pool.ltxml... 0.00 sec)
(Loading /usr/share/perl5/LaTeXML/Package/pdfTeX.pool.ltxml... 0.01 sec) 0.12 sec)
(Processing content /home/miri/Documents/university/DataLit/arXiv_src_fetcher/ICLR_2023_first100/-ng-FXFlzgK/main.tex...
(Loading /usr/share/perl5/LaTeXML/Package/LaTeX.pool.ltxml...
(Loading /usr/share/perl5/LaTeXML/Package/textcomp.sty.ltxml...
(Processing definitions /usr/share/texlive/texmf-dist/tex/latex/base/ts1enc.dfu... 0.02 sec) 0.26 sec) 0.44 sec)
(Loading /usr/share/perl5/LaTeXML/Package/article.cls.ltxml... 0.01 sec)
Warning:missing_file:cvpr Can't find binding for package cvpr
	at main.tex; line 11 col 0 - line 11 col 1
	Anticipate undefined macros or environments
	search paths are /home/miri/Documents/university/DataLit/arXiv_src_fetcher/ICLR_2023_first100/-ng-FXFlzgK
	In Core::Definition::Constructor[\usepac... /usr/share/perl5/LaTeXML/Package/LaTeX.pool.ltxml; line 879
Info:dependencies:dependencies Loading dependencies for /home/miri/Documents/university/DataLit/arXiv_src_fetcher/ICLR_2023_first100/-ng-FXFlzgK/cvpr.sty: times,cite,xspace,silence,etoolbox,caption,subcaption,url,keyval,color,\@tempb
	at main.tex; line 11 col 0 - line 11 col 1
(Loading /usr/share/perl5/LaTeXML/Package/times.sty.ltxml... 0.00 sec)
(Loading /usr/share/perl5/LaTeXML/Package/cite.sty.ltxml... 0.00 sec)
(Loading /usr/share/perl5/LaTeXML/Package/xspace.sty.ltxml... 0.00 sec)
(Loading /usr/share/perl5/LaTeXML/Package/etoolbox.sty.ltxml... 0.14 sec)
(Loading /usr/share/perl5/LaTeXML/Package/caption.sty.ltxml... 0.01 sec)
(Loading /usr/share/perl5/LaTeXML/Package/subcaption.sty.ltxml... 0.01 sec)
(Loading /usr/share/perl5/LaTeXML/Package/url.sty.ltxml... 0.00 sec)
(Loading /usr/share/perl5/LaTeXML/Package/keyval.sty.ltxml...
(Processing definitions /usr/share/texlive/texmf-dist/tex/latex/graphics/keyval.sty... 0.01 sec) 0.01 sec)
(Loading /usr/share/perl5/LaTeXML/Package/color.sty.ltxml... 0.01 sec)
(Loading /usr/share/perl5/LaTeXML/Package/graphicx.sty.ltxml...
(Loading /usr/share/perl5/LaTeXML/Package/graphics.sty.ltxml... 0.01 sec) 0.03 sec)
(Loading /usr/share/perl5/LaTeXML/Package/amsmath.sty.ltxml...
(Loading /usr/share/perl5/LaTeXML/Package/amsbsy.sty.ltxml...
(Loading /usr/share/perl5/LaTeXML/Package/amsgen.sty.ltxml... 0.00 sec) 0.01 sec)
(Loading /usr/share/perl5/LaTeXML/Package/amstext.sty.ltxml... 0.00 sec)
(Loading /usr/share/perl5/LaTeXML/Package/amsopn.sty.ltxml... 0.00 sec) 0.05 sec)
(Loading /usr/share/perl5/LaTeXML/Package/bm.sty.ltxml... 0.00 sec)
(Loading /usr/share/perl5/LaTeXML/Package/amssymb.sty.ltxml...
(Loading /usr/share/perl5/LaTeXML/Package/amsfonts.sty.ltxml... 0.00 sec) 0.01 sec)
(Loading /usr/share/perl5/LaTeXML/Package/booktabs.sty.ltxml... 0.01 sec)
(Loading /usr/share/perl5/LaTeXML/Package/multirow.sty.ltxml... 0.00 sec)
(Loading /usr/share/perl5/LaTeXML/Package/threeparttable.sty.ltxml... 0.00 sec)
(Loading /usr/share/perl5/LaTeXML/Package/enumitem.sty.ltxml... 0.01 sec)
(Loading /usr/share/perl5/LaTeXML/Package/ntheorem.sty.ltxml...
(Loading /usr/share/perl5/LaTeXML/Package/amsthm.sty.ltxml... 0.01 sec)
(Loading /usr/share/perl5/LaTeXML/Package/ifthen.sty.ltxml...
(Processing definitions /usr/share/texlive/texmf-dist/tex/latex/base/ifthen.sty... 0.01 sec) 0.02 sec) 0.04 sec)
(Loading /usr/share/perl5/LaTeXML/Package/wrapfig.sty.ltxml... 0.00 sec)
(Loading /usr/share/perl5/LaTeXML/Package/hyperref.sty.ltxml...
(Loading /usr/share/perl5/LaTeXML/Package/ltxcmds.sty.ltxml...
(Processing definitions /usr/share/texlive/texmf-dist/tex/generic/ltxcmds/ltxcmds.sty... 0.07 sec) 0.07 sec)
(Loading /usr/share/perl5/LaTeXML/Package/kvsetkeys.sty.ltxml...
(Processing definitions /usr/share/texlive/texmf-dist/tex/latex/kvsetkeys/kvsetkeys.sty... 0.05 sec) 0.05 sec)
(Loading /usr/share/perl5/LaTeXML/Package/kvdefinekeys.sty.ltxml...
(Processing definitions /usr/share/texlive/texmf-dist/tex/generic/kvdefinekeys/kvdefinekeys.sty... 0.02 sec) 0.02 sec)
(Loading /usr/share/perl5/LaTeXML/Package/kvoptions.sty.ltxml...
(Processing definitions /usr/share/texlive/texmf-dist/tex/latex/kvoptions/kvoptions.sty... 0.11 sec) 0.11 sec)
(Loading /usr/share/perl5/LaTeXML/Package/nameref.sty.ltxml...
(Loading /usr/share/perl5/LaTeXML/Package/refcount.sty.ltxml...
(Processing definitions /usr/share/texlive/texmf-dist/tex/latex/refcount/refcount.sty...
(Loading /usr/share/perl5/LaTeXML/Package/infwarerr.sty.ltxml...
(Processing definitions /usr/share/texlive/texmf-dist/tex/generic/infwarerr/infwarerr.sty... 0.03 sec) 0.03 sec) 0.08 sec) 0.08 sec)
(Loading /usr/share/perl5/LaTeXML/Package/gettitlestring.sty.ltxml...
(Processing definitions /usr/share/texlive/texmf-dist/tex/generic/gettitlestring/gettitlestring.sty... 0.10 sec) 0.10 sec) 0.20 sec)
(Loading /usr/share/perl5/LaTeXML/Package/bitset.sty.ltxml...
(Processing definitions /usr/share/texlive/texmf-dist/tex/generic/bitset/bitset.sty...
(Loading /usr/share/perl5/LaTeXML/Package/intcalc.sty.ltxml...
(Processing definitions /usr/share/texlive/texmf-dist/tex/generic/intcalc/intcalc.sty... 0.04 sec) 0.04 sec)
(Loading /usr/share/perl5/LaTeXML/Package/bigintcalc.sty.ltxml...
(Processing definitions /usr/share/texlive/texmf-dist/tex/generic/bigintcalc/bigintcalc.sty...
(Loading /usr/share/perl5/LaTeXML/Package/pdftexcmds.sty.ltxml...
(Loading /usr/share/perl5/LaTeXML/Package/iftex.sty.ltxml... 0.00 sec) 0.01 sec) 0.13 sec) 0.13 sec) 0.31 sec) 0.31 sec) 0.85 sec)
(Loading /usr/share/perl5/LaTeXML/Package/cleveref.sty.ltxml...
(Processing definitions /usr/share/texlive/texmf-dist/tex/latex/cleveref/cleveref.sty...
Info:latex:(cleveref)  Package cleveref Info: `hyperref' support loaded        
	at cleveref.sty; line 2370 col 1 - line 2370 col 1
Info:latex:(cleveref)  Package cleveref Info: `amsthm' support loaded        
	at cleveref.sty; line 3026 col 3 - line 3026 col 3
Info:latex:(cleveref)  Package cleveref Info: `ntheorem' support loaded        
	at cleveref.sty; line 3055 col 3 - line 3055 col 3
Info:latex:(cleveref)  Package cleveref Info: always capitalise cross-reference names        
	at cleveref.sty; line 7852 col 22 - line 7852 col 22
 1.01 sec) 1.01 sec)
Info:unexpected:options Option clash for file caption.sty with options 'font=small,skip=3pt'
	at main.tex; line 47 col 10 - line 47 col 10
	previously loaded with 'format=plain,labelformat=simple,labelsep=period,font=small,compatibility=false'
(Processing content /home/miri/Documents/university/DataLit/arXiv_src_fetcher/ICLR_2023_first100/-ng-FXFlzgK/1_intro.tex... 0.23 sec)
(Processing content /home/miri/Documents/university/DataLit/arXiv_src_fetcher/ICLR_2023_first100/-ng-FXFlzgK/2_related_work.tex... 0.23 sec)
(Processing content /home/miri/Documents/university/DataLit/arXiv_src_fetcher/ICLR_2023_first100/-ng-FXFlzgK/3_overview.tex... 0.35 sec)
(Processing content /home/miri/Documents/university/DataLit/arXiv_src_fetcher/ICLR_2023_first100/-ng-FXFlzgK/4_method.tex... 0.40 sec)
(Processing content /home/miri/Documents/university/DataLit/arXiv_src_fetcher/ICLR_2023_first100/-ng-FXFlzgK/5_results.tex... 0.63 sec)
(Processing content /home/miri/Documents/university/DataLit/arXiv_src_fetcher/ICLR_2023_first100/-ng-FXFlzgK/6_conclusion.tex... 0.05 sec)
Info:unexpected:ieee˙fullname Unknown bibstyle 'ieee˙fullname', it will be ignored
	at main.tex; line 103 col 0 - line 103 col 33
(Processing content /home/miri/Documents/university/DataLit/arXiv_src_fetcher/ICLR_2023_first100/-ng-FXFlzgK/9_supp_context.tex... 0.84 sec) 7.93 sec) 8.09 sec)
(Building...
(Loading compiled schema /usr/share/perl5/LaTeXML/resources/RelaxNG/LaTeXML.model... 0.01 sec)
Info:malformed:id Duplicated attribute xml:id
	at 9_supp_context.tex; line 4 col 0 - line 4 col 18
	Using id='S1a' on <ltx:section _box="\@@numbered@section{section}{t..." _font="Font[serif,medium,upright,10,r..." inlist="toc"/>
	id='S1' already set on <ltx:section _box="LaTeXML::Core::Whatsit=HASH(0x..." _font="Font[serif,medium,upright,10,r..." inlist="toc" xml:id="S1" labels="LABEL:sec:intro" _ID_counter_p_="6">...
Info:malformed:id Duplicated attribute xml:id
	at 9_supp_context.tex; line 13 col 0 - line 13 col 25
	Using id='S2a' on <ltx:section _box="\@@numbered@section{section}{t..." _font="Font[serif,medium,upright,10,r..." inlist="toc"/>
	id='S2' already set on <ltx:section _box="LaTeXML::Core::Whatsit=HASH(0x..." _font="Font[serif,medium,upright,10,r..." inlist="toc" xml:id="S2" labels="LABEL:sec:related" _ID_counter_p_="3">...
Info:malformed:id Duplicated attribute xml:id
	at 9_supp_context.tex; line 67 col 0 - line 67 col 32
	Using id='S3a' on <ltx:section _box="\@@numbered@section{section}{t..." _font="Font[serif,medium,upright,10,r..." inlist="toc"/>
	id='S3' already set on <ltx:section _box="LaTeXML::Core::Whatsit=HASH(0x..." _font="Font[serif,medium,upright,10,r..." inlist="toc" xml:id="S3" labels="LABEL:sec:overview" _ID_counter_p_="5">...
Info:malformed:id Duplicated attribute xml:id
	at 9_supp_context.tex; line 135 col 0 - line 135 col 30
	Using id='S4a' on <ltx:section _box="\@@numbered@section{section}{t..." _font="Font[serif,medium,upright,10,r..." inlist="toc"/>
	id='S4' already set on <ltx:section _box="LaTeXML::Core::Whatsit=HASH(0x..." _font="Font[serif,medium,upright,10,r..." inlist="toc" xml:id="S4" labels="LABEL:sec:method" _ID_counter_p_="1">...
Info:malformed:id Duplicated attribute xml:id
	at 9_supp_context.tex; line 137 col 0 - line 137 col 20
	Using id='S4.SS1a' on <ltx:subsection _box="\@@numbered@section{subsection..." _font="Font[serif,medium,upright,10,r..." inlist="toc"/>
	id='S4.SS1' already set on <ltx:subsection _box="LaTeXML::Core::Whatsit=HASH(0x..." _font="Font[serif,medium,upright,10,r..." inlist="toc" xml:id="S4.SS1" labels="LABEL:sec:method:arch" _ID_counter_p_="2">...
Info:malformed:id Duplicated attribute xml:id
	at 9_supp_context.tex; line 153 col 0 - line 153 col 29
	Using id='S4.SS2a' on <ltx:subsection _box="\@@numbered@section{subsection..." _font="Font[serif,medium,upright,10,r..." inlist="toc"/>
	id='S4.SS2' already set on <ltx:subsection _box="LaTeXML::Core::Whatsit=HASH(0x..." _font="Font[serif,medium,upright,10,r..." inlist="toc" xml:id="S4.SS2" labels="LABEL:sec:method:loss" _ID_counter_p_="6">...
Info:malformed:id Duplicated attribute xml:id
	at 9_supp_context.tex; line 172 col 0 - line 172 col 26
	Using id='S5a' on <ltx:section _box="\@@numbered@section{section}{t..." _font="Font[serif,medium,upright,10,r..." inlist="toc"/>
	id='S5' already set on <ltx:section _box="LaTeXML::Core::Whatsit=HASH(0x..." _font="Font[serif,medium,upright,10,r..." inlist="toc" xml:id="S5" labels="LABEL:sec:experiments" _ID_counter_p_="1">...
Info:malformed:id Duplicated attribute xml:id
	at 9_supp_context.tex; line 176 col 15 - line 191 col 11
	Using id='S5.T2a' on <ltx:table _box="\begin{table}
	\centering\scrip..." _font="Font[serif,medium,upright,10,r..." inlist="lot"/>
	id='S5.T2' already set on <ltx:table _box="LaTeXML::Core::Whatsit=HASH(0x..." _font="Font[serif,medium,upright,10,r..." inlist="lot" placement="t" xml:id="S5.T2" _ID_counter_m_="2" labels="LABEL:tab:neuralbody_comparison">...
Info:malformed:id Duplicated attribute xml:id
	at 9_supp_context.tex; line 255 col 0 - line 255 col 36
	Using id='S6a' on <ltx:section _box="\@@numbered@section{section}{t..." _font="Font[serif,medium,upright,10,r..." inlist="toc"/>
	id='S6' already set on <ltx:section _box="LaTeXML::Core::Whatsit=HASH(0x..." _font="Font[serif,medium,upright,10,r..." inlist="toc" xml:id="S6" labels="LABEL:sec:discussion" _ID_counter_p_="4">...
 5.74 sec)
(Rewriting... 0.02 sec)
(Math Parsing 121 formulae ......
Warning:not_parsed:POSTSUBSCRIPT.VERTBAR.UNKNOWN>OPEN MathParser failed to match rule 'Anything'
	at 4_method.tex; line 56 col 0 - line 58 col 14
	In "\begin{equation}\mathcal{L}_{rec}=\sum_{\bm{r}\in\mathcal{R}}\left\|\bm{C}%
	\left(\bm{r}|\bm{\theta},\{\Delta\bm{n}_{i}\},\{\bm{e}_{i}\}\right)-\hat{\bm{C%
	}}_{\bm{r}}\right\|_{2}^{2},\end{equation}"
	L[[UNKNOWN]] _{rec}[[POSTSUBSCRIPT]] =[[RELOP]] ∑[[SUMOP]] _{\bm{r}\in\mathcal{R}}[[POSTSUBSCRIPT]] \left\|[[VERTBAR]] C[[UNKNOWN]]
	        > \left([[OPEN]] r[[UNKNOWN]] |[[VERTBAR]] θ[[UNKNOWN]] ,[[PUNCT]] \{[[OPEN]] Δ[[UNKNOWN]] n[[UNKNOWN]] _{i}[[POSTSUBSCRIPT]] \}[[CLOSE]] ,[[PUNCT]] \{[[OPEN]] e[[UNKNOWN]] _{i}[[POSTSUBSCRIPT]] \}[[CLOSE]] \right)[[CLOSE]] -[[ADDOP]] \hat{\bm{C}}[[UNKNOWN]] _{\bm{r}}[[POSTSUBSCRIPT]] \right\|[[VERTBAR]] _{2}[[POSTSUBSCRIPT]] ^{2}[[POSTSUPERSCRIPT]]
Warning:not_parsed:UNKNOWN>OPEN MathParser failed to match rule 'Anything'
	at 4_method.tex; line 59 col 115 - line 59 col 174
	In "$\bm{C}(\cdot|\bm{\theta},\{\Delta\bm{n}_{i}\},\{\bm{e}_{i}\})$"
	C[[UNKNOWN]]
	        > ([[OPEN]] ⋅[[MULOP]] |[[VERTBAR]] θ[[UNKNOWN]] ,[[PUNCT]] \{[[OPEN]] Δ[[UNKNOWN]] n[[UNKNOWN]] _{i}[[POSTSUBSCRIPT]] \}[[CLOSE]] ,[[PUNCT]] \{[[OPEN]] e[[UNKNOWN]] _{i}[[POSTSUBSCRIPT]] \}[[CLOSE]] )[[CLOSE]]
 1.94 sec)
Math parsing succeeded:
   ltx:XMath: 119/121
   ltx:XMArg: 175/175
Symbols assumed as simple identifiers (with # of occurences):
   'Color' (1), 'C{bold italic}' (6), 'Delta' (11), 'Density' (1), 'D{caligraphic}' (1), 'E{caligraphic}' (1), 'E{italic}' (1), 'F{caligraphic}' (6), 'G{caligraphic}' (2), 'H{caligraphic}' (2), 'I{bold italic}' (1), 'I{bold}' (1), 'KL' (1), 'K{italic}' (5), 'L{caligraphic}' (14), 'L{italic}' (5), 'M{bold}' (2), 'N{caligraphic}' (3), 'N{italic}' (2), 'R{blackboard}' (3), 'R{caligraphic}' (1), 'S{italic}' (8), 'T{bold}' (4), 'T{italic}' (3), 'W{bold}' (1), 'a{italic}' (5), 'beta' (2), 'b{italic}' (5), 'c{italic}' (5), 'd{italic}' (5), 'epsilon' (1), 'e{bold italic}' (12), 'e{italic}' (10), 'f{bold italic}' (3), 'gamma' (1), 'i{italic}' (3), 'j{italic}' (2), 'lambda' (8), 'mu' (4), 'm{italic}' (2), 'n{bold italic}' (14), 'n{italic}' (5), 'omega' (5), 'p{bold italic}' (7), 'r{bold italic}' (3), 'r{italic}' (10), 'sigma' (4), 's{italic}' (5), 'theta' (14), 't{italic}' (48), 'v{bold italic}' (2), 'w{italic}' (4), 'x{bold}' (6), 'z{bold italic}' (14)
Set MATHPARSER_SPECULATE to speculate on possible notations.
(Finalizing... 0.15 sec)
Conversion complete: 3 warnings; 1 missing file[cvpr.sty] (See parsed.log) (reqd. 16.18s)
