latexml (LaTeXML version 0.8.8) processing main.tex
(Digesting TeX main...
(Loading /usr/share/perl5/LaTeXML/Package/TeX.pool.ltxml...
(Loading /usr/share/perl5/LaTeXML/Package/eTeX.pool.ltxml... 0.00 sec)
(Loading /usr/share/perl5/LaTeXML/Package/pdfTeX.pool.ltxml... 0.00 sec) 0.12 sec)
(Processing content /home/miri/Documents/university/DataLit/arXiv_src_fetcher/ICLR_2023_first100/-zw8zmeIt7M/main.tex...
(Loading /usr/share/perl5/LaTeXML/Package/LaTeX.pool.ltxml...
(Loading /usr/share/perl5/LaTeXML/Package/textcomp.sty.ltxml...
(Processing definitions /usr/share/texlive/texmf-dist/tex/latex/base/ts1enc.dfu... 0.02 sec) 0.25 sec) 0.50 sec)
(Loading /usr/share/perl5/LaTeXML/Package/IEEEtran.cls.ltxml...
(Loading /usr/share/perl5/LaTeXML/Package/article.cls.ltxml... 0.01 sec) 0.04 sec)
(Loading /usr/share/perl5/LaTeXML/Package/cite.sty.ltxml... 0.00 sec)
(Loading /usr/share/perl5/LaTeXML/Package/times.sty.ltxml... 0.00 sec)
(Loading /usr/share/perl5/LaTeXML/Package/epsfig.sty.ltxml...
(Loading /usr/share/perl5/LaTeXML/Package/graphicx.sty.ltxml...
(Loading /usr/share/perl5/LaTeXML/Package/graphics.sty.ltxml... 0.01 sec) 0.01 sec) 0.03 sec)
(Loading /usr/share/perl5/LaTeXML/Package/amsmath.sty.ltxml...
(Loading /usr/share/perl5/LaTeXML/Package/amsbsy.sty.ltxml...
(Loading /usr/share/perl5/LaTeXML/Package/amsgen.sty.ltxml... 0.00 sec) 0.01 sec)
(Loading /usr/share/perl5/LaTeXML/Package/amstext.sty.ltxml... 0.00 sec)
(Loading /usr/share/perl5/LaTeXML/Package/amsopn.sty.ltxml... 0.01 sec) 0.05 sec)
(Loading /usr/share/perl5/LaTeXML/Package/amssymb.sty.ltxml...
(Loading /usr/share/perl5/LaTeXML/Package/amsfonts.sty.ltxml... 0.00 sec) 0.01 sec)
(Loading /usr/share/perl5/LaTeXML/Package/xcolor.sty.ltxml...
(Loading /usr/share/perl5/LaTeXML/Package/color.sty.ltxml... 0.01 sec)
(Processing definitions /usr/share/texlive/texmf-dist/tex/latex/graphics/dvipsnam.def... 0.06 sec) 0.11 sec)
(Loading /usr/share/perl5/LaTeXML/Package/booktabs.sty.ltxml... 0.00 sec)
(Loading /usr/share/perl5/LaTeXML/Package/multirow.sty.ltxml... 0.00 sec)
Warning:missing_file:fixmath Can't find binding for package fixmath
	at main.tex; line 21 col 11 - line 21 col 11
	Anticipate undefined macros or environments
	search paths are /home/miri/Documents/university/DataLit/arXiv_src_fetcher/ICLR_2023_first100/-zw8zmeIt7M
	In Core::Definition::Constructor[\usepac... /usr/share/perl5/LaTeXML/Package/LaTeX.pool.ltxml; line 879
(Loading /usr/share/perl5/LaTeXML/Package/subcaption.sty.ltxml...
(Loading /usr/share/perl5/LaTeXML/Package/caption.sty.ltxml... 0.01 sec) 0.02 sec)
(Loading /usr/share/perl5/LaTeXML/Package/float.sty.ltxml... 0.00 sec)
(Loading /usr/share/perl5/LaTeXML/Package/xspace.sty.ltxml... 0.00 sec)
(Loading /usr/share/perl5/LaTeXML/Package/comment.sty.ltxml... 0.00 sec)
(Loading /usr/share/perl5/LaTeXML/Package/hyperref.sty.ltxml...
(Loading /usr/share/perl5/LaTeXML/Package/ltxcmds.sty.ltxml...
(Processing definitions /usr/share/texlive/texmf-dist/tex/generic/ltxcmds/ltxcmds.sty... 0.06 sec) 0.07 sec)
(Loading /usr/share/perl5/LaTeXML/Package/keyval.sty.ltxml...
(Processing definitions /usr/share/texlive/texmf-dist/tex/latex/graphics/keyval.sty... 0.01 sec) 0.01 sec)
(Loading /usr/share/perl5/LaTeXML/Package/kvsetkeys.sty.ltxml...
(Processing definitions /usr/share/texlive/texmf-dist/tex/latex/kvsetkeys/kvsetkeys.sty... 0.05 sec) 0.05 sec)
(Loading /usr/share/perl5/LaTeXML/Package/kvdefinekeys.sty.ltxml...
(Processing definitions /usr/share/texlive/texmf-dist/tex/generic/kvdefinekeys/kvdefinekeys.sty... 0.02 sec) 0.02 sec)
(Loading /usr/share/perl5/LaTeXML/Package/kvoptions.sty.ltxml...
(Processing definitions /usr/share/texlive/texmf-dist/tex/latex/kvoptions/kvoptions.sty... 0.10 sec) 0.11 sec)
(Loading /usr/share/perl5/LaTeXML/Package/nameref.sty.ltxml...
(Loading /usr/share/perl5/LaTeXML/Package/refcount.sty.ltxml...
(Processing definitions /usr/share/texlive/texmf-dist/tex/latex/refcount/refcount.sty...
(Loading /usr/share/perl5/LaTeXML/Package/infwarerr.sty.ltxml...
(Processing definitions /usr/share/texlive/texmf-dist/tex/generic/infwarerr/infwarerr.sty... 0.03 sec) 0.04 sec) 0.08 sec) 0.08 sec)
(Loading /usr/share/perl5/LaTeXML/Package/gettitlestring.sty.ltxml...
(Processing definitions /usr/share/texlive/texmf-dist/tex/generic/gettitlestring/gettitlestring.sty... 0.10 sec) 0.10 sec) 0.20 sec)
(Loading /usr/share/perl5/LaTeXML/Package/url.sty.ltxml... 0.00 sec)
(Loading /usr/share/perl5/LaTeXML/Package/bitset.sty.ltxml...
(Processing definitions /usr/share/texlive/texmf-dist/tex/generic/bitset/bitset.sty...
(Loading /usr/share/perl5/LaTeXML/Package/intcalc.sty.ltxml...
(Processing definitions /usr/share/texlive/texmf-dist/tex/generic/intcalc/intcalc.sty... 0.04 sec) 0.04 sec)
(Loading /usr/share/perl5/LaTeXML/Package/bigintcalc.sty.ltxml...
(Processing definitions /usr/share/texlive/texmf-dist/tex/generic/bigintcalc/bigintcalc.sty...
(Loading /usr/share/perl5/LaTeXML/Package/pdftexcmds.sty.ltxml...
(Loading /usr/share/perl5/LaTeXML/Package/iftex.sty.ltxml... 0.00 sec) 0.01 sec) 0.13 sec) 0.13 sec) 0.30 sec) 0.30 sec) 0.81 sec)
(Loading /usr/share/perl5/LaTeXML/Package/ulem.sty.ltxml... 0.00 sec)
(Loading /usr/share/perl5/LaTeXML/Package/algorithm2e.sty.ltxml...
(Processing definitions /usr/share/texlive/texmf-dist/tex/latex/algorithm2e/algorithm2e.sty...
(Loading /usr/share/perl5/LaTeXML/Package/ifthen.sty.ltxml...
(Processing definitions /usr/share/texlive/texmf-dist/tex/latex/base/ifthen.sty... 0.01 sec) 0.01 sec)
(Processing definitions /usr/share/texlive/texmf-dist/tex/latex/ifoddpage/ifoddpage.sty... 0.01 sec)
(Loading /usr/share/perl5/LaTeXML/Package/relsize.sty.ltxml... 0.00 sec) 0.61 sec) 0.62 sec)
(Processing content /home/miri/Documents/university/DataLit/arXiv_src_fetcher/ICLR_2023_first100/-zw8zmeIt7M/1_introduction.tex... 0.16 sec)
(Processing content /home/miri/Documents/university/DataLit/arXiv_src_fetcher/ICLR_2023_first100/-zw8zmeIt7M/2_sota.tex... 0.32 sec)
(Processing content /home/miri/Documents/university/DataLit/arXiv_src_fetcher/ICLR_2023_first100/-zw8zmeIt7M/3_method_sup.tex... 0.31 sec)
(Processing content /home/miri/Documents/university/DataLit/arXiv_src_fetcher/ICLR_2023_first100/-zw8zmeIt7M/4_method_unsup.tex...
(Processing content /home/miri/Documents/university/DataLit/arXiv_src_fetcher/ICLR_2023_first100/-zw8zmeIt7M/4.1_model.tex... 0.42 sec) 1.55 sec)
(Processing content /home/miri/Documents/university/DataLit/arXiv_src_fetcher/ICLR_2023_first100/-zw8zmeIt7M/6_experiments.tex...
Info:unexpected:rowspan Rowspan 6 in cell(5,0) covers non-empty cells; truncating.to 5
	at 6_experiments.tex; line 59 col 0 - line 59 col 5
 0.58 sec)
(Processing content /home/miri/Documents/university/DataLit/arXiv_src_fetcher/ICLR_2023_first100/-zw8zmeIt7M/7_conclusion.tex... 0.06 sec)
(Processing content /home/miri/Documents/university/DataLit/arXiv_src_fetcher/ICLR_2023_first100/-zw8zmeIt7M/appendix/B_experimental_setup.tex... 0.16 sec)
(Processing content /home/miri/Documents/university/DataLit/arXiv_src_fetcher/ICLR_2023_first100/-zw8zmeIt7M/appendix/C_additional_results.tex... 0.35 sec)
(Processing content /home/miri/Documents/university/DataLit/arXiv_src_fetcher/ICLR_2023_first100/-zw8zmeIt7M/appendix/A_bias_model.tex... 0.57 sec) 6.44 sec) 6.62 sec)
(Building...
(Loading compiled schema /usr/share/perl5/LaTeXML/resources/RelaxNG/LaTeXML.model... 0.01 sec) 5.70 sec)
(Rewriting... 0.12 sec)
(Math Parsing 479 formulae ......
Warning:not_parsed:CLOSE.RELOP.ATOM>MULOP MathParser failed to match rule 'Anything'
	at 4.1_model.tex; line 39 col 2 - line 39 col 2
	In "$\displaystyle P(T,B,Y)=\frac{1}{N_{T}}\cdot\left[\delta_{tby}\rho(1-%
	\varepsilon)+\bar{\delta}_{ty}\delta_{tb}\delta_{by}\frac{(1-\phi)(1-\rho)}{N_%
	{T}-1}\right.\@@ENDINLINEMATH"
	P[[UNKNOWN]] ([[OPEN]] T[[UNKNOWN]] ,[[PUNCT]] B[[UNKNOWN]] ,[[PUNCT]] Y[[UNKNOWN]] )[[CLOSE]] =[[RELOP]] \frac{1}{N_{T}}[[UNKNOWN]]
	        > ⋅[[MULOP]] \left[[[OPEN]] δ[[UNKNOWN]] _{tby}[[POSTSUBSCRIPT]] ρ[[UNKNOWN]] ([[OPEN]] 1[[NUMBER]] -[[ADDOP]] ε[[UNKNOWN]] )[[CLOSE]] +[[ADDOP]] \bar{\delta}[[UNKNOWN]] _{ty}[[POSTSUBSCRIPT]] δ[[UNKNOWN]] _{tb}[[POSTSUBSCRIPT]] δ[[UNKNOWN]] _{by}[[POSTSUBSCRIPT]] \frac{(1-\phi)(1-\rho)}{N_{T}-1}[[UNKNOWN]]
Warning:not_parsed:UNKNOWN>OPEN MathParser failed to match rule 'Anything'
	at 4.1_model.tex; line 39 col 2 - line 39 col 5
	In "$\displaystyle P(T$"
	P[[UNKNOWN]]
	        > ([[OPEN]] T[[UNKNOWN]]
Warning:not_parsed:>PUNCT MathParser failed to match rule 'Anything'
	at 4.1_model.tex; line 39 col 6 - line 39 col 183
	In "$\displaystyle,B,Y)=\frac{1}{N_{T}}\cdot\left[\delta_{tby}\rho(1-\varepsilon)+%
	\bar{\delta}_{ty}\delta_{tb}\delta_{by}\frac{(1-\phi)(1-\rho)}{N_{T}-1}\right.$"
	> ,[[PUNCT]] B[[UNKNOWN]] ,[[PUNCT]] Y[[UNKNOWN]] )[[CLOSE]] =[[RELOP]] \frac{1}{N_{T}}[[UNKNOWN]] ⋅[[MULOP]] \left[[[OPEN]] δ[[UNKNOWN]] _{tby}[[POSTSUBSCRIPT]] ρ[[UNKNOWN]] ([[OPEN]] 1[[NUMBER]] -[[ADDOP]] ε[[UNKNOWN]] )[[CLOSE]] +[[ADDOP]] \bar{\delta}[[UNKNOWN]] _{ty}[[POSTSUBSCRIPT]] δ[[UNKNOWN]] _{tb}[[POSTSUBSCRIPT]] δ[[UNKNOWN]] _{by}[[POSTSUBSCRIPT]] \frac{(1-\phi)(1-\rho)}{N_{T}-1}[[UNKNOWN]]
Warning:not_parsed:ATOM.POSTSUBSCRIPT.ATOM>CLOSE MathParser failed to match rule 'Anything'
	at 4.1_model.tex; line 41 col 9 - line 41 col 9
	In "$\displaystyle\left.+\bar{\delta}_{tb}\bar{\delta}_{ty}\bar{\delta}_{by}\frac{%
	\varepsilon\rho(1-\rho)}{(N_{T}-1)(N_{T}-2+\rho)}\right]\@@ENDINLINEMATH"
	+[[ADDOP]] \bar{\delta}[[UNKNOWN]] _{tb}[[POSTSUBSCRIPT]] \bar{\delta}[[UNKNOWN]] _{ty}[[POSTSUBSCRIPT]] \bar{\delta}[[UNKNOWN]] _{by}[[POSTSUBSCRIPT]] \frac{\varepsilon\rho(1-\rho)}{(N_{T}-1)(N_{T}-2+\rho)}[[UNKNOWN]]
	        > \right][[CLOSE]]
Warning:not_parsed:ATOM.POSTSUBSCRIPT.ATOM>CLOSE MathParser failed to match rule 'Anything'
	at 4.1_model.tex; line 41 col 9 - line 43 col 11
	In "$\displaystyle\left.+\bar{\delta}_{tb}\bar{\delta}_{ty}\bar{\delta}_{by}\frac{%
	\varepsilon\rho(1-\rho)}{(N_{T}-1)(N_{T}-2+\rho)}\right]$"
	+[[ADDOP]] \bar{\delta}[[UNKNOWN]] _{tb}[[POSTSUBSCRIPT]] \bar{\delta}[[UNKNOWN]] _{ty}[[POSTSUBSCRIPT]] \bar{\delta}[[UNKNOWN]] _{by}[[POSTSUBSCRIPT]] \frac{\varepsilon\rho(1-\rho)}{(N_{T}-1)(N_{T}-2+\rho)}[[UNKNOWN]]
	        > \right][[CLOSE]]
Warning:not_parsed:POSTSUBSCRIPT.UNKNOWN.POSTSUBSCRIPT>CLOSE MathParser failed to match rule 'Anything'
	at 4.1_model.tex; line 44 col 646 - line 44 col 646
	In "$\bar{\delta}_{by}\delta_{ty}\delta_{tb})$"
	\bar{\delta}[[UNKNOWN]] _{by}[[POSTSUBSCRIPT]] δ[[UNKNOWN]] _{ty}[[POSTSUBSCRIPT]] δ[[UNKNOWN]] _{tb}[[POSTSUBSCRIPT]]
	        > )[[CLOSE]]
Warning:not_parsed:CLOSE.RELOP.ATOM>MULOP MathParser failed to match rule 'Anything'
	at 4.1_model.tex; line 46 col 2 - line 46 col 2
	In "$\displaystyle P(B,Y)=\frac{1}{N_{T}}\cdot\left\{\delta_{by}[\rho(1-%
	\varepsilon)+\phi(1-\rho)]\right.\@@ENDINLINEMATH"
	P[[UNKNOWN]] ([[OPEN]] B[[UNKNOWN]] ,[[PUNCT]] Y[[UNKNOWN]] )[[CLOSE]] =[[RELOP]] \frac{1}{N_{T}}[[UNKNOWN]]
	        > ⋅[[MULOP]] \left\{[[OPEN]] δ[[UNKNOWN]] _{by}[[POSTSUBSCRIPT]] [[[OPEN]] ρ[[UNKNOWN]] ([[OPEN]] 1[[NUMBER]] -[[ADDOP]] ε[[UNKNOWN]] )[[CLOSE]] +[[ADDOP]] ϕ[[UNKNOWN]] ([[OPEN]] 1[[NUMBER]] -[[ADDOP]] ρ[[UNKNOWN]] )[[CLOSE]] ][[CLOSE]]
Warning:not_parsed:UNKNOWN>OPEN MathParser failed to match rule 'Anything'
	at 4.1_model.tex; line 46 col 2 - line 46 col 4
	In "$\displaystyle P($"
	P[[UNKNOWN]]
	        > ([[OPEN]]
Warning:not_parsed:UNKNOWN.PUNCT.UNKNOWN>CLOSE MathParser failed to match rule 'Anything'
	at 4.1_model.tex; line 46 col 5 - line 46 col 110
	In "$\displaystyle B,Y)=\frac{1}{N_{T}}\cdot\left\{\delta_{by}[\rho(1-\varepsilon)%
	+\phi(1-\rho)]\right.$"
	B[[UNKNOWN]] ,[[PUNCT]] Y[[UNKNOWN]]
	        > )[[CLOSE]] =[[RELOP]] \frac{1}{N_{T}}[[UNKNOWN]] ⋅[[MULOP]] \left\{[[OPEN]] δ[[UNKNOWN]] _{by}[[POSTSUBSCRIPT]] [[[OPEN]] ρ[[UNKNOWN]] ([[OPEN]] 1[[NUMBER]] -[[ADDOP]] ε[[UNKNOWN]] )[[CLOSE]] +[[ADDOP]] ϕ[[UNKNOWN]] ([[OPEN]] 1[[NUMBER]] -[[ADDOP]] ρ[[UNKNOWN]] )[[CLOSE]] ][[CLOSE]]
Warning:not_parsed:ADDOP.ATOM.CLOSE>CLOSE MathParser failed to match rule 'Anything'
	at 4.1_model.tex; line 47 col 9 - line 47 col 9
	In "$\displaystyle\left.+\bar{\delta}_{by}\left[\frac{(1-\phi)(1-\rho)}{N_{T}-1}+%
	\frac{\rho\varepsilon}{N_{T}-2+\rho}\right]\right\}\@@ENDINLINEMATH"
	+[[ADDOP]] \bar{\delta}[[UNKNOWN]] _{by}[[POSTSUBSCRIPT]] \left[[[OPEN]] \frac{(1-\phi)(1-\rho)}{N_{T}-1}[[UNKNOWN]] +[[ADDOP]] \frac{\rho\varepsilon}{N_{T}-2+\rho}[[UNKNOWN]] \right][[CLOSE]]
	        > \right\}[[CLOSE]]
Warning:not_parsed:ADDOP.ATOM.CLOSE>CLOSE MathParser failed to match rule 'Anything'
	at 4.1_model.tex; line 47 col 9 - line 49 col 11
	In "$\displaystyle\left.+\bar{\delta}_{by}\left[\frac{(1-\phi)(1-\rho)}{N_{T}-1}+%
	\frac{\rho\varepsilon}{N_{T}-2+\rho}\right]\right\}$"
	+[[ADDOP]] \bar{\delta}[[UNKNOWN]] _{by}[[POSTSUBSCRIPT]] \left[[[OPEN]] \frac{(1-\phi)(1-\rho)}{N_{T}-1}[[UNKNOWN]] +[[ADDOP]] \frac{\rho\varepsilon}{N_{T}-2+\rho}[[UNKNOWN]] \right][[CLOSE]]
	        > \right\}[[CLOSE]]
Warning:not_parsed:UNKNOWN.CLOSE.CLOSE>POSTSUPERSCRIPT MathParser failed to match rule 'Anything'
	at 4.1_model.tex; line 52 col 13 - line 52 col 13
	In "$\displaystyle\widehat{I}(B,Y)=\log_{N_{T}}\left[\rho(1-\varepsilon)+\phi(1-%
	\rho)\right]^{\rho(1-\varepsilon)+\phi(1-\rho)}\@@ENDINLINEMATH"
	\widehat{I}[[UNKNOWN]] ([[OPEN]] B[[UNKNOWN]] ,[[PUNCT]] Y[[UNKNOWN]] )[[CLOSE]] =[[RELOP]] log[[OPFUNCTION]] _{N_{T}}[[POSTSUBSCRIPT]] \left[[[OPEN]] ρ[[UNKNOWN]] ([[OPEN]] 1[[NUMBER]] -[[ADDOP]] ε[[UNKNOWN]] )[[CLOSE]] +[[ADDOP]] ϕ[[UNKNOWN]] ([[OPEN]] 1[[NUMBER]] -[[ADDOP]] ρ[[UNKNOWN]] )[[CLOSE]] \right][[CLOSE]]
	        > ^{\rho(1-\varepsilon)+\phi(1-\rho)}[[POSTSUPERSCRIPT]]
Warning:not_parsed:UNKNOWN.CLOSE.CLOSE>POSTSUPERSCRIPT MathParser failed to match rule 'Anything'
	at 4.1_model.tex; line 52 col 13 - line 52 col 136
	In "$\displaystyle\widehat{I}(B,Y)=\log_{N_{T}}\left[\rho(1-\varepsilon)+\phi(1-%
	\rho)\right]^{\rho(1-\varepsilon)+\phi(1-\rho)}$"
	\widehat{I}[[UNKNOWN]] ([[OPEN]] B[[UNKNOWN]] ,[[PUNCT]] Y[[UNKNOWN]] )[[CLOSE]] =[[RELOP]] log[[OPFUNCTION]] _{N_{T}}[[POSTSUBSCRIPT]] \left[[[OPEN]] ρ[[UNKNOWN]] ([[OPEN]] 1[[NUMBER]] -[[ADDOP]] ε[[UNKNOWN]] )[[CLOSE]] +[[ADDOP]] ϕ[[UNKNOWN]] ([[OPEN]] 1[[NUMBER]] -[[ADDOP]] ρ[[UNKNOWN]] )[[CLOSE]] \right][[CLOSE]]
	        > ^{\rho(1-\varepsilon)+\phi(1-\rho)}[[POSTSUPERSCRIPT]]
Warning:not_parsed:ADDOP.ATOM.CLOSE>POSTSUPERSCRIPT MathParser failed to match rule 'Anything'
	at 4.1_model.tex; line 53 col 6 - line 53 col 6
	In "$\displaystyle+\log_{N_{T}}\left[\frac{(1-\phi)(1-\rho)}{N_{T}-1}+\frac{\rho%
	\varepsilon}{N_{T}-2+\rho}\right]^{(1-\phi)(1-\rho)+\frac{(N_{T}-1)\rho%
	\varepsilon}{N_{T}-2+\rho}}\@@ENDINLINEMATH"
	+[[ADDOP]] log[[OPFUNCTION]] _{N_{T}}[[POSTSUBSCRIPT]] \left[[[OPEN]] \frac{(1-\phi)(1-\rho)}{N_{T}-1}[[UNKNOWN]] +[[ADDOP]] \frac{\rho\varepsilon}{N_{T}-2+\rho}[[UNKNOWN]] \right][[CLOSE]]
	        > ^{(1-\phi)(1-\rho)+\frac{(N_{T}-1)\rho\varepsilon}{N_{T}-2+\rho}}[[POSTSUPERSCRIPT]]
Warning:not_parsed:ADDOP.ATOM.CLOSE>POSTSUPERSCRIPT MathParser failed to match rule 'Anything'
	at 4.1_model.tex; line 53 col 6 - line 53 col 175
	In "$\displaystyle+\log_{N_{T}}\left[\frac{(1-\phi)(1-\rho)}{N_{T}-1}+\frac{\rho%
	\varepsilon}{N_{T}-2+\rho}\right]^{(1-\phi)(1-\rho)+\frac{(N_{T}-1)\rho%
	\varepsilon}{N_{T}-2+\rho}}$"
	+[[ADDOP]] log[[OPFUNCTION]] _{N_{T}}[[POSTSUBSCRIPT]] \left[[[OPEN]] \frac{(1-\phi)(1-\rho)}{N_{T}-1}[[UNKNOWN]] +[[ADDOP]] \frac{\rho\varepsilon}{N_{T}-2+\rho}[[UNKNOWN]] \right][[CLOSE]]
	        > ^{(1-\phi)(1-\rho)+\frac{(N_{T}-1)\rho\varepsilon}{N_{T}-2+\rho}}[[POSTSUPERSCRIPT]]
Warning:not_parsed:SUMOP.POSTSUBSCRIPT.POSTSUPERSCRIPT>OPEN MathParser failed to match rule 'Anything'
	at A_bias_model.tex; line 11 col 5 - line 11 col 5
	In "$\displaystyle=-\frac{1}{N_{T}}\sum_{i=1}^{N_{T}}\sum_{j=1}^{N_{T}}\left\{[%
	\rho\log_{2}(\rho)]\delta_{ij}+\right.\@@ENDINLINEMATH"
	=[[RELOP]] -[[ADDOP]] \frac{1}{N_{T}}[[UNKNOWN]] ∑[[SUMOP]] _{i=1}[[POSTSUBSCRIPT]] ^{N_{T}}[[POSTSUPERSCRIPT]] ∑[[SUMOP]] _{j=1}[[POSTSUBSCRIPT]] ^{N_{T}}[[POSTSUPERSCRIPT]]
	        > \left\{[[OPEN]] [[[OPEN]] ρ[[UNKNOWN]] log[[OPFUNCTION]] _{2}[[POSTSUBSCRIPT]] ([[OPEN]] ρ[[UNKNOWN]] )[[CLOSE]] ][[CLOSE]] δ[[UNKNOWN]] _{ij}[[POSTSUBSCRIPT]] +[[ADDOP]]
Warning:not_parsed:SUMOP.POSTSUBSCRIPT.POSTSUPERSCRIPT>OPEN MathParser failed to match rule 'Anything'
	at A_bias_model.tex; line 11 col 8 - line 11 col 120
	In "$\displaystyle-\frac{1}{N_{T}}\sum_{i=1}^{N_{T}}\sum_{j=1}^{N_{T}}\left\{[\rho%
	\log_{2}(\rho)]\delta_{ij}+\right.$"
	-[[ADDOP]] \frac{1}{N_{T}}[[UNKNOWN]] ∑[[SUMOP]] _{i=1}[[POSTSUBSCRIPT]] ^{N_{T}}[[POSTSUPERSCRIPT]] ∑[[SUMOP]] _{j=1}[[POSTSUBSCRIPT]] ^{N_{T}}[[POSTSUPERSCRIPT]]
	        > \left\{[[OPEN]] [[[OPEN]] ρ[[UNKNOWN]] log[[OPFUNCTION]] _{2}[[POSTSUBSCRIPT]] ([[OPEN]] ρ[[UNKNOWN]] )[[CLOSE]] ][[CLOSE]] δ[[UNKNOWN]] _{ij}[[POSTSUBSCRIPT]] +[[ADDOP]]
Warning:not_parsed:CLOSE.ATOM.POSTSUBSCRIPT>CLOSE MathParser failed to match rule 'Anything'
	at A_bias_model.tex; line 12 col 12 - line 12 col 12
	In "$\displaystyle\left.+\left[\frac{1-\rho}{N_{T}-1}\log_{2}\left(\frac{1-\rho}{N%
	_{T}-1}\right)\right]\overline{\delta}_{ij}\right\}\@@ENDINLINEMATH"
	+[[ADDOP]] \left[[[OPEN]] \frac{1-\rho}{N_{T}-1}[[UNKNOWN]] log[[OPFUNCTION]] _{2}[[POSTSUBSCRIPT]] \left([[OPEN]] \frac{1-\rho}{N_{T}-1}[[UNKNOWN]] \right)[[CLOSE]] \right][[CLOSE]] \overline{\delta}[[UNKNOWN]] _{ij}[[POSTSUBSCRIPT]]
	        > \right\}[[CLOSE]]
Warning:not_parsed:CLOSE.ATOM.POSTSUBSCRIPT>CLOSE MathParser failed to match rule 'Anything'
	at A_bias_model.tex; line 12 col 12 - line 12 col 132
	In "$\displaystyle\left.+\left[\frac{1-\rho}{N_{T}-1}\log_{2}\left(\frac{1-\rho}{N%
	_{T}-1}\right)\right]\overline{\delta}_{ij}\right\}$"
	+[[ADDOP]] \left[[[OPEN]] \frac{1-\rho}{N_{T}-1}[[UNKNOWN]] log[[OPFUNCTION]] _{2}[[POSTSUBSCRIPT]] \left([[OPEN]] \frac{1-\rho}{N_{T}-1}[[UNKNOWN]] \right)[[CLOSE]] \right][[CLOSE]] \overline{\delta}[[UNKNOWN]] _{ij}[[POSTSUBSCRIPT]]
	        > \right\}[[CLOSE]]
Warning:not_parsed:RELOP.ADDOP.ATOM>OPEN MathParser failed to match rule 'Anything'
	at A_bias_model.tex; line 13 col 5 - line 13 col 5
	In "$\displaystyle=-\frac{1}{N_{T}}\left\{N_{T}\cdot[\rho\log_{2}(\rho)]+\right.\@@ENDINLINEMATH"
	=[[RELOP]] -[[ADDOP]] \frac{1}{N_{T}}[[UNKNOWN]]
	        > \left\{[[OPEN]] N[[UNKNOWN]] _{T}[[POSTSUBSCRIPT]] ⋅[[MULOP]] [[[OPEN]] ρ[[UNKNOWN]] log[[OPFUNCTION]] _{2}[[POSTSUBSCRIPT]] ([[OPEN]] ρ[[UNKNOWN]] )[[CLOSE]] ][[CLOSE]] +[[ADDOP]]
Warning:not_parsed:ADDOP.ATOM>OPEN MathParser failed to match rule 'Anything'
	at A_bias_model.tex; line 13 col 8 - line 13 col 82
	In "$\displaystyle-\frac{1}{N_{T}}\left\{N_{T}\cdot[\rho\log_{2}(\rho)]+\right.$"
	-[[ADDOP]] \frac{1}{N_{T}}[[UNKNOWN]]
	        > \left\{[[OPEN]] N[[UNKNOWN]] _{T}[[POSTSUBSCRIPT]] ⋅[[MULOP]] [[[OPEN]] ρ[[UNKNOWN]] log[[OPFUNCTION]] _{2}[[POSTSUBSCRIPT]] ([[OPEN]] ρ[[UNKNOWN]] )[[CLOSE]] ][[CLOSE]] +[[ADDOP]]
Warning:not_parsed:ATOM.CLOSE.CLOSE>CLOSE MathParser failed to match rule 'Anything'
	at A_bias_model.tex; line 14 col 12 - line 14 col 12
	In "$\displaystyle\left.+(N_{T}^{2}-N_{T})\cdot\left[\frac{1-\rho}{N_{T}-1}\cdot%
	\log_{2}\left(\frac{1-\rho}{N_{T}-1}\right)\right]\right\}\@@ENDINLINEMATH"
	+[[ADDOP]] ([[OPEN]] N[[UNKNOWN]] _{T}[[POSTSUBSCRIPT]] ^{2}[[POSTSUPERSCRIPT]] -[[ADDOP]] N[[UNKNOWN]] _{T}[[POSTSUBSCRIPT]] )[[CLOSE]] ⋅[[MULOP]] \left[[[OPEN]] \frac{1-\rho}{N_{T}-1}[[UNKNOWN]] ⋅[[MULOP]] log[[OPFUNCTION]] _{2}[[POSTSUBSCRIPT]] \left([[OPEN]] \frac{1-\rho}{N_{T}-1}[[UNKNOWN]] \right)[[CLOSE]] \right][[CLOSE]]
	        > \right\}[[CLOSE]]
Warning:not_parsed:ATOM.CLOSE.CLOSE>CLOSE MathParser failed to match rule 'Anything'
	at A_bias_model.tex; line 14 col 12 - line 14 col 134
	In "$\displaystyle\left.+(N_{T}^{2}-N_{T})\cdot\left[\frac{1-\rho}{N_{T}-1}\cdot%
	\log_{2}\left(\frac{1-\rho}{N_{T}-1}\right)\right]\right\}$"
	+[[ADDOP]] ([[OPEN]] N[[UNKNOWN]] _{T}[[POSTSUBSCRIPT]] ^{2}[[POSTSUPERSCRIPT]] -[[ADDOP]] N[[UNKNOWN]] _{T}[[POSTSUBSCRIPT]] )[[CLOSE]] ⋅[[MULOP]] \left[[[OPEN]] \frac{1-\rho}{N_{T}-1}[[UNKNOWN]] ⋅[[MULOP]] log[[OPFUNCTION]] _{2}[[POSTSUBSCRIPT]] \left([[OPEN]] \frac{1-\rho}{N_{T}-1}[[UNKNOWN]] \right)[[CLOSE]] \right][[CLOSE]]
	        > \right\}[[CLOSE]]
Warning:not_parsed:OPEN.ATOM.CLOSE>POSTSUPERSCRIPT MathParser failed to match rule 'Anything'
	at A_bias_model.tex; line 20 col 5 - line 20 col 5
	In "$\displaystyle=\log_{2}\left[\frac{1-\rho}{N_{T}-1}\right]^{\rho-1}+\rho\log_{%
	2}\rho\@@ENDINLINEMATH"
	=[[RELOP]] log[[OPFUNCTION]] _{2}[[POSTSUBSCRIPT]] \left[[[OPEN]] \frac{1-\rho}{N_{T}-1}[[UNKNOWN]] \right][[CLOSE]]
	        > ^{\rho-1}[[POSTSUPERSCRIPT]] +[[ADDOP]] ρ[[UNKNOWN]] log[[OPFUNCTION]] _{2}[[POSTSUBSCRIPT]] ρ[[UNKNOWN]]
Warning:not_parsed:OPEN.ATOM.CLOSE>POSTSUPERSCRIPT MathParser failed to match rule 'Anything'
	at A_bias_model.tex; line 20 col 11 - line 20 col 88
	In "$\displaystyle\log_{2}\left[\frac{1-\rho}{N_{T}-1}\right]^{\rho-1}+\rho\log_{2%
	}\rho$"
	log[[OPFUNCTION]] _{2}[[POSTSUBSCRIPT]] \left[[[OPEN]] \frac{1-\rho}{N_{T}-1}[[UNKNOWN]] \right][[CLOSE]]
	        > ^{\rho-1}[[POSTSUPERSCRIPT]] +[[ADDOP]] ρ[[UNKNOWN]] log[[OPFUNCTION]] _{2}[[POSTSUBSCRIPT]] ρ[[UNKNOWN]]
Warning:not_parsed:OPEN.ATOM.CLOSE>POSTSUPERSCRIPT MathParser failed to match rule 'Anything'
	at A_bias_model.tex; line 21 col 5 - line 21 col 5
	In "$\displaystyle=-\log_{2}\left[\frac{1-\rho}{N_{T}-1}\right]^{1-\rho}+\log_{2}%
	\rho\cdot\rho^{\rho-1}\@@ENDINLINEMATH"
	=[[RELOP]] -[[ADDOP]] log[[OPFUNCTION]] _{2}[[POSTSUBSCRIPT]] \left[[[OPEN]] \frac{1-\rho}{N_{T}-1}[[UNKNOWN]] \right][[CLOSE]]
	        > ^{1-\rho}[[POSTSUPERSCRIPT]] +[[ADDOP]] log[[OPFUNCTION]] _{2}[[POSTSUBSCRIPT]] ρ[[UNKNOWN]] ⋅[[MULOP]] ρ[[UNKNOWN]] ^{\rho-1}[[POSTSUPERSCRIPT]]
Warning:not_parsed:OPEN.ATOM.CLOSE>POSTSUPERSCRIPT MathParser failed to match rule 'Anything'
	at A_bias_model.tex; line 21 col 8 - line 21 col 103
	In "$\displaystyle-\log_{2}\left[\frac{1-\rho}{N_{T}-1}\right]^{1-\rho}+\log_{2}%
	\rho\cdot\rho^{\rho-1}$"
	-[[ADDOP]] log[[OPFUNCTION]] _{2}[[POSTSUBSCRIPT]] \left[[[OPEN]] \frac{1-\rho}{N_{T}-1}[[UNKNOWN]] \right][[CLOSE]]
	        > ^{1-\rho}[[POSTSUPERSCRIPT]] +[[ADDOP]] log[[OPFUNCTION]] _{2}[[POSTSUBSCRIPT]] ρ[[UNKNOWN]] ⋅[[MULOP]] ρ[[UNKNOWN]] ^{\rho-1}[[POSTSUPERSCRIPT]]
Warning:not_parsed:RELOP.ATOM>OPEN MathParser failed to match rule 'Anything'
	at A_bias_model.tex; line 45 col 5 - line 45 col 5
	In "$\displaystyle=\frac{1}{N_{T}}\left\{N_{T}\cdot\left[\rho(1-\varepsilon)+\phi(%
	1-\rho)\right]\cdot\right.\@@ENDINLINEMATH"
	=[[RELOP]] \frac{1}{N_{T}}[[UNKNOWN]]
	        > \left\{[[OPEN]] N[[UNKNOWN]] _{T}[[POSTSUBSCRIPT]] ⋅[[MULOP]] \left[[[OPEN]] ρ[[UNKNOWN]] ([[OPEN]] 1[[NUMBER]] -[[ADDOP]] ε[[UNKNOWN]] )[[CLOSE]] +[[ADDOP]] ϕ[[UNKNOWN]] ([[OPEN]] 1[[NUMBER]] -[[ADDOP]] ρ[[UNKNOWN]] )[[CLOSE]] \right][[CLOSE]] ⋅[[MULOP]]
Warning:not_parsed:ATOM>OPEN MathParser failed to match rule 'Anything'
	at A_bias_model.tex; line 45 col 11 - line 45 col 115
	In "$\displaystyle\frac{1}{N_{T}}\left\{N_{T}\cdot\left[\rho(1-\varepsilon)+\phi(1%
	-\rho)\right]\cdot\right.$"
	\frac{1}{N_{T}}[[UNKNOWN]]
	        > \left\{[[OPEN]] N[[UNKNOWN]] _{T}[[POSTSUBSCRIPT]] ⋅[[MULOP]] \left[[[OPEN]] ρ[[UNKNOWN]] ([[OPEN]] 1[[NUMBER]] -[[ADDOP]] ε[[UNKNOWN]] )[[CLOSE]] +[[ADDOP]] ϕ[[UNKNOWN]] ([[OPEN]] 1[[NUMBER]] -[[ADDOP]] ρ[[UNKNOWN]] )[[CLOSE]] \right][[CLOSE]] ⋅[[MULOP]]
Warning:not_parsed:ADDOP.ATOM.CLOSE>MULOP MathParser failed to match rule 'Anything'
	at A_bias_model.tex; line 47 col 6 - line 47 col 6
	In "$\displaystyle+(N_{T}^{2}-N_{T})\cdot\left[\frac{(1-\phi)(1-\rho)}{N_{T}-1}+%
	\frac{\rho\varepsilon}{N_{T}-2+\rho}\right]\cdot\@@ENDINLINEMATH"
	+[[ADDOP]] ([[OPEN]] N[[UNKNOWN]] _{T}[[POSTSUBSCRIPT]] ^{2}[[POSTSUPERSCRIPT]] -[[ADDOP]] N[[UNKNOWN]] _{T}[[POSTSUBSCRIPT]] )[[CLOSE]] ⋅[[MULOP]] \left[[[OPEN]] \frac{(1-\phi)(1-\rho)}{N_{T}-1}[[UNKNOWN]] +[[ADDOP]] \frac{\rho\varepsilon}{N_{T}-2+\rho}[[UNKNOWN]] \right][[CLOSE]]
	        > ⋅[[MULOP]]
Warning:not_parsed:ADDOP.ATOM.CLOSE>MULOP MathParser failed to match rule 'Anything'
	at A_bias_model.tex; line 47 col 6 - line 47 col 126
	In "$\displaystyle+(N_{T}^{2}-N_{T})\cdot\left[\frac{(1-\phi)(1-\rho)}{N_{T}-1}+%
	\frac{\rho\varepsilon}{N_{T}-2+\rho}\right]\cdot$"
	+[[ADDOP]] ([[OPEN]] N[[UNKNOWN]] _{T}[[POSTSUBSCRIPT]] ^{2}[[POSTSUPERSCRIPT]] -[[ADDOP]] N[[UNKNOWN]] _{T}[[POSTSUBSCRIPT]] )[[CLOSE]] ⋅[[MULOP]] \left[[[OPEN]] \frac{(1-\phi)(1-\rho)}{N_{T}-1}[[UNKNOWN]] +[[ADDOP]] \frac{\rho\varepsilon}{N_{T}-2+\rho}[[UNKNOWN]] \right][[CLOSE]]
	        > ⋅[[MULOP]]
Warning:not_parsed:ATOM.CLOSE.CLOSE>CLOSE MathParser failed to match rule 'Anything'
	at A_bias_model.tex; line 48 col 12 - line 48 col 12
	In "$\displaystyle\left.\cdot\log_{2}\left[N_{T}\cdot\left(\frac{(1-\phi)(1-\rho)}%
	{N_{T}-1}+\frac{\rho\varepsilon}{N_{T}-2+\rho}\right)\right]\right\}\@@ENDINLINEMATH"
	⋅[[MULOP]] log[[OPFUNCTION]] _{2}[[POSTSUBSCRIPT]] \left[[[OPEN]] N[[UNKNOWN]] _{T}[[POSTSUBSCRIPT]] ⋅[[MULOP]] \left([[OPEN]] \frac{(1-\phi)(1-\rho)}{N_{T}-1}[[UNKNOWN]] +[[ADDOP]] \frac{\rho\varepsilon}{N_{T}-2+\rho}[[UNKNOWN]] \right)[[CLOSE]] \right][[CLOSE]]
	        > \right\}[[CLOSE]]
Warning:not_parsed:ATOM.CLOSE.CLOSE>CLOSE MathParser failed to match rule 'Anything'
	at A_bias_model.tex; line 48 col 12 - line 48 col 151
	In "$\displaystyle\left.\cdot\log_{2}\left[N_{T}\cdot\left(\frac{(1-\phi)(1-\rho)}%
	{N_{T}-1}+\frac{\rho\varepsilon}{N_{T}-2+\rho}\right)\right]\right\}$"
	⋅[[MULOP]] log[[OPFUNCTION]] _{2}[[POSTSUBSCRIPT]] \left[[[OPEN]] N[[UNKNOWN]] _{T}[[POSTSUBSCRIPT]] ⋅[[MULOP]] \left([[OPEN]] \frac{(1-\phi)(1-\rho)}{N_{T}-1}[[UNKNOWN]] +[[ADDOP]] \frac{\rho\varepsilon}{N_{T}-2+\rho}[[UNKNOWN]] \right)[[CLOSE]] \right][[CLOSE]]
	        > \right\}[[CLOSE]]
Warning:not_parsed:UNKNOWN.CLOSE.CLOSE>MULOP MathParser failed to match rule 'Anything'
	at A_bias_model.tex; line 49 col 5 - line 49 col 5
	In "$\displaystyle=\left[\rho(1-\varepsilon)+\phi(1-\rho)\right]\cdot\@@ENDINLINEMATH"
	=[[RELOP]] \left[[[OPEN]] ρ[[UNKNOWN]] ([[OPEN]] 1[[NUMBER]] -[[ADDOP]] ε[[UNKNOWN]] )[[CLOSE]] +[[ADDOP]] ϕ[[UNKNOWN]] ([[OPEN]] 1[[NUMBER]] -[[ADDOP]] ρ[[UNKNOWN]] )[[CLOSE]] \right][[CLOSE]]
	        > ⋅[[MULOP]]
Warning:not_parsed:UNKNOWN.CLOSE.CLOSE>MULOP MathParser failed to match rule 'Anything'
	at A_bias_model.tex; line 49 col 12 - line 49 col 76
	In "$\displaystyle\left[\rho(1-\varepsilon)+\phi(1-\rho)\right]\cdot$"
	\left[[[OPEN]] ρ[[UNKNOWN]] ([[OPEN]] 1[[NUMBER]] -[[ADDOP]] ε[[UNKNOWN]] )[[CLOSE]] +[[ADDOP]] ϕ[[UNKNOWN]] ([[OPEN]] 1[[NUMBER]] -[[ADDOP]] ρ[[UNKNOWN]] )[[CLOSE]] \right][[CLOSE]]
	        > ⋅[[MULOP]]
Warning:not_parsed:MULOP>OPEN MathParser failed to match rule 'Anything'
	at A_bias_model.tex; line 50 col 10 - line 50 col 10
	In "$\displaystyle\cdot\left[\log_{2}N_{T}+\log_{2}(\rho(1-\varepsilon)+\phi(1-%
	\rho)\right]+\@@ENDINLINEMATH"
	⋅[[MULOP]]
	        > \left[[[OPEN]] log[[OPFUNCTION]] _{2}[[POSTSUBSCRIPT]] N[[UNKNOWN]] _{T}[[POSTSUBSCRIPT]] +[[ADDOP]] log[[OPFUNCTION]] _{2}[[POSTSUBSCRIPT]] ([[OPEN]] ρ[[UNKNOWN]] ([[OPEN]] 1[[NUMBER]] -[[ADDOP]] ε[[UNKNOWN]] )[[CLOSE]] +[[ADDOP]] ϕ[[UNKNOWN]] ([[OPEN]] 1[[NUMBER]] -[[ADDOP]] ρ[[UNKNOWN]] )[[CLOSE]] \right][[CLOSE]] +[[ADDOP]]
Warning:not_parsed:MULOP>OPEN MathParser failed to match rule 'Anything'
	at A_bias_model.tex; line 50 col 10 - line 50 col 96
	In "$\displaystyle\cdot\left[\log_{2}N_{T}+\log_{2}(\rho(1-\varepsilon)+\phi(1-%
	\rho)\right]+$"
	⋅[[MULOP]]
	        > \left[[[OPEN]] log[[OPFUNCTION]] _{2}[[POSTSUBSCRIPT]] N[[UNKNOWN]] _{T}[[POSTSUBSCRIPT]] +[[ADDOP]] log[[OPFUNCTION]] _{2}[[POSTSUBSCRIPT]] ([[OPEN]] ρ[[UNKNOWN]] ([[OPEN]] 1[[NUMBER]] -[[ADDOP]] ε[[UNKNOWN]] )[[CLOSE]] +[[ADDOP]] ϕ[[UNKNOWN]] ([[OPEN]] 1[[NUMBER]] -[[ADDOP]] ρ[[UNKNOWN]] )[[CLOSE]] \right][[CLOSE]] +[[ADDOP]]
Warning:not_parsed:ADDOP.ATOM.CLOSE>MULOP MathParser failed to match rule 'Anything'
	at A_bias_model.tex; line 51 col 6 - line 51 col 6
	In "$\displaystyle+\left[(1-\phi)(1-\rho)+\frac{(N_{T}-1)\rho\varepsilon}{N_{T}-2+%
	\rho}\right]\cdot\@@ENDINLINEMATH"
	+[[ADDOP]] \left[[[OPEN]] ([[OPEN]] 1[[NUMBER]] -[[ADDOP]] ϕ[[UNKNOWN]] )[[CLOSE]] ([[OPEN]] 1[[NUMBER]] -[[ADDOP]] ρ[[UNKNOWN]] )[[CLOSE]] +[[ADDOP]] \frac{(N_{T}-1)\rho\varepsilon}{N_{T}-2+\rho}[[UNKNOWN]] \right][[CLOSE]]
	        > ⋅[[MULOP]]
Warning:not_parsed:ADDOP.ATOM.CLOSE>MULOP MathParser failed to match rule 'Anything'
	at A_bias_model.tex; line 51 col 6 - line 51 col 101
	In "$\displaystyle+\left[(1-\phi)(1-\rho)+\frac{(N_{T}-1)\rho\varepsilon}{N_{T}-2+%
	\rho}\right]\cdot$"
	+[[ADDOP]] \left[[[OPEN]] ([[OPEN]] 1[[NUMBER]] -[[ADDOP]] ϕ[[UNKNOWN]] )[[CLOSE]] ([[OPEN]] 1[[NUMBER]] -[[ADDOP]] ρ[[UNKNOWN]] )[[CLOSE]] +[[ADDOP]] \frac{(N_{T}-1)\rho\varepsilon}{N_{T}-2+\rho}[[UNKNOWN]] \right][[CLOSE]]
	        > ⋅[[MULOP]]
Warning:not_parsed:UNKNOWN.CLOSE.CLOSE>POSTSUPERSCRIPT MathParser failed to match rule 'Anything'
	at A_bias_model.tex; line 53 col 5 - line 53 col 5
	In "$\displaystyle=\log_{2}\left[\rho(1-\varepsilon)+\phi(1-\rho)\right]^{\rho(1-%
	\varepsilon)+\phi(1-\rho)}+\@@ENDINLINEMATH"
	=[[RELOP]] log[[OPFUNCTION]] _{2}[[POSTSUBSCRIPT]] \left[[[OPEN]] ρ[[UNKNOWN]] ([[OPEN]] 1[[NUMBER]] -[[ADDOP]] ε[[UNKNOWN]] )[[CLOSE]] +[[ADDOP]] ϕ[[UNKNOWN]] ([[OPEN]] 1[[NUMBER]] -[[ADDOP]] ρ[[UNKNOWN]] )[[CLOSE]] \right][[CLOSE]]
	        > ^{\rho(1-\varepsilon)+\phi(1-\rho)}[[POSTSUPERSCRIPT]] +[[ADDOP]]
Warning:not_parsed:UNKNOWN.CLOSE.CLOSE>POSTSUPERSCRIPT MathParser failed to match rule 'Anything'
	at A_bias_model.tex; line 53 col 10 - line 53 col 116
	In "$\displaystyle\log_{2}\left[\rho(1-\varepsilon)+\phi(1-\rho)\right]^{\rho(1-%
	\varepsilon)+\phi(1-\rho)}+$"
	log[[OPFUNCTION]] _{2}[[POSTSUBSCRIPT]] \left[[[OPEN]] ρ[[UNKNOWN]] ([[OPEN]] 1[[NUMBER]] -[[ADDOP]] ε[[UNKNOWN]] )[[CLOSE]] +[[ADDOP]] ϕ[[UNKNOWN]] ([[OPEN]] 1[[NUMBER]] -[[ADDOP]] ρ[[UNKNOWN]] )[[CLOSE]] \right][[CLOSE]]
	        > ^{\rho(1-\varepsilon)+\phi(1-\rho)}[[POSTSUPERSCRIPT]] +[[ADDOP]]
Warning:not_parsed:ADDOP.ATOM.CLOSE>POSTSUPERSCRIPT MathParser failed to match rule 'Anything'
	at A_bias_model.tex; line 54 col 6 - line 54 col 6
	In "$\displaystyle+\log_{2}\left(\frac{(1-\phi)(1-\rho)}{N_{T}-1}+\frac{\rho%
	\varepsilon}{N_{T}-2+\rho}\right)^{(1-\phi)(1-\rho)+\frac{(N_{T}-1)\rho%
	\varepsilon}{N_{T}-2+\rho}}+\@@ENDINLINEMATH"
	+[[ADDOP]] log[[OPFUNCTION]] _{2}[[POSTSUBSCRIPT]] \left([[OPEN]] \frac{(1-\phi)(1-\rho)}{N_{T}-1}[[UNKNOWN]] +[[ADDOP]] \frac{\rho\varepsilon}{N_{T}-2+\rho}[[UNKNOWN]] \right)[[CLOSE]]
	        > ^{(1-\phi)(1-\rho)+\frac{(N_{T}-1)\rho\varepsilon}{N_{T}-2+\rho}}[[POSTSUPERSCRIPT]] +[[ADDOP]]
Warning:not_parsed:ADDOP.ATOM.CLOSE>POSTSUPERSCRIPT MathParser failed to match rule 'Anything'
	at A_bias_model.tex; line 54 col 6 - line 54 col 172
	In "$\displaystyle+\log_{2}\left(\frac{(1-\phi)(1-\rho)}{N_{T}-1}+\frac{\rho%
	\varepsilon}{N_{T}-2+\rho}\right)^{(1-\phi)(1-\rho)+\frac{(N_{T}-1)\rho%
	\varepsilon}{N_{T}-2+\rho}}+$"
	+[[ADDOP]] log[[OPFUNCTION]] _{2}[[POSTSUBSCRIPT]] \left([[OPEN]] \frac{(1-\phi)(1-\rho)}{N_{T}-1}[[UNKNOWN]] +[[ADDOP]] \frac{\rho\varepsilon}{N_{T}-2+\rho}[[UNKNOWN]] \right)[[CLOSE]]
	        > ^{(1-\phi)(1-\rho)+\frac{(N_{T}-1)\rho\varepsilon}{N_{T}-2+\rho}}[[POSTSUPERSCRIPT]] +[[ADDOP]]
Warning:not_parsed:UNKNOWN.CLOSE.CLOSE>POSTSUPERSCRIPT MathParser failed to match rule 'Anything'
	at A_bias_model.tex; line 56 col 5 - line 56 col 5
	In "$\displaystyle=\log_{2}\left[\rho(1-\varepsilon)+\phi(1-\rho)\right]^{\rho(1-%
	\varepsilon)+\phi(1-\rho)}+\@@ENDINLINEMATH"
	=[[RELOP]] log[[OPFUNCTION]] _{2}[[POSTSUBSCRIPT]] \left[[[OPEN]] ρ[[UNKNOWN]] ([[OPEN]] 1[[NUMBER]] -[[ADDOP]] ε[[UNKNOWN]] )[[CLOSE]] +[[ADDOP]] ϕ[[UNKNOWN]] ([[OPEN]] 1[[NUMBER]] -[[ADDOP]] ρ[[UNKNOWN]] )[[CLOSE]] \right][[CLOSE]]
	        > ^{\rho(1-\varepsilon)+\phi(1-\rho)}[[POSTSUPERSCRIPT]] +[[ADDOP]]
Warning:not_parsed:UNKNOWN.CLOSE.CLOSE>POSTSUPERSCRIPT MathParser failed to match rule 'Anything'
	at A_bias_model.tex; line 56 col 10 - line 56 col 117
	In "$\displaystyle\log_{2}\left[\rho(1-\varepsilon)+\phi(1-\rho)\right]^{\rho(1-%
	\varepsilon)+\phi(1-\rho)}+$"
	log[[OPFUNCTION]] _{2}[[POSTSUBSCRIPT]] \left[[[OPEN]] ρ[[UNKNOWN]] ([[OPEN]] 1[[NUMBER]] -[[ADDOP]] ε[[UNKNOWN]] )[[CLOSE]] +[[ADDOP]] ϕ[[UNKNOWN]] ([[OPEN]] 1[[NUMBER]] -[[ADDOP]] ρ[[UNKNOWN]] )[[CLOSE]] \right][[CLOSE]]
	        > ^{\rho(1-\varepsilon)+\phi(1-\rho)}[[POSTSUPERSCRIPT]] +[[ADDOP]]
Warning:not_parsed:ADDOP.ATOM.CLOSE>POSTSUPERSCRIPT MathParser failed to match rule 'Anything'
	at A_bias_model.tex; line 57 col 6 - line 57 col 6
	In "$\displaystyle+\log_{2}\left(\frac{(1-\phi)(1-\rho)}{N_{T}-1}+\frac{\rho%
	\varepsilon}{N_{T}-2+\rho}\right)^{(1-\phi)(1-\rho)+\frac{(N_{T}-1)\rho%
	\varepsilon}{N_{T}-2+\rho}}+\@@ENDINLINEMATH"
	+[[ADDOP]] log[[OPFUNCTION]] _{2}[[POSTSUBSCRIPT]] \left([[OPEN]] \frac{(1-\phi)(1-\rho)}{N_{T}-1}[[UNKNOWN]] +[[ADDOP]] \frac{\rho\varepsilon}{N_{T}-2+\rho}[[UNKNOWN]] \right)[[CLOSE]]
	        > ^{(1-\phi)(1-\rho)+\frac{(N_{T}-1)\rho\varepsilon}{N_{T}-2+\rho}}[[POSTSUPERSCRIPT]] +[[ADDOP]]
Warning:not_parsed:ADDOP.ATOM.CLOSE>POSTSUPERSCRIPT MathParser failed to match rule 'Anything'
	at A_bias_model.tex; line 57 col 6 - line 57 col 172
	In "$\displaystyle+\log_{2}\left(\frac{(1-\phi)(1-\rho)}{N_{T}-1}+\frac{\rho%
	\varepsilon}{N_{T}-2+\rho}\right)^{(1-\phi)(1-\rho)+\frac{(N_{T}-1)\rho%
	\varepsilon}{N_{T}-2+\rho}}+$"
	+[[ADDOP]] log[[OPFUNCTION]] _{2}[[POSTSUBSCRIPT]] \left([[OPEN]] \frac{(1-\phi)(1-\rho)}{N_{T}-1}[[UNKNOWN]] +[[ADDOP]] \frac{\rho\varepsilon}{N_{T}-2+\rho}[[UNKNOWN]] \right)[[CLOSE]]
	        > ^{(1-\phi)(1-\rho)+\frac{(N_{T}-1)\rho\varepsilon}{N_{T}-2+\rho}}[[POSTSUPERSCRIPT]] +[[ADDOP]]
Warning:not_parsed:UNKNOWN.CLOSE.CLOSE>POSTSUPERSCRIPT MathParser failed to match rule 'Anything'
	at A_bias_model.tex; line 63 col 5 - line 63 col 5
	In "$\displaystyle=\log_{N_{T}}\left[\rho(1-\varepsilon)+\phi(1-\rho)\right]^{\rho%
	(1-\varepsilon)+\phi(1-\rho)}\@@ENDINLINEMATH"
	=[[RELOP]] log[[OPFUNCTION]] _{N_{T}}[[POSTSUBSCRIPT]] \left[[[OPEN]] ρ[[UNKNOWN]] ([[OPEN]] 1[[NUMBER]] -[[ADDOP]] ε[[UNKNOWN]] )[[CLOSE]] +[[ADDOP]] ϕ[[UNKNOWN]] ([[OPEN]] 1[[NUMBER]] -[[ADDOP]] ρ[[UNKNOWN]] )[[CLOSE]] \right][[CLOSE]]
	        > ^{\rho(1-\varepsilon)+\phi(1-\rho)}[[POSTSUPERSCRIPT]]
Warning:not_parsed:UNKNOWN.CLOSE.CLOSE>POSTSUPERSCRIPT MathParser failed to match rule 'Anything'
	at A_bias_model.tex; line 63 col 11 - line 63 col 118
	In "$\displaystyle\log_{N_{T}}\left[\rho(1-\varepsilon)+\phi(1-\rho)\right]^{\rho(%
	1-\varepsilon)+\phi(1-\rho)}$"
	log[[OPFUNCTION]] _{N_{T}}[[POSTSUBSCRIPT]] \left[[[OPEN]] ρ[[UNKNOWN]] ([[OPEN]] 1[[NUMBER]] -[[ADDOP]] ε[[UNKNOWN]] )[[CLOSE]] +[[ADDOP]] ϕ[[UNKNOWN]] ([[OPEN]] 1[[NUMBER]] -[[ADDOP]] ρ[[UNKNOWN]] )[[CLOSE]] \right][[CLOSE]]
	        > ^{\rho(1-\varepsilon)+\phi(1-\rho)}[[POSTSUPERSCRIPT]]
Warning:not_parsed:ADDOP.ATOM.CLOSE>POSTSUPERSCRIPT MathParser failed to match rule 'Anything'
	at A_bias_model.tex; line 64 col 6 - line 64 col 6
	In "$\displaystyle+\log_{N_{T}}\left[\frac{(1-\phi)(1-\rho)}{N_{T}-1}+\frac{\rho%
	\varepsilon}{N_{T}-2+\rho}\right]^{(1-\phi)(1-\rho)+\frac{(N_{T}-1)\rho%
	\varepsilon}{N_{T}-2+\rho}}\@@ENDINLINEMATH"
	+[[ADDOP]] log[[OPFUNCTION]] _{N_{T}}[[POSTSUBSCRIPT]] \left[[[OPEN]] \frac{(1-\phi)(1-\rho)}{N_{T}-1}[[UNKNOWN]] +[[ADDOP]] \frac{\rho\varepsilon}{N_{T}-2+\rho}[[UNKNOWN]] \right][[CLOSE]]
	        > ^{(1-\phi)(1-\rho)+\frac{(N_{T}-1)\rho\varepsilon}{N_{T}-2+\rho}}[[POSTSUPERSCRIPT]]
Warning:not_parsed:ADDOP.ATOM.CLOSE>POSTSUPERSCRIPT MathParser failed to match rule 'Anything'
	at A_bias_model.tex; line 64 col 6 - line 64 col 175
	In "$\displaystyle+\log_{N_{T}}\left[\frac{(1-\phi)(1-\rho)}{N_{T}-1}+\frac{\rho%
	\varepsilon}{N_{T}-2+\rho}\right]^{(1-\phi)(1-\rho)+\frac{(N_{T}-1)\rho%
	\varepsilon}{N_{T}-2+\rho}}$"
	+[[ADDOP]] log[[OPFUNCTION]] _{N_{T}}[[POSTSUBSCRIPT]] \left[[[OPEN]] \frac{(1-\phi)(1-\rho)}{N_{T}-1}[[UNKNOWN]] +[[ADDOP]] \frac{\rho\varepsilon}{N_{T}-2+\rho}[[UNKNOWN]] \right][[CLOSE]]
	        > ^{(1-\phi)(1-\rho)+\frac{(N_{T}-1)\rho\varepsilon}{N_{T}-2+\rho}}[[POSTSUPERSCRIPT]]
 9.12 sec)
Math parsing succeeded:
   ltx:XMath: 428/479
   ltx:XMArg: 946/946
   ltx:XMWrap: 1/4
Symbols assumed as simple identifiers (with # of occurences):
   'B{italic}' (48), 'C{italic}' (6), 'H{italic}' (20), 'I{italic}' (12), 'J{caligraphic}' (1), 'J{italic}' (5), 'L{caligraphic}' (4), 'M{italic}' (1), 'N{italic}' (225), 'P{italic}' (42), 'R{blackboard}' (2), 'R{caligraphic}' (12), 'R{italic}' (10), 'T{italic}' (11), 'X{italic}' (10), 'Y{italic}' (39), 'Z{italic}' (4), 'alpha' (3), 'a{italic}' (2), 'beta' (3), 'b{italic}' (68), 'delta' (36), 'e{italic}' (11), 'f{italic}' (21), 'gamma' (6), 'g{italic}' (4), 'i{italic}' (36), 'j{italic}' (18), 'k{italic}' (2), 'mu' (6), 'phi' (85), 'p{italic}' (17), 'q{italic}' (6), 'rho' (351), 'r{italic}' (15), 'theta' (37), 't{italic}' (41), 'varepsilon' (96), 'x{italic}' (36), 'y{italic}' (56), 'z{italic}' (19)
Set MATHPARSER_SPECULATE to speculate on possible notations.
(Finalizing... 0.58 sec)
Conversion complete: 52 warnings; 1 missing file[fixmath.sty] (See parsed.log) (reqd. 22.60s)
