latexml (LaTeXML version 0.8.8) processing paper.tex
(Digesting TeX paper...
(Loading /usr/share/perl5/LaTeXML/Package/TeX.pool.ltxml...
(Loading /usr/share/perl5/LaTeXML/Package/eTeX.pool.ltxml... 0.00 sec)
(Loading /usr/share/perl5/LaTeXML/Package/pdfTeX.pool.ltxml... 0.00 sec) 0.10 sec)
(Processing content /home/miri/Documents/university/DataLit/arXiv_src_fetcher/ICLR_2023_first100/-I2nYWac2Id/paper.tex...
(Loading /usr/share/perl5/LaTeXML/Package/LaTeX.pool.ltxml...
(Loading /usr/share/perl5/LaTeXML/Package/textcomp.sty.ltxml...
(Processing definitions /usr/share/texlive/texmf-dist/tex/latex/base/ts1enc.dfu... 0.01 sec) 0.27 sec) 0.47 sec)
(Loading /usr/share/perl5/LaTeXML/Package/acmart.cls.ltxml...
(Loading /usr/share/perl5/LaTeXML/Package/amsart.cls.ltxml...
(Loading /usr/share/perl5/LaTeXML/Package/ams_core.cls.ltxml...
(Loading /usr/share/perl5/LaTeXML/Package/article.cls.ltxml... 0.01 sec)
(Loading /usr/share/perl5/LaTeXML/Package/ams_support.sty.ltxml...
(Loading /usr/share/perl5/LaTeXML/Package/amsmath.sty.ltxml...
(Loading /usr/share/perl5/LaTeXML/Package/amsbsy.sty.ltxml...
(Loading /usr/share/perl5/LaTeXML/Package/amsgen.sty.ltxml... 0.00 sec) 0.01 sec)
(Loading /usr/share/perl5/LaTeXML/Package/amstext.sty.ltxml... 0.00 sec)
(Loading /usr/share/perl5/LaTeXML/Package/amsopn.sty.ltxml... 0.01 sec) 0.05 sec)
(Loading /usr/share/perl5/LaTeXML/Package/amsthm.sty.ltxml... 0.01 sec)
(Loading /usr/share/perl5/LaTeXML/Package/amsfonts.sty.ltxml... 0.00 sec)
(Loading /usr/share/perl5/LaTeXML/Package/makeidx.sty.ltxml... 0.00 sec) 0.09 sec) 0.10 sec) 0.11 sec)
(Loading /usr/share/perl5/LaTeXML/Package/fancyhdr.sty.ltxml... 0.00 sec)
(Loading /usr/share/perl5/LaTeXML/Package/geometry.sty.ltxml...
(Loading /usr/share/perl5/LaTeXML/Package/keyval.sty.ltxml...
(Processing definitions /usr/share/texlive/texmf-dist/tex/latex/graphics/keyval.sty... 0.01 sec) 0.01 sec)
(Loading /usr/share/perl5/LaTeXML/Package/ifpdf.sty.ltxml... 0.00 sec)
(Loading /usr/share/perl5/LaTeXML/Package/ifvtex.sty.ltxml...
(Loading /usr/share/perl5/LaTeXML/Package/iftex.sty.ltxml... 0.00 sec) 0.01 sec)
(Loading /usr/share/perl5/LaTeXML/Package/ifxetex.sty.ltxml... 0.00 sec) 0.03 sec)
(Loading /usr/share/perl5/LaTeXML/Package/comment.sty.ltxml... 0.00 sec)
(Loading /usr/share/perl5/LaTeXML/Package/natbib.sty.ltxml... 0.01 sec)
(Loading /usr/share/perl5/LaTeXML/Package/graphicx.sty.ltxml...
(Loading /usr/share/perl5/LaTeXML/Package/graphics.sty.ltxml... 0.01 sec) 0.02 sec)
(Loading /usr/share/perl5/LaTeXML/Package/xcolor.sty.ltxml...
(Loading /usr/share/perl5/LaTeXML/Package/color.sty.ltxml... 0.01 sec) 0.04 sec)
(Loading /usr/share/perl5/LaTeXML/Package/microtype.sty.ltxml... 0.00 sec)
(Loading /usr/share/perl5/LaTeXML/Package/hyperref.sty.ltxml...
(Loading /usr/share/perl5/LaTeXML/Package/ltxcmds.sty.ltxml...
(Processing definitions /usr/share/texlive/texmf-dist/tex/generic/ltxcmds/ltxcmds.sty... 0.08 sec) 0.08 sec)
(Loading /usr/share/perl5/LaTeXML/Package/kvsetkeys.sty.ltxml...
(Processing definitions /usr/share/texlive/texmf-dist/tex/latex/kvsetkeys/kvsetkeys.sty... 0.05 sec) 0.05 sec)
(Loading /usr/share/perl5/LaTeXML/Package/kvdefinekeys.sty.ltxml...
(Processing definitions /usr/share/texlive/texmf-dist/tex/generic/kvdefinekeys/kvdefinekeys.sty... 0.02 sec) 0.02 sec)
(Loading /usr/share/perl5/LaTeXML/Package/kvoptions.sty.ltxml...
(Processing definitions /usr/share/texlive/texmf-dist/tex/latex/kvoptions/kvoptions.sty... 0.10 sec) 0.10 sec)
(Loading /usr/share/perl5/LaTeXML/Package/nameref.sty.ltxml...
(Loading /usr/share/perl5/LaTeXML/Package/refcount.sty.ltxml...
(Processing definitions /usr/share/texlive/texmf-dist/tex/latex/refcount/refcount.sty...
(Loading /usr/share/perl5/LaTeXML/Package/infwarerr.sty.ltxml...
(Processing definitions /usr/share/texlive/texmf-dist/tex/generic/infwarerr/infwarerr.sty... 0.03 sec) 0.03 sec) 0.08 sec) 0.08 sec)
(Loading /usr/share/perl5/LaTeXML/Package/gettitlestring.sty.ltxml...
(Processing definitions /usr/share/texlive/texmf-dist/tex/generic/gettitlestring/gettitlestring.sty... 0.10 sec) 0.10 sec) 0.19 sec)
(Loading /usr/share/perl5/LaTeXML/Package/url.sty.ltxml... 0.00 sec)
(Loading /usr/share/perl5/LaTeXML/Package/bitset.sty.ltxml...
(Processing definitions /usr/share/texlive/texmf-dist/tex/generic/bitset/bitset.sty...
(Loading /usr/share/perl5/LaTeXML/Package/intcalc.sty.ltxml...
(Processing definitions /usr/share/texlive/texmf-dist/tex/generic/intcalc/intcalc.sty... 0.04 sec) 0.04 sec)
(Loading /usr/share/perl5/LaTeXML/Package/bigintcalc.sty.ltxml...
(Processing definitions /usr/share/texlive/texmf-dist/tex/generic/bigintcalc/bigintcalc.sty...
(Loading /usr/share/perl5/LaTeXML/Package/pdftexcmds.sty.ltxml... 0.01 sec) 0.12 sec) 0.12 sec) 0.28 sec) 0.28 sec) 0.80 sec)
(Loading /usr/share/perl5/LaTeXML/Package/caption.sty.ltxml... 0.01 sec)
(Loading /usr/share/perl5/LaTeXML/Package/float.sty.ltxml... 0.00 sec)
(Loading /usr/share/perl5/LaTeXML/Package/setspace.sty.ltxml... 0.00 sec)
(Loading /usr/share/perl5/LaTeXML/Package/newtxmath.sty.ltxml...
(Loading /usr/share/perl5/LaTeXML/Package/ifthen.sty.ltxml...
(Processing definitions /usr/share/texlive/texmf-dist/tex/latex/base/ifthen.sty... 0.01 sec) 0.01 sec)
(Loading /usr/share/perl5/LaTeXML/Package/etoolbox.sty.ltxml... 0.12 sec)
(Loading /usr/share/perl5/LaTeXML/Package/ifluatex.sty.ltxml... 0.00 sec)
(Loading /usr/share/perl5/LaTeXML/Package/xkeyval.sty.ltxml... 0.01 sec)
(Loading /usr/share/perl5/LaTeXML/Package/amssymb.sty.ltxml... 0.01 sec)
(Loading /usr/share/perl5/LaTeXML/Package/txfonts.sty.ltxml... 0.01 sec) 0.21 sec)
(Loading /usr/share/perl5/LaTeXML/Package/booktabs.sty.ltxml... 0.01 sec)
(Loading /usr/share/perl5/LaTeXML/Package/textcase.sty.ltxml...
(Processing definitions /usr/share/texlive/texmf-dist/tex/latex/textcase/textcase.sty... 0.01 sec) 0.01 sec)
(Loading /usr/share/perl5/LaTeXML/Package/hyperxmp.sty.ltxml... 0.01 sec)
(Loading /usr/share/perl5/LaTeXML/Package/balance.sty.ltxml... 0.00 sec) 1.36 sec) 3.19 sec) 3.30 sec)
(Building...
(Loading compiled schema /usr/share/perl5/LaTeXML/resources/RelaxNG/LaTeXML.model... 0.01 sec) 1.28 sec)
(Rewriting... 0.02 sec)
(Math Parsing 77 formulae ......
Warning:not_parsed:PUNCT.UNKNOWN.CLOSE>RELOP MathParser failed to match rule 'Anything'
	at paper.tex; line 296 col 0 - line 298 col 14
	In "\begin{equation}\operatorname{argmin}_{j}\operatorname{dist}(i,j)=\left|P\left%
	(t\mid x_{i}\right)-P\left(t\mid x_{j}\right)\right|\end{equation}"
	argmin[[OPFUNCTION]] _{j}[[POSTSUBSCRIPT]] dist[[OPFUNCTION]] ([[OPEN]] i[[UNKNOWN]] ,[[PUNCT]] j[[UNKNOWN]] )[[CLOSE]]
	        > =[[RELOP]] \left|[[VERTBAR]] P[[UNKNOWN]] \left([[OPEN]] t[[UNKNOWN]] ∣[[VERTBAR]] x[[UNKNOWN]] _{i}[[POSTSUBSCRIPT]] \right)[[CLOSE]] -[[ADDOP]] P[[UNKNOWN]] \left([[OPEN]] t[[UNKNOWN]] ∣[[VERTBAR]] x[[UNKNOWN]] _{j}[[POSTSUBSCRIPT]] \right)[[CLOSE]] \right|[[VERTBAR]]
Warning:not_parsed:CLOSE.RELOP.UNKNOWN>OPEN MathParser failed to match rule 'Anything'
	at paper.tex; line 378 col 0 - line 380 col 14
	In "\begin{equation}\operatorname{Score}_{bic}(g:D)=l((\hat{\theta},g):D)-\frac{%
	\log M}{2}\operatorname{Dim}[g]\end{equation}"
	Score[[OPFUNCTION]] _{bic}[[POSTSUBSCRIPT]] ([[OPEN]] g[[UNKNOWN]] :[[METARELOP]] D[[UNKNOWN]] )[[CLOSE]] =[[RELOP]] l[[UNKNOWN]]
	        > ([[OPEN]] ([[OPEN]] \hat{\theta}[[UNKNOWN]] ,[[PUNCT]] g[[UNKNOWN]] )[[CLOSE]] :[[METARELOP]] D[[UNKNOWN]] )[[CLOSE]] -[[ADDOP]] \frac{\logM}{2}[[UNKNOWN]] Dim[[OPFUNCTION]] [[[OPEN]] g[[UNKNOWN]] ][[CLOSE]]
Warning:not_parsed:UNKNOWN.POSTSUPERSCRIPT>OPEN MathParser failed to match rule 'Anything'
	at paper.tex; line 452 col 203 - line 452 col 253
	In "$e^{\ast}(X_{i}=trim_{0.1}\{sin(\pi X_{i1}X_{i2})\}$"
	e[[UNKNOWN]] ^{\ast}[[POSTSUPERSCRIPT]]
	        > ([[OPEN]] X[[UNKNOWN]] _{i}[[POSTSUBSCRIPT]] =[[RELOP]] t[[UNKNOWN]] r[[UNKNOWN]] i[[UNKNOWN]] m[[UNKNOWN]] _{0.1}[[POSTSUBSCRIPT]] \{[[OPEN]] s[[UNKNOWN]] i[[UNKNOWN]] n[[UNKNOWN]] ([[OPEN]] π[[UNKNOWN]] X[[UNKNOWN]] _{i1}[[POSTSUBSCRIPT]] X[[UNKNOWN]] _{i2}[[POSTSUBSCRIPT]] )[[CLOSE]] \}[[CLOSE]]
 1.45 sec)
Math parsing succeeded:
   ltx:XMath: 74/77
   ltx:XMArg: 167/167
   ltx:XMWrap: 1/1
Symbols assumed as simple identifiers (with # of occurences):
   'A{italic}' (4), 'C{italic}' (4), 'D{caligraphic}' (6), 'D{italic}' (4), 'E{blackboard}' (7), 'E{italic}' (7), 'G{italic}' (2), 'H{italic}' (4), 'I{italic}' (2), 'M{italic}' (1), 'N{italic}' (1), 'Pi' (1), 'P{italic}' (7), 'R{blackboard}' (3), 'Theta' (1), 'T{italic}' (8), 'U{italic}' (3), 'V{italic}' (3), 'W{italic}' (9), 'X{italic}' (44), 'Y{italic}' (14), 'a{italic}' (1), 'b{italic}' (4), 'c{italic}' (1), 'd{italic}' (2), 'epsilon' (5), 'eta' (6), 'e{italic}' (7), 'f{italic}' (9), 'g{italic}' (7), 'h{italic}' (1), 'i{italic}' (29), 'j{italic}' (5), 'k{italic}' (7), 'l{italic}' (9), 'mu' (4), 'm{italic}' (7), 'n{italic}' (6), 'pi' (3), 'r{italic}' (4), 'sigma' (2), 's{italic}' (3), 'tau' (8), 'theta' (6), 't{italic}' (12), 'varepsilon' (2), 'w{italic}' (1), 'x{italic}' (16), 'y{italic}' (6)
Set MATHPARSER_SPECULATE to speculate on possible notations.
(Finalizing... 0.11 sec)
Conversion complete: 3 warnings (See parsed.log) (reqd. 6.33s)
