latexml (LaTeXML version 0.8.8) processing arxiv.tex
(Digesting TeX arxiv...
(Loading /usr/share/perl5/LaTeXML/Package/TeX.pool.ltxml...
(Loading /usr/share/perl5/LaTeXML/Package/eTeX.pool.ltxml... 0.00 sec)
(Loading /usr/share/perl5/LaTeXML/Package/pdfTeX.pool.ltxml... 0.01 sec) 0.12 sec)
(Processing content /home/miri/Documents/university/DataLit/arXiv_src_fetcher/ICLR_2023_first100/-4DiyBMgv9m/arxiv.tex...
(Loading /usr/share/perl5/LaTeXML/Package/LaTeX.pool.ltxml...
(Loading /usr/share/perl5/LaTeXML/Package/textcomp.sty.ltxml...
(Processing definitions /usr/share/texlive/texmf-dist/tex/latex/base/ts1enc.dfu... 0.01 sec) 0.26 sec) 0.44 sec)
(Loading /usr/share/perl5/LaTeXML/Package/article.cls.ltxml... 0.01 sec)
(Loading /usr/share/perl5/LaTeXML/Package/inputenc.sty.ltxml...
(Loading /usr/share/perl5/LaTeXML/Package/utf8.def.ltxml... 0.00 sec) 0.01 sec)
(Loading /usr/share/perl5/LaTeXML/Package/geometry.sty.ltxml...
(Loading /usr/share/perl5/LaTeXML/Package/keyval.sty.ltxml...
(Processing definitions /usr/share/texlive/texmf-dist/tex/latex/graphics/keyval.sty... 0.01 sec) 0.01 sec)
(Loading /usr/share/perl5/LaTeXML/Package/ifpdf.sty.ltxml... 0.00 sec)
(Loading /usr/share/perl5/LaTeXML/Package/ifvtex.sty.ltxml...
(Loading /usr/share/perl5/LaTeXML/Package/iftex.sty.ltxml... 0.00 sec) 0.01 sec)
(Loading /usr/share/perl5/LaTeXML/Package/ifxetex.sty.ltxml... 0.00 sec) 0.03 sec)
(Loading /usr/share/perl5/LaTeXML/Package/lmodern.sty.ltxml... 0.00 sec)
(Loading /usr/share/perl5/LaTeXML/Package/microtype.sty.ltxml... 0.00 sec)
(Loading /usr/share/perl5/LaTeXML/Package/graphicx.sty.ltxml...
(Loading /usr/share/perl5/LaTeXML/Package/graphics.sty.ltxml... 0.00 sec) 0.02 sec)
(Loading /usr/share/perl5/LaTeXML/Package/subfigure.sty.ltxml... 0.02 sec)
(Loading /usr/share/perl5/LaTeXML/Package/booktabs.sty.ltxml... 0.00 sec)
(Loading /usr/share/perl5/LaTeXML/Package/natbib.sty.ltxml... 0.02 sec)
(Loading /usr/share/perl5/LaTeXML/Package/amsmath.sty.ltxml...
(Loading /usr/share/perl5/LaTeXML/Package/amsbsy.sty.ltxml...
(Loading /usr/share/perl5/LaTeXML/Package/amsgen.sty.ltxml... 0.00 sec) 0.01 sec)
(Loading /usr/share/perl5/LaTeXML/Package/amstext.sty.ltxml... 0.00 sec)
(Loading /usr/share/perl5/LaTeXML/Package/amsopn.sty.ltxml... 0.01 sec) 0.05 sec)
(Loading /usr/share/perl5/LaTeXML/Package/amsthm.sty.ltxml... 0.01 sec)
(Loading /usr/share/perl5/LaTeXML/Package/amsfonts.sty.ltxml... 0.00 sec)
(Loading /usr/share/perl5/LaTeXML/Package/amssymb.sty.ltxml... 0.01 sec)
(Loading /usr/share/perl5/LaTeXML/Package/mathdots.sty.ltxml... 0.00 sec)
(Loading /usr/share/perl5/LaTeXML/Package/array.sty.ltxml... 0.00 sec)
(Loading /usr/share/perl5/LaTeXML/Package/mathrsfs.sty.ltxml... 0.00 sec)
(Loading /usr/share/perl5/LaTeXML/Package/bm.sty.ltxml... 0.00 sec)
(Loading /usr/share/perl5/LaTeXML/Package/bbm.sty.ltxml... 0.00 sec)
(Loading /usr/share/perl5/LaTeXML/Package/stmaryrd.sty.ltxml... 0.01 sec)
(Loading /usr/share/perl5/LaTeXML/Package/xcolor.sty.ltxml...
(Loading /usr/share/perl5/LaTeXML/Package/color.sty.ltxml... 0.01 sec) 0.04 sec)
Warning:missing_file:breakcites Can't find binding for package breakcites
	at arxiv.tex; line 15 col 0 - line 15 col 1
	Anticipate undefined macros or environments
	search paths are /home/miri/Documents/university/DataLit/arXiv_src_fetcher/ICLR_2023_first100/-4DiyBMgv9m
	In Core::Definition::Constructor[\usepac... /usr/share/perl5/LaTeXML/Package/LaTeX.pool.ltxml; line 879
(Loading /usr/share/perl5/LaTeXML/Package/fontenc.sty.ltxml...
(Loading /usr/share/perl5/LaTeXML/Package/t1enc.def.ltxml...
(Processing definitions /usr/share/texlive/texmf-dist/tex/latex/base/t1enc.def...
(Processing definitions /usr/share/texlive/texmf-dist/tex/latex/base/t1enc.dfu... 0.04 sec)
(Loading /usr/share/perl5/LaTeXML/Package/t1.fontmap.ltxml... 0.00 sec) 0.09 sec) 0.09 sec) 0.10 sec)
(Loading /usr/share/perl5/LaTeXML/Package/enumerate.sty.ltxml... 0.00 sec)
(Loading /usr/share/perl5/LaTeXML/Package/wrapfig.sty.ltxml... 0.00 sec)
(Loading /usr/share/perl5/LaTeXML/Package/algorithm.sty.ltxml...
(Processing definitions /usr/share/texlive/texmf-dist/tex/latex/algorithms/algorithm.sty...
Info:misdefined:UTF8 input isn't valid under encoding UTF8
	at algorithm.sty; line 11 col 0 - line 11 col 0
(Loading /usr/share/perl5/LaTeXML/Package/float.sty.ltxml... 0.00 sec)
(Loading /usr/share/perl5/LaTeXML/Package/ifthen.sty.ltxml...
(Processing definitions /usr/share/texlive/texmf-dist/tex/latex/base/ifthen.sty... 0.01 sec) 0.01 sec) 0.05 sec) 0.05 sec)
(Loading /usr/share/perl5/LaTeXML/Package/algorithmic.sty.ltxml...
(Processing definitions /usr/share/texlive/texmf-dist/tex/latex/algorithms/algorithmic.sty...
Info:misdefined:UTF8 input isn't valid under encoding UTF8
	at algorithmic.sty; line 11 col 0 - line 11 col 0
 0.05 sec) 0.05 sec)
(Loading /usr/share/perl5/LaTeXML/Package/hyperref.sty.ltxml...
(Loading /usr/share/perl5/LaTeXML/Package/ltxcmds.sty.ltxml...
(Processing definitions /usr/share/texlive/texmf-dist/tex/generic/ltxcmds/ltxcmds.sty... 0.07 sec) 0.07 sec)
(Loading /usr/share/perl5/LaTeXML/Package/kvsetkeys.sty.ltxml...
(Processing definitions /usr/share/texlive/texmf-dist/tex/latex/kvsetkeys/kvsetkeys.sty... 0.05 sec) 0.05 sec)
(Loading /usr/share/perl5/LaTeXML/Package/kvdefinekeys.sty.ltxml...
(Processing definitions /usr/share/texlive/texmf-dist/tex/generic/kvdefinekeys/kvdefinekeys.sty... 0.02 sec) 0.02 sec)
(Loading /usr/share/perl5/LaTeXML/Package/kvoptions.sty.ltxml...
(Processing definitions /usr/share/texlive/texmf-dist/tex/latex/kvoptions/kvoptions.sty... 0.12 sec) 0.12 sec)
(Loading /usr/share/perl5/LaTeXML/Package/nameref.sty.ltxml...
(Loading /usr/share/perl5/LaTeXML/Package/refcount.sty.ltxml...
(Processing definitions /usr/share/texlive/texmf-dist/tex/latex/refcount/refcount.sty...
(Loading /usr/share/perl5/LaTeXML/Package/infwarerr.sty.ltxml...
(Processing definitions /usr/share/texlive/texmf-dist/tex/generic/infwarerr/infwarerr.sty... 0.04 sec) 0.04 sec) 0.10 sec) 0.10 sec)
(Loading /usr/share/perl5/LaTeXML/Package/gettitlestring.sty.ltxml...
(Processing definitions /usr/share/texlive/texmf-dist/tex/generic/gettitlestring/gettitlestring.sty... 0.11 sec) 0.11 sec) 0.23 sec)
(Loading /usr/share/perl5/LaTeXML/Package/url.sty.ltxml... 0.00 sec)
(Loading /usr/share/perl5/LaTeXML/Package/bitset.sty.ltxml...
(Processing definitions /usr/share/texlive/texmf-dist/tex/generic/bitset/bitset.sty...
(Loading /usr/share/perl5/LaTeXML/Package/intcalc.sty.ltxml...
(Processing definitions /usr/share/texlive/texmf-dist/tex/generic/intcalc/intcalc.sty... 0.04 sec) 0.05 sec)
(Loading /usr/share/perl5/LaTeXML/Package/bigintcalc.sty.ltxml...
(Processing definitions /usr/share/texlive/texmf-dist/tex/generic/bigintcalc/bigintcalc.sty...
(Loading /usr/share/perl5/LaTeXML/Package/pdftexcmds.sty.ltxml... 0.01 sec) 0.13 sec) 0.13 sec) 0.33 sec) 0.33 sec) 0.90 sec)
(Loading /usr/share/perl5/LaTeXML/Package/nicefrac.sty.ltxml... 0.01 sec)
(Loading /usr/share/perl5/LaTeXML/Package/enumitem.sty.ltxml... 0.01 sec)
(Loading /usr/share/perl5/LaTeXML/Package/tikz.sty.ltxml...
(Processing definitions /usr/share/texlive/texmf-dist/tex/latex/pgf/frontendlayer/tikz.sty...
(Loading /usr/share/perl5/LaTeXML/Package/pgf.sty.ltxml...
(Processing definitions /usr/share/texlive/texmf-dist/tex/latex/pgf/basiclayer/pgf.sty...
(Processing definitions /usr/share/texlive/texmf-dist/tex/latex/pgf/utilities/pgfrcs.sty...
(Loading /usr/share/perl5/LaTeXML/Package/pgfutil-common.tex.ltxml...
(Processing definitions /usr/share/texlive/texmf-dist/tex/generic/pgf/utilities/pgfutil-common.tex... 0.08 sec) 0.08 sec)
(Processing definitions /usr/share/texlive/texmf-dist/tex/generic/pgf/utilities/pgfutil-latex.def...
(Processing definitions /usr/share/texlive/texmf-dist/tex/latex/everyshi/everyshi.sty...
(Processing definitions /usr/share/texlive/texmf-dist/tex/latex/everyshi/everyshi-2001-05-15.sty... 0.01 sec) 0.04 sec) 0.07 sec)
(Processing definitions /usr/share/texlive/texmf-dist/tex/generic/pgf/utilities/pgfrcs.code.tex...
(Processing definitions /usr/share/texlive/texmf-dist/tex/generic/pgf/pgf.revision.tex... 0.00 sec) 0.02 sec) 0.19 sec)
(Processing definitions /usr/share/texlive/texmf-dist/tex/latex/pgf/basiclayer/pgfcore.sty...
(Processing definitions /usr/share/texlive/texmf-dist/tex/latex/pgf/systemlayer/pgfsys.sty...
(Processing definitions /usr/share/texlive/texmf-dist/tex/generic/pgf/systemlayer/pgfsys.code.tex...
(Loading /usr/share/perl5/LaTeXML/Package/pgfkeys.code.tex.ltxml...
(Processing definitions /usr/share/texlive/texmf-dist/tex/generic/pgf/utilities/pgfkeys.code.tex...
(Processing definitions /usr/share/texlive/texmf-dist/tex/generic/pgf/utilities/pgfkeyslibraryfiltered.code.tex... 0.27 sec) 0.75 sec) 0.75 sec)
(Processing definitions /usr/share/texlive/texmf-dist/tex/generic/pgf/systemlayer/pgf.cfg... 0.00 sec)
Driver file for pgf: pgfsys-latexml.def
(Loading /usr/share/perl5/LaTeXML/Package/pgfsys-latexml.def.ltxml... 0.02 sec) 0.98 sec)
(Processing definitions /usr/share/texlive/texmf-dist/tex/generic/pgf/systemlayer/pgfsyssoftpath.code.tex... 0.02 sec)
(Processing definitions /usr/share/texlive/texmf-dist/tex/generic/pgf/systemlayer/pgfsysprotocol.code.tex... 0.01 sec) 1.02 sec)
(Processing definitions /usr/share/texlive/texmf-dist/tex/generic/pgf/basiclayer/pgfcore.code.tex...
(Loading /usr/share/perl5/LaTeXML/Package/pgfmath.code.tex.ltxml...
(Processing definitions /usr/share/texlive/texmf-dist/tex/generic/pgf/math/pgfmath.code.tex...
(Processing definitions /usr/share/texlive/texmf-dist/tex/generic/pgf/math/pgfmathutil.code.tex... 0.05 sec)
(Processing definitions /usr/share/texlive/texmf-dist/tex/generic/pgf/math/pgfmathparser.code.tex... 0.18 sec)
(Processing definitions /usr/share/texlive/texmf-dist/tex/generic/pgf/math/pgfmathfunctions.code.tex... 0.11 sec)
(Processing definitions /usr/share/texlive/texmf-dist/tex/generic/pgf/math/pgfmathfunctions.basic.code.tex... 0.22 sec)
(Processing definitions /usr/share/texlive/texmf-dist/tex/generic/pgf/math/pgfmathfunctions.trigonometric.code.tex... 0.74 sec)
(Processing definitions /usr/share/texlive/texmf-dist/tex/generic/pgf/math/pgfmathfunctions.random.code.tex... 0.03 sec)
(Processing definitions /usr/share/texlive/texmf-dist/tex/generic/pgf/math/pgfmathfunctions.comparison.code.tex... 0.15 sec)
(Processing definitions /usr/share/texlive/texmf-dist/tex/generic/pgf/math/pgfmathfunctions.base.code.tex... 0.07 sec)
(Processing definitions /usr/share/texlive/texmf-dist/tex/generic/pgf/math/pgfmathfunctions.round.code.tex... 0.03 sec)
(Processing definitions /usr/share/texlive/texmf-dist/tex/generic/pgf/math/pgfmathfunctions.misc.code.tex... 0.10 sec)
(Processing definitions /usr/share/texlive/texmf-dist/tex/generic/pgf/math/pgfmathfunctions.integerarithmetics.code.tex... 0.04 sec)
(Loading /usr/share/perl5/LaTeXML/Package/pgfmathcalc.code.tex.ltxml...
(Processing definitions /usr/share/texlive/texmf-dist/tex/generic/pgf/math/pgfmathcalc.code.tex... 0.03 sec) 0.03 sec)
(Processing definitions /usr/share/texlive/texmf-dist/tex/generic/pgf/math/pgfmathfloat.code.tex... 1.05 sec) 2.81 sec) 2.83 sec)
(Processing definitions /usr/share/texlive/texmf-dist/tex/generic/pgf/math/pgfint.code.tex... 0.01 sec)
(Processing definitions /usr/share/texlive/texmf-dist/tex/generic/pgf/basiclayer/pgfcorepoints.code.tex... 0.10 sec)
(Processing definitions /usr/share/texlive/texmf-dist/tex/generic/pgf/basiclayer/pgfcorepathconstruct.code.tex... 0.11 sec)
(Processing definitions /usr/share/texlive/texmf-dist/tex/generic/pgf/basiclayer/pgfcorepathusage.code.tex... 0.17 sec)
(Processing definitions /usr/share/texlive/texmf-dist/tex/generic/pgf/basiclayer/pgfcorescopes.code.tex... 0.17 sec)
(Processing definitions /usr/share/texlive/texmf-dist/tex/generic/pgf/basiclayer/pgfcoregraphicstate.code.tex... 0.02 sec)
(Processing definitions /usr/share/texlive/texmf-dist/tex/generic/pgf/basiclayer/pgfcoretransformations.code.tex... 0.05 sec)
(Processing definitions /usr/share/texlive/texmf-dist/tex/generic/pgf/basiclayer/pgfcorequick.code.tex... 0.01 sec)
(Processing definitions /usr/share/texlive/texmf-dist/tex/generic/pgf/basiclayer/pgfcoreobjects.code.tex... 0.01 sec)
(Processing definitions /usr/share/texlive/texmf-dist/tex/generic/pgf/basiclayer/pgfcorepathprocessing.code.tex... 0.04 sec)
(Processing definitions /usr/share/texlive/texmf-dist/tex/generic/pgf/basiclayer/pgfcorearrows.code.tex... 1.16 sec)
(Processing definitions /usr/share/texlive/texmf-dist/tex/generic/pgf/basiclayer/pgfcoreshade.code.tex... 0.08 sec)
(Processing definitions /usr/share/texlive/texmf-dist/tex/generic/pgf/basiclayer/pgfcoreimage.code.tex... 0.12 sec)
(Processing definitions /usr/share/texlive/texmf-dist/tex/generic/pgf/basiclayer/pgfcoreexternal.code.tex... 0.10 sec)
(Processing definitions /usr/share/texlive/texmf-dist/tex/generic/pgf/basiclayer/pgfcorelayers.code.tex... 0.01 sec)
(Processing definitions /usr/share/texlive/texmf-dist/tex/generic/pgf/basiclayer/pgfcoretransparency.code.tex... 0.07 sec)
(Processing definitions /usr/share/texlive/texmf-dist/tex/generic/pgf/basiclayer/pgfcorepatterns.code.tex... 0.03 sec)
(Processing definitions /usr/share/texlive/texmf-dist/tex/generic/pgf/basiclayer/pgfcorerdf.code.tex... 0.01 sec) 5.12 sec) 6.17 sec)
(Processing definitions /usr/share/texlive/texmf-dist/tex/generic/pgf/modules/pgfmoduleshapes.code.tex... 0.24 sec)
(Processing definitions /usr/share/texlive/texmf-dist/tex/generic/pgf/modules/pgfmoduleplot.code.tex... 0.24 sec)
(Processing definitions /usr/share/texlive/texmf-dist/tex/latex/pgf/compatibility/pgfcomp-version-0-65.sty... 0.22 sec)
(Processing definitions /usr/share/texlive/texmf-dist/tex/latex/pgf/compatibility/pgfcomp-version-1-18.sty... 0.01 sec) 7.11 sec) 7.11 sec)
(Processing definitions /usr/share/texlive/texmf-dist/tex/latex/pgf/utilities/pgffor.sty...
(Processing definitions /usr/share/texlive/texmf-dist/tex/latex/pgf/utilities/pgfkeys.sty... 0.00 sec)
(Processing definitions /usr/share/texlive/texmf-dist/tex/latex/pgf/math/pgfmath.sty... 0.02 sec)
(Processing definitions /usr/share/texlive/texmf-dist/tex/generic/pgf/utilities/pgffor.code.tex... 0.17 sec) 0.21 sec)
(Processing definitions /usr/share/texlive/texmf-dist/tex/generic/pgf/frontendlayer/tikz/tikz.code.tex...
(Processing definitions /usr/share/texlive/texmf-dist/tex/generic/pgf/libraries/pgflibraryplothandlers.code.tex... 0.12 sec)
(Processing definitions /usr/share/texlive/texmf-dist/tex/generic/pgf/modules/pgfmodulematrix.code.tex... 0.05 sec)
(Processing definitions /usr/share/texlive/texmf-dist/tex/generic/pgf/frontendlayer/tikz/libraries/tikzlibrarytopaths.code.tex... 0.18 sec) 3.17 sec) 10.52 sec) 10.52 sec)
TIKZ LIBRARY mindmap
(Processing definitions /usr/share/texlive/texmf-dist/tex/generic/pgf/frontendlayer/tikz/libraries/tikzlibrarymindmap.code.tex...
TIKZ LIBRARY trees
(Processing definitions /usr/share/texlive/texmf-dist/tex/generic/pgf/frontendlayer/tikz/libraries/tikzlibrarytrees.code.tex... 0.09 sec)
TIKZ LIBRARY decorations
(Processing definitions /usr/share/texlive/texmf-dist/tex/generic/pgf/frontendlayer/tikz/libraries/tikzlibrarydecorations.code.tex...
(Processing definitions /usr/share/texlive/texmf-dist/tex/generic/pgf/modules/pgfmoduledecorations.code.tex... 0.46 sec) 0.56 sec) 1.03 sec)
Warning:missing_file:tikzpagenodes Can't find binding for package tikzpagenodes
	at arxiv.tex; line 46 col 11 - line 46 col 11
	Anticipate undefined macros or environments
	In Core::Definition::Constructor[\usepac... /usr/share/perl5/LaTeXML/Package/LaTeX.pool.ltxml; line 879
Info:dependencies:dependencies Loading dependencies for /usr/share/texlive/texmf-dist/tex/latex/tikzpagenodes/tikzpagenodes.sty: ifoddpage
	at arxiv.tex; line 46 col 11 - line 46 col 11
(Loading /usr/share/perl5/LaTeXML/Package/mathabx.sty.ltxml... 0.02 sec)
(Loading /usr/share/perl5/LaTeXML/Package/appendix.sty.ltxml... 0.00 sec)
Warning:missing_file:math_notation Can't find binding for package math_notation
	at arxiv.tex; line 51 col 0 - line 51 col 1
	Anticipate undefined macros or environments
	In Core::Definition::Constructor[\usepac... /usr/share/perl5/LaTeXML/Package/LaTeX.pool.ltxml; line 879
Info:dependencies:dependencies Loading dependencies for /home/miri/Documents/university/DataLit/arXiv_src_fetcher/ICLR_2023_first100/-4DiyBMgv9m/math_notation.sty: pdfrender
	at arxiv.tex; line 51 col 0 - line 51 col 1
ABD: EveryShipout initializing macros
Error:undefined:\bY The token T_CS[\bY] is not defined.
	at arxiv.tex; line 124 col 186 - line 124 col 186
	Defining it now as <ltx:ERROR/>
	Next token is T_OTHER[=] ( == T_OTHER[=])
	In Core::Gullet[@0x5d55d4e7afc8] /home/miri/Documents/university/DataLit/arXiv_src_fetcher/ICLR_2023_first100/-4DiyBMgv9m/arxiv.tex; from line 124 col 188 to line 124 col 188
	 <= Core::Stomach[@0x5d55d25d1eb0] <= Core::Definition::Constructor[\@@BEGI... <= Core::Stomach[@0x5d55d25d1eb0] <= ...
Error:undefined:\bPi The token T_CS[\bPi] is not defined.
	at arxiv.tex; line 124 col 193 - line 124 col 193
	Defining it now as <ltx:ERROR/>
	Next token is T_SUPER[^] ( == T_SUPER[^])
	In Core::Gullet[@0x5d55d4e7afc8] /home/miri/Documents/university/DataLit/arXiv_src_fetcher/ICLR_2023_first100/-4DiyBMgv9m/arxiv.tex; from line 124 col 194 to line 124 col 194
	 <= Core::Stomach[@0x5d55d25d1eb0] <= Core::Definition::Constructor[\@@BEGI... <= Core::Stomach[@0x5d55d25d1eb0] <= ...
Error:undefined:\bX The token T_CS[\bX] is not defined.
	at arxiv.tex; line 124 col 207 - line 124 col 207
	Defining it now as <ltx:ERROR/>
	Next token is T_CS[\bB] ( == undef)
	In Core::Gullet[@0x5d55d4e7afc8] /home/miri/Documents/university/DataLit/arXiv_src_fetcher/ICLR_2023_first100/-4DiyBMgv9m/arxiv.tex; from line 124 col 210 to line 124 col 210
	 <= Core::Stomach[@0x5d55d25d1eb0] <= Core::Definition::Constructor[\@@BEGI... <= Core::Stomach[@0x5d55d25d1eb0] <= ...
Error:undefined:\bB The token T_CS[\bB] is not defined.
	at arxiv.tex; line 124 col 210 - line 124 col 210
	Defining it now as <ltx:ERROR/>
	Next token is T_SUPER[^] ( == T_SUPER[^])
	In Core::Gullet[@0x5d55d4e7afc8] /home/miri/Documents/university/DataLit/arXiv_src_fetcher/ICLR_2023_first100/-4DiyBMgv9m/arxiv.tex; from line 124 col 211 to line 124 col 211
	 <= Core::Stomach[@0x5d55d25d1eb0] <= Core::Definition::Constructor[\@@BEGI... <= Core::Stomach[@0x5d55d25d1eb0] <= ...
Error:undefined:\snr The token T_CS[\snr] is not defined.
	at arxiv.tex; line 128 col 413 - line 128 col 413
	Defining it now as <ltx:ERROR/>
	Next token is T_MATH[$] ( == T_MATH[$])
	In Core::Gullet[@0x5d55d4e7afc8] /home/miri/Documents/university/DataLit/arXiv_src_fetcher/ICLR_2023_first100/-4DiyBMgv9m/arxiv.tex; from line 128 col 414 to line 128 col 414
	 <= Core::Stomach[@0x5d55d25d1eb0] <= Core::Definition::Constructor[\@@BEGI... <= Core::Stomach[@0x5d55d25d1eb0] <= ...
Error:undefined:\bW The token T_CS[\bW] is not defined.
	at arxiv.tex; line 143 col 51 - line 143 col 51
	Defining it now as <ltx:ERROR/>
	Next token is T_OTHER[,] ( == T_OTHER[,])
	In Core::Gullet[@0x5d55d4e7afc8] /home/miri/Documents/university/DataLit/arXiv_src_fetcher/ICLR_2023_first100/-4DiyBMgv9m/arxiv.tex; from line 143 col 0 to line 143 col 52
	 <= Core::Stomach[@0x5d55d25d1eb0] <= Core::Definition::Constructor[\@@BEGI... <= Core::Stomach[@0x5d55d25d1eb0] <= ...
Error:undefined:\RR The token T_CS[\RR] is not defined.
	at arxiv.tex; line 145 col 17 - line 145 col 17
	Defining it now as <ltx:ERROR/>
	Next token is T_SUPER[^] ( == T_SUPER[^])
	In Core::Gullet[@0x5d55d4e7afc8] /home/miri/Documents/university/DataLit/arXiv_src_fetcher/ICLR_2023_first100/-4DiyBMgv9m/arxiv.tex; from line 145 col 18 to line 145 col 18
	 <= Core::Stomach[@0x5d55d25d1eb0] <= Core::Definition::Constructor[\@@BEGI... <= Core::Stomach[@0x5d55d25d1eb0] <= ...
Error:undefined:\OPrate The token T_CS[\OPrate] is not defined.
	at arxiv.tex; line 164 col 44 - line 164 col 44
	Defining it now as <ltx:ERROR/>
	Next token is T_BEGIN[{] ( == T_BEGIN[{])
	In Core::Gullet[@0x5d55d4e7afc8] /home/miri/Documents/university/DataLit/arXiv_src_fetcher/ICLR_2023_first100/-4DiyBMgv9m/arxiv.tex; from line 164 col 45 to line 164 col 45
	 <= Core::Stomach[@0x5d55d25d1eb0] <= Core::Definition::Constructor[\@@BEGI... <= Core::Stomach[@0x5d55d25d1eb0] <= ...
Error:undefined:\bE The token T_CS[\bE] is not defined.
	at arxiv.tex; line 171 col 34 - line 171 col 34
	Defining it now as <ltx:ERROR/>
	Next token is T_SUB[_] ( == T_SUB[_])
	In Core::Gullet[@0x5d55d4e7afc8] /home/miri/Documents/university/DataLit/arXiv_src_fetcher/ICLR_2023_first100/-4DiyBMgv9m/arxiv.tex; from line 171 col 35 to line 171 col 35
	 <= Core::Stomach[@0x5d55d25d1eb0] <= Core::Definition::Constructor[\@@BEGI... <= Core::Stomach[@0x5d55d25d1eb0] <= ...
Error:undefined:\asconverg The token T_CS[\asconverg] is not defined.
	at arxiv.tex; line 220 col 27 - line 220 col 27
	Defining it now as <ltx:ERROR/>
	Next token is T_LETTER[b] ( == T_LETTER[b])
	In Core::Gullet[@0x5d55d4e7afc8] /home/miri/Documents/university/DataLit/arXiv_src_fetcher/ICLR_2023_first100/-4DiyBMgv9m/arxiv.tex; from line 220 col 29 to line 220 col 29
	 <= Core::Stomach[@0x5d55d25d1eb0] <= Core::Definition::Constructor[\@@BEGI... <= Core::Stomach[@0x5d55d25d1eb0] <= ...
Error:undefined:\oprate The token T_CS[\oprate] is not defined.
	at arxiv.tex; line 226 col 18 - line 226 col 18
	Defining it now as <ltx:ERROR/>
	Next token is T_BEGIN[{] ( == T_BEGIN[{])
	In Core::Gullet[@0x5d55d4e7afc8] /home/miri/Documents/university/DataLit/arXiv_src_fetcher/ICLR_2023_first100/-4DiyBMgv9m/arxiv.tex; from line 226 col 19 to line 226 col 19
	 <= Core::Stomach[@0x5d55d25d1eb0] <= Core::Definition::Constructor[\@@BEGI... <= Core::Stomach[@0x5d55d25d1eb0] <= ...
Error:undefined:\la The token T_CS[\la] is not defined.
	at arxiv.tex; line 230 col 7 - line 230 col 7
	Defining it now as <ltx:ERROR/>
	Next token is T_CS[\cdot] ( == Core::Definition::Primitive[\cdot])
	In Core::Gullet[@0x5d55d4e7afc8] /home/miri/Documents/university/DataLit/arXiv_src_fetcher/ICLR_2023_first100/-4DiyBMgv9m/arxiv.tex; from line 230 col 13 to line 230 col 13
	 <= Core::Stomach[@0x5d55d25d1eb0] <= Core::Definition::Constructor[\@@BEGI... <= Core::Stomach[@0x5d55d25d1eb0] <= ...
Error:undefined:\ra The token T_CS[\ra] is not defined.
	at arxiv.tex; line 230 col 24 - line 230 col 24
	Defining it now as <ltx:ERROR/>
	Next token is T_MATH[$] ( == T_MATH[$])
	In Core::Gullet[@0x5d55d4e7afc8] /home/miri/Documents/university/DataLit/arXiv_src_fetcher/ICLR_2023_first100/-4DiyBMgv9m/arxiv.tex; from line 230 col 25 to line 230 col 25
	 <= Core::Stomach[@0x5d55d25d1eb0] <= Core::Definition::Constructor[\@@BEGI... <= Core::Stomach[@0x5d55d25d1eb0] <= ...
Error:undefined:\calP The token T_CS[\calP] is not defined.
	at arxiv.tex; line 232 col 17 - line 232 col 17
	Defining it now as <ltx:ERROR/>
	Next token is T_SUB[_] ( == T_SUB[_])
	In Core::Gullet[@0x5d55d4e7afc8] /home/miri/Documents/university/DataLit/arXiv_src_fetcher/ICLR_2023_first100/-4DiyBMgv9m/arxiv.tex; from line 232 col 18 to line 232 col 18
	 <= Core::Stomach[@0x5d55d25d1eb0] <= Core::Definition::Constructor[\@@BEGI... <= Core::Stomach[@0x5d55d25d1eb0] <= ...
Error:undefined:\defequal The token T_CS[\defequal] is not defined.
	at arxiv.tex; line 234 col 18 - line 234 col 18
	Defining it now as <ltx:ERROR/>
	Next token is T_CS[\{] ( == Core::Definition::Expandable[\{])
	In Core::Gullet[@0x5d55d4e7afc8] /home/miri/Documents/university/DataLit/arXiv_src_fetcher/ICLR_2023_first100/-4DiyBMgv9m/arxiv.tex; from line 234 col 21 to line 234 col 21
	 <= Core::Stomach[@0x5d55d25d1eb0] <= Core::Definition::Constructor[\@@BEGI... <= Core::Stomach[@0x5d55d25d1eb0] <= ...
Error:undefined:\Fnorm The token T_CS[\Fnorm] is not defined.
	at arxiv.tex; line 241 col 39 - line 241 col 39
	Defining it now as <ltx:ERROR/>
	Next token is T_BEGIN[{] ( == T_BEGIN[{]) more: \bB^{\natural}}^2
	In Core::Gullet[@0x5d55d4e7afc8] /home/miri/Documents/university/DataLit/arXiv_src_fetcher/ICLR_2023_first100/-4DiyBMgv9m/arxiv.tex; from line 241 col 39 to line 241 col 39
	 <= Core::Stomach[@0x5d55d25d1eb0] <= Core::Definition::Constructor[\frac I... <= Core::Stomach[@0x5d55d25d1eb0] <= ...
Error:undefined:\wh The token T_CS[\wh] is not defined.
	at arxiv.tex; line 254 col 3 - line 254 col 3
	Defining it now as <ltx:ERROR/>
	Next token is T_BEGIN[{] ( == T_BEGIN[{])
	In Core::Gullet[@0x5d55d4e7afc8] /home/miri/Documents/university/DataLit/arXiv_src_fetcher/ICLR_2023_first100/-4DiyBMgv9m/arxiv.tex; from line 254 col 4 to line 254 col 4
	 <= Core::Stomach[@0x5d55d25d1eb0] <= Core::Definition::Constructor[\@@BEGI... <= Core::Stomach[@0x5d55d25d1eb0] <= ...
Error:undefined:\argmin The token T_CS[\argmin] is not defined.
	at arxiv.tex; line 255 col 7 - line 255 col 7
	Defining it now as <ltx:ERROR/>
	Next token is T_SUB[_] ( == T_SUB[_])
	In Core::Gullet[@0x5d55d4e7afc8] /home/miri/Documents/university/DataLit/arXiv_src_fetcher/ICLR_2023_first100/-4DiyBMgv9m/arxiv.tex; from line 255 col 8 to line 255 col 8
	 <= Core::Stomach[@0x5d55d25d1eb0] <= Core::Definition::Constructor[\@@BEGI... <= Core::Stomach[@0x5d55d25d1eb0] <= ...
Error:unexpected:\endgroup Attempt to close non-boxing group
	at arxiv.tex; line 257 col 0 - line 257 col 11
	current frame is boxing group due to T_CS[\@hidden@bgroup] arxiv.tex; line 252 col 0 - line 252 col 13
	In Core::Stomach[@0x5d55d25d1eb0] /home/miri/Documents/university/DataLit/arXiv_src_fetcher/ICLR_2023_first100/-4DiyBMgv9m/arxiv.tex; from line 257 col 0 to line 257 col 11
	 <= Core::Definition::Primitive[\endgroup] <= Core::Stomach[@0x5d55d25d1eb0] <= Core::Definition::Constructor[\@hidde... <= ...
Error:undefined:\nfrac The token T_CS[\nfrac] is not defined.
	at arxiv.tex; line 265 col 22 - line 265 col 22
	Defining it now as <ltx:ERROR/>
	Next token is T_BEGIN[{] ( == T_BEGIN[{])
	In Core::Gullet[@0x5d55d4e7afc8] /home/miri/Documents/university/DataLit/arXiv_src_fetcher/ICLR_2023_first100/-4DiyBMgv9m/arxiv.tex; from line 265 col 23 to line 265 col 23
	 <= Core::Stomach[@0x5d55d25d1eb0] <= Core::Definition::Constructor[\@@BEGI... <= Core::Stomach[@0x5d55d25d1eb0] <= ...
Error:undefined:\Ind The token T_CS[\Ind] is not defined.
	at arxiv.tex; line 265 col 43 - line 265 col 43
	Defining it now as <ltx:ERROR/>
	Next token is T_CS[\big] ( == Core::Definition::Constructor[\big {}])
	In Core::Gullet[@0x5d55d4e7afc8] /home/miri/Documents/university/DataLit/arXiv_src_fetcher/ICLR_2023_first100/-4DiyBMgv9m/arxiv.tex; from line 265 col 47 to line 265 col 47
	 <= Core::Stomach[@0x5d55d25d1eb0] <= Core::Definition::Constructor[\@@BEGI... <= Core::Stomach[@0x5d55d25d1eb0] <= ...
Error:unexpected:\endgroup Attempt to close non-boxing group
	at arxiv.tex; line 267 col 0 - line 267 col 11
	current frame is boxing group due to T_CS[\@hidden@bgroup] arxiv.tex; line 263 col 0 - line 263 col 13
	In Core::Stomach[@0x5d55d25d1eb0] /home/miri/Documents/university/DataLit/arXiv_src_fetcher/ICLR_2023_first100/-4DiyBMgv9m/arxiv.tex; from line 267 col 0 to line 267 col 11
	 <= Core::Definition::Primitive[\endgroup] <= Core::Stomach[@0x5d55d25d1eb0] <= Core::Definition::Constructor[\@hidde... <= ...
Error:undefined:\argmax The token T_CS[\argmax] is not defined.
	at arxiv.tex; line 279 col 33 - line 279 col 33
	Defining it now as <ltx:ERROR/>
	Next token is T_SUB[_] ( == T_SUB[_])
	In Core::Gullet[@0x5d55d4e7afc8] /home/miri/Documents/university/DataLit/arXiv_src_fetcher/ICLR_2023_first100/-4DiyBMgv9m/arxiv.tex; from line 279 col 34 to line 279 col 34
	 <= Core::Stomach[@0x5d55d25d1eb0] <= Core::Definition::Constructor[\@@BEGI... <= Core::Stomach[@0x5d55d25d1eb0] <= ...
Error:undefined:\bracket The token T_CS[\bracket] is not defined.
	at arxiv.tex; line 362 col 27 - line 362 col 27
	Defining it now as <ltx:ERROR/>
	Next token is T_BEGIN[{] ( == T_BEGIN[{])
	In Core::Gullet[@0x5d55d4e7afc8] /home/miri/Documents/university/DataLit/arXiv_src_fetcher/ICLR_2023_first100/-4DiyBMgv9m/arxiv.tex; from line 362 col 28 to line 362 col 28
	 <= Core::Stomach[@0x5d55d25d1eb0] <= Core::Definition::Constructor[\@@BEGI... <= Core::Stomach[@0x5d55d25d1eb0] <= ...
Error:undefined:\Prob The token T_CS[\Prob] is not defined.
	at arxiv.tex; line 366 col 6 - line 366 col 6
	Defining it now as <ltx:ERROR/>
	Next token is T_OTHER[(] ( == T_OTHER[(])
	In Core::Gullet[@0x5d55d4e7afc8] /home/miri/Documents/university/DataLit/arXiv_src_fetcher/ICLR_2023_first100/-4DiyBMgv9m/arxiv.tex; from line 366 col 7 to line 366 col 7
	 <= Core::Stomach[@0x5d55d25d1eb0] <= Core::Definition::Constructor[\@@BEGI... <= Core::Stomach[@0x5d55d25d1eb0] <= ...
Error:undefined:\set The token T_CS[\set] is not defined.
	at arxiv.tex; line 400 col 106 - line 400 col 106
	Defining it now as <ltx:ERROR/>
	Next token is T_BEGIN[{] ( == T_BEGIN[{])
	In Core::Gullet[@0x5d55d4e7afc8] /home/miri/Documents/university/DataLit/arXiv_src_fetcher/ICLR_2023_first100/-4DiyBMgv9m/arxiv.tex; from line 400 col 107 to line 400 col 107
	 <= Core::Stomach[@0x5d55d25d1eb0] <= Core::Definition::Constructor[\@@BEGI... <= Core::Stomach[@0x5d55d25d1eb0] <= ...
Error:undefined:\Bracket The token T_CS[\Bracket] is not defined.
	at arxiv.tex; line 505 col 12 - line 505 col 12
	Defining it now as <ltx:ERROR/>
	Next token is T_BEGIN[{] ( == T_BEGIN[{])
	In Core::Gullet[@0x5d55d4e7afc8] /home/miri/Documents/university/DataLit/arXiv_src_fetcher/ICLR_2023_first100/-4DiyBMgv9m/arxiv.tex; from line 505 col 13 to line 505 col 13
	 <= Core::Stomach[@0x5d55d25d1eb0] <= Core::Definition::Constructor[\@@BEGI... <= Core::Stomach[@0x5d55d25d1eb0] <= ...
Error:undefined:\Expc The token T_CS[\Expc] is not defined.
	at arxiv.tex; line 505 col 31 - line 505 col 31
	Defining it now as <ltx:ERROR/>
	Next token is T_LETTER[e] ( == T_LETTER[e])
	In Core::Gullet[@0x5d55d4e7afc8] /home/miri/Documents/university/DataLit/arXiv_src_fetcher/ICLR_2023_first100/-4DiyBMgv9m/arxiv.tex; from line 505 col 33 to line 505 col 33
	 <= Core::Stomach[@0x5d55d25d1eb0] <= Core::Definition::Primitive[Begin] <= Core::Stomach[@0x5d55d25d1eb0] <= ...
Error:undefined:\rmt The token T_CS[\rmt] is not defined.
	at arxiv.tex; line 569 col 71 - line 569 col 71
	Defining it now as <ltx:ERROR/>
	Next token is T_END[}] ( == T_END[}])
	In Core::Gullet[@0x5d55d4e7afc8] /home/miri/Documents/university/DataLit/arXiv_src_fetcher/ICLR_2023_first100/-4DiyBMgv9m/arxiv.tex; from line 569 col 72 to line 569 col 72
	 <= Core::Stomach[@0x5d55d25d1eb0] <= Core::Definition::Primitive[Begin] <= Core::Stomach[@0x5d55d25d1eb0] <= ...
Error:undefined:\St The token T_CS[\St] is not defined.
	at arxiv.tex; line 569 col 91 - line 569 col 91
	Defining it now as <ltx:ERROR/>
	Next token is T_ACTIVE[~] ( == Core::Definition::Expandable[~])
	In Core::Gullet[@0x5d55d4e7afc8] /home/miri/Documents/university/DataLit/arXiv_src_fetcher/ICLR_2023_first100/-4DiyBMgv9m/arxiv.tex; from line 569 col 92 to line 569 col 92
	 <= Core::Stomach[@0x5d55d25d1eb0] <= Core::Definition::Constructor[\@@BEGI... <= Core::Stomach[@0x5d55d25d1eb0] <= ...
Error:unexpected:\endgroup Attempt to close non-boxing group
	at arxiv.tex; line 570 col 0 - line 570 col 11
	current frame is boxing group due to T_CS[\@hidden@bgroup] arxiv.tex; line 567 col 0 - line 567 col 13
	In Core::Stomach[@0x5d55d25d1eb0] /home/miri/Documents/university/DataLit/arXiv_src_fetcher/ICLR_2023_first100/-4DiyBMgv9m/arxiv.tex; from line 570 col 0 to line 570 col 11
	 <= Core::Definition::Primitive[\endgroup] <= Core::Stomach[@0x5d55d25d1eb0] <= Core::Definition::Constructor[\@hidde... <= ...
Error:undefined:\bx The token T_CS[\bx] is not defined.
	at arxiv.tex; line 591 col 9 - line 591 col 9
	Defining it now as <ltx:ERROR/>
	Next token is T_SUPER[^] ( == T_SUPER[^])
	In Core::Gullet[@0x5d55d4e7afc8] /home/miri/Documents/university/DataLit/arXiv_src_fetcher/ICLR_2023_first100/-4DiyBMgv9m/arxiv.tex; from line 591 col 10 to line 591 col 10
	 <= Core::Stomach[@0x5d55d25d1eb0] <= Core::Definition::Constructor[\@@BEGI... <= Core::Stomach[@0x5d55d25d1eb0] <= ...
Error:undefined:\by The token T_CS[\by] is not defined.
	at arxiv.tex; line 592 col 51 - line 592 col 51
	Defining it now as <ltx:ERROR/>
	Next token is T_END[}] ( == T_END[}])
	In Core::Gullet[@0x5d55d4e7afc8] /home/miri/Documents/university/DataLit/arXiv_src_fetcher/ICLR_2023_first100/-4DiyBMgv9m/arxiv.tex; from line 592 col 0 to line 592 col 52
	 <= Core::Stomach[@0x5d55d25d1eb0] <= Core::Definition::Primitive[Begin] <= Core::Stomach[@0x5d55d25d1eb0] <= ...
Error:undefined:\bw The token T_CS[\bw] is not defined.
	at arxiv.tex; line 593 col 12 - line 593 col 12
	Defining it now as <ltx:ERROR/>
	Next token is T_CS[\bB] ( == Core::Definition::Constructor[\bB])
	In Core::Gullet[@0x5d55d4e7afc8] /home/miri/Documents/university/DataLit/arXiv_src_fetcher/ICLR_2023_first100/-4DiyBMgv9m/arxiv.tex; from line 593 col 16 to line 593 col 16
	 <= Core::Stomach[@0x5d55d25d1eb0] <= Core::Definition::Constructor[\@@BEGI... <= Core::Stomach[@0x5d55d25d1eb0] <= ...
Error:unexpected:\endgroup Attempt to close non-boxing group
	at arxiv.tex; line 594 col 0 - line 594 col 11
	current frame is boxing group due to T_CS[\@hidden@bgroup] arxiv.tex; line 589 col 0 - line 589 col 13
	In Core::Stomach[@0x5d55d25d1eb0] /home/miri/Documents/university/DataLit/arXiv_src_fetcher/ICLR_2023_first100/-4DiyBMgv9m/arxiv.tex; from line 594 col 0 to line 594 col 11
	 <= Core::Definition::Primitive[\endgroup] <= Core::Stomach[@0x5d55d25d1eb0] <= Core::Definition::Constructor[\@hidde... <= ...
Error:undefined:\normdist The token T_CS[\normdist] is not defined.
	at arxiv.tex; line 595 col 56 - line 595 col 56
	Defining it now as <ltx:ERROR/>
	Next token is T_OTHER[(] ( == T_OTHER[(])
	In Core::Gullet[@0x5d55d4e7afc8] /home/miri/Documents/university/DataLit/arXiv_src_fetcher/ICLR_2023_first100/-4DiyBMgv9m/arxiv.tex; from line 595 col 57 to line 595 col 57
	 <= Core::Stomach[@0x5d55d25d1eb0] <= Core::Definition::Constructor[\@@BEGI... <= Core::Stomach[@0x5d55d25d1eb0] <= ...
Error:undefined:\bZero The token T_CS[\bZero] is not defined.
	at arxiv.tex; line 595 col 63 - line 595 col 63
	Defining it now as <ltx:ERROR/>
	Next token is T_OTHER[,] ( == T_OTHER[,])
	In Core::Gullet[@0x5d55d4e7afc8] /home/miri/Documents/university/DataLit/arXiv_src_fetcher/ICLR_2023_first100/-4DiyBMgv9m/arxiv.tex; from line 595 col 64 to line 595 col 64
	 <= Core::Stomach[@0x5d55d25d1eb0] <= Core::Definition::Constructor[\@@BEGI... <= Core::Stomach[@0x5d55d25d1eb0] <= ...
Error:undefined:\bI The token T_CS[\bI] is not defined.
	at arxiv.tex; line 595 col 68 - line 595 col 68
	Defining it now as <ltx:ERROR/>
	Next token is T_SUB[_] ( == T_SUB[_])
	In Core::Gullet[@0x5d55d4e7afc8] /home/miri/Documents/university/DataLit/arXiv_src_fetcher/ICLR_2023_first100/-4DiyBMgv9m/arxiv.tex; from line 595 col 69 to line 595 col 69
	 <= Core::Stomach[@0x5d55d25d1eb0] <= Core::Definition::Constructor[\@@BEGI... <= Core::Stomach[@0x5d55d25d1eb0] <= ...
Error:undefined:\rank The token T_CS[\rank] is not defined.
	at arxiv.tex; line 635 col 18 - line 635 col 18
	Defining it now as <ltx:ERROR/>
	Next token is T_OTHER[(] ( == T_OTHER[(])
	In Core::Gullet[@0x5d55d4e7afc8] /home/miri/Documents/university/DataLit/arXiv_src_fetcher/ICLR_2023_first100/-4DiyBMgv9m/arxiv.tex; from line 635 col 19 to line 635 col 19
	 <= Core::Stomach[@0x5d55d25d1eb0] <= Core::Definition::Primitive[Begin] <= Core::Stomach[@0x5d55d25d1eb0] <= ...
Error:undefined:\bXi The token T_CS[\bXi] is not defined.
	at arxiv.tex; line 653 col 10 - line 653 col 10
	Defining it now as <ltx:ERROR/>
	Next token is T_MATH[$] ( == T_MATH[$])
	In Core::Gullet[@0x5d55d4e7afc8] /home/miri/Documents/university/DataLit/arXiv_src_fetcher/ICLR_2023_first100/-4DiyBMgv9m/arxiv.tex; from line 653 col 11 to line 653 col 11
	 <= Core::Stomach[@0x5d55d25d1eb0] <= Core::Definition::Constructor[\@@BEGI... <= Core::Stomach[@0x5d55d25d1eb0] <= ...
Error:misdefined:& The token T_ALIGN[&] should never reach Stomach!
	at arxiv.tex; line 662 col 25 - line 662 col 25
	In Core::Stomach[@0x5d55d25d1eb0] /home/miri/Documents/university/DataLit/arXiv_src_fetcher/ICLR_2023_first100/-4DiyBMgv9m/arxiv.tex; from line 662 col 25 to line 662 col 25
	 <= Core::Definition::Constructor[\@hidde... <= Core::Stomach[@0x5d55d25d1eb0] <= ...
Error:undefined:\cirone The token T_CS[\cirone] is not defined.
	at arxiv.tex; line 670 col 21 - line 670 col 21
	Defining it now as <ltx:ERROR/>
	Next token is T_END[}] ( == T_END[}])
	In Core::Gullet[@0x5d55d4e7afc8] /home/miri/Documents/university/DataLit/arXiv_src_fetcher/ICLR_2023_first100/-4DiyBMgv9m/arxiv.tex; from line 670 col 21 to line 670 col 21
	 <= Core::Stomach[@0x5d55d25d1eb0] <= Core::Definition::Primitive[Begin] <= Core::Stomach[@0x5d55d25d1eb0] <= ...
Error:undefined:\cirtwo The token T_CS[\cirtwo] is not defined.
	at arxiv.tex; line 672 col 21 - line 672 col 21
	Defining it now as <ltx:ERROR/>
	Next token is T_END[}] ( == T_END[}])
	In Core::Gullet[@0x5d55d4e7afc8] /home/miri/Documents/university/DataLit/arXiv_src_fetcher/ICLR_2023_first100/-4DiyBMgv9m/arxiv.tex; from line 672 col 21 to line 672 col 21
	 <= Core::Stomach[@0x5d55d25d1eb0] <= Core::Definition::Primitive[Begin] <= Core::Stomach[@0x5d55d25d1eb0] <= ...
Error:misdefined:& The token T_ALIGN[&] should never reach Stomach!
	at arxiv.tex; line 709 col 0 - line 709 col 6
	In Core::Stomach[@0x5d55d25d1eb0] /home/miri/Documents/university/DataLit/arXiv_src_fetcher/ICLR_2023_first100/-4DiyBMgv9m/arxiv.tex; from line 709 col 0 to line 709 col 6
	 <= Core::Definition::Constructor[\@hidde... <= Core::Stomach[@0x5d55d25d1eb0] <= ...
Error:undefined:\wt The token T_CS[\wt] is not defined.
	at arxiv.tex; line 715 col 36 - line 715 col 36
	Defining it now as <ltx:ERROR/>
	Next token is T_BEGIN[{] ( == T_BEGIN[{])
	In Core::Gullet[@0x5d55d4e7afc8] /home/miri/Documents/university/DataLit/arXiv_src_fetcher/ICLR_2023_first100/-4DiyBMgv9m/arxiv.tex; from line 715 col 37 to line 715 col 37
	 <= Core::Stomach[@0x5d55d25d1eb0] <= Core::Definition::Constructor[\@@BEGI... <= Core::Stomach[@0x5d55d25d1eb0] <= ...
Error:undefined:\Var The token T_CS[\Var] is not defined.
	at arxiv.tex; line 813 col 63 - line 813 col 63
	Defining it now as <ltx:ERROR/>
	Next token is T_CS[\Xi] ( == Core::Definition::Primitive[\Xi])
	In Core::Gullet[@0x5d55d4e7afc8] /home/miri/Documents/university/DataLit/arXiv_src_fetcher/ICLR_2023_first100/-4DiyBMgv9m/arxiv.tex; from line 813 col 67 to line 813 col 67
	 <= Core::Stomach[@0x5d55d25d1eb0] <= Core::Definition::Constructor[\@@BEGI... <= Core::Stomach[@0x5d55d25d1eb0] <= ...
Error:undefined:\iid The token T_CS[\iid] is not defined.
	at arxiv.tex; line 896 col 0 - line 896 col 34
	Defining it now as <ltx:ERROR/>
	Next token is T_CS[\normdist] ( == Core::Definition::Constructor[\normdist]) more: (0, 1)$ and
\textbf{Unif} refers to $\bX_{ij}\iid\textup{Unif}[-1, 1]$.
\textbf{P} denotes the predicted value and
\textbf{S} denotes the simulated value (i.e., $\textup{mean}\pm\textup{std}$).
\textbf{S} corresponds to
the $\snr$ when the error rate drops below $0.05$.
Averaged over $20$ repetitions.
\vspace{0.1in}\label{tab:snr_subgauss_threshold}\else\fi}}
	In Core::Gullet[@0x5d55d4e7afc8] /home/miri/Documents/university/DataLit/arXiv_src_fetcher/ICLR_2023_first100/-4DiyBMgv9m/arxiv.tex; from line 896 col 0 to line 896 col 34
	 <= Core::Stomach[@0x5d55d25d1eb0] <= Core::Definition::Constructor[\@@BEGI... <= Core::Stomach[@0x5d55d25d1eb0] <= ...
Error:misdefined:& The token T_ALIGN[&] should never reach Stomach!
	at arxiv.tex; line 955 col 8 - line 955 col 8
	In Core::Stomach[@0x5d55d25d1eb0] /home/miri/Documents/university/DataLit/arXiv_src_fetcher/ICLR_2023_first100/-4DiyBMgv9m/arxiv.tex; from line 955 col 8 to line 955 col 8
	 <= Core::Definition::Constructor[\@hidde... <= Core::Stomach[@0x5d55d25d1eb0] <= ...
Error:misdefined:& The token T_ALIGN[&] should never reach Stomach!
	at arxiv.tex; line 988 col 18 - line 988 col 18
	In Core::Stomach[@0x5d55d25d1eb0] /home/miri/Documents/university/DataLit/arXiv_src_fetcher/ICLR_2023_first100/-4DiyBMgv9m/arxiv.tex; from line 988 col 18 to line 988 col 18
	 <= Core::Definition::Constructor[\@hidde... <= Core::Stomach[@0x5d55d25d1eb0] <= ...
Error:misdefined:& The token T_ALIGN[&] should never reach Stomach!
	at arxiv.tex; line 1008 col 15 - line 1008 col 15
	In Core::Stomach[@0x5d55d25d1eb0] /home/miri/Documents/university/DataLit/arXiv_src_fetcher/ICLR_2023_first100/-4DiyBMgv9m/arxiv.tex; from line 1008 col 15 to line 1008 col 15
	 <= Core::Definition::Constructor[\@hidde... <= Core::Stomach[@0x5d55d25d1eb0] <= ...
Error:undefined:\bSigma The token T_CS[\bSigma] is not defined.
	at arxiv.tex; line 1043 col 19 - line 1043 col 19
	Defining it now as <ltx:ERROR/>
	Next token is T_MATH[$] ( == T_MATH[$])
	In Core::Gullet[@0x5d55d4e7afc8] /home/miri/Documents/university/DataLit/arXiv_src_fetcher/ICLR_2023_first100/-4DiyBMgv9m/arxiv.tex; from line 1043 col 20 to line 1043 col 20
	 <= Core::Stomach[@0x5d55d25d1eb0] <= Core::Definition::Constructor[\@@BEGI... <= Core::Stomach[@0x5d55d25d1eb0] <= ...
Error:undefined:\bDelta The token T_CS[\bDelta] is not defined.
	at arxiv.tex; line 1045 col 8 - line 1045 col 8
	Defining it now as <ltx:ERROR/>
	Next token is T_MATH[$] ( == T_MATH[$])
	In Core::Gullet[@0x5d55d4e7afc8] /home/miri/Documents/university/DataLit/arXiv_src_fetcher/ICLR_2023_first100/-4DiyBMgv9m/arxiv.tex; from line 1045 col 9 to line 1045 col 9
	 <= Core::Stomach[@0x5d55d25d1eb0] <= Core::Definition::Constructor[\@@BEGI... <= Core::Stomach[@0x5d55d25d1eb0] <= ...
Error:misdefined:& The token T_ALIGN[&] should never reach Stomach!
	at arxiv.tex; line 1080 col 9 - line 1080 col 9
	In Core::Stomach[@0x5d55d25d1eb0] /home/miri/Documents/university/DataLit/arXiv_src_fetcher/ICLR_2023_first100/-4DiyBMgv9m/arxiv.tex; from line 1080 col 9 to line 1080 col 9
	 <= Core::Definition::Constructor[\@hidde... <= Core::Stomach[@0x5d55d25d1eb0] <= ...
Error:undefined:\trace The token T_CS[\trace] is not defined.
	at arxiv.tex; line 1080 col 86 - line 1080 col 86
	Defining it now as <ltx:ERROR/>
	Next token is T_OTHER[(] ( == T_OTHER[(])
	In Core::Gullet[@0x5d55d4e7afc8] /home/miri/Documents/university/DataLit/arXiv_src_fetcher/ICLR_2023_first100/-4DiyBMgv9m/arxiv.tex; from line 1080 col 87 to line 1080 col 87
	 <= Core::Stomach[@0x5d55d25d1eb0] <= Core::Definition::Primitive[Begin] <= Core::Stomach[@0x5d55d25d1eb0] <= ...
Error:undefined:\bM The token T_CS[\bM] is not defined.
	at arxiv.tex; line 1080 col 90 - line 1080 col 90
	Defining it now as <ltx:ERROR/>
	Next token is T_OTHER[)] ( == T_OTHER[)])
	In Core::Gullet[@0x5d55d4e7afc8] /home/miri/Documents/university/DataLit/arXiv_src_fetcher/ICLR_2023_first100/-4DiyBMgv9m/arxiv.tex; from line 1080 col 91 to line 1080 col 91
	 <= Core::Stomach[@0x5d55d25d1eb0] <= Core::Definition::Primitive[Begin] <= Core::Stomach[@0x5d55d25d1eb0] <= ...
Error:misdefined:& The token T_ALIGN[&] should never reach Stomach!
	at arxiv.tex; line 1119 col 0 - line 1119 col 18
	In Core::Stomach[@0x5d55d25d1eb0] /home/miri/Documents/university/DataLit/arXiv_src_fetcher/ICLR_2023_first100/-4DiyBMgv9m/arxiv.tex; from line 1119 col 0 to line 1119 col 18
	 <= Core::Definition::Constructor[\@hidde... <= Core::Stomach[@0x5d55d25d1eb0] <= ...
Error:undefined:\diag The token T_CS[\diag] is not defined.
	at arxiv.tex; line 1185 col 26 - line 1185 col 26
	Defining it now as <ltx:ERROR/>
	Next token is T_CS[\set] ( == Core::Definition::Constructor[\set]) more: {1, \cdots, 1, 0.5, \cdots, 0.5}$. We observe that the
correct recovery rates drop sharply within the
regions of our predicted value.
\label{fig:nonoracle_snr}\else\fi}}
	In Core::Gullet[@0x5d55d4e7afc8] /home/miri/Documents/university/DataLit/arXiv_src_fetcher/ICLR_2023_first100/-4DiyBMgv9m/arxiv.tex; from line 1185 col 26 to line 1185 col 26
	 <= Core::Stomach[@0x5d55d25d1eb0] <= Core::Definition::Constructor[\@@BEGI... <= Core::Stomach[@0x5d55d25d1eb0] <= ...
Error:misdefined:& The token T_ALIGN[&] should never reach Stomach!
	at arxiv.tex; line 1210 col 8 - line 1210 col 8
	In Core::Stomach[@0x5d55d25d1eb0] /home/miri/Documents/university/DataLit/arXiv_src_fetcher/ICLR_2023_first100/-4DiyBMgv9m/arxiv.tex; from line 1210 col 8 to line 1210 col 8
	 <= Core::Definition::Constructor[\@hidde... <= Core::Stomach[@0x5d55d25d1eb0] <= ...
Info:expected:refs_scholar Couldn't find all bib files, using arxiv.bbl instead
	at arxiv.tex; line 1265 col 0 - line 1265 col 27
(Processing content /home/miri/Documents/university/DataLit/arXiv_src_fetcher/ICLR_2023_first100/-4DiyBMgv9m/arxiv.bbl... 0.79 sec)
Error:undefined:\abs The token T_CS[\abs] is not defined.
	at arxiv.tex; line 1294 col 0 - line 1294 col 33
	Defining it now as <ltx:ERROR/>
	Next token is T_BEGIN[{] ( == T_BEGIN[{]) more: l-r} > \varepsilon$\ \algorithmicdo\ALC@com{default}\begin{ALC@whl}
	In Core::Gullet[@0x5d55d4e7afc8] /home/miri/Documents/university/DataLit/arXiv_src_fetcher/ICLR_2023_first100/-4DiyBMgv9m/arxiv.tex; from line 1294 col 0 to line 1294 col 33
	 <= Core::Stomach[@0x5d55d25d1eb0] <= Core::Definition::Constructor[\@@BEGI... <= Core::Stomach[@0x5d55d25d1eb0] <= ...
Error:undefined:\calS The token T_CS[\calS] is not defined.
	at arxiv.tex; line 1392 col 32 - line 1392 col 32
	Defining it now as <ltx:ERROR/>
	Next token is T_OTHER[,] ( == T_OTHER[,])
	In Core::Gullet[@0x5d55d4e7afc8] /home/miri/Documents/university/DataLit/arXiv_src_fetcher/ICLR_2023_first100/-4DiyBMgv9m/arxiv.tex; from line 1392 col 33 to line 1392 col 33
	 <= Core::Stomach[@0x5d55d25d1eb0] <= Core::Definition::Constructor[\@@BEGI... <= Core::Stomach[@0x5d55d25d1eb0] <= ...
Error:undefined:\calD The token T_CS[\calD] is not defined.
	at arxiv.tex; line 1392 col 39 - line 1392 col 39
	Defining it now as <ltx:ERROR/>
	Next token is T_MATH[$] ( == T_MATH[$])
	In Core::Gullet[@0x5d55d4e7afc8] /home/miri/Documents/university/DataLit/arXiv_src_fetcher/ICLR_2023_first100/-4DiyBMgv9m/arxiv.tex; from line 1392 col 40 to line 1392 col 40
	 <= Core::Stomach[@0x5d55d25d1eb0] <= Core::Definition::Constructor[\@@BEGI... <= Core::Stomach[@0x5d55d25d1eb0] <= ...
Error:misdefined:& The token T_ALIGN[&] should never reach Stomach!
	at arxiv.tex; line 1410 col 3 - line 1410 col 3
	In Core::Stomach[@0x5d55d25d1eb0] /home/miri/Documents/university/DataLit/arXiv_src_fetcher/ICLR_2023_first100/-4DiyBMgv9m/arxiv.tex; from line 1410 col 3 to line 1410 col 3
	 <= Core::Definition::Constructor[\@hidde... <= Core::Stomach[@0x5d55d25d1eb0] <= ...
Error:misdefined:& The token T_ALIGN[&] should never reach Stomach!
	at arxiv.tex; line 1426 col 3 - line 1426 col 3
	In Core::Stomach[@0x5d55d25d1eb0] /home/miri/Documents/university/DataLit/arXiv_src_fetcher/ICLR_2023_first100/-4DiyBMgv9m/arxiv.tex; from line 1426 col 3 to line 1426 col 3
	 <= Core::Definition::Constructor[\@hidde... <= Core::Stomach[@0x5d55d25d1eb0] <= ...
Error:misdefined:& The token T_ALIGN[&] should never reach Stomach!
	at arxiv.tex; line 1449 col 0 - line 1449 col 20
	In Core::Stomach[@0x5d55d25d1eb0] /home/miri/Documents/university/DataLit/arXiv_src_fetcher/ICLR_2023_first100/-4DiyBMgv9m/arxiv.tex; from line 1449 col 0 to line 1449 col 20
	 <= Core::Definition::Constructor[\@hidde... <= Core::Stomach[@0x5d55d25d1eb0] <= ...
Error:misdefined:& The token T_ALIGN[&] should never reach Stomach!
	at arxiv.tex; line 1466 col 9 - line 1466 col 9
	In Core::Stomach[@0x5d55d25d1eb0] /home/miri/Documents/university/DataLit/arXiv_src_fetcher/ICLR_2023_first100/-4DiyBMgv9m/arxiv.tex; from line 1466 col 9 to line 1466 col 9
	 <= Core::Definition::Constructor[\@hidde... <= Core::Stomach[@0x5d55d25d1eb0] <= ...
Error:misdefined:& The token T_ALIGN[&] should never reach Stomach!
	at arxiv.tex; line 1489 col 3 - line 1489 col 3
	In Core::Stomach[@0x5d55d25d1eb0] /home/miri/Documents/university/DataLit/arXiv_src_fetcher/ICLR_2023_first100/-4DiyBMgv9m/arxiv.tex; from line 1489 col 3 to line 1489 col 3
	 <= Core::Definition::Constructor[\@hidde... <= Core::Stomach[@0x5d55d25d1eb0] <= ...
Error:misdefined:& The token T_ALIGN[&] should never reach Stomach!
	at arxiv.tex; line 1500 col 3 - line 1500 col 3
	In Core::Stomach[@0x5d55d25d1eb0] /home/miri/Documents/university/DataLit/arXiv_src_fetcher/ICLR_2023_first100/-4DiyBMgv9m/arxiv.tex; from line 1500 col 3 to line 1500 col 3
	 <= Core::Definition::Constructor[\@hidde... <= Core::Stomach[@0x5d55d25d1eb0] <= ...
Error:misdefined:& The token T_ALIGN[&] should never reach Stomach!
	at arxiv.tex; line 1529 col 1 - line 1529 col 1
	In Core::Stomach[@0x5d55d25d1eb0] /home/miri/Documents/university/DataLit/arXiv_src_fetcher/ICLR_2023_first100/-4DiyBMgv9m/arxiv.tex; from line 1529 col 1 to line 1529 col 1
	 <= Core::Definition::Constructor[$$] <= Core::Stomach[@0x5d55d25d1eb0] <= Core::Definition::Constructor[\begin{... <= ...
Error:misdefined:& The token T_ALIGN[&] should never reach Stomach!
	at arxiv.tex; line 1547 col 0 - line 1547 col 3
	In Core::Stomach[@0x5d55d25d1eb0] /home/miri/Documents/university/DataLit/arXiv_src_fetcher/ICLR_2023_first100/-4DiyBMgv9m/arxiv.tex; from line 1547 col 0 to line 1547 col 3
	 <= Core::Definition::Constructor[\@hidde... <= Core::Stomach[@0x5d55d25d1eb0] <= ...
Error:misdefined:& The token T_ALIGN[&] should never reach Stomach!
	at arxiv.tex; line 1562 col 23 - line 1562 col 23
	In Core::Stomach[@0x5d55d25d1eb0] /home/miri/Documents/university/DataLit/arXiv_src_fetcher/ICLR_2023_first100/-4DiyBMgv9m/arxiv.tex; from line 1562 col 23 to line 1562 col 23
	 <= Core::Definition::Constructor[\@hidde... <= Core::Stomach[@0x5d55d25d1eb0] <= ...
Error:misdefined:& The token T_ALIGN[&] should never reach Stomach!
	at arxiv.tex; line 1589 col 1 - line 1589 col 1
	In Core::Stomach[@0x5d55d25d1eb0] /home/miri/Documents/university/DataLit/arXiv_src_fetcher/ICLR_2023_first100/-4DiyBMgv9m/arxiv.tex; from line 1589 col 1 to line 1589 col 1
	 <= Core::Definition::Constructor[$$] <= Core::Stomach[@0x5d55d25d1eb0] <= Core::Definition::Constructor[\begin{... <= ...
Error:misdefined:& The token T_ALIGN[&] should never reach Stomach!
	at arxiv.tex; line 1604 col 0 - line 1604 col 19
	In Core::Stomach[@0x5d55d25d1eb0] /home/miri/Documents/university/DataLit/arXiv_src_fetcher/ICLR_2023_first100/-4DiyBMgv9m/arxiv.tex; from line 1604 col 0 to line 1604 col 19
	 <= Core::Definition::Constructor[\@hidde... <= Core::Stomach[@0x5d55d25d1eb0] <= ...
Error:misdefined:& The token T_ALIGN[&] should never reach Stomach!
	at arxiv.tex; line 1635 col 0 - line 1635 col 3
	In Core::Stomach[@0x5d55d25d1eb0] /home/miri/Documents/university/DataLit/arXiv_src_fetcher/ICLR_2023_first100/-4DiyBMgv9m/arxiv.tex; from line 1635 col 0 to line 1635 col 3
	 <= Core::Definition::Constructor[\@hidde... <= Core::Stomach[@0x5d55d25d1eb0] <= ...
Error:undefined:\norm The token T_CS[\norm] is not defined.
	at arxiv.tex; line 1642 col 11 - line 1642 col 11
	Defining it now as <ltx:ERROR/>
	Next token is T_BEGIN[{] ( == T_BEGIN[{])
	In Core::Gullet[@0x5d55d4e7afc8] /home/miri/Documents/university/DataLit/arXiv_src_fetcher/ICLR_2023_first100/-4DiyBMgv9m/arxiv.tex; from line 1642 col 12 to line 1642 col 12
	 <= Core::Stomach[@0x5d55d25d1eb0] <= Core::Definition::Primitive[Begin] <= Core::Stomach[@0x5d55d25d1eb0] <= ...
Error:misdefined:& The token T_ALIGN[&] should never reach Stomach!
	at arxiv.tex; line 1662 col 0 - line 1662 col 3
	In Core::Stomach[@0x5d55d25d1eb0] /home/miri/Documents/university/DataLit/arXiv_src_fetcher/ICLR_2023_first100/-4DiyBMgv9m/arxiv.tex; from line 1662 col 0 to line 1662 col 3
	 <= Core::Definition::Constructor[\@hidde... <= Core::Stomach[@0x5d55d25d1eb0] <= ...
Error:misdefined:& The token T_ALIGN[&] should never reach Stomach!
	at arxiv.tex; line 1686 col 0 - line 1686 col 24
	In Core::Stomach[@0x5d55d25d1eb0] /home/miri/Documents/university/DataLit/arXiv_src_fetcher/ICLR_2023_first100/-4DiyBMgv9m/arxiv.tex; from line 1686 col 0 to line 1686 col 24
	 <= Core::Definition::Constructor[\@hidde... <= Core::Stomach[@0x5d55d25d1eb0] <= ...
Error:misdefined:& The token T_ALIGN[&] should never reach Stomach!
	at arxiv.tex; line 1712 col 0 - line 1712 col 3
	In Core::Stomach[@0x5d55d25d1eb0] /home/miri/Documents/university/DataLit/arXiv_src_fetcher/ICLR_2023_first100/-4DiyBMgv9m/arxiv.tex; from line 1712 col 0 to line 1712 col 3
	 <= Core::Definition::Constructor[\@hidde... <= Core::Stomach[@0x5d55d25d1eb0] <= ...
Error:misdefined:& The token T_ALIGN[&] should never reach Stomach!
	at arxiv.tex; line 1753 col 0 - line 1753 col 24
	In Core::Stomach[@0x5d55d25d1eb0] /home/miri/Documents/university/DataLit/arXiv_src_fetcher/ICLR_2023_first100/-4DiyBMgv9m/arxiv.tex; from line 1753 col 0 to line 1753 col 24
	 <= Core::Definition::Constructor[\@hidde... <= Core::Stomach[@0x5d55d25d1eb0] <= ...
Error:misdefined:& The token T_ALIGN[&] should never reach Stomach!
	at arxiv.tex; line 1784 col 0 - line 1784 col 24
	In Core::Stomach[@0x5d55d25d1eb0] /home/miri/Documents/university/DataLit/arXiv_src_fetcher/ICLR_2023_first100/-4DiyBMgv9m/arxiv.tex; from line 1784 col 0 to line 1784 col 24
	 <= Core::Definition::Constructor[\@hidde... <= Core::Stomach[@0x5d55d25d1eb0] <= ...
Error:misdefined:& The token T_ALIGN[&] should never reach Stomach!
	at arxiv.tex; line 1831 col 0 - line 1831 col 24
	In Core::Stomach[@0x5d55d25d1eb0] /home/miri/Documents/university/DataLit/arXiv_src_fetcher/ICLR_2023_first100/-4DiyBMgv9m/arxiv.tex; from line 1831 col 0 to line 1831 col 24
	 <= Core::Definition::Constructor[\@hidde... <= Core::Stomach[@0x5d55d25d1eb0] <= ...
Error:misdefined:& The token T_ALIGN[&] should never reach Stomach!
	at arxiv.tex; line 1891 col 0 - line 1891 col 24
	In Core::Stomach[@0x5d55d25d1eb0] /home/miri/Documents/university/DataLit/arXiv_src_fetcher/ICLR_2023_first100/-4DiyBMgv9m/arxiv.tex; from line 1891 col 0 to line 1891 col 24
	 <= Core::Definition::Constructor[\@hidde... <= Core::Stomach[@0x5d55d25d1eb0] <= ...
Error:misdefined:& The token T_ALIGN[&] should never reach Stomach!
	at arxiv.tex; line 1962 col 1 - line 1962 col 1
	In Core::Stomach[@0x5d55d25d1eb0] /home/miri/Documents/university/DataLit/arXiv_src_fetcher/ICLR_2023_first100/-4DiyBMgv9m/arxiv.tex; from line 1962 col 1 to line 1962 col 1
	 <= Core::Definition::Constructor[$$] <= Core::Stomach[@0x5d55d25d1eb0] <= Core::Definition::Constructor[\begin{... <= ...
Error:misdefined:& The token T_ALIGN[&] should never reach Stomach!
	at arxiv.tex; line 1976 col 0 - line 1976 col 19
	In Core::Stomach[@0x5d55d25d1eb0] /home/miri/Documents/university/DataLit/arXiv_src_fetcher/ICLR_2023_first100/-4DiyBMgv9m/arxiv.tex; from line 1976 col 0 to line 1976 col 19
	 <= Core::Definition::Constructor[\@hidde... <= Core::Stomach[@0x5d55d25d1eb0] <= ...
Error:misdefined:& The token T_ALIGN[&] should never reach Stomach!
	at arxiv.tex; line 1999 col 0 - line 1999 col 23
	In Core::Stomach[@0x5d55d25d1eb0] /home/miri/Documents/university/DataLit/arXiv_src_fetcher/ICLR_2023_first100/-4DiyBMgv9m/arxiv.tex; from line 1999 col 0 to line 1999 col 23
	 <= Core::Definition::Constructor[\@hidde... <= Core::Stomach[@0x5d55d25d1eb0] <= ...
Error:misdefined:& The token T_ALIGN[&] should never reach Stomach!
	at arxiv.tex; line 2047 col 0 - line 2047 col 24
	In Core::Stomach[@0x5d55d25d1eb0] /home/miri/Documents/university/DataLit/arXiv_src_fetcher/ICLR_2023_first100/-4DiyBMgv9m/arxiv.tex; from line 2047 col 0 to line 2047 col 24
	 <= Core::Definition::Constructor[\@hidde... <= Core::Stomach[@0x5d55d25d1eb0] <= ...
Error:misdefined:& The token T_ALIGN[&] should never reach Stomach!
	at arxiv.tex; line 2110 col 0 - line 2110 col 3
	In Core::Stomach[@0x5d55d25d1eb0] /home/miri/Documents/university/DataLit/arXiv_src_fetcher/ICLR_2023_first100/-4DiyBMgv9m/arxiv.tex; from line 2110 col 0 to line 2110 col 3
	 <= Core::Definition::Constructor[\@hidde... <= Core::Stomach[@0x5d55d25d1eb0] <= ...
Error:misdefined:& The token T_ALIGN[&] should never reach Stomach!
	at arxiv.tex; line 2201 col 0 - line 2201 col 24
	In Core::Stomach[@0x5d55d25d1eb0] /home/miri/Documents/university/DataLit/arXiv_src_fetcher/ICLR_2023_first100/-4DiyBMgv9m/arxiv.tex; from line 2201 col 0 to line 2201 col 24
	 <= Core::Definition::Constructor[\@hidde... <= Core::Stomach[@0x5d55d25d1eb0] <= ...
Error:misdefined:& The token T_ALIGN[&] should never reach Stomach!
	at arxiv.tex; line 2312 col 0 - line 2312 col 3
	In Core::Stomach[@0x5d55d25d1eb0] /home/miri/Documents/university/DataLit/arXiv_src_fetcher/ICLR_2023_first100/-4DiyBMgv9m/arxiv.tex; from line 2312 col 0 to line 2312 col 3
	 <= Core::Definition::Constructor[\@hidde... <= Core::Stomach[@0x5d55d25d1eb0] <= ...
Error:misdefined:& The token T_ALIGN[&] should never reach Stomach!
	at arxiv.tex; line 2416 col 0 - line 2416 col 24
	In Core::Stomach[@0x5d55d25d1eb0] /home/miri/Documents/university/DataLit/arXiv_src_fetcher/ICLR_2023_first100/-4DiyBMgv9m/arxiv.tex; from line 2416 col 0 to line 2416 col 24
	 <= Core::Definition::Constructor[\@hidde... <= Core::Stomach[@0x5d55d25d1eb0] <= ...
Error:misdefined:& The token T_ALIGN[&] should never reach Stomach!
	at arxiv.tex; line 3288 col 0 - line 3288 col 17
	In Core::Stomach[@0x5d55d25d1eb0] /home/miri/Documents/university/DataLit/arXiv_src_fetcher/ICLR_2023_first100/-4DiyBMgv9m/arxiv.tex; from line 3288 col 0 to line 3288 col 17
	 <= Core::Definition::Constructor[\@hidde... <= Core::Stomach[@0x5d55d25d1eb0] <= ...
Error:undefined:\calT The token T_CS[\calT] is not defined.
	at arxiv.tex; line 3311 col 69 - line 3311 col 69
	Defining it now as <ltx:ERROR/>
	Next token is T_SUB[_] ( == T_SUB[_])
	In Core::Gullet[@0x5d55d4e7afc8] /home/miri/Documents/university/DataLit/arXiv_src_fetcher/ICLR_2023_first100/-4DiyBMgv9m/arxiv.tex; from line 3311 col 70 to line 3311 col 70
	 <= Core::Stomach[@0x5d55d25d1eb0] <= Core::Definition::Primitive[Begin] <= Core::Stomach[@0x5d55d25d1eb0] <= ...
Error:misdefined:& The token T_ALIGN[&] should never reach Stomach!
	at arxiv.tex; line 3372 col 0 - line 3372 col 18
	In Core::Stomach[@0x5d55d25d1eb0] /home/miri/Documents/university/DataLit/arXiv_src_fetcher/ICLR_2023_first100/-4DiyBMgv9m/arxiv.tex; from line 3372 col 0 to line 3372 col 18
	 <= Core::Definition::Constructor[\@hidde... <= Core::Stomach[@0x5d55d25d1eb0] <= ...
Error:misdefined:& The token T_ALIGN[&] should never reach Stomach!
	at arxiv.tex; line 3414 col 19 - line 3414 col 19
	In Core::Stomach[@0x5d55d25d1eb0] /home/miri/Documents/university/DataLit/arXiv_src_fetcher/ICLR_2023_first100/-4DiyBMgv9m/arxiv.tex; from line 3414 col 19 to line 3414 col 19
	 <= Core::Definition::Constructor[\@hidde... <= Core::Stomach[@0x5d55d25d1eb0] <= ...
Error:misdefined:& The token T_ALIGN[&] should never reach Stomach!
	at arxiv.tex; line 3434 col 3 - line 3434 col 3
	In Core::Stomach[@0x5d55d25d1eb0] /home/miri/Documents/university/DataLit/arXiv_src_fetcher/ICLR_2023_first100/-4DiyBMgv9m/arxiv.tex; from line 3434 col 3 to line 3434 col 3
	 <= Core::Definition::Constructor[\@hidde... <= Core::Stomach[@0x5d55d25d1eb0] <= ...
Error:misdefined:& The token T_ALIGN[&] should never reach Stomach!
	at arxiv.tex; line 3456 col 3 - line 3456 col 3
	In Core::Stomach[@0x5d55d25d1eb0] /home/miri/Documents/university/DataLit/arXiv_src_fetcher/ICLR_2023_first100/-4DiyBMgv9m/arxiv.tex; from line 3456 col 3 to line 3456 col 3
	 <= Core::Definition::Constructor[\@hidde... <= Core::Stomach[@0x5d55d25d1eb0] <= ...
Error:misdefined:& The token T_ALIGN[&] should never reach Stomach!
	at arxiv.tex; line 3479 col 3 - line 3479 col 3
	In Core::Stomach[@0x5d55d25d1eb0] /home/miri/Documents/university/DataLit/arXiv_src_fetcher/ICLR_2023_first100/-4DiyBMgv9m/arxiv.tex; from line 3479 col 3 to line 3479 col 3
	 <= Core::Definition::Constructor[\@hidde... <= Core::Stomach[@0x5d55d25d1eb0] <= ...
Error:misdefined:& The token T_ALIGN[&] should never reach Stomach!
	at arxiv.tex; line 3501 col 24 - line 3501 col 24
	In Core::Stomach[@0x5d55d25d1eb0] /home/miri/Documents/university/DataLit/arXiv_src_fetcher/ICLR_2023_first100/-4DiyBMgv9m/arxiv.tex; from line 3501 col 24 to line 3501 col 24
	 <= Core::Definition::Constructor[\@hidde... <= Core::Stomach[@0x5d55d25d1eb0] <= ...
Error:misdefined:& The token T_ALIGN[&] should never reach Stomach!
	at arxiv.tex; line 3561 col 13 - line 3561 col 13
	In Core::Stomach[@0x5d55d25d1eb0] /home/miri/Documents/university/DataLit/arXiv_src_fetcher/ICLR_2023_first100/-4DiyBMgv9m/arxiv.tex; from line 3561 col 13 to line 3561 col 13
	 <= Core::Definition::Constructor[\@hidde... <= Core::Stomach[@0x5d55d25d1eb0] <= ...
Error:misdefined:& The token T_ALIGN[&] should never reach Stomach!
	at arxiv.tex; line 3576 col 0 - line 3576 col 3
	In Core::Stomach[@0x5d55d25d1eb0] /home/miri/Documents/university/DataLit/arXiv_src_fetcher/ICLR_2023_first100/-4DiyBMgv9m/arxiv.tex; from line 3576 col 0 to line 3576 col 3
	 <= Core::Definition::Constructor[\@hidde... <= Core::Stomach[@0x5d55d25d1eb0] <= ...
Error:misdefined:& The token T_ALIGN[&] should never reach Stomach!
	at arxiv.tex; line 3602 col 3 - line 3602 col 3
	In Core::Stomach[@0x5d55d25d1eb0] /home/miri/Documents/university/DataLit/arXiv_src_fetcher/ICLR_2023_first100/-4DiyBMgv9m/arxiv.tex; from line 3602 col 3 to line 3602 col 3
	 <= Core::Definition::Constructor[\@hidde... <= Core::Stomach[@0x5d55d25d1eb0] <= ...
Error:misdefined:& The token T_ALIGN[&] should never reach Stomach!
	at arxiv.tex; line 3645 col 3 - line 3645 col 3
	In Core::Stomach[@0x5d55d25d1eb0] /home/miri/Documents/university/DataLit/arXiv_src_fetcher/ICLR_2023_first100/-4DiyBMgv9m/arxiv.tex; from line 3645 col 3 to line 3645 col 3
	 <= Core::Definition::Constructor[\@hidde... <= Core::Stomach[@0x5d55d25d1eb0] <= ...
Fatal:too_many_errors:100 Too many errors (> 100)!
	at arxiv.tex; line 3645 col 3 - line 3645 col 3
	In Core::Stomach[@0x5d55d25d1eb0] /home/miri/Documents/university/DataLit/arXiv_src_fetcher/ICLR_2023_first100/-4DiyBMgv9m/arxiv.tex; from line 3645 col 3 to line 3645 col 3
Conversion failed: 3 warnings; 101 errors; 1 fatal error; 51 undefined macros[\bZero, \Fnorm, \bB, \Expc, \iid, \by, \argmax, \diag, \wt, \bx, \bY, \snr, \bPi, \rank, \Prob, \calT, \bE, \bDelta, \ra, \Ind, \nfrac, \oprate, \Bracket, \calD, \abs, \bracket, \bM, \cirone, \bW, \St, \calP, \defequal, \set, \OPrate, \RR, \norm, \asconverg, \wh, \bXi, \calS, \Var, \normdist, \bSigma, \cirtwo, \trace, \rmt, \bw, \bI, \argmin, \la, \bX]; 3 missing files[breakcites.sty, tikzpagenodes.sty, math_notation.sty] (See parsed.log) (reqd. 22.06s)
