This is pdfTeX, Version 3.141592653-2.6-1.40.24 (TeX Live 2022) (preloaded format=pdflatex 2022.9.6)  24 FEB 2023 18:17
entering extended mode
 restricted \write18 enabled.
 %&-line parsing enabled.
**"Improved OOD Generalization via Conditional Invariant Regularizer.tex"
(./Improved OOD Generalization via Conditional Invariant Regularizer.tex
LaTeX2e <2021-11-15> patch level 1
L3 programming layer <2022-02-24>
(d:/texlive/texmf-dist/tex/latex/base/article.cls
Document Class: article 2021/10/04 v1.4n Standard LaTeX document class
(d:/texlive/texmf-dist/tex/latex/base/size10.clo
File: size10.clo 2021/10/04 v1.4n Standard LaTeX file (size option)
)
\c@part=\count185
\c@section=\count186
\c@subsection=\count187
\c@subsubsection=\count188
\c@paragraph=\count189
\c@subparagraph=\count190
\c@figure=\count191
\c@table=\count192
\abovecaptionskip=\skip47
\belowcaptionskip=\skip48
\bibindent=\dimen138
) (./iclr2023_conference.sty
(d:/texlive/texmf-dist/tex/latex/eso-pic/eso-pic.sty
Package: eso-pic 2020/10/14 v3.0a eso-pic (RN)
\ESO@tempdima=\dimen139
\ESO@tempdimb=\dimen140

(d:/texlive/texmf-dist/tex/latex/graphics/keyval.sty
Package: keyval 2014/10/28 v1.15 key=value parser (DPC)
\KV@toks@=\toks16
)
(d:/texlive/texmf-dist/tex/latex/xcolor/xcolor.sty
Package: xcolor 2021/10/31 v2.13 LaTeX color extensions (UK)

(d:/texlive/texmf-dist/tex/latex/graphics-cfg/color.cfg
File: color.cfg 2016/01/02 v1.6 sample color configuration
)
Package xcolor Info: Driver file: pdftex.def on input line 227.

(d:/texlive/texmf-dist/tex/latex/graphics-def/pdftex.def
File: pdftex.def 2020/10/05 v1.2a Graphics/color driver for pdftex
)
Package xcolor Info: Model `cmy' substituted by `cmy0' on input line 1352.
Package xcolor Info: Model `hsb' substituted by `rgb' on input line 1356.
Package xcolor Info: Model `RGB' extended on input line 1368.
Package xcolor Info: Model `HTML' substituted by `rgb' on input line 1370.
Package xcolor Info: Model `Hsb' substituted by `hsb' on input line 1371.
Package xcolor Info: Model `tHsb' substituted by `hsb' on input line 1372.
Package xcolor Info: Model `HSB' substituted by `hsb' on input line 1373.
Package xcolor Info: Model `Gray' substituted by `gray' on input line 1374.
Package xcolor Info: Model `wave' substituted by `hsb' on input line 1375.
)) (./fancyhdr.sty
\fancy@headwidth=\skip49
\f@ncyO@elh=\skip50
\f@ncyO@erh=\skip51
\f@ncyO@olh=\skip52
\f@ncyO@orh=\skip53
\f@ncyO@elf=\skip54
\f@ncyO@erf=\skip55
\f@ncyO@olf=\skip56
\f@ncyO@orf=\skip57
)
(./natbib.sty
Package: natbib 2009/07/16 8.31 (PWD, AO)
\bibhang=\skip58
\bibsep=\skip59
LaTeX Info: Redefining \cite on input line 694.
\c@NAT@ctr=\count193
)) (d:/texlive/texmf-dist/tex/latex/psnfss/times.sty
Package: times 2020/03/25 PSNFSS-v9.3 (SPQR) 
)
(d:/texlive/texmf-dist/tex/latex/hyperref/hyperref.sty
Package: hyperref 2022-02-21 v7.00n Hypertext links for LaTeX

(d:/texlive/texmf-dist/tex/generic/ltxcmds/ltxcmds.sty
Package: ltxcmds 2020-05-10 v1.25 LaTeX kernel commands for general use (HO)
)
(d:/texlive/texmf-dist/tex/generic/iftex/iftex.sty
Package: iftex 2022/02/03 v1.0f TeX engine tests
)
(d:/texlive/texmf-dist/tex/generic/pdftexcmds/pdftexcmds.sty
Package: pdftexcmds 2020-06-27 v0.33 Utility functions of pdfTeX for LuaTeX (HO
)

(d:/texlive/texmf-dist/tex/generic/infwarerr/infwarerr.sty
Package: infwarerr 2019/12/03 v1.5 Providing info/warning/error messages (HO)
)
Package pdftexcmds Info: \pdf@primitive is available.
Package pdftexcmds Info: \pdf@ifprimitive is available.
Package pdftexcmds Info: \pdfdraftmode found.
)
(d:/texlive/texmf-dist/tex/generic/kvsetkeys/kvsetkeys.sty
Package: kvsetkeys 2019/12/15 v1.18 Key value parser (HO)
)
(d:/texlive/texmf-dist/tex/generic/kvdefinekeys/kvdefinekeys.sty
Package: kvdefinekeys 2019-12-19 v1.6 Define keys (HO)
)
(d:/texlive/texmf-dist/tex/generic/pdfescape/pdfescape.sty
Package: pdfescape 2019/12/09 v1.15 Implements pdfTeX's escape features (HO)
)
(d:/texlive/texmf-dist/tex/latex/hycolor/hycolor.sty
Package: hycolor 2020-01-27 v1.10 Color options for hyperref/bookmark (HO)
)
(d:/texlive/texmf-dist/tex/latex/letltxmacro/letltxmacro.sty
Package: letltxmacro 2019/12/03 v1.6 Let assignment for LaTeX macros (HO)
)
(d:/texlive/texmf-dist/tex/latex/auxhook/auxhook.sty
Package: auxhook 2019-12-17 v1.6 Hooks for auxiliary files (HO)
)
(d:/texlive/texmf-dist/tex/latex/kvoptions/kvoptions.sty
Package: kvoptions 2020-10-07 v3.14 Key value format for package options (HO)
)
\@linkdim=\dimen141
\Hy@linkcounter=\count194
\Hy@pagecounter=\count195

(d:/texlive/texmf-dist/tex/latex/hyperref/pd1enc.def
File: pd1enc.def 2022-02-21 v7.00n Hyperref: PDFDocEncoding definition (HO)
Now handling font encoding PD1 ...
... no UTF-8 mapping file for font encoding PD1
)
(d:/texlive/texmf-dist/tex/generic/intcalc/intcalc.sty
Package: intcalc 2019/12/15 v1.3 Expandable calculations with integers (HO)
)
(d:/texlive/texmf-dist/tex/generic/etexcmds/etexcmds.sty
Package: etexcmds 2019/12/15 v1.7 Avoid name clashes with e-TeX commands (HO)
)
\Hy@SavedSpaceFactor=\count196

(d:/texlive/texmf-dist/tex/latex/hyperref/puenc.def
File: puenc.def 2022-02-21 v7.00n Hyperref: PDF Unicode definition (HO)
Now handling font encoding PU ...
... no UTF-8 mapping file for font encoding PU
)
Package hyperref Info: Hyper figures OFF on input line 4137.
Package hyperref Info: Link nesting OFF on input line 4142.
Package hyperref Info: Hyper index ON on input line 4145.
Package hyperref Info: Plain pages OFF on input line 4152.
Package hyperref Info: Backreferencing OFF on input line 4157.
Package hyperref Info: Implicit mode ON; LaTeX internals redefined.
Package hyperref Info: Bookmarks ON on input line 4390.
\c@Hy@tempcnt=\count197

(d:/texlive/texmf-dist/tex/latex/url/url.sty
\Urlmuskip=\muskip16
Package: url 2013/09/16  ver 3.4  Verb mode for urls, etc.
)
LaTeX Info: Redefining \url on input line 4749.
\XeTeXLinkMargin=\dimen142

(d:/texlive/texmf-dist/tex/generic/bitset/bitset.sty
Package: bitset 2019/12/09 v1.3 Handle bit-vector datatype (HO)

(d:/texlive/texmf-dist/tex/generic/bigintcalc/bigintcalc.sty
Package: bigintcalc 2019/12/15 v1.5 Expandable calculations on big integers (HO
)
))
\Fld@menulength=\count198
\Field@Width=\dimen143
\Fld@charsize=\dimen144
Package hyperref Info: Hyper figures OFF on input line 6027.
Package hyperref Info: Link nesting OFF on input line 6032.
Package hyperref Info: Hyper index ON on input line 6035.
Package hyperref Info: backreferencing OFF on input line 6042.
Package hyperref Info: Link coloring OFF on input line 6047.
Package hyperref Info: Link coloring with OCG OFF on input line 6052.
Package hyperref Info: PDF/A mode OFF on input line 6057.
LaTeX Info: Redefining \ref on input line 6097.
LaTeX Info: Redefining \pageref on input line 6101.

(d:/texlive/texmf-dist/tex/latex/base/atbegshi-ltx.sty
Package: atbegshi-ltx 2021/01/10 v1.0c Emulation of the original atbegshi
package with kernel methods
)
\Hy@abspage=\count199
\c@Item=\count266
\c@Hfootnote=\count267
)
Package hyperref Info: Driver (autodetected): hpdftex.

(d:/texlive/texmf-dist/tex/latex/hyperref/hpdftex.def
File: hpdftex.def 2022-02-21 v7.00n Hyperref driver for pdfTeX

(d:/texlive/texmf-dist/tex/latex/base/atveryend-ltx.sty
Package: atveryend-ltx 2020/08/19 v1.0a Emulation of the original atveryend pac
kage
with kernel methods
)
\Fld@listcount=\count268
\c@bookmark@seq@number=\count269

(d:/texlive/texmf-dist/tex/latex/rerunfilecheck/rerunfilecheck.sty
Package: rerunfilecheck 2019/12/05 v1.9 Rerun checks for auxiliary files (HO)

(d:/texlive/texmf-dist/tex/generic/uniquecounter/uniquecounter.sty
Package: uniquecounter 2019/12/15 v1.4 Provide unlimited unique counter (HO)
)
Package uniquecounter Info: New unique counter `rerunfilecheck' on input line 2
86.
)
\Hy@SectionHShift=\skip60
)
(d:/texlive/texmf-dist/tex/latex/booktabs/booktabs.sty
Package: booktabs 2020/01/12 v1.61803398 Publication quality tables
\heavyrulewidth=\dimen145
\lightrulewidth=\dimen146
\cmidrulewidth=\dimen147
\belowrulesep=\dimen148
\belowbottomsep=\dimen149
\aboverulesep=\dimen150
\abovetopsep=\dimen151
\cmidrulesep=\dimen152
\cmidrulekern=\dimen153
\defaultaddspace=\dimen154
\@cmidla=\count270
\@cmidlb=\count271
\@aboverulesep=\dimen155
\@belowrulesep=\dimen156
\@thisruleclass=\count272
\@lastruleclass=\count273
\@thisrulewidth=\dimen157
)
(d:/texlive/texmf-dist/tex/latex/amsfonts/amsfonts.sty
Package: amsfonts 2013/01/14 v3.01 Basic AMSFonts support
\@emptytoks=\toks17
\symAMSa=\mathgroup4
\symAMSb=\mathgroup5
LaTeX Font Info:    Redeclaring math symbol \hbar on input line 98.
LaTeX Font Info:    Overwriting math alphabet `\mathfrak' in version `bold'
(Font)                  U/euf/m/n --> U/euf/b/n on input line 106.
)
(d:/texlive/texmf-dist/tex/latex/units/nicefrac.sty
Package: nicefrac 1998/08/04 v0.9b Nice fractions
\L@UnitsRaiseDisplaystyle=\skip61
\L@UnitsRaiseTextstyle=\skip62
\L@UnitsRaiseScriptstyle=\skip63

(d:/texlive/texmf-dist/tex/latex/base/ifthen.sty
Package: ifthen 2020/11/24 v1.1c Standard LaTeX ifthen package (DPC)
))
(d:/texlive/texmf-dist/tex/latex/microtype/microtype.sty
Package: microtype 2022/03/14 v3.0d Micro-typographical refinements (RS)

(d:/texlive/texmf-dist/tex/latex/etoolbox/etoolbox.sty
Package: etoolbox 2020/10/05 v2.5k e-TeX tools for LaTeX (JAW)
\etb@tempcnta=\count274
)
\MT@toks=\toks18
\MT@tempbox=\box50
\MT@count=\count275
LaTeX Info: Redefining \noprotrusionifhmode on input line 1027.
LaTeX Info: Redefining \leftprotrusion on input line 1028.
LaTeX Info: Redefining \rightprotrusion on input line 1036.
LaTeX Info: Redefining \textls on input line 1195.
\MT@outer@kern=\dimen158
LaTeX Info: Redefining \textmicrotypecontext on input line 1781.
\MT@listname@count=\count276

(d:/texlive/texmf-dist/tex/latex/microtype/microtype-pdftex.def
File: microtype-pdftex.def 2022/03/14 v3.0d Definitions specific to pdftex (RS)

LaTeX Info: Redefining \lsstyle on input line 900.
LaTeX Info: Redefining \lslig on input line 900.
\MT@outer@space=\skip64
)
Package microtype Info: Loading configuration file microtype.cfg.

(d:/texlive/texmf-dist/tex/latex/microtype/microtype.cfg
File: microtype.cfg 2022/03/14 v3.0d microtype main configuration file (RS)
))
(d:/texlive/texmf-dist/tex/latex/graphics/graphicx.sty
Package: graphicx 2021/09/16 v1.2d Enhanced LaTeX Graphics (DPC,SPQR)

(d:/texlive/texmf-dist/tex/latex/graphics/graphics.sty
Package: graphics 2021/03/04 v1.4d Standard LaTeX Graphics (DPC,SPQR)

(d:/texlive/texmf-dist/tex/latex/graphics/trig.sty
Package: trig 2021/08/11 v1.11 sin cos tan (DPC)
)
(d:/texlive/texmf-dist/tex/latex/graphics-cfg/graphics.cfg
File: graphics.cfg 2016/06/04 v1.11 sample graphics configuration
)
Package graphics Info: Driver file: pdftex.def on input line 107.
)
\Gin@req@height=\dimen159
\Gin@req@width=\dimen160
)
(d:/texlive/texmf-dist/tex/latex/caption/subcaption.sty
Package: subcaption 2022/01/07 v1.5 Sub-captions (AR)

(d:/texlive/texmf-dist/tex/latex/caption/caption.sty
Package: caption 2022/03/01 v3.6b Customizing captions (AR)

(d:/texlive/texmf-dist/tex/latex/caption/caption3.sty
Package: caption3 2022/03/17 v2.3b caption3 kernel (AR)
\caption@tempdima=\dimen161
\captionmargin=\dimen162
\caption@leftmargin=\dimen163
\caption@rightmargin=\dimen164
\caption@width=\dimen165
\caption@indent=\dimen166
\caption@parindent=\dimen167
\caption@hangindent=\dimen168
Package caption Info: Standard document class detected.
)
\c@caption@flags=\count277
\c@continuedfloat=\count278
Package caption Info: hyperref package is loaded.
)
\c@subfigure=\count279
\c@subtable=\count280
)
(d:/texlive/texmf-dist/tex/latex/amsmath/amsmath.sty
Package: amsmath 2021/10/15 v2.17l AMS math features
\@mathmargin=\skip65

For additional information on amsmath, use the `?' option.
(d:/texlive/texmf-dist/tex/latex/amsmath/amstext.sty
Package: amstext 2021/08/26 v2.01 AMS text

(d:/texlive/texmf-dist/tex/latex/amsmath/amsgen.sty
File: amsgen.sty 1999/11/30 v2.0 generic functions
\@emptytoks=\toks19
\ex@=\dimen169
))
(d:/texlive/texmf-dist/tex/latex/amsmath/amsbsy.sty
Package: amsbsy 1999/11/29 v1.2d Bold Symbols
\pmbraise@=\dimen170
)
(d:/texlive/texmf-dist/tex/latex/amsmath/amsopn.sty
Package: amsopn 2021/08/26 v2.02 operator names
)
\inf@bad=\count281
LaTeX Info: Redefining \frac on input line 234.
\uproot@=\count282
\leftroot@=\count283
LaTeX Info: Redefining \overline on input line 399.
\classnum@=\count284
\DOTSCASE@=\count285
LaTeX Info: Redefining \ldots on input line 496.
LaTeX Info: Redefining \dots on input line 499.
LaTeX Info: Redefining \cdots on input line 620.
\Mathstrutbox@=\box51
\strutbox@=\box52
\big@size=\dimen171
LaTeX Font Info:    Redeclaring font encoding OML on input line 743.
LaTeX Font Info:    Redeclaring font encoding OMS on input line 744.
\macc@depth=\count286
\c@MaxMatrixCols=\count287
\dotsspace@=\muskip17
\c@parentequation=\count288
\dspbrk@lvl=\count289
\tag@help=\toks20
\row@=\count290
\column@=\count291
\maxfields@=\count292
\andhelp@=\toks21
\eqnshift@=\dimen172
\alignsep@=\dimen173
\tagshift@=\dimen174
\tagwidth@=\dimen175
\totwidth@=\dimen176
\lineht@=\dimen177
\@envbody=\toks22
\multlinegap=\skip66
\multlinetaggap=\skip67
\mathdisplay@stack=\toks23
LaTeX Info: Redefining \[ on input line 2938.
LaTeX Info: Redefining \] on input line 2939.
)
(d:/texlive/texmf-dist/tex/latex/amscls/amsthm.sty
Package: amsthm 2020/05/29 v2.20.6
\thm@style=\toks24
\thm@bodyfont=\toks25
\thm@headfont=\toks26
\thm@notefont=\toks27
\thm@headpunct=\toks28
\thm@preskip=\skip68
\thm@postskip=\skip69
\thm@headsep=\skip70
\dth@everypar=\toks29
)
(d:/texlive/texmf-dist/tex/latex/amsfonts/amssymb.sty
Package: amssymb 2013/01/14 v3.01 AMS font symbols
)
(d:/texlive/texmf-dist/tex/latex/mathtools/mathtools.sty
Package: mathtools 2022/02/07 v1.28a mathematical typesetting tools

(d:/texlive/texmf-dist/tex/latex/tools/calc.sty
Package: calc 2017/05/25 v4.3 Infix arithmetic (KKT,FJ)
\calc@Acount=\count293
\calc@Bcount=\count294
\calc@Adimen=\dimen178
\calc@Bdimen=\dimen179
\calc@Askip=\skip71
\calc@Bskip=\skip72
LaTeX Info: Redefining \setlength on input line 80.
LaTeX Info: Redefining \addtolength on input line 81.
\calc@Ccount=\count295
\calc@Cskip=\skip73
)
(d:/texlive/texmf-dist/tex/latex/mathtools/mhsetup.sty
Package: mhsetup 2021/03/18 v1.4 programming setup (MH)
)
\g_MT_multlinerow_int=\count296
\l_MT_multwidth_dim=\dimen180
\origjot=\skip74
\l_MT_shortvdotswithinadjustabove_dim=\dimen181
\l_MT_shortvdotswithinadjustbelow_dim=\dimen182
\l_MT_above_intertext_sep=\dimen183
\l_MT_below_intertext_sep=\dimen184
\l_MT_above_shortintertext_sep=\dimen185
\l_MT_below_shortintertext_sep=\dimen186
\xmathstrut@box=\box53
\xmathstrut@dim=\dimen187
)
(d:/texlive/texmf-dist/tex/latex/algorithms/algorithm.sty
Package: algorithm 2009/08/24 v0.1 Document Style `algorithm' - floating enviro
nment

(d:/texlive/texmf-dist/tex/latex/float/float.sty
Package: float 2001/11/08 v1.3d Float enhancements (AL)
\c@float@type=\count297
\float@exts=\toks30
\float@box=\box54
\@float@everytoks=\toks31
\@floatcapt=\box55
)
\@float@every@algorithm=\toks32
\c@algorithm=\count298
)
(d:/texlive/texmf-dist/tex/latex/algorithms/algorithmic.sty
Package: algorithmic 2009/08/24 v0.1 Document Style `algorithmic'
\c@ALC@unique=\count299
\c@ALC@line=\count300
\c@ALC@rem=\count301
\c@ALC@depth=\count302
\ALC@tlm=\skip75
\algorithmicindent=\skip76
)
(d:/texlive/texmf-dist/tex/latex/thmtools/thmtools.sty
Package: thmtools 2020/08/01 v0.72
\thmt@toks=\toks33
\c@thmt@dummyctr=\count303

(d:/texlive/texmf-dist/tex/latex/thmtools/thm-patch.sty
Package: thm-patch 2020/08/01 v0.72

(d:/texlive/texmf-dist/tex/latex/thmtools/parseargs.sty
Package: parseargs 2020/08/01 v0.72
\@parsespec=\toks34
))
(d:/texlive/texmf-dist/tex/latex/thmtools/thm-kv.sty
Package: thm-kv 2020/08/01 v0.72
Package thm-kv Info: Theorem names will be uppercased on input line 42.
Package thm-kv Info: kvsetkeys patch (v1.16 or later) on input line 158.
)
(d:/texlive/texmf-dist/tex/latex/thmtools/thm-autoref.sty
Package: thm-autoref 2020/08/01 v0.72

(d:/texlive/texmf-dist/tex/latex/thmtools/aliasctr.sty
Package: aliasctr 2020/08/01 v0.72
))
(d:/texlive/texmf-dist/tex/latex/thmtools/thm-listof.sty
Package: thm-listof 2020/08/01 v0.72
)
(d:/texlive/texmf-dist/tex/latex/thmtools/thm-restate.sty
Package: thm-restate 2020/08/01 v0.72
)
(d:/texlive/texmf-dist/tex/latex/thmtools/thm-amsthm.sty
Package: thm-amsthm 2020/08/01 v0.72
\thmt@style@headstyle=\toks35
))
(d:/texlive/texmf-dist/tex/latex/multirow/multirow.sty
Package: multirow 2021/03/15 v2.8 Span multiple rows of a table
\multirow@colwidth=\skip77
\multirow@cntb=\count304
\multirow@dima=\skip78
\bigstrutjot=\dimen188
)
\c@result=\count305
\c@conj=\count306
\c@assumption=\count307
\c@definition=\count308
\c@corollary=\count309
\c@lemma=\count310
\c@theorem=\count311
\c@proposition=\count312
\c@remark=\count313
\c@apprx=\count314
\c@example=\count315
\c@claim=\count316
\c@fact=\count317
\c@step=\count318
LaTeX Font Info:    Trying to load font information for OT1+ptm on input line 2
56.

(d:/texlive/texmf-dist/tex/latex/psnfss/ot1ptm.fd
File: ot1ptm.fd 2001/06/04 font definitions for OT1/ptm.
)
(d:/texlive/texmf-dist/tex/latex/l3backend/l3backend-pdftex.def
File: l3backend-pdftex.def 2022-02-07 L3 backend support: PDF output (pdfTeX)
\l__color_backend_stack_int=\count319
\l__pdf_internal_box=\box56
)
(./Improved OOD Generalization via Conditional Invariant Regularizer.aux
(./appendix.aux))
\openout1 = `"Improved OOD Generalization via Conditional Invariant Regularizer
.aux"'.

LaTeX Font Info:    Checking defaults for OML/cmm/m/it on input line 256.
LaTeX Font Info:    ... okay on input line 256.
LaTeX Font Info:    Checking defaults for OMS/cmsy/m/n on input line 256.
LaTeX Font Info:    ... okay on input line 256.
LaTeX Font Info:    Checking defaults for OT1/cmr/m/n on input line 256.
LaTeX Font Info:    ... okay on input line 256.
LaTeX Font Info:    Checking defaults for T1/cmr/m/n on input line 256.
LaTeX Font Info:    ... okay on input line 256.
LaTeX Font Info:    Checking defaults for TS1/cmr/m/n on input line 256.
LaTeX Font Info:    ... okay on input line 256.
LaTeX Font Info:    Checking defaults for OMX/cmex/m/n on input line 256.
LaTeX Font Info:    ... okay on input line 256.
LaTeX Font Info:    Checking defaults for U/cmr/m/n on input line 256.
LaTeX Font Info:    ... okay on input line 256.
LaTeX Font Info:    Checking defaults for PD1/pdf/m/n on input line 256.
LaTeX Font Info:    ... okay on input line 256.
LaTeX Font Info:    Checking defaults for PU/pdf/m/n on input line 256.
LaTeX Font Info:    ... okay on input line 256.
 (d:/texlive/texmf-dist/tex/context/base/mkii/supp-pdf.mkii
[Loading MPS to PDF converter (version 2006.09.02).]
\scratchcounter=\count320
\scratchdimen=\dimen189
\scratchbox=\box57
\nofMPsegments=\count321
\nofMParguments=\count322
\everyMPshowfont=\toks36
\MPscratchCnt=\count323
\MPscratchDim=\dimen190
\MPnumerator=\count324
\makeMPintoPDFobject=\count325
\everyMPtoPDFconversion=\toks37
) (d:/texlive/texmf-dist/tex/latex/epstopdf-pkg/epstopdf-base.sty
Package: epstopdf-base 2020-01-24 v2.11 Base part for package epstopdf
Package epstopdf-base Info: Redefining graphics rule for `.eps' on input line 4
85.

(d:/texlive/texmf-dist/tex/latex/latexconfig/epstopdf-sys.cfg
File: epstopdf-sys.cfg 2010/07/13 v1.3 Configuration of (r)epstopdf for TeX Liv
e
))
Package hyperref Info: Link coloring OFF on input line 256.

(d:/texlive/texmf-dist/tex/latex/hyperref/nameref.sty
Package: nameref 2021-04-02 v2.47 Cross-referencing by name of section

(d:/texlive/texmf-dist/tex/latex/refcount/refcount.sty
Package: refcount 2019/12/15 v3.6 Data extraction from label references (HO)
)
(d:/texlive/texmf-dist/tex/generic/gettitlestring/gettitlestring.sty
Package: gettitlestring 2019/12/15 v1.6 Cleanup title references (HO)
)
\c@section@level=\count326
)
LaTeX Info: Redefining \ref on input line 256.
LaTeX Info: Redefining \pageref on input line 256.
LaTeX Info: Redefining \nameref on input line 256.

(./Improved OOD Generalization via Conditional Invariant Regularizer.out)
(./Improved OOD Generalization via Conditional Invariant Regularizer.out)
\@outlinefile=\write3
\openout3 = `"Improved OOD Generalization via Conditional Invariant Regularizer
.out"'.

LaTeX Info: Redefining \microtypecontext on input line 256.
Package microtype Info: Applying patch `item' on input line 256.
Package microtype Info: Applying patch `toc' on input line 256.
Package microtype Info: Applying patch `eqnum' on input line 256.
Package microtype Info: Applying patch `footnote' on input line 256.
Package microtype Info: Generating PDF output.
Package microtype Info: Character protrusion enabled (level 2).
Package microtype Info: Using default protrusion set `alltext'.
Package microtype Info: Automatic font expansion enabled (level 2),
(microtype)             stretch: 20, shrink: 20, step: 1, non-selected.
Package microtype Info: Using default expansion set `alltext-nott'.
LaTeX Info: Redefining \showhyphens on input line 256.
Package microtype Info: No adjustment of tracking.
Package microtype Info: No adjustment of interword spacing.
Package microtype Info: No adjustment of character kerning.

(d:/texlive/texmf-dist/tex/latex/microtype/mt-ptm.cfg
File: mt-ptm.cfg 2006/04/20 v1.7 microtype config. file: Times (RS)
)
Package caption Info: Begin \AtBeginDocument code.
Package caption Info: float package is loaded.
Package caption Info: End \AtBeginDocument code.

(d:/texlive/texmf-dist/tex/latex/microtype/mt-cmr.cfg
File: mt-cmr.cfg 2013/05/19 v2.2 microtype config. file: Computer Modern Roman 
(RS)
)
LaTeX Font Info:    Trying to load font information for U+msa on input line 259
.

(d:/texlive/texmf-dist/tex/latex/amsfonts/umsa.fd
File: umsa.fd 2013/01/14 v3.01 AMS symbols A
)
(d:/texlive/texmf-dist/tex/latex/microtype/mt-msa.cfg
File: mt-msa.cfg 2006/02/04 v1.1 microtype config. file: AMS symbols (a) (RS)
)
LaTeX Font Info:    Trying to load font information for U+msb on input line 259
.

(d:/texlive/texmf-dist/tex/latex/amsfonts/umsb.fd
File: umsb.fd 2013/01/14 v3.01 AMS symbols B
)
(d:/texlive/texmf-dist/tex/latex/microtype/mt-msb.cfg
File: mt-msb.cfg 2005/06/01 v1.0 microtype config. file: AMS symbols (b) (RS)
)
LaTeX Font Info:    Trying to load font information for OT1+pcr on input line 2
59.

(d:/texlive/texmf-dist/tex/latex/psnfss/ot1pcr.fd
File: ot1pcr.fd 2001/06/04 font definitions for OT1/pcr.
)
Package microtype Info: Loading generic protrusion settings for font family
(microtype)             `pcr' (encoding: OT1).
(microtype)             For optimal results, create family-specific settings.
(microtype)             See the microtype manual for details.
LaTeX Font Info:    Trying to load font information for OMS+pcr on input line 2
59.

(d:/texlive/texmf-dist/tex/latex/psnfss/omspcr.fd
File: omspcr.fd 
)
LaTeX Font Info:    Font shape `OMS/pcr/m/n' in size <10> not available
(Font)              Font shape `OMS/cmsy/m/n' tried instead on input line 259.
<./pic/dataset_new.png, id=142, 1002.74625pt x 238.64156pt>
File: ./pic/dataset_new.png Graphic file (type png)
<use ./pic/dataset_new.png>
Package pdftex.def Info: ./pic/dataset_new.png  used on input line 271.
(pdftex.def)             Requested size: 397.48499pt x 94.59555pt.
 [1{d:/texlive/texmf-var/fonts/map/pdftex/updmap/pdftex.map}

] [2 <./pic/dataset_new.png (PNG copy)>]
Package hyperref Info: bookmark level for unknown definition defaults to 0 on i
nput line 307.


LaTeX Font Warning: Command \small invalid in math mode on input line 310.

LaTeX Font Info:    Calculating math sizes for size <> on input line 314.

LaTeX Font Warning: Font shape `OT1/cmr/m/n' in size <> not available
(Font)              size <5> substituted on input line 314.


LaTeX Font Warning: Font shape `OT1/cmr/m/n' in size <0.7> not available
(Font)              size <5> substituted on input line 314.


LaTeX Font Warning: Font shape `OT1/cmr/m/n' in size <0.5> not available
(Font)              size <5> substituted on input line 314.


LaTeX Font Warning: Font shape `OML/cmm/m/it' in size <> not available
(Font)              size <5> substituted on input line 314.


LaTeX Font Warning: Font shape `OML/cmm/m/it' in size <0.7> not available
(Font)              size <5> substituted on input line 314.


LaTeX Font Warning: Font shape `OML/cmm/m/it' in size <0.5> not available
(Font)              size <5> substituted on input line 314.


LaTeX Font Warning: Font shape `OMS/cmsy/m/n' in size <> not available
(Font)              size <5> substituted on input line 314.


LaTeX Font Warning: Font shape `OMS/cmsy/m/n' in size <0.7> not available
(Font)              size <5> substituted on input line 314.


LaTeX Font Warning: Font shape `OMS/cmsy/m/n' in size <0.5> not available
(Font)              size <5> substituted on input line 314.


LaTeX Font Warning: Command \small invalid in math mode on input line 319.

Package hyperref Info: bookmark level for unknown proposition defaults to 0 on 
input line 334.
[3]
Package hyperref Info: bookmark level for unknown theorem defaults to 0 on inpu
t line 340.
Package hyperref Info: bookmark level for unknown remark defaults to 0 on input
 line 348.


LaTeX Font Warning: Command \small invalid in math mode on input line 359.


LaTeX Font Warning: Command \small invalid in math mode on input line 374.


LaTeX Font Warning: Command \small invalid in math mode on input line 386.

[4]
Package hyperref Info: bookmark level for unknown assumption defaults to 0 on i
nput line 391.


LaTeX Font Warning: Command \small invalid in math mode on input line 397.


LaTeX Font Warning: Command \small invalid in math mode on input line 409.


LaTeX Font Warning: Command \small invalid in math mode on input line 420.

[5]

LaTeX Font Warning: Command \small invalid in math mode on input line 429.


LaTeX Font Warning: Command \small invalid in math mode on input line 436.

Package hyperref Info: bookmark level for unknown algorithm defaults to 0 on in
put line 446.

LaTeX Font Warning: Command \small invalid in math mode on input line 472.


LaTeX Font Warning: Command \small invalid in math mode on input line 478.

[6]

LaTeX Font Warning: Command \small invalid in math mode on input line 505.


LaTeX Font Warning: Command \small invalid in math mode on input line 524.

[7] [8] [9]
(./Improved OOD Generalization via Conditional Invariant Regularizer.bbl
[10] [11] [12]) [13]
\openout2 = `appendix.aux'.

 (./appendix.tex

LaTeX Font Warning: Command \small invalid in math mode on input line 6.

Package hyperref Info: bookmark level for unknown example defaults to 0 on inpu
t line 11.

LaTeX Font Warning: Command \small invalid in math mode on input line 41.


LaTeX Font Warning: Command \small invalid in math mode on input line 41.


LaTeX Font Warning: Command \small invalid in math mode on input line 41.


LaTeX Font Warning: Command \small invalid in math mode on input line 41.


LaTeX Font Warning: Command \small invalid in math mode on input line 48.


LaTeX Font Warning: Command \small invalid in math mode on input line 56.

[14

]

LaTeX Font Warning: Command \small invalid in math mode on input line 72.


LaTeX Font Warning: Command \small invalid in math mode on input line 79.


LaTeX Font Warning: Command \small invalid in math mode on input line 87.


LaTeX Font Warning: Command \small invalid in math mode on input line 96.


LaTeX Font Warning: Command \small invalid in math mode on input line 112.


LaTeX Font Warning: Command \small invalid in math mode on input line 120.


LaTeX Font Warning: Command \small invalid in math mode on input line 125.

[15]

LaTeX Font Warning: Command \small invalid in math mode on input line 130.


Underfull \hbox (badness 3019) in paragraph at lines 139--141
\OT1/ptm/m/n/10 (+20) Since $\OML/cmm/m/it/10 R[]\OT1/cmr/m/n/10 (\OML/cmm/m/it
/10 P; f[]\OT1/cmr/m/n/10 )$ \OT1/ptm/m/n/10 (+20) is con-tin-u-ous w.r.t. to $
\OML/cmm/m/it/10 ^^[[]\OT1/cmr/m/n/10 (\OML/cmm/m/it/10 P\OT1/cmr/m/n/10 )$ \OT
1/ptm/m/n/10 (+20) and $[]$, we have that $[][]\OT1/cmr/m/n/10 (\OML/cmm/m/it/1
0 P\OT1/cmr/m/n/10 ) =
 []


LaTeX Font Warning: Command \small invalid in math mode on input line 142.


LaTeX Font Warning: Command \small invalid in math mode on input line 150.


LaTeX Font Warning: Command \small invalid in math mode on input line 157.


LaTeX Font Warning: Command \small invalid in math mode on input line 164.


LaTeX Font Warning: Command \small invalid in math mode on input line 175.

[16]

LaTeX Font Warning: Command \small invalid in math mode on input line 182.


LaTeX Font Warning: Command \small invalid in math mode on input line 190.


LaTeX Font Warning: Command \small invalid in math mode on input line 198.


LaTeX Font Warning: Command \small invalid in math mode on input line 207.


LaTeX Font Warning: Command \small invalid in math mode on input line 216.


LaTeX Font Warning: Command \small invalid in math mode on input line 226.

[17]

LaTeX Font Warning: Command \small invalid in math mode on input line 237.


LaTeX Font Warning: Command \small invalid in math mode on input line 241.


LaTeX Font Warning: Command \small invalid in math mode on input line 249.


LaTeX Font Warning: Command \small invalid in math mode on input line 257.


LaTeX Font Warning: Command \small invalid in math mode on input line 270.


LaTeX Font Warning: Command \small invalid in math mode on input line 278.


LaTeX Font Warning: Command \small invalid in math mode on input line 285.

Package hyperref Info: bookmark level for unknown lemma defaults to 0 on input 
line 290.

LaTeX Font Warning: Command \small invalid in math mode on input line 293.


LaTeX Font Warning: Command \small invalid in math mode on input line 300.


LaTeX Font Warning: Command \small invalid in math mode on input line 317.

[18]

LaTeX Font Warning: Command \small invalid in math mode on input line 322.


Overfull \hbox (37.3721pt too wide) detected at line 326
[][][][][]
 []


LaTeX Font Warning: Command \small invalid in math mode on input line 329.


LaTeX Font Warning: Command \small invalid in math mode on input line 339.


LaTeX Font Warning: Command \small invalid in math mode on input line 347.


LaTeX Font Warning: Command \small invalid in math mode on input line 354.


LaTeX Font Warning: Command \small invalid in math mode on input line 358.


LaTeX Font Warning: Command \small invalid in math mode on input line 365.

[19]

LaTeX Font Warning: Command \small invalid in math mode on input line 375.


LaTeX Font Warning: Command \small invalid in math mode on input line 386.


LaTeX Font Warning: Command \small invalid in math mode on input line 393.


LaTeX Font Warning: Command \small invalid in math mode on input line 398.


Underfull \hbox (badness 3668) in paragraph at lines 405--407
\OT1/ptm/m/n/10 (+20) holds with prob-a-bil-ity at least $\OT1/cmr/m/n/10 1 \OM
S/cmsy/m/n/10 ^^@ \OML/cmm/m/it/10 ^^N$ \OT1/ptm/m/n/10 (+20) due to the def-i-
ni-tion of $[]$. Then sup-pose
 []


LaTeX Font Warning: Command \small invalid in math mode on input line 408.


LaTeX Font Warning: Command \small invalid in math mode on input line 417.

[20]

LaTeX Font Warning: Command \small invalid in math mode on input line 427.


LaTeX Font Warning: Command \small invalid in math mode on input line 435.


LaTeX Font Warning: Command \small invalid in math mode on input line 442.


LaTeX Font Warning: Command \small invalid in math mode on input line 449.


LaTeX Font Warning: Command \small invalid in math mode on input line 457.


LaTeX Font Warning: Command \small invalid in math mode on input line 466.


Package hyperref Warning: Token not allowed in a PDF string (Unicode):
(hyperref)                removing `\hbox' on input line 472.


Package hyperref Warning: Token not allowed in a PDF string (Unicode):
(hyperref)                removing `\mathsurround' on input line 472.


Package hyperref Warning: Token not allowed in a PDF string (Unicode):
(hyperref)                removing `\z@' on input line 472.


Package hyperref Warning: Token not allowed in a PDF string (Unicode):
(hyperref)                removing `\unskip' on input line 472.


Package hyperref Warning: Token not allowed in a PDF string (Unicode):
(hyperref)                removing `\@@italiccorr' on input line 472.


LaTeX Font Warning: Command \small invalid in math mode on input line 475.

[21]

LaTeX Font Warning: Command \small invalid in math mode on input line 487.


LaTeX Font Warning: Command \small invalid in math mode on input line 497.


LaTeX Font Warning: Command \small invalid in math mode on input line 506.


LaTeX Font Warning: Command \small invalid in math mode on input line 511.


Overfull \hbox (13.144pt too wide) detected at line 519
[][][][][]
 []


LaTeX Font Warning: Command \small invalid in math mode on input line 522.


LaTeX Font Warning: Command \small invalid in math mode on input line 529.


LaTeX Font Warning: Command \small invalid in math mode on input line 545.


LaTeX Font Warning: Command \small invalid in math mode on input line 553.

Package microtype Info: Loading generic protrusion settings for font family
(microtype)             `cmss' (encoding: OT1).
(microtype)             For optimal results, create family-specific settings.
(microtype)             See the microtype manual for details.

LaTeX Font Warning: Command \small invalid in math mode on input line 558.

[22]

LaTeX Font Warning: Font shape `OT1/cmss/m/n' in size <> not available
(Font)              size <5> substituted on input line 565.


LaTeX Font Warning: Font shape `OT1/cmss/m/n' in size <0.7> not available
(Font)              size <5> substituted on input line 565.


LaTeX Font Warning: Font shape `OT1/cmss/m/n' in size <0.5> not available
(Font)              size <5> substituted on input line 565.


LaTeX Font Warning: Command \small invalid in math mode on input line 568.


LaTeX Font Warning: Command \small invalid in math mode on input line 573.


LaTeX Font Warning: Command \small invalid in math mode on input line 578.


LaTeX Font Warning: Command \small invalid in math mode on input line 589.


LaTeX Font Warning: Command \small invalid in math mode on input line 594.


LaTeX Font Warning: Command \small invalid in math mode on input line 610.


LaTeX Font Warning: Command \small invalid in math mode on input line 615.


LaTeX Font Warning: Command \small invalid in math mode on input line 623.


LaTeX Font Warning: Command \small invalid in math mode on input line 629.

[23]

LaTeX Font Warning: Command \small invalid in math mode on input line 640.


LaTeX Font Warning: Command \small invalid in math mode on input line 654.


LaTeX Font Warning: Command \small invalid in math mode on input line 665.


Underfull \vbox (badness 7963) has occurred while \output is active []

 [24]

LaTeX Font Warning: Command \small invalid in math mode on input line 674.


LaTeX Font Warning: Command \small invalid in math mode on input line 685.


LaTeX Font Warning: Command \small invalid in math mode on input line 698.


LaTeX Font Warning: Command \small invalid in math mode on input line 708.


LaTeX Font Warning: Command \small invalid in math mode on input line 715.

[25]

LaTeX Font Warning: Command \small invalid in math mode on input line 724.


LaTeX Font Warning: Command \small invalid in math mode on input line 734.


LaTeX Font Warning: Command \small invalid in math mode on input line 744.


LaTeX Font Warning: Command \small invalid in math mode on input line 748.


LaTeX Font Warning: Command \small invalid in math mode on input line 753.


LaTeX Font Warning: Command \small invalid in math mode on input line 758.


LaTeX Font Warning: Command \small invalid in math mode on input line 766.

[26]

LaTeX Font Warning: Command \small invalid in math mode on input line 776.


LaTeX Font Warning: Command \small invalid in math mode on input line 784.


LaTeX Font Warning: Command \small invalid in math mode on input line 794.


LaTeX Font Warning: Command \small invalid in math mode on input line 800.


LaTeX Font Warning: Command \small invalid in math mode on input line 808.


LaTeX Font Warning: Command \small invalid in math mode on input line 813.

[27] [28]
<./pic/F1.jpg, id=950, 281.05pt x 281.05pt>
File: ./pic/F1.jpg Graphic file (type jpg)
<use ./pic/F1.jpg>
Package pdftex.def Info: ./pic/F1.jpg  used on input line 874.
(pdftex.def)             Requested size: 119.2467pt x 119.24524pt.
<./pic/F2.jpg, id=951, 281.05pt x 281.05pt>
File: ./pic/F2.jpg Graphic file (type jpg)
<use ./pic/F2.jpg>
Package pdftex.def Info: ./pic/F2.jpg  used on input line 877.
(pdftex.def)             Requested size: 119.2467pt x 119.24524pt.
<./pic/R.jpg, id=952, 281.05pt x 281.05pt>
File: ./pic/R.jpg Graphic file (type jpg)
<use ./pic/R.jpg>
Package pdftex.def Info: ./pic/R.jpg  used on input line 880.
(pdftex.def)             Requested size: 119.2467pt x 119.24524pt.
 [29 <./pic/F1.jpg> <./pic/F2.jpg> <./pic/R.jpg>]
Overfull \hbox (2.91386pt too wide) in paragraph at lines 966--967
 [][] 
 []


Overfull \hbox (0.66512pt too wide) in paragraph at lines 990--991
 [][] 
 []

[30]
Underfull \vbox (badness 10000) has occurred while \output is active []

 [31]
[32]
LaTeX Font Info:    Trying to load font information for OMS+ptm on input line 1
084.
 (d:/texlive/texmf-dist/tex/latex/psnfss/omsptm.fd
File: omsptm.fd 
)
LaTeX Font Info:    Font shape `OMS/ptm/m/n' in size <10> not available
(Font)              Font shape `OMS/cmsy/m/n' tried instead on input line 1084.

 [33]
Overfull \hbox (1.90002pt too wide) in paragraph at lines 1109--1150
[]$[]$ $[]$ 
 []


Underfull \hbox (badness 10000) in paragraph at lines 1176--1176
[]\OT1/ptm/m/n/10 (+20) Table 13: |Hy-per-pa-ram-e-ters on
 []


Overfull \hbox (1.90002pt too wide) in paragraph at lines 1153--1197
[]$[]$ $[]$ 
 []


Overfull \hbox (1.90002pt too wide) in paragraph at lines 1202--1245
[]$[]$ $[]$ 
 []

) [34] [35]
(./Improved OOD Generalization via Conditional Invariant Regularizer.aux
(./appendix.aux))

LaTeX Font Warning: Size substitutions with differences
(Font)              up to 4.5pt have occurred.

Package rerunfilecheck Info: File `"Improved OOD Generalization via Conditional
 Invariant Regularizer".out' has not changed.
(rerunfilecheck)             Checksum: 307BD66508F0694ECD66BF7733B6B56A;5561.
 ) 
Here is how much of TeX's memory you used:
 17406 strings out of 478268
 280356 string characters out of 5852841
 639112 words of memory out of 5000000
 34574 multiletter control sequences out of 15000+600000
 525190 words of font info for 336 fonts, out of 8000000 for 9000
 1141 hyphenation exceptions out of 8191
 67i,17n,77p,1583b,711s stack positions out of 10000i,1000n,20000p,200000b,200000s
{d:/texlive/texmf-dist/fonts/enc/dvips/base/8r.enc}<d:/texlive/texmf-dist/fon
ts/type1/public/amsfonts/cm/cmex10.pfb><d:/texlive/texmf-dist/fonts/type1/publi
c/amsfonts/cmextra/cmex9.pfb><d:/texlive/texmf-dist/fonts/type1/public/amsfonts
/cm/cmmi10.pfb><d:/texlive/texmf-dist/fonts/type1/public/amsfonts/cm/cmmi5.pfb>
<d:/texlive/texmf-dist/fonts/type1/public/amsfonts/cm/cmmi6.pfb><d:/texlive/tex
mf-dist/fonts/type1/public/amsfonts/cm/cmmi7.pfb><d:/texlive/texmf-dist/fonts/t
ype1/public/amsfonts/cm/cmmi9.pfb><d:/texlive/texmf-dist/fonts/type1/public/ams
fonts/cm/cmmib10.pfb><d:/texlive/texmf-dist/fonts/type1/public/amsfonts/cmextra
/cmmib5.pfb><d:/texlive/texmf-dist/fonts/type1/public/amsfonts/cmextra/cmmib6.p
fb><d:/texlive/texmf-dist/fonts/type1/public/amsfonts/cmextra/cmmib7.pfb><d:/te
xlive/texmf-dist/fonts/type1/public/amsfonts/cmextra/cmmib9.pfb><d:/texlive/tex
mf-dist/fonts/type1/public/amsfonts/cm/cmr10.pfb><d:/texlive/texmf-dist/fonts/t
ype1/public/amsfonts/cm/cmr5.pfb><d:/texlive/texmf-dist/fonts/type1/public/amsf
onts/cm/cmr6.pfb><d:/texlive/texmf-dist/fonts/type1/public/amsfonts/cm/cmr7.pfb
><d:/texlive/texmf-dist/fonts/type1/public/amsfonts/cm/cmr9.pfb><d:/texlive/tex
mf-dist/fonts/type1/public/amsfonts/cm/cmss9.pfb><d:/texlive/texmf-dist/fonts/t
ype1/public/amsfonts/cm/cmsy10.pfb><d:/texlive/texmf-dist/fonts/type1/public/am
sfonts/cm/cmsy5.pfb><d:/texlive/texmf-dist/fonts/type1/public/amsfonts/cm/cmsy6
.pfb><d:/texlive/texmf-dist/fonts/type1/public/amsfonts/cm/cmsy7.pfb><d:/texliv
e/texmf-dist/fonts/type1/public/amsfonts/cm/cmsy9.pfb><d:/texlive/texmf-dist/fo
nts/type1/public/amsfonts/symbols/msbm10.pfb><d:/texlive/texmf-dist/fonts/type1
/public/amsfonts/symbols/msbm7.pfb><d:/texlive/texmf-dist/fonts/type1/urw/couri
er/ucrb8a.pfb><d:/texlive/texmf-dist/fonts/type1/urw/courier/ucrr8a.pfb><d:/tex
live/texmf-dist/fonts/type1/urw/times/utmb8a.pfb><d:/texlive/texmf-dist/fonts/t
ype1/urw/times/utmr8a.pfb><d:/texlive/texmf-dist/fonts/type1/urw/times/utmri8a.
pfb>
Output written on "Improved OOD Generalization via Conditional Invariant Regula
rizer.pdf" (35 pages, 947812 bytes).
PDF statistics:
 1300 PDF objects out of 1440 (max. 8388607)
 1178 compressed objects within 12 object streams
 386 named destinations out of 1000 (max. 500000)
 78605 words of extra memory for PDF output out of 89155 (max. 10000000)

