latexml (LaTeXML version 0.8.8) processing Improved_OOD_Generalization_via_Conditional_Invariant_Regularizer.tex
(Digesting TeX Improved_OOD_Generalization_via_Conditional_Invariant_Regularizer...
(Loading /usr/share/perl5/LaTeXML/Package/TeX.pool.ltxml...
(Loading /usr/share/perl5/LaTeXML/Package/eTeX.pool.ltxml... 0.00 sec)
(Loading /usr/share/perl5/LaTeXML/Package/pdfTeX.pool.ltxml... 0.00 sec) 0.07 sec)
(Processing content /home/miri/Documents/DataLit/arXiv_src_fetcher/ICLR_2023_first100/-jTaz3CMk72/Improved_OOD_Generalization_via_Conditional_Invariant_Regularizer.tex...
(Loading /usr/share/perl5/LaTeXML/Package/LaTeX.pool.ltxml...
(Loading /usr/share/perl5/LaTeXML/Package/textcomp.sty.ltxml...
(Processing definitions /usr/share/texlive/texmf-dist/tex/latex/base/ts1enc.dfu... 0.01 sec) 0.04 sec) 0.15 sec)
(Loading /usr/share/perl5/LaTeXML/Package/article.cls.ltxml... 0.01 sec)
Warning:missing_file:iclr2023_conference Can't find binding for package iclr2023_conference
	at Improved_OOD_Generalization_via_Conditional_Invariant_Regularizer.tex; line 3 col 0 - line 3 col 1
	Anticipate undefined macros or environments
	search paths are /home/miri/Documents/DataLit/arXiv_src_fetcher/ICLR_2023_first100/-jTaz3CMk72
	In Core::Definition::Constructor[\usepac... /usr/share/perl5/LaTeXML/Package/LaTeX.pool.ltxml; line 879
Info:dependencies:dependencies Loading dependencies for /home/miri/Documents/DataLit/arXiv_src_fetcher/ICLR_2023_first100/-jTaz3CMk72/iclr2023_conference.sty: fancyhdr,natbib,eso-pic
	at Improved_OOD_Generalization_via_Conditional_Invariant_Regularizer.tex; line 3 col 0 - line 3 col 1
(Loading /usr/share/perl5/LaTeXML/Package/fancyhdr.sty.ltxml... 0.00 sec)
(Loading /usr/share/perl5/LaTeXML/Package/natbib.sty.ltxml... 0.01 sec)
(Loading /usr/share/perl5/LaTeXML/Package/times.sty.ltxml... 0.00 sec)
(Loading /usr/share/perl5/LaTeXML/Package/hyperref.sty.ltxml...
(Loading /usr/share/perl5/LaTeXML/Package/ltxcmds.sty.ltxml...
(Processing definitions /usr/share/texlive/texmf-dist/tex/generic/ltxcmds/ltxcmds.sty... 0.04 sec) 0.04 sec)
(Loading /usr/share/perl5/LaTeXML/Package/keyval.sty.ltxml...
(Processing definitions /usr/share/texlive/texmf-dist/tex/latex/graphics/keyval.sty... 0.01 sec) 0.01 sec)
(Loading /usr/share/perl5/LaTeXML/Package/kvsetkeys.sty.ltxml...
(Processing definitions /usr/share/texlive/texmf-dist/tex/latex/kvsetkeys/kvsetkeys.sty... 0.03 sec) 0.03 sec)
(Loading /usr/share/perl5/LaTeXML/Package/kvdefinekeys.sty.ltxml...
(Processing definitions /usr/share/texlive/texmf-dist/tex/generic/kvdefinekeys/kvdefinekeys.sty... 0.01 sec) 0.01 sec)
(Loading /usr/share/perl5/LaTeXML/Package/kvoptions.sty.ltxml...
(Processing definitions /usr/share/texlive/texmf-dist/tex/latex/kvoptions/kvoptions.sty... 0.07 sec) 0.07 sec)
(Loading /usr/share/perl5/LaTeXML/Package/nameref.sty.ltxml...
(Loading /usr/share/perl5/LaTeXML/Package/refcount.sty.ltxml...
(Processing definitions /usr/share/texlive/texmf-dist/tex/latex/refcount/refcount.sty...
(Loading /usr/share/perl5/LaTeXML/Package/infwarerr.sty.ltxml...
(Processing definitions /usr/share/texlive/texmf-dist/tex/generic/infwarerr/infwarerr.sty... 0.02 sec) 0.02 sec) 0.05 sec) 0.05 sec)
(Loading /usr/share/perl5/LaTeXML/Package/gettitlestring.sty.ltxml...
(Processing definitions /usr/share/texlive/texmf-dist/tex/generic/gettitlestring/gettitlestring.sty... 0.05 sec) 0.05 sec) 0.11 sec)
(Loading /usr/share/perl5/LaTeXML/Package/url.sty.ltxml... 0.00 sec)
(Loading /usr/share/perl5/LaTeXML/Package/bitset.sty.ltxml...
(Processing definitions /usr/share/texlive/texmf-dist/tex/generic/bitset/bitset.sty...
(Loading /usr/share/perl5/LaTeXML/Package/intcalc.sty.ltxml...
(Processing definitions /usr/share/texlive/texmf-dist/tex/generic/intcalc/intcalc.sty... 0.03 sec) 0.03 sec)
(Loading /usr/share/perl5/LaTeXML/Package/bigintcalc.sty.ltxml...
(Processing definitions /usr/share/texlive/texmf-dist/tex/generic/bigintcalc/bigintcalc.sty...
(Loading /usr/share/perl5/LaTeXML/Package/pdftexcmds.sty.ltxml...
(Loading /usr/share/perl5/LaTeXML/Package/iftex.sty.ltxml... 0.00 sec) 0.00 sec) 0.08 sec) 0.08 sec) 0.19 sec) 0.19 sec) 0.50 sec)
(Loading /usr/share/perl5/LaTeXML/Package/booktabs.sty.ltxml... 0.00 sec)
(Loading /usr/share/perl5/LaTeXML/Package/amsfonts.sty.ltxml... 0.00 sec)
(Loading /usr/share/perl5/LaTeXML/Package/nicefrac.sty.ltxml...
(Loading /usr/share/perl5/LaTeXML/Package/ifthen.sty.ltxml...
(Processing definitions /usr/share/texlive/texmf-dist/tex/latex/base/ifthen.sty... 0.01 sec) 0.01 sec) 0.01 sec)
(Loading /usr/share/perl5/LaTeXML/Package/microtype.sty.ltxml... 0.00 sec)
(Loading /usr/share/perl5/LaTeXML/Package/graphicx.sty.ltxml...
(Loading /usr/share/perl5/LaTeXML/Package/graphics.sty.ltxml... 0.00 sec) 0.01 sec)
(Loading /usr/share/perl5/LaTeXML/Package/subcaption.sty.ltxml...
(Loading /usr/share/perl5/LaTeXML/Package/caption.sty.ltxml... 0.00 sec) 0.01 sec)
(Loading /usr/share/perl5/LaTeXML/Package/amsmath.sty.ltxml...
(Loading /usr/share/perl5/LaTeXML/Package/amsbsy.sty.ltxml...
(Loading /usr/share/perl5/LaTeXML/Package/amsgen.sty.ltxml... 0.00 sec) 0.01 sec)
(Loading /usr/share/perl5/LaTeXML/Package/amstext.sty.ltxml... 0.00 sec)
(Loading /usr/share/perl5/LaTeXML/Package/amsopn.sty.ltxml... 0.00 sec) 0.04 sec)
(Loading /usr/share/perl5/LaTeXML/Package/amsthm.sty.ltxml... 0.01 sec)
(Loading /usr/share/perl5/LaTeXML/Package/amssymb.sty.ltxml... 0.01 sec)
(Loading /usr/share/perl5/LaTeXML/Package/mathtools.sty.ltxml...
(Loading /usr/share/perl5/LaTeXML/Package/calc.sty.ltxml... 0.00 sec) 0.02 sec)
(Loading /usr/share/perl5/LaTeXML/Package/algorithm.sty.ltxml...
Warning:missing_file:algorithm Can't find package algorithm
	at algorithm.sty.ltxml; line 20
	Anticipate undefined macros or environments
	In Core::Gullet[@0x5d0607c43828] /usr/share/perl5/LaTeXML/Package/algorithm.sty.ltxml; line 20
 0.01 sec)
(Loading /usr/share/perl5/LaTeXML/Package/algorithmic.sty.ltxml...
Warning:missing_file:algorithmic Can't find package algorithmic
	at algorithmic.sty.ltxml; line 26
	Anticipate undefined macros or environments
	In Core::Gullet[@0x5d0607c43828] /usr/share/perl5/LaTeXML/Package/algorithmic.sty.ltxml; line 26
 0.01 sec)
(Loading /usr/share/perl5/LaTeXML/Package/thmtools.sty.ltxml... 0.00 sec)
(Loading /usr/share/perl5/LaTeXML/Package/thm-restate.sty.ltxml... 0.00 sec)
(Loading /usr/share/perl5/LaTeXML/Package/multirow.sty.ltxml... 0.00 sec)
(Loading /usr/share/perl5/LaTeXML/Package/xcolor.sty.ltxml...
(Loading /usr/share/perl5/LaTeXML/Package/color.sty.ltxml... 0.01 sec) 0.03 sec)
Error:undefined:\iclrfinalcopy The token T_CS[\iclrfinalcopy] is not defined.
	at Improved_OOD_Generalization_via_Conditional_Invariant_Regularizer.tex; line 255 col 0 - line 255 col 14
	Defining it now as <ltx:ERROR/>
	Next token is T_CS[\begin] ( == Core::Definition::Expandable[\begin {}])
	In Core::Gullet[@0x5d0607c43828] /home/miri/Documents/DataLit/arXiv_src_fetcher/ICLR_2023_first100/-jTaz3CMk72/Improved_OOD_Generalization_via_Conditional_Invariant_Regularizer.tex; from line 256 col 6 to line 256 col 6
	 <= Core::Stomach[@0x5d060565cb78] <= ...
Error:undefined:{algorithm} The environment {algorithm} is not defined.
	at Improved_OOD_Generalization_via_Conditional_Invariant_Regularizer.tex; line 444 col 18 - line 444 col 18
	Next token is T_OTHER[[] ( == T_OTHER[[])
	In Core::Definition::Expandable[\begin {}] /usr/share/perl5/LaTeXML/Package/LaTeX.pool.ltxml; line 182
	 <= Core::Gullet[@0x5d0607c43828] <= Core::Stomach[@0x5d060565cb78] <= ...
Error:unexpected:\caption Use of \caption outside any known float
	at Improved_OOD_Generalization_via_Conditional_Invariant_Regularizer.tex; line 446 col 10 - line 446 col 10
	In Core::Definition::Constructor[\@@gene... /usr/share/perl5/LaTeXML/Package/LaTeX.pool.ltxml; line 3392
	 <= Core::Stomach[@0x5d060565cb78] <= ...
Error:undefined:\lx@orig@algorithmic The token T_CS[\lx@orig@algorithmic] is not defined.
	at Improved_OOD_Generalization_via_Conditional_Invariant_Regularizer.tex; line 452 col 21 - line 452 col 21
	Defining it now as <ltx:ERROR/>
	Next token is T_OTHER[[] ( == T_OTHER[[])
	In Core::Gullet[@0x5d0607c43828] /home/miri/Documents/DataLit/arXiv_src_fetcher/ICLR_2023_first100/-jTaz3CMk72/Improved_OOD_Generalization_via_Conditional_Invariant_Regularizer.tex; from line 452 col 22 to line 452 col 22
	 <= Core::Stomach[@0x5d060565cb78] <= ...
Error:undefined:\FOR The token T_CS[\FOR] is not defined.
	at Improved_OOD_Generalization_via_Conditional_Invariant_Regularizer.tex; line 453 col 7 - line 453 col 7
	Defining it now as <ltx:ERROR/>
	Next token is T_BEGIN[{] ( == T_BEGIN[{])
	In Core::Gullet[@0x5d0607c43828] /home/miri/Documents/DataLit/arXiv_src_fetcher/ICLR_2023_first100/-jTaz3CMk72/Improved_OOD_Generalization_via_Conditional_Invariant_Regularizer.tex; from line 453 col 12 to line 453 col 12
	 <= Core::Stomach[@0x5d060565cb78] <= ...
Error:undefined:\STATE The token T_CS[\STATE] is not defined.
	at Improved_OOD_Generalization_via_Conditional_Invariant_Regularizer.tex; line 455 col 9 - line 455 col 9
	Defining it now as <ltx:ERROR/>
	Next token is T_BEGIN[{] ( == T_BEGIN[{])
	In Core::Gullet[@0x5d0607c43828] /home/miri/Documents/DataLit/arXiv_src_fetcher/ICLR_2023_first100/-jTaz3CMk72/Improved_OOD_Generalization_via_Conditional_Invariant_Regularizer.tex; from line 455 col 12 to line 455 col 12
	 <= Core::Stomach[@0x5d060565cb78] <= ...
Error:undefined:\ENDFOR The token T_CS[\ENDFOR] is not defined.
	at Improved_OOD_Generalization_via_Conditional_Invariant_Regularizer.tex; line 459 col 0 - line 459 col 10
	Defining it now as <ltx:ERROR/>
	Next token is T_CS[\STATE] ( == Core::Definition::Constructor[\STATE])
	In Core::Gullet[@0x5d0607c43828] /home/miri/Documents/DataLit/arXiv_src_fetcher/ICLR_2023_first100/-jTaz3CMk72/Improved_OOD_Generalization_via_Conditional_Invariant_Regularizer.tex; from line 460 col 9 to line 460 col 9
	 <= Core::Stomach[@0x5d060565cb78] <= ...
Info:unexpected:rowspan Rowspan 9 in cell(3,0) covers non-empty cells; truncating.to 7
	at Improved_OOD_Generalization_via_Conditional_Invariant_Regularizer.tex; line 580 col 0 - line 580 col 17
(Processing content /home/miri/Documents/DataLit/arXiv_src_fetcher/ICLR_2023_first100/-jTaz3CMk72/appendix.tex...
Error:unexpected:\caption Use of \caption outside any known float
	at appendix.tex; line 1034 col 9 - line 1034 col 9
	In Core::Definition::Constructor[\@@gene... /usr/share/perl5/LaTeXML/Package/LaTeX.pool.ltxml; line 3392
	 <= Core::Stomach[@0x5d060565cb78] <= ...
Error:unexpected:\caption Use of \caption outside any known float
	at appendix.tex; line 1061 col 9 - line 1061 col 9
	In Core::Definition::Constructor[\@@gene... /usr/share/perl5/LaTeXML/Package/LaTeX.pool.ltxml; line 3392
	 <= Core::Stomach[@0x5d060565cb78] <= ...
 4.10 sec) 6.66 sec) 6.77 sec)
(Building...
(Loading compiled schema /usr/share/perl5/LaTeXML/resources/RelaxNG/LaTeXML.model... 0.01 sec)
Warning:uninitialized:value Use of uninitialized value value in string eq
	at at /usr/share/perl5/LaTeXML/Core/Alignment.pm line 1294
	In Alignment[] /home/miri/Documents/DataLit/arXiv_src_fetcher/ICLR_2023_first100/-jTaz3CMk72/Improved_OOD_Generalization_via_Conditional_Invariant_Regularizer.tex; from line 580 col 0 to line 580 col 17
Warning:uninitialized:value Use of uninitialized value value in string eq
	at at /usr/share/perl5/LaTeXML/Core/Alignment.pm line 1294
	In Alignment[] /home/miri/Documents/DataLit/arXiv_src_fetcher/ICLR_2023_first100/-jTaz3CMk72/Improved_OOD_Generalization_via_Conditional_Invariant_Regularizer.tex; from line 580 col 0 to line 580 col 17
Warning:uninitialized:value Use of uninitialized value value in string eq
	at at /usr/share/perl5/LaTeXML/Core/Alignment.pm line 1294
	In Alignment[] /home/miri/Documents/DataLit/arXiv_src_fetcher/ICLR_2023_first100/-jTaz3CMk72/Improved_OOD_Generalization_via_Conditional_Invariant_Regularizer.tex; from line 580 col 0 to line 580 col 17
Warning:uninitialized:value Use of uninitialized value value in hash element
	at at /usr/share/perl5/LaTeXML/Core/Alignment.pm line 923
	In Alignment[] /home/miri/Documents/DataLit/arXiv_src_fetcher/ICLR_2023_first100/-jTaz3CMk72/Improved_OOD_Generalization_via_Conditional_Invariant_Regularizer.tex; from line 580 col 0 to line 580 col 17
Warning:uninitialized:value Use of uninitialized value value in hash element
	at at /usr/share/perl5/LaTeXML/Core/Alignment.pm line 923
	In Alignment[] /home/miri/Documents/DataLit/arXiv_src_fetcher/ICLR_2023_first100/-jTaz3CMk72/Improved_OOD_Generalization_via_Conditional_Invariant_Regularizer.tex; from line 580 col 0 to line 580 col 17
Warning:uninitialized:value Use of uninitialized value value in hash element
	at at /usr/share/perl5/LaTeXML/Core/Alignment.pm line 923
	In Alignment[] /home/miri/Documents/DataLit/arXiv_src_fetcher/ICLR_2023_first100/-jTaz3CMk72/Improved_OOD_Generalization_via_Conditional_Invariant_Regularizer.tex; from line 580 col 0 to line 580 col 17
Warning:uninitialized:value Use of uninitialized value value in string eq
	at at /usr/share/perl5/LaTeXML/Core/Alignment.pm line 1294
	In Alignment[] /home/miri/Documents/DataLit/arXiv_src_fetcher/ICLR_2023_first100/-jTaz3CMk72/Improved_OOD_Generalization_via_Conditional_Invariant_Regularizer.tex; from line 608 col 0 to line 608 col 17
Warning:uninitialized:value Use of uninitialized value value in string eq
	at at /usr/share/perl5/LaTeXML/Core/Alignment.pm line 1294
	In Alignment[] /home/miri/Documents/DataLit/arXiv_src_fetcher/ICLR_2023_first100/-jTaz3CMk72/Improved_OOD_Generalization_via_Conditional_Invariant_Regularizer.tex; from line 608 col 0 to line 608 col 17
Warning:uninitialized:value Use of uninitialized value value in hash element
	at at /usr/share/perl5/LaTeXML/Core/Alignment.pm line 923
	In Alignment[] /home/miri/Documents/DataLit/arXiv_src_fetcher/ICLR_2023_first100/-jTaz3CMk72/Improved_OOD_Generalization_via_Conditional_Invariant_Regularizer.tex; from line 608 col 0 to line 608 col 17
Warning:uninitialized:value Use of uninitialized value value in hash element
	at at /usr/share/perl5/LaTeXML/Core/Alignment.pm line 923
	In Alignment[] /home/miri/Documents/DataLit/arXiv_src_fetcher/ICLR_2023_first100/-jTaz3CMk72/Improved_OOD_Generalization_via_Conditional_Invariant_Regularizer.tex; from line 608 col 0 to line 608 col 17
Warning:uninitialized:value Use of uninitialized value value in string eq
	at at /usr/share/perl5/LaTeXML/Core/Alignment.pm line 1294
	In Alignment[] /home/miri/Documents/DataLit/arXiv_src_fetcher/ICLR_2023_first100/-jTaz3CMk72/Improved_OOD_Generalization_via_Conditional_Invariant_Regularizer.tex; from line 639 col 0 to line 639 col 4
Warning:uninitialized:value Use of uninitialized value value in string eq
	at at /usr/share/perl5/LaTeXML/Core/Alignment.pm line 1294
	In Alignment[] /home/miri/Documents/DataLit/arXiv_src_fetcher/ICLR_2023_first100/-jTaz3CMk72/Improved_OOD_Generalization_via_Conditional_Invariant_Regularizer.tex; from line 639 col 0 to line 639 col 4
Warning:uninitialized:value Use of uninitialized value value in hash element
	at at /usr/share/perl5/LaTeXML/Core/Alignment.pm line 923
	In Alignment[] /home/miri/Documents/DataLit/arXiv_src_fetcher/ICLR_2023_first100/-jTaz3CMk72/Improved_OOD_Generalization_via_Conditional_Invariant_Regularizer.tex; from line 639 col 0 to line 639 col 4
Warning:uninitialized:value Use of uninitialized value value in hash element
	at at /usr/share/perl5/LaTeXML/Core/Alignment.pm line 923
	In Alignment[] /home/miri/Documents/DataLit/arXiv_src_fetcher/ICLR_2023_first100/-jTaz3CMk72/Improved_OOD_Generalization_via_Conditional_Invariant_Regularizer.tex; from line 639 col 0 to line 639 col 4
 7.33 sec)
(Rewriting... 0.52 sec)
(Math Parsing 1169 formulae ......
Warning:not_parsed:>VERTBAR MathParser failed to match rule 'Anything'
	at Improved_OOD_Generalization_via_Conditional_Invariant_Regularizer.tex; line 300 col 44 - line 300 col 52
	In "$\|\cdot\|$"
	> ∥[[VERTBAR]] ⋅[[MULOP]] ∥[[VERTBAR]]
Warning:not_parsed:RELOP>VERTBAR MathParser failed to match rule 'Anything'
	In "$\@@ENDINLINEMATH"
	=[[RELOP]]
	        > |[[VERTBAR]] ([[OPEN]] P[[UNKNOWN]] _{Y}[[POSTSUBSCRIPT]] ([[OPEN]] Y[[UNKNOWN]] =[[RELOP]] 1[[NUMBER]] )[[CLOSE]] -[[ADDOP]] Q[[UNKNOWN]] _{Y}[[POSTSUBSCRIPT]] ([[OPEN]] Y[[UNKNOWN]] =[[RELOP]] 1[[NUMBER]] )[[CLOSE]] )[[CLOSE]] ([[OPEN]] E[[UNKNOWN]] _{P}[[POSTSUBSCRIPT]] [[[OPEN]] L[[UNKNOWN]] ([[OPEN]] f[[UNKNOWN]] ([[OPEN]] X[[UNKNOWN]] )[[CLOSE]] ,[[PUNCT]] Y[[UNKNOWN]] )[[CLOSE]] ∣[[VERTBAR]] Y[[UNKNOWN]] =[[RELOP]] 1[[NUMBER]] ][[CLOSE]] -[[ADDOP]] E[[UNKNOWN]] _{Q}[[POSTSUBSCRIPT]] [[[OPEN]] L[[UNKNOWN]] ([[OPEN]] f[[UNKNOWN]] ([[OPEN]] X[[UNKNOWN]] )[[CLOSE]] ,[[PUNCT]] Y[[UNKNOWN]] )[[CLOSE]] ∣[[VERTBAR]] Y[[UNKNOWN]] ...
Warning:not_parsed:RELOP>VERTBAR MathParser failed to match rule 'Anything'
	at String; line 0 col 0 - line 0 col 0
	In "$\displaystyle=|(P_{Y}(Y=1)-Q_{Y}(Y=1))(\mathbb{E}_{P}[\mathcal{L}(f(X),Y)\mid
	Y%
	=1]-\mathbb{E}_{Q}[\mathcal{L}(f(X),Y)\mid Y=-1])|\@@ENDINLINEMATH"
	=[[RELOP]]
	        > |[[VERTBAR]] ([[OPEN]] P[[UNKNOWN]] _{Y}[[POSTSUBSCRIPT]] ([[OPEN]] Y[[UNKNOWN]] =[[RELOP]] 1[[NUMBER]] )[[CLOSE]] -[[ADDOP]] Q[[UNKNOWN]] _{Y}[[POSTSUBSCRIPT]] ([[OPEN]] Y[[UNKNOWN]] =[[RELOP]] 1[[NUMBER]] )[[CLOSE]] )[[CLOSE]] ([[OPEN]] E[[UNKNOWN]] _{P}[[POSTSUBSCRIPT]] [[[OPEN]] L[[UNKNOWN]] ([[OPEN]] f[[UNKNOWN]] ([[OPEN]] X[[UNKNOWN]] )[[CLOSE]] ,[[PUNCT]] Y[[UNKNOWN]] )[[CLOSE]] ∣[[VERTBAR]] Y[[UNKNOWN]] =[[RELOP]] 1[[NUMBER]] ][[CLOSE]] -[[ADDOP]] E[[UNKNOWN]] _{Q}[[POSTSUBSCRIPT]] [[[OPEN]] L[[UNKNOWN]] ([[OPEN]] f[[UNKNOWN]] ([[OPEN]] X[[UNKNOWN]] )[[CLOSE]] ,[[PUNCT]] Y[[UNKNOWN]] )[[CLOSE]] ∣[[VERTBAR]] Y[[UNKNOWN]] ...
Warning:not_parsed:RELOP>VERTBAR MathParser failed to match rule 'Anything'
	In "$\@@ENDINLINEMATH"
	=[[RELOP]]
	        > \left|[[VERTBAR]] ∫[[INTOP]] _{\mathcal{Y}}[[POSTSUBSCRIPT]] w[[UNKNOWN]] ([[OPEN]] y[[UNKNOWN]] )[[CLOSE]] E[[UNKNOWN]] _{P}[[POSTSUBSCRIPT]] [[[OPEN]] L[[UNKNOWN]] ([[OPEN]] f[[UNKNOWN]] ([[OPEN]] X[[UNKNOWN]] )[[CLOSE]] ,[[PUNCT]] Y[[UNKNOWN]] )[[CLOSE]] ∣[[VERTBAR]] Y[[UNKNOWN]] =[[RELOP]] y[[UNKNOWN]] ][[CLOSE]] d[[UNKNOWN]] P[[UNKNOWN]] _{Y}[[POSTSUBSCRIPT]] ([[OPEN]] y[[UNKNOWN]] )[[CLOSE]] -[[ADDOP]] ∫[[INTOP]] _{y\in\mathcal{Y}}[[POSTSUBSCRIPT]] E[[UNKNOWN]] _{Q}[[POSTSUBSCRIPT]] [[[OPEN]] L[[UNKNOWN]] ([[OPEN]] f[[UNKNOWN]] ([[OPEN]] X[[UNKNOWN]] )[[CLOSE]] ,[[PUNCT]] Y[[UNKNOWN]] )[[CLOSE]] ∣[[VERTBAR]] Y[[UNKNOWN]] =[[RELOP]] y[[UNKNOWN]] ][[CLOSE]] d[[UNKNOWN]] ...
Warning:not_parsed:RELOP>VERTBAR MathParser failed to match rule 'Anything'
	at String; line 0 col 0 - line 0 col 0
	In "$\displaystyle=\left|\int_{\mathcal{Y}}w(y)\mathbb{E}_{P}[\mathcal{L}(f(X),Y)%
	\mid Y=y]dP_{Y}(y)-\int_{y\in\mathcal{Y}}\mathbb{E}_{Q}[\mathcal{L}(f(X),Y)%
	\mid Y=y]dQ_{Y}(y)\right|\@@ENDINLINEMATH"
	=[[RELOP]]
	        > \left|[[VERTBAR]] ∫[[INTOP]] _{\mathcal{Y}}[[POSTSUBSCRIPT]] w[[UNKNOWN]] ([[OPEN]] y[[UNKNOWN]] )[[CLOSE]] E[[UNKNOWN]] _{P}[[POSTSUBSCRIPT]] [[[OPEN]] L[[UNKNOWN]] ([[OPEN]] f[[UNKNOWN]] ([[OPEN]] X[[UNKNOWN]] )[[CLOSE]] ,[[PUNCT]] Y[[UNKNOWN]] )[[CLOSE]] ∣[[VERTBAR]] Y[[UNKNOWN]] =[[RELOP]] y[[UNKNOWN]] ][[CLOSE]] d[[UNKNOWN]] P[[UNKNOWN]] _{Y}[[POSTSUBSCRIPT]] ([[OPEN]] y[[UNKNOWN]] )[[CLOSE]] -[[ADDOP]] ∫[[INTOP]] _{y\in\mathcal{Y}}[[POSTSUBSCRIPT]] E[[UNKNOWN]] _{Q}[[POSTSUBSCRIPT]] [[[OPEN]] L[[UNKNOWN]] ([[OPEN]] f[[UNKNOWN]] ([[OPEN]] X[[UNKNOWN]] )[[CLOSE]] ,[[PUNCT]] Y[[UNKNOWN]] )[[CLOSE]] ∣[[VERTBAR]] Y[[UNKNOWN]] =[[RELOP]] y[[UNKNOWN]] ][[CLOSE]] d[[UNKNOWN]] ...
Warning:not_parsed:VERTBAR.RELOP.UNKNOWN>OPEN MathParser failed to match rule 'Anything'
	In "$\@@ENDINLINEMATH"
	\left|[[VERTBAR]] E[[UNKNOWN]] _{P}[[POSTSUBSCRIPT]] [[[OPEN]] L[[UNKNOWN]] ([[OPEN]] f[[UNKNOWN]] ([[OPEN]] X[[UNKNOWN]] )[[CLOSE]] ,[[PUNCT]] Y[[UNKNOWN]] )[[CLOSE]] ][[CLOSE]] -[[ADDOP]] E[[UNKNOWN]] _{Q}[[POSTSUBSCRIPT]] [[[OPEN]] L[[UNKNOWN]] ([[OPEN]] f[[UNKNOWN]] ([[OPEN]] X[[UNKNOWN]] )[[CLOSE]] ,[[PUNCT]] Y[[UNKNOWN]] )[[CLOSE]] ][[CLOSE]] \right|[[VERTBAR]] ≤[[RELOP]] E[[UNKNOWN]]
	        > \left[[[OPEN]] sup[[LIMITOP]] _{z_{1},z_{2}}[[POSTSUBSCRIPT]] \left|[[VERTBAR]] E[[UNKNOWN]] [[[OPEN]] L[[UNKNOWN]] ([[OPEN]] f[[UNKNOWN]] ([[OPEN]] X[[UNKNOWN]] )[[CLOSE]] ,[[PUNCT]] Y[[UNKNOWN]] )[[CLOSE]] ∣[[VERTBAR]] Y[[UNKNOWN]] ,[[PUNCT]] z[[UNKNOWN]] _{1}[[POSTSUBSCRIPT]] ][[CLOSE]] -[[ADDOP]] E[[UNKNOWN]] [[[OPEN]] L[[UNKNOWN]] ([[OPEN]] f[[UNKNOWN]] ([[OPEN]] X[[UNKNOWN]] )[[CLOSE]] ,[[PUNCT]] Y[[UNKNOWN]] )[[CLOSE]] ∣[[VERTBAR]] Y[[UNKNOWN]] ,[[PUNCT]] z[[UNKNOWN]] _{2}[[POSTSUBSCRIPT]] ][[CLOSE]] \right|[[VERTBAR]] \right][[CLOSE]]
Warning:not_parsed:RELOP.UNKNOWN>OPEN MathParser failed to match rule 'Anything'
	at String; line 0 col 0 - line 0 col 0
	In "$\displaystyle\leq\mathbb{E}\left[\sup_{z_{1},z_{2}}\left|\mathbb{E}[\mathcal{%
	L}(f(X),Y)\mid Y,z_{1}]-\mathbb{E}[\mathcal{L}(f(X),Y)\mid Y,z_{2}]\right|%
	\right]\@@ENDINLINEMATH"
	≤[[RELOP]] E[[UNKNOWN]]
	        > \left[[[OPEN]] sup[[LIMITOP]] _{z_{1},z_{2}}[[POSTSUBSCRIPT]] \left|[[VERTBAR]] E[[UNKNOWN]] [[[OPEN]] L[[UNKNOWN]] ([[OPEN]] f[[UNKNOWN]] ([[OPEN]] X[[UNKNOWN]] )[[CLOSE]] ,[[PUNCT]] Y[[UNKNOWN]] )[[CLOSE]] ∣[[VERTBAR]] Y[[UNKNOWN]] ,[[PUNCT]] z[[UNKNOWN]] _{1}[[POSTSUBSCRIPT]] ][[CLOSE]] -[[ADDOP]] E[[UNKNOWN]] [[[OPEN]] L[[UNKNOWN]] ([[OPEN]] f[[UNKNOWN]] ([[OPEN]] X[[UNKNOWN]] )[[CLOSE]] ,[[PUNCT]] Y[[UNKNOWN]] )[[CLOSE]] ∣[[VERTBAR]] Y[[UNKNOWN]] ,[[PUNCT]] z[[UNKNOWN]] _{2}[[POSTSUBSCRIPT]] ][[CLOSE]] \right|[[VERTBAR]] \right][[CLOSE]]
Warning:not_parsed:>VERTBAR MathParser failed to match rule 'Anything'
	at appendix.tex; line 345 col 25 - line 345 col 46
	In "$\|\cdot\|_{L_{\infty}}$"
	> ∥[[VERTBAR]] ⋅[[MULOP]] ∥[[VERTBAR]] _{L_{\infty}}[[POSTSUBSCRIPT]]
Warning:not_parsed:>OPEN MathParser failed to match rule 'Anything'
	at appendix.tex; line 352 col 38 - line 352 col 85
	In "$(\epsilon,\mathcal{F}(\Theta),\|\cdot\|_{L_{\infty}})$"
	> ([[OPEN]] ϵ[[UNKNOWN]] ,[[PUNCT]] F[[UNKNOWN]] ([[OPEN]] Θ[[UNKNOWN]] )[[CLOSE]] ,[[PUNCT]] ∥[[VERTBAR]] ⋅[[MULOP]] ∥[[VERTBAR]] _{L_{\infty}}[[POSTSUBSCRIPT]] )[[CLOSE]]
Warning:not_parsed:UNKNOWN>OPEN MathParser failed to match rule 'Anything'
	at appendix.tex; line 352 col 329 - line 352 col 377
	In "$N(\epsilon,\mathcal{F}(\Theta),\|\cdot\|_{L_{\infty}})$"
	N[[UNKNOWN]]
	        > ([[OPEN]] ϵ[[UNKNOWN]] ,[[PUNCT]] F[[UNKNOWN]] ([[OPEN]] Θ[[UNKNOWN]] )[[CLOSE]] ,[[PUNCT]] ∥[[VERTBAR]] ⋅[[MULOP]] ∥[[VERTBAR]] _{L_{\infty}}[[POSTSUBSCRIPT]] )[[CLOSE]]
Warning:not_parsed:>VERTBAR MathParser failed to match rule 'Anything'
	at appendix.tex; line 373 col 113 - line 373 col 134
	In "$\|\cdot\|_{L_{\infty}}$"
	> ∥[[VERTBAR]] ⋅[[MULOP]] ∥[[VERTBAR]] _{L_{\infty}}[[POSTSUBSCRIPT]]
Warning:not_parsed:UNKNOWN>OPEN MathParser failed to match rule 'Anything'
	at appendix.tex; line 373 col 168 - line 373 col 227
	In "$N\left(\epsilon,\mathcal{F}(\Theta),\|\cdot\|_{L_{\infty}}\right)$"
	N[[UNKNOWN]]
	        > \left([[OPEN]] ϵ[[UNKNOWN]] ,[[PUNCT]] F[[UNKNOWN]] ([[OPEN]] Θ[[UNKNOWN]] )[[CLOSE]] ,[[PUNCT]] ∥[[VERTBAR]] ⋅[[MULOP]] ∥[[VERTBAR]] _{L_{\infty}}[[POSTSUBSCRIPT]] \right)[[CLOSE]]
Warning:not_parsed:UNKNOWN.RELOP.UNKNOWN>OPEN MathParser failed to match rule 'Anything'
	at appendix.tex; line 373 col 353 - line 373 col 419
	In "$N\leq N\left(\epsilon,\mathcal{F}(\Theta),\|\cdot\|_{L_{\infty}}\right)$"
	N[[UNKNOWN]] ≤[[RELOP]] N[[UNKNOWN]]
	        > \left([[OPEN]] ϵ[[UNKNOWN]] ,[[PUNCT]] F[[UNKNOWN]] ([[OPEN]] Θ[[UNKNOWN]] )[[CLOSE]] ,[[PUNCT]] ∥[[VERTBAR]] ⋅[[MULOP]] ∥[[VERTBAR]] _{L_{\infty}}[[POSTSUBSCRIPT]] \right)[[CLOSE]]
Warning:not_parsed:UNKNOWN.ADDOP.UNKNOWN>OPEN MathParser failed to match rule 'Anything'
	In "$\@@ENDINLINEMATH"
	\overset{a}{\leq}[[UNKNOWN]] 2[[NUMBER]] ϵ[[UNKNOWN]] +[[ADDOP]] M[[UNKNOWN]]
	        > \left([[OPEN]] log[[OPFUNCTION]] \left([[OPEN]] \frac{2}{K_{z}\delta}[[UNKNOWN]] \right)[[CLOSE]] +[[ADDOP]] N[[UNKNOWN]] \left([[OPEN]] F[[UNKNOWN]] ([[OPEN]] Θ[[UNKNOWN]] )[[CLOSE]] ,[[PUNCT]] ϵ[[UNKNOWN]] ,[[PUNCT]] ∥[[VERTBAR]] ⋅[[MULOP]] ∥[[VERTBAR]] _{L_{\infty}}[[POSTSUBSCRIPT]] \right)[[CLOSE]] \right)[[CLOSE]] sup[[LIMITOP]] _{z_{1},z_{2}}[[POSTSUBSCRIPT]] \left([[OPEN]] \sqrt{\frac{1}{2n_{kz_{1}}}}[[UNKNOWN]] +[[ADDOP]] \sqrt{\frac{1}{2n_{kz_{2}}}}[[UNKNOWN]] \right)[[CLOSE]]
Warning:not_parsed:UNKNOWN.ADDOP.UNKNOWN>OPEN MathParser failed to match rule 'Anything'
	at String; line 0 col 0 - line 0 col 0
	In "$\displaystyle\overset{a}{\leq}2\epsilon+M\left(\log{\left(\frac{2}{K_{z}%
	\delta}\right)}+N\left(\mathcal{F}(\Theta),\epsilon,\|\cdot\|_{L_{\infty}}%
	\right)\right)\sup_{z_{1},z_{2}}\left(\sqrt{\frac{1}{2n_{kz_{1}}}}+\sqrt{\frac%
	{1}{2n_{kz_{2}}}}\right)\@@ENDINLINEMATH"
	\overset{a}{\leq}[[UNKNOWN]] 2[[NUMBER]] ϵ[[UNKNOWN]] +[[ADDOP]] M[[UNKNOWN]]
	        > \left([[OPEN]] log[[OPFUNCTION]] \left([[OPEN]] \frac{2}{K_{z}\delta}[[UNKNOWN]] \right)[[CLOSE]] +[[ADDOP]] N[[UNKNOWN]] \left([[OPEN]] F[[UNKNOWN]] ([[OPEN]] Θ[[UNKNOWN]] )[[CLOSE]] ,[[PUNCT]] ϵ[[UNKNOWN]] ,[[PUNCT]] ∥[[VERTBAR]] ⋅[[MULOP]] ∥[[VERTBAR]] _{L_{\infty}}[[POSTSUBSCRIPT]] \right)[[CLOSE]] \right)[[CLOSE]] sup[[LIMITOP]] _{z_{1},z_{2}}[[POSTSUBSCRIPT]] \left([[OPEN]] \sqrt{\frac{1}{2n_{kz_{1}}}}[[UNKNOWN]] +[[ADDOP]] \sqrt{\frac{1}{2n_{kz_{2}}}}[[UNKNOWN]] \right)[[CLOSE]]
Warning:not_parsed:ADDOP.LIMITOP.POSTSUBSCRIPT>OPEN MathParser failed to match rule 'Anything'
	In "$\@@ENDINLINEMATH"
	+[[ADDOP]] inf[[LIMITOP]] _{\epsilon}[[POSTSUBSCRIPT]]
	        > \left\{[[OPEN]] 2[[NUMBER]] ϵ[[UNKNOWN]] +[[ADDOP]] M[[UNKNOWN]] \left([[OPEN]] log[[OPFUNCTION]] \left([[OPEN]] \frac{2}{K_{z}\delta}[[UNKNOWN]] \right)[[CLOSE]] +[[ADDOP]] N[[UNKNOWN]] \left([[OPEN]] F[[UNKNOWN]] ([[OPEN]] Θ[[UNKNOWN]] )[[CLOSE]] ,[[PUNCT]] ϵ[[UNKNOWN]] ,[[PUNCT]] ∥[[VERTBAR]] ⋅[[MULOP]] ∥[[VERTBAR]] _{L_{\infty}}[[POSTSUBSCRIPT]] \right)[[CLOSE]] \right)[[CLOSE]] \right\}[[CLOSE]] ∑[[SUMOP]] _{k=1}[[POSTSUBSCRIPT]] ^{K_{y}}[[POSTSUPERSCRIPT]] sup[[LIMITOP]] _{z_{1},z_{2}}[[POSTSUBSCRIPT]] \left([[OPEN]] \sqrt{\frac{1}{2n_{kz_{1}}}}[[UNKNOWN]] +[[ADDOP]] \sqrt{\frac{1}{2n_{kz_{2}}}}[[UNKNOWN]] \right)[[CLOSE]] \hat{p}[[UNKNOWN]] _{k}[[POSTSUBSCRIPT]]
Warning:not_parsed:ADDOP.LIMITOP.POSTSUBSCRIPT>OPEN MathParser failed to match rule 'Anything'
	at String; line 0 col 0 - line 0 col 0
	In "$\displaystyle+\inf_{\epsilon}\left\{2\epsilon+M\left(\log{\left(\frac{2}{K_{z%
	}\delta}\right)}+N\left(\mathcal{F}(\Theta),\epsilon,\|\cdot\|_{L_{\infty}}%
	\right)\right)\right\}\sum\limits_{k=1}^{K_{y}}\sup_{z_{1},z_{2}}\left(\sqrt{%
	\frac{1}{2n_{kz_{1}}}}+\sqrt{\frac{1}{2n_{kz_{2}}}}\right)\hat{p}_{k}\@@ENDINLINEMATH"
	+[[ADDOP]] inf[[LIMITOP]] _{\epsilon}[[POSTSUBSCRIPT]]
	        > \left\{[[OPEN]] 2[[NUMBER]] ϵ[[UNKNOWN]] +[[ADDOP]] M[[UNKNOWN]] \left([[OPEN]] log[[OPFUNCTION]] \left([[OPEN]] \frac{2}{K_{z}\delta}[[UNKNOWN]] \right)[[CLOSE]] +[[ADDOP]] N[[UNKNOWN]] \left([[OPEN]] F[[UNKNOWN]] ([[OPEN]] Θ[[UNKNOWN]] )[[CLOSE]] ,[[PUNCT]] ϵ[[UNKNOWN]] ,[[PUNCT]] ∥[[VERTBAR]] ⋅[[MULOP]] ∥[[VERTBAR]] _{L_{\infty}}[[POSTSUBSCRIPT]] \right)[[CLOSE]] \right)[[CLOSE]] \right\}[[CLOSE]] ∑[[SUMOP]] _{k=1}[[POSTSUBSCRIPT]] ^{K_{y}}[[POSTSUPERSCRIPT]] sup[[LIMITOP]] _{z_{1},z_{2}}[[POSTSUBSCRIPT]] \left([[OPEN]] \sqrt{\frac{1}{2n_{kz_{1}}}}[[UNKNOWN]] +[[ADDOP]] \sqrt{\frac{1}{2n_{kz_{2}}}}[[UNKNOWN]] \right)[[CLOSE]] \hat{p}[[UNKNOWN]] _{k}[[POSTSUBSCRIPT]]
Warning:not_parsed:UNKNOWN>OPEN MathParser failed to match rule 'Anything'
	at appendix.tex; line 418 col 171 - line 418 col 171
	In "\begin{equation}\small\mathrm{CSV}(f_{\text{\boldmath{$\theta$}}})\leq\widehat%
	{\rm{CSV}}(f_{\text{\boldmath{$\theta$}}})+\mathcal{O}\left(\frac{N\left(%
	\mathcal{F}(\Theta),\epsilon,\|\cdot\|_{L_{\infty}}\right)+\log{(1/\delta)}}{%
	\sqrt{n}}\right).\end{equation}"
	N[[UNKNOWN]]
	        > \left([[OPEN]] F[[UNKNOWN]] ([[OPEN]] Θ[[UNKNOWN]] )[[CLOSE]] ,[[PUNCT]] ϵ[[UNKNOWN]] ,[[PUNCT]] ∥[[VERTBAR]] ⋅[[MULOP]] ∥[[VERTBAR]] _{L_{\infty}}[[POSTSUBSCRIPT]] \right)[[CLOSE]] +[[ADDOP]] log[[OPFUNCTION]] ([[OPEN]] 1[[NUMBER]] /[[MULOP]] δ[[UNKNOWN]] )[[CLOSE]]
Warning:not_parsed:OPEN.UNKNOWN.CLOSE>RELOP MathParser failed to match rule 'Anything'
	at appendix.tex; line 423 col 398 - line 423 col 463
	In "$\mathbb{E}_{P_{1}}[V]\leq\mathbb{E}_{P_{2}}[V]\leq,\dots,\leq\mathbb{E}_{P_{K%
	}}[V]$"
	E[[UNKNOWN]] _{P_{1}}[[POSTSUBSCRIPT]] [[[OPEN]] V[[UNKNOWN]] ][[CLOSE]] ≤[[RELOP]] E[[UNKNOWN]] _{P_{2}}[[POSTSUBSCRIPT]] [[[OPEN]] V[[UNKNOWN]] ][[CLOSE]]
	        > ≤[[RELOP]] ,[[PUNCT]] …[[ID]] ,[[PUNCT]] ≤[[RELOP]] E[[UNKNOWN]] _{P_{K}}[[POSTSUBSCRIPT]] [[[OPEN]] V[[UNKNOWN]] ][[CLOSE]]
Warning:not_parsed:UNKNOWN.POSTSUBSCRIPT>RELOP MathParser failed to match rule 'Anything'
	In "$\@@ENDINLINEMATH"
	π[[UNKNOWN]] _{2}[[POSTSUBSCRIPT]]
	        > =[[RELOP]] ,[[PUNCT]] …[[ID]] ,[[PUNCT]] =[[RELOP]] π[[UNKNOWN]] _{K-1}[[POSTSUBSCRIPT]] =[[RELOP]] \frac{1-2c}{K-2}[[UNKNOWN]]
Warning:not_parsed:RELOP.PUNCT.ID>PUNCT MathParser failed to match rule 'Anything'
	at String; line 0 col 0 - line 0 col 0
	In "$\displaystyle=,\dots,=\pi_{K-1}=\frac{1-2c}{K-2},\@@ENDINLINEMATH"
	=[[RELOP]] ,[[PUNCT]] …[[ID]]
	        > ,[[PUNCT]] =[[RELOP]] π[[UNKNOWN]] _{K-1}[[POSTSUBSCRIPT]] =[[RELOP]] \frac{1-2c}{K-2}[[UNKNOWN]]
Warning:not_parsed:OPEN.UNKNOWN.CLOSE>RELOP MathParser failed to match rule 'Anything'
	In "$\@@ENDINLINEMATH"
	p[[UNKNOWN]] _{2}[[POSTSUBSCRIPT]] ([[OPEN]] v[[UNKNOWN]] )[[CLOSE]]
	        > =[[RELOP]] ,[[PUNCT]] ⋯[[ID]] ,[[PUNCT]] =[[RELOP]] p[[UNKNOWN]] _{K-1}[[POSTSUBSCRIPT]] ([[OPEN]] V[[UNKNOWN]] )[[CLOSE]] =[[RELOP]] \frac{p(v)}{1-2c}[[UNKNOWN]] \textbf{1}[[UNKNOWN]] _{\{q_{P}(c)\leqv\leqq_{P}(1-c)\}}[[POSTSUBSCRIPT]]
Warning:not_parsed:RELOP.PUNCT.ID>PUNCT MathParser failed to match rule 'Anything'
	at String; line 0 col 0 - line 0 col 0
	In "$\displaystyle=,\cdots,=p_{K-1}(V)=\frac{p(v)}{1-2c}\textbf{1}_{\{q_{P}(c)\leq
	v%
	\leq q_{P}(1-c)\}}.\@@ENDINLINEMATH"
	=[[RELOP]] ,[[PUNCT]] ⋯[[ID]]
	        > ,[[PUNCT]] =[[RELOP]] p[[UNKNOWN]] _{K-1}[[POSTSUBSCRIPT]] ([[OPEN]] V[[UNKNOWN]] )[[CLOSE]] =[[RELOP]] \frac{p(v)}{1-2c}[[UNKNOWN]] \textbf{1}[[UNKNOWN]] _{\{q_{P}(c)\leqv\leqq_{P}(1-c)\}}[[POSTSUBSCRIPT]]
Warning:not_parsed:UNKNOWN>OPEN MathParser failed to match rule 'Anything'
	In "$\@@ENDINLINEMATH"
	E[[UNKNOWN]]
	        > \left[[[OPEN]] \left\|[[VERTBAR]] ∑[[SUMOP]] _{k=1}[[POSTSUBSCRIPT]] ^{K_{y}}[[POSTSUPERSCRIPT]] \hat{p}[[UNKNOWN]] _{k}[[POSTSUBSCRIPT]] ∇[[OPERATOR]] _{\text{\boldmath{$\theta$}}}[[POSTSUBSCRIPT]] \hat{\phi}[[UNKNOWN]] _{\rho}[[POSTSUBSCRIPT]] ^{k}[[POSTSUPERSCRIPT]] ([[OPEN]] θ[[UNKNOWN]] ([[OPEN]] t[[UNKNOWN]] )[[CLOSE]] ,[[PUNCT]] u[[UNKNOWN]] _{k}[[POSTSUBSCRIPT]] ([[OPEN]] t[[UNKNOWN]] )[[CLOSE]] \right\|[[VERTBAR]] ^{2}[[POSTSUPERSCRIPT]] \right][[CLOSE]]
Warning:not_parsed:UNKNOWN>OPEN MathParser failed to match rule 'Anything'
	at String; line 0 col 0 - line 0 col 0
	In "$\displaystyle\mathbb{E}\left[\left\|\sum\limits_{k=1}^{K_{y}}\hat{p}_{k}%
	\nabla_{\text{\boldmath{$\theta$}}}\hat{\phi}_{\rho}^{k}(\text{\boldmath{$%
	\theta$}}(t),\boldsymbol{u}_{k}(t)\right\|^{2}\right]\@@ENDINLINEMATH"
	E[[UNKNOWN]]
	        > \left[[[OPEN]] \left\|[[VERTBAR]] ∑[[SUMOP]] _{k=1}[[POSTSUBSCRIPT]] ^{K_{y}}[[POSTSUPERSCRIPT]] \hat{p}[[UNKNOWN]] _{k}[[POSTSUBSCRIPT]] ∇[[OPERATOR]] _{\text{\boldmath{$\theta$}}}[[POSTSUBSCRIPT]] \hat{\phi}[[UNKNOWN]] _{\rho}[[POSTSUBSCRIPT]] ^{k}[[POSTSUPERSCRIPT]] ([[OPEN]] θ[[UNKNOWN]] ([[OPEN]] t[[UNKNOWN]] )[[CLOSE]] ,[[PUNCT]] u[[UNKNOWN]] _{k}[[POSTSUBSCRIPT]] ([[OPEN]] t[[UNKNOWN]] )[[CLOSE]] \right\|[[VERTBAR]] ^{2}[[POSTSUPERSCRIPT]] \right][[CLOSE]]
Warning:not_parsed:RELOP.UNKNOWN>OPEN MathParser failed to match rule 'Anything'
	In "$\@@ENDINLINEMATH"
	=[[RELOP]] E[[UNKNOWN]]
	        > \left[[[OPEN]] \left\|[[VERTBAR]] ∑[[SUMOP]] _{k=1}[[POSTSUBSCRIPT]] ^{K_{y}}[[POSTSUPERSCRIPT]] \hat{p}[[UNKNOWN]] _{k}[[POSTSUBSCRIPT]] \left([[OPEN]] ∇[[OPERATOR]] _{\text{\boldmath{$\theta$}}}[[POSTSUBSCRIPT]] \hat{\phi}[[UNKNOWN]] _{\rho}[[POSTSUBSCRIPT]] ^{k}[[POSTSUPERSCRIPT]] ([[OPEN]] θ[[UNKNOWN]] ([[OPEN]] t[[UNKNOWN]] )[[CLOSE]] ,[[PUNCT]] u[[UNKNOWN]] _{k}[[POSTSUBSCRIPT]] ([[OPEN]] t[[UNKNOWN]] )[[CLOSE]] -[[ADDOP]] ∇[[OPERATOR]] _{\text{\boldmath{$\theta$}}}[[POSTSUBSCRIPT]] ϕ[[UNKNOWN]] _{\rho}[[POSTSUBSCRIPT]] ^{k}[[POSTSUPERSCRIPT]] ([[OPEN]] θ[[UNKNOWN]] ([[OPEN]] t[[UNKNOWN]] )[[CLOSE]] ,[[PUNCT]] u[[UNKNOWN]] _{k}[[POSTSUBSCRIPT]] ([[OPEN]] t[[UNKNOWN]] )[[CLOSE]] )[[CLOSE]] \right)[[CLOSE]] +[[ADDOP]] ∑[[SUMOP]] _{k=1}[[POSTSUBSCRIPT]] ^{K_{y}}[[POSTSUPERSCRIPT]] \hat{p}[[UNKNOWN]] _{k}[[POSTSUBSCRIPT]] ∇[[OPERATOR]] _{\text{\boldmath{$\theta$}}}[[POSTSUBSCRIPT]] ...
Warning:not_parsed:RELOP.UNKNOWN>OPEN MathParser failed to match rule 'Anything'
	at String; line 0 col 0 - line 0 col 0
	In "$\displaystyle=\mathbb{E}\left[\left\|\sum\limits_{k=1}^{K_{y}}\hat{p}_{k}%
	\left(\nabla_{\text{\boldmath{$\theta$}}}\hat{\phi}_{\rho}^{k}(\text{\boldmath%
	{$\theta$}}(t),\boldsymbol{u}_{k}(t)-\nabla_{\text{\boldmath{$\theta$}}}\phi_{%
	\rho}^{k}(\text{\boldmath{$\theta$}}(t),\boldsymbol{u}_{k}(t))\right)+\sum%
	\limits_{k=1}^{K_{y}}\hat{p}_{k}\nabla_{\text{\boldmath{$\theta$}}}\phi_{\rho}%
	^{k}(\text{\boldmath{$\theta$}}(t),\boldsymbol{u}_{k}(t))\right\|^{2}\right]\@@ENDINLINEMATH"
	=[[RELOP]] E[[UNKNOWN]]
	        > \left[[[OPEN]] \left\|[[VERTBAR]] ∑[[SUMOP]] _{k=1}[[POSTSUBSCRIPT]] ^{K_{y}}[[POSTSUPERSCRIPT]] \hat{p}[[UNKNOWN]] _{k}[[POSTSUBSCRIPT]] \left([[OPEN]] ∇[[OPERATOR]] _{\text{\boldmath{$\theta$}}}[[POSTSUBSCRIPT]] \hat{\phi}[[UNKNOWN]] _{\rho}[[POSTSUBSCRIPT]] ^{k}[[POSTSUPERSCRIPT]] ([[OPEN]] θ[[UNKNOWN]] ([[OPEN]] t[[UNKNOWN]] )[[CLOSE]] ,[[PUNCT]] u[[UNKNOWN]] _{k}[[POSTSUBSCRIPT]] ([[OPEN]] t[[UNKNOWN]] )[[CLOSE]] -[[ADDOP]] ∇[[OPERATOR]] _{\text{\boldmath{$\theta$}}}[[POSTSUBSCRIPT]] ϕ[[UNKNOWN]] _{\rho}[[POSTSUBSCRIPT]] ^{k}[[POSTSUPERSCRIPT]] ([[OPEN]] θ[[UNKNOWN]] ([[OPEN]] t[[UNKNOWN]] )[[CLOSE]] ,[[PUNCT]] u[[UNKNOWN]] _{k}[[POSTSUBSCRIPT]] ([[OPEN]] t[[UNKNOWN]] )[[CLOSE]] )[[CLOSE]] \right)[[CLOSE]] +[[ADDOP]] ∑[[SUMOP]] _{k=1}[[POSTSUBSCRIPT]] ^{K_{y}}[[POSTSUPERSCRIPT]] \hat{p}[[UNKNOWN]] _{k}[[POSTSUBSCRIPT]] ∇[[OPERATOR]] _{\text{\boldmath{$\theta$}}}[[POSTSUBSCRIPT]] ...
Warning:not_parsed:POSTSUBSCRIPT.POSTSUPERSCRIPT.UNKNOWN>OPEN MathParser failed to match rule 'Anything'
	In "$\@@ENDINLINEMATH"
	=[[RELOP]] η[[UNKNOWN]] _{\text{\boldmath{$\theta$}}}[[POSTSUBSCRIPT]] ^{2}[[POSTSUPERSCRIPT]] L[[UNKNOWN]] _{11}[[POSTSUBSCRIPT]] ^{2}[[POSTSUPERSCRIPT]] E[[UNKNOWN]]
	        > \left[[[OPEN]] \left\|[[VERTBAR]] ∑[[SUMOP]] _{k=1}[[POSTSUBSCRIPT]] ^{K_{y}}[[POSTSUPERSCRIPT]] \hat{p}[[UNKNOWN]] _{k}[[POSTSUBSCRIPT]] ∇[[OPERATOR]] _{\text{\boldmath{$\theta$}}}[[POSTSUBSCRIPT]] \hat{\phi}[[UNKNOWN]] _{\rho}[[POSTSUBSCRIPT]] ^{k}[[POSTSUPERSCRIPT]] ([[OPEN]] θ[[UNKNOWN]] ([[OPEN]] t[[UNKNOWN]] )[[CLOSE]] ,[[PUNCT]] u[[UNKNOWN]] _{k}[[POSTSUBSCRIPT]] ([[OPEN]] t[[UNKNOWN]] )[[CLOSE]] \right\|[[VERTBAR]] ^{2}[[POSTSUPERSCRIPT]] \right][[CLOSE]]
Warning:not_parsed:POSTSUBSCRIPT.POSTSUPERSCRIPT.UNKNOWN>OPEN MathParser failed to match rule 'Anything'
	at String; line 0 col 0 - line 0 col 0
	In "$\displaystyle=\eta_{\text{\boldmath{$\theta$}}}^{2}L_{11}^{2}\mathbb{E}\left[%
	\left\|\sum\limits_{k=1}^{K_{y}}\hat{p}_{k}\nabla_{\text{\boldmath{$\theta$}}}%
	\hat{\phi}_{\rho}^{k}(\text{\boldmath{$\theta$}}(t),\boldsymbol{u}_{k}(t)%
	\right\|^{2}\right]\@@ENDINLINEMATH"
	=[[RELOP]] η[[UNKNOWN]] _{\text{\boldmath{$\theta$}}}[[POSTSUBSCRIPT]] ^{2}[[POSTSUPERSCRIPT]] L[[UNKNOWN]] _{11}[[POSTSUBSCRIPT]] ^{2}[[POSTSUPERSCRIPT]] E[[UNKNOWN]]
	        > \left[[[OPEN]] \left\|[[VERTBAR]] ∑[[SUMOP]] _{k=1}[[POSTSUBSCRIPT]] ^{K_{y}}[[POSTSUPERSCRIPT]] \hat{p}[[UNKNOWN]] _{k}[[POSTSUBSCRIPT]] ∇[[OPERATOR]] _{\text{\boldmath{$\theta$}}}[[POSTSUBSCRIPT]] \hat{\phi}[[UNKNOWN]] _{\rho}[[POSTSUBSCRIPT]] ^{k}[[POSTSUPERSCRIPT]] ([[OPEN]] θ[[UNKNOWN]] ([[OPEN]] t[[UNKNOWN]] )[[CLOSE]] ,[[PUNCT]] u[[UNKNOWN]] _{k}[[POSTSUBSCRIPT]] ([[OPEN]] t[[UNKNOWN]] )[[CLOSE]] \right\|[[VERTBAR]] ^{2}[[POSTSUPERSCRIPT]] \right][[CLOSE]]
Warning:not_parsed:UNKNOWN>RELOP MathParser failed to match rule 'Anything'
	at appendix.tex; line 1070 col 100 - line 1070 col 112
	In "$k=\in[K_{y}]$"
	k[[UNKNOWN]]
	        > =[[RELOP]] ∈[[RELOP]] [[[OPEN]] K[[UNKNOWN]] _{y}[[POSTSUBSCRIPT]] ][[CLOSE]]
 58.67 sec)
Math parsing succeeded:
   ltx:XMWrap: 3/3
   ltx:XMath: 1140/1169
   ltx:XMArg: 5742/5743
Symbols assumed as simple identifiers (with # of occurences):
   'A{bold italic}' (2), 'A{italic}' (87), 'B{bold italic}' (2), 'B{italic}' (39), 'CSV' (15), 'Delta' (18), 'D{italic}' (6), 'E{blackboard}' (264), 'E{caligraphic}' (3), 'E{italic}' (1), 'F{bold italic}' (131), 'F{caligraphic}' (28), 'F{italic}' (2), 'I{bold italic}' (4), 'I{italic}' (28), 'K{italic}' (302), 'L{caligraphic}' (152), 'L{italic}' (158), 'M{italic}' (50), 'N{caligraphic}' (4), 'N{italic}' (24), 'O{caligraphic}' (18), 'Phi' (98), 'P{caligraphic}' (32), 'P{italic}' (341), 'Q{italic}' (195), 'R{blackboard}' (9), 'R{italic}' (57), 'Softmax' (9), 'S{caligraphic}' (40), 'S{italic}' (1), 'TV' (15), 'Theta' (37), 'T{italic}' (59), 'U{italic}' (12), 'V{italic}' (78), 'W{italic}' (12), 'X{caligraphic}' (3), 'X{italic}' (255), 'Y{caligraphic}' (31), 'Y{italic}' (493), 'Z{caligraphic}' (4), 'Z{italic}' (153), 'alpha' (6), 'c{italic}' (38), 'delta' (66), 'diag{sansserif}' (1), 'd{italic}' (45), 'ell' (1), 'epsilon' (53), 'eta' (108), 'e{italic}' (61), 'f{italic}' (424), 'gamma' (47), 'g{italic}' (14), 'i{italic}' (48), 'j{italic}' (35), 'k{italic}' (325), 'lambda' (92), 'mu' (102), 'm{italic}' (55), 'n{italic}' (74), 'o{italic}' (22), 'phi' (77), 'pi' (23), 'p{italic}' (123), 'q{italic}' (29), 'rho' (161), 'sigma' (104), 's{italic}' (2), 'theta' (769), 't{italic}' (347), 'u{bold italic}' (246), 'u{italic}' (3), 'v{italic}' (38), 'w{italic}' (57), 'xi' (14), 'x{bold italic}' (51), 'x{italic}' (13), 'y{italic}' (158), 'z{italic}' (291)
Set MATHPARSER_SPECULATE to speculate on possible notations.
(Finalizing... 1.84 sec)
Conversion complete: 47 warnings; 9 errors; 6 undefined macros[{algorithm}, \lx@orig@algorithmic, \ENDFOR, \STATE, \iclrfinalcopy, \FOR]; 3 missing files[iclr2023_conference.sty, algorithmic.sty, algorithm.sty] (See parsed.log) (reqd. 1m 15.99s)
