latexml (LaTeXML version 0.8.8) processing paper.tex
(Digesting TeX paper...
(Loading /usr/share/perl5/LaTeXML/Package/TeX.pool.ltxml...
(Loading /usr/share/perl5/LaTeXML/Package/eTeX.pool.ltxml... 0.01 sec)
(Loading /usr/share/perl5/LaTeXML/Package/pdfTeX.pool.ltxml... 0.01 sec) 0.25 sec)
(Processing content /home/miri/Documents/university/DataLit/arXiv_src_fetcher/ICLR_2023_first100/-9PVqZ-IR_/paper.tex...
(Loading /usr/share/perl5/LaTeXML/Package/LaTeX.pool.ltxml...
(Loading /usr/share/perl5/LaTeXML/Package/textcomp.sty.ltxml...
(Processing definitions /usr/share/texlive/texmf-dist/tex/latex/base/ts1enc.dfu... 0.07 sec) 0.79 sec) 1.17 sec)
(Loading /usr/share/perl5/LaTeXML/Package/article.cls.ltxml... 0.02 sec)
(Processing content /home/miri/Documents/university/DataLit/arXiv_src_fetcher/ICLR_2023_first100/-9PVqZ-IR_/preamble/preamble.tex...
(Loading /usr/share/perl5/LaTeXML/Package/amsmath.sty.ltxml...
(Loading /usr/share/perl5/LaTeXML/Package/amsbsy.sty.ltxml...
(Loading /usr/share/perl5/LaTeXML/Package/amsgen.sty.ltxml... 0.02 sec) 0.04 sec)
(Loading /usr/share/perl5/LaTeXML/Package/amstext.sty.ltxml... 0.01 sec)
(Loading /usr/share/perl5/LaTeXML/Package/amsopn.sty.ltxml... 0.01 sec) 0.16 sec)
(Loading /usr/share/perl5/LaTeXML/Package/amssymb.sty.ltxml...
(Loading /usr/share/perl5/LaTeXML/Package/amsfonts.sty.ltxml... 0.00 sec) 0.03 sec)
(Loading /usr/share/perl5/LaTeXML/Package/amsthm.sty.ltxml... 0.01 sec)
(Loading /usr/share/perl5/LaTeXML/Package/mathtools.sty.ltxml...
(Loading /usr/share/perl5/LaTeXML/Package/keyval.sty.ltxml...
(Processing definitions /usr/share/texlive/texmf-dist/tex/latex/graphics/keyval.sty... 0.02 sec) 0.02 sec)
(Loading /usr/share/perl5/LaTeXML/Package/calc.sty.ltxml... 0.00 sec) 0.11 sec)
(Loading /usr/share/perl5/LaTeXML/Package/bbm.sty.ltxml... 0.00 sec)
(Loading /usr/share/perl5/LaTeXML/Package/dsfont.sty.ltxml... 0.00 sec)
(Loading /usr/share/perl5/LaTeXML/Package/xcolor.sty.ltxml...
(Loading /usr/share/perl5/LaTeXML/Package/color.sty.ltxml... 0.03 sec)
(Processing definitions /usr/share/texlive/texmf-dist/tex/latex/graphics/dvipsnam.def... 0.16 sec) 0.31 sec)
(Loading /usr/share/perl5/LaTeXML/Package/graphicx.sty.ltxml...
(Loading /usr/share/perl5/LaTeXML/Package/graphics.sty.ltxml... 0.01 sec) 0.05 sec)
(Loading /usr/share/perl5/LaTeXML/Package/caption.sty.ltxml... 0.01 sec)
(Loading /usr/share/perl5/LaTeXML/Package/subcaption.sty.ltxml... 0.02 sec)
(Loading /usr/share/perl5/LaTeXML/Package/booktabs.sty.ltxml... 0.01 sec)
(Loading /usr/share/perl5/LaTeXML/Package/array.sty.ltxml... 0.00 sec)
(Loading /usr/share/perl5/LaTeXML/Package/multirow.sty.ltxml... 0.00 sec)
(Loading /usr/share/perl5/LaTeXML/Package/algorithm2e.sty.ltxml...
(Loading /usr/share/perl5/LaTeXML/Package/float.sty.ltxml... 0.00 sec)
(Processing definitions /usr/share/texlive/texmf-dist/tex/latex/algorithm2e/algorithm2e.sty...
(Loading /usr/share/perl5/LaTeXML/Package/ifthen.sty.ltxml...
(Processing definitions /usr/share/texlive/texmf-dist/tex/latex/base/ifthen.sty... 0.03 sec) 0.03 sec)
(Processing definitions /usr/share/texlive/texmf-dist/tex/latex/ifoddpage/ifoddpage.sty... 0.01 sec)
(Loading /usr/share/perl5/LaTeXML/Package/xspace.sty.ltxml... 0.00 sec)
(Loading /usr/share/perl5/LaTeXML/Package/relsize.sty.ltxml... 0.01 sec) 1.30 sec) 1.33 sec)
(Loading /usr/share/perl5/LaTeXML/Package/listings.sty.ltxml...
(Processing definitions /usr/share/texlive/texmf-dist/tex/latex/listings/listings.cfg...
Fatal:interrupt:interrupted LaTeXML was interrupted
	at listings.cfg; line 24 col 65 - line 24 col 65
	INT
	In Core::Gullet[@0x58a81b2b5298] /usr/share/texlive/texmf-dist/tex/latex/listings/listings.cfg; from line 24 col 65 to line 24 col 65
	 <= Core::Definition::Expandable[\Provide... <= Core::Gullet[@0x58a81b2b5298] <= Core::Definition::Constructor[\usepac... <= Core::Stomach[@0x58a81ae92080]
Conversion failed: 1 fatal error (See parsed.log) (reqd. 3.82s)
