latexml (LaTeXML version 0.8.8) processing main.tex
(Digesting TeX main...
(Loading /usr/share/perl5/LaTeXML/Package/TeX.pool.ltxml...
(Loading /usr/share/perl5/LaTeXML/Package/eTeX.pool.ltxml... 0.00 sec)
(Loading /usr/share/perl5/LaTeXML/Package/pdfTeX.pool.ltxml... 0.00 sec) 0.08 sec)
(Processing content /home/miri/Documents/DataLit/arXiv_src_fetcher/ICLR_2023_first100/-XC_lMynIT/main.tex...
(Loading /usr/share/perl5/LaTeXML/Package/LaTeX.pool.ltxml...
(Loading /usr/share/perl5/LaTeXML/Package/textcomp.sty.ltxml...
(Processing definitions /usr/share/texlive/texmf-dist/tex/latex/base/ts1enc.dfu... 0.02 sec) 0.06 sec) 0.19 sec)
(Loading /usr/share/perl5/LaTeXML/Package/article.cls.ltxml... 0.01 sec)
(Loading /usr/share/perl5/LaTeXML/Package/microtype.sty.ltxml... 0.00 sec)
(Loading /usr/share/perl5/LaTeXML/Package/graphicx.sty.ltxml...
(Loading /usr/share/perl5/LaTeXML/Package/graphics.sty.ltxml... 0.01 sec) 0.02 sec)
(Loading /usr/share/perl5/LaTeXML/Package/subfigure.sty.ltxml... 0.02 sec)
(Loading /usr/share/perl5/LaTeXML/Package/booktabs.sty.ltxml... 0.00 sec)
(Loading /usr/share/perl5/LaTeXML/Package/multirow.sty.ltxml... 0.00 sec)
(Loading /usr/share/perl5/LaTeXML/Package/hyperref.sty.ltxml...
(Loading /usr/share/perl5/LaTeXML/Package/ltxcmds.sty.ltxml...
(Processing definitions /usr/share/texlive/texmf-dist/tex/generic/ltxcmds/ltxcmds.sty... 0.05 sec) 0.05 sec)
(Loading /usr/share/perl5/LaTeXML/Package/keyval.sty.ltxml...
(Processing definitions /usr/share/texlive/texmf-dist/tex/latex/graphics/keyval.sty... 0.01 sec) 0.01 sec)
(Loading /usr/share/perl5/LaTeXML/Package/kvsetkeys.sty.ltxml...
(Processing definitions /usr/share/texlive/texmf-dist/tex/latex/kvsetkeys/kvsetkeys.sty... 0.03 sec) 0.03 sec)
(Loading /usr/share/perl5/LaTeXML/Package/kvdefinekeys.sty.ltxml...
(Processing definitions /usr/share/texlive/texmf-dist/tex/generic/kvdefinekeys/kvdefinekeys.sty... 0.01 sec) 0.02 sec)
(Loading /usr/share/perl5/LaTeXML/Package/kvoptions.sty.ltxml...
(Processing definitions /usr/share/texlive/texmf-dist/tex/latex/kvoptions/kvoptions.sty... 0.08 sec) 0.08 sec)
(Loading /usr/share/perl5/LaTeXML/Package/nameref.sty.ltxml...
(Loading /usr/share/perl5/LaTeXML/Package/refcount.sty.ltxml...
(Processing definitions /usr/share/texlive/texmf-dist/tex/latex/refcount/refcount.sty...
(Loading /usr/share/perl5/LaTeXML/Package/infwarerr.sty.ltxml...
(Processing definitions /usr/share/texlive/texmf-dist/tex/generic/infwarerr/infwarerr.sty... 0.02 sec) 0.03 sec) 0.06 sec) 0.06 sec)
(Loading /usr/share/perl5/LaTeXML/Package/gettitlestring.sty.ltxml...
(Processing definitions /usr/share/texlive/texmf-dist/tex/generic/gettitlestring/gettitlestring.sty... 0.05 sec) 0.06 sec) 0.13 sec)
(Loading /usr/share/perl5/LaTeXML/Package/url.sty.ltxml... 0.00 sec)
(Loading /usr/share/perl5/LaTeXML/Package/bitset.sty.ltxml...
(Processing definitions /usr/share/texlive/texmf-dist/tex/generic/bitset/bitset.sty...
(Loading /usr/share/perl5/LaTeXML/Package/intcalc.sty.ltxml...
(Processing definitions /usr/share/texlive/texmf-dist/tex/generic/intcalc/intcalc.sty... 0.03 sec) 0.03 sec)
(Loading /usr/share/perl5/LaTeXML/Package/bigintcalc.sty.ltxml...
(Processing definitions /usr/share/texlive/texmf-dist/tex/generic/bigintcalc/bigintcalc.sty...
(Loading /usr/share/perl5/LaTeXML/Package/pdftexcmds.sty.ltxml...
(Loading /usr/share/perl5/LaTeXML/Package/iftex.sty.ltxml... 0.00 sec) 0.01 sec) 0.09 sec) 0.09 sec) 0.22 sec) 0.22 sec) 0.57 sec)
Info:fallback:icml2024.sty Interpreted 2024 as a versioned package/class name, falling back to generic icml.sty
	at main.tex; line 29 col 0 - line 29 col 1
(Loading /usr/share/perl5/LaTeXML/Package/icml.sty.ltxml...
(Loading /usr/share/perl5/LaTeXML/Package/icml_support.sty.ltxml...
(Loading /usr/share/perl5/LaTeXML/Package/times.sty.ltxml... 0.00 sec)
(Loading /usr/share/perl5/LaTeXML/Package/fancyhdr.sty.ltxml... 0.00 sec)
(Loading /usr/share/perl5/LaTeXML/Package/color.sty.ltxml... 0.01 sec)
(Loading /usr/share/perl5/LaTeXML/Package/algorithm.sty.ltxml...
(Processing definitions /home/miri/Documents/DataLit/arXiv_src_fetcher/ICLR_2023_first100/-XC_lMynIT/algorithm.sty...
Document Style `algorithm' - floating environment
(Loading /usr/share/perl5/LaTeXML/Package/float.sty.ltxml... 0.00 sec)
(Loading /usr/share/perl5/LaTeXML/Package/ifthen.sty.ltxml...
(Processing definitions /usr/share/texlive/texmf-dist/tex/latex/base/ifthen.sty... 0.02 sec) 0.02 sec) 0.05 sec) 0.05 sec)
(Loading /usr/share/perl5/LaTeXML/Package/algorithmic.sty.ltxml...
(Processing definitions /home/miri/Documents/DataLit/arXiv_src_fetcher/ICLR_2023_first100/-XC_lMynIT/algorithmic.sty...
Document Style `algorithmic' - environment
(Loading /usr/share/perl5/LaTeXML/Package/calc.sty.ltxml... 0.00 sec) 0.04 sec) 0.05 sec)
(Loading /usr/share/perl5/LaTeXML/Package/natbib.sty.ltxml... 0.02 sec) 0.15 sec) 0.16 sec)
(Loading /usr/share/perl5/LaTeXML/Package/amsmath.sty.ltxml...
(Loading /usr/share/perl5/LaTeXML/Package/amsbsy.sty.ltxml...
(Loading /usr/share/perl5/LaTeXML/Package/amsgen.sty.ltxml... 0.00 sec) 0.01 sec)
(Loading /usr/share/perl5/LaTeXML/Package/amstext.sty.ltxml... 0.01 sec)
(Loading /usr/share/perl5/LaTeXML/Package/amsopn.sty.ltxml... 0.01 sec) 0.07 sec)
(Loading /usr/share/perl5/LaTeXML/Package/amssymb.sty.ltxml...
(Loading /usr/share/perl5/LaTeXML/Package/amsfonts.sty.ltxml... 0.00 sec) 0.02 sec)
(Loading /usr/share/perl5/LaTeXML/Package/mathtools.sty.ltxml... 0.04 sec)
(Loading /usr/share/perl5/LaTeXML/Package/amsthm.sty.ltxml... 0.01 sec)
(Loading /usr/share/perl5/LaTeXML/Package/cleveref.sty.ltxml...
Warning:missing_file:cleveref Can't find package cleveref
	at cleveref.sty.ltxml; line 26
	Anticipate undefined macros or environments
	search paths are /home/miri/Documents/DataLit/arXiv_src_fetcher/ICLR_2023_first100/-XC_lMynIT
	In Core::Gullet[@0x60d53fdefb88] /usr/share/perl5/LaTeXML/Package/cleveref.sty.ltxml; line 26
 0.02 sec)
(Loading /usr/share/perl5/LaTeXML/Package/todonotes.sty.ltxml...
(Loading /usr/share/perl5/LaTeXML/Package/xkeyval.sty.ltxml... 0.01 sec)
(Loading /usr/share/perl5/LaTeXML/Package/xcolor.sty.ltxml... 0.05 sec)
(Loading /usr/share/perl5/LaTeXML/Package/tikz.sty.ltxml...
Warning:missing_file:tikz Can't find package tikz
	at tikz.sty.ltxml; line 24
	Anticipate undefined macros or environments
	In Core::Gullet[@0x60d53fdefb88] /usr/share/perl5/LaTeXML/Package/tikz.sty.ltxml; line 24
 0.01 sec)
Info:unexpected:textsize=tiny Unexpected option 'textsize=tiny' passed to todonotes.sty
	at todonotes.sty.ltxml; line 46
 0.10 sec)
(Processing content /home/miri/Documents/DataLit/arXiv_src_fetcher/ICLR_2023_first100/-XC_lMynIT/intro.tex... 0.22 sec)
(Processing content /home/miri/Documents/DataLit/arXiv_src_fetcher/ICLR_2023_first100/-XC_lMynIT/related_work.tex... 0.12 sec)
(Processing content /home/miri/Documents/DataLit/arXiv_src_fetcher/ICLR_2023_first100/-XC_lMynIT/method.tex... 0.95 sec)
(Processing content /home/miri/Documents/DataLit/arXiv_src_fetcher/ICLR_2023_first100/-XC_lMynIT/experiments.tex... 0.98 sec) 4.22 sec) 4.34 sec)
(Building...
(Loading compiled schema /usr/share/perl5/LaTeXML/resources/RelaxNG/LaTeXML.model... 0.01 sec) 3.29 sec)
(Rewriting... 0.03 sec)
(Math Parsing 320 formulae ......
Warning:not_parsed:ATOM.POSTSUBSCRIPT>CLOSE MathParser failed to match rule 'Anything'
	at method.tex; line 92 col 45 - line 92 col 121
	In "$\hat{R}_{1}]\leftarrow\text{RF2NA}\{\{\hat{r}_{i}\}_{\forall i},\text{protein%
	 MSA}\}$"
	\hat{R}[[UNKNOWN]] _{1}[[POSTSUBSCRIPT]]
	        > ][[CLOSE]] â†[[ARROW]] \text{RF2NA}[[UNKNOWN]] \{[[OPEN]] \{[[OPEN]] \hat{r}[[UNKNOWN]] _{i}[[POSTSUBSCRIPT]] \}[[CLOSE]] _{\foralli}[[POSTSUBSCRIPT]] ,[[PUNCT]] \text{protein MSA}[[UNKNOWN]] \}[[CLOSE]]
Warning:not_parsed:NUMBER>CLOSE MathParser failed to match rule 'Anything'
	at experiments.tex; line 147 col 426 - line 147 col 431
	In "$0.54)$"
	0.54[[NUMBER]]
	        > )[[CLOSE]]
 1.76 sec)
Math parsing succeeded:
   ltx:XMArg: 435/435
   ltx:XMath: 318/320
Symbols assumed as simple identifiers (with # of occurences):
   'C{italic}' (12), 'E{blackboard}' (2), 'E{caligraphic}' (2), 'E{italic}' (5), 'F{italic}' (6), 'G{caligraphic}' (4), 'G{italic}' (3), 'I{italic}' (2), 'L{caligraphic}' (3), 'L{italic}' (17), 'M{italic}' (3), 'N{caligraphic}' (6), 'N{italic}' (6), 'R{blackboard}' (7), 'R{italic}' (14), 'S{italic}' (8), 'V{caligraphic}' (2), 'a{italic}' (4), 'd{italic}' (1), 'e{italic}' (8), 'f{italic}' (1), 'g{italic}' (12), 'h{italic}' (23), 'i{italic}' (25), 'j{italic}' (16), 'k{italic}' (2), 'm{italic}' (4), 'n{italic}' (7), 'psi' (2), 'p{italic}' (18), 'r{italic}' (7), 'theta' (4), 't{italic}' (26), 'v{italic}' (28), 'x{italic}' (3)
Set MATHPARSER_SPECULATE to speculate on possible notations.
(Finalizing... 0.17 sec)
Conversion complete: 4 warnings; 2 missing files[cleveref.sty, tikz.sty] (See parsed.log) (reqd. 9.79s)
