latexml (LaTeXML version 0.8.8) processing PEX_arxiv.tex
(Digesting TeX PEX_arxiv...
(Loading /usr/share/perl5/LaTeXML/Package/TeX.pool.ltxml...
(Loading /usr/share/perl5/LaTeXML/Package/eTeX.pool.ltxml... 0.00 sec)
(Loading /usr/share/perl5/LaTeXML/Package/pdfTeX.pool.ltxml... 0.01 sec) 0.14 sec)
(Processing content /home/miri/Documents/DataLit/arXiv_src_fetcher/ICLR_2023_first100/-Y34L45JR6z/PEX_arxiv.tex...
(Loading /usr/share/perl5/LaTeXML/Package/LaTeX.pool.ltxml...
(Loading /usr/share/perl5/LaTeXML/Package/textcomp.sty.ltxml...
(Processing definitions /usr/share/texlive/texmf-dist/tex/latex/base/ts1enc.dfu... 0.02 sec) 0.07 sec) 0.29 sec)
(Loading /usr/share/perl5/LaTeXML/Package/article.cls.ltxml... 0.01 sec)
Warning:missing_file:iclr2023_conference Can't find binding for package iclr2023_conference
	at PEX_arxiv.tex; line 3 col 0 - line 3 col 1
	Anticipate undefined macros or environments
	search paths are /home/miri/Documents/DataLit/arXiv_src_fetcher/ICLR_2023_first100/-Y34L45JR6z
	In Core::Definition::Constructor[\usepac... /usr/share/perl5/LaTeXML/Package/LaTeX.pool.ltxml; line 879
Info:dependencies:dependencies Loading dependencies for /home/miri/Documents/DataLit/arXiv_src_fetcher/ICLR_2023_first100/-Y34L45JR6z/iclr2023_conference.sty: fancyhdr,natbib,eso-pic
	at PEX_arxiv.tex; line 3 col 0 - line 3 col 1
(Loading /usr/share/perl5/LaTeXML/Package/fancyhdr.sty.ltxml... 0.00 sec)
(Loading /usr/share/perl5/LaTeXML/Package/natbib.sty.ltxml... 0.01 sec)
(Loading /usr/share/perl5/LaTeXML/Package/times.sty.ltxml... 0.00 sec)
(Processing content /home/miri/Documents/DataLit/arXiv_src_fetcher/ICLR_2023_first100/-Y34L45JR6z/math_commands.tex...
(Loading /usr/share/perl5/LaTeXML/Package/amsmath.sty.ltxml...
(Loading /usr/share/perl5/LaTeXML/Package/amsbsy.sty.ltxml...
(Loading /usr/share/perl5/LaTeXML/Package/amsgen.sty.ltxml... 0.00 sec) 0.01 sec)
(Loading /usr/share/perl5/LaTeXML/Package/amstext.sty.ltxml... 0.00 sec)
(Loading /usr/share/perl5/LaTeXML/Package/amsopn.sty.ltxml... 0.01 sec) 0.06 sec)
(Loading /usr/share/perl5/LaTeXML/Package/amsfonts.sty.ltxml... 0.00 sec)
(Loading /usr/share/perl5/LaTeXML/Package/bm.sty.ltxml... 0.00 sec) 0.17 sec)
(Loading /usr/share/perl5/LaTeXML/Package/hyperref.sty.ltxml...
(Loading /usr/share/perl5/LaTeXML/Package/ltxcmds.sty.ltxml...
(Processing definitions /usr/share/texlive/texmf-dist/tex/generic/ltxcmds/ltxcmds.sty... 0.08 sec) 0.09 sec)
(Loading /usr/share/perl5/LaTeXML/Package/keyval.sty.ltxml...
(Processing definitions /usr/share/texlive/texmf-dist/tex/latex/graphics/keyval.sty... 0.01 sec) 0.01 sec)
(Loading /usr/share/perl5/LaTeXML/Package/kvsetkeys.sty.ltxml...
(Processing definitions /usr/share/texlive/texmf-dist/tex/latex/kvsetkeys/kvsetkeys.sty... 0.06 sec) 0.06 sec)
(Loading /usr/share/perl5/LaTeXML/Package/kvdefinekeys.sty.ltxml...
(Processing definitions /usr/share/texlive/texmf-dist/tex/generic/kvdefinekeys/kvdefinekeys.sty... 0.03 sec) 0.03 sec)
(Loading /usr/share/perl5/LaTeXML/Package/kvoptions.sty.ltxml...
(Processing definitions /usr/share/texlive/texmf-dist/tex/latex/kvoptions/kvoptions.sty... 0.14 sec) 0.14 sec)
(Loading /usr/share/perl5/LaTeXML/Package/nameref.sty.ltxml...
(Loading /usr/share/perl5/LaTeXML/Package/refcount.sty.ltxml...
(Processing definitions /usr/share/texlive/texmf-dist/tex/latex/refcount/refcount.sty...
(Loading /usr/share/perl5/LaTeXML/Package/infwarerr.sty.ltxml...
(Processing definitions /usr/share/texlive/texmf-dist/tex/generic/infwarerr/infwarerr.sty... 0.05 sec) 0.05 sec) 0.11 sec) 0.11 sec)
(Loading /usr/share/perl5/LaTeXML/Package/gettitlestring.sty.ltxml...
(Processing definitions /usr/share/texlive/texmf-dist/tex/generic/gettitlestring/gettitlestring.sty... 0.09 sec) 0.10 sec) 0.22 sec)
(Loading /usr/share/perl5/LaTeXML/Package/url.sty.ltxml... 0.00 sec)
(Loading /usr/share/perl5/LaTeXML/Package/bitset.sty.ltxml...
(Processing definitions /usr/share/texlive/texmf-dist/tex/generic/bitset/bitset.sty...
(Loading /usr/share/perl5/LaTeXML/Package/intcalc.sty.ltxml...
(Processing definitions /usr/share/texlive/texmf-dist/tex/generic/intcalc/intcalc.sty... 0.06 sec) 0.06 sec)
(Loading /usr/share/perl5/LaTeXML/Package/bigintcalc.sty.ltxml...
(Processing definitions /usr/share/texlive/texmf-dist/tex/generic/bigintcalc/bigintcalc.sty...
(Loading /usr/share/perl5/LaTeXML/Package/pdftexcmds.sty.ltxml...
(Loading /usr/share/perl5/LaTeXML/Package/iftex.sty.ltxml... 0.00 sec) 0.01 sec) 0.17 sec) 0.17 sec) 0.41 sec) 0.41 sec) 1.04 sec)
(Loading /usr/share/perl5/LaTeXML/Package/inputenc.sty.ltxml...
(Loading /usr/share/perl5/LaTeXML/Package/utf8.def.ltxml... 0.00 sec) 0.01 sec)
(Loading /usr/share/perl5/LaTeXML/Package/fontenc.sty.ltxml...
(Loading /usr/share/perl5/LaTeXML/Package/t1enc.def.ltxml...
(Processing definitions /usr/share/texlive/texmf-dist/tex/latex/base/t1enc.def...
(Processing definitions /usr/share/texlive/texmf-dist/tex/latex/base/t1enc.dfu... 0.06 sec)
(Loading /usr/share/perl5/LaTeXML/Package/t1.fontmap.ltxml... 0.00 sec) 0.12 sec) 0.12 sec) 0.14 sec)
(Loading /usr/share/perl5/LaTeXML/Package/booktabs.sty.ltxml... 0.01 sec)
(Loading /usr/share/perl5/LaTeXML/Package/nicefrac.sty.ltxml...
(Loading /usr/share/perl5/LaTeXML/Package/ifthen.sty.ltxml...
(Processing definitions /usr/share/texlive/texmf-dist/tex/latex/base/ifthen.sty... 0.02 sec) 0.02 sec) 0.03 sec)
(Loading /usr/share/perl5/LaTeXML/Package/microtype.sty.ltxml... 0.00 sec)
(Loading /usr/share/perl5/LaTeXML/Package/xcolor.sty.ltxml...
(Loading /usr/share/perl5/LaTeXML/Package/color.sty.ltxml... 0.01 sec) 0.06 sec)
(Loading /usr/share/perl5/LaTeXML/Package/epsfig.sty.ltxml...
(Loading /usr/share/perl5/LaTeXML/Package/graphicx.sty.ltxml...
(Loading /usr/share/perl5/LaTeXML/Package/graphics.sty.ltxml... 0.01 sec) 0.02 sec) 0.04 sec)
(Loading /usr/share/perl5/LaTeXML/Package/amssymb.sty.ltxml... 0.02 sec)
(Loading /usr/share/perl5/LaTeXML/Package/overpic.sty.ltxml...
Warning:missing_file:epic Can't find binding for package epic
	at overpic.sty.ltxml; line 20
	Anticipate undefined macros or environments
	In Core::Gullet[@0x5571f20b67d8] /usr/share/perl5/LaTeXML/Package/overpic.sty.ltxml; line 20
 0.03 sec)
Warning:missing_file:datetime Can't find binding for package datetime
	at PEX_arxiv.tex; line 27 col 11 - line 27 col 11
	Anticipate undefined macros or environments
	In Core::Definition::Constructor[\usepac... /usr/share/perl5/LaTeXML/Package/LaTeX.pool.ltxml; line 879
(Loading /usr/share/perl5/LaTeXML/Package/mathtools.sty.ltxml...
(Loading /usr/share/perl5/LaTeXML/Package/calc.sty.ltxml... 0.00 sec) 0.04 sec)
(Loading /usr/share/perl5/LaTeXML/Package/algorithm.sty.ltxml...
Warning:missing_file:algorithm Can't find package algorithm
	at algorithm.sty.ltxml; line 20
	Anticipate undefined macros or environments
	In Core::Gullet[@0x5571f20b67d8] /usr/share/perl5/LaTeXML/Package/algorithm.sty.ltxml; line 20
 0.01 sec)
(Loading /usr/share/perl5/LaTeXML/Package/algorithmic.sty.ltxml...
Warning:missing_file:algorithmic Can't find package algorithmic
	at algorithmic.sty.ltxml; line 26
	Anticipate undefined macros or environments
	In Core::Gullet[@0x5571f20b67d8] /usr/share/perl5/LaTeXML/Package/algorithmic.sty.ltxml; line 26
 0.01 sec)
(Loading /usr/share/perl5/LaTeXML/Package/bbm.sty.ltxml... 0.00 sec)
(Loading /usr/share/perl5/LaTeXML/Package/wrapfig.sty.ltxml... 0.00 sec)
Warning:missing_file:arydshln Can't find binding for package arydshln
	at PEX_arxiv.tex; line 33 col 11 - line 33 col 11
	Anticipate undefined macros or environments
	In Core::Definition::Constructor[\usepac... /usr/share/perl5/LaTeXML/Package/LaTeX.pool.ltxml; line 879
(Loading /usr/share/perl5/LaTeXML/Package/enumitem.sty.ltxml... 0.01 sec)
(Loading /usr/share/perl5/LaTeXML/Package/pgfplots.sty.ltxml...
Warning:missing_file:pgfplots Can't find package pgfplots
	at pgfplots.sty.ltxml; line 25
	Anticipate undefined macros or environments
	In Core::Gullet[@0x5571f20b67d8] /usr/share/perl5/LaTeXML/Package/pgfplots.sty.ltxml; line 25
 0.01 sec)
Error:undefined:\pgfplotsset The token T_CS[\pgfplotsset] is not defined.
	at PEX_arxiv.tex; line 39 col 12 - line 39 col 12
	Defining it now as <ltx:ERROR/>
	Next token is T_BEGIN[{] ( == T_BEGIN[{])
	In Core::Gullet[@0x5571f20b67d8] /home/miri/Documents/DataLit/arXiv_src_fetcher/ICLR_2023_first100/-Y34L45JR6z/PEX_arxiv.tex; from line 39 col 13 to line 39 col 13
	 <= Core::Stomach[@0x5571f2497b28] <= ...
(Loading /usr/share/perl5/LaTeXML/Package/tikz.sty.ltxml...
Warning:missing_file:tikz Can't find package tikz
	at tikz.sty.ltxml; line 24
	Anticipate undefined macros or environments
	In Core::Gullet[@0x5571f20b67d8] /usr/share/perl5/LaTeXML/Package/tikz.sty.ltxml; line 24
 0.01 sec)
(Loading /usr/share/perl5/LaTeXML/Package/adjustbox.sty.ltxml...
Warning:missing_file:adjustbox Can't find package adjustbox
	at adjustbox.sty.ltxml; line 18
	Anticipate undefined macros or environments
	In Core::Gullet[@0x5571f20b67d8] /usr/share/perl5/LaTeXML/Package/adjustbox.sty.ltxml; line 18
 0.01 sec)
(Loading /usr/share/perl5/LaTeXML/Package/multirow.sty.ltxml... 0.00 sec)
(Loading /usr/share/perl5/LaTeXML/Package/pifont.sty.ltxml... 0.00 sec)
Error:undefined:\iclrfinalcopy The token T_CS[\iclrfinalcopy] is not defined.
	at PEX_arxiv.tex; line 89 col 0 - line 89 col 14
	Defining it now as <ltx:ERROR/>
	Next token is T_CS[\begin] ( == Core::Definition::Expandable[\begin {}])
	In Core::Gullet[@0x5571f20b67d8] /home/miri/Documents/DataLit/arXiv_src_fetcher/ICLR_2023_first100/-Y34L45JR6z/PEX_arxiv.tex; from line 90 col 6 to line 90 col 6
	 <= Core::Stomach[@0x5571f2497b28] <= ...
Warning:expected:\endflushleft body should have ended with '\endflushleft'
	at PEX_arxiv.tex; line 206 col 0 - line 206 col 64
	current body started at PEX_arxiv.tex; line 206 col 11 - line 206 col 11
	Got T_BEGIN[{]
	 -- Core::List[Box[[{]],Box[C Font[bold]],Box[o Font[bold]],Box[n Font[bold]],Box[n Font[bold]],Box[e Font[bold]],Box[c Font[bold]],Box[t Font[bold]],Box[i Font[bold]],Box[o Font[bold]],Box[n Font[bold]],Box[s Font[bold]],Box[  Font[bold]],Box[b Font[bold]],Box[e Font[bold]],Box[t Font[bold]],Box[w Font[bold]],Box[e Font[bold]],Box[e Font[bold]],Box[n Font[bold]],Box[  Font[bold]],Box[O Font[bold]],Box[f Font[bold]],Box[f Font[bold]],Box[l Font[bold]],Box[i Font[bold]],Box[n Font[bold]],Box[e Font[bold]],Box[  Font[bold]],Box[a Font[bold]],Box[n Font[bold]],Box[d Font[bold]],Box[  Font[bold]],Box[O Font[bold]],Box[n Font[bold]],Box[l Font[bold]],Box[i Font[bold]],Box[n Font[bold]],Box[e Font[bold]],Box[  Font[bold]],Box[R Font[bold]],Box[L Font[bold]],Box[. Font[bold]],Box[[}] Font[bold]]]
	 -- T_END[}]
	 -- Box[[}]]
	In Core::Stomach[@0x5571f2497b28] /home/miri/Documents/DataLit/arXiv_src_fetcher/ICLR_2023_first100/-Y34L45JR6z/PEX_arxiv.tex; from line 206 col 0 to line 206 col 64
Warning:expected:\endflushleft body should have ended with '\endflushleft'
	at PEX_arxiv.tex; line 222 col 0 - line 222 col 57
	current body started at PEX_arxiv.tex; line 222 col 11 - line 222 col 11
	Got T_BEGIN[{]
	 -- Core::List[Box[[{]],Box[T Font[bold]],Box[h Font[bold]],Box[e Font[bold]],Box[  Font[bold]],Box[D Font[bold]],Box[i Font[bold]],Box[r Font[bold]],Box[e Font[bold]],Box[c Font[bold]],Box[t Font[bold]],Box[  Font[bold]],Box[O Font[bold]],Box[f Font[bold]],Box[f Font[bold]],Box[l Font[bold]],Box[i Font[bold]],Box[n Font[bold]],Box[e Font[bold]],Box[- Font[bold]],Box[O Font[bold]],Box[n Font[bold]],Box[l Font[bold]],Box[i Font[bold]],Box[n Font[bold]],Box[e Font[bold]],Box[  Font[bold]],Box[A Font[bold]],Box[p Font[bold]],Box[p Font[bold]],Box[r Font[bold]],Box[o Font[bold]],Box[a Font[bold]],Box[c Font[bold]],Box[h Font[bold]],Box[. Font[bold]],Box[[}] Font[bold]]]
	 -- T_END[}]
	 -- Box[[}]]
	In Core::Stomach[@0x5571f2497b28] /home/miri/Documents/DataLit/arXiv_src_fetcher/ICLR_2023_first100/-Y34L45JR6z/PEX_arxiv.tex; from line 222 col 0 to line 222 col 57
Warning:expected:\endflushleft body should have ended with '\endflushleft'
	at PEX_arxiv.tex; line 285 col 39 - line 285 col 39
	current body started at PEX_arxiv.tex; line 285 col 11 - line 285 col 11
	Got T_BEGIN[{]
	 -- Core::List[Box[[{]],Box[P Font[bold]],Box[o Font[bold]],Box[l Font[bold]],Box[i Font[bold]],Box[c Font[bold]],Box[y Font[bold]],Box[  Font[bold]],Box[E Font[bold]],Box[x Font[bold]],Box[p Font[bold]],Box[a Font[bold]],Box[n Font[bold]],Box[s Font[bold]],Box[i Font[bold]],Box[o Font[bold]],Box[n Font[bold]],Box[. Font[bold]],Box[[}] Font[bold]]]
	 -- T_END[}]
	 -- Box[[}]]
	In Core::Stomach[@0x5571f2497b28] /home/miri/Documents/DataLit/arXiv_src_fetcher/ICLR_2023_first100/-Y34L45JR6z/PEX_arxiv.tex; from line 285 col 39 to line 285 col 39
Warning:expected:\endflushleft body should have ended with '\endflushleft'
	at PEX_arxiv.tex; line 302 col 50 - line 302 col 50
	current body started at PEX_arxiv.tex; line 302 col 11 - line 302 col 11
	Got T_BEGIN[{]
	 -- Core::List[Box[[{]],Box[A Font[bold]],Box[d Font[bold]],Box[a Font[bold]],Box[p Font[bold]],Box[t Font[bold]],Box[i Font[bold]],Box[v Font[bold]],Box[e Font[bold]],Box[  Font[bold]],Box[P Font[bold]],Box[o Font[bold]],Box[l Font[bold]],Box[i Font[bold]],Box[c Font[bold]],Box[y Font[bold]],Box[  Font[bold]],Box[C Font[bold]],Box[o Font[bold]],Box[m Font[bold]],Box[p Font[bold]],Box[o Font[bold]],Box[s Font[bold]],Box[i Font[bold]],Box[t Font[bold]],Box[i Font[bold]],Box[o Font[bold]],Box[n Font[bold]],Box[. Font[bold]],Box[[}] Font[bold]]]
	 -- T_END[}]
	 -- Box[[}]]
	In Core::Stomach[@0x5571f2497b28] /home/miri/Documents/DataLit/arXiv_src_fetcher/ICLR_2023_first100/-Y34L45JR6z/PEX_arxiv.tex; from line 302 col 50 to line 302 col 50
Error:undefined:{algorithm} The environment {algorithm} is not defined.
	at PEX_arxiv.tex; line 353 col 17 - line 353 col 17
	Next token is T_OTHER[[] ( == T_OTHER[[])
	In Core::Definition::Expandable[\begin {}] /usr/share/perl5/LaTeXML/Package/LaTeX.pool.ltxml; line 182
	 <= Core::Gullet[@0x5571f20b67d8] <= Core::Stomach[@0x5571f2497b28] <= ...
Error:unexpected:\caption Use of \caption outside any known float
	at PEX_arxiv.tex; line 355 col 9 - line 355 col 9
	In Core::Definition::Constructor[\@@gene... /usr/share/perl5/LaTeXML/Package/LaTeX.pool.ltxml; line 3392
	 <= Core::Stomach[@0x5571f2497b28] <= ...
Error:undefined:\lx@orig@algorithmic The token T_CS[\lx@orig@algorithmic] is not defined.
	at PEX_arxiv.tex; line 357 col 0 - line 357 col 22
	Defining it now as <ltx:ERROR/>
	Next token is T_SPACE[U+000a/LF] ( == T_SPACE[U+000a/LF])
	In Core::Gullet[@0x5571f20b67d8] /home/miri/Documents/DataLit/arXiv_src_fetcher/ICLR_2023_first100/-Y34L45JR6z/PEX_arxiv.tex; from line 357 col 0 to line 357 col 23
	 <= Core::Stomach[@0x5571f2497b28] <= ...
Error:undefined:\STATE The token T_CS[\STATE] is not defined.
	at PEX_arxiv.tex; line 358 col 10 - line 358 col 10
	Defining it now as <ltx:ERROR/>
	Next token is T_BEGIN[{] ( == T_BEGIN[{])
	In Core::Gullet[@0x5571f20b67d8] /home/miri/Documents/DataLit/arXiv_src_fetcher/ICLR_2023_first100/-Y34L45JR6z/PEX_arxiv.tex; from line 358 col 12 to line 358 col 12
	 <= Core::Stomach[@0x5571f2497b28] <= ...
Error:undefined:\WHILE The token T_CS[\WHILE] is not defined.
	at PEX_arxiv.tex; line 360 col 10 - line 360 col 10
	Defining it now as <ltx:ERROR/>
	Next token is T_BEGIN[{] ( == T_BEGIN[{])
	In Core::Gullet[@0x5571f20b67d8] /home/miri/Documents/DataLit/arXiv_src_fetcher/ICLR_2023_first100/-Y34L45JR6z/PEX_arxiv.tex; from line 360 col 11 to line 360 col 11
	 <= Core::Stomach[@0x5571f2497b28] <= ...
Error:undefined:\ENDWHILE The token T_CS[\ENDWHILE] is not defined.
	at PEX_arxiv.tex; line 363 col 0 - line 363 col 13
	Defining it now as <ltx:ERROR/>
	Next token is T_CS[\STATE] ( == Core::Definition::Constructor[\STATE])
	In Core::Gullet[@0x5571f20b67d8] /home/miri/Documents/DataLit/arXiv_src_fetcher/ICLR_2023_first100/-Y34L45JR6z/PEX_arxiv.tex; from line 364 col 10 to line 364 col 10
	 <= Core::Stomach[@0x5571f2497b28] <= ...
Error:undefined:\FOR The token T_CS[\FOR] is not defined.
	at PEX_arxiv.tex; line 366 col 9 - line 366 col 9
	Defining it now as <ltx:ERROR/>
	Next token is T_BEGIN[{] ( == T_BEGIN[{])
	In Core::Gullet[@0x5571f20b67d8] /home/miri/Documents/DataLit/arXiv_src_fetcher/ICLR_2023_first100/-Y34L45JR6z/PEX_arxiv.tex; from line 366 col 10 to line 366 col 10
	 <= Core::Stomach[@0x5571f2497b28] <= ...
Error:undefined:\ENDFOR The token T_CS[\ENDFOR] is not defined.
	at PEX_arxiv.tex; line 368 col 0 - line 368 col 12
	Defining it now as <ltx:ERROR/>
	Next token is T_CS[\FOR] ( == Core::Definition::Constructor[\FOR])
	In Core::Gullet[@0x5571f20b67d8] /home/miri/Documents/DataLit/arXiv_src_fetcher/ICLR_2023_first100/-Y34L45JR6z/PEX_arxiv.tex; from line 369 col 9 to line 369 col 9
	 <= Core::Stomach[@0x5571f2497b28] <= ...
Warning:expected:\endflushleft body should have ended with '\endflushleft'
	at PEX_arxiv.tex; line 410 col 0 - line 410 col 40
	current body started at PEX_arxiv.tex; line 410 col 11 - line 410 col 11
	Got T_BEGIN[{]
	 -- Core::List[Box[[{]],Box[P Font[bold]],Box[r Font[bold]],Box[e Font[bold]],Box[- Font[bold]],Box[T Font[bold]],Box[r Font[bold]],Box[a Font[bold]],Box[i Font[bold]],Box[n Font[bold]],Box[i Font[bold]],Box[n Font[bold]],Box[g Font[bold]],Box[  Font[bold]],Box[i Font[bold]],Box[n Font[bold]],Box[  Font[bold]],Box[R Font[bold]],Box[L Font[bold]],Box[. Font[bold]],Box[[}] Font[bold]]]
	 -- T_END[}]
	 -- Box[[}]]
	In Core::Stomach[@0x5571f2497b28] /home/miri/Documents/DataLit/arXiv_src_fetcher/ICLR_2023_first100/-Y34L45JR6z/PEX_arxiv.tex; from line 410 col 0 to line 410 col 40
Warning:expected:\endflushleft body should have ended with '\endflushleft'
	at PEX_arxiv.tex; line 423 col 0 - line 423 col 51
	current body started at PEX_arxiv.tex; line 423 col 11 - line 423 col 11
	Got T_BEGIN[{]
	 -- Core::List[Box[[{]],Box[D Font[bold]],Box[a Font[bold]],Box[t Font[bold]],Box[a Font[bold]],Box[- Font[bold]],Box[D Font[bold]],Box[r Font[bold]],Box[i Font[bold]],Box[v Font[bold]],Box[e Font[bold]],Box[n Font[bold]],Box[  Font[bold]],Box[R Font[bold]],Box[L Font[bold]],Box[  Font[bold]],Box[a Font[bold]],Box[n Font[bold]],Box[d Font[bold]],Box[  Font[bold]],Box[O Font[bold]],Box[f Font[bold]],Box[f Font[bold]],Box[l Font[bold]],Box[i Font[bold]],Box[n Font[bold]],Box[e Font[bold]],Box[  Font[bold]],Box[R Font[bold]],Box[L Font[bold]],Box[. Font[bold]],Box[[}] Font[bold]]]
	 -- T_END[}]
	 -- Box[[}]]
	In Core::Stomach[@0x5571f2497b28] /home/miri/Documents/DataLit/arXiv_src_fetcher/ICLR_2023_first100/-Y34L45JR6z/PEX_arxiv.tex; from line 423 col 0 to line 423 col 51
Warning:expected:\endflushleft body should have ended with '\endflushleft'
	at PEX_arxiv.tex; line 434 col 0 - line 434 col 62
	current body started at PEX_arxiv.tex; line 434 col 11 - line 434 col 11
	Got T_BEGIN[{]
	 -- Core::List[Box[[{]],Box[O Font[bold]],Box[f Font[bold]],Box[f Font[bold]],Box[l Font[bold]],Box[i Font[bold]],Box[n Font[bold]],Box[e Font[bold]],Box[  Font[bold]],Box[T Font[bold]],Box[r Font[bold]],Box[a Font[bold]],Box[i Font[bold]],Box[n Font[bold]],Box[i Font[bold]],Box[n Font[bold]],Box[g Font[bold]],Box[  Font[bold]],Box[w Font[bold]],Box[i Font[bold]],Box[t Font[bold]],Box[h Font[bold]],Box[  Font[bold]],Box[O Font[bold]],Box[n Font[bold]],Box[l Font[bold]],Box[i Font[bold]],Box[n Font[bold]],Box[e Font[bold]],Box[  Font[bold]],Box[F Font[bold]],Box[i Font[bold]],Box[n Font[bold]],Box[e Font[bold]],Box[- Font[bold]],Box[t Font[bold]],Box[u Font[bold]],Box[n Font[bold]],Box[i Font[bold]],Box[n Font[bold]],Box[g Font[bold]],Box[. Font[bold]],Box[[}] Font[bold]]]
	 -- T_END[}]
	 -- Box[[}]]
	In Core::Stomach[@0x5571f2497b28] /home/miri/Documents/DataLit/arXiv_src_fetcher/ICLR_2023_first100/-Y34L45JR6z/PEX_arxiv.tex; from line 434 col 0 to line 434 col 62
Warning:expected:\endflushleft body should have ended with '\endflushleft'
	at PEX_arxiv.tex; line 484 col 0 - line 484 col 31
	current body started at PEX_arxiv.tex; line 484 col 0 - line 484 col 31
	Got T_BEGIN[{]
	 -- Core::List[Box[[{] Font[bold]],Box[B Font[bold]],Box[a Font[bold]],Box[s Font[bold]],Box[e Font[bold]],Box[l Font[bold]],Box[i Font[bold]],Box[n Font[bold]],Box[e Font[bold]],Box[s Font[bold]],Box[. Font[bold]],Box[[}] Font[bold]]]
	 -- T_END[}]
	 -- Box[[}] Font[bold]]
	In Core::Stomach[@0x5571f2497b28] /home/miri/Documents/DataLit/arXiv_src_fetcher/ICLR_2023_first100/-Y34L45JR6z/PEX_arxiv.tex; from line 484 col 0 to line 484 col 31
Warning:expected:\endflushleft body should have ended with '\endflushleft'
	at PEX_arxiv.tex; line 595 col 36 - line 595 col 36
	current body started at PEX_arxiv.tex; line 595 col 11 - line 595 col 11
	Got T_BEGIN[{]
	 -- Core::List[Box[[{]],Box[O Font[bold]],Box[f Font[bold]],Box[f Font[bold]],Box[l Font[bold]],Box[i Font[bold]],Box[n Font[bold]],Box[e Font[bold]],Box[- Font[bold]],Box[B Font[bold]],Box[u Font[bold]],Box[f Font[bold]],Box[f Font[bold]],Box[e Font[bold]],Box[r Font[bold]],Box[. Font[bold]],Box[[}] Font[bold]]]
	 -- T_END[}]
	 -- Box[[}]]
	In Core::Stomach[@0x5571f2497b28] /home/miri/Documents/DataLit/arXiv_src_fetcher/ICLR_2023_first100/-Y34L45JR6z/PEX_arxiv.tex; from line 595 col 36 to line 595 col 36
Warning:expected:\endflushleft body should have ended with '\endflushleft'
	at PEX_arxiv.tex; line 600 col 37 - line 600 col 37
	current body started at PEX_arxiv.tex; line 600 col 11 - line 600 col 11
	Got T_BEGIN[{]
	 -- Core::List[Box[[{]],Box[C Font[bold]],Box[r Font[bold]],Box[i Font[bold]],Box[t Font[bold]],Box[i Font[bold]],Box[c Font[bold]],Box[  Font[bold]],Box[T Font[bold]],Box[r Font[bold]],Box[a Font[bold]],Box[n Font[bold]],Box[s Font[bold]],Box[f Font[bold]],Box[e Font[bold]],Box[r Font[bold]],Box[. Font[bold]],Box[[}] Font[bold]]]
	 -- T_END[}]
	 -- Box[[}]]
	In Core::Stomach[@0x5571f2497b28] /home/miri/Documents/DataLit/arXiv_src_fetcher/ICLR_2023_first100/-Y34L45JR6z/PEX_arxiv.tex; from line 600 col 37 to line 600 col 37
Warning:expected:\endflushleft body should have ended with '\endflushleft'
	at PEX_arxiv.tex; line 605 col 0 - line 605 col 37
	current body started at PEX_arxiv.tex; line 605 col 11 - line 605 col 11
	Got T_BEGIN[{]
	 -- Core::List[Box[[{]],Box[P Font[bold]],Box[o Font[bold]],Box[l Font[bold]],Box[i Font[bold]],Box[c Font[bold]],Box[y Font[bold]],Box[  Font[bold]],Box[T Font[bold]],Box[r Font[bold]],Box[a Font[bold]],Box[n Font[bold]],Box[s Font[bold]],Box[f Font[bold]],Box[e Font[bold]],Box[r Font[bold]],Box[. Font[bold]],Box[[}] Font[bold]]]
	 -- T_END[}]
	 -- Box[[}]]
	In Core::Stomach[@0x5571f2497b28] /home/miri/Documents/DataLit/arXiv_src_fetcher/ICLR_2023_first100/-Y34L45JR6z/PEX_arxiv.tex; from line 605 col 0 to line 605 col 37
Warning:expected:\endflushleft body should have ended with '\endflushleft'
	at PEX_arxiv.tex; line 611 col 43 - line 611 col 43
	current body started at PEX_arxiv.tex; line 611 col 11 - line 611 col 11
	Got T_BEGIN[{]
	 -- Core::List[Box[[{]],Box[O Font[bold]],Box[f Font[bold]],Box[f Font[bold]],Box[l Font[bold]],Box[i Font[bold]],Box[n Font[bold]],Box[e Font[bold]],Box[  Font[bold]],Box[P Font[bold]],Box[o Font[bold]],Box[l Font[bold]],Box[i Font[bold]],Box[c Font[bold]],Box[y Font[bold]],Box[  Font[bold]],Box[F Font[bold]],Box[r Font[bold]],Box[e Font[bold]],Box[e Font[bold]],Box[z Font[bold]],Box[e Font[bold]],Box[. Font[bold]],Box[[}] Font[bold]]]
	 -- T_END[}]
	 -- Box[[}]]
	In Core::Stomach[@0x5571f2497b28] /home/miri/Documents/DataLit/arXiv_src_fetcher/ICLR_2023_first100/-Y34L45JR6z/PEX_arxiv.tex; from line 611 col 43 to line 611 col 43
Warning:expected:\endflushleft body should have ended with '\endflushleft'
	at PEX_arxiv.tex; line 724 col 0 - line 724 col 52
	current body started at PEX_arxiv.tex; line 724 col 11 - line 724 col 11
	Got T_BEGIN[{]
	 -- Core::List[Box[[{]],Core::List[Box[[{]],Box[B Font[bold]],Box[e Font[bold]],Box[h Font[bold]],Box[a Font[bold]],Box[v Font[bold]],Box[i Font[bold]],Box[o Font[bold]],Box[r Font[bold]],Box[  Font[bold]],Box[T Font[bold]],Box[r Font[bold]],Box[a Font[bold]],Box[n Font[bold]],Box[s Font[bold]],Box[f Font[bold]],Box[e Font[bold]],Box[r Font[bold]],Box[  Font[bold]],Box[( Font[bold]],Core::List[Box[[{] Font[bold]],Core::List[Box[[{] Font[bold]],Box[B Font[typewriter,bold]],Box[T Font[typewriter,bold]],Box[[}] Font[typewriter,bold]]],Box[[}] Font[bold]]],Box[) Font[bold]],Box[. Font[bold]],Box[[}] Font[bold]]],Box[[}]]]
	 -- T_END[}]
	 -- Box[[}]]
	In Core::Stomach[@0x5571f2497b28] /home/miri/Documents/DataLit/arXiv_src_fetcher/ICLR_2023_first100/-Y34L45JR6z/PEX_arxiv.tex; from line 724 col 0 to line 724 col 52
Warning:expected:\endflushleft body should have ended with '\endflushleft'
	at PEX_arxiv.tex; line 733 col 0 - line 733 col 50
	current body started at PEX_arxiv.tex; line 733 col 11 - line 733 col 11
	Got T_BEGIN[{]
	 -- Core::List[Box[[{]],Core::List[Box[[{]],Box[J Font[bold]],Box[u Font[bold]],Box[m Font[bold]],Box[p Font[bold]],Box[  Font[bold]],Box[S Font[bold]],Box[t Font[bold]],Box[a Font[bold]],Box[r Font[bold]],Box[t Font[bold]],Box[  Font[bold]],Box[R Font[bold]],Box[L Font[bold]],Box[  Font[bold]],Box[( Font[bold]],Core::List[Box[[{] Font[bold]],Core::List[Box[[{] Font[bold]],Box[J Font[typewriter,bold]],Box[S Font[typewriter,bold]],Box[R Font[typewriter,bold]],Box[L Font[typewriter,bold]],Box[[}] Font[typewriter,bold]]],Box[[}] Font[bold]]],Box[) Font[bold]],Box[. Font[bold]],Box[[}] Font[bold]]],Box[[}]]]
	 -- T_END[}]
	 -- Box[[}]]
	In Core::Stomach[@0x5571f2497b28] /home/miri/Documents/DataLit/arXiv_src_fetcher/ICLR_2023_first100/-Y34L45JR6z/PEX_arxiv.tex; from line 733 col 0 to line 733 col 50
Warning:expected:\endflushleft body should have ended with '\endflushleft'
	at PEX_arxiv.tex; line 744 col 0 - line 744 col 59
	current body started at PEX_arxiv.tex; line 744 col 11 - line 744 col 11
	Got T_BEGIN[{]
	 -- Core::List[Box[[{]],Core::List[Box[[{]],Box[O Font[bold]],Box[f Font[bold]],Box[f Font[bold]],Box[l Font[bold]],Box[i Font[bold]],Box[n Font[bold]],Box[e Font[bold]],Box[- Font[bold]],Box[t Font[bold]],Box[o Font[bold]],Box[- Font[bold]],Box[O Font[bold]],Box[n Font[bold]],Box[l Font[bold]],Box[i Font[bold]],Box[n Font[bold]],Box[e Font[bold]],Box[  Font[bold]],Box[R Font[bold]],Box[L Font[bold]],Box[  Font[bold]],Box[( Font[bold]],Core::List[Box[[{] Font[bold]],Core::List[Box[[{] Font[bold]],Box[O Font[typewriter,bold]],Box[f Font[typewriter,bold]],Box[f Font[typewriter,bold]],Box[2 Font[typewriter,bold]],Box[O Font[typewriter,bold]],Box[n Font[typewriter,bold]],Box[[}] Font[typewriter,bold]]],Box[[}] Font[bold]]],Box[) Font[bold]],Box[. Font[bold]],Box[[}] Font[bold]]],Box[[}]]]
	 -- T_END[}]
	 -- Box[[}]]
	In Core::Stomach[@0x5571f2497b28] /home/miri/Documents/DataLit/arXiv_src_fetcher/ICLR_2023_first100/-Y34L45JR6z/PEX_arxiv.tex; from line 744 col 0 to line 744 col 59
Warning:expected:\endflushleft body should have ended with '\endflushleft'
	at PEX_arxiv.tex; line 762 col 0 - line 762 col 70
	current body started at PEX_arxiv.tex; line 762 col 11 - line 762 col 11
	Got T_BEGIN[{]
	 -- Core::List[Box[[{]],Core::List[Box[[{]],Box[P Font[bold]],Box[o Font[bold]],Box[l Font[bold]],Box[i Font[bold]],Box[c Font[bold]],Box[y Font[bold]],Box[  Font[bold]],Box[E Font[bold]],Box[x Font[bold]],Box[p Font[bold]],Box[a Font[bold]],Box[n Font[bold]],Box[s Font[bold]],Box[i Font[bold]],Box[o Font[bold]],Box[n Font[bold]],Box[[}] Font[bold]]],Box[ ],Box[(],Core::List[Box[[{]],Core::List[Box[[{] Font[bold]],Box[P Font[typewriter,bold]],Box[E Font[typewriter,bold]],Box[X Font[typewriter,bold]],Box[[}] Font[typewriter,bold]]],Box[[}] Font[bold]]],Box[ ],Box[w],Box[i],Box[t],Box[h],Box[ ],Box[I],Box[Q],Box[L],Box[-],Box[b],Box[a],Box[c],Box[k],Box[b],Box[o],Box[n],Box[e],Box[)],Box[.],Box[[}]]]
	 -- T_END[}]
	 -- Box[[}]]
	In Core::Stomach[@0x5571f2497b28] /home/miri/Documents/DataLit/arXiv_src_fetcher/ICLR_2023_first100/-Y34L45JR6z/PEX_arxiv.tex; from line 762 col 0 to line 762 col 70
Warning:expected:\endflushleft body should have ended with '\endflushleft'
	at PEX_arxiv.tex; line 799 col 84 - line 799 col 84
	current body started at PEX_arxiv.tex; line 799 col 11 - line 799 col 11
	Got T_BEGIN[{]
	 -- Core::List[Box[[{]],Core::List[Box[[{]],Box[P Font[bold]],Box[o Font[bold]],Box[l Font[bold]],Box[i Font[bold]],Box[c Font[bold]],Box[y Font[bold]],Box[  Font[bold]],Box[E Font[bold]],Box[x Font[bold]],Box[p Font[bold]],Box[a Font[bold]],Box[n Font[bold]],Box[s Font[bold]],Box[i Font[bold]],Box[o Font[bold]],Box[n Font[bold]],Box[[}] Font[bold]]],Box[ ],Box[(],Core::List[Box[[{]],Core::List[Box[[{] Font[bold]],Box[P Font[typewriter,bold]],Box[E Font[typewriter,bold]],Box[X Font[typewriter,bold]],Box[[}] Font[typewriter,bold]]],Box[[}] Font[bold]]],Box[ ],Box[w],Box[i],Box[t],Box[h],Box[ ],Box[w],Box[i],Box[t],Box[h],Box[ ],Box[S],Box[A],Box[C],Box[ ],Box[a],Box[s],Box[ ],Box[o],Box[n],Box[l],Box[i],Box[n],Box[e],Box[ ],Box[b],Box[a],Box[c],Box[k],Box[b],Box[o],Box[n],Box[e],Box[)],Box[[}]]]
	 -- T_END[}]
	 -- Box[[}]]
	In Core::Stomach[@0x5571f2497b28] /home/miri/Documents/DataLit/arXiv_src_fetcher/ICLR_2023_first100/-Y34L45JR6z/PEX_arxiv.tex; from line 799 col 84 to line 799 col 84
Warning:expected:\endflushleft body should have ended with '\endflushleft'
	at PEX_arxiv.tex; line 854 col 39 - line 854 col 39
	current body started at PEX_arxiv.tex; line 854 col 11 - line 854 col 11
	Got T_BEGIN[{]
	 -- Core::List[Box[[{]],Box[D Font[bold]],Box[o Font[bold]],Box[u Font[bold]],Box[b Font[bold]],Box[l Font[bold]],Box[e Font[bold]],Box[  Font[bold]],Box[P Font[bold]],Box[a Font[bold]],Box[r Font[bold]],Box[a Font[bold]],Box[m Font[bold]],Box[e Font[bold]],Box[t Font[bold]],Box[e Font[bold]],Box[r Font[bold]],Box[s Font[bold]],Box[. Font[bold]],Box[[}] Font[bold]]]
	 -- T_END[}]
	 -- Box[[}]]
	In Core::Stomach[@0x5571f2497b28] /home/miri/Documents/DataLit/arXiv_src_fetcher/ICLR_2023_first100/-Y34L45JR6z/PEX_arxiv.tex; from line 854 col 39 to line 854 col 39
 7.64 sec) 7.82 sec)
(Building...
(Loading compiled schema /usr/share/perl5/LaTeXML/resources/RelaxNG/LaTeXML.model... 0.01 sec) 3.57 sec)
(Rewriting... 0.09 sec)
(Math Parsing 220 formulae ...... 6.58 sec)
Math parsing succeeded:
   ltx:XMath: 220/220
   ltx:XMArg: 458/458
Symbols assumed as simple identifiers (with # of occurences):
   'A{blackboard}' (2), 'D{caligraphic}' (21), 'E{blackboard}' (19), 'K{italic}' (5), 'L{italic}' (17), 'Pi' (4), 'P{italic}' (26), 'Q{bold}' (1), 'Q{italic}' (38), 'R{blackboard}' (2), 'T{italic}' (3), 'V{italic}' (5), 'alpha' (27), 'a{italic}' (184), 'beta' (5), 'delta' (8), 'd{italic}' (23), 'epsilon' (1), 'e{italic}' (10), 'f{italic}' (7), 'gamma' (3), 'g{italic}' (1), 'i{italic}' (23), 'lambda' (4), 'phi' (7), 'pi' (96), 'psi' (1), 'r{italic}' (5), 's{italic}' (121), 'tau' (1), 'theta' (12), 't{italic}' (3), 'u{italic}' (3), 'w{bold}' (4), 'w{italic}' (5)
Set MATHPARSER_SPECULATE to speculate on possible notations.
(Finalizing... 0.45 sec)
Conversion complete: 27 warnings; 10 errors; 9 undefined macros[\ENDWHILE, \pgfplotsset, \STATE, \lx@orig@algorithmic, \ENDFOR, \iclrfinalcopy, {algorithm}, \FOR, \WHILE]; 9 missing files[tikz.sty, pgfplots.sty, adjustbox.sty, algorithm.sty, datetime.sty, arydshln.sty, algorithmic.sty, epic.sty, iclr2023_conference.sty] (See parsed.log) (reqd. 18.99s)
