latexml (LaTeXML version 0.8.8) processing sn-article.tex
(Digesting TeX sn-article...
(Loading /usr/share/perl5/LaTeXML/Package/TeX.pool.ltxml...
(Loading /usr/share/perl5/LaTeXML/Package/eTeX.pool.ltxml... 0.00 sec)
(Loading /usr/share/perl5/LaTeXML/Package/pdfTeX.pool.ltxml... 0.00 sec) 0.12 sec)
(Processing content /home/miri/Documents/university/DataLit/arXiv_src_fetcher/ICLR_2023_first100/-qg8MQNrxZw/sn-article.tex...
(Loading /usr/share/perl5/LaTeXML/Package/LaTeX.pool.ltxml...
(Loading /usr/share/perl5/LaTeXML/Package/textcomp.sty.ltxml...
(Processing definitions /usr/share/texlive/texmf-dist/tex/latex/base/ts1enc.dfu... 0.01 sec) 0.26 sec) 0.44 sec)
Warning:missing_file:sn-jnl Can't find binding for class sn-jnl (using OmniBus)
	at sn-article.tex; line 40 col 0 - line 40 col 1
	Anticipate undefined macros or environments
	search paths are /home/miri/Documents/university/DataLit/arXiv_src_fetcher/ICLR_2023_first100/-qg8MQNrxZw
	In Core::Definition::Constructor[\docume... /usr/share/perl5/LaTeXML/Package/LaTeX.pool.ltxml; line 61
(Loading /usr/share/perl5/LaTeXML/Package/OmniBus.cls.ltxml...
(Loading /usr/share/perl5/LaTeXML/Package/article.cls.ltxml... 0.01 sec)
(Loading /usr/share/perl5/LaTeXML/Package/inst_support.sty.ltxml... 0.00 sec)
(Loading /usr/share/perl5/LaTeXML/Package/epsf.sty.ltxml... 0.02 sec)
(Loading /usr/share/perl5/LaTeXML/Package/graphicx.sty.ltxml...
(Loading /usr/share/perl5/LaTeXML/Package/graphics.sty.ltxml... 0.01 sec) 0.01 sec)
(Loading /usr/share/perl5/LaTeXML/Package/aas_macros.sty.ltxml... 0.01 sec) 0.08 sec)
Info:dependencies:dependencies Loading dependencies for /home/miri/Documents/university/DataLit/arXiv_src_fetcher/ICLR_2023_first100/-qg8MQNrxZw/sn-jnl.cls: article,geometry,hyperref,breakurl,wrapfig,setspace,cuted,rotating,threeparttable,appendix,natbib,apacite,vruler
	at sn-article.tex; line 40 col 0 - line 40 col 1
(Loading /usr/share/perl5/LaTeXML/Package/geometry.sty.ltxml...
(Loading /usr/share/perl5/LaTeXML/Package/keyval.sty.ltxml...
(Processing definitions /usr/share/texlive/texmf-dist/tex/latex/graphics/keyval.sty... 0.01 sec) 0.01 sec)
(Loading /usr/share/perl5/LaTeXML/Package/ifpdf.sty.ltxml... 0.00 sec)
(Loading /usr/share/perl5/LaTeXML/Package/ifvtex.sty.ltxml...
(Loading /usr/share/perl5/LaTeXML/Package/iftex.sty.ltxml... 0.00 sec) 0.01 sec)
(Loading /usr/share/perl5/LaTeXML/Package/ifxetex.sty.ltxml... 0.00 sec) 0.03 sec)
(Loading /usr/share/perl5/LaTeXML/Package/hyperref.sty.ltxml...
(Loading /usr/share/perl5/LaTeXML/Package/ltxcmds.sty.ltxml...
(Processing definitions /usr/share/texlive/texmf-dist/tex/generic/ltxcmds/ltxcmds.sty... 0.07 sec) 0.07 sec)
(Loading /usr/share/perl5/LaTeXML/Package/kvsetkeys.sty.ltxml...
(Processing definitions /usr/share/texlive/texmf-dist/tex/latex/kvsetkeys/kvsetkeys.sty... 0.05 sec) 0.05 sec)
(Loading /usr/share/perl5/LaTeXML/Package/kvdefinekeys.sty.ltxml...
(Processing definitions /usr/share/texlive/texmf-dist/tex/generic/kvdefinekeys/kvdefinekeys.sty... 0.02 sec) 0.02 sec)
(Loading /usr/share/perl5/LaTeXML/Package/kvoptions.sty.ltxml...
(Processing definitions /usr/share/texlive/texmf-dist/tex/latex/kvoptions/kvoptions.sty... 0.11 sec) 0.11 sec)
(Loading /usr/share/perl5/LaTeXML/Package/nameref.sty.ltxml...
(Loading /usr/share/perl5/LaTeXML/Package/refcount.sty.ltxml...
(Processing definitions /usr/share/texlive/texmf-dist/tex/latex/refcount/refcount.sty...
(Loading /usr/share/perl5/LaTeXML/Package/infwarerr.sty.ltxml...
(Processing definitions /usr/share/texlive/texmf-dist/tex/generic/infwarerr/infwarerr.sty... 0.04 sec) 0.04 sec) 0.09 sec) 0.09 sec)
(Loading /usr/share/perl5/LaTeXML/Package/gettitlestring.sty.ltxml...
(Processing definitions /usr/share/texlive/texmf-dist/tex/generic/gettitlestring/gettitlestring.sty... 0.12 sec) 0.12 sec) 0.22 sec)
(Loading /usr/share/perl5/LaTeXML/Package/url.sty.ltxml... 0.00 sec)
(Loading /usr/share/perl5/LaTeXML/Package/bitset.sty.ltxml...
(Processing definitions /usr/share/texlive/texmf-dist/tex/generic/bitset/bitset.sty...
(Loading /usr/share/perl5/LaTeXML/Package/intcalc.sty.ltxml...
(Processing definitions /usr/share/texlive/texmf-dist/tex/generic/intcalc/intcalc.sty... 0.05 sec) 0.05 sec)
(Loading /usr/share/perl5/LaTeXML/Package/bigintcalc.sty.ltxml...
(Processing definitions /usr/share/texlive/texmf-dist/tex/generic/bigintcalc/bigintcalc.sty...
(Loading /usr/share/perl5/LaTeXML/Package/pdftexcmds.sty.ltxml... 0.01 sec) 0.21 sec) 0.21 sec) 0.47 sec) 0.47 sec) 1.02 sec)
(Loading /usr/share/perl5/LaTeXML/Package/breakurl.sty.ltxml... 0.00 sec)
(Loading /usr/share/perl5/LaTeXML/Package/wrapfig.sty.ltxml... 0.00 sec)
(Loading /usr/share/perl5/LaTeXML/Package/setspace.sty.ltxml... 0.00 sec)
(Loading /usr/share/perl5/LaTeXML/Package/rotating.sty.ltxml...
(Loading /usr/share/perl5/LaTeXML/Package/ifthen.sty.ltxml...
(Processing definitions /usr/share/texlive/texmf-dist/tex/latex/base/ifthen.sty... 0.02 sec) 0.02 sec) 0.03 sec)
(Loading /usr/share/perl5/LaTeXML/Package/threeparttable.sty.ltxml... 0.00 sec)
(Loading /usr/share/perl5/LaTeXML/Package/appendix.sty.ltxml... 0.00 sec)
(Loading /usr/share/perl5/LaTeXML/Package/natbib.sty.ltxml... 0.02 sec)
(Loading /usr/share/perl5/LaTeXML/Package/multirow.sty.ltxml... 0.00 sec)
(Loading /usr/share/perl5/LaTeXML/Package/amsmath.sty.ltxml...
(Loading /usr/share/perl5/LaTeXML/Package/amsbsy.sty.ltxml...
(Loading /usr/share/perl5/LaTeXML/Package/amsgen.sty.ltxml... 0.00 sec) 0.01 sec)
(Loading /usr/share/perl5/LaTeXML/Package/amstext.sty.ltxml... 0.01 sec)
(Loading /usr/share/perl5/LaTeXML/Package/amsopn.sty.ltxml... 0.01 sec) 0.07 sec)
(Loading /usr/share/perl5/LaTeXML/Package/amssymb.sty.ltxml...
(Loading /usr/share/perl5/LaTeXML/Package/amsfonts.sty.ltxml... 0.00 sec) 0.01 sec)
(Loading /usr/share/perl5/LaTeXML/Package/amsthm.sty.ltxml... 0.01 sec)
(Loading /usr/share/perl5/LaTeXML/Package/mathrsfs.sty.ltxml... 0.00 sec)
(Loading /usr/share/perl5/LaTeXML/Package/xcolor.sty.ltxml...
(Loading /usr/share/perl5/LaTeXML/Package/color.sty.ltxml... 0.01 sec) 0.05 sec)
Warning:missing_file:manyfoot Can't find binding for package manyfoot
	at sn-article.tex; line 53 col 11 - line 53 col 11
	Anticipate undefined macros or environments
	In Core::Definition::Constructor[\usepac... /usr/share/perl5/LaTeXML/Package/LaTeX.pool.ltxml; line 879
Info:dependencies:dependencies Loading dependencies for /usr/share/texlive/texmf-dist/tex/latex/ncctools/manyfoot.sty: nccfoots,perpage
	at sn-article.tex; line 53 col 11 - line 53 col 11
(Loading /usr/share/perl5/LaTeXML/Package/booktabs.sty.ltxml... 0.01 sec)
(Loading /usr/share/perl5/LaTeXML/Package/algorithm.sty.ltxml...
(Processing definitions /usr/share/texlive/texmf-dist/tex/latex/algorithms/algorithm.sty...
Info:misdefined:utf-8 input isn't valid under encoding utf-8
	at algorithm.sty; line 11 col 0 - line 11 col 0
(Loading /usr/share/perl5/LaTeXML/Package/float.sty.ltxml... 0.00 sec) 0.03 sec) 0.03 sec)
(Loading /usr/share/perl5/LaTeXML/Package/algorithmicx.sty.ltxml...
(Processing definitions /usr/share/texlive/texmf-dist/tex/latex/algorithmicx/algorithmicx.sty...
Document Style algorithmicx 1.2 - a greatly improved `algorithmic' style
 0.18 sec) 0.18 sec)
(Loading /usr/share/perl5/LaTeXML/Package/algpseudocode.sty.ltxml...
(Processing definitions /usr/share/texlive/texmf-dist/tex/latex/algorithmicx/algpseudocode.sty...
Document Style - pseudocode environments for use with the `algorithmicx' style
 0.83 sec) 0.84 sec)
(Loading /usr/share/perl5/LaTeXML/Package/listings.sty.ltxml...
(Processing definitions /usr/share/texlive/texmf-dist/tex/latex/listings/listings.cfg... 0.01 sec) 0.08 sec)
(Loading /usr/share/perl5/LaTeXML/Package/colortbl.sty.ltxml...
(Loading /usr/share/perl5/LaTeXML/Package/array.sty.ltxml... 0.00 sec) 0.02 sec)
Warning:missing_file:arydshln Can't find binding for package arydshln
	at sn-article.tex; line 64 col 11 - line 64 col 11
	Anticipate undefined macros or environments
	In Core::Definition::Constructor[\usepac... /usr/share/perl5/LaTeXML/Package/LaTeX.pool.ltxml; line 879
(Loading /usr/share/perl5/LaTeXML/Package/subfig.sty.ltxml... 0.01 sec)
(Loading /usr/share/perl5/LaTeXML/Package/longtable.sty.ltxml... 0.00 sec)
(Loading /usr/share/perl5/LaTeXML/Package/makecell.sty.ltxml...
(Processing definitions /usr/share/texlive/texmf-dist/tex/latex/makecell/makecell.sty... 0.06 sec) 0.06 sec)
(Loading /usr/share/perl5/LaTeXML/Package/bbding.sty.ltxml...
Warning:missing_file:bbding Can't find package bbding
	at bbding.sty.ltxml; line 18
	Anticipate undefined macros or environments
	In Core::Gullet[@0x5cf9481ae328] /usr/share/perl5/LaTeXML/Package/bbding.sty.ltxml; line 18
 0.02 sec)
(Loading /usr/share/perl5/LaTeXML/Package/bbold.sty.ltxml... 0.00 sec)
(Loading /usr/share/perl5/LaTeXML/Package/caption.sty.ltxml... 0.01 sec)
(Loading /usr/share/perl5/LaTeXML/Package/pifont.sty.ltxml... 0.00 sec)
(Loading /usr/share/perl5/LaTeXML/Package/tikz.sty.ltxml...
(Processing definitions /usr/share/texlive/texmf-dist/tex/latex/pgf/frontendlayer/tikz.sty...
(Loading /usr/share/perl5/LaTeXML/Package/pgf.sty.ltxml...
(Processing definitions /usr/share/texlive/texmf-dist/tex/latex/pgf/basiclayer/pgf.sty...
(Processing definitions /usr/share/texlive/texmf-dist/tex/latex/pgf/utilities/pgfrcs.sty...
(Loading /usr/share/perl5/LaTeXML/Package/pgfutil-common.tex.ltxml...
(Processing definitions /usr/share/texlive/texmf-dist/tex/generic/pgf/utilities/pgfutil-common.tex... 0.07 sec) 0.07 sec)
(Processing definitions /usr/share/texlive/texmf-dist/tex/generic/pgf/utilities/pgfutil-latex.def...
(Processing definitions /usr/share/texlive/texmf-dist/tex/latex/everyshi/everyshi.sty...
(Processing definitions /usr/share/texlive/texmf-dist/tex/latex/everyshi/everyshi-2001-05-15.sty... 0.01 sec) 0.03 sec) 0.06 sec)
(Processing definitions /usr/share/texlive/texmf-dist/tex/generic/pgf/utilities/pgfrcs.code.tex...
(Processing definitions /usr/share/texlive/texmf-dist/tex/generic/pgf/pgf.revision.tex... 0.00 sec) 0.02 sec) 0.18 sec)
(Processing definitions /usr/share/texlive/texmf-dist/tex/latex/pgf/basiclayer/pgfcore.sty...
(Processing definitions /usr/share/texlive/texmf-dist/tex/latex/pgf/systemlayer/pgfsys.sty...
(Processing definitions /usr/share/texlive/texmf-dist/tex/generic/pgf/systemlayer/pgfsys.code.tex...
(Loading /usr/share/perl5/LaTeXML/Package/pgfkeys.code.tex.ltxml...
(Processing definitions /usr/share/texlive/texmf-dist/tex/generic/pgf/utilities/pgfkeys.code.tex...
(Processing definitions /usr/share/texlive/texmf-dist/tex/generic/pgf/utilities/pgfkeyslibraryfiltered.code.tex... 0.26 sec) 0.74 sec) 0.74 sec)
(Processing definitions /usr/share/texlive/texmf-dist/tex/generic/pgf/systemlayer/pgf.cfg... 0.00 sec)
Driver file for pgf: pgfsys-latexml.def
(Loading /usr/share/perl5/LaTeXML/Package/pgfsys-latexml.def.ltxml... 0.02 sec) 0.96 sec)
(Processing definitions /usr/share/texlive/texmf-dist/tex/generic/pgf/systemlayer/pgfsyssoftpath.code.tex... 0.02 sec)
(Processing definitions /usr/share/texlive/texmf-dist/tex/generic/pgf/systemlayer/pgfsysprotocol.code.tex... 0.01 sec) 1.00 sec)
(Processing definitions /usr/share/texlive/texmf-dist/tex/generic/pgf/basiclayer/pgfcore.code.tex...
(Loading /usr/share/perl5/LaTeXML/Package/pgfmath.code.tex.ltxml...
(Processing definitions /usr/share/texlive/texmf-dist/tex/generic/pgf/math/pgfmath.code.tex...
(Processing definitions /usr/share/texlive/texmf-dist/tex/generic/pgf/math/pgfmathutil.code.tex... 0.04 sec)
(Processing definitions /usr/share/texlive/texmf-dist/tex/generic/pgf/math/pgfmathparser.code.tex... 0.18 sec)
(Processing definitions /usr/share/texlive/texmf-dist/tex/generic/pgf/math/pgfmathfunctions.code.tex... 0.11 sec)
(Processing definitions /usr/share/texlive/texmf-dist/tex/generic/pgf/math/pgfmathfunctions.basic.code.tex... 0.23 sec)
(Processing definitions /usr/share/texlive/texmf-dist/tex/generic/pgf/math/pgfmathfunctions.trigonometric.code.tex... 0.74 sec)
(Processing definitions /usr/share/texlive/texmf-dist/tex/generic/pgf/math/pgfmathfunctions.random.code.tex... 0.03 sec)
(Processing definitions /usr/share/texlive/texmf-dist/tex/generic/pgf/math/pgfmathfunctions.comparison.code.tex... 0.14 sec)
(Processing definitions /usr/share/texlive/texmf-dist/tex/generic/pgf/math/pgfmathfunctions.base.code.tex... 0.07 sec)
(Processing definitions /usr/share/texlive/texmf-dist/tex/generic/pgf/math/pgfmathfunctions.round.code.tex... 0.03 sec)
(Processing definitions /usr/share/texlive/texmf-dist/tex/generic/pgf/math/pgfmathfunctions.misc.code.tex... 0.10 sec)
(Processing definitions /usr/share/texlive/texmf-dist/tex/generic/pgf/math/pgfmathfunctions.integerarithmetics.code.tex... 0.03 sec)
(Loading /usr/share/perl5/LaTeXML/Package/pgfmathcalc.code.tex.ltxml...
(Processing definitions /usr/share/texlive/texmf-dist/tex/generic/pgf/math/pgfmathcalc.code.tex... 0.03 sec) 0.03 sec)
(Processing definitions /usr/share/texlive/texmf-dist/tex/generic/pgf/math/pgfmathfloat.code.tex... 1.03 sec) 2.80 sec) 2.81 sec)
(Processing definitions /usr/share/texlive/texmf-dist/tex/generic/pgf/math/pgfint.code.tex... 0.01 sec)
(Processing definitions /usr/share/texlive/texmf-dist/tex/generic/pgf/basiclayer/pgfcorepoints.code.tex... 0.09 sec)
(Processing definitions /usr/share/texlive/texmf-dist/tex/generic/pgf/basiclayer/pgfcorepathconstruct.code.tex... 0.12 sec)
(Processing definitions /usr/share/texlive/texmf-dist/tex/generic/pgf/basiclayer/pgfcorepathusage.code.tex... 0.17 sec)
(Processing definitions /usr/share/texlive/texmf-dist/tex/generic/pgf/basiclayer/pgfcorescopes.code.tex... 0.17 sec)
(Processing definitions /usr/share/texlive/texmf-dist/tex/generic/pgf/basiclayer/pgfcoregraphicstate.code.tex... 0.02 sec)
(Processing definitions /usr/share/texlive/texmf-dist/tex/generic/pgf/basiclayer/pgfcoretransformations.code.tex... 0.05 sec)
(Processing definitions /usr/share/texlive/texmf-dist/tex/generic/pgf/basiclayer/pgfcorequick.code.tex... 0.01 sec)
(Processing definitions /usr/share/texlive/texmf-dist/tex/generic/pgf/basiclayer/pgfcoreobjects.code.tex... 0.00 sec)
(Processing definitions /usr/share/texlive/texmf-dist/tex/generic/pgf/basiclayer/pgfcorepathprocessing.code.tex... 0.04 sec)
(Processing definitions /usr/share/texlive/texmf-dist/tex/generic/pgf/basiclayer/pgfcorearrows.code.tex... 1.13 sec)
(Processing definitions /usr/share/texlive/texmf-dist/tex/generic/pgf/basiclayer/pgfcoreshade.code.tex... 0.08 sec)
(Processing definitions /usr/share/texlive/texmf-dist/tex/generic/pgf/basiclayer/pgfcoreimage.code.tex... 0.11 sec)
(Processing definitions /usr/share/texlive/texmf-dist/tex/generic/pgf/basiclayer/pgfcoreexternal.code.tex... 0.10 sec)
(Processing definitions /usr/share/texlive/texmf-dist/tex/generic/pgf/basiclayer/pgfcorelayers.code.tex... 0.02 sec)
(Processing definitions /usr/share/texlive/texmf-dist/tex/generic/pgf/basiclayer/pgfcoretransparency.code.tex... 0.06 sec)
(Processing definitions /usr/share/texlive/texmf-dist/tex/generic/pgf/basiclayer/pgfcorepatterns.code.tex... 0.02 sec)
(Processing definitions /usr/share/texlive/texmf-dist/tex/generic/pgf/basiclayer/pgfcorerdf.code.tex... 0.01 sec) 5.07 sec) 6.10 sec)
(Processing definitions /usr/share/texlive/texmf-dist/tex/generic/pgf/modules/pgfmoduleshapes.code.tex... 0.23 sec)
(Processing definitions /usr/share/texlive/texmf-dist/tex/generic/pgf/modules/pgfmoduleplot.code.tex... 0.23 sec)
(Processing definitions /usr/share/texlive/texmf-dist/tex/latex/pgf/compatibility/pgfcomp-version-0-65.sty... 0.21 sec)
(Processing definitions /usr/share/texlive/texmf-dist/tex/latex/pgf/compatibility/pgfcomp-version-1-18.sty... 0.01 sec) 7.02 sec) 7.02 sec)
(Processing definitions /usr/share/texlive/texmf-dist/tex/latex/pgf/utilities/pgffor.sty...
(Processing definitions /usr/share/texlive/texmf-dist/tex/latex/pgf/utilities/pgfkeys.sty... 0.00 sec)
(Processing definitions /usr/share/texlive/texmf-dist/tex/latex/pgf/math/pgfmath.sty... 0.02 sec)
(Processing definitions /usr/share/texlive/texmf-dist/tex/generic/pgf/utilities/pgffor.code.tex... 0.16 sec) 0.21 sec)
(Processing definitions /usr/share/texlive/texmf-dist/tex/generic/pgf/frontendlayer/tikz/tikz.code.tex...
(Processing definitions /usr/share/texlive/texmf-dist/tex/generic/pgf/libraries/pgflibraryplothandlers.code.tex... 0.12 sec)
(Processing definitions /usr/share/texlive/texmf-dist/tex/generic/pgf/modules/pgfmodulematrix.code.tex... 0.05 sec)
(Processing definitions /usr/share/texlive/texmf-dist/tex/generic/pgf/frontendlayer/tikz/libraries/tikzlibrarytopaths.code.tex... 0.18 sec) 3.07 sec) 10.31 sec) 10.32 sec)
Warning:undefined:theoremstyle Unknown theorem style 'thmstyleone', reverting to 'plain'.
	at sn-article.tex; line 113 col 26 - line 113 col 26
	In Core::Definition::Primitive[\theorems... /usr/share/perl5/LaTeXML/Package/amsthm.sty.ltxml; line 57
Warning:undefined:theoremstyle Unknown theorem style 'thmstyletwo', reverting to 'plain'.
	at sn-article.tex; line 120 col 26 - line 120 col 26
	In Core::Definition::Primitive[\theorems... /usr/share/perl5/LaTeXML/Package/amsthm.sty.ltxml; line 57
Warning:undefined:theoremstyle Unknown theorem style 'thmstylethree', reverting to 'plain'.
	at sn-article.tex; line 124 col 28 - line 124 col 28
	In Core::Definition::Primitive[\theorems... /usr/share/perl5/LaTeXML/Package/amsthm.sty.ltxml; line 57
Info:unexpected:options Unused global options: sn-mathphys-num
	at sn-article.tex; line 130 col 0 - line 130 col 16
ABD: EveryShipout initializing macros
Error:undefined:\fnm The token T_CS[\fnm] is not defined.
	at sn-article.tex; line 143 col 33 - line 143 col 33
	Defining it now as <ltx:ERROR/>
	Next token is T_BEGIN[{] ( == T_BEGIN[{]) more: Qiang} \sur{Wan}
	In Core::Gullet[@0x5cf9481ae328] /home/miri/Documents/university/DataLit/arXiv_src_fetcher/ICLR_2023_first100/-qg8MQNrxZw/sn-article.tex; from line 143 col 33 to line 143 col 33
	 <= Core::Stomach[@0x5cf9481ae2f8] <= Core::Definition::Constructor[\@perso... <= Core::Stomach[@0x5cf9481ae2f8] <= ...
Error:undefined:\sur The token T_CS[\sur] is not defined.
	at sn-article.tex; line 143 col 33 - line 143 col 33
	Defining it now as <ltx:ERROR/>
	Next token is T_BEGIN[{] ( == T_BEGIN[{]) more: Wan}
	In Core::Gullet[@0x5cf9481ae328] /home/miri/Documents/university/DataLit/arXiv_src_fetcher/ICLR_2023_first100/-qg8MQNrxZw/sn-article.tex; from line 143 col 33 to line 143 col 33
	 <= Core::Stomach[@0x5cf9481ae2f8] <= Core::Definition::Constructor[\@perso... <= Core::Stomach[@0x5cf9481ae2f8] <= ...
Error:undefined:\orgdiv The token T_CS[\orgdiv] is not defined.
	at sn-article.tex; line 153 col 18 - line 153 col 18
	Defining it now as <ltx:ERROR/>
	Next token is T_BEGIN[{] ( == T_BEGIN[{])
	In Core::Gullet[@0x5cf9481ae328] /home/miri/Documents/university/DataLit/arXiv_src_fetcher/ICLR_2023_first100/-qg8MQNrxZw/sn-article.tex; from line 153 col 19 to line 153 col 19
	 <= Core::Stomach[@0x5cf9481ae2f8] <= Core::Definition::Primitive[Begin] <= Core::Stomach[@0x5cf9481ae2f8] <= ...
Error:undefined:\orgname The token T_CS[\orgname] is not defined.
	at sn-article.tex; line 153 col 52 - line 153 col 52
	Defining it now as <ltx:ERROR/>
	Next token is T_BEGIN[{] ( == T_BEGIN[{])
	In Core::Gullet[@0x5cf9481ae328] /home/miri/Documents/university/DataLit/arXiv_src_fetcher/ICLR_2023_first100/-qg8MQNrxZw/sn-article.tex; from line 153 col 53 to line 153 col 53
	 <= Core::Stomach[@0x5cf9481ae2f8] <= Core::Definition::Primitive[Begin] <= Core::Stomach[@0x5cf9481ae2f8] <= ...
Error:undefined:\orgaddress The token T_CS[\orgaddress] is not defined.
	at sn-article.tex; line 153 col 83 - line 153 col 83
	Defining it now as <ltx:ERROR/>
	Next token is T_BEGIN[{] ( == T_BEGIN[{])
	In Core::Gullet[@0x5cf9481ae328] /home/miri/Documents/university/DataLit/arXiv_src_fetcher/ICLR_2023_first100/-qg8MQNrxZw/sn-article.tex; from line 153 col 84 to line 153 col 84
	 <= Core::Stomach[@0x5cf9481ae2f8] <= Core::Definition::Primitive[Begin] <= Core::Stomach[@0x5cf9481ae2f8] <= ...
Error:undefined:\street The token T_CS[\street] is not defined.
	at sn-article.tex; line 153 col 91 - line 153 col 91
	Defining it now as <ltx:ERROR/>
	Next token is T_BEGIN[{] ( == T_BEGIN[{])
	In Core::Gullet[@0x5cf9481ae328] /home/miri/Documents/university/DataLit/arXiv_src_fetcher/ICLR_2023_first100/-qg8MQNrxZw/sn-article.tex; from line 153 col 92 to line 153 col 92
	 <= Core::Stomach[@0x5cf9481ae2f8] <= Core::Definition::Primitive[Begin] <= Core::Stomach[@0x5cf9481ae2f8] <= ...
Error:undefined:\city The token T_CS[\city] is not defined.
	at sn-article.tex; line 153 col 106 - line 153 col 106
	Defining it now as <ltx:ERROR/>
	Next token is T_BEGIN[{] ( == T_BEGIN[{])
	In Core::Gullet[@0x5cf9481ae328] /home/miri/Documents/university/DataLit/arXiv_src_fetcher/ICLR_2023_first100/-qg8MQNrxZw/sn-article.tex; from line 153 col 107 to line 153 col 107
	 <= Core::Stomach[@0x5cf9481ae2f8] <= Core::Definition::Primitive[Begin] <= Core::Stomach[@0x5cf9481ae2f8] <= ...
Error:undefined:\postcode The token T_CS[\postcode] is not defined.
	at sn-article.tex; line 153 col 127 - line 153 col 127
	Defining it now as <ltx:ERROR/>
	Next token is T_BEGIN[{] ( == T_BEGIN[{])
	In Core::Gullet[@0x5cf9481ae328] /home/miri/Documents/university/DataLit/arXiv_src_fetcher/ICLR_2023_first100/-qg8MQNrxZw/sn-article.tex; from line 153 col 128 to line 153 col 128
	 <= Core::Stomach[@0x5cf9481ae2f8] <= Core::Definition::Primitive[Begin] <= Core::Stomach[@0x5cf9481ae2f8] <= ...
Error:undefined:\state The token T_CS[\state] is not defined.
	at sn-article.tex; line 153 col 143 - line 153 col 143
	Defining it now as <ltx:ERROR/>
	Next token is T_BEGIN[{] ( == T_BEGIN[{])
	In Core::Gullet[@0x5cf9481ae328] /home/miri/Documents/university/DataLit/arXiv_src_fetcher/ICLR_2023_first100/-qg8MQNrxZw/sn-article.tex; from line 153 col 144 to line 153 col 144
	 <= Core::Stomach[@0x5cf9481ae2f8] <= Core::Definition::Primitive[Begin] <= Core::Stomach[@0x5cf9481ae2f8] <= ...
Error:undefined:\country The token T_CS[\country] is not defined.
	at sn-article.tex; line 153 col 163 - line 153 col 163
	Defining it now as <ltx:ERROR/>
	Next token is T_BEGIN[{] ( == T_BEGIN[{])
	In Core::Gullet[@0x5cf9481ae328] /home/miri/Documents/university/DataLit/arXiv_src_fetcher/ICLR_2023_first100/-qg8MQNrxZw/sn-article.tex; from line 153 col 164 to line 153 col 164
	 <= Core::Stomach[@0x5cf9481ae2f8] <= Core::Definition::Primitive[Begin] <= Core::Stomach[@0x5cf9481ae2f8] <= ...
(Processing content /home/miri/Documents/university/DataLit/arXiv_src_fetcher/ICLR_2023_first100/-qg8MQNrxZw/1-intro.tex...
(Processing content /home/miri/Documents/university/DataLit/arXiv_src_fetcher/ICLR_2023_first100/-qg8MQNrxZw/latency_comp.tex... 0.12 sec) 0.27 sec)
(Processing content /home/miri/Documents/university/DataLit/arXiv_src_fetcher/ICLR_2023_first100/-qg8MQNrxZw/2-rela.tex... 0.17 sec)
(Processing content /home/miri/Documents/university/DataLit/arXiv_src_fetcher/ICLR_2023_first100/-qg8MQNrxZw/3-method.tex...
(Processing content /home/miri/Documents/university/DataLit/arXiv_src_fetcher/ICLR_2023_first100/-qg8MQNrxZw/pipeline.tex... 0.06 sec)
(Processing content /home/miri/Documents/university/DataLit/arXiv_src_fetcher/ICLR_2023_first100/-qg8MQNrxZw/transformer.tex... 0.06 sec)
(Processing content /home/miri/Documents/university/DataLit/arXiv_src_fetcher/ICLR_2023_first100/-qg8MQNrxZw/squeeze_expand.tex... 0.05 sec)
(Processing content /home/miri/Documents/university/DataLit/arXiv_src_fetcher/ICLR_2023_first100/-qg8MQNrxZw/distill_pipeline.tex... 0.05 sec)
(Processing content /home/miri/Documents/university/DataLit/arXiv_src_fetcher/ICLR_2023_first100/-qg8MQNrxZw/model_variants.tex... 0.19 sec)
(Processing content /home/miri/Documents/university/DataLit/arXiv_src_fetcher/ICLR_2023_first100/-qg8MQNrxZw/feature_align.tex... 0.14 sec) 1.50 sec)
(Processing content /home/miri/Documents/university/DataLit/arXiv_src_fetcher/ICLR_2023_first100/-qg8MQNrxZw/4-exp.tex...
(Processing content /home/miri/Documents/university/DataLit/arXiv_src_fetcher/ICLR_2023_first100/-qg8MQNrxZw/ADE20k.tex... 0.47 sec)
(Processing content /home/miri/Documents/university/DataLit/arXiv_src_fetcher/ICLR_2023_first100/-qg8MQNrxZw/city.tex... 0.30 sec)
(Processing content /home/miri/Documents/university/DataLit/arXiv_src_fetcher/ICLR_2023_first100/-qg8MQNrxZw/voc.tex... 0.11 sec)
(Processing content /home/miri/Documents/university/DataLit/arXiv_src_fetcher/ICLR_2023_first100/-qg8MQNrxZw/coco-stuff.tex... 0.10 sec)
(Processing content /home/miri/Documents/university/DataLit/arXiv_src_fetcher/ICLR_2023_first100/-qg8MQNrxZw/ablate_transformer.tex...
(Loading /usr/share/perl5/LaTeXML/Package/pzd.fontmap.ltxml... 0.00 sec) 0.22 sec)
(Processing content /home/miri/Documents/university/DataLit/arXiv_src_fetcher/ICLR_2023_first100/-qg8MQNrxZw/ablate_adaqueeze.tex... 0.06 sec)
(Processing content /home/miri/Documents/university/DataLit/arXiv_src_fetcher/ICLR_2023_first100/-qg8MQNrxZw/swin.tex... 0.10 sec)
(Processing content /home/miri/Documents/university/DataLit/arXiv_src_fetcher/ICLR_2023_first100/-qg8MQNrxZw/ablate_attn.tex... 0.09 sec)
(Processing content /home/miri/Documents/university/DataLit/arXiv_src_fetcher/ICLR_2023_first100/-qg8MQNrxZw/ablate_fusion.tex... 0.05 sec)
(Processing content /home/miri/Documents/university/DataLit/arXiv_src_fetcher/ICLR_2023_first100/-qg8MQNrxZw/ablate_embdim.tex... 0.12 sec)
(Processing content /home/miri/Documents/university/DataLit/arXiv_src_fetcher/ICLR_2023_first100/-qg8MQNrxZw/imagenet.tex... 0.52 sec)
(Processing content /home/miri/Documents/university/DataLit/arXiv_src_fetcher/ICLR_2023_first100/-qg8MQNrxZw/heatmap_vis.tex... 0.13 sec)
(Processing content /home/miri/Documents/university/DataLit/arXiv_src_fetcher/ICLR_2023_first100/-qg8MQNrxZw/seg_results_2.tex... 0.15 sec)
(Processing content /home/miri/Documents/university/DataLit/arXiv_src_fetcher/ICLR_2023_first100/-qg8MQNrxZw/coco_obj.tex... 0.14 sec)
(Processing content /home/miri/Documents/university/DataLit/arXiv_src_fetcher/ICLR_2023_first100/-qg8MQNrxZw/seg_results.tex... 0.15 sec)
(Processing content /home/miri/Documents/university/DataLit/arXiv_src_fetcher/ICLR_2023_first100/-qg8MQNrxZw/latency_proportion.tex... 0.02 sec)
(Processing content /home/miri/Documents/university/DataLit/arXiv_src_fetcher/ICLR_2023_first100/-qg8MQNrxZw/dif_precision_latency.tex... 0.08 sec) 3.80 sec)
(Processing content /home/miri/Documents/university/DataLit/arXiv_src_fetcher/ICLR_2023_first100/-qg8MQNrxZw/5-con.tex... 0.10 sec) 19.73 sec) 19.89 sec)
(Building...
(Loading compiled schema /usr/share/perl5/LaTeXML/resources/RelaxNG/LaTeXML.model... 0.01 sec)
Info:unexpected:rowspan Rowspan 2 in cell(3,4) covers non-empty cells; truncating.to 1
	at ablate_transformer.tex; line 1 col 0 - line 33 col 12
Info:unexpected:rowspan Rowspan 2 in cell(3,5) covers non-empty cells; truncating.to 1
	at ablate_transformer.tex; line 1 col 0 - line 33 col 12
Info:unexpected:rowspan Rowspan 2 in cell(3,6) covers non-empty cells; truncating.to 1
	at ablate_transformer.tex; line 1 col 0 - line 33 col 12
Info:unexpected:rowspan Rowspan 2 in cell(3,7) covers non-empty cells; truncating.to 1
	at ablate_transformer.tex; line 1 col 0 - line 33 col 12
Info:unexpected:rowspan Rowspan 2 in cell(3,8) covers non-empty cells; truncating.to 1
	at ablate_transformer.tex; line 1 col 0 - line 33 col 12
 5.52 sec)
(Rewriting... 0.04 sec)
(Math Parsing 101 formulae ......
Warning:not_parsed:UNKNOWN>OPEN MathParser failed to match rule 'Anything'
	at 3-method.tex; line 124 col 19 - line 124 col 19
	In "\begin{equation}\begin{split}&\mathcal{O}((H^{2}+W^{2})(C_{qk}+C_{v})+\mathcal%
	{O}(2HW(2C_{qk}+C_{v}))\\
	&+\mathcal{O}((HWC+9HW)(2C_{qk}+C_{v}))\\
	&=\mathcal{O}((1.5H^{2}+1.5W^{2}+4HW)C_{v})\\
	&+\mathcal{O}((2HWC+18HW)C_{v})\\
	&=\mathcal{O}(HW)\end{split}\end{equation}"
	O[[UNKNOWN]]
	        > ([[OPEN]] ([[OPEN]] H[[UNKNOWN]] ^{2}[[POSTSUPERSCRIPT]] +[[ADDOP]] W[[UNKNOWN]] ^{2}[[POSTSUPERSCRIPT]] )[[CLOSE]] ([[OPEN]] C[[UNKNOWN]] _{qk}[[POSTSUBSCRIPT]] +[[ADDOP]] C[[UNKNOWN]] _{v}[[POSTSUBSCRIPT]] )[[CLOSE]] +[[ADDOP]] O[[UNKNOWN]] ([[OPEN]] 2[[NUMBER]] H[[UNKNOWN]] W[[UNKNOWN]] ([[OPEN]] 2[[NUMBER]] C[[UNKNOWN]] _{qk}[[POSTSUBSCRIPT]] +[[ADDOP]] C[[UNKNOWN]] _{v}[[POSTSUBSCRIPT]] )[[CLOSE]] )[[CLOSE]]
 2.90 sec)
Math parsing succeeded:
   ltx:XMath: 101/101
   ltx:XMWrap: 5/6
   ltx:XMArg: 243/244
Symbols assumed as simple identifiers (with # of occurences):
   'A{bold}' (2), 'B{bold}' (2), 'C{italic}' (70), 'F{italic}' (8), 'G{caligraphic}' (2), 'H{italic}' (38), 'L{caligraphic}' (9), 'L{italic}' (1), 'N{caligraphic}' (7), 'O{caligraphic}' (22), 'W{bold}' (12), 'W{italic}' (38), '_' (8), 'a{italic}' (10), 'c{italic}' (4), 'e{italic}' (5), 'f{italic}' (2), 'h{italic}' (18), 'i{italic}' (20), 'j{italic}' (6), 'k{bold}' (19), 'k{italic}' (25), 'l{italic}' (6), 'm{italic}' (9), 'n{italic}' (6), 'o{italic}' (14), 'p{italic}' (23), 'q{bold}' (23), 'q{italic}' (25), 'r{bold}' (8), 'r{italic}' (2), 's{italic}' (17), 't{italic}' (12), 'u{italic}' (2), 'v{bold}' (17), 'v{italic}' (16), 'x{bold}' (6), 'y{bold}' (6), 'z{bold}' (1), 'ℝ' (12)
Set MATHPARSER_SPECULATE to speculate on possible notations.
(Finalizing... 0.43 sec)
Conversion complete: 8 warnings; 10 errors; 10 undefined macros[\country, \state, \orgdiv, \postcode, \orgname, \orgaddress, \street, \sur, \fnm, \city]; 4 missing files[sn-jnl.cls, bbding.sty, manyfoot.sty, arydshln.sty] (See parsed.log) (reqd. 29.20s)
