latexml (LaTeXML version 0.8.8) processing JKO_arxiv_v4.tex
(Digesting TeX JKO_arxiv_v4...
(Loading /usr/share/perl5/LaTeXML/Package/TeX.pool.ltxml...
(Loading /usr/share/perl5/LaTeXML/Package/eTeX.pool.ltxml... 0.00 sec)
(Loading /usr/share/perl5/LaTeXML/Package/pdfTeX.pool.ltxml... 0.01 sec) 0.10 sec)
(Processing content /home/miri/Documents/DataLit/arXiv_src_fetcher/ICLR_2023_first100/-z7O7fk_Cs/JKO_arxiv_v4.tex...
(Loading /usr/share/perl5/LaTeXML/Package/LaTeX.pool.ltxml...
(Loading /usr/share/perl5/LaTeXML/Package/textcomp.sty.ltxml...
(Processing definitions /usr/share/texlive/texmf-dist/tex/latex/base/ts1enc.dfu... 0.02 sec) 0.09 sec) 0.24 sec)
(Loading /usr/share/perl5/LaTeXML/Package/article.cls.ltxml... 0.01 sec)
(Loading /usr/share/perl5/LaTeXML/Package/wrapfig.sty.ltxml... 0.00 sec)
(Loading /usr/share/perl5/LaTeXML/Package/graphicx.sty.ltxml...
(Loading /usr/share/perl5/LaTeXML/Package/graphics.sty.ltxml... 0.01 sec) 0.04 sec)
(Loading /usr/share/perl5/LaTeXML/Package/natbib.sty.ltxml... 0.02 sec)
(Loading /usr/share/perl5/LaTeXML/Package/booktabs.sty.ltxml... 0.01 sec)
(Loading /usr/share/perl5/LaTeXML/Package/subcaption.sty.ltxml...
(Loading /usr/share/perl5/LaTeXML/Package/caption.sty.ltxml... 0.01 sec) 0.02 sec)
Warning:missing_file:cprotect Can't find binding for package cprotect
	at JKO_arxiv_v4.tex; line 10 col 11 - line 10 col 11
	Anticipate undefined macros or environments
	search paths are /home/miri/Documents/DataLit/arXiv_src_fetcher/ICLR_2023_first100/-z7O7fk_Cs
	In Core::Definition::Constructor[\usepac... /usr/share/perl5/LaTeXML/Package/LaTeX.pool.ltxml; line 879
(Loading /usr/share/perl5/LaTeXML/Package/amssymb.sty.ltxml...
(Loading /usr/share/perl5/LaTeXML/Package/amsfonts.sty.ltxml... 0.00 sec) 0.02 sec)
(Loading /usr/share/perl5/LaTeXML/Package/amsmath.sty.ltxml...
(Loading /usr/share/perl5/LaTeXML/Package/amsbsy.sty.ltxml...
(Loading /usr/share/perl5/LaTeXML/Package/amsgen.sty.ltxml... 0.00 sec) 0.01 sec)
(Loading /usr/share/perl5/LaTeXML/Package/amstext.sty.ltxml... 0.01 sec)
(Loading /usr/share/perl5/LaTeXML/Package/amsopn.sty.ltxml... 0.01 sec) 0.07 sec)
(Loading /usr/share/perl5/LaTeXML/Package/amsthm.sty.ltxml... 0.01 sec)
(Loading /usr/share/perl5/LaTeXML/Package/mathtools.sty.ltxml...
(Loading /usr/share/perl5/LaTeXML/Package/keyval.sty.ltxml...
(Processing definitions /usr/share/texlive/texmf-dist/tex/latex/graphics/keyval.sty... 0.01 sec) 0.02 sec)
(Loading /usr/share/perl5/LaTeXML/Package/calc.sty.ltxml... 0.00 sec) 0.06 sec)
(Loading /usr/share/perl5/LaTeXML/Package/epstopdf.sty.ltxml... 0.00 sec)
(Loading /usr/share/perl5/LaTeXML/Package/bbm.sty.ltxml... 0.00 sec)
(Loading /usr/share/perl5/LaTeXML/Package/geometry.sty.ltxml...
(Loading /usr/share/perl5/LaTeXML/Package/ifpdf.sty.ltxml... 0.00 sec)
(Loading /usr/share/perl5/LaTeXML/Package/ifvtex.sty.ltxml...
(Loading /usr/share/perl5/LaTeXML/Package/iftex.sty.ltxml... 0.00 sec) 0.01 sec)
(Loading /usr/share/perl5/LaTeXML/Package/ifxetex.sty.ltxml... 0.00 sec) 0.04 sec)
Warning:missing_file:layout Can't find binding for package layout
	at JKO_arxiv_v4.tex; line 16 col 11 - line 16 col 11
	Anticipate undefined macros or environments
	In Core::Definition::Constructor[\usepac... /usr/share/perl5/LaTeXML/Package/LaTeX.pool.ltxml; line 879
(Loading /usr/share/perl5/LaTeXML/Package/color.sty.ltxml... 0.01 sec)
(Loading /usr/share/perl5/LaTeXML/Package/enumerate.sty.ltxml... 0.00 sec)
(Loading /usr/share/perl5/LaTeXML/Package/authblk.sty.ltxml... 0.01 sec)
(Loading /usr/share/perl5/LaTeXML/Package/algorithmic.sty.ltxml...
(Processing definitions /home/miri/Documents/DataLit/arXiv_src_fetcher/ICLR_2023_first100/-z7O7fk_Cs/algorithmic.sty...
Document Style `algorithmic' - environment
(Loading /usr/share/perl5/LaTeXML/Package/ifthen.sty.ltxml...
(Processing definitions /usr/share/texlive/texmf-dist/tex/latex/base/ifthen.sty... 0.02 sec) 0.02 sec) 0.06 sec) 0.07 sec)
(Loading /usr/share/perl5/LaTeXML/Package/algorithm.sty.ltxml...
(Processing definitions /home/miri/Documents/DataLit/arXiv_src_fetcher/ICLR_2023_first100/-z7O7fk_Cs/algorithm.sty...
Document Style `algorithm' - floating environment
(Loading /usr/share/perl5/LaTeXML/Package/float.sty.ltxml... 0.01 sec) 0.05 sec) 0.06 sec)
(Loading /usr/share/perl5/LaTeXML/Package/setspace.sty.ltxml... 0.00 sec)
(Loading /usr/share/perl5/LaTeXML/Package/hyperref.sty.ltxml...
(Loading /usr/share/perl5/LaTeXML/Package/ltxcmds.sty.ltxml...
(Processing definitions /usr/share/texlive/texmf-dist/tex/generic/ltxcmds/ltxcmds.sty... 0.08 sec) 0.08 sec)
(Loading /usr/share/perl5/LaTeXML/Package/kvsetkeys.sty.ltxml...
(Processing definitions /usr/share/texlive/texmf-dist/tex/latex/kvsetkeys/kvsetkeys.sty... 0.06 sec) 0.06 sec)
(Loading /usr/share/perl5/LaTeXML/Package/kvdefinekeys.sty.ltxml...
(Processing definitions /usr/share/texlive/texmf-dist/tex/generic/kvdefinekeys/kvdefinekeys.sty... 0.03 sec) 0.03 sec)
(Loading /usr/share/perl5/LaTeXML/Package/kvoptions.sty.ltxml...
(Processing definitions /usr/share/texlive/texmf-dist/tex/latex/kvoptions/kvoptions.sty... 0.14 sec) 0.14 sec)
(Loading /usr/share/perl5/LaTeXML/Package/nameref.sty.ltxml...
(Loading /usr/share/perl5/LaTeXML/Package/refcount.sty.ltxml...
(Processing definitions /usr/share/texlive/texmf-dist/tex/latex/refcount/refcount.sty...
(Loading /usr/share/perl5/LaTeXML/Package/infwarerr.sty.ltxml...
(Processing definitions /usr/share/texlive/texmf-dist/tex/generic/infwarerr/infwarerr.sty... 0.04 sec) 0.05 sec) 0.11 sec) 0.11 sec)
(Loading /usr/share/perl5/LaTeXML/Package/gettitlestring.sty.ltxml...
(Processing definitions /usr/share/texlive/texmf-dist/tex/generic/gettitlestring/gettitlestring.sty... 0.12 sec) 0.12 sec) 0.26 sec)
(Loading /usr/share/perl5/LaTeXML/Package/url.sty.ltxml... 0.00 sec)
(Loading /usr/share/perl5/LaTeXML/Package/bitset.sty.ltxml...
(Processing definitions /usr/share/texlive/texmf-dist/tex/generic/bitset/bitset.sty...
(Loading /usr/share/perl5/LaTeXML/Package/intcalc.sty.ltxml...
(Processing definitions /usr/share/texlive/texmf-dist/tex/generic/intcalc/intcalc.sty... 0.05 sec) 0.05 sec)
(Loading /usr/share/perl5/LaTeXML/Package/bigintcalc.sty.ltxml...
(Processing definitions /usr/share/texlive/texmf-dist/tex/generic/bigintcalc/bigintcalc.sty...
(Loading /usr/share/perl5/LaTeXML/Package/pdftexcmds.sty.ltxml... 0.01 sec) 0.15 sec) 0.16 sec) 0.38 sec) 0.38 sec) 1.06 sec)
Warning:missing_file:mdwlist Can't find binding for package mdwlist
	at JKO_arxiv_v4.tex; line 34 col 11 - line 34 col 11
	Anticipate undefined macros or environments
	In Core::Definition::Constructor[\usepac... /usr/share/perl5/LaTeXML/Package/LaTeX.pool.ltxml; line 879
(Loading /usr/share/perl5/LaTeXML/Package/multirow.sty.ltxml... 0.01 sec)
(Loading /usr/share/perl5/LaTeXML/Package/makecell.sty.ltxml...
Warning:missing_file:makecell Can't find package makecell
	at makecell.sty.ltxml; line 18
	Anticipate undefined macros or environments
	In Core::Gullet[@0x5829761bffa0] /usr/share/perl5/LaTeXML/Package/makecell.sty.ltxml; line 18
 0.02 sec)
(Loading /usr/share/perl5/LaTeXML/Package/array.sty.ltxml... 0.00 sec)
(Loading /usr/share/perl5/LaTeXML/Package/soul.sty.ltxml... 0.01 sec)
(Loading /usr/share/perl5/LaTeXML/Package/xcolor.sty.ltxml... 0.05 sec)
Error:undefined:\makecell The token T_CS[\makecell] is not defined.
	at JKO_arxiv_v4.tex; line 817 col 0 - line 817 col 1
	Defining it now as <ltx:ERROR/>
	Next token is T_OTHER[[] ( == T_OTHER[[]) more: l]{\textbf{{POWER}} \\ $d=6$}}
	In Core::Gullet[@0x5829761bffa0] /home/miri/Documents/DataLit/arXiv_src_fetcher/ICLR_2023_first100/-z7O7fk_Cs/JKO_arxiv_v4.tex; from line 817 col 0 to line 817 col 1
	 <= Core::Stomach[@0x582978645eb8] <= Core::Definition::Primitive[Begin] <= Core::Stomach[@0x582978645eb8] <= ...
Error:unexpected:\hbox Attempt to end mode text
	at JKO_arxiv_v4.tex; line 817 col 0 - line 817 col 1
	current frame is boxing group due to T_BEGIN[{] JKO_arxiv_v4.tex; line 817 col 0 - line 817 col 1
	In Core::Stomach[@0x582978645eb8] /home/miri/Documents/DataLit/arXiv_src_fetcher/ICLR_2023_first100/-z7O7fk_Cs/JKO_arxiv_v4.tex; from line 817 col 0 to line 817 col 1
	 <= Core::Definition::Constructor[\hbox B... <= Core::Stomach[@0x582978645eb8] <= Core::Gullet[@0x5829761bffa0] <= ...
Error:unexpected:\hbox Attempt to end mode text
	at JKO_arxiv_v4.tex; line 817 col 0 - line 817 col 1
	current frame is boxing group due to T_BEGIN[{] JKO_arxiv_v4.tex; line 817 col 0 - line 817 col 1
	In Core::Stomach[@0x582978645eb8] /home/miri/Documents/DataLit/arXiv_src_fetcher/ICLR_2023_first100/-z7O7fk_Cs/JKO_arxiv_v4.tex; from line 817 col 0 to line 817 col 1
	 <= Core::Definition::Constructor[\hbox B... <= Core::Stomach[@0x582978645eb8] <= Core::Gullet[@0x5829761bffa0] <= ...
Error:unexpected:\endgroup Attempt to close non-boxing group
	at JKO_arxiv_v4.tex; line 817 col 0 - line 817 col 1
	current frame is boxing group due to T_CS[\@start@alignment] JKO_arxiv_v4.tex; line 817 col 0 - line 817 col 1
	In Core::Stomach[@0x582978645eb8] /home/miri/Documents/DataLit/arXiv_src_fetcher/ICLR_2023_first100/-z7O7fk_Cs/JKO_arxiv_v4.tex; from line 817 col 0 to line 817 col 1
	 <= Core::Definition::Primitive[\endgroup] <= Core::Stomach[@0x582978645eb8] <= Core::Definition::Constructor[\@@tabu... <= ...
Error:unexpected:\@@tabular Attempt to end mode text
	at JKO_arxiv_v4.tex; line 817 col 0 - line 817 col 1
	current frame is boxing group due to T_CS[\@start@alignment] JKO_arxiv_v4.tex; line 817 col 0 - line 817 col 1
	In Core::Stomach[@0x582978645eb8] /home/miri/Documents/DataLit/arXiv_src_fetcher/ICLR_2023_first100/-z7O7fk_Cs/JKO_arxiv_v4.tex; from line 817 col 0 to line 817 col 1
	 <= Core::Definition::Constructor[\@@tabu... <= Core::Stomach[@0x582978645eb8] <= Core::Gullet[@0x5829761bffa0] <= ...
Error:unexpected:\Gscale@@box Attempt to end mode text
	at JKO_arxiv_v4.tex; line 817 col 0 - line 817 col 1
	current frame is boxing group due to T_CS[\@start@alignment] JKO_arxiv_v4.tex; line 817 col 0 - line 817 col 1
	In Core::Stomach[@0x582978645eb8] /home/miri/Documents/DataLit/arXiv_src_fetcher/ICLR_2023_first100/-z7O7fk_Cs/JKO_arxiv_v4.tex; from line 817 col 0 to line 817 col 1
	 <= Core::Definition::Constructor[\Gscale... <= Core::Stomach[@0x582978645eb8] <= Core::Definition::Primitive[Begin] <= ...
Error:unexpected:\hbox Attempt to end mode text
	at JKO_arxiv_v4.tex; line 842 col 0 - line 842 col 14
	current frame is boxing group due to T_BEGIN[{] JKO_arxiv_v4.tex; line 842 col 0 - line 842 col 14
	In Core::Stomach[@0x582978645eb8] /home/miri/Documents/DataLit/arXiv_src_fetcher/ICLR_2023_first100/-z7O7fk_Cs/JKO_arxiv_v4.tex; from line 842 col 0 to line 842 col 14
	 <= Core::Definition::Constructor[\hbox B... <= Core::Stomach[@0x582978645eb8] <= Core::Gullet[@0x5829761bffa0] <= ...
Error:unexpected:\hbox Attempt to end mode text
	at JKO_arxiv_v4.tex; line 842 col 0 - line 842 col 14
	current frame is boxing group due to T_BEGIN[{] JKO_arxiv_v4.tex; line 842 col 0 - line 842 col 14
	In Core::Stomach[@0x582978645eb8] /home/miri/Documents/DataLit/arXiv_src_fetcher/ICLR_2023_first100/-z7O7fk_Cs/JKO_arxiv_v4.tex; from line 842 col 0 to line 842 col 14
	 <= Core::Definition::Constructor[\hbox B... <= Core::Stomach[@0x582978645eb8] <= Core::Gullet[@0x5829761bffa0] <= ...
Error:unexpected:\endgroup Attempt to close non-boxing group
	at JKO_arxiv_v4.tex; line 842 col 0 - line 842 col 14
	current frame is boxing group due to T_CS[\@start@alignment] JKO_arxiv_v4.tex; line 842 col 0 - line 842 col 14
	In Core::Stomach[@0x582978645eb8] /home/miri/Documents/DataLit/arXiv_src_fetcher/ICLR_2023_first100/-z7O7fk_Cs/JKO_arxiv_v4.tex; from line 842 col 0 to line 842 col 14
	 <= Core::Definition::Primitive[\endgroup] <= Core::Stomach[@0x582978645eb8] <= Core::Definition::Constructor[\@@tabu... <= ...
Error:unexpected:\@@tabular Attempt to end mode text
	at JKO_arxiv_v4.tex; line 842 col 0 - line 842 col 14
	current frame is boxing group due to T_CS[\@start@alignment] JKO_arxiv_v4.tex; line 842 col 0 - line 842 col 14
	In Core::Stomach[@0x582978645eb8] /home/miri/Documents/DataLit/arXiv_src_fetcher/ICLR_2023_first100/-z7O7fk_Cs/JKO_arxiv_v4.tex; from line 842 col 0 to line 842 col 14
	 <= Core::Definition::Constructor[\@@tabu... <= Core::Stomach[@0x582978645eb8] <= Core::Gullet[@0x5829761bffa0] <= ...
Error:unexpected:\Gscale@@box Attempt to end mode text
	at JKO_arxiv_v4.tex; line 842 col 0 - line 842 col 14
	current frame is boxing group due to T_CS[\@start@alignment] JKO_arxiv_v4.tex; line 842 col 0 - line 842 col 14
	In Core::Stomach[@0x582978645eb8] /home/miri/Documents/DataLit/arXiv_src_fetcher/ICLR_2023_first100/-z7O7fk_Cs/JKO_arxiv_v4.tex; from line 842 col 0 to line 842 col 14
	 <= Core::Definition::Constructor[\Gscale... <= Core::Stomach[@0x582978645eb8] <= Core::Definition::Primitive[Begin] <= ...
Error:unexpected:\end{table} Can't close environment table;
	at JKO_arxiv_v4.tex; line 844 col 0 - line 844 col 11
	Current are:
	tabular JKO_arxiv_v4.tex; line 842 col 0 - line 842 col 14
	tabular JKO_arxiv_v4.tex; line 817 col 0 - line 817 col 1
	table JKO_arxiv_v4.tex; line 781 col 13 - line 781 col 13
	document JKO_arxiv_v4.tex; line 94 col 0 - line 94 col 16
	In Core::Definition::Constructor[\end{ta... /usr/share/perl5/LaTeXML/Package/LaTeX.pool.ltxml; line 3574
	 <= Core::Stomach[@0x582978645eb8] <= Core::Definition::Primitive[Begin] <= Core::Stomach[@0x582978645eb8] <= ...
Error:unexpected:\hbox Attempt to end mode text
	at JKO_arxiv_v4.tex; line 1574 col 0 - line 1574 col 1
	current frame is boxing group due to T_BEGIN[{] JKO_arxiv_v4.tex; line 1574 col 0 - line 1574 col 1
	In Core::Stomach[@0x582978645eb8] /home/miri/Documents/DataLit/arXiv_src_fetcher/ICLR_2023_first100/-z7O7fk_Cs/JKO_arxiv_v4.tex; from line 1574 col 0 to line 1574 col 1
	 <= Core::Definition::Constructor[\hbox B... <= Core::Stomach[@0x582978645eb8] <= Core::Gullet[@0x5829761bffa0] <= ...
Error:unexpected:\hbox Attempt to end mode text
	at JKO_arxiv_v4.tex; line 1574 col 0 - line 1574 col 1
	current frame is boxing group due to T_BEGIN[{] JKO_arxiv_v4.tex; line 1574 col 0 - line 1574 col 1
	In Core::Stomach[@0x582978645eb8] /home/miri/Documents/DataLit/arXiv_src_fetcher/ICLR_2023_first100/-z7O7fk_Cs/JKO_arxiv_v4.tex; from line 1574 col 0 to line 1574 col 1
	 <= Core::Definition::Constructor[\hbox B... <= Core::Stomach[@0x582978645eb8] <= Core::Gullet[@0x5829761bffa0] <= ...
Error:unexpected:\hbox Attempt to end mode text
	at JKO_arxiv_v4.tex; line 1574 col 0 - line 1574 col 1
	current frame is boxing group due to T_BEGIN[{] JKO_arxiv_v4.tex; line 1574 col 0 - line 1574 col 1
	In Core::Stomach[@0x582978645eb8] /home/miri/Documents/DataLit/arXiv_src_fetcher/ICLR_2023_first100/-z7O7fk_Cs/JKO_arxiv_v4.tex; from line 1574 col 0 to line 1574 col 1
	 <= Core::Definition::Constructor[\hbox B... <= Core::Stomach[@0x582978645eb8] <= Core::Gullet[@0x5829761bffa0] <= ...
Error:unexpected:\hbox Attempt to end mode text
	at JKO_arxiv_v4.tex; line 1574 col 0 - line 1574 col 1
	current frame is boxing group due to T_BEGIN[{] JKO_arxiv_v4.tex; line 1574 col 0 - line 1574 col 1
	In Core::Stomach[@0x582978645eb8] /home/miri/Documents/DataLit/arXiv_src_fetcher/ICLR_2023_first100/-z7O7fk_Cs/JKO_arxiv_v4.tex; from line 1574 col 0 to line 1574 col 1
	 <= Core::Definition::Constructor[\hbox B... <= Core::Stomach[@0x582978645eb8] <= Core::Gullet[@0x5829761bffa0] <= ...
Error:unexpected:\endgroup Attempt to close non-boxing group
	at JKO_arxiv_v4.tex; line 1574 col 0 - line 1574 col 1
	current frame is boxing group due to T_CS[\@start@alignment] JKO_arxiv_v4.tex; line 1574 col 0 - line 1574 col 1
	In Core::Stomach[@0x582978645eb8] /home/miri/Documents/DataLit/arXiv_src_fetcher/ICLR_2023_first100/-z7O7fk_Cs/JKO_arxiv_v4.tex; from line 1574 col 0 to line 1574 col 1
	 <= Core::Definition::Primitive[\endgroup] <= Core::Stomach[@0x582978645eb8] <= Core::Definition::Constructor[\@@tabu... <= ...
Error:unexpected:\@@tabular Attempt to end mode text
	at JKO_arxiv_v4.tex; line 1574 col 0 - line 1574 col 1
	current frame is boxing group due to T_CS[\@start@alignment] JKO_arxiv_v4.tex; line 1574 col 0 - line 1574 col 1
	In Core::Stomach[@0x582978645eb8] /home/miri/Documents/DataLit/arXiv_src_fetcher/ICLR_2023_first100/-z7O7fk_Cs/JKO_arxiv_v4.tex; from line 1574 col 0 to line 1574 col 1
	 <= Core::Definition::Constructor[\@@tabu... <= Core::Stomach[@0x582978645eb8] <= Core::Gullet[@0x5829761bffa0] <= ...
Error:unexpected:\Gscale@@box Attempt to end mode text
	at JKO_arxiv_v4.tex; line 1574 col 0 - line 1574 col 1
	current frame is boxing group due to T_CS[\@start@alignment] JKO_arxiv_v4.tex; line 1574 col 0 - line 1574 col 1
	In Core::Stomach[@0x582978645eb8] /home/miri/Documents/DataLit/arXiv_src_fetcher/ICLR_2023_first100/-z7O7fk_Cs/JKO_arxiv_v4.tex; from line 1574 col 0 to line 1574 col 1
	 <= Core::Definition::Constructor[\Gscale... <= Core::Stomach[@0x582978645eb8] <= Core::Definition::Primitive[Begin] <= ...
Error:unexpected:\end{center} Can't close environment center;
	at JKO_arxiv_v4.tex; line 1577 col 0 - line 1577 col 12
	Current are:
	tabular JKO_arxiv_v4.tex; line 1574 col 0 - line 1574 col 1
	center JKO_arxiv_v4.tex; line 1508 col 0 - line 1508 col 14
	table JKO_arxiv_v4.tex; line 1507 col 13 - line 1507 col 13
	tabular JKO_arxiv_v4.tex; line 842 col 0 - line 842 col 14
	tabular JKO_arxiv_v4.tex; line 817 col 0 - line 817 col 1
	table JKO_arxiv_v4.tex; line 781 col 13 - line 781 col 13
	document JKO_arxiv_v4.tex; line 94 col 0 - line 94 col 16
	In Core::Definition::Constructor[\end{ce... /usr/share/perl5/LaTeXML/Package/LaTeX.pool.ltxml; line 1357
	 <= Core::Stomach[@0x582978645eb8] <= Core::Definition::Primitive[Begin] <= Core::Stomach[@0x582978645eb8] <= ...
Error:unexpected:\end{table} Can't close environment table;
	at JKO_arxiv_v4.tex; line 1578 col 0 - line 1578 col 11
	Current are:
	tabular JKO_arxiv_v4.tex; line 1574 col 0 - line 1574 col 1
	center JKO_arxiv_v4.tex; line 1508 col 0 - line 1508 col 14
	table JKO_arxiv_v4.tex; line 1507 col 13 - line 1507 col 13
	tabular JKO_arxiv_v4.tex; line 842 col 0 - line 842 col 14
	tabular JKO_arxiv_v4.tex; line 817 col 0 - line 817 col 1
	table JKO_arxiv_v4.tex; line 781 col 13 - line 781 col 13
	document JKO_arxiv_v4.tex; line 94 col 0 - line 94 col 16
	In Core::Definition::Constructor[\end{ta... /usr/share/perl5/LaTeXML/Package/LaTeX.pool.ltxml; line 3574
	 <= Core::Stomach[@0x582978645eb8] <= Core::Definition::Primitive[Begin] <= Core::Stomach[@0x582978645eb8] <= ...
Error:unexpected:\hbox Attempt to end mode text
	at JKO_arxiv_v4.tex; line 1648 col 0 - line 1648 col 1
	current frame is boxing group due to T_BEGIN[{] JKO_arxiv_v4.tex; line 1648 col 0 - line 1648 col 1
	In Core::Stomach[@0x582978645eb8] /home/miri/Documents/DataLit/arXiv_src_fetcher/ICLR_2023_first100/-z7O7fk_Cs/JKO_arxiv_v4.tex; from line 1648 col 0 to line 1648 col 1
	 <= Core::Definition::Constructor[\hbox B... <= Core::Stomach[@0x582978645eb8] <= Core::Gullet[@0x5829761bffa0] <= ...
Error:unexpected:\hbox Attempt to end mode text
	at JKO_arxiv_v4.tex; line 1648 col 0 - line 1648 col 1
	current frame is boxing group due to T_BEGIN[{] JKO_arxiv_v4.tex; line 1648 col 0 - line 1648 col 1
	In Core::Stomach[@0x582978645eb8] /home/miri/Documents/DataLit/arXiv_src_fetcher/ICLR_2023_first100/-z7O7fk_Cs/JKO_arxiv_v4.tex; from line 1648 col 0 to line 1648 col 1
	 <= Core::Definition::Constructor[\hbox B... <= Core::Stomach[@0x582978645eb8] <= Core::Gullet[@0x5829761bffa0] <= ...
Error:unexpected:\hbox Attempt to end mode text
	at JKO_arxiv_v4.tex; line 1648 col 0 - line 1648 col 1
	current frame is boxing group due to T_BEGIN[{] JKO_arxiv_v4.tex; line 1648 col 0 - line 1648 col 1
	In Core::Stomach[@0x582978645eb8] /home/miri/Documents/DataLit/arXiv_src_fetcher/ICLR_2023_first100/-z7O7fk_Cs/JKO_arxiv_v4.tex; from line 1648 col 0 to line 1648 col 1
	 <= Core::Definition::Constructor[\hbox B... <= Core::Stomach[@0x582978645eb8] <= Core::Gullet[@0x5829761bffa0] <= ...
Error:unexpected:\hbox Attempt to end mode text
	at JKO_arxiv_v4.tex; line 1648 col 0 - line 1648 col 1
	current frame is boxing group due to T_BEGIN[{] JKO_arxiv_v4.tex; line 1648 col 0 - line 1648 col 1
	In Core::Stomach[@0x582978645eb8] /home/miri/Documents/DataLit/arXiv_src_fetcher/ICLR_2023_first100/-z7O7fk_Cs/JKO_arxiv_v4.tex; from line 1648 col 0 to line 1648 col 1
	 <= Core::Definition::Constructor[\hbox B... <= Core::Stomach[@0x582978645eb8] <= Core::Gullet[@0x5829761bffa0] <= ...
Error:unexpected:\endgroup Attempt to close non-boxing group
	at JKO_arxiv_v4.tex; line 1648 col 0 - line 1648 col 1
	current frame is boxing group due to T_CS[\@start@alignment] JKO_arxiv_v4.tex; line 1648 col 0 - line 1648 col 1
	In Core::Stomach[@0x582978645eb8] /home/miri/Documents/DataLit/arXiv_src_fetcher/ICLR_2023_first100/-z7O7fk_Cs/JKO_arxiv_v4.tex; from line 1648 col 0 to line 1648 col 1
	 <= Core::Definition::Primitive[\endgroup] <= Core::Stomach[@0x582978645eb8] <= Core::Definition::Constructor[\@@tabu... <= ...
Error:unexpected:\@@tabular Attempt to end mode text
	at JKO_arxiv_v4.tex; line 1648 col 0 - line 1648 col 1
	current frame is boxing group due to T_CS[\@start@alignment] JKO_arxiv_v4.tex; line 1648 col 0 - line 1648 col 1
	In Core::Stomach[@0x582978645eb8] /home/miri/Documents/DataLit/arXiv_src_fetcher/ICLR_2023_first100/-z7O7fk_Cs/JKO_arxiv_v4.tex; from line 1648 col 0 to line 1648 col 1
	 <= Core::Definition::Constructor[\@@tabu... <= Core::Stomach[@0x582978645eb8] <= Core::Gullet[@0x5829761bffa0] <= ...
Error:unexpected:\Gscale@@box Attempt to end mode text
	at JKO_arxiv_v4.tex; line 1648 col 0 - line 1648 col 1
	current frame is boxing group due to T_CS[\@start@alignment] JKO_arxiv_v4.tex; line 1648 col 0 - line 1648 col 1
	In Core::Stomach[@0x582978645eb8] /home/miri/Documents/DataLit/arXiv_src_fetcher/ICLR_2023_first100/-z7O7fk_Cs/JKO_arxiv_v4.tex; from line 1648 col 0 to line 1648 col 1
	 <= Core::Definition::Constructor[\Gscale... <= Core::Stomach[@0x582978645eb8] <= Core::Definition::Primitive[Begin] <= ...
Error:unexpected:\end{center} Can't close environment center;
	at JKO_arxiv_v4.tex; line 1651 col 0 - line 1651 col 12
	Current are:
	tabular JKO_arxiv_v4.tex; line 1648 col 0 - line 1648 col 1
	center JKO_arxiv_v4.tex; line 1608 col 0 - line 1608 col 14
	table JKO_arxiv_v4.tex; line 1607 col 13 - line 1607 col 13
	tabular JKO_arxiv_v4.tex; line 1574 col 0 - line 1574 col 1
	center JKO_arxiv_v4.tex; line 1508 col 0 - line 1508 col 14
	table JKO_arxiv_v4.tex; line 1507 col 13 - line 1507 col 13
	tabular JKO_arxiv_v4.tex; line 842 col 0 - line 842 col 14
	tabular JKO_arxiv_v4.tex; line 817 col 0 - line 817 col 1
	table JKO_arxiv_v4.tex; line 781 col 13 - line 781 col 13
	document JKO_arxiv_v4.tex; line 94 col 0 - line 94 col 16
	In Core::Definition::Constructor[\end{ce... /usr/share/perl5/LaTeXML/Package/LaTeX.pool.ltxml; line 1357
	 <= Core::Stomach[@0x582978645eb8] <= Core::Definition::Primitive[Begin] <= Core::Stomach[@0x582978645eb8] <= ...
Error:unexpected:\end{table} Can't close environment table;
	at JKO_arxiv_v4.tex; line 1652 col 0 - line 1652 col 11
	Current are:
	tabular JKO_arxiv_v4.tex; line 1648 col 0 - line 1648 col 1
	center JKO_arxiv_v4.tex; line 1608 col 0 - line 1608 col 14
	table JKO_arxiv_v4.tex; line 1607 col 13 - line 1607 col 13
	tabular JKO_arxiv_v4.tex; line 1574 col 0 - line 1574 col 1
	center JKO_arxiv_v4.tex; line 1508 col 0 - line 1508 col 14
	table JKO_arxiv_v4.tex; line 1507 col 13 - line 1507 col 13
	tabular JKO_arxiv_v4.tex; line 842 col 0 - line 842 col 14
	tabular JKO_arxiv_v4.tex; line 817 col 0 - line 817 col 1
	table JKO_arxiv_v4.tex; line 781 col 13 - line 781 col 13
	document JKO_arxiv_v4.tex; line 94 col 0 - line 94 col 16
	In Core::Definition::Constructor[\end{ta... /usr/share/perl5/LaTeXML/Package/LaTeX.pool.ltxml; line 3574
	 <= Core::Stomach[@0x582978645eb8] <= Core::Definition::Primitive[Begin] <= Core::Stomach[@0x582978645eb8] <= ...
Warning:unexpected:\end{document} Attempt to end document with open groups, environments or conditionals
	at JKO_arxiv_v4.tex; line 1968 col 0 - line 1968 col 14
	Group opened by \@@tabular JKO_arxiv_v4.tex; line 1648 col 0 - line 1648 col 1
	Group opened by \@@tabular JKO_arxiv_v4.tex; line 1648 col 0 - line 1648 col 1
	Environment tabular opened by \begingroup JKO_arxiv_v4.tex; line 1648 col 0 - line 1648 col 1
	Group opened by \Gscale@@box JKO_arxiv_v4.tex; line 1617 col 11 - line 1617 col 11
	Group opened by \bgroup JKO_arxiv_v4.tex; line 1609 col 0 - line 1609 col 7
	Environment center opened by \begin{center} JKO_arxiv_v4.tex; line 1608 col 0 - line 1608 col 14
	Environment table opened by \begin{table} JKO_arxiv_v4.tex; line 1607 col 13 - line 1607 col 13
	Group opened by \@@tabular JKO_arxiv_v4.tex; line 1574 col 0 - line 1574 col 1
	Group opened by \@@tabular JKO_arxiv_v4.tex; line 1574 col 0 - line 1574 col 1
	Environment tabular opened by \begingroup JKO_arxiv_v4.tex; line 1574 col 0 - line 1574 col 1
	Group opened by \Gscale@@box JKO_arxiv_v4.tex; line 1517 col 11 - line 1517 col 11
	Group opened by \bgroup JKO_arxiv_v4.tex; line 1509 col 0 - line 1509 col 7
	Environment center opened by \begin{center} JKO_arxiv_v4.tex; line 1508 col 0 - line 1508 col 14
	Environment table opened by \begin{table} JKO_arxiv_v4.tex; line 1507 col 13 - line 1507 col 13
	Group opened by \@@tabular JKO_arxiv_v4.tex; line 842 col 0 - line 842 col 14
	Environment tabular opened by \begingroup JKO_arxiv_v4.tex; line 842 col 0 - line 842 col 14
	Group opened by \Gscale@@box JKO_arxiv_v4.tex; line 819 col 11 - line 819 col 11
	Group opened by \@start@alignment JKO_arxiv_v4.tex; line 817 col 0 - line 817 col 1
	Group opened by \@@tabular JKO_arxiv_v4.tex; line 817 col 0 - line 817 col 1
	Group opened by \@@tabular JKO_arxiv_v4.tex; line 817 col 0 - line 817 col 1
	Environment tabular opened by \begingroup JKO_arxiv_v4.tex; line 817 col 0 - line 817 col 1
	Group opened by \Gscale@@box JKO_arxiv_v4.tex; line 793 col 11 - line 793 col 11
	Group opened by \bgroup JKO_arxiv_v4.tex; line 782 col 0 - line 782 col 7
	Environment table opened by \begin{table} JKO_arxiv_v4.tex; line 781 col 13 - line 781 col 13
	Group opened by { JKO_arxiv_v4.tex; line 439 col 1 - line 439 col 1
	In Core::Definition::Constructor[\end{do... /usr/share/perl5/LaTeXML/Package/LaTeX.pool.ltxml; line 408
 10.71 sec) 10.90 sec)
(Building...
(Loading compiled schema /usr/share/perl5/LaTeXML/resources/RelaxNG/LaTeXML.model... 0.01 sec)
Error:malformed:ltx:subsection <ltx:subsection> isn't allowed in <ltx:table>
	at String; line 8 col 0 - line 8 col 0
	Currently in XMLDocument[96935323378336]<ltx:document _box="LaTeXML::Core::Whatsit=HASH(0x..." _font="Font[serif,medium,upright,10,r..." class="ltx_authors_1line" xmlns="http://dlmf.nist.gov/LaTeXML">...<ltx:section _box="LaTeXML::Core::Whatsit=HASH(0x..." _font="Font[serif,medium,upright,10,r..." inlist="toc" xml:id="S5" labels="LABEL:sec:experiment" _ID_counter_p_="1">...<ltx:subsection _box="LaTeXML::Core::Whatsit=HASH(0x..." _font="Font[serif,medium,upright,10,r..." inlist="toc" xml:id="S5.SS1" _ID_counter_p_="2" labels="LABEL:tab_high_dim" _ID_counter_m_="12">...<ltx:table _box="LaTeXML::Core::Whatsit=HASH(0x..." _font="Font[serif,medium,upright,10,r..." placement="!t">...
	In Core::Document[@0x582979763ed0] Anonymous String; from line 8 col 0 to line 8 col 0
	 <= Core::Definition::Constructor[\@@numb... <= Whatsit[\@@numbered@section,Core::Lis... <= Core::Document[@0x582979763ed0] <= ...
Error:malformed:ltx:subsection <ltx:subsection> isn't allowed in <ltx:subsection>
	at JKO_arxiv_v4.tex; line 848 col 0 - line 848 col 37
	Currently in ...<ltx:document _box="LaTeXML::Core::Whatsit=HASH(0x..." _font="Font[serif,medium,upright,10,r..." class="ltx_authors_1line" xmlns="http://dlmf.nist.gov/LaTeXML">...<ltx:section _box="LaTeXML::Core::Whatsit=HASH(0x..." _font="Font[serif,medium,upright,10,r..." inlist="toc" xml:id="S5" labels="LABEL:sec:experiment" _ID_counter_p_="1">...<ltx:subsection _box="LaTeXML::Core::Whatsit=HASH(0x..." _font="Font[serif,medium,upright,10,r..." inlist="toc" xml:id="S5.SS1" _ID_counter_p_="2" labels="LABEL:tab_high_dim" _ID_counter_m_="12">...<ltx:table _box="LaTeXML::Core::Whatsit=HASH(0x..." _font="Font[serif,medium,upright,10,r..." placement="!t">...<ltx:subsection _box="LaTeXML::Core::Whatsit=HASH(0x..." _font="Font[serif,medium,upright,10,r..." inlist="toc" xml:id="S5.SS2" _ID_counter_p_="1">...
	In Core::Document[@0x582979763ed0] /home/miri/Documents/DataLit/arXiv_src_fetcher/ICLR_2023_first100/-z7O7fk_Cs/JKO_arxiv_v4.tex; from line 848 col 0 to line 848 col 37
	 <= Core::Definition::Constructor[\@@numb... <= Whatsit[\@@numbered@section,Core::Lis... <= Core::Document[@0x582979763ed0] <= ...
Error:malformed:ltx:subsection <ltx:subsection> isn't allowed in <ltx:subsection>
	at JKO_arxiv_v4.tex; line 861 col 0 - line 861 col 42
	Currently in ...<ltx:section _box="LaTeXML::Core::Whatsit=HASH(0x..." _font="Font[serif,medium,upright,10,r..." inlist="toc" xml:id="S5" labels="LABEL:sec:experiment" _ID_counter_p_="1">...<ltx:subsection _box="LaTeXML::Core::Whatsit=HASH(0x..." _font="Font[serif,medium,upright,10,r..." inlist="toc" xml:id="S5.SS1" _ID_counter_p_="2" labels="LABEL:tab_high_dim" _ID_counter_m_="12">...<ltx:table _box="LaTeXML::Core::Whatsit=HASH(0x..." _font="Font[serif,medium,upright,10,r..." placement="!t">...<ltx:subsection _box="LaTeXML::Core::Whatsit=HASH(0x..." _font="Font[serif,medium,upright,10,r..." inlist="toc" xml:id="S5.SS2" _ID_counter_p_="1">...<ltx:subsection _box="LaTeXML::Core::Whatsit=HASH(0x..." _font="Font[serif,medium,upright,10,r..." inlist="toc" xml:id="S5.SS3" _ID_counter_p_="2">...
	In Core::Document[@0x582979763ed0] /home/miri/Documents/DataLit/arXiv_src_fetcher/ICLR_2023_first100/-z7O7fk_Cs/JKO_arxiv_v4.tex; from line 861 col 0 to line 861 col 42
	 <= Core::Definition::Constructor[\@@numb... <= Whatsit[\@@numbered@section,Core::Lis... <= Core::Document[@0x582979763ed0] <= ...
Error:malformed:ltx:subsection <ltx:subsection> isn't allowed in <ltx:subsection>
	at JKO_arxiv_v4.tex; line 952 col 0 - line 952 col 195
	Currently in ...<ltx:subsection _box="LaTeXML::Core::Whatsit=HASH(0x..." _font="Font[serif,medium,upright,10,r..." inlist="toc" xml:id="S5.SS1" _ID_counter_p_="2" labels="LABEL:tab_high_dim" _ID_counter_m_="12">...<ltx:table _box="LaTeXML::Core::Whatsit=HASH(0x..." _font="Font[serif,medium,upright,10,r..." placement="!t">...<ltx:subsection _box="LaTeXML::Core::Whatsit=HASH(0x..." _font="Font[serif,medium,upright,10,r..." inlist="toc" xml:id="S5.SS2" _ID_counter_p_="1">...<ltx:subsection _box="LaTeXML::Core::Whatsit=HASH(0x..." _font="Font[serif,medium,upright,10,r..." inlist="toc" xml:id="S5.SS3" _ID_counter_p_="2">...<ltx:subsection _box="LaTeXML::Core::Whatsit=HASH(0x..." _font="Font[serif,medium,upright,10,g..." inlist="toc" xml:id="S5.SS4" labels="LABEL:sec:img_gen" _ID_counter_p_="2">...
	In Core::Document[@0x582979763ed0] /home/miri/Documents/DataLit/arXiv_src_fetcher/ICLR_2023_first100/-z7O7fk_Cs/JKO_arxiv_v4.tex; from line 952 col 0 to line 952 col 195
	 <= Core::Definition::Constructor[\@@numb... <= Whatsit[\@@numbered@section,Core::Lis... <= Core::Document[@0x582979763ed0] <= ...
Error:malformed:ltx:section <ltx:section> isn't allowed in <ltx:subsection>
	at JKO_arxiv_v4.tex; line 955 col 35 - line 955 col 35
	Currently in ...<ltx:table _box="LaTeXML::Core::Whatsit=HASH(0x..." _font="Font[serif,medium,upright,10,r..." placement="!t">...<ltx:subsection _box="LaTeXML::Core::Whatsit=HASH(0x..." _font="Font[serif,medium,upright,10,r..." inlist="toc" xml:id="S5.SS2" _ID_counter_p_="1">...<ltx:subsection _box="LaTeXML::Core::Whatsit=HASH(0x..." _font="Font[serif,medium,upright,10,r..." inlist="toc" xml:id="S5.SS3" _ID_counter_p_="2">...<ltx:subsection _box="LaTeXML::Core::Whatsit=HASH(0x..." _font="Font[serif,medium,upright,10,g..." inlist="toc" xml:id="S5.SS4" labels="LABEL:sec:img_gen" _ID_counter_p_="2">...<ltx:subsection _box="LaTeXML::Core::Whatsit=HASH(0x..." _font="Font[serif,medium,upright,10,r..." inlist="toc" xml:id="S5.SS5" labels="LABEL:sec:cond_gen" _ID_counter_p_="1">...
	In Core::Document[@0x582979763ed0] /home/miri/Documents/DataLit/arXiv_src_fetcher/ICLR_2023_first100/-z7O7fk_Cs/JKO_arxiv_v4.tex; from line 955 col 35 to line 955 col 35
	 <= Core::Definition::Constructor[\@@numb... <= Whatsit[\@@numbered@section,Core::Lis... <= Core::Document[@0x582979763ed0] <= ...
Error:malformed:ltx:section <ltx:section> isn't allowed in <ltx:section>
	at JKO_arxiv_v4.tex; line 1015 col 20 - line 1015 col 20
	Currently in ...<ltx:subsection _box="LaTeXML::Core::Whatsit=HASH(0x..." _font="Font[serif,medium,upright,10,r..." inlist="toc" xml:id="S5.SS2" _ID_counter_p_="1">...<ltx:subsection _box="LaTeXML::Core::Whatsit=HASH(0x..." _font="Font[serif,medium,upright,10,r..." inlist="toc" xml:id="S5.SS3" _ID_counter_p_="2">...<ltx:subsection _box="LaTeXML::Core::Whatsit=HASH(0x..." _font="Font[serif,medium,upright,10,g..." inlist="toc" xml:id="S5.SS4" labels="LABEL:sec:img_gen" _ID_counter_p_="2">...<ltx:subsection _box="LaTeXML::Core::Whatsit=HASH(0x..." _font="Font[serif,medium,upright,10,r..." inlist="toc" xml:id="S5.SS5" labels="LABEL:sec:cond_gen" _ID_counter_p_="1">...<ltx:section _box="LaTeXML::Core::Whatsit=HASH(0x..." _font="Font[serif,medium,upright,10,r..." inlist="toc" xml:id="S6" labels="LABEL:sec:conclude" _ID_counter_p_="2">...
	In Core::Document[@0x582979763ed0] /home/miri/Documents/DataLit/arXiv_src_fetcher/ICLR_2023_first100/-z7O7fk_Cs/JKO_arxiv_v4.tex; from line 1015 col 20 to line 1015 col 20
	 <= Core::Definition::Constructor[\@@unnu... <= Whatsit[\@@unnumbered@section,Core::L... <= Core::Document[@0x582979763ed0] <= ...
Error:malformed:ltx:section <ltx:section> isn't allowed in <ltx:section>
	at JKO_arxiv_v4.tex; line 1039 col 0 - line 1039 col 26
	Currently in ...<ltx:subsection _box="LaTeXML::Core::Whatsit=HASH(0x..." _font="Font[serif,medium,upright,10,r..." inlist="toc" xml:id="S5.SS3" _ID_counter_p_="2">...<ltx:subsection _box="LaTeXML::Core::Whatsit=HASH(0x..." _font="Font[serif,medium,upright,10,g..." inlist="toc" xml:id="S5.SS4" labels="LABEL:sec:img_gen" _ID_counter_p_="2">...<ltx:subsection _box="LaTeXML::Core::Whatsit=HASH(0x..." _font="Font[serif,medium,upright,10,r..." inlist="toc" xml:id="S5.SS5" labels="LABEL:sec:cond_gen" _ID_counter_p_="1">...<ltx:section _box="LaTeXML::Core::Whatsit=HASH(0x..." _font="Font[serif,medium,upright,10,r..." inlist="toc" xml:id="S6" labels="LABEL:sec:conclude" _ID_counter_p_="2">...<ltx:section _box="LaTeXML::Core::Whatsit=HASH(0x..." _font="Font[serif,medium,upright,10,r..." xml:id="Sx1" _ID_counter_p_="1">...
	In Core::Document[@0x582979763ed0] /home/miri/Documents/DataLit/arXiv_src_fetcher/ICLR_2023_first100/-z7O7fk_Cs/JKO_arxiv_v4.tex; from line 1039 col 0 to line 1039 col 26
	 <= Core::Definition::Constructor[\lx@bib... <= Whatsit[\lx@bibliography,undef,Core::... <= Core::Document[@0x582979763ed0] <= ...
Error:malformed:ltx:section <ltx:section> isn't allowed in <ltx:section>
	at JKO_arxiv_v4.tex; line 1039 col 0 - line 1039 col 26
	Currently in ...<ltx:subsection _box="LaTeXML::Core::Whatsit=HASH(0x..." _font="Font[serif,medium,upright,10,r..." inlist="toc" xml:id="S5.SS3" _ID_counter_p_="2">...<ltx:subsection _box="LaTeXML::Core::Whatsit=HASH(0x..." _font="Font[serif,medium,upright,10,g..." inlist="toc" xml:id="S5.SS4" labels="LABEL:sec:img_gen" _ID_counter_p_="2">...<ltx:subsection _box="LaTeXML::Core::Whatsit=HASH(0x..." _font="Font[serif,medium,upright,10,r..." inlist="toc" xml:id="S5.SS5" labels="LABEL:sec:cond_gen" _ID_counter_p_="1">...<ltx:section _box="LaTeXML::Core::Whatsit=HASH(0x..." _font="Font[serif,medium,upright,10,r..." inlist="toc" xml:id="S6" labels="LABEL:sec:conclude" _ID_counter_p_="2">...<ltx:section _box="LaTeXML::Core::Whatsit=HASH(0x..." _font="Font[serif,medium,upright,10,r..." xml:id="Sx1" _ID_counter_p_="1">...
	In Core::Document[@0x582979763ed0] /home/miri/Documents/DataLit/arXiv_src_fetcher/ICLR_2023_first100/-z7O7fk_Cs/JKO_arxiv_v4.tex; from line 1039 col 0 to line 1039 col 26
	 <= Core::Definition::Constructor[\@@numb... <= Whatsit[\@@numbered@section,Core::Lis... <= Core::Document[@0x582979763ed0] <= ...
Error:malformed:ltx:document Closing </ltx:document> whose open descendents do not auto-close
	at JKO_arxiv_v4.tex; line 1892 col 38 - line 1892 col 38
	Descendents are <ltx:_CaptureBlock_ _box="LaTeXML::Core::Whatsit=HASH(0x..." _font="Font[serif,medium,upright,10,r..." _vertical_mode_="1">..., <ltx:table _box="LaTeXML::Core::Whatsit=HASH(0x..." _font="Font[serif,medium,upright,10,r..." placement="!t">..., <ltx:_CaptureBlock_ _box="LaTeXML::Core::Whatsit=HASH(0x..." _font="Font[serif,medium,upright,10,r..." _vertical_mode_="1">..., <ltx:table _box="LaTeXML::Core::Whatsit=HASH(0x..." _font="Font[serif,medium,upright,10,r..." placement="!t">..., <ltx:table _box="LaTeXML::Core::Whatsit=HASH(0x..." _font="Font[serif,medium,upright,10,r..." placement="!t">...
	In Core::Document[@0x582979763ed0] /home/miri/Documents/DataLit/arXiv_src_fetcher/ICLR_2023_first100/-z7O7fk_Cs/JKO_arxiv_v4.tex; from line 1892 col 38 to line 1892 col 38
	 <= Core::Definition::Constructor[\end{do... <= Whatsit[\end{document}] <= Core::Document[@0x582979763ed0] <= ...
Error:malformed:ltx:_CaptureBlock_ Attempt to close <ltx:_CaptureBlock_ _box="LaTeXML::Core::Whatsit=HASH(0x..." _font="Font[serif,medium,upright,10,r..." _vertical_mode_="1">..., which isn't open
	Currently in XMLDocument[96935323378336]
	In Core::Document[@0x582979763ed0] undef
	 <= Core::Definition::Constructor[\begin{... <= Whatsit[\begin{center},Core::List[Box... <= Core::Document[@0x582979763ed0] <= ...
Warning:malformed:_CaptureBlock_ Did not find a block-like candidate in ltx:table (with attributes ()
	In Core::Definition::Constructor[\begin{... /usr/share/perl5/LaTeXML/Package/LaTeX.pool.ltxml; line 1357
Error:malformed:ltx:toccaption <ltx:toccaption> isn't allowed in <ltx:block>
	at String; line 2 col 0 - line 2 col 0
	Currently in ...<ltx:table _box="LaTeXML::Core::Whatsit=HASH(0x..." _font="Font[serif,medium,upright,10,r..." placement="!t" xml:id="A3.SS2.SSS1.tab1">...<ltx:_CaptureBlock_ _box="LaTeXML::Core::Whatsit=HASH(0x..." _font="Font[serif,medium,upright,10,r..." _vertical_mode_="1">...<ltx:subsubsection _box="LaTeXML::Core::Whatsit=HASH(0x..." _font="Font[serif,medium,upright,10,r..." inlist="toc" xml:id="A3.SS2.SSS2" labels="LABEL:sec:real_data LABEL:tab_..." _ID_counter_p_="5" _ID_counter_m_="16" _ID_counter_tab_="1">...<ltx:table _box="LaTeXML::Core::Whatsit=HASH(0x..." _font="Font[serif,medium,upright,10,r..." placement="!t" xml:id="A3.SS2.SSS2.tab1">...<ltx:block _box="LaTeXML::Core::Whatsit=HASH(0x..." _font="Font[serif,medium,upright,10,r..." _vertical_mode_="1"/>
	In Core::Document[@0x582979763ed0] Anonymous String; from line 2 col 0 to line 2 col 0
	 <= Core::Definition::Constructor[\begin{... <= Whatsit[\begin{center},Core::List[Box... <= Core::Document[@0x582979763ed0] <= ...
Error:malformed:ltx:caption <ltx:caption> isn't allowed in <ltx:block>
	at String; line 2 col 0 - line 2 col 0
	Currently in ...<ltx:table _box="LaTeXML::Core::Whatsit=HASH(0x..." _font="Font[serif,medium,upright,10,r..." placement="!t" xml:id="A3.SS2.SSS1.tab1">...<ltx:_CaptureBlock_ _box="LaTeXML::Core::Whatsit=HASH(0x..." _font="Font[serif,medium,upright,10,r..." _vertical_mode_="1">...<ltx:subsubsection _box="LaTeXML::Core::Whatsit=HASH(0x..." _font="Font[serif,medium,upright,10,r..." inlist="toc" xml:id="A3.SS2.SSS2" labels="LABEL:sec:real_data LABEL:tab_..." _ID_counter_p_="5" _ID_counter_m_="16" _ID_counter_tab_="1">...<ltx:table _box="LaTeXML::Core::Whatsit=HASH(0x..." _font="Font[serif,medium,upright,10,r..." placement="!t" xml:id="A3.SS2.SSS2.tab1">...<ltx:block _box="LaTeXML::Core::Whatsit=HASH(0x..." _font="Font[serif,medium,upright,10,r..." _vertical_mode_="1">...
	In Core::Document[@0x582979763ed0] Anonymous String; from line 2 col 0 to line 2 col 0
	 <= Core::Definition::Constructor[\begin{... <= Whatsit[\begin{center},Core::List[Box... <= Core::Document[@0x582979763ed0] <= ...
Error:malformed:ltx:table <ltx:table> isn't allowed in <ltx:block>
	at String; line 2 col 0 - line 2 col 0
	Currently in ...<ltx:table _box="LaTeXML::Core::Whatsit=HASH(0x..." _font="Font[serif,medium,upright,10,r..." placement="!t" xml:id="A3.SS2.SSS1.tab1">...<ltx:_CaptureBlock_ _box="LaTeXML::Core::Whatsit=HASH(0x..." _font="Font[serif,medium,upright,10,r..." _vertical_mode_="1">...<ltx:subsubsection _box="LaTeXML::Core::Whatsit=HASH(0x..." _font="Font[serif,medium,upright,10,r..." inlist="toc" xml:id="A3.SS2.SSS2" labels="LABEL:sec:real_data LABEL:tab_..." _ID_counter_p_="5" _ID_counter_m_="16" _ID_counter_tab_="1">...<ltx:table _box="LaTeXML::Core::Whatsit=HASH(0x..." _font="Font[serif,medium,upright,10,r..." placement="!t" xml:id="A3.SS2.SSS2.tab1">...<ltx:block _box="LaTeXML::Core::Whatsit=HASH(0x..." _font="Font[serif,medium,upright,10,r..." _vertical_mode_="1">...
	In Core::Document[@0x582979763ed0] Anonymous String; from line 2 col 0 to line 2 col 0
	 <= Core::Definition::Constructor[\begin{... <= Whatsit[\begin{center},Core::List[Box... <= Core::Document[@0x582979763ed0] <= ...
Error:malformed:ltx:para <ltx:para> isn't allowed in <ltx:block>
	at String; line 2 col 0 - line 2 col 0
	Currently in ...<ltx:table _box="LaTeXML::Core::Whatsit=HASH(0x..." _font="Font[serif,medium,upright,10,r..." placement="!t" xml:id="A3.SS2.SSS1.tab1">...<ltx:_CaptureBlock_ _box="LaTeXML::Core::Whatsit=HASH(0x..." _font="Font[serif,medium,upright,10,r..." _vertical_mode_="1">...<ltx:subsubsection _box="LaTeXML::Core::Whatsit=HASH(0x..." _font="Font[serif,medium,upright,10,r..." inlist="toc" xml:id="A3.SS2.SSS2" labels="LABEL:sec:real_data LABEL:tab_..." _ID_counter_p_="5" _ID_counter_m_="16" _ID_counter_tab_="1">...<ltx:table _box="LaTeXML::Core::Whatsit=HASH(0x..." _font="Font[serif,medium,upright,10,r..." placement="!t" xml:id="A3.SS2.SSS2.tab1">...<ltx:block _box="LaTeXML::Core::Whatsit=HASH(0x..." _font="Font[serif,medium,upright,10,r..." _vertical_mode_="1">...
	In Core::Document[@0x582979763ed0] Anonymous String; from line 2 col 0 to line 2 col 0
	 <= Core::Definition::Constructor[\begin{... <= Whatsit[\begin{center},Core::List[Box... <= Core::Document[@0x582979763ed0] <= ...
Error:malformed:ltx:table <ltx:table> isn't allowed in <ltx:block>
	at String; line 2 col 0 - line 2 col 0
	Currently in ...<ltx:table _box="LaTeXML::Core::Whatsit=HASH(0x..." _font="Font[serif,medium,upright,10,r..." placement="!t" xml:id="A3.SS2.SSS1.tab1">...<ltx:_CaptureBlock_ _box="LaTeXML::Core::Whatsit=HASH(0x..." _font="Font[serif,medium,upright,10,r..." _vertical_mode_="1">...<ltx:subsubsection _box="LaTeXML::Core::Whatsit=HASH(0x..." _font="Font[serif,medium,upright,10,r..." inlist="toc" xml:id="A3.SS2.SSS2" labels="LABEL:sec:real_data LABEL:tab_..." _ID_counter_p_="5" _ID_counter_m_="16" _ID_counter_tab_="1">...<ltx:table _box="LaTeXML::Core::Whatsit=HASH(0x..." _font="Font[serif,medium,upright,10,r..." placement="!t" xml:id="A3.SS2.SSS2.tab1">...<ltx:block _box="LaTeXML::Core::Whatsit=HASH(0x..." _font="Font[serif,medium,upright,10,r..." _vertical_mode_="1">...
	In Core::Document[@0x582979763ed0] Anonymous String; from line 2 col 0 to line 2 col 0
	 <= Core::Definition::Constructor[\begin{... <= Whatsit[\begin{center},Core::List[Box... <= Core::Document[@0x582979763ed0] <= ...
Error:malformed:ltx:figure <ltx:figure> isn't allowed in <ltx:block>
	at String; line 2 col 0 - line 2 col 0
	Currently in ...<ltx:table _box="LaTeXML::Core::Whatsit=HASH(0x..." _font="Font[serif,medium,upright,10,r..." placement="!t" xml:id="A3.SS2.SSS1.tab1">...<ltx:_CaptureBlock_ _box="LaTeXML::Core::Whatsit=HASH(0x..." _font="Font[serif,medium,upright,10,r..." _vertical_mode_="1">...<ltx:subsubsection _box="LaTeXML::Core::Whatsit=HASH(0x..." _font="Font[serif,medium,upright,10,r..." inlist="toc" xml:id="A3.SS2.SSS2" labels="LABEL:sec:real_data LABEL:tab_..." _ID_counter_p_="5" _ID_counter_m_="16" _ID_counter_tab_="1">...<ltx:table _box="LaTeXML::Core::Whatsit=HASH(0x..." _font="Font[serif,medium,upright,10,r..." placement="!t" xml:id="A3.SS2.SSS2.tab1">...<ltx:block _box="LaTeXML::Core::Whatsit=HASH(0x..." _font="Font[serif,medium,upright,10,r..." _vertical_mode_="1">...
	In Core::Document[@0x582979763ed0] Anonymous String; from line 2 col 0 to line 2 col 0
	 <= Core::Definition::Constructor[\begin{... <= Whatsit[\begin{center},Core::List[Box... <= Core::Document[@0x582979763ed0] <= ...
Error:malformed:ltx:subsubsection <ltx:subsubsection> isn't allowed in <ltx:block>
	at String; line 2 col 0 - line 2 col 0
	Currently in ...<ltx:table _box="LaTeXML::Core::Whatsit=HASH(0x..." _font="Font[serif,medium,upright,10,r..." placement="!t" xml:id="A3.SS2.SSS1.tab1">...<ltx:_CaptureBlock_ _box="LaTeXML::Core::Whatsit=HASH(0x..." _font="Font[serif,medium,upright,10,r..." _vertical_mode_="1">...<ltx:subsubsection _box="LaTeXML::Core::Whatsit=HASH(0x..." _font="Font[serif,medium,upright,10,r..." inlist="toc" xml:id="A3.SS2.SSS2" labels="LABEL:sec:real_data LABEL:tab_..." _ID_counter_p_="5" _ID_counter_m_="16" _ID_counter_tab_="1">...<ltx:table _box="LaTeXML::Core::Whatsit=HASH(0x..." _font="Font[serif,medium,upright,10,r..." placement="!t" xml:id="A3.SS2.SSS2.tab1">...<ltx:block _box="LaTeXML::Core::Whatsit=HASH(0x..." _font="Font[serif,medium,upright,10,r..." _vertical_mode_="1">...
	In Core::Document[@0x582979763ed0] Anonymous String; from line 2 col 0 to line 2 col 0
	 <= Core::Definition::Constructor[\begin{... <= Whatsit[\begin{center},Core::List[Box... <= Core::Document[@0x582979763ed0] <= ...
Error:malformed:ltx:subsubsection <ltx:subsubsection> isn't allowed in <ltx:block>
	at String; line 2 col 0 - line 2 col 0
	Currently in ...<ltx:table _box="LaTeXML::Core::Whatsit=HASH(0x..." _font="Font[serif,medium,upright,10,r..." placement="!t" xml:id="A3.SS2.SSS1.tab1">...<ltx:_CaptureBlock_ _box="LaTeXML::Core::Whatsit=HASH(0x..." _font="Font[serif,medium,upright,10,r..." _vertical_mode_="1">...<ltx:subsubsection _box="LaTeXML::Core::Whatsit=HASH(0x..." _font="Font[serif,medium,upright,10,r..." inlist="toc" xml:id="A3.SS2.SSS2" labels="LABEL:sec:real_data LABEL:tab_..." _ID_counter_p_="5" _ID_counter_m_="16" _ID_counter_tab_="1">...<ltx:table _box="LaTeXML::Core::Whatsit=HASH(0x..." _font="Font[serif,medium,upright,10,r..." placement="!t" xml:id="A3.SS2.SSS2.tab1">...<ltx:block _box="LaTeXML::Core::Whatsit=HASH(0x..." _font="Font[serif,medium,upright,10,r..." _vertical_mode_="1">...
	In Core::Document[@0x582979763ed0] Anonymous String; from line 2 col 0 to line 2 col 0
	 <= Core::Definition::Constructor[\begin{... <= Whatsit[\begin{center},Core::List[Box... <= Core::Document[@0x582979763ed0] <= ...
Error:malformed:ltx:table Attempt to close </ltx:table>, which isn't open
	Currently in XMLDocument[96935323378336]
	In Core::Document[@0x582979763ed0] undef
	 <= Core::Definition::Constructor[\begin{... <= Whatsit[\begin{table},Core::List[Box[... <= Core::Document[@0x582979763ed0] <= ...
Error:malformed:ltx:_CaptureBlock_ Attempt to close <ltx:_CaptureBlock_ _box="LaTeXML::Core::Whatsit=HASH(0x..." _font="Font[serif,medium,upright,10,r..." _vertical_mode_="1">..., which isn't open
	Currently in XMLDocument[96935323378336]
	In Core::Document[@0x582979763ed0] undef
	 <= Core::Definition::Constructor[\begin{... <= Whatsit[\begin{center},Core::List[Box... <= Core::Document[@0x582979763ed0] <= ...
Warning:malformed:_CaptureBlock_ Did not find a block-like candidate in ltx:table (with attributes ()
	In Core::Definition::Constructor[\begin{... /usr/share/perl5/LaTeXML/Package/LaTeX.pool.ltxml; line 1357
Error:malformed:ltx:toccaption <ltx:toccaption> isn't allowed in <ltx:block>
	at String; line 5 col 0 - line 5 col 0
	Currently in ...<ltx:appendix _box="LaTeXML::Core::Whatsit=HASH(0x..." _font="Font[serif,medium,upright,10,r..." inlist="toc" xml:id="A3">...<ltx:subsection _box="LaTeXML::Core::Whatsit=HASH(0x..." _font="Font[serif,medium,upright,10,r..." inlist="toc" xml:id="A3.SS2" labels="LABEL:sec:additional_results" _ID_counter_p_="1">...<ltx:subsubsection _box="LaTeXML::Core::Whatsit=HASH(0x..." _font="Font[serif,medium,upright,10,r..." inlist="toc" xml:id="A3.SS2.SSS1" labels="LABEL:app:2d_toy LABEL:tab_hig..." _ID_counter_p_="4" _ID_counter_m_="14" _ID_counter_tab_="1">...<ltx:table _box="LaTeXML::Core::Whatsit=HASH(0x..." _font="Font[serif,medium,upright,10,r..." placement="!t" xml:id="A3.SS2.SSS1.tab1">...<ltx:block _box="LaTeXML::Core::Whatsit=HASH(0x..." _font="Font[serif,medium,upright,10,r..." _vertical_mode_="1"/>
	In Core::Document[@0x582979763ed0] Anonymous String; from line 5 col 0 to line 5 col 0
	 <= Core::Definition::Constructor[\begin{... <= Whatsit[\begin{center},Core::List[Box... <= Core::Document[@0x582979763ed0] <= ...
Error:malformed:ltx:caption <ltx:caption> isn't allowed in <ltx:block>
	at String; line 5 col 0 - line 5 col 0
	Currently in ...<ltx:appendix _box="LaTeXML::Core::Whatsit=HASH(0x..." _font="Font[serif,medium,upright,10,r..." inlist="toc" xml:id="A3">...<ltx:subsection _box="LaTeXML::Core::Whatsit=HASH(0x..." _font="Font[serif,medium,upright,10,r..." inlist="toc" xml:id="A3.SS2" labels="LABEL:sec:additional_results" _ID_counter_p_="1">...<ltx:subsubsection _box="LaTeXML::Core::Whatsit=HASH(0x..." _font="Font[serif,medium,upright,10,r..." inlist="toc" xml:id="A3.SS2.SSS1" labels="LABEL:app:2d_toy LABEL:tab_hig..." _ID_counter_p_="4" _ID_counter_m_="14" _ID_counter_tab_="1">...<ltx:table _box="LaTeXML::Core::Whatsit=HASH(0x..." _font="Font[serif,medium,upright,10,r..." placement="!t" xml:id="A3.SS2.SSS1.tab1">...<ltx:block _box="LaTeXML::Core::Whatsit=HASH(0x..." _font="Font[serif,medium,upright,10,r..." _vertical_mode_="1">...
	In Core::Document[@0x582979763ed0] Anonymous String; from line 5 col 0 to line 5 col 0
	 <= Core::Definition::Constructor[\begin{... <= Whatsit[\begin{center},Core::List[Box... <= Core::Document[@0x582979763ed0] <= ...
Error:malformed:ltx:subsubsection <ltx:subsubsection> isn't allowed in <ltx:block>
	at String; line 5 col 0 - line 5 col 0
	Currently in ...<ltx:appendix _box="LaTeXML::Core::Whatsit=HASH(0x..." _font="Font[serif,medium,upright,10,r..." inlist="toc" xml:id="A3">...<ltx:subsection _box="LaTeXML::Core::Whatsit=HASH(0x..." _font="Font[serif,medium,upright,10,r..." inlist="toc" xml:id="A3.SS2" labels="LABEL:sec:additional_results" _ID_counter_p_="1">...<ltx:subsubsection _box="LaTeXML::Core::Whatsit=HASH(0x..." _font="Font[serif,medium,upright,10,r..." inlist="toc" xml:id="A3.SS2.SSS1" labels="LABEL:app:2d_toy LABEL:tab_hig..." _ID_counter_p_="4" _ID_counter_m_="14" _ID_counter_tab_="1">...<ltx:table _box="LaTeXML::Core::Whatsit=HASH(0x..." _font="Font[serif,medium,upright,10,r..." placement="!t" xml:id="A3.SS2.SSS1.tab1">...<ltx:block _box="LaTeXML::Core::Whatsit=HASH(0x..." _font="Font[serif,medium,upright,10,r..." _vertical_mode_="1">...
	In Core::Document[@0x582979763ed0] Anonymous String; from line 5 col 0 to line 5 col 0
	 <= Core::Definition::Constructor[\begin{... <= Whatsit[\begin{center},Core::List[Box... <= Core::Document[@0x582979763ed0] <= ...
Error:malformed:ltx:table Attempt to close </ltx:table>, which isn't open
	Currently in XMLDocument[96935323378336]
	In Core::Document[@0x582979763ed0] undef
	 <= Core::Definition::Constructor[\begin{... <= Whatsit[\begin{table},Core::List[Box[... <= Core::Document[@0x582979763ed0] <= ...
Error:malformed:ltx:table Attempt to close </ltx:table>, which isn't open
	Currently in XMLDocument[96935323378336]
	In Core::Document[@0x582979763ed0] undef
	 <= Core::Definition::Constructor[\begin{... <= Whatsit[\begin{table},Core::List[Comm... <= Core::Document[@0x582979763ed0] <= ...
 11.36 sec)
(Rewriting... 0.30 sec)
(Math Parsing 694 formulae ......
Warning:not_parsed:UNKNOWN>OPEN MathParser failed to match rule 'Anything'
	at JKO_arxiv_v4.tex; line 338 col 184 - line 338 col 206
	In "${\rm KL}(\rho||p_{Z})$"
	KL[[UNKNOWN]]
	        > ([[OPEN]] [[UNKNOWN]] |[[VERTBAR]] |[[VERTBAR]] p[[UNKNOWN]] _{Z}[[POSTSUBSCRIPT]] )[[CLOSE]]
Warning:not_parsed:CLOSE.RELOP.UNKNOWN>OPEN MathParser failed to match rule 'Anything'
	at JKO_arxiv_v4.tex; line 347 col 8 - line 347 col 41
	In "$F[\rho]:={\rm KL}(\rho||p_{Z})$"
	F[[UNKNOWN]] [[[OPEN]] [[UNKNOWN]] ][[CLOSE]] :=[[RELOP]] KL[[UNKNOWN]]
	        > ([[OPEN]] [[UNKNOWN]] |[[VERTBAR]] |[[VERTBAR]] p[[UNKNOWN]] _{Z}[[POSTSUBSCRIPT]] )[[CLOSE]]
Warning:not_parsed:CLOSE.RELOP.UNKNOWN>OPEN MathParser failed to match rule 'Anything'
	at JKO_arxiv_v4.tex; line 395 col 8 - line 395 col 44
	In "$F[T]={\rm KL}(T_{\#}p_{k}||p_{Z})$"
	F[[UNKNOWN]] [[[OPEN]] T[[UNKNOWN]] ][[CLOSE]] =[[RELOP]] KL[[UNKNOWN]]
	        > ([[OPEN]] T[[UNKNOWN]] _{\#}[[POSTSUBSCRIPT]] p[[UNKNOWN]] _{k}[[POSTSUBSCRIPT]] |[[VERTBAR]] |[[VERTBAR]] p[[UNKNOWN]] _{Z}[[POSTSUBSCRIPT]] )[[CLOSE]]
Warning:not_parsed:UNKNOWN>OPEN MathParser failed to match rule 'Anything'
	at JKO_arxiv_v4.tex; line 408 col 16 - line 412 col 14
	In "\begin{equation}{\rm KL}(T_{\#}p_{k}||p_{Z})=\mathbb{E}_{x(t_{k})\sim p_{k}}%
	\left(V(x(t_{k+1}))-\int_{t_{k}}^{t_{k+1}}\nabla\cdot\mathbf{f}(x(s),s)ds%
	\right)+c.\end{equation}"
	KL[[UNKNOWN]]
	        > ([[OPEN]] T[[UNKNOWN]] _{\#}[[POSTSUBSCRIPT]] p[[UNKNOWN]] _{k}[[POSTSUBSCRIPT]] |[[VERTBAR]] |[[VERTBAR]] p[[UNKNOWN]] _{Z}[[POSTSUBSCRIPT]] )[[CLOSE]] =[[RELOP]] E[[UNKNOWN]] _{x(t_{k})\simp_{k}}[[POSTSUBSCRIPT]] \left([[OPEN]] V[[UNKNOWN]] ([[OPEN]] x[[UNKNOWN]] ([[OPEN]] t[[UNKNOWN]] _{k+1}[[POSTSUBSCRIPT]] )[[CLOSE]] )[[CLOSE]] -[[ADDOP]] [[INTOP]] _{t_{k}}[[POSTSUBSCRIPT]] ^{t_{k+1}}[[POSTSUPERSCRIPT]] [[OPERATOR]] [[MULOP]] f[[UNKNOWN]] ([[OPEN]] x[[UNKNOWN]] ([[OPEN]] s[[UNKNOWN]] )[[CLOSE]] ,[[PUNCT]] s[[UNKNOWN]] )[[CLOSE]] d[[UNKNOWN]] s[[UNKNOWN]] \right)[[CLOSE]] +[[ADDOP]] c[[UNKNOWN]]
Warning:not_parsed:CLOSE.RELOP.UNKNOWN>OPEN MathParser failed to match rule 'Anything'
	at JKO_arxiv_v4.tex; line 1067 col 16 - line 1071 col 14
	In "\begin{equation}\min_{\rho\in\mathcal{P}}L_{\rho}[\rho]={\rm KL}(\rho||q)+%
	\frac{1}{2h}W_{2}^{2}(p,\rho),\end{equation}"
	min[[OPFUNCTION]] _{\rho\in\mathcal{P}}[[POSTSUBSCRIPT]] L[[UNKNOWN]] _{\rho}[[POSTSUBSCRIPT]] [[[OPEN]] [[UNKNOWN]] ][[CLOSE]] =[[RELOP]] KL[[UNKNOWN]]
	        > ([[OPEN]] [[UNKNOWN]] |[[VERTBAR]] |[[VERTBAR]] q[[UNKNOWN]] )[[CLOSE]] +[[ADDOP]] \frac{1}{2h}[[UNKNOWN]] W[[UNKNOWN]] _{2}[[POSTSUBSCRIPT]] ^{2}[[POSTSUPERSCRIPT]] ([[OPEN]] p[[UNKNOWN]] ,[[PUNCT]] [[UNKNOWN]] )[[CLOSE]]
Warning:not_parsed:CLOSE.RELOP.UNKNOWN>OPEN MathParser failed to match rule 'Anything'
	at JKO_arxiv_v4.tex; line 1072 col 16 - line 1076 col 14
	In "\begin{equation}\min_{T:\mathbb{R}^{d}\to\mathbb{R}^{d}}L_{T}[T]={\rm KL}(T_{%
	\#}p||q)+\frac{1}{2h}\mathbb{E}_{x\sim p}\|x-T(x)\|^{2},\end{equation}"
	min[[OPFUNCTION]] _{T:\mathbb{R}^{d}\to\mathbb{R}^{d}}[[POSTSUBSCRIPT]] L[[UNKNOWN]] _{T}[[POSTSUBSCRIPT]] [[[OPEN]] T[[UNKNOWN]] ][[CLOSE]] =[[RELOP]] KL[[UNKNOWN]]
	        > ([[OPEN]] T[[UNKNOWN]] _{\#}[[POSTSUBSCRIPT]] p[[UNKNOWN]] |[[VERTBAR]] |[[VERTBAR]] q[[UNKNOWN]] )[[CLOSE]] +[[ADDOP]] \frac{1}{2h}[[UNKNOWN]] E[[UNKNOWN]] _{x\simp}[[POSTSUBSCRIPT]] [[VERTBAR]] x[[UNKNOWN]] -[[ADDOP]] T[[UNKNOWN]] ([[OPEN]] x[[UNKNOWN]] )[[CLOSE]] [[VERTBAR]] ^{2}[[POSTSUPERSCRIPT]]
Warning:not_parsed:UNKNOWN>OPEN MathParser failed to match rule 'Anything'
	at JKO_arxiv_v4.tex; line 1109 col 16 - line 1112 col 14
	In "\begin{equation}{\rm KL}(T_{\#}p_{k}||p_{Z})=\mathbb{E}_{x\sim\rho_{t+h}}(\log%
	{\rho}_{t+h}(x)-\log p_{Z}(x)).\end{equation}"
	KL[[UNKNOWN]]
	        > ([[OPEN]] T[[UNKNOWN]] _{\#}[[POSTSUBSCRIPT]] p[[UNKNOWN]] _{k}[[POSTSUBSCRIPT]] |[[VERTBAR]] |[[VERTBAR]] p[[UNKNOWN]] _{Z}[[POSTSUBSCRIPT]] )[[CLOSE]] =[[RELOP]] E[[UNKNOWN]] _{x\sim\rho_{t+h}}[[POSTSUBSCRIPT]] ([[OPEN]] log[[OPFUNCTION]] [[UNKNOWN]] _{t+h}[[POSTSUBSCRIPT]] ([[OPEN]] x[[UNKNOWN]] )[[CLOSE]] -[[ADDOP]] log[[OPFUNCTION]] p[[UNKNOWN]] _{Z}[[POSTSUBSCRIPT]] ([[OPEN]] x[[UNKNOWN]] )[[CLOSE]] )[[CLOSE]]
Warning:not_parsed:CLOSE.UNKNOWN.UNKNOWN>CLOSE MathParser failed to match rule 'Anything'
	at JKO_arxiv_v4.tex; line 1136 col 0 - line 1140 col 2
	In "$$\mathbb{E}_{x\sim\rho_{t+h}}\log\rho_{t+h}(x)=\mathbb{E}_{x(t)\sim\rho_{t}}%
	\log\rho_{t}(x(t))-\mathbb{E}_{x(t)\sim\rho_{t}}\int_{t}^{t+h}\nabla\cdot%
	\mathbf{f}(x(s),s)ds).$$"
	E[[UNKNOWN]] _{x\sim\rho_{t+h}}[[POSTSUBSCRIPT]] log[[OPFUNCTION]] [[UNKNOWN]] _{t+h}[[POSTSUBSCRIPT]] ([[OPEN]] x[[UNKNOWN]] )[[CLOSE]] =[[RELOP]] E[[UNKNOWN]] _{x(t)\sim\rho_{t}}[[POSTSUBSCRIPT]] log[[OPFUNCTION]] [[UNKNOWN]] _{t}[[POSTSUBSCRIPT]] ([[OPEN]] x[[UNKNOWN]] ([[OPEN]] t[[UNKNOWN]] )[[CLOSE]] )[[CLOSE]] -[[ADDOP]] E[[UNKNOWN]] _{x(t)\sim\rho_{t}}[[POSTSUBSCRIPT]] [[INTOP]] _{t}[[POSTSUBSCRIPT]] ^{t+h}[[POSTSUPERSCRIPT]] [[OPERATOR]] [[MULOP]] f[[UNKNOWN]] ([[OPEN]] x[[UNKNOWN]] ([[OPEN]] s[[UNKNOWN]] )[[CLOSE]] ,[[PUNCT]] s[[UNKNOWN]] )[[CLOSE]] d[[UNKNOWN]] s[[UNKNOWN]]
	        > )[[CLOSE]]
Warning:not_parsed:CLOSE.UNKNOWN.UNKNOWN>CLOSE MathParser failed to match rule 'Anything'
	at JKO_arxiv_v4.tex; line 1144 col 0 - line 1148 col 2
	In "$$\text{r.h.s. of \eqref{eq:KL-pf-1}}=c_{2}-\mathbb{E}_{x(t)\sim\rho_{t}}\int_%
	{t}^{t+h}\nabla\cdot\mathbf{f}(x(s),s)ds)-c_{1}+\mathbb{E}_{x(t)\sim\rho_{t}}V%
	(x(t+h)),$$"
	\text{r.h.s. of \eqref{eq:KL-pf-1}}[[UNKNOWN]] =[[RELOP]] c[[UNKNOWN]] _{2}[[POSTSUBSCRIPT]] -[[ADDOP]] E[[UNKNOWN]] _{x(t)\sim\rho_{t}}[[POSTSUBSCRIPT]] [[INTOP]] _{t}[[POSTSUBSCRIPT]] ^{t+h}[[POSTSUPERSCRIPT]] [[OPERATOR]] [[MULOP]] f[[UNKNOWN]] ([[OPEN]] x[[UNKNOWN]] ([[OPEN]] s[[UNKNOWN]] )[[CLOSE]] ,[[PUNCT]] s[[UNKNOWN]] )[[CLOSE]] d[[UNKNOWN]] s[[UNKNOWN]]
	        > )[[CLOSE]] -[[ADDOP]] c[[UNKNOWN]] _{1}[[POSTSUBSCRIPT]] +[[ADDOP]] E[[UNKNOWN]] _{x(t)\sim\rho_{t}}[[POSTSUBSCRIPT]] V[[UNKNOWN]] ([[OPEN]] x[[UNKNOWN]] ([[OPEN]] t[[UNKNOWN]] +[[ADDOP]] h[[UNKNOWN]] )[[CLOSE]] )[[CLOSE]]
Warning:not_parsed:OPEN.UNKNOWN.CLOSE>CLOSE MathParser failed to match rule 'Anything'
	at JKO_arxiv_v4.tex; line 1215 col 0 - line 1215 col 1
	In "$J_{{\bf f}}(x))$"
	J[[UNKNOWN]] _{{\bff}}[[POSTSUBSCRIPT]] ([[OPEN]] x[[UNKNOWN]] )[[CLOSE]]
	        > )[[CLOSE]]
 16.01 sec)
Math parsing succeeded:
   ltx:XMath: 684/694
   ltx:XMArg: 826/826
Symbols assumed as simple identifiers (with # of occurences):
   'A{italic}' (2), 'C{italic}' (2), 'D{caligraphic}' (2), 'E{blackboard}' (39), 'E{caligraphic}' (1), 'F{italic}' (10), 'H{italic}' (4), 'I{italic}' (12), 'J{italic}' (9), 'KL' (21), 'K{italic}' (7), 'LL' (1), 'L{italic}' (60), 'M{italic}' (6), 'N{caligraphic}' (5), 'N{italic}' (8), 'O{italic}' (4), 'P{caligraphic}' (3), 'R{blackboard}' (23), 'Sigma' (3), 'S{italic}' (5), 'Ter' (2), 'T{italic}' (79), 'V{italic}' (28), 'W{italic}' (25), 'X{bold italic}' (8), 'X{italic}' (27), 'Y{italic}' (27), 'Z{italic}' (2), 'alpha' (3), 'beta' (3), 'c{italic}' (10), 'd{italic}' (40), 'epsilon' (18), 'eta' (5), 'e{italic}' (4), 'f{bold}' (72), 'f{italic}' (10), 'h{italic}' (128), 'i{italic}' (8), 'j{italic}' (20), 'k' (2), 'k{italic}' (94), 'mu' (3), 'pi' (1), 'p{italic}' (128), 'q{italic}' (10), 'rho' (113), 'sigma' (8), 's{bold}' (10), 's{italic}' (50), 'theta' (19), 't{italic}' (195), 'varepsilon' (1), 'v{bold}' (2), 'x{italic}' (271)
Set MATHPARSER_SPECULATE to speculate on possible notations.
(Finalizing... 1.05 sec)
Conversion complete: 17 warnings; 55 errors; 1 undefined macro[\makecell]; 4 missing files[makecell.sty, mdwlist.sty, layout.sty, cprotect.sty] (See parsed.log) (reqd. 40.53s)
