latexml (LaTeXML version 0.8.8) processing main_arxiv.tex
(Digesting TeX main_arxiv...
(Loading /usr/share/perl5/LaTeXML/Package/TeX.pool.ltxml...
(Loading /usr/share/perl5/LaTeXML/Package/eTeX.pool.ltxml... 0.00 sec)
(Loading /usr/share/perl5/LaTeXML/Package/pdfTeX.pool.ltxml... 0.00 sec) 0.09 sec)
(Processing content /home/miri/Documents/DataLit/arXiv_src_fetcher/ICLR_2023_first100/09I1M8YRJBR/main_arxiv.tex...
(Loading /usr/share/perl5/LaTeXML/Package/LaTeX.pool.ltxml...
(Loading /usr/share/perl5/LaTeXML/Package/textcomp.sty.ltxml...
(Processing definitions /usr/share/texlive/texmf-dist/tex/latex/base/ts1enc.dfu... 0.01 sec) 0.05 sec) 0.18 sec)
(Loading /usr/share/perl5/LaTeXML/Package/article.cls.ltxml... 0.01 sec)
(Loading /usr/share/perl5/LaTeXML/Package/amsmath.sty.ltxml...
(Loading /usr/share/perl5/LaTeXML/Package/amsbsy.sty.ltxml...
(Loading /usr/share/perl5/LaTeXML/Package/amsgen.sty.ltxml... 0.00 sec) 0.01 sec)
(Loading /usr/share/perl5/LaTeXML/Package/amstext.sty.ltxml... 0.00 sec)
(Loading /usr/share/perl5/LaTeXML/Package/amsopn.sty.ltxml... 0.01 sec) 0.04 sec)
(Loading /usr/share/perl5/LaTeXML/Package/graphicx.sty.ltxml...
(Loading /usr/share/perl5/LaTeXML/Package/graphics.sty.ltxml... 0.01 sec) 0.02 sec)
Warning:missing_file:mlspconf Can't find binding for package mlspconf
	at main_arxiv.tex; line 3 col 0 - line 3 col 1
	Anticipate undefined macros or environments
	search paths are /home/miri/Documents/DataLit/arXiv_src_fetcher/ICLR_2023_first100/09I1M8YRJBR
	In Core::Definition::Constructor[\usepac... /usr/share/perl5/LaTeXML/Package/LaTeX.pool.ltxml; line 879
(Loading /usr/share/perl5/LaTeXML/Package/multirow.sty.ltxml... 0.00 sec)
Warning:missing_file:tabularray Can't find binding for package tabularray
	at main_arxiv.tex; line 9 col 0 - line 9 col 1
	Anticipate undefined macros or environments
	In Core::Definition::Constructor[\usepac... /usr/share/perl5/LaTeXML/Package/LaTeX.pool.ltxml; line 879
(Loading /usr/share/perl5/LaTeXML/Package/amssymb.sty.ltxml...
(Loading /usr/share/perl5/LaTeXML/Package/amsfonts.sty.ltxml... 0.00 sec) 0.01 sec)
(Loading /usr/share/perl5/LaTeXML/Package/array.sty.ltxml... 0.00 sec)
(Loading /usr/share/perl5/LaTeXML/Package/tablefootnote.sty.ltxml... 0.01 sec)
(Loading /usr/share/perl5/LaTeXML/Package/tikz.sty.ltxml...
Warning:missing_file:tikz Can't find package tikz
	at tikz.sty.ltxml; line 24
	Anticipate undefined macros or environments
	In Core::Gullet[@0x620462cb2958] /usr/share/perl5/LaTeXML/Package/tikz.sty.ltxml; line 24
 0.01 sec)
Error:undefined:\usetikzlibrary The token T_CS[\usetikzlibrary] is not defined.
	at main_arxiv.tex; line 15 col 15 - line 15 col 15
	Defining it now as <ltx:ERROR/>
	Next token is T_BEGIN[{] ( == T_BEGIN[{])
	In Core::Gullet[@0x620462cb2958] /home/miri/Documents/DataLit/arXiv_src_fetcher/ICLR_2023_first100/09I1M8YRJBR/main_arxiv.tex; from line 15 col 16 to line 15 col 16
	 <= Core::Stomach[@0x62046529a1b8] <= ...
Error:undefined:\name The token T_CS[\name] is not defined.
	at main_arxiv.tex; line 70 col 5 - line 70 col 5
	Defining it now as <ltx:ERROR/>
	Next token is T_BEGIN[{] ( == T_BEGIN[{])
	In Core::Gullet[@0x620462cb2958] /home/miri/Documents/DataLit/arXiv_src_fetcher/ICLR_2023_first100/09I1M8YRJBR/main_arxiv.tex; from line 70 col 6 to line 70 col 6
	 <= Core::Stomach[@0x62046529a1b8] <= ...
Error:undefined:\address The token T_CS[\address] is not defined.
	at main_arxiv.tex; line 71 col 8 - line 71 col 8
	Defining it now as <ltx:ERROR/>
	Next token is T_BEGIN[{] ( == T_BEGIN[{])
	In Core::Gullet[@0x620462cb2958] /home/miri/Documents/DataLit/arXiv_src_fetcher/ICLR_2023_first100/09I1M8YRJBR/main_arxiv.tex; from line 71 col 9 to line 71 col 9
	 <= Core::Stomach[@0x62046529a1b8] <= ...
Error:undefined:{keywords} The environment {keywords} is not defined.
	at main_arxiv.tex; line 84 col 0 - line 84 col 16
	Next token is T_SPACE[U+000a/LF] ( == T_SPACE[U+000a/LF])
	In Core::Definition::Expandable[\begin {}] /usr/share/perl5/LaTeXML/Package/LaTeX.pool.ltxml; line 182
	 <= Core::Gullet[@0x620462cb2958] <= Core::Stomach[@0x62046529a1b8] <= ...
Error:undefined:{tblr} The environment {tblr} is not defined.
	at main_arxiv.tex; line 111 col 12 - line 111 col 12
	Next token is T_BEGIN[{] ( == T_BEGIN[{])
	In Core::Definition::Expandable[\begin {}] /usr/share/perl5/LaTeXML/Package/LaTeX.pool.ltxml; line 182
	 <= Core::Gullet[@0x620462cb2958] <= Core::Stomach[@0x62046529a1b8] <= Core::Definition::Constructor[\begin{... <= ...
Error:misdefined:& The token T_ALIGN[&] should never reach Stomach!
	at main_arxiv.tex; line 118 col 0 - line 118 col 1
	In Core::Stomach[@0x62046529a1b8] /home/miri/Documents/DataLit/arXiv_src_fetcher/ICLR_2023_first100/09I1M8YRJBR/main_arxiv.tex; from line 118 col 0 to line 118 col 1
	 <= Core::Definition::Constructor[\begin{... <= Core::Stomach[@0x62046529a1b8] <= ...
Error:undefined:\SetCell The token T_CS[\SetCell] is not defined.
	at main_arxiv.tex; line 119 col 10 - line 119 col 10
	Defining it now as <ltx:ERROR/>
	Next token is T_OTHER[[] ( == T_OTHER[[])
	In Core::Gullet[@0x620462cb2958] /home/miri/Documents/DataLit/arXiv_src_fetcher/ICLR_2023_first100/09I1M8YRJBR/main_arxiv.tex; from line 119 col 11 to line 119 col 11
	 <= Core::Stomach[@0x62046529a1b8] <= Core::Definition::Constructor[\begin{... <= Core::Stomach[@0x62046529a1b8] <= ...
Error:undefined:{tikzpicture} The environment {tikzpicture} is not defined.
	at main_arxiv.tex; line 132 col 23 - line 132 col 23
	Next token is T_OTHER[[] ( == T_OTHER[[])
	In Core::Definition::Expandable[\begin {}] /usr/share/perl5/LaTeXML/Package/LaTeX.pool.ltxml; line 182
	 <= Core::Gullet[@0x620462cb2958] <= Core::Stomach[@0x62046529a1b8] <= Core::Definition::Primitive[Begin] <= ...
Error:undefined:\draw The token T_CS[\draw] is not defined.
	at main_arxiv.tex; line 133 col 13 - line 133 col 13
	Defining it now as <ltx:ERROR/>
	Next token is T_OTHER[[] ( == T_OTHER[[])
	In Core::Gullet[@0x620462cb2958] /home/miri/Documents/DataLit/arXiv_src_fetcher/ICLR_2023_first100/09I1M8YRJBR/main_arxiv.tex; from line 133 col 15 to line 133 col 15
	 <= Core::Stomach[@0x62046529a1b8] <= Core::Definition::Primitive[Begin] <= Core::Stomach[@0x62046529a1b8] <= ...
Error:undefined:{tikzpicture} The environment {tikzpicture} is not defined.
	at main_arxiv.tex; line 147 col 21 - line 147 col 21
	Next token is T_OTHER[[] ( == T_OTHER[[])
	In Core::Definition::Expandable[\begin {}] /usr/share/perl5/LaTeXML/Package/LaTeX.pool.ltxml; line 182
	 <= Core::Gullet[@0x620462cb2958] <= Core::Stomach[@0x62046529a1b8] <= Core::Definition::Constructor[\begin{... <= ...
Error:undefined:\node The token T_CS[\node] is not defined.
	at main_arxiv.tex; line 158 col 13 - line 158 col 13
	Defining it now as <ltx:ERROR/>
	Next token is T_OTHER[[] ( == T_OTHER[[])
	In Core::Gullet[@0x620462cb2958] /home/miri/Documents/DataLit/arXiv_src_fetcher/ICLR_2023_first100/09I1M8YRJBR/main_arxiv.tex; from line 158 col 14 to line 158 col 14
	 <= Core::Stomach[@0x62046529a1b8] <= Core::Definition::Constructor[\begin{... <= Core::Stomach[@0x62046529a1b8] <= ...
Error:undefined:{tblr} The environment {tblr} is not defined.
	at main_arxiv.tex; line 224 col 12 - line 224 col 12
	Next token is T_BEGIN[{] ( == T_BEGIN[{])
	In Core::Definition::Expandable[\begin {}] /usr/share/perl5/LaTeXML/Package/LaTeX.pool.ltxml; line 182
	 <= Core::Gullet[@0x620462cb2958] <= Core::Stomach[@0x62046529a1b8] <= Core::Definition::Constructor[\begin{... <= ...
Error:undefined:{tblr} The environment {tblr} is not defined.
	at main_arxiv.tex; line 283 col 12 - line 283 col 12
	Next token is T_BEGIN[{] ( == T_BEGIN[{])
	In Core::Definition::Expandable[\begin {}] /usr/share/perl5/LaTeXML/Package/LaTeX.pool.ltxml; line 182
	 <= Core::Gullet[@0x620462cb2958] <= Core::Stomach[@0x62046529a1b8] <= Core::Definition::Constructor[\begin{... <= ...
Error:misdefined:& The token T_ALIGN[&] should never reach Stomach!
	at main_arxiv.tex; line 290 col 3 - line 290 col 3
	In Core::Stomach[@0x62046529a1b8] /home/miri/Documents/DataLit/arXiv_src_fetcher/ICLR_2023_first100/09I1M8YRJBR/main_arxiv.tex; from line 290 col 3 to line 290 col 3
	 <= Core::Definition::Constructor[\begin{... <= Core::Stomach[@0x62046529a1b8] <= ...
Info:unexpected:IEEEbib Unknown bibstyle 'IEEEbib', it will be ignored
	at main_arxiv.tex; line 493 col 0 - line 493 col 27
Info:expected:ref_short Couldn't find all bib files, using main_arxiv.bbl instead
	at main_arxiv.tex; line 495 col 0 - line 495 col 24
(Processing content /home/miri/Documents/DataLit/arXiv_src_fetcher/ICLR_2023_first100/09I1M8YRJBR/main_arxiv.bbl... 0.54 sec) 2.90 sec) 3.04 sec)
(Building...
(Loading compiled schema /usr/share/perl5/LaTeXML/resources/RelaxNG/LaTeXML.model... 0.01 sec) 4.93 sec)
(Rewriting... 0.03 sec)
(Math Parsing 92 formulae ...... 1.78 sec)
Math parsing succeeded:
   ltx:XMath: 92/92
   ltx:XMArg: 119/119
Symbols assumed as simple identifiers (with # of occurences):
   'N{caligraphic}' (1), 'N{italic}' (3), 'T{italic}' (12), 'U{caligraphic}' (5), 'U{italic}' (4), 'alpha' (3), 'a{italic}' (11), 'beta' (3), 'd{italic}' (4), 'epsilon' (3), 'f{italic}' (3), 'gamma' (5), 'g{italic}' (3), 'h{italic}' (21), 'k{italic}' (6), 'lambda' (3), 'pi' (4), 'p{italic}' (6), 'r{italic}' (9), 'sigma' (3), 'theta' (4), 't{italic}' (12), 'u{italic}' (21), 'x{italic}' (61), 'z{italic}' (4)
Set MATHPARSER_SPECULATE to speculate on possible notations.
(Finalizing... 0.20 sec)
Conversion complete: 3 warnings; 14 errors; 9 undefined macros[{tblr}, \address, \node, \draw, \usetikzlibrary, {tikzpicture}, {keywords}, \SetCell, \name]; 3 missing files[tikz.sty, tabularray.sty, mlspconf.sty] (See parsed.log) (reqd. 10.27s)
