latexml (LaTeXML version 0.8.8) processing main.tex
(Digesting TeX main...
(Loading /usr/share/perl5/LaTeXML/Package/TeX.pool.ltxml...
(Loading /usr/share/perl5/LaTeXML/Package/eTeX.pool.ltxml... 0.00 sec)
(Loading /usr/share/perl5/LaTeXML/Package/pdfTeX.pool.ltxml... 0.00 sec) 0.09 sec)
(Processing content /home/miri/Documents/DataLit/arXiv_src_fetcher/ICLR_2023_first100/-azium0cV9/main.tex...
(Loading /usr/share/perl5/LaTeXML/Package/LaTeX.pool.ltxml...
(Loading /usr/share/perl5/LaTeXML/Package/textcomp.sty.ltxml...
(Processing definitions /usr/share/texlive/texmf-dist/tex/latex/base/ts1enc.dfu... 0.01 sec) 0.05 sec) 0.18 sec)
(Loading /usr/share/perl5/LaTeXML/Package/article.cls.ltxml... 0.01 sec)
(Loading /usr/share/perl5/LaTeXML/Package/microtype.sty.ltxml... 0.00 sec)
(Loading /usr/share/perl5/LaTeXML/Package/graphicx.sty.ltxml...
(Loading /usr/share/perl5/LaTeXML/Package/graphics.sty.ltxml... 0.01 sec) 0.02 sec)
(Loading /usr/share/perl5/LaTeXML/Package/booktabs.sty.ltxml... 0.00 sec)
(Loading /usr/share/perl5/LaTeXML/Package/hyperref.sty.ltxml...
(Loading /usr/share/perl5/LaTeXML/Package/ltxcmds.sty.ltxml...
(Processing definitions /usr/share/texlive/texmf-dist/tex/generic/ltxcmds/ltxcmds.sty... 0.05 sec) 0.05 sec)
(Loading /usr/share/perl5/LaTeXML/Package/keyval.sty.ltxml...
(Processing definitions /usr/share/texlive/texmf-dist/tex/latex/graphics/keyval.sty... 0.01 sec) 0.01 sec)
(Loading /usr/share/perl5/LaTeXML/Package/kvsetkeys.sty.ltxml...
(Processing definitions /usr/share/texlive/texmf-dist/tex/latex/kvsetkeys/kvsetkeys.sty... 0.03 sec) 0.04 sec)
(Loading /usr/share/perl5/LaTeXML/Package/kvdefinekeys.sty.ltxml...
(Processing definitions /usr/share/texlive/texmf-dist/tex/generic/kvdefinekeys/kvdefinekeys.sty... 0.01 sec) 0.02 sec)
(Loading /usr/share/perl5/LaTeXML/Package/kvoptions.sty.ltxml...
(Processing definitions /usr/share/texlive/texmf-dist/tex/latex/kvoptions/kvoptions.sty... 0.08 sec) 0.08 sec)
(Loading /usr/share/perl5/LaTeXML/Package/nameref.sty.ltxml...
(Loading /usr/share/perl5/LaTeXML/Package/refcount.sty.ltxml...
(Processing definitions /usr/share/texlive/texmf-dist/tex/latex/refcount/refcount.sty...
(Loading /usr/share/perl5/LaTeXML/Package/infwarerr.sty.ltxml...
(Processing definitions /usr/share/texlive/texmf-dist/tex/generic/infwarerr/infwarerr.sty... 0.02 sec) 0.03 sec) 0.06 sec) 0.06 sec)
(Loading /usr/share/perl5/LaTeXML/Package/gettitlestring.sty.ltxml...
(Processing definitions /usr/share/texlive/texmf-dist/tex/generic/gettitlestring/gettitlestring.sty... 0.05 sec) 0.05 sec) 0.13 sec)
(Loading /usr/share/perl5/LaTeXML/Package/url.sty.ltxml... 0.00 sec)
(Loading /usr/share/perl5/LaTeXML/Package/bitset.sty.ltxml...
(Processing definitions /usr/share/texlive/texmf-dist/tex/generic/bitset/bitset.sty...
(Loading /usr/share/perl5/LaTeXML/Package/intcalc.sty.ltxml...
(Processing definitions /usr/share/texlive/texmf-dist/tex/generic/intcalc/intcalc.sty... 0.03 sec) 0.03 sec)
(Loading /usr/share/perl5/LaTeXML/Package/bigintcalc.sty.ltxml...
(Processing definitions /usr/share/texlive/texmf-dist/tex/generic/bigintcalc/bigintcalc.sty...
(Loading /usr/share/perl5/LaTeXML/Package/pdftexcmds.sty.ltxml...
(Loading /usr/share/perl5/LaTeXML/Package/iftex.sty.ltxml... 0.00 sec) 0.00 sec) 0.09 sec) 0.09 sec) 0.22 sec) 0.22 sec) 0.57 sec)
Info:fallback:icml2023.sty Interpreted 2023 as a versioned package/class name, falling back to generic icml.sty
	at main.tex; line 12 col 0 - line 12 col 1
(Loading /usr/share/perl5/LaTeXML/Package/icml.sty.ltxml...
(Loading /usr/share/perl5/LaTeXML/Package/icml_support.sty.ltxml...
(Loading /usr/share/perl5/LaTeXML/Package/times.sty.ltxml... 0.00 sec)
(Loading /usr/share/perl5/LaTeXML/Package/fancyhdr.sty.ltxml... 0.00 sec)
(Loading /usr/share/perl5/LaTeXML/Package/color.sty.ltxml... 0.01 sec)
(Loading /usr/share/perl5/LaTeXML/Package/algorithm.sty.ltxml...
(Processing definitions /home/miri/Documents/DataLit/arXiv_src_fetcher/ICLR_2023_first100/-azium0cV9/algorithm.sty...
Document Style `algorithm' - floating environment
(Loading /usr/share/perl5/LaTeXML/Package/float.sty.ltxml... 0.00 sec)
(Loading /usr/share/perl5/LaTeXML/Package/ifthen.sty.ltxml...
(Processing definitions /usr/share/texlive/texmf-dist/tex/latex/base/ifthen.sty... 0.01 sec) 0.01 sec) 0.03 sec) 0.03 sec)
(Loading /usr/share/perl5/LaTeXML/Package/algorithmic.sty.ltxml...
(Processing definitions /home/miri/Documents/DataLit/arXiv_src_fetcher/ICLR_2023_first100/-azium0cV9/algorithmic.sty...
Document Style `algorithmic' - environment
(Loading /usr/share/perl5/LaTeXML/Package/calc.sty.ltxml... 0.00 sec) 0.04 sec) 0.04 sec)
(Loading /usr/share/perl5/LaTeXML/Package/natbib.sty.ltxml... 0.01 sec) 0.11 sec) 0.12 sec)
(Loading /usr/share/perl5/LaTeXML/Package/amsmath.sty.ltxml...
(Loading /usr/share/perl5/LaTeXML/Package/amsbsy.sty.ltxml...
(Loading /usr/share/perl5/LaTeXML/Package/amsgen.sty.ltxml... 0.00 sec) 0.01 sec)
(Loading /usr/share/perl5/LaTeXML/Package/amstext.sty.ltxml... 0.00 sec)
(Loading /usr/share/perl5/LaTeXML/Package/amsopn.sty.ltxml... 0.01 sec) 0.04 sec)
(Loading /usr/share/perl5/LaTeXML/Package/amssymb.sty.ltxml...
(Loading /usr/share/perl5/LaTeXML/Package/amsfonts.sty.ltxml... 0.00 sec) 0.01 sec)
(Loading /usr/share/perl5/LaTeXML/Package/mathtools.sty.ltxml... 0.02 sec)
(Loading /usr/share/perl5/LaTeXML/Package/amsthm.sty.ltxml... 0.01 sec)
(Loading /usr/share/perl5/LaTeXML/Package/inputenc.sty.ltxml...
(Loading /usr/share/perl5/LaTeXML/Package/utf8.def.ltxml... 0.00 sec) 0.01 sec)
(Loading /usr/share/perl5/LaTeXML/Package/fontenc.sty.ltxml...
(Loading /usr/share/perl5/LaTeXML/Package/t1enc.def.ltxml...
(Processing definitions /usr/share/texlive/texmf-dist/tex/latex/base/t1enc.def...
(Processing definitions /usr/share/texlive/texmf-dist/tex/latex/base/t1enc.dfu... 0.03 sec)
(Loading /usr/share/perl5/LaTeXML/Package/t1.fontmap.ltxml... 0.00 sec) 0.06 sec) 0.06 sec) 0.07 sec)
(Loading /usr/share/perl5/LaTeXML/Package/nicefrac.sty.ltxml... 0.01 sec)
(Loading /usr/share/perl5/LaTeXML/Package/xcolor.sty.ltxml... 0.03 sec)
(Loading /usr/share/perl5/LaTeXML/Package/wrapfig.sty.ltxml... 0.00 sec)
(Loading /usr/share/perl5/LaTeXML/Package/caption.sty.ltxml... 0.00 sec)
(Loading /usr/share/perl5/LaTeXML/Package/multirow.sty.ltxml... 0.00 sec)
(Loading /usr/share/perl5/LaTeXML/Package/makecell.sty.ltxml...
Warning:missing_file:makecell Can't find package makecell
	at makecell.sty.ltxml; line 18
	Anticipate undefined macros or environments
	search paths are /home/miri/Documents/DataLit/arXiv_src_fetcher/ICLR_2023_first100/-azium0cV9
	In Core::Gullet[@0x568943290158] /usr/share/perl5/LaTeXML/Package/makecell.sty.ltxml; line 18
 0.01 sec)
(Loading /usr/share/perl5/LaTeXML/Package/xspace.sty.ltxml... 0.00 sec)
(Loading /usr/share/perl5/LaTeXML/Package/subcaption.sty.ltxml... 0.01 sec)
(Loading /usr/share/perl5/LaTeXML/Package/cleveref.sty.ltxml...
Warning:missing_file:cleveref Can't find package cleveref
	at cleveref.sty.ltxml; line 26
	Anticipate undefined macros or environments
	In Core::Gullet[@0x568943290158] /usr/share/perl5/LaTeXML/Package/cleveref.sty.ltxml; line 26
 0.01 sec)
(Loading /usr/share/perl5/LaTeXML/Package/todonotes.sty.ltxml...
(Loading /usr/share/perl5/LaTeXML/Package/xkeyval.sty.ltxml... 0.01 sec)
(Loading /usr/share/perl5/LaTeXML/Package/tikz.sty.ltxml...
Warning:missing_file:tikz Can't find package tikz
	at tikz.sty.ltxml; line 24
	Anticipate undefined macros or environments
	In Core::Gullet[@0x568943290158] /usr/share/perl5/LaTeXML/Package/tikz.sty.ltxml; line 24
 0.01 sec)
Info:unexpected:textsize=tiny Unexpected option 'textsize=tiny' passed to todonotes.sty
	at todonotes.sty.ltxml; line 46
 0.04 sec)
(Processing content /home/miri/Documents/DataLit/arXiv_src_fetcher/ICLR_2023_first100/-azium0cV9/intro.tex... 0.14 sec)
(Processing content /home/miri/Documents/DataLit/arXiv_src_fetcher/ICLR_2023_first100/-azium0cV9/related.tex... 0.26 sec)
(Processing content /home/miri/Documents/DataLit/arXiv_src_fetcher/ICLR_2023_first100/-azium0cV9/method.tex... 0.31 sec)
(Processing content /home/miri/Documents/DataLit/arXiv_src_fetcher/ICLR_2023_first100/-azium0cV9/experiments.tex...
Error:undefined:\thead The token T_CS[\thead] is not defined.
	at experiments.tex; line 30 col 43 - line 30 col 43
	Defining it now as <ltx:ERROR/>
	Next token is T_BEGIN[{] ( == T_BEGIN[{]) more: Latency\\(RTT)}}
	In Core::Gullet[@0x568943290158] /home/miri/Documents/DataLit/arXiv_src_fetcher/ICLR_2023_first100/-azium0cV9/experiments.tex; from line 30 col 43 to line 30 col 43
	 <= Core::Stomach[@0x56894328fd38] <= Core::Definition::Primitive[Begin] <= Core::Stomach[@0x56894328fd38] <= ...
Error:unexpected:\hbox Attempt to end mode text
	at experiments.tex; line 30 col 43 - line 30 col 43
	current frame is boxing group due to T_BEGIN[{] experiments.tex; line 30 col 43 - line 30 col 43
	In Core::Stomach[@0x56894328fd38] /home/miri/Documents/DataLit/arXiv_src_fetcher/ICLR_2023_first100/-azium0cV9/experiments.tex; from line 30 col 43 to line 30 col 43
	 <= Core::Definition::Constructor[\hbox B... <= Core::Stomach[@0x56894328fd38] <= Core::Gullet[@0x568943290158] <= ...
Error:unexpected:\endgroup Attempt to close non-boxing group
	at experiments.tex; line 45 col 0 - line 45 col 17
	current frame is boxing group due to T_CS[\@@tabular] experiments.tex; line 28 col 0 - line 28 col 35
	In Core::Stomach[@0x56894328fd38] /home/miri/Documents/DataLit/arXiv_src_fetcher/ICLR_2023_first100/-azium0cV9/experiments.tex; from line 45 col 0 to line 45 col 17
	 <= Core::Definition::Primitive[\endgroup] <= Core::Stomach[@0x56894328fd38] <= Core::Definition::Constructor[\@@tabu... <= ...
Error:unexpected:\end{table} Can't close environment table;
	at experiments.tex; line 47 col 0 - line 47 col 11
	Current are:
	tabular experiments.tex; line 28 col 19 - line 28 col 19
	table experiments.tex; line 22 col 0 - line 22 col 13
	document main.tex; line 65 col 0 - line 65 col 16
	In Core::Definition::Constructor[\end{ta... /usr/share/perl5/LaTeXML/Package/LaTeX.pool.ltxml; line 3574
	 <= Core::Stomach[@0x56894328fd38] <= Core::Definition::Constructor[\@@tabu... <= Core::Stomach[@0x56894328fd38] <= ...
 0.74 sec)
(Processing content /home/miri/Documents/DataLit/arXiv_src_fetcher/ICLR_2023_first100/-azium0cV9/conclusion.tex... 0.03 sec)
(Processing content /home/miri/Documents/DataLit/arXiv_src_fetcher/ICLR_2023_first100/-azium0cV9/supplementary.tex...
Error:undefined:\multirowcell The token T_CS[\multirowcell] is not defined.
	at supplementary.tex; line 314 col 17 - line 314 col 17
	Defining it now as <ltx:ERROR/>
	Next token is T_BEGIN[{] ( == T_BEGIN[{])
	In Core::Gullet[@0x568943290158] /home/miri/Documents/DataLit/arXiv_src_fetcher/ICLR_2023_first100/-azium0cV9/supplementary.tex; from line 314 col 18 to line 314 col 18
	 <= Core::Definition::Constructor[\@start... <= Core::Stomach[@0x56894328fd38] <= Core::Definition::Constructor[\@@tabu... <= ...
 2.72 sec)
Warning:unexpected:\end{document} Attempt to end document with open groups, environments or conditionals
	at main.tex; line 132 col 0 - line 132 col 14
	Environment tabular opened by \begingroup experiments.tex; line 28 col 19 - line 28 col 19
	Environment table opened by \begin{table} experiments.tex; line 22 col 0 - line 22 col 13
	In Core::Definition::Constructor[\end{do... /usr/share/perl5/LaTeXML/Package/LaTeX.pool.ltxml; line 408
 5.55 sec) 5.68 sec)
(Building...
(Loading compiled schema /usr/share/perl5/LaTeXML/resources/RelaxNG/LaTeXML.model... 0.01 sec)
Info:unexpected:rowspan Rowspan 2 in cell(2,0) covers non-empty cells; truncating.to 1
	at String; line 0 col 0 - line 0 col 0
Error:malformed:ltx:subsection <ltx:subsection> isn't allowed in <ltx:table>
	at String; line 0 col 0 - line 0 col 0
	Currently in XMLDocument[95147577141696]<ltx:document _box="LaTeXML::Core::Whatsit=HASH(0x..." _font="Font[serif,medium,upright,10,r..." _ID_counter_m_="1" _ID_counter_p_="2" class="ltx_pruned_first" xmlns="http://dlmf.nist.gov/LaTeXML">...<ltx:section _box="LaTeXML::Core::Whatsit=HASH(0x..." _font="Font[serif,medium,upright,10,r..." inlist="toc" xml:id="S4">...<ltx:subsection _box="LaTeXML::Core::Whatsit=HASH(0x..." _font="Font[serif,medium,upright,10,r..." inlist="toc" xml:id="S4.SS1" labels="LABEL:sect:experiments_square_cube" _ID_counter_p_="2" _ID_counter_g_="1" _ID_counter_fig_="1">...<ltx:table _box="LaTeXML::Core::Whatsit=HASH(0x..." _font="Font[serif,medium,upright,10,r...">...
	In Core::Document[@0x568946855150] Anonymous String; from line 0 col 0 to line 0 col 0
	 <= Core::Definition::Constructor[\@@numb... <= Whatsit[\@@numbered@section,Core::Lis... <= Core::Document[@0x568946855150] <= ...
Error:malformed:ltx:subsection <ltx:subsection> isn't allowed in <ltx:subsection>
	at experiments.tex; line 52 col 44 - line 52 col 44
	Currently in ...<ltx:document _box="LaTeXML::Core::Whatsit=HASH(0x..." _font="Font[serif,medium,upright,10,r..." _ID_counter_m_="1" _ID_counter_p_="2" class="ltx_pruned_first" xmlns="http://dlmf.nist.gov/LaTeXML">...<ltx:section _box="LaTeXML::Core::Whatsit=HASH(0x..." _font="Font[serif,medium,upright,10,r..." inlist="toc" xml:id="S4">...<ltx:subsection _box="LaTeXML::Core::Whatsit=HASH(0x..." _font="Font[serif,medium,upright,10,r..." inlist="toc" xml:id="S4.SS1" labels="LABEL:sect:experiments_square_cube" _ID_counter_p_="2" _ID_counter_g_="1" _ID_counter_fig_="1">...<ltx:table _box="LaTeXML::Core::Whatsit=HASH(0x..." _font="Font[serif,medium,upright,10,r...">...<ltx:subsection _box="LaTeXML::Core::Whatsit=HASH(0x..." _font="Font[serif,medium,upright,9,rg..." inlist="toc" xml:id="S4.SS2" labels="LABEL:appendix:training_throughput" _ID_counter_p_="8" _ID_counter_tab_="1" _ID_counter_g_="1" _ID_counter_fig_="1">...
	In Core::Document[@0x568946855150] /home/miri/Documents/DataLit/arXiv_src_fetcher/ICLR_2023_first100/-azium0cV9/experiments.tex; from line 52 col 44 to line 52 col 44
	 <= Core::Definition::Constructor[\@@numb... <= Whatsit[\@@numbered@section,Core::Lis... <= Core::Document[@0x568946855150] <= ...
Error:malformed:ltx:subsection <ltx:subsection> isn't allowed in <ltx:subsection>
	at experiments.tex; line 124 col 0 - line 124 col 45
	Currently in ...<ltx:section _box="LaTeXML::Core::Whatsit=HASH(0x..." _font="Font[serif,medium,upright,10,r..." inlist="toc" xml:id="S4">...<ltx:subsection _box="LaTeXML::Core::Whatsit=HASH(0x..." _font="Font[serif,medium,upright,10,r..." inlist="toc" xml:id="S4.SS1" labels="LABEL:sect:experiments_square_cube" _ID_counter_p_="2" _ID_counter_g_="1" _ID_counter_fig_="1">...<ltx:table _box="LaTeXML::Core::Whatsit=HASH(0x..." _font="Font[serif,medium,upright,10,r...">...<ltx:subsection _box="LaTeXML::Core::Whatsit=HASH(0x..." _font="Font[serif,medium,upright,9,rg..." inlist="toc" xml:id="S4.SS2" labels="LABEL:appendix:training_throughput" _ID_counter_p_="8" _ID_counter_tab_="1" _ID_counter_g_="1" _ID_counter_fig_="1">...<ltx:subsection _box="LaTeXML::Core::Whatsit=HASH(0x..." _font="Font[serif,medium,upright,9,rg..." inlist="toc" xml:id="S4.SS3" labels="LABEL:sect:experiments_large" _ID_counter_p_="9" _ID_counter_tab_="2" _ID_counter_g_="1" _ID_counter_fig_="1">...
	In Core::Document[@0x568946855150] /home/miri/Documents/DataLit/arXiv_src_fetcher/ICLR_2023_first100/-azium0cV9/experiments.tex; from line 124 col 0 to line 124 col 45
	 <= Core::Definition::Constructor[\@@numb... <= Whatsit[\@@numbered@section,Core::Lis... <= Core::Document[@0x568946855150] <= ...
Error:malformed:ltx:section <ltx:section> isn't allowed in <ltx:subsection>
	at experiments.tex; line 199 col 0 - line 199 col 44
	Currently in ...<ltx:subsection _box="LaTeXML::Core::Whatsit=HASH(0x..." _font="Font[serif,medium,upright,10,r..." inlist="toc" xml:id="S4.SS1" labels="LABEL:sect:experiments_square_cube" _ID_counter_p_="2" _ID_counter_g_="1" _ID_counter_fig_="1">...<ltx:table _box="LaTeXML::Core::Whatsit=HASH(0x..." _font="Font[serif,medium,upright,10,r...">...<ltx:subsection _box="LaTeXML::Core::Whatsit=HASH(0x..." _font="Font[serif,medium,upright,9,rg..." inlist="toc" xml:id="S4.SS2" labels="LABEL:appendix:training_throughput" _ID_counter_p_="8" _ID_counter_tab_="1" _ID_counter_g_="1" _ID_counter_fig_="1">...<ltx:subsection _box="LaTeXML::Core::Whatsit=HASH(0x..." _font="Font[serif,medium,upright,9,rg..." inlist="toc" xml:id="S4.SS3" labels="LABEL:sect:experiments_large" _ID_counter_p_="9" _ID_counter_tab_="2" _ID_counter_g_="1" _ID_counter_fig_="1">...<ltx:subsection _box="LaTeXML::Core::Whatsit=HASH(0x..." _font="Font[serif,medium,upright,9,rg..." inlist="toc" xml:id="S4.SS4" _ID_counter_p_="6" _ID_counter_m_="2" _ID_counter_tab_="1">...
	In Core::Document[@0x568946855150] /home/miri/Documents/DataLit/arXiv_src_fetcher/ICLR_2023_first100/-azium0cV9/experiments.tex; from line 199 col 0 to line 199 col 44
	 <= Core::Definition::Constructor[\@@numb... <= Whatsit[\@@numbered@section,Core::Lis... <= Core::Document[@0x568946855150] <= ...
Error:malformed:ltx:section <ltx:section> isn't allowed in <ltx:section>
	at conclusion.tex; line 1 col 0 - line 1 col 20
	Currently in ...<ltx:table _box="LaTeXML::Core::Whatsit=HASH(0x..." _font="Font[serif,medium,upright,10,r...">...<ltx:subsection _box="LaTeXML::Core::Whatsit=HASH(0x..." _font="Font[serif,medium,upright,9,rg..." inlist="toc" xml:id="S4.SS2" labels="LABEL:appendix:training_throughput" _ID_counter_p_="8" _ID_counter_tab_="1" _ID_counter_g_="1" _ID_counter_fig_="1">...<ltx:subsection _box="LaTeXML::Core::Whatsit=HASH(0x..." _font="Font[serif,medium,upright,9,rg..." inlist="toc" xml:id="S4.SS3" labels="LABEL:sect:experiments_large" _ID_counter_p_="9" _ID_counter_tab_="2" _ID_counter_g_="1" _ID_counter_fig_="1">...<ltx:subsection _box="LaTeXML::Core::Whatsit=HASH(0x..." _font="Font[serif,medium,upright,9,rg..." inlist="toc" xml:id="S4.SS4" _ID_counter_p_="6" _ID_counter_m_="2" _ID_counter_tab_="1">...<ltx:section _box="LaTeXML::Core::Whatsit=HASH(0x..." _font="Font[serif,medium,upright,9,rg..." inlist="toc" xml:id="S5" _ID_counter_p_="1">...
	In Core::Document[@0x568946855150] /home/miri/Documents/DataLit/arXiv_src_fetcher/ICLR_2023_first100/-azium0cV9/conclusion.tex; from line 1 col 0 to line 1 col 20
	 <= Core::Definition::Constructor[\lx@bib... <= Whatsit[\lx@bibliography,undef,Core::... <= Core::Document[@0x568946855150] <= ...
Error:malformed:ltx:section <ltx:section> isn't allowed in <ltx:section>
	at conclusion.tex; line 1 col 0 - line 1 col 20
	Currently in ...<ltx:table _box="LaTeXML::Core::Whatsit=HASH(0x..." _font="Font[serif,medium,upright,10,r...">...<ltx:subsection _box="LaTeXML::Core::Whatsit=HASH(0x..." _font="Font[serif,medium,upright,9,rg..." inlist="toc" xml:id="S4.SS2" labels="LABEL:appendix:training_throughput" _ID_counter_p_="8" _ID_counter_tab_="1" _ID_counter_g_="1" _ID_counter_fig_="1">...<ltx:subsection _box="LaTeXML::Core::Whatsit=HASH(0x..." _font="Font[serif,medium,upright,9,rg..." inlist="toc" xml:id="S4.SS3" labels="LABEL:sect:experiments_large" _ID_counter_p_="9" _ID_counter_tab_="2" _ID_counter_g_="1" _ID_counter_fig_="1">...<ltx:subsection _box="LaTeXML::Core::Whatsit=HASH(0x..." _font="Font[serif,medium,upright,9,rg..." inlist="toc" xml:id="S4.SS4" _ID_counter_p_="6" _ID_counter_m_="2" _ID_counter_tab_="1">...<ltx:section _box="LaTeXML::Core::Whatsit=HASH(0x..." _font="Font[serif,medium,upright,9,rg..." inlist="toc" xml:id="S5" _ID_counter_p_="1">...
	In Core::Document[@0x568946855150] /home/miri/Documents/DataLit/arXiv_src_fetcher/ICLR_2023_first100/-azium0cV9/conclusion.tex; from line 1 col 0 to line 1 col 20
	 <= Core::Definition::Constructor[\@@unnu... <= Whatsit[\@@unnumbered@section,Core::L... <= Core::Document[@0x568946855150] <= ...
 4.70 sec)
(Rewriting... 0.03 sec)
(Math Parsing 161 formulae ......
Warning:not_parsed:ADDOP.UNKNOWN.CLOSE>MULOP MathParser failed to match rule 'Anything'
	at supplementary.tex; line 134 col 46 - line 134 col 89
	In "$\gamma\cdot\Delta t+(1-\gamma)\cdot$"
	γ[[UNKNOWN]] ⋅[[MULOP]] Δ[[UNKNOWN]] t[[UNKNOWN]] +[[ADDOP]] ([[OPEN]] 1[[NUMBER]] -[[ADDOP]] γ[[UNKNOWN]] )[[CLOSE]]
	        > ⋅[[MULOP]]
 1.46 sec)
Math parsing succeeded:
   ltx:XMath: 160/161
   ltx:XMArg: 99/99
Symbols assumed as simple identifiers (with # of occurences):
   'B{italic}' (8), 'C{italic}' (2), 'Delta' (3), 'H{italic}' (8), 'L{italic}' (16), 'M{italic}' (2), 'N{italic}' (2), 'O{italic}' (13), 'R{blackboard}' (6), 'S{italic}' (2), 'T{italic}' (7), 'V{italic}' (2), 'W{italic}' (2), 'alpha' (1), 'a{italic}' (7), 'beta' (1), 'b{italic}' (1), 'c{italic}' (8), 'd{italic}' (29), 'eta' (1), 'e{italic}' (11), 'gamma' (5), 'h{italic}' (2), 'i{italic}' (17), 'j{italic}' (3), 'k{italic}' (1), 'l{italic}' (13), 'm{italic}' (39), 'n{italic}' (19), 'o{italic}' (11), 'q{italic}' (10), 'r{italic}' (4), 'sigma' (2), 's{italic}' (14), 't{italic}' (3), 'u{italic}' (4), 'w{bold}' (24), 'xw{bold}' (1), 'x{bold}' (7), 'x{italic}' (7)
Set MATHPARSER_SPECULATE to speculate on possible notations.
(Finalizing... 0.43 sec)
Conversion complete: 5 warnings; 11 errors; 2 undefined macros[\thead, \multirowcell]; 3 missing files[cleveref.sty, tikz.sty, makecell.sty] (See parsed.log) (reqd. 12.77s)
