latexml (LaTeXML version 0.8.8) processing paper_MedIA_revised.tex
(Digesting TeX paper_MedIA_revised...
(Loading /usr/share/perl5/LaTeXML/Package/TeX.pool.ltxml...
(Loading /usr/share/perl5/LaTeXML/Package/eTeX.pool.ltxml... 0.00 sec)
(Loading /usr/share/perl5/LaTeXML/Package/pdfTeX.pool.ltxml... 0.01 sec) 0.12 sec)
(Processing content /home/miri/Documents/university/DataLit/arXiv_src_fetcher/ICLR_2023_first100/-D5TVtzt3fP/paper_MedIA_revised.tex...
(Loading /usr/share/perl5/LaTeXML/Package/LaTeX.pool.ltxml...
(Loading /usr/share/perl5/LaTeXML/Package/textcomp.sty.ltxml...
(Processing definitions /usr/share/texlive/texmf-dist/tex/latex/base/ts1enc.dfu... 0.02 sec) 0.27 sec) 0.44 sec)
(Loading /usr/share/perl5/LaTeXML/Package/elsarticle.cls.ltxml...
(Loading /usr/share/perl5/LaTeXML/Package/article.cls.ltxml... 0.01 sec)
(Loading /usr/share/perl5/LaTeXML/Package/elsart_support_core.sty.ltxml... 0.01 sec)
(Loading /usr/share/perl5/LaTeXML/Package/fleqn.sty.ltxml... 0.00 sec)
(Loading /usr/share/perl5/LaTeXML/Package/graphicx.sty.ltxml...
(Loading /usr/share/perl5/LaTeXML/Package/graphics.sty.ltxml... 0.01 sec) 0.02 sec)
(Loading /usr/share/perl5/LaTeXML/Package/pifont.sty.ltxml... 0.00 sec)
(Loading /usr/share/perl5/LaTeXML/Package/natbib.sty.ltxml... 0.02 sec)
(Loading /usr/share/perl5/LaTeXML/Package/hyperref.sty.ltxml...
(Loading /usr/share/perl5/LaTeXML/Package/ltxcmds.sty.ltxml...
(Processing definitions /usr/share/texlive/texmf-dist/tex/generic/ltxcmds/ltxcmds.sty... 0.07 sec) 0.08 sec)
(Loading /usr/share/perl5/LaTeXML/Package/keyval.sty.ltxml...
(Processing definitions /usr/share/texlive/texmf-dist/tex/latex/graphics/keyval.sty... 0.01 sec) 0.01 sec)
(Loading /usr/share/perl5/LaTeXML/Package/kvsetkeys.sty.ltxml...
(Processing definitions /usr/share/texlive/texmf-dist/tex/latex/kvsetkeys/kvsetkeys.sty... 0.05 sec) 0.05 sec)
(Loading /usr/share/perl5/LaTeXML/Package/kvdefinekeys.sty.ltxml...
(Processing definitions /usr/share/texlive/texmf-dist/tex/generic/kvdefinekeys/kvdefinekeys.sty... 0.02 sec) 0.02 sec)
(Loading /usr/share/perl5/LaTeXML/Package/kvoptions.sty.ltxml...
(Processing definitions /usr/share/texlive/texmf-dist/tex/latex/kvoptions/kvoptions.sty... 0.12 sec) 0.12 sec)
(Loading /usr/share/perl5/LaTeXML/Package/nameref.sty.ltxml...
(Loading /usr/share/perl5/LaTeXML/Package/refcount.sty.ltxml...
(Processing definitions /usr/share/texlive/texmf-dist/tex/latex/refcount/refcount.sty...
(Loading /usr/share/perl5/LaTeXML/Package/infwarerr.sty.ltxml...
(Processing definitions /usr/share/texlive/texmf-dist/tex/generic/infwarerr/infwarerr.sty... 0.04 sec) 0.04 sec) 0.09 sec) 0.09 sec)
(Loading /usr/share/perl5/LaTeXML/Package/gettitlestring.sty.ltxml...
(Processing definitions /usr/share/texlive/texmf-dist/tex/generic/gettitlestring/gettitlestring.sty... 0.11 sec) 0.11 sec) 0.22 sec)
(Loading /usr/share/perl5/LaTeXML/Package/url.sty.ltxml... 0.00 sec)
(Loading /usr/share/perl5/LaTeXML/Package/bitset.sty.ltxml...
(Processing definitions /usr/share/texlive/texmf-dist/tex/generic/bitset/bitset.sty...
(Loading /usr/share/perl5/LaTeXML/Package/intcalc.sty.ltxml...
(Processing definitions /usr/share/texlive/texmf-dist/tex/generic/intcalc/intcalc.sty... 0.04 sec) 0.05 sec)
(Loading /usr/share/perl5/LaTeXML/Package/bigintcalc.sty.ltxml...
(Processing definitions /usr/share/texlive/texmf-dist/tex/generic/bigintcalc/bigintcalc.sty...
(Loading /usr/share/perl5/LaTeXML/Package/pdftexcmds.sty.ltxml...
(Loading /usr/share/perl5/LaTeXML/Package/iftex.sty.ltxml... 0.00 sec) 0.01 sec) 0.14 sec) 0.14 sec) 0.33 sec) 0.33 sec) 0.89 sec) 0.99 sec)
(Loading /usr/share/perl5/LaTeXML/Package/txfonts.sty.ltxml...
(Loading /usr/share/perl5/LaTeXML/Package/amssymb.sty.ltxml...
(Loading /usr/share/perl5/LaTeXML/Package/amsfonts.sty.ltxml... 0.00 sec) 0.02 sec) 0.03 sec)
Warning:missing_file:medima Can't find binding for package medima
	at paper_MedIA_revised.tex; line 46 col 0 - line 46 col 1
	Anticipate undefined macros or environments
	search paths are /home/miri/Documents/university/DataLit/arXiv_src_fetcher/ICLR_2023_first100/-D5TVtzt3fP
	In Core::Definition::Constructor[\usepac... /usr/share/perl5/LaTeXML/Package/LaTeX.pool.ltxml; line 879
Info:dependencies:dependencies Loading dependencies for /home/miri/Documents/university/DataLit/arXiv_src_fetcher/ICLR_2023_first100/-D5TVtzt3fP/medima.sty: geometry,multirow,color
	at paper_MedIA_revised.tex; line 46 col 0 - line 46 col 1
(Loading /usr/share/perl5/LaTeXML/Package/geometry.sty.ltxml...
(Loading /usr/share/perl5/LaTeXML/Package/ifpdf.sty.ltxml... 0.00 sec)
(Loading /usr/share/perl5/LaTeXML/Package/ifvtex.sty.ltxml... 0.01 sec)
(Loading /usr/share/perl5/LaTeXML/Package/ifxetex.sty.ltxml... 0.00 sec) 0.03 sec)
(Loading /usr/share/perl5/LaTeXML/Package/multirow.sty.ltxml... 0.00 sec)
(Loading /usr/share/perl5/LaTeXML/Package/color.sty.ltxml... 0.01 sec)
(Loading /usr/share/perl5/LaTeXML/Package/framed.sty.ltxml... 0.01 sec)
(Loading /usr/share/perl5/LaTeXML/Package/latexsym.sty.ltxml... 0.00 sec)
(Loading /usr/share/perl5/LaTeXML/Package/booktabs.sty.ltxml... 0.01 sec)
(Loading /usr/share/perl5/LaTeXML/Package/tabularx.sty.ltxml...
(Loading /usr/share/perl5/LaTeXML/Package/array.sty.ltxml... 0.00 sec) 0.01 sec)
(Loading /usr/share/perl5/LaTeXML/Package/amsmath.sty.ltxml...
(Loading /usr/share/perl5/LaTeXML/Package/amsbsy.sty.ltxml...
(Loading /usr/share/perl5/LaTeXML/Package/amsgen.sty.ltxml... 0.00 sec) 0.01 sec)
(Loading /usr/share/perl5/LaTeXML/Package/amstext.sty.ltxml... 0.00 sec)
(Loading /usr/share/perl5/LaTeXML/Package/amsopn.sty.ltxml... 0.01 sec) 0.06 sec)
(Loading /usr/share/perl5/LaTeXML/Package/float.sty.ltxml... 0.00 sec)
(Loading /usr/share/perl5/LaTeXML/Package/soul.sty.ltxml... 0.00 sec)
(Loading /usr/share/perl5/LaTeXML/Package/algorithm2e.sty.ltxml...
(Processing definitions /usr/share/texlive/texmf-dist/tex/latex/algorithm2e/algorithm2e.sty...
(Loading /usr/share/perl5/LaTeXML/Package/ifthen.sty.ltxml...
(Processing definitions /usr/share/texlive/texmf-dist/tex/latex/base/ifthen.sty... 0.01 sec) 0.02 sec)
(Processing definitions /usr/share/texlive/texmf-dist/tex/latex/ifoddpage/ifoddpage.sty... 0.00 sec)
(Loading /usr/share/perl5/LaTeXML/Package/xspace.sty.ltxml... 0.00 sec)
(Loading /usr/share/perl5/LaTeXML/Package/relsize.sty.ltxml... 0.00 sec) 0.69 sec) 0.71 sec)
(Loading /usr/share/perl5/LaTeXML/Package/xcolor.sty.ltxml... 0.04 sec)
Warning:missing_file:qting Can't find binding for package qting
	at paper_MedIA_revised.tex; line 68 col 11 - line 68 col 11
	Anticipate undefined macros or environments
	In Core::Definition::Constructor[\usepac... /usr/share/perl5/LaTeXML/Package/LaTeX.pool.ltxml; line 879
Error:undefined:\verso The token T_CS[\verso] is not defined.
	at paper_MedIA_revised.tex; line 76 col 6 - line 76 col 6
	Defining it now as <ltx:ERROR/>
	Next token is T_BEGIN[{] ( == T_BEGIN[{])
	In Core::Gullet[@0x59b60ae71128] /home/miri/Documents/university/DataLit/arXiv_src_fetcher/ICLR_2023_first100/-D5TVtzt3fP/paper_MedIA_revised.tex; from line 76 col 7 to line 76 col 7
	 <= Core::Stomach[@0x59b60ae70bb8] <= ...
Error:undefined:\snm The token T_CS[\snm] is not defined.
	at paper_MedIA_revised.tex; line 85 col 0 - line 85 col 42
	Defining it now as <ltx:ERROR/>
	Next token is T_BEGIN[{] ( == T_BEGIN[{]) more: Kong}\corref{cor1}
	In Core::Gullet[@0x59b60ae71128] /home/miri/Documents/university/DataLit/arXiv_src_fetcher/ICLR_2023_first100/-D5TVtzt3fP/paper_MedIA_revised.tex; from line 85 col 0 to line 85 col 42
	 <= Core::Stomach[@0x59b60ae70bb8] <= Core::Definition::Constructor[\@perso... <= Core::Stomach[@0x59b60ae70bb8] <= ...
Error:undefined:\q The token T_CS[\q] is not defined.
	at paper_MedIA_revised.tex; line 100 col 1007 - line 100 col 1007
	Defining it now as <ltx:ERROR/>
	Next token is T_BEGIN[{] ( == T_BEGIN[{])
	In Core::Gullet[@0x59b60ae71128] /home/miri/Documents/university/DataLit/arXiv_src_fetcher/ICLR_2023_first100/-D5TVtzt3fP/paper_MedIA_revised.tex; from line 100 col 1008 to line 100 col 1008
	 <= Core::Stomach[@0x59b60ae70bb8] <= Core::Definition::Constructor[\begin{... <= Core::Stomach[@0x59b60ae70bb8] <= ...
Error:undefined:\KWD The token T_CS[\KWD] is not defined.
	at paper_MedIA_revised.tex; line 110 col 4 - line 110 col 4
	Defining it now as <ltx:ERROR/>
	Next token is T_LETTER[W] ( == T_LETTER[W])
	In Core::Gullet[@0x59b60ae71128] /home/miri/Documents/university/DataLit/arXiv_src_fetcher/ICLR_2023_first100/-D5TVtzt3fP/paper_MedIA_revised.tex; from line 110 col 6 to line 110 col 6
	 <= Core::Definition::Expandable[\@keywor... <= Core::Gullet[@0x59b60ae71128] <= Core::Stomach[@0x59b60ae70bb8] <= ...
Error:unexpected:_ Script _ can only appear in math mode
	at paper_MedIA_revised.tex; line 134 col 429 - line 134 col 429
	In Core::Definition::Primitive[Subscript] /usr/share/perl5/LaTeXML/Package/TeX.pool.ltxml; line 4440
	 <= Core::Stomach[@0x59b60ae70bb8] <= Core::Definition::Primitive[Begin] <= Core::Stomach[@0x59b60ae70bb8] <= ...
Error:unexpected:_ Script _ can only appear in math mode
	at paper_MedIA_revised.tex; line 135 col 10 - line 135 col 10
	In Core::Definition::Primitive[Subscript] /usr/share/perl5/LaTeXML/Package/TeX.pool.ltxml; line 4440
	 <= Core::Stomach[@0x59b60ae70bb8] <= Core::Definition::Primitive[Begin] <= Core::Stomach[@0x59b60ae70bb8] <= ...
Error:unexpected:_ Script _ can only appear in math mode
	at paper_MedIA_revised.tex; line 194 col 1019 - line 194 col 1019
	In Core::Definition::Primitive[Subscript] /usr/share/perl5/LaTeXML/Package/TeX.pool.ltxml; line 4440
	 <= Core::Stomach[@0x59b60ae70bb8] <= Core::Definition::Primitive[Begin] <= Core::Stomach[@0x59b60ae70bb8] <= ...
Error:unexpected:_ Script _ can only appear in math mode
	at paper_MedIA_revised.tex; line 197 col 714 - line 197 col 714
	In Core::Definition::Primitive[Subscript] /usr/share/perl5/LaTeXML/Package/TeX.pool.ltxml; line 4440
	 <= Core::Stomach[@0x59b60ae70bb8] <= Core::Definition::Primitive[Begin] <= Core::Stomach[@0x59b60ae70bb8] <= ...
Error:unexpected:_ Script _ can only appear in math mode
	at paper_MedIA_revised.tex; line 200 col 276 - line 200 col 276
	In Core::Definition::Primitive[Subscript] /usr/share/perl5/LaTeXML/Package/TeX.pool.ltxml; line 4440
	 <= Core::Stomach[@0x59b60ae70bb8] <= Core::Definition::Primitive[Begin] <= Core::Stomach[@0x59b60ae70bb8] <= ...
Error:unexpected:_ Script _ can only appear in math mode
	at paper_MedIA_revised.tex; line 458 col 236 - line 458 col 236
	In Core::Definition::Primitive[Subscript] /usr/share/perl5/LaTeXML/Package/TeX.pool.ltxml; line 4440
	 <= Core::Stomach[@0x59b60ae70bb8] <= Core::Definition::Primitive[Begin] <= Core::Stomach[@0x59b60ae70bb8] <= ...
Error:unexpected:_ Script _ can only appear in math mode
	at paper_MedIA_revised.tex; line 458 col 240 - line 458 col 240
	In Core::Definition::Primitive[Subscript] /usr/share/perl5/LaTeXML/Package/TeX.pool.ltxml; line 4440
	 <= Core::Stomach[@0x59b60ae70bb8] <= Core::Definition::Primitive[Begin] <= Core::Stomach[@0x59b60ae70bb8] <= ...
Error:unexpected:_ Script _ can only appear in math mode
	at paper_MedIA_revised.tex; line 524 col 8 - line 524 col 8
	In Core::Definition::Primitive[Subscript] /usr/share/perl5/LaTeXML/Package/TeX.pool.ltxml; line 4440
	 <= Core::Stomach[@0x59b60ae70bb8] <= Core::Definition::Primitive[Begin] <= Core::Stomach[@0x59b60ae70bb8] <= ...
Error:unexpected:_ Script _ can only appear in math mode
	at paper_MedIA_revised.tex; line 525 col 9 - line 525 col 9
	In Core::Definition::Primitive[Subscript] /usr/share/perl5/LaTeXML/Package/TeX.pool.ltxml; line 4440
	 <= Core::Stomach[@0x59b60ae70bb8] <= Core::Definition::Primitive[Begin] <= Core::Stomach[@0x59b60ae70bb8] <= ...
Error:unexpected:_ Script _ can only appear in math mode
	at paper_MedIA_revised.tex; line 527 col 9 - line 527 col 9
	In Core::Definition::Primitive[Subscript] /usr/share/perl5/LaTeXML/Package/TeX.pool.ltxml; line 4440
	 <= Core::Stomach[@0x59b60ae70bb8] <= Core::Definition::Primitive[Begin] <= Core::Stomach[@0x59b60ae70bb8] <= ...
Error:unexpected:_ Script _ can only appear in math mode
	at paper_MedIA_revised.tex; line 654 col 498 - line 654 col 498
	In Core::Definition::Primitive[Subscript] /usr/share/perl5/LaTeXML/Package/TeX.pool.ltxml; line 4440
	 <= Core::Stomach[@0x59b60ae70bb8] <= Core::Definition::Primitive[Begin] <= Core::Stomach[@0x59b60ae70bb8] <= ...
Error:unexpected:_ Script _ can only appear in math mode
	at paper_MedIA_revised.tex; line 684 col 7 - line 684 col 7
	In Core::Definition::Primitive[Subscript] /usr/share/perl5/LaTeXML/Package/TeX.pool.ltxml; line 4440
	 <= Core::Stomach[@0x59b60ae70bb8] <= Core::Definition::Primitive[Begin] <= Core::Stomach[@0x59b60ae70bb8] <= ...
Info:expected:refs Couldn't find all bib files, using paper_MedIA_revised.bbl instead
	at paper_MedIA_revised.tex; line 856 col 0 - line 856 col 19
(Processing content /home/miri/Documents/university/DataLit/arXiv_src_fetcher/ICLR_2023_first100/-D5TVtzt3fP/paper_MedIA_revised.bbl... 1.53 sec) 10.79 sec) 11.01 sec)
(Building...
(Loading compiled schema /usr/share/perl5/LaTeXML/resources/RelaxNG/LaTeXML.model... 0.01 sec) 5.99 sec)
(Rewriting... 0.06 sec)
(Math Parsing 291 formulae ...... 2.30 sec)
Math parsing succeeded:
   ltx:XMArg: 276/276
   ltx:XMath: 291/291
   ltx:XMWrap: 2/2
Symbols assumed as simple identifiers (with # of occurences):
   'A{italic}' (6), 'B{italic}' (3), 'D{italic}' (4), 'E{caligraphic}' (2), 'G{bold}' (22), 'I{italic}' (35), 'K{italic}' (1), 'Lambda' (4), 'L{caligraphic}' (15), 'L{italic}' (10), 'M{caligraphic}' (1), 'N{caligraphic}' (8), 'N{italic}' (6), 'P{bold}' (30), 'P{italic}' (1), 'R{blackboard}' (4), 'T{italic}' (7), 'U{italic}' (12), 'V{caligraphic}' (4), 'a{italic}' (10), 'beta' (2), 'c{italic}' (9), 'd{italic}' (8), 'e{italic}' (9), 'f{italic}' (14), 'g{bold}' (18), 'g{italic}' (8), 'h{italic}' (4), 'i{italic}' (17), 'j{italic}' (3), 'k{bold}' (9), 'k{italic}' (3), 'lambda' (13), 'l{italic}' (5), 'mu' (2), 'm{italic}' (12), 'n{bold}' (5), 'n{italic}' (19), 'o{italic}' (19), 'p{bold}' (37), 'p{italic}' (7), 'r{italic}' (6), 'sigma' (2), 's{italic}' (4), 'theta' (6), 't{italic}' (11), 'u{italic}' (10), 'v{italic}' (3), 'x{italic}' (14), 'y{italic}' (3)
Set MATHPARSER_SPECULATE to speculate on possible notations.
(Finalizing... 0.48 sec)
Conversion complete: 2 warnings; 16 errors; 4 undefined macros[\snm, \q, \KWD, \verso]; 2 missing files[qting.sty, medima.sty] (See parsed.log) (reqd. 20.24s)
